This is pdfTeX, Version 3.141592653-2.6-1.40.25 (TeX Live 2023) (preloaded format=pdflatex 2023.4.17)  23 MAY 2023 13:33
entering extended mode
 restricted \write18 enabled.
 %&-line parsing enabled.
**flu.tex
(./flu.tex
LaTeX2e <2022-11-01> patch level 1
L3 programming layer <2023-03-30>
(c:/texlive/2023/texmf-dist/tex/latex/base/article.cls
Document Class: article 2022/07/02 v1.4n Standard LaTeX document class
(c:/texlive/2023/texmf-dist/tex/latex/base/size12.clo
File: size12.clo 2022/07/02 v1.4n Standard LaTeX file (size option)
)
\c@part=\count185
\c@section=\count186
\c@subsection=\count187
\c@subsubsection=\count188
\c@paragraph=\count189
\c@subparagraph=\count190
\c@figure=\count191
\c@table=\count192
\abovecaptionskip=\skip48
\belowcaptionskip=\skip49
\bibindent=\dimen140
)
(c:/texlive/2023/texmf-dist/tex/latex/graphics/graphicx.sty
Package: graphicx 2021/09/16 v1.2d Enhanced LaTeX Graphics (DPC,SPQR)

(c:/texlive/2023/texmf-dist/tex/latex/graphics/keyval.sty
Package: keyval 2022/05/29 v1.15 key=value parser (DPC)
\KV@toks@=\toks16
)
(c:/texlive/2023/texmf-dist/tex/latex/graphics/graphics.sty
Package: graphics 2022/03/10 v1.4e Standard LaTeX Graphics (DPC,SPQR)

(c:/texlive/2023/texmf-dist/tex/latex/graphics/trig.sty
Package: trig 2021/08/11 v1.11 sin cos tan (DPC)
)
(c:/texlive/2023/texmf-dist/tex/latex/graphics-cfg/graphics.cfg
File: graphics.cfg 2016/06/04 v1.11 sample graphics configuration
)
Package graphics Info: Driver file: pdftex.def on input line 107.

(c:/texlive/2023/texmf-dist/tex/latex/graphics-def/pdftex.def
File: pdftex.def 2022/09/22 v1.2b Graphics/color driver for pdftex
))
\Gin@req@height=\dimen141
\Gin@req@width=\dimen142
)
(c:/texlive/2023/texmf-dist/tex/latex/amsmath/amsmath.sty
Package: amsmath 2022/04/08 v2.17n AMS math features
\@mathmargin=\skip50

For additional information on amsmath, use the `?' option.
(c:/texlive/2023/texmf-dist/tex/latex/amsmath/amstext.sty
Package: amstext 2021/08/26 v2.01 AMS text

(c:/texlive/2023/texmf-dist/tex/latex/amsmath/amsgen.sty
File: amsgen.sty 1999/11/30 v2.0 generic functions
\@emptytoks=\toks17
\ex@=\dimen143
))
(c:/texlive/2023/texmf-dist/tex/latex/amsmath/amsbsy.sty
Package: amsbsy 1999/11/29 v1.2d Bold Symbols
\pmbraise@=\dimen144
)
(c:/texlive/2023/texmf-dist/tex/latex/amsmath/amsopn.sty
Package: amsopn 2022/04/08 v2.04 operator names
)
\inf@bad=\count193
LaTeX Info: Redefining \frac on input line 234.
\uproot@=\count194
\leftroot@=\count195
LaTeX Info: Redefining \overline on input line 399.
LaTeX Info: Redefining \colon on input line 410.
\classnum@=\count196
\DOTSCASE@=\count197
LaTeX Info: Redefining \ldots on input line 496.
LaTeX Info: Redefining \dots on input line 499.
LaTeX Info: Redefining \cdots on input line 620.
\Mathstrutbox@=\box51
\strutbox@=\box52
LaTeX Info: Redefining \big on input line 722.
LaTeX Info: Redefining \Big on input line 723.
LaTeX Info: Redefining \bigg on input line 724.
LaTeX Info: Redefining \Bigg on input line 725.
\big@size=\dimen145
LaTeX Font Info:    Redeclaring font encoding OML on input line 743.
LaTeX Font Info:    Redeclaring font encoding OMS on input line 744.
\macc@depth=\count198
LaTeX Info: Redefining \bmod on input line 905.
LaTeX Info: Redefining \pmod on input line 910.
LaTeX Info: Redefining \smash on input line 940.
LaTeX Info: Redefining \relbar on input line 970.
LaTeX Info: Redefining \Relbar on input line 971.
\c@MaxMatrixCols=\count199
\dotsspace@=\muskip16
\c@parentequation=\count266
\dspbrk@lvl=\count267
\tag@help=\toks18
\row@=\count268
\column@=\count269
\maxfields@=\count270
\andhelp@=\toks19
\eqnshift@=\dimen146
\alignsep@=\dimen147
\tagshift@=\dimen148
\tagwidth@=\dimen149
\totwidth@=\dimen150
\lineht@=\dimen151
\@envbody=\toks20
\multlinegap=\skip51
\multlinetaggap=\skip52
\mathdisplay@stack=\toks21
LaTeX Info: Redefining \[ on input line 2953.
LaTeX Info: Redefining \] on input line 2954.
)
(c:/texlive/2023/texmf-dist/tex/latex/wrapfig/wrapfig.sty
\wrapoverhang=\dimen152
\WF@size=\dimen153
\c@WF@wrappedlines=\count271
\WF@box=\box53
\WF@everypar=\toks22
Package: wrapfig 2003/01/31  v 3.6
)
(c:/texlive/2023/texmf-dist/tex/latex/preprint/fullpage.sty
Package: fullpage 1999/02/23 1.1 (PWD)
\FP@margin=\skip53
)
(c:/texlive/2023/texmf-dist/tex/latex/tools/layout.sty
Package: layout 2021-03-10 v1.2e Show layout parameters
\oneinch=\count272
\cnt@paperwidth=\count273
\cnt@paperheight=\count274
\cnt@hoffset=\count275
\cnt@voffset=\count276
\cnt@textheight=\count277
\cnt@textwidth=\count278
\cnt@topmargin=\count279
\cnt@oddsidemargin=\count280
\cnt@evensidemargin=\count281
\cnt@headheight=\count282
\cnt@headsep=\count283
\cnt@marginparsep=\count284
\cnt@marginparwidth=\count285
\cnt@marginparpush=\count286
\cnt@footskip=\count287
\fheight=\count288
\ref@top=\count289
\ref@hoffset=\count290
\ref@voffset=\count291
\ref@head=\count292
\ref@body=\count293
\ref@foot=\count294
\ref@margin=\count295
\ref@marginwidth=\count296
\ref@marginpar=\count297
\Interval=\count298
\ExtraYPos=\count299
\PositionX=\count300
\PositionY=\count301
\ArrowLength=\count302
)
(c:/texlive/2023/texmf-dist/tex/latex/tools/indentfirst.sty
Package: indentfirst 1995/11/23 v1.03 Indent first paragraph (DPC)
)
(c:/texlive/2023/texmf-dist/tex/latex/placeins/placeins.sty
Package: placeins 2005/04/18  v 2.2
)
(c:/texlive/2023/texmf-dist/tex/latex/l3backend/l3backend-pdftex.def
File: l3backend-pdftex.def 2023-03-30 L3 backend support: PDF output (pdfTeX)
\l__color_backend_stack_int=\count303
\l__pdf_internal_box=\box54
)
(./flu.aux)
\openout1 = `flu.aux'.

LaTeX Font Info:    Checking defaults for OML/cmm/m/it on input line 9.
LaTeX Font Info:    ... okay on input line 9.
LaTeX Font Info:    Checking defaults for OMS/cmsy/m/n on input line 9.
LaTeX Font Info:    ... okay on input line 9.
LaTeX Font Info:    Checking defaults for OT1/cmr/m/n on input line 9.
LaTeX Font Info:    ... okay on input line 9.
LaTeX Font Info:    Checking defaults for T1/cmr/m/n on input line 9.
LaTeX Font Info:    ... okay on input line 9.
LaTeX Font Info:    Checking defaults for TS1/cmr/m/n on input line 9.
LaTeX Font Info:    ... okay on input line 9.
LaTeX Font Info:    Checking defaults for OMX/cmex/m/n on input line 9.
LaTeX Font Info:    ... okay on input line 9.
LaTeX Font Info:    Checking defaults for U/cmr/m/n on input line 9.
LaTeX Font Info:    ... okay on input line 9.
 (c:/texlive/2023/texmf-dist/tex/context/base/mkii/supp-pdf.mkii
[Loading MPS to PDF converter (version 2006.09.02).]
\scratchcounter=\count304
\scratchdimen=\dimen154
\scratchbox=\box55
\nofMPsegments=\count305
\nofMParguments=\count306
\everyMPshowfont=\toks23
\MPscratchCnt=\count307
\MPscratchDim=\dimen155
\MPnumerator=\count308
\makeMPintoPDFobject=\count309
\everyMPtoPDFconversion=\toks24
) (c:/texlive/2023/texmf-dist/tex/latex/epstopdf-pkg/epstopdf-base.sty
Package: epstopdf-base 2020-01-24 v2.11 Base part for package epstopdf
Package epstopdf-base Info: Redefining graphics rule for `.eps' on input line 4
85.

(c:/texlive/2023/texmf-dist/tex/latex/latexconfig/epstopdf-sys.cfg
File: epstopdf-sys.cfg 2010/07/13 v1.3 Configuration of (r)epstopdf for TeX Liv
e
))
<../Pictures/cdc_model.png, id=1, 440.39531pt x 435.12563pt>
File: ../Pictures/cdc_model.png Graphic file (type png)
<use ../Pictures/cdc_model.png>
Package pdftex.def Info: ../Pictures/cdc_model.png  used on input line 24.
(pdftex.def)             Requested size: 230.46576pt x 227.70738pt.
 [1

{c:/texlive/2023/texmf-var/fonts/map/pdftex/updmap/pdftex.map} <../Pictures/cdc
_model.PNG>]
<../Pictures/so_country_corrs.png, id=13, 530.58224pt x 289.68225pt>
File: ../Pictures/so_country_corrs.png Graphic file (type png)
<use ../Pictures/so_country_corrs.png>
Package pdftex.def Info: ../Pictures/so_country_corrs.png  used on input line 5
5.
(pdftex.def)             Requested size: 397.9357pt x 217.26114pt.
 [2 <../Pictures/so_country_corrs.PNG>]
<../Pictures/flu_cases.png, id=19, 528.7755pt x 316.7835pt>
File: ../Pictures/flu_cases.png Graphic file (type png)
<use ../Pictures/flu_cases.png>
Package pdftex.def Info: ../Pictures/flu_cases.png  used on input line 73.
(pdftex.def)             Requested size: 396.58066pt x 237.58704pt.
 [3 <../Pictures/flu_cases.PNG>]
[4]
<../Pictures/lstm_diagram.png, id=31, 186.6975pt x 305.34074pt>
File: ../Pictures/lstm_diagram.png Graphic file (type png)
<use ../Pictures/lstm_diagram.png>
Package pdftex.def Info: ../Pictures/lstm_diagram.png  used on input line 131.
(pdftex.def)             Requested size: 128.0374pt x 209.41339pt.

Overfull \hbox (1.66464pt too wide) in paragraph at lines 137--138
[][]\OT1/cmr/m/n/12 This is an in-put ten-sor of shape $[\OML/cmm/m/it/12 T[]; 
\OT1/cmr/m/n/12 26\OML/cmm/m/it/12 ; \OT1/cmr/m/n/12 6]$
 []

<../Pictures/hy_model.png, id=32, 635.37375pt x 443.40656pt>
File: ../Pictures/hy_model.png Graphic file (type png)
<use ../Pictures/hy_model.png>
Package pdftex.def Info: ../Pictures/hy_model.png  used on input line 147.
(pdftex.def)             Requested size: 317.6861pt x 221.70273pt.
[5 <../Pictures/lstm_diagram.PNG> <../Pictures/hy_model.PNG>]
<../Pictures/flu_train.png, id=38, 524.55975pt x 299.9205pt>
File: ../Pictures/flu_train.png Graphic file (type png)
<use ../Pictures/flu_train.png>
Package pdftex.def Info: ../Pictures/flu_train.png  used on input line 164.
(pdftex.def)             Requested size: 314.73827pt x 179.95367pt.
<../Pictures/lstm_model.png, id=39, 640.64343pt x 442.65375pt>
File: ../Pictures/lstm_model.png Graphic file (type png)
<use ../Pictures/lstm_model.png>
Package pdftex.def Info: ../Pictures/lstm_model.png  used on input line 174.
(pdftex.def)             Requested size: 384.38902pt x 265.59428pt.
 [6 <../Pictures/flu_train.PNG> <../Pictures/lstm_model.PNG>]
<../Pictures/flu_models.png, id=45, 686.565pt x 444.15938pt>
File: ../Pictures/flu_models.png Graphic file (type png)
<use ../Pictures/flu_models.png>
Package pdftex.def Info: ../Pictures/flu_models.png  used on input line 190.
(pdftex.def)             Requested size: 514.92249pt x 333.1187pt.

Overfull \hbox (2.77286pt too wide) in paragraph at lines 190--191
 [][] 
 []

[7 <../Pictures/flu_models.PNG>] (./flu.aux) ) 
Here is how much of TeX's memory you used:
 2346 strings out of 476017
 37617 string characters out of 5793766
 1862660 words of memory out of 5000000
 22798 multiletter control sequences out of 15000+600000
 518273 words of font info for 53 fonts, out of 8000000 for 9000
 1141 hyphenation exceptions out of 8191
 57i,10n,62p,1325b,273s stack positions out of 10000i,1000n,20000p,200000b,200000s
<c:/texlive/2023/texmf-dist/fonts
/type1/public/amsfonts/cm/cmbx12.pfb><c:/texlive/2023/texmf-dist/fonts/type1/pu
blic/amsfonts/cm/cmex10.pfb><c:/texlive/2023/texmf-dist/fonts/type1/public/amsf
onts/cm/cmmi12.pfb><c:/texlive/2023/texmf-dist/fonts/type1/public/amsfonts/cm/c
mmi6.pfb><c:/texlive/2023/texmf-dist/fonts/type1/public/amsfonts/cm/cmmi8.pfb><
c:/texlive/2023/texmf-dist/fonts/type1/public/amsfonts/cm/cmr12.pfb><c:/texlive
/2023/texmf-dist/fonts/type1/public/amsfonts/cm/cmr17.pfb><c:/texlive/2023/texm
f-dist/fonts/type1/public/amsfonts/cm/cmr8.pfb><c:/texlive/2023/texmf-dist/font
s/type1/public/amsfonts/cm/cmsy10.pfb>
Output written on flu.pdf (7 pages, 886197 bytes).
PDF statistics:
 90 PDF objects out of 1000 (max. 8388607)
 46 compressed objects within 1 object stream
 0 named destinations out of 1000 (max. 500000)
 41 words of extra memory for PDF output out of 10000 (max. 10000000)

