starting log for model: C:\Users\christopher.johnson\Documents\GitHub\flu\gru.pth
Train loss: 14.303111189953256 Val loss: 2.1654149584210245 Time: 0.9295877999393269
Train loss: 13.955486456860319 Val loss: 2.1323846344530466 Time: 0.9190649999072775
Train loss: 13.22935132231055 Val loss: 2.047891724049933 Time: 0.8946753999916837
Train loss: 11.241963898550495 Val loss: 1.7730386111070402 Time: 0.8453624000540003
Train loss: 8.210857375810633 Val loss: 1.414436504128389 Time: 0.8800205999286845
Train loss: 7.017144070939189 Val loss: 1.234070729744417 Time: 0.8712758000474423
Train loss: 6.467081938400408 Val loss: 1.1185920411953703 Time: 0.8809045000234619
Train loss: 6.102840091920047 Val loss: 1.0320460665388964 Time: 0.831189600052312
Train loss: 5.7463556699484695 Val loss: 0.9573095521482173 Time: 0.8436825999524444
Train loss: 5.461361879902089 Val loss: 0.898635799792828 Time: 0.8753815999953076
Train loss: 5.197336918342266 Val loss: 0.8415442302723477 Time: 0.8561413999414071
Train loss: 5.069244720453122 Val loss: 0.8035158298444003 Time: 0.8706581000005826
Train loss: 4.818504798294878 Val loss: 0.7610723167454125 Time: 0.8914318999741226
Train loss: 4.661424853160822 Val loss: 0.7293766000061623 Time: 0.8658471000380814
Train loss: 4.530791708114483 Val loss: 0.6958559191261884 Time: 0.8446404999122024
Train loss: 4.228441081823386 Val loss: 0.6680186758749187 Time: 0.8285727000329643
Train loss: 4.205317952880451 Val loss: 0.6462760710273869 Time: 0.824985499959439
Train loss: 4.040715583099491 Val loss: 0.6310331793501973 Time: 0.8601893000304699
Train loss: 3.9481867114236557 Val loss: 0.6173801813274622 Time: 0.8290005000308156
Train loss: 3.818479168744396 Val loss: 0.6131527137476951 Time: 0.8565177000127733
Train loss: 3.6297798086091984 Val loss: 0.6094765348825604 Time: 0.8655750000616536
Train loss: 3.5831284665592253 Val loss: 0.6005872960668057 Time: 0.8761045999126509
Train loss: 3.446873500565996 Val loss: 0.601850742008537 Time: 0.8679962999885902
Train loss: 3.3419757683099887 Val loss: 0.6027268065372482 Time: 0.8818095000460744
Train loss: 3.2996563304171844 Val loss: 0.5979344845982268 Time: 0.8603734000353143
Train loss: 3.218466147517014 Val loss: 0.6089903623797 Time: 0.8339582000626251
Train loss: 3.044969341605107 Val loss: 0.6005378601839766 Time: 0.8582125999964774
Train loss: 3.0593103515033895 Val loss: 0.6062462952977512 Time: 0.8762841999996454
Train loss: 2.9159554746871157 Val loss: 0.6215482680418063 Time: 0.8880132000194862
Train loss: 2.903438810703432 Val loss: 0.6145690796838608 Time: 0.8756417999975383
Train loss: 2.8159837761334146 Val loss: 0.619263273807519 Time: 0.9226651000790298
Train loss: 2.799821935591784 Val loss: 0.630264948867989 Time: 0.8376706000417471
Train loss: 2.7609637671045304 Val loss: 0.6195413669665868 Time: 0.8656794000416994
Train loss: 2.605125827834202 Val loss: 0.6268225678759336 Time: 0.8484862999757752
Train loss: 2.676530205840878 Val loss: 0.6556380393740255 Time: 0.8682962000602856
Train loss: 2.6222287635122434 Val loss: 0.6452267587883398 Time: 0.9014561999356374
Train loss: 2.499543066375845 Val loss: 0.6464084059116431 Time: 0.9660017000278458
Train loss: 2.5255416782952933 Val loss: 0.6672661725315265 Time: 0.8651969000929967
Train loss: 2.4758999085556423 Val loss: 0.6609457842132542 Time: 0.8586629000492394
Train loss: 2.5131522082338127 Val loss: 0.6749361391994171 Time: 0.9620190999703482
Train loss: 2.4318670545985572 Val loss: 0.6716119375487324 Time: 0.8653108000289649
Train loss: 2.4021577109777867 Val loss: 0.7042795371817192 Time: 0.9008398000150919
Train loss: 2.4127673879702316 Val loss: 0.6918456445782795 Time: 0.873182800016366
Train loss: 2.3724506277615305 Val loss: 0.6799952475557802 Time: 0.9127599999774247
Train loss: 2.315987171516622 Val loss: 0.6843040355925041 Time: 0.8400336999911815
Train loss: 2.3413950076656773 Val loss: 0.7055519846362586 Time: 0.8450282999547198
Train loss: 2.2600511481456245 Val loss: 0.7101759375473193 Time: 0.9240518999285996
Train loss: 2.254001729242108 Val loss: 0.7217370059443056 Time: 0.8424802999943495
Train loss: 2.163479200209439 Val loss: 0.706910991211771 Time: 0.8729302000720054
Train loss: 2.150235885563216 Val loss: 0.7537410572986118 Time: 0.8303032000549138
Train loss: 2.15312227948613 Val loss: 0.7418673239881173 Time: 0.8795208999654278
Train loss: 2.12362126546693 Val loss: 0.7405170782585628 Time: 0.8782813000725582
Train loss: 2.1438752621337875 Val loss: 0.7371376717928797 Time: 0.8488192999502644
Train loss: 2.065475125630833 Val loss: 0.7615250558592379 Time: 0.8664834999945015
Train loss: 2.038246400363721 Val loss: 0.766322890878655 Time: 0.8424510000040755
Train loss: 2.118693508814136 Val loss: 0.7784423490520567 Time: 0.8830086000962183
Train loss: 2.066416503549181 Val loss: 0.7814646838232875 Time: 0.8483436000533402
Train loss: 1.9290142963699206 Val loss: 0.795179400825873 Time: 0.8653221999993548
Train loss: 1.9620645256813205 Val loss: 0.7794343444984406 Time: 0.8619260999839753
Train loss: 2.0268896318979985 Val loss: 0.7985785193741322 Time: 0.874638699926436
Train loss: 1.8670125410955047 Val loss: 0.7937711849808693 Time: 0.8933921999996528
Train loss: 2.0345693580212405 Val loss: 0.8053101301193237 Time: 0.926140800002031
Train loss: 1.9351367631312693 Val loss: 0.8050513798370957 Time: 0.874754499993287
Train loss: 1.9602558148925366 Val loss: 0.8593340936349705 Time: 0.865615600021556
Train loss: 1.8908996928511221 Val loss: 0.827965781558305 Time: 0.9105316000059247
Train loss: 1.8500113863873136 Val loss: 0.8487313288496807 Time: 0.87257640005555
Train loss: 1.8623069651687947 Val loss: 0.841503425501287 Time: 0.9232935000909492
Train loss: 1.7648006250152735 Val loss: 0.8613441202323884 Time: 0.8685355000197887
Train loss: 1.8070735626126115 Val loss: 0.8686499225441366 Time: 0.833922200021334
Train loss: 1.7574271198361806 Val loss: 0.9027527131838724 Time: 0.9809109999332577
Train loss: 1.7454806982516944 Val loss: 0.8917000168585218 Time: 0.8849198999814689
Train loss: 1.7589094263035268 Val loss: 0.8940080566098914 Time: 0.8373414999805391
Train loss: 1.7319064259093246 Val loss: 0.8912758990190923 Time: 0.8853336001047865
Train loss: 1.6518232563222144 Val loss: 0.9212574241682887 Time: 0.8834252000087872
Train loss: 1.6400473061444139 Val loss: 0.9731671505287522 Time: 0.9198241999838501
Train loss: 1.6482208200294077 Val loss: 0.9568599801277742 Time: 0.862315500038676
Train loss: 1.6345604698214087 Val loss: 0.9778856928169262 Time: 0.8458041000412777
Train loss: 1.6039035765275864 Val loss: 0.9792898294981569 Time: 0.878586900071241
Train loss: 1.6116519048368132 Val loss: 0.9745823488628957 Time: 0.8879225000273436
Train loss: 1.4965707580888292 Val loss: 0.99342693708968 Time: 0.8518521999940276
Train loss: 1.5798877133301303 Val loss: 1.0197796200829998 Time: 0.9071954999817535
Train loss: 1.5067743378570158 Val loss: 0.981291315278213 Time: 0.8794532000320032
Train loss: 1.5117888446854106 Val loss: 1.0334853084023052 Time: 0.9091408000094816
Train loss: 1.5343821745461939 Val loss: 1.0300345355996718 Time: 0.8532994999550283
Train loss: 1.5116826721391199 Val loss: 1.0724186220686533 Time: 0.8556121001020074
Train loss: 1.475458616799365 Val loss: 1.1212768521218095 Time: 0.927000500028953
Train loss: 1.5217741542238725 Val loss: 1.1594731353688985 Time: 0.9793352000415325
Train loss: 1.4554704692200318 Val loss: 1.0939784310539835 Time: 1.045395900029689
Train loss: 1.5117907442721972 Val loss: 1.1594542263774201 Time: 1.4281018000328913
Train loss: 1.518690779368952 Val loss: 1.1501836836978327 Time: 1.269345400040038
Train loss: 1.4469045840293084 Val loss: 1.1908577108406462 Time: 1.3317428999580443
Train loss: 1.4472323049728284 Val loss: 1.1605250490247272 Time: 1.0610246999422088
Train loss: 1.4043493320523484 Val loss: 1.2059602725785226 Time: 1.1649717999389395
Train loss: 1.4169512384631195 Val loss: 1.2006759986979887 Time: 1.0351984000299126
Train loss: 1.4592685022275012 Val loss: 1.2295278479577973 Time: 1.255537400022149
Train loss: 1.3168927474947885 Val loss: 1.2039546095766127 Time: 1.0119028999470174
Train loss: 1.3566033060634843 Val loss: 1.2666304929880425 Time: 1.1247979999752715
Train loss: 1.3226988994994198 Val loss: 1.2810813433025032 Time: 1.35764169995673
Train loss: 1.3704604154305704 Val loss: 1.2523593038786203 Time: 1.2176968000130728
Train loss: 1.300694713411841 Val loss: 1.2550806897925213 Time: 1.2921974000055343
Train loss: 1.3020392198425192 Val loss: 1.320306402281858 Time: 1.201012600096874
Train loss: 1.2486712452265767 Val loss: 1.3367405971512198 Time: 1.3347227999474853
Train loss: 1.2998247773333635 Val loss: 1.4002935604657978 Time: 1.2222333999816328
Train loss: 1.3081573380711182 Val loss: 1.3627372470218688 Time: 1.3125366000458598
Train loss: 1.3139962632698552 Val loss: 1.360148441279307 Time: 1.2196842998964712
Train loss: 1.2182979830801024 Val loss: 1.4014374045655131 Time: 1.286156199988909
Train loss: 1.2726627467613572 Val loss: 1.4182163714431226 Time: 1.0046706000575796
Train loss: 1.3064948754607975 Val loss: 1.44762770133093 Time: 1.0993640000233427
Train loss: 1.266120009621996 Val loss: 1.4356590639799833 Time: 1.2937935999361798
Train loss: 1.2027756925164361 Val loss: 1.4597831624560058 Time: 1.195556899998337
Train loss: 1.2440264663146383 Val loss: 1.471156898420304 Time: 1.3127295000012964
Train loss: 1.273700375127273 Val loss: 1.4569280501455069 Time: 1.2004335999954492
Train loss: 1.217558847902927 Val loss: 1.4700423157773912 Time: 1.2745885000331327
Train loss: 1.3015032283472792 Val loss: 1.4245712575502694 Time: 1.1835361999692395
Train loss: 1.1827697591462405 Val loss: 1.4666393091902137 Time: 1.2614821000024676
Train loss: 1.1752950736733183 Val loss: 1.4758813977241516 Time: 1.1993254999397323
Train loss: 1.1952713122615042 Val loss: 1.5126305450685322 Time: 1.2857048000441864
Train loss: 1.1912357411493433 Val loss: 1.4975149184465408 Time: 0.9888221999863163
Train loss: 1.1265819745050716 Val loss: 1.5011987490579486 Time: 0.9936834999825805
Train loss: 1.1850629262266725 Val loss: 1.4637609221972525 Time: 0.8891932000406086
Train loss: 1.1597379325017512 Val loss: 1.4520571120083332 Time: 0.9453470000298694
Train loss: 1.1664236094741751 Val loss: 1.5148835210129619 Time: 0.8839306000154465
Train loss: 1.1935423820469637 Val loss: 1.5377633264288306 Time: 0.9222043000627309
Train loss: 1.1651114845126265 Val loss: 1.4678350053727627 Time: 0.9190136999823153
Train loss: 1.1103635553906983 Val loss: 1.4981292523443699 Time: 0.9283169000409544
Train loss: 1.165611341019062 Val loss: 1.477087995968759 Time: 0.8988094000378624
Train loss: 1.0480275394275065 Val loss: 1.5310681639239192 Time: 0.9282893999479711
Train loss: 1.1552894884346152 Val loss: 1.5481864754110575 Time: 0.9272836000891402
Train loss: 1.1059320627977438 Val loss: 1.5406959746032953 Time: 0.9140968000283465
Train loss: 1.0985211179389864 Val loss: 1.555090332403779 Time: 0.983780000009574
Train loss: 1.0528310472201985 Val loss: 1.5748615190386772 Time: 0.9582660000305623
Train loss: 1.1408013879422638 Val loss: 1.5589276095852256 Time: 0.929937000037171
Train loss: 1.0720288998307685 Val loss: 1.544235922396183 Time: 0.8986125999363139
Train loss: 1.1014166595494275 Val loss: 1.517148264683783 Time: 0.9480625001015142
Train loss: 1.0378511261984302 Val loss: 1.5588202392682433 Time: 0.9358207000186667
Train loss: 1.019502335844885 Val loss: 1.6027837824076414 Time: 0.8842003000900149
Train loss: 1.0402647997144083 Val loss: 1.5839029820635915 Time: 0.9010792000917718
Train loss: 1.0841957194559941 Val loss: 1.6110397190786898 Time: 0.9816964999772608
Train loss: 0.9919326893584497 Val loss: 1.5821510013192892 Time: 0.8908730000257492
Train loss: 1.0591741348447785 Val loss: 1.5772606376558542 Time: 0.918239300022833
Train loss: 1.0016597040483708 Val loss: 1.5900964555330575 Time: 0.9316167000215501
Train loss: 1.0000227155899566 Val loss: 1.6517285648733377 Time: 0.9167298000538722
Train loss: 1.0403971912367673 Val loss: 1.5781754478812218 Time: 0.9280103999190032
Train loss: 0.99268511019873 Val loss: 1.666251566261053 Time: 0.9262677999213338
Train loss: 1.0116361521466901 Val loss: 1.6126868179999292 Time: 0.9312663999153301
Train loss: 1.0187521570013267 Val loss: 1.6660656910389662 Time: 0.9356165999779478
Train loss: 1.05273775478451 Val loss: 1.6878489665687084 Time: 0.9207217000657693
Train loss: 0.9568293569918574 Val loss: 1.607068840879947 Time: 0.9004257000051439
Train loss: 0.9483378794037434 Val loss: 1.7350590853020549 Time: 0.9044541999464855
Train loss: 0.9899068124478627 Val loss: 1.663754528388381 Time: 0.9016247000545263
Train loss: 0.9307752464737867 Val loss: 1.7198126232251525 Time: 0.9089914999203756
Train loss: 0.9916754728875026 Val loss: 1.6411206498742104 Time: 0.9159725999925286
Train loss: 0.9211246352761258 Val loss: 1.6797254076227546 Time: 0.90992390003521
Train loss: 0.9384134466761017 Val loss: 1.7217178400605917 Time: 0.9028223999775946
Train loss: 0.925857617043541 Val loss: 1.64812145056203 Time: 0.9389763999497518
Train loss: 0.9550669784464874 Val loss: 1.7390193892642856 Time: 0.9202855000039563
Train loss: 0.971663873222596 Val loss: 1.6815884988754988 Time: 0.9329519000602886
Train loss: 0.9310822281696357 Val loss: 1.6853836551308632 Time: 0.9792948999674991
Train loss: 0.8966952014125171 Val loss: 1.7138050184585154 Time: 0.939449799945578
Train loss: 0.9101810600248159 Val loss: 1.719398407265544 Time: 0.963776099961251
Train loss: 0.9524279016574123 Val loss: 1.6880779466591775 Time: 0.9743681999389082
Train loss: 0.9202337690133735 Val loss: 1.6823641574010253 Time: 1.0798137999372557
Train loss: 0.8835125585231909 Val loss: 1.746690718922764 Time: 1.5030764999100938
Train loss: 0.9094365472866183 Val loss: 1.7160044859629124 Time: 1.3158612999832258
Train loss: 0.8427490832139841 Val loss: 1.7151851584203541 Time: 1.399739500018768
Train loss: 0.8303408396505579 Val loss: 1.764672410208732 Time: 1.4319577999413013
Train loss: 0.8768890845263644 Val loss: 1.8095575594343245 Time: 1.208244499983266
Train loss: 0.856221278582828 Val loss: 1.7345885375980288 Time: 1.107407300034538
Train loss: 0.8475689169769163 Val loss: 1.8397821937687695 Time: 1.3507603999460116
Train loss: 0.8592265712909573 Val loss: 1.788326455745846 Time: 1.261813500081189
Train loss: 0.9085865918413617 Val loss: 1.8253655668813735 Time: 1.0340452000964433
Train loss: 0.8727388631898432 Val loss: 1.7965249803382903 Time: 1.5326212999643758
Train loss: 0.8635481487918613 Val loss: 1.8764677685685456 Time: 1.3160638000117615
Train loss: 0.8443750500362497 Val loss: 2.0207110177725554 Time: 1.31403639994096
Train loss: 0.8334198684696545 Val loss: 1.8694532613735646 Time: 1.2084240999538451
Shrinking learning rate to 1e-05
Train loss: 0.8157867782030312 Val loss: 1.6799421494361013 Time: 1.3104302999563515
Train loss: 0.75795852726813 Val loss: 1.6540484470315278 Time: 1.204175499966368
Train loss: 0.7475539957754798 Val loss: 1.6563764528837055 Time: 1.3633444999577478
Train loss: 0.7295798090469154 Val loss: 1.6453277012333274 Time: 1.2746334000257775
Train loss: 0.7479749710851891 Val loss: 1.6354088026564568 Time: 1.3337197999935597
Train loss: 0.7492238758332104 Val loss: 1.6332809508312494 Time: 1.1328928000293672
Train loss: 0.7211327597151345 Val loss: 1.61593656684272 Time: 1.2730618000496179
Train loss: 0.7322892296757515 Val loss: 1.6092236142139882 Time: 1.1792735999915749
Train loss: 0.7299414837651375 Val loss: 1.6183681461261585 Time: 1.3897321000695229
Train loss: 0.7499366401043324 Val loss: 1.600839526974596 Time: 1.27514489996247
Train loss: 0.7164762320205966 Val loss: 1.597450424102135 Time: 1.330647199996747
Train loss: 0.7055125548844581 Val loss: 1.6033179176738486 Time: 1.1989599999506027
Train loss: 0.7032604282214425 Val loss: 1.589238639397081 Time: 1.264852200052701
Train loss: 0.7084340389491146 Val loss: 1.6036697170929983 Time: 1.1799796000123024
Train loss: 0.6906104017920622 Val loss: 1.604832916869782 Time: 1.2881749999942258
Train loss: 0.7057609111837886 Val loss: 1.6071798764169216 Time: 1.0116014999803156
Train loss: 0.6781198676285305 Val loss: 1.5982099666725844 Time: 1.1017365000443533
Train loss: 0.7131629198582184 Val loss: 1.599077641731128 Time: 0.9574274000478908
Train loss: 0.6900892696040781 Val loss: 1.5900389303569682 Time: 0.9438641000306234
Train loss: 0.7191861626899856 Val loss: 1.6027343427413143 Time: 0.9208809999981895
Train loss: 0.7421606391286939 Val loss: 1.6005097146844491 Time: 0.9298512000823393
Train loss: 0.7130108243808984 Val loss: 1.6015245341695845 Time: 0.8974920000182465
Train loss: 0.7293741372573965 Val loss: 1.6120540079427883 Time: 0.9105598999885842
Train loss: 0.7047526835433455 Val loss: 1.6034538507810794 Time: 0.9251951000187546
Train loss: 0.7274594767753355 Val loss: 1.5839137106086127 Time: 0.9370069000869989
Train loss: 0.7365606150469013 Val loss: 1.595181816490367 Time: 0.9204809999791905
Shrinking learning rate to 1.0000000000000002e-06
Train loss: 0.7595301652645308 Val loss: 1.5959483758779243 Time: 0.9220695000840351
Train loss: 0.680825523452792 Val loss: 1.5951721013407223 Time: 0.918614299967885
Train loss: 0.6967318527384201 Val loss: 1.5942908789147623 Time: 0.9260824000230059
Train loss: 0.7191281963051668 Val loss: 1.5917252390645444 Time: 0.9271294999634847
Train loss: 0.7711776316827234 Val loss: 1.5901206383714452 Time: 0.9290302000008523
Train loss: 0.6771446969199566 Val loss: 1.5886588941793889 Time: 0.8977776999818161
Train loss: 0.6908724492414555 Val loss: 1.5892638401710428 Time: 0.9369845000328496
Train loss: 0.69804407363325 Val loss: 1.5867765614530072 Time: 0.8845250000013039
Train loss: 0.7530582318929397 Val loss: 1.5875606859044638 Time: 0.9407976999646053
Train loss: 0.6966315401184424 Val loss: 1.5886039872420952 Time: 0.9085320000303909
Train loss: 0.72791450268791 Val loss: 1.5874319827125873 Time: 0.9009440001100302
Train loss: 0.6612489296674715 Val loss: 1.5875995997630525 Time: 0.9450704000191763
Train loss: 0.670567986414623 Val loss: 1.5868282593728509 Time: 0.8953986000269651
Train loss: 0.7000411613306421 Val loss: 1.5870865210599732 Time: 0.9250536999898031
Train loss: 0.7485308078719133 Val loss: 1.5891729274881072 Time: 0.9163036999525502
Train loss: 0.7110547804281845 Val loss: 1.5891768595029134 Time: 0.9797649000538513
Train loss: 0.7015550108739612 Val loss: 1.5881653974356595 Time: 0.937430200050585
Train loss: 0.7526498747233266 Val loss: 1.5893147082533687 Time: 0.9693492000224069
Train loss: 0.7000244885405178 Val loss: 1.5890062470862176 Time: 0.9290051000425592
Train loss: 0.672058923640424 Val loss: 1.589989230968058 Time: 0.9544078999897465
Train loss: 0.6906513768349081 Val loss: 1.5900776339985896 Time: 0.9005471001146361
Shrinking learning rate to 1.0000000000000002e-07
Learning rate getting small
Complete
 Total time: 221.26015180000104