starting log for model: C:\Users\christopher.johnson\Documents\GitHub\flu\gru_usa.pth
Train loss: 15.758757280621246 Val loss: 2.236231456612586 Time: 0.8606273999903351
Train loss: 13.456851283320596 Val loss: 2.1461014451633673 Time: 0.8934593999292701
Train loss: 11.588007182325242 Val loss: 1.9179054005580838 Time: 0.7437646999023855
Train loss: 8.713598759571596 Val loss: 1.5178611518349499 Time: 0.6745625000912696
Train loss: 7.311361069282629 Val loss: 1.2934272201964632 Time: 0.6649521999061108
Train loss: 6.704172491957546 Val loss: 1.1592516564414836 Time: 0.6818856000900269
Train loss: 6.285319221383588 Val loss: 1.0823219289941335 Time: 0.6508629999589175
Train loss: 5.971938454708905 Val loss: 1.0424526888855326 Time: 0.6893833999056369
Train loss: 5.742338891778175 Val loss: 1.0220344696863322 Time: 0.692979299928993
Train loss: 5.484899078406428 Val loss: 1.007048890722217 Time: 0.6879167000297457
Train loss: 5.37180096522156 Val loss: 0.994893604220124 Time: 0.6896995001006871
Train loss: 5.1432396884052025 Val loss: 0.9852046124869958 Time: 0.6529592999722809
Train loss: 5.06187567349009 Val loss: 0.9770380970148835 Time: 0.6788127000909299
Train loss: 4.858935038509006 Val loss: 0.9653381398529746 Time: 0.6761505999602377
Train loss: 4.820283366098351 Val loss: 0.9523074250828358 Time: 0.8597045000642538
Train loss: 4.6004693888418515 Val loss: 0.9378994877160949 Time: 0.7027708999812603
Train loss: 4.462748749263271 Val loss: 0.9242720309503056 Time: 0.6880338999908417
Train loss: 4.388960333872934 Val loss: 0.9056012649889453 Time: 0.6814065999351442
Train loss: 4.3095075378792895 Val loss: 0.8932227066834457 Time: 0.7113128998316824
Train loss: 4.190664318600653 Val loss: 0.8751367632066831 Time: 0.665622100001201
Train loss: 4.076622417474994 Val loss: 0.8636971923988312 Time: 0.7149207999464124
Train loss: 3.92820206885336 Val loss: 0.8505217049387284 Time: 0.7120897001586854
Train loss: 3.866520039186459 Val loss: 0.8413086444197688 Time: 0.6631263999734074
Train loss: 3.7099605770909156 Val loss: 0.8324719204738358 Time: 0.6898771999403834
Train loss: 3.619817632902881 Val loss: 0.8323136073086062 Time: 0.6606825001072139
Train loss: 3.5012382866617777 Val loss: 0.835499923112593 Time: 0.695429699961096
Train loss: 3.4262913531504964 Val loss: 0.8384863643877907 Time: 0.6822695001028478
Train loss: 3.388904838029788 Val loss: 0.8520209693524521 Time: 0.7073808999266475
Train loss: 3.273171066434741 Val loss: 0.8611399289002293 Time: 0.6625212000217289
Train loss: 3.269507007756639 Val loss: 0.8670241826287111 Time: 0.6366135000716895
Train loss: 3.1008733263286956 Val loss: 0.8806773273718136 Time: 0.645803599851206
Train loss: 3.035993584945796 Val loss: 0.9013746913624345 Time: 0.6674081000965089
Train loss: 3.065130312422138 Val loss: 0.9127778354886686 Time: 0.644225399941206
Train loss: 2.9662839547873716 Val loss: 0.9326374547090381 Time: 0.6612998999189585
Train loss: 2.9474534260036456 Val loss: 0.9546464518643916 Time: 0.6834569000639021
Train loss: 2.88114950451528 Val loss: 0.9678349792375229 Time: 0.6662481999956071
Train loss: 2.8149969141800857 Val loss: 0.9936769038904458 Time: 0.6743375000078231
Train loss: 2.818839880552237 Val loss: 1.0058809857582673 Time: 0.6526328998152167
Train loss: 2.700940360248101 Val loss: 1.0191185347503051 Time: 0.6327891000546515
Train loss: 2.737349187501562 Val loss: 1.031116581405513 Time: 0.6400361000560224
Train loss: 2.6813691792149115 Val loss: 1.041903359349817 Time: 0.6385735000949353
Train loss: 2.7082369358671876 Val loss: 1.0559042202075943 Time: 0.6363045000471175
Train loss: 2.726836945988853 Val loss: 1.0532104159938172 Time: 0.6515837998595089
Train loss: 2.5316201999274157 Val loss: 1.0658152539399453 Time: 0.6325715000275522
Train loss: 2.6046880337836384 Val loss: 1.0714980027405545 Time: 0.6562773999758065
Train loss: 2.4673560961919105 Val loss: 1.109440240310505 Time: 0.6403047998901457
Train loss: 2.4986118763117844 Val loss: 1.1343585590366274 Time: 0.6773886999581009
Train loss: 2.5276592871735892 Val loss: 1.0980798822129145 Time: 0.6441994998604059
Train loss: 2.445648007497992 Val loss: 1.125676348223351 Time: 0.6503029998857528
Train loss: 2.397437588947469 Val loss: 1.1240625070640817 Time: 0.7099155001342297
Train loss: 2.3649328247249652 Val loss: 1.137990346760489 Time: 0.6341233998537064
Train loss: 2.2976462442295684 Val loss: 1.1592909576138481 Time: 0.6575106999371201
Train loss: 2.345425651431656 Val loss: 1.1584849561331794 Time: 0.646641000173986
Train loss: 2.336486479566244 Val loss: 1.1554141826927662 Time: 0.6594608998857439
Train loss: 2.305132430886072 Val loss: 1.1791668612277135 Time: 0.6744727999903262
Train loss: 2.2510043193030675 Val loss: 1.2131394400494173 Time: 0.6629440998658538
Train loss: 2.1806921548227844 Val loss: 1.2102718314854428 Time: 0.6492260000668466
Train loss: 2.2246730490793185 Val loss: 1.206327342428267 Time: 0.6463404998648912
Train loss: 2.1863877696962106 Val loss: 1.1994140435708687 Time: 0.648530300008133
Train loss: 2.1465608844044337 Val loss: 1.2714901611907408 Time: 0.6498994999565184
Train loss: 2.138586016556836 Val loss: 1.211226699873805 Time: 0.6539769000373781
Train loss: 2.151767461541745 Val loss: 1.2323056612513028 Time: 0.6719099001493305
Train loss: 2.088656081347752 Val loss: 1.2256234236992896 Time: 0.6659495001658797
Train loss: 2.0798113566276353 Val loss: 1.2366809048689902 Time: 0.6431483998894691
Train loss: 1.9552801921480794 Val loss: 1.247856677742675 Time: 0.6470069999340922
Train loss: 1.9721646019268206 Val loss: 1.2707440741360188 Time: 0.6367577998898923
Train loss: 1.9769006086751588 Val loss: 1.2647474471013993 Time: 0.658181699924171
Train loss: 1.9757487910257439 Val loss: 1.2763456829707138 Time: 0.6386741001624614
Train loss: 1.9114860629027608 Val loss: 1.2819338309345767 Time: 0.6384878000244498
Train loss: 1.9187245571170934 Val loss: 1.2944752469775267 Time: 0.6475772000849247
Train loss: 1.8013937960202404 Val loss: 1.2779369580093771 Time: 0.6663317999336869
Train loss: 1.8621762568959879 Val loss: 1.2998972230125219 Time: 0.6423698998987675
Train loss: 1.8310977619704476 Val loss: 1.3274954852822702 Time: 0.6847275998443365
Train loss: 1.7618779945255967 Val loss: 1.3414692693040706 Time: 0.6446037001442164
Train loss: 1.7712779053474104 Val loss: 1.3742632535286248 Time: 0.6406881001312286
Train loss: 1.7318616343928213 Val loss: 1.4065614406717941 Time: 0.6703027000185102
Train loss: 1.7155777032089379 Val loss: 1.3277031988836825 Time: 0.646952599985525
Train loss: 1.6947899647913092 Val loss: 1.3584788691950962 Time: 0.6763752999249846
Train loss: 1.689980926391657 Val loss: 1.3594212152820546 Time: 0.6646623001433909
Train loss: 1.6601705829567024 Val loss: 1.3812881220510462 Time: 0.6720781000331044
Train loss: 1.626457714649944 Val loss: 1.3754466522368602 Time: 0.6787743999157101
Train loss: 1.5922318203794603 Val loss: 1.4064819556369912 Time: 0.6435004000086337
Train loss: 1.6652273477394424 Val loss: 1.4289135019789683 Time: 0.6467244999948889
Train loss: 1.6138145692436083 Val loss: 1.3869592159171589 Time: 0.6537323999218643
Train loss: 1.5583933347031338 Val loss: 1.427585946948966 Time: 0.6750870998948812
Train loss: 1.529317340716311 Val loss: 1.3979141984309535 Time: 0.6785796999465674
Train loss: 1.5085294929764814 Val loss: 1.4811061779619195 Time: 0.6499785000924021
Train loss: 1.4933212466756283 Val loss: 1.4873916463984642 Time: 0.6414218998979777
Train loss: 1.4400270962108588 Val loss: 1.4698114744423378 Time: 0.6528146001510322
Train loss: 1.4823187008167806 Val loss: 1.449883504981699 Time: 0.6439030000474304
Train loss: 1.447045389650425 Val loss: 1.4767253489117138 Time: 0.6483720999676734
Train loss: 1.5138106655247237 Val loss: 1.5012688190035988 Time: 0.6574128000065684
Train loss: 1.3743530029807398 Val loss: 1.5141458005018649 Time: 0.7108498001471162
Train loss: 1.4362978728545892 Val loss: 1.4691214171471074 Time: 0.642984600039199
Train loss: 1.3714003947735947 Val loss: 1.4887194504917716 Time: 0.6450372999534011
Train loss: 1.3310947267339488 Val loss: 1.5421408985639573 Time: 0.631584299961105
Train loss: 1.3537331147645872 Val loss: 1.5043209073581636 Time: 0.6332608999218792
Train loss: 1.404993642734601 Val loss: 1.4811558487881484 Time: 0.6463168999180198
Train loss: 1.4348874270178698 Val loss: 1.4819149947588812 Time: 0.6475133001804352
Train loss: 1.3036595957624737 Val loss: 1.4701389596823766 Time: 0.6486595999449492
Train loss: 1.3327226222018762 Val loss: 1.539887292739877 Time: 0.6656188999768347
Train loss: 1.2875904670299805 Val loss: 1.5189637620719623 Time: 0.6397002001758665
Train loss: 1.3216134885348012 Val loss: 1.5164153201121735 Time: 0.6546945997979492
Train loss: 1.3200148695447012 Val loss: 1.5302655383266028 Time: 0.6542129998560995
Train loss: 1.2049603281854493 Val loss: 1.518642222355993 Time: 0.6881057999562472
Train loss: 1.1453516241449737 Val loss: 1.517466586199589 Time: 0.7298809001222253
Train loss: 1.1860087434877835 Val loss: 1.5361244314854048 Time: 0.7068128001410514
Train loss: 1.1423529664251664 Val loss: 1.5332014396990417 Time: 0.6609130001161247
Train loss: 1.1279595922041339 Val loss: 1.6076023702480597 Time: 0.6437206000555307
Train loss: 1.1649881154885264 Val loss: 1.6404901532951044 Time: 0.643206600099802
Train loss: 1.136950701121699 Val loss: 1.6229440358001739 Time: 0.6494225999340415
Train loss: 1.0895536654110565 Val loss: 1.638869747694116 Time: 0.6532472998369485
Train loss: 1.1635231682695972 Val loss: 1.6010244734352455 Time: 0.6606228000018746
Train loss: 1.1594851031564177 Val loss: 1.5534494022431318 Time: 0.6497675999999046
Train loss: 1.0697985225964888 Val loss: 1.613161819979723 Time: 0.634889000095427
Train loss: 1.0300621393917417 Val loss: 1.7117946023354307 Time: 0.6506831999868155
Train loss: 1.0189161298579155 Val loss: 1.6185781880412833 Time: 0.6413803999312222
Train loss: 1.0544569434206439 Val loss: 1.6538291488977848 Time: 0.6493625000584871
Train loss: 1.0367858101845968 Val loss: 1.6655239865649492 Time: 0.6416704999282956
Train loss: 1.010035279992516 Val loss: 1.666765380439756 Time: 0.6481898000929505
Train loss: 0.9128970081297312 Val loss: 1.6746002591971774 Time: 0.6621991998981684
Train loss: 1.037499276878994 Val loss: 1.701556961867027 Time: 0.636727700009942
Train loss: 1.0171332711591838 Val loss: 1.700594748079311 Time: 0.6544836999382824
Train loss: 0.9867501079912842 Val loss: 1.6955039849217428 Time: 0.6441132000181824
Train loss: 0.9046743143812876 Val loss: 1.7632855859119445 Time: 0.6437154000159353
Train loss: 0.9129440776487441 Val loss: 1.6538074603013229 Time: 0.6604710998944938
Train loss: 0.9055105181201988 Val loss: 1.6483256756873743 Time: 0.7014439001213759
Train loss: 0.8580134386024757 Val loss: 1.8044109019392636 Time: 0.6427637999877334
Train loss: 0.862982917442139 Val loss: 1.7603224995255005 Time: 0.6591101000085473
Train loss: 0.8811682505721268 Val loss: 1.8042323777917773 Time: 0.641027000034228
Train loss: 0.8494234251890945 Val loss: 1.7913528850185685 Time: 0.654405000153929
Train loss: 0.8297976979910108 Val loss: 1.799470978879981 Time: 0.6486764999572188
Train loss: 0.9470299580185708 Val loss: 1.8011033489601687 Time: 0.6559190999250859
Train loss: 0.8251182312088678 Val loss: 1.776750533899758 Time: 0.6468847000505775
Train loss: 0.8758644746762041 Val loss: 1.8075897012022324 Time: 0.646211100043729
Train loss: 0.8713745945740063 Val loss: 1.88940103672212 Time: 0.6484745000489056
Train loss: 0.8353014362527424 Val loss: 1.8330272115417756 Time: 0.6356153998058289
Train loss: 0.803212056709437 Val loss: 1.8218349487287924 Time: 0.6640451999846846
Train loss: 0.7353268150969933 Val loss: 1.8885451646056026 Time: 0.6662426998373121
Train loss: 0.8018165139981219 Val loss: 1.7980332013466978 Time: 0.638306199805811
Train loss: 0.8248017936828456 Val loss: 1.8823670240817592 Time: 0.6552110000047833
Train loss: 0.8123238503104739 Val loss: 1.9318432892105193 Time: 0.6483575000893325
Train loss: 0.7375040434472657 Val loss: 1.9270870604141237 Time: 0.6549740999471396
Train loss: 0.8214799012562499 Val loss: 1.8843715443072142 Time: 0.6438196999952197
Train loss: 0.7179748964775736 Val loss: 1.9078822039300576 Time: 0.6581315000075847
Train loss: 0.7408041914642514 Val loss: 1.8934485973150004 Time: 0.7472448998596519
Train loss: 0.7562560027696139 Val loss: 1.981019499944523 Time: 0.6796342001762241
Train loss: 0.780135407123209 Val loss: 2.0196689033027724 Time: 0.694179599871859
Train loss: 0.8015732182768924 Val loss: 2.1211669543990865 Time: 0.6430456000380218
Train loss: 0.7199542477466352 Val loss: 1.8803915899266315 Time: 0.6793859000317752
Train loss: 0.7054763356621853 Val loss: 2.037263767211698 Time: 0.6473270000424236
Train loss: 0.6977162309736853 Val loss: 1.954485124690109 Time: 0.6624106999952346
Train loss: 0.7395270656248245 Val loss: 2.088456948811654 Time: 0.6588580999523401
Train loss: 0.7000247051843349 Val loss: 1.8921154255222064 Time: 0.6590113001875579
Train loss: 0.6845569473723065 Val loss: 2.0873676741030067 Time: 0.6548258999828249
Train loss: 0.6594906406171633 Val loss: 2.0443428875878453 Time: 0.645702299894765
Train loss: 0.6760274585077939 Val loss: 1.9942677720682696 Time: 0.636329900007695
Train loss: 0.6216488279888945 Val loss: 1.9950503304135054 Time: 0.6957482998259366
Train loss: 0.7129532460079144 Val loss: 2.275362439919263 Time: 0.6396997000556439
Train loss: 0.7061453848349759 Val loss: 1.8194307038110793 Time: 0.6750005998183042
Train loss: 0.7167856538168205 Val loss: 2.3237142378930002 Time: 0.6526551998686045
Train loss: 0.7057777889229037 Val loss: 1.9951923363114474 Time: 0.6636252000462264
Train loss: 0.647581383130962 Val loss: 2.197430103085935 Time: 0.6396319998893887
Train loss: 0.7094047850100695 Val loss: 2.050763539969921 Time: 0.668141100089997
Train loss: 0.636913981656527 Val loss: 1.9748908418696374 Time: 0.6763837998732924
Train loss: 0.5985858665058799 Val loss: 2.002160714706406 Time: 0.645671600010246
Train loss: 0.5901588681729157 Val loss: 2.1462105813843664 Time: 0.6805787000339478
Train loss: 0.6261691391316366 Val loss: 2.211714587523602 Time: 0.6478828999679536
Train loss: 0.6804508328677961 Val loss: 2.122904923860915 Time: 0.7272812998853624
Train loss: 0.5653716401902014 Val loss: 2.084990159899462 Time: 0.6587817000690848
Train loss: 0.590030334401616 Val loss: 2.237907877075486 Time: 0.7074531000107527
Train loss: 0.6032448455738011 Val loss: 2.1992182550020516 Time: 0.6514693999197334
Train loss: 0.5974880395667356 Val loss: 1.9249459456186742 Time: 0.6450089998543262
Train loss: 0.6131420861864882 Val loss: 2.123669837601483 Time: 0.6463037999346852
Train loss: 0.5516918728399021 Val loss: 2.1469586689490825 Time: 0.6349907999392599
Train loss: 0.6045101674866904 Val loss: 2.1496969453291968 Time: 0.6437595000024885
Train loss: 0.5850670011822503 Val loss: 2.099638738131034 Time: 0.6804702999070287
Train loss: 0.5621205085815077 Val loss: 2.384807276772335 Time: 0.6771336998790503
Train loss: 0.5993775189031256 Val loss: 2.1412866174359806 Time: 0.6603586999699473
Train loss: 0.5989833089528858 Val loss: 2.106736042711418 Time: 0.6483084999490529
Train loss: 0.5784360757453144 Val loss: 2.1931317736161873 Time: 0.642239100066945
Train loss: 0.5364861775236478 Val loss: 2.2222257228568196 Time: 0.6466423000674695
Train loss: 0.6110074477198779 Val loss: 2.234673220780678 Time: 0.6434277999214828
Train loss: 0.5542639173782513 Val loss: 2.3335267211077735 Time: 0.6555495001375675
Train loss: 0.5387229852109394 Val loss: 2.2115631173946895 Time: 0.6555049000307918
Train loss: 0.5822301853908443 Val loss: 2.164318166385783 Time: 0.6734880998264998
Train loss: 0.5243871270307534 Val loss: 2.2374496345291846 Time: 0.6482290998101234
Train loss: 0.5199523237068675 Val loss: 2.350740436639171 Time: 0.6592743000946939
Train loss: 0.6042540357614108 Val loss: 2.1008693335720636 Time: 0.6461525000631809
Train loss: 0.5333120717366917 Val loss: 2.538896184414625 Time: 0.6619708999060094
Train loss: 0.6379011351116248 Val loss: 2.05014201492304 Time: 0.6542670999187976
Train loss: 0.5058003936920823 Val loss: 2.1351988987007644 Time: 0.6526013999246061
Train loss: 0.5997134558184847 Val loss: 2.2494042873731814 Time: 0.6581256999634206
Train loss: 0.5974847072223142 Val loss: 1.8862312529818155 Time: 0.6512440000660717
Train loss: 0.5579058384831197 Val loss: 2.3019745814381167 Time: 0.6639958000741899
Train loss: 0.5023475084188352 Val loss: 2.0537941246293485 Time: 0.6436844998970628
Train loss: 0.4775651511153598 Val loss: 2.143881499301642 Time: 0.6494307999964803
Train loss: 0.5332936451812013 Val loss: 2.4269211491937313 Time: 0.7559905000962317
Train loss: 0.5460276897244687 Val loss: 2.009633051988203 Time: 0.6713167999405414
Train loss: 0.5444995911612001 Val loss: 2.317029441437626 Time: 0.6337244999594986
Train loss: 0.5539009699539008 Val loss: 1.86623503461729 Time: 0.6551278999540955
Train loss: 0.5296466998803158 Val loss: 2.20076687814435 Time: 0.6507640001364052
Train loss: 0.549892135013756 Val loss: 1.9737669367459603 Time: 0.6666703000664711
Train loss: 0.5491412463492722 Val loss: 2.0911173343192786 Time: 0.6468690000474453
Train loss: 0.5186565773243929 Val loss: 1.860752379114274 Time: 0.6530321999453008
Train loss: 0.4718509917844873 Val loss: 2.147688076016493 Time: 0.635863299947232
Train loss: 0.4849473594342286 Val loss: 2.0659271281328984 Time: 0.6517941001802683
Train loss: 0.5265145134276894 Val loss: 2.024933912034612 Time: 0.6517337001860142
Train loss: 0.48542242590477247 Val loss: 2.103965922455245 Time: 0.6484377000015229
Train loss: 0.5242785347368134 Val loss: 1.9985901218678919 Time: 0.6575364000163972
Train loss: 0.553755638336284 Val loss: 2.209323276314535 Time: 0.6583610998932272
Train loss: 0.5112034748962404 Val loss: 2.026698010173277 Time: 0.6549466999713331
Train loss: 0.485376417322402 Val loss: 2.0617556593060726 Time: 0.6511109999846667
Train loss: 0.4912129087414385 Val loss: 2.18777592331935 Time: 0.7635629998985678
Train loss: 0.5579456690622777 Val loss: 2.028154154220829 Time: 0.6747366001363844
Shrinking learning rate to 1e-05
Train loss: 0.4413919813419267 Val loss: 2.170438260480296 Time: 0.6868177999276668
Train loss: 0.467009533777909 Val loss: 2.149866309366189 Time: 0.6503288999665529
Train loss: 0.5175582319008278 Val loss: 2.1311761988326907 Time: 0.6338227998930961
Train loss: 0.5185746838097227 Val loss: 2.1316505936556496 Time: 0.6454109000042081
Train loss: 0.4828222731474645 Val loss: 2.114265432872344 Time: 0.6525876000523567
Train loss: 0.5041695808245334 Val loss: 2.09633510542335 Time: 0.6483961998019367
Train loss: 0.44215023683397825 Val loss: 2.094913505396107 Time: 0.6988923999015242
Train loss: 0.4769137492303195 Val loss: 2.0566973476670682 Time: 0.6533201998099685
Train loss: 0.43412795059483766 Val loss: 2.067848375358153 Time: 0.6416442999616265
Train loss: 0.4674957909653572 Val loss: 2.074802012590226 Time: 0.6469003998208791
Train loss: 0.44698275596346226 Val loss: 2.0853731247480027 Time: 0.6425758001860231
Train loss: 0.5155777023351427 Val loss: 2.0998257897445 Time: 0.6485870000906289
Train loss: 0.43057455242739096 Val loss: 2.099241020216141 Time: 0.6465449000243098
Train loss: 0.43677968489512076 Val loss: 2.1045262652332895 Time: 0.6451206000056118
Train loss: 0.45612496849479234 Val loss: 2.1228370019234717 Time: 0.6614653000142425
Train loss: 0.4701429293232787 Val loss: 2.136505871778354 Time: 0.6554483999498188
Train loss: 0.43470510426483866 Val loss: 2.143036180874333 Time: 0.6637772999238223
Train loss: 0.457683141854619 Val loss: 2.1277128683868796 Time: 0.6752225998789072
Train loss: 0.4953814756641608 Val loss: 2.1458046043408103 Time: 0.6651822000276297
Train loss: 0.4451182067318207 Val loss: 2.1340958969667554 Time: 0.6640794998966157
Train loss: 0.43527794745580206 Val loss: 2.1258953353972174 Time: 0.6433617998845875
Train loss: 0.44465331850413037 Val loss: 2.133279861183837 Time: 0.6474325999151915
Shrinking learning rate to 1.0000000000000002e-06
Train loss: 0.4938056302079651 Val loss: 2.096647293830756 Time: 0.6539400001056492
Train loss: 0.4566594405229303 Val loss: 2.092944589210674 Time: 0.6357126000802964
Train loss: 0.4342876685074968 Val loss: 2.094078657857608 Time: 0.6702781999483705
Train loss: 0.3994605714410754 Val loss: 2.0950886114733294 Time: 0.6442631001118571
Train loss: 0.4548423238392374 Val loss: 2.0924711624975316 Time: 0.6303071998991072
Train loss: 0.42089604067116815 Val loss: 2.092683592112735 Time: 0.6536365998908877
Train loss: 0.4392096669673613 Val loss: 2.0952110236976296 Time: 0.6839387998916209
Train loss: 0.4790008928576297 Val loss: 2.093779191141948 Time: 0.6581822000443935
Train loss: 0.466226376231433 Val loss: 2.09405190666439 Time: 0.6854784002061933
Train loss: 0.49158300830526835 Val loss: 2.094425491988659 Time: 0.6480124001391232
Train loss: 0.45076022091934576 Val loss: 2.094721574918367 Time: 0.6486208999995142
Train loss: 0.4404382900948171 Val loss: 2.093898033781443 Time: 0.6505595999769866
Train loss: 0.4714267179860778 Val loss: 2.093327389738988 Time: 0.6542455998715013
Complete
 Total time: 166.40518449991941