starting log for model: C:\Users\christopher.johnson\Documents\GitHub\flu\gru_3lay_drop_2019_usa.pth
Train loss: 12.668515499993703 Val loss: 0.2941607734974241 Time: 0.9043097998946905
Train loss: 11.91224451293357 Val loss: 0.3155845478295305 Time: 0.804919800022617
Train loss: 11.821415583673277 Val loss: 0.3203383872287304 Time: 0.76282519986853
Train loss: 12.101519418162809 Val loss: 0.3078412015510139 Time: 0.759867100045085
Train loss: 11.809406293215957 Val loss: 0.3173688229881009 Time: 0.784601500025019
Train loss: 11.900073989162138 Val loss: 0.3108571179905084 Time: 0.7700119998771697
Train loss: 11.773802393871165 Val loss: 0.31056710556094913 Time: 0.7622616000007838
Train loss: 11.843430446508137 Val loss: 0.2859492329753266 Time: 0.8453655000776052
Train loss: 11.504905986104859 Val loss: 0.2667680071317591 Time: 1.1189542000647634
Train loss: 10.523930505456974 Val loss: 0.17778798529957385 Time: 1.7004341001156718
Train loss: 8.39342624207103 Val loss: 0.20194308640839154 Time: 1.0136218999978155
Train loss: 6.4537041825771775 Val loss: 0.16133056185753958 Time: 0.7655767998658121
Train loss: 6.119601645490438 Val loss: 0.17423108334423976 Time: 0.7238837999757379
Train loss: 5.705598170169246 Val loss: 0.2779317128533876 Time: 0.7672230999451131
Train loss: 5.475751639540867 Val loss: 0.32229173050745885 Time: 0.7532645000610501
Train loss: 5.1843673138919435 Val loss: 0.38196215084099094 Time: 0.7652708999812603
Train loss: 4.885306271404601 Val loss: 0.5062303113518283 Time: 0.7429092999082059
Train loss: 4.715977299022212 Val loss: 0.5588385826522426 Time: 0.7671743999235332
Train loss: 4.5557634842246 Val loss: 0.6048759234327008 Time: 0.7613737999927253
Train loss: 5.070278037450472 Val loss: 0.7278377229959005 Time: 0.7869990000035614
Train loss: 4.5912487304244785 Val loss: 0.8426442877243971 Time: 0.7684635000769049
Train loss: 4.24638290221693 Val loss: 0.8656135139535763 Time: 0.7638667998835444
Train loss: 4.398784806896625 Val loss: 1.0505740184307797 Time: 0.7377212001010776
Train loss: 4.409474386834045 Val loss: 1.0665349315968342 Time: 0.7871128001715988
Train loss: 3.787018635939539 Val loss: 1.2005021962686442 Time: 0.748006199952215
Train loss: 3.892538524250111 Val loss: 1.1142825706483563 Time: 0.7961466000415385
Train loss: 3.6191482176553436 Val loss: 1.2680362587416312 Time: 0.7524329998996109
Train loss: 3.180634499990589 Val loss: 1.3795835904602427 Time: 0.7399185998365283
Train loss: 3.427711300874809 Val loss: 1.4289933863037731 Time: 0.7514048998709768
Train loss: 2.885968060452548 Val loss: 1.3877386596723227 Time: 0.7865756000392139
Train loss: 2.9864999067361393 Val loss: 1.5011975523666479 Time: 0.7421784999314696
Train loss: 3.235018640462202 Val loss: 1.4062972996616736 Time: 0.755852600093931
Train loss: 3.0852662850891743 Val loss: 1.3336403649300337 Time: 0.7477479998487979
Train loss: 2.5256916011221016 Val loss: 1.370848741295049 Time: 0.7597900000400841
Train loss: 2.912499047699229 Val loss: 1.2244881947699469 Time: 0.7749314000830054
Train loss: 2.4979178254539383 Val loss: 1.2159350586480286 Time: 0.7429862001445144
Train loss: 2.6791850374543675 Val loss: 1.0112983333237935 Time: 0.7666882001794875
Train loss: 2.4046002244298137 Val loss: 0.9990787135466235 Time: 0.741530800005421
Train loss: 2.4645439729433374 Val loss: 0.8678740704781376 Time: 0.7416554000228643
Train loss: 2.3307793610677625 Val loss: 0.8940216093324125 Time: 0.7776587998960167
Train loss: 2.3223998848955856 Val loss: 0.9502035592704487 Time: 0.7792859000619501
Train loss: 2.096026222883663 Val loss: 0.9261676298920065 Time: 0.752487099962309
Train loss: 1.9835558186019195 Val loss: 0.8859252633847063 Time: 0.7501852000132203
Train loss: 2.181388608027562 Val loss: 0.8866666594185517 Time: 0.7616402001585811
Train loss: 1.7998298424177328 Val loss: 0.9086966130853398 Time: 0.7321766000241041
Train loss: 1.8375875807576558 Val loss: 0.8598459757376986 Time: 0.969882900128141
Train loss: 1.707229828033423 Val loss: 0.8352121704083402 Time: 0.9980246999766678
Train loss: 1.820378587175045 Val loss: 0.8563373412616784 Time: 1.4632591002155095
Train loss: 1.7646931498618148 Val loss: 0.9084274491106044 Time: 1.0004788998048753
Train loss: 1.64504817283005 Val loss: 0.8494664930331055 Time: 0.9283968999516219
Train loss: 1.6606445327707124 Val loss: 0.9840875859426887 Time: 0.8777622999623418
Train loss: 1.5687143070182152 Val loss: 0.8626055571103279 Time: 0.7940311999991536
Train loss: 1.8856984705246675 Val loss: 0.7307135607989039 Time: 1.0832406000699848
Train loss: 1.7190861837141869 Val loss: 0.7597085853836916 Time: 1.5106422000098974
Train loss: 1.6430981571628307 Val loss: 0.786735835885338 Time: 0.9383247999940068
Train loss: 1.559923812773993 Val loss: 0.9401063588738907 Time: 0.9796131001785398
Train loss: 1.5266834022351627 Val loss: 0.824688313077786 Time: 0.7730163000524044
Train loss: 1.6083622992764548 Val loss: 0.9132252660710947 Time: 0.7543551998678595
Train loss: 1.5651817459229878 Val loss: 0.8482533459027763 Time: 0.796465199906379
Train loss: 1.548927356149015 Val loss: 0.7439672142464815 Time: 0.7840899999719113
Train loss: 1.7209073182866779 Val loss: 0.909948804106989 Time: 0.7905314001254737
Train loss: 1.3507549307167852 Val loss: 0.8982751642342919 Time: 0.7838956001214683
Train loss: 1.4346384194200321 Val loss: 0.8105315032007638 Time: 0.7899553999304771
Train loss: 1.3939946560350758 Val loss: 0.7490768470387366 Time: 0.7791124999057502
Train loss: 1.5223721652337971 Val loss: 0.7471180618958897 Time: 0.8079995999578387
Train loss: 1.4034876616525018 Val loss: 0.8212846650530992 Time: 0.7827961000148207
Train loss: 1.4805051518923324 Val loss: 0.7520240785508676 Time: 0.7950863000005484
Train loss: 1.3167369641522564 Val loss: 0.6737451452854089 Time: 0.8156784998718649
Train loss: 1.2958525517070232 Val loss: 0.6535836937792112 Time: 0.7496418000664562
Train loss: 1.3482980916826177 Val loss: 0.7437093773079937 Time: 0.7351116999052465
Train loss: 1.2994616189256452 Val loss: 0.7590770124301685 Time: 0.7556735998950899
Train loss: 1.5855891089179084 Val loss: 0.8288081218579464 Time: 0.7901405000593513
Train loss: 1.4812388462478125 Val loss: 0.849896410599456 Time: 0.7438997998833656
Train loss: 1.2425612618171726 Val loss: 0.8285793487316511 Time: 0.7692536998074502
Train loss: 1.175060079717258 Val loss: 0.8172659528682971 Time: 0.7760034999810159
Train loss: 1.2440260719728609 Val loss: 0.8527337496924687 Time: 0.760190200060606
Train loss: 1.3563142550439677 Val loss: 0.7774008282758587 Time: 0.776641899952665
Train loss: 1.193649140155793 Val loss: 0.8238721814493679 Time: 0.7578815999440849
Train loss: 1.1479698748056504 Val loss: 0.8854497919010385 Time: 0.7808450998272747
Train loss: 1.4168715760692425 Val loss: 0.8560260020312853 Time: 0.7764308999758214
Train loss: 1.3797413585947478 Val loss: 0.7595701012838845 Time: 0.7558298001531512
Train loss: 1.2646442390826849 Val loss: 0.857870988057635 Time: 0.7631407999433577
Train loss: 1.213143729326596 Val loss: 0.860101864919443 Time: 0.7501421999186277
Train loss: 1.1948422999754478 Val loss: 0.684737382113326 Time: 0.7656964000780135
Train loss: 1.1898051932007405 Val loss: 0.7665150827388061 Time: 0.7517609000205994
Train loss: 1.071308007136746 Val loss: 0.8228943655290095 Time: 0.7264031998347491
Train loss: 1.0670379551563514 Val loss: 0.7791550557914206 Time: 0.7780653999652714
Train loss: 1.0954593438337756 Val loss: 0.6890586136238426 Time: 0.7646619000006467
Train loss: 1.2416235872551367 Val loss: 0.7454950546602959 Time: 0.7497589997947216
Train loss: 1.072449713577663 Val loss: 0.7125112514147531 Time: 0.7566029001027346
Train loss: 1.0955412326957656 Val loss: 0.7252645887253166 Time: 0.7382585001178086
Train loss: 1.095223384101991 Val loss: 0.8941801301939307 Time: 0.7637145000044256
Train loss: 0.9275801566327093 Val loss: 0.7804675113291069 Time: 0.7470564001705498
Train loss: 1.1966374371376645 Val loss: 0.7041167478892305 Time: 0.7772111999802291
Train loss: 1.1602841870028868 Val loss: 0.7934958712664866 Time: 0.7497580999042839
Train loss: 0.812240678394827 Val loss: 0.7929496462260559 Time: 0.8113206000998616
Train loss: 1.1525407840401751 Val loss: 0.7490692268638242 Time: 0.7628617999143898
Train loss: 1.2288176691091803 Val loss: 0.7498071978245107 Time: 0.7851939999964088
Train loss: 1.1210360500018446 Val loss: 0.7683129246122462 Time: 0.759040999924764
Train loss: 1.0132055519641874 Val loss: 0.8605071733887826 Time: 0.7711577999871224
Train loss: 0.9290956318289805 Val loss: 0.7744914862660153 Time: 0.7818142001051456
Train loss: 0.9458102487388871 Val loss: 0.8408975740629216 Time: 0.7644919001031667
Train loss: 1.0497552227103846 Val loss: 0.8394053243955 Time: 0.8113910001702607
Train loss: 1.0429900806836132 Val loss: 0.733958679269648 Time: 0.7460624000523239
Train loss: 1.3321586374903909 Val loss: 0.7141469146437203 Time: 0.7789237000979483
Shrinking learning rate to 1e-05
Train loss: 1.0896296670242158 Val loss: 0.8620011123715017 Time: 0.7139210999011993
Train loss: 1.0519188393927816 Val loss: 0.90014901892323 Time: 0.6922524999827147
Train loss: 1.1242387618117817 Val loss: 0.8678596509391241 Time: 0.7548639001324773
Train loss: 0.9767155961380238 Val loss: 0.8831161057760539 Time: 0.7168066001031548
Train loss: 1.0558089404039128 Val loss: 0.9034254546717193 Time: 0.7056669001467526
Train loss: 1.0037293241531042 Val loss: 0.9079128196230535 Time: 0.7363482001237571
Train loss: 1.0974841402624467 Val loss: 0.9334037828840316 Time: 0.715147600043565
Train loss: 0.9054877919174107 Val loss: 0.9366751887556859 Time: 0.7473933000583202
Train loss: 1.10648973248962 Val loss: 0.9182884883835314 Time: 0.7163269000593573
Train loss: 0.9565452332042361 Val loss: 0.9156247927402887 Time: 0.7119187000207603
Shrinking learning rate to 1.0000000000000002e-06
Train loss: 1.1807679304094867 Val loss: 0.8001142942179058 Time: 0.7761878999881446
Train loss: 1.1576855521788048 Val loss: 0.8105966052397662 Time: 0.7409602000843734
Train loss: 1.0945896514732514 Val loss: 0.8194119046324886 Time: 0.7280172999016941
Train loss: 1.0891327555253714 Val loss: 0.8268578985234853 Time: 0.7217597998678684
Train loss: 1.1027885604485832 Val loss: 0.8362614026518713 Time: 0.709620599867776
Train loss: 1.0910631216705742 Val loss: 0.842753327664127 Time: 0.8201389999594539
Train loss: 1.1075356619709193 Val loss: 0.8501537535241255 Time: 0.7072066999971867
Train loss: 1.2196195181521239 Val loss: 0.8551005943793655 Time: 0.6945593000855297
Train loss: 1.4730965906774665 Val loss: 0.8617922517560785 Time: 0.7140015000477433
Train loss: 1.0052048410721777 Val loss: 0.8645405461551157 Time: 0.7306443999987096
Shrinking learning rate to 1.0000000000000002e-07
Learning rate getting small
Complete
 Total time: 100.1296817001421