starting log for model: C:\Users\christopher.johnson\Documents\GitHub\flu\gru_2019.pth
Train loss: 12.129932316481927 Val loss: 0.24980580250849016 Time: 0.5326759000308812
Train loss: 11.19224514297457 Val loss: 0.28872565980418585 Time: 0.5361658000620082
Train loss: 10.75633468764704 Val loss: 0.2681204240943771 Time: 0.49040629994124174
Train loss: 9.36794486174756 Val loss: 0.18057456868700683 Time: 0.46762779995333403
Train loss: 7.033777605546665 Val loss: 0.1842717748368159 Time: 0.46806850004941225
Train loss: 5.642164715395034 Val loss: 0.2914926886402327 Time: 0.462870099931024
Train loss: 5.284906271351531 Val loss: 0.37450328739338107 Time: 0.468997799907811
Train loss: 5.047097187997892 Val loss: 0.42690002606809685 Time: 0.49658689997158945
Train loss: 4.711015077314254 Val loss: 0.49664743350413953 Time: 0.5071371000958607
Train loss: 4.349478186360136 Val loss: 0.5598395632003985 Time: 0.48717789992224425
Train loss: 4.137817392861131 Val loss: 0.6308651218424757 Time: 0.48751590005122125
Train loss: 3.8933929395898623 Val loss: 0.7068189291326235 Time: 0.4659576000412926
Train loss: 3.676445597827212 Val loss: 0.773158564030382 Time: 0.4738940999377519
Train loss: 3.4680708707594228 Val loss: 0.8549002136310264 Time: 0.4572253000224009
Train loss: 3.4338449603109553 Val loss: 0.8925037431663441 Time: 0.46908209996763617
Train loss: 3.3010265158752006 Val loss: 0.9498353712642711 Time: 0.46123480005189776
Train loss: 3.1646065571772795 Val loss: 0.9890385217833 Time: 0.46347119996789843
Train loss: 3.156362047154907 Val loss: 1.0298133209365048 Time: 0.4769261999754235
Train loss: 3.0240377670979797 Val loss: 1.0527254577693839 Time: 0.452196600032039
Train loss: 2.9788079098680633 Val loss: 1.0792053486106852 Time: 0.4580207000253722
Train loss: 2.889737168223995 Val loss: 1.0850220900483691 Time: 0.463415400008671
Train loss: 2.9051950219887317 Val loss: 1.0942732821204117 Time: 0.45609740004874766
Train loss: 2.82744081080053 Val loss: 1.0840442851861098 Time: 0.4545941000105813
Train loss: 2.7396779204064785 Val loss: 1.115004450827655 Time: 0.45842739997897297
Train loss: 2.7097430592360823 Val loss: 1.1085000341327031 Time: 0.4646216999972239
Train loss: 2.706165420669791 Val loss: 1.1239185393524167 Time: 0.4650986000197008
Train loss: 2.5774848723127572 Val loss: 1.1279080938388688 Time: 0.46351900009904057
Train loss: 2.5819029193010294 Val loss: 1.0958943431314765 Time: 0.4892252000281587
Train loss: 2.499236560173962 Val loss: 1.1296390948396606 Time: 0.44928179995622486
Train loss: 2.497798953011049 Val loss: 1.0880838887583195 Time: 0.4661732000531629
Train loss: 2.437369371351153 Val loss: 1.097040876758058 Time: 0.4541672000195831
Train loss: 2.372003977771186 Val loss: 1.0703994971081556 Time: 0.45299480005633086
Train loss: 2.2585930541260737 Val loss: 1.0860858682663093 Time: 0.45032860001083463
Train loss: 2.308768361670891 Val loss: 1.0853490194068343 Time: 0.4485183000797406
Train loss: 2.2224943110032838 Val loss: 1.0939093838444478 Time: 0.4605155000463128
Train loss: 2.205626718667677 Val loss: 1.085302752869552 Time: 0.44804199994541705
Train loss: 2.1648873784592295 Val loss: 1.083107647849765 Time: 0.4473619000054896
Train loss: 2.061175300255954 Val loss: 1.1124633097424805 Time: 0.45766670000739396
Train loss: 2.1357713836736387 Val loss: 1.1278116851517552 Time: 0.46124089998193085
Train loss: 2.0560088031440458 Val loss: 1.1318472042247225 Time: 0.4541175999911502
Train loss: 1.9706236106575474 Val loss: 1.1410276563136819 Time: 0.45478000002913177
Train loss: 2.0083858559170054 Val loss: 1.1540405541272207 Time: 0.4550766999600455
Train loss: 1.8515980068798648 Val loss: 1.1860528016723038 Time: 0.47349539992865175
Train loss: 1.8750560989024612 Val loss: 1.1753362862282444 Time: 0.469175000092946
Train loss: 1.8597416223482115 Val loss: 1.1950266758474726 Time: 0.44924480002373457
Train loss: 1.831771487507047 Val loss: 1.1826743704973524 Time: 0.44931489997543395
Train loss: 1.7910990369282191 Val loss: 1.2231607375306428 Time: 0.43616050004493445
Train loss: 1.7744461373328015 Val loss: 1.23386946893595 Time: 0.4329830000642687
Train loss: 1.760889279377433 Val loss: 1.2329680755157142 Time: 0.48654189996887
Train loss: 1.694549210221922 Val loss: 1.2650811202229306 Time: 0.46322020003572106
Train loss: 1.672400273106107 Val loss: 1.3192293870638885 Time: 0.4508174000075087
Train loss: 1.6752812208946608 Val loss: 1.3372981307902592 Time: 0.4446742000291124
Train loss: 1.6025985132517166 Val loss: 1.3230679872986002 Time: 0.46421849995385855
Train loss: 1.606005991577094 Val loss: 1.3405786568059739 Time: 0.43626339989714324
Train loss: 1.5917984512385748 Val loss: 1.4060110864238595 Time: 0.4459383999928832
Train loss: 1.5645603214399442 Val loss: 1.386716297018932 Time: 0.43808599992189556
Train loss: 1.5848189075610737 Val loss: 1.3527353501194739 Time: 0.45491680002305657
Train loss: 1.5493364391376505 Val loss: 1.391605155817615 Time: 0.4412321000127122
Train loss: 1.4625394188708896 Val loss: 1.4246207887508717 Time: 0.4410229999339208
Train loss: 1.5262729878638432 Val loss: 1.4198091191738058 Time: 0.46555399999488145
Train loss: 1.5015987078636757 Val loss: 1.4634287766648413 Time: 0.47195590008050203
Train loss: 1.4489546814458585 Val loss: 1.4449372302397023 Time: 0.44325320003554225
Train loss: 1.448846685448629 Val loss: 1.49641686206769 Time: 0.44495560007635504
Train loss: 1.4646788446135144 Val loss: 1.510683843905099 Time: 0.4543221000349149
Train loss: 1.4098601801431911 Val loss: 1.5182018290717412 Time: 0.46167670004069805
Train loss: 1.3881051195992482 Val loss: 1.5253280165979959 Time: 0.4593338000122458
Train loss: 1.4014731197148962 Val loss: 1.4651453167589352 Time: 0.44494389998726547
Train loss: 1.4080567866924554 Val loss: 1.5378585469259791 Time: 0.4653080999851227
Train loss: 1.3169211660701736 Val loss: 1.5220271622388282 Time: 0.45794419990852475
Train loss: 1.348424117921864 Val loss: 1.533543686633493 Time: 0.48399680003058165
Train loss: 1.3437175774107397 Val loss: 1.533330080948872 Time: 0.4556674000341445
Train loss: 1.2413443572042686 Val loss: 1.5525631771224653 Time: 0.44803139998111874
Train loss: 1.3413652851269138 Val loss: 1.574080245100049 Time: 0.48205310001503676
Train loss: 1.3134738624633648 Val loss: 1.595022571644222 Time: 0.4486249000765383
Train loss: 1.2446548291944028 Val loss: 1.6151300607343728 Time: 0.4468689999775961
Train loss: 1.2778716939061652 Val loss: 1.611589957092292 Time: 0.4459216999821365
Train loss: 1.234184342697695 Val loss: 1.6355869719118346 Time: 0.46293909999076277
Train loss: 1.229445654471803 Val loss: 1.6188079544167522 Time: 0.44281619996763766
Train loss: 1.177260803152791 Val loss: 1.6226634973136242 Time: 0.4446201999671757
Train loss: 1.2343703893983076 Val loss: 1.6756576338875675 Time: 0.4510347999166697
Train loss: 1.2310549785011329 Val loss: 1.7217974469026558 Time: 0.45042869995813817
Train loss: 1.2345793764803576 Val loss: 1.6503149176705847 Time: 0.43506849999539554
Train loss: 1.1709968361233973 Val loss: 1.7266229050519541 Time: 0.4481321000494063
Train loss: 1.1634708592486964 Val loss: 1.7233001325803343 Time: 0.4558843000559136
Train loss: 1.1621726275635433 Val loss: 1.7586919162422419 Time: 0.44888279994484037
Train loss: 1.1520487732235662 Val loss: 1.7214357333941734 Time: 0.44141540001146495
Train loss: 1.1304108669147332 Val loss: 1.7371376268638414 Time: 0.48513879999518394
Train loss: 1.2064583131526612 Val loss: 1.7790289699971709 Time: 0.44311800005380064
Train loss: 1.1333991094886153 Val loss: 1.7785014781547943 Time: 0.4375731999753043
Train loss: 1.1628942161951128 Val loss: 1.7167297531523218 Time: 0.4468362999614328
Train loss: 1.096004080280558 Val loss: 1.817514328877678 Time: 0.455359400017187
Train loss: 1.106679154241867 Val loss: 1.787957216249879 Time: 0.4519982999190688
Train loss: 1.0729607736490916 Val loss: 1.7823300085738083 Time: 0.44836039992515
Train loss: 1.0828752905135666 Val loss: 1.7928988992716768 Time: 0.5032926000421867
Train loss: 1.0831080703759444 Val loss: 1.793493660625245 Time: 0.4542424000101164
Train loss: 1.0941291434409743 Val loss: 1.771785778873891 Time: 0.45399760000873357
Train loss: 1.0488451300550843 Val loss: 1.8112589767260943 Time: 0.4519628999987617
Train loss: 1.0331240904676093 Val loss: 1.8573210526071762 Time: 0.44646660005673766
Train loss: 1.0220934866257483 Val loss: 1.7953599741776998 Time: 0.4394876000005752
Train loss: 1.0999163777517724 Val loss: 1.8075603106917697 Time: 0.43972530006431043
Train loss: 1.0402078735177565 Val loss: 1.904987124211317 Time: 0.4391715999227017
Train loss: 0.9940312744934872 Val loss: 1.936800455185903 Time: 0.4444513999624178
Train loss: 0.9707716314121129 Val loss: 1.9190713862408302 Time: 0.43996360001619905
Train loss: 1.0042500561431706 Val loss: 1.8821459515820607 Time: 0.43801889999303967
Train loss: 1.0224250553507832 Val loss: 1.8970216970847105 Time: 0.44967450003605336
Train loss: 0.9713252498356835 Val loss: 1.9594703950169787 Time: 0.468470299965702
Train loss: 0.9886584132627813 Val loss: 2.006908298976594 Time: 0.46207820007111877
Train loss: 0.9582828746926567 Val loss: 1.9060211701435037 Time: 0.4542559999972582
Train loss: 0.9384169587657363 Val loss: 1.90517824368726 Time: 0.45263559999875724
Train loss: 1.0199484658286293 Val loss: 1.9370372158194868 Time: 0.4515085000311956
Train loss: 0.9943771979049321 Val loss: 1.9416554150884622 Time: 0.4499685000628233
Train loss: 0.9490643253055532 Val loss: 1.9664611428743228 Time: 0.44225309998728335
Train loss: 0.9481208178836091 Val loss: 2.0153997847405662 Time: 0.4448477999540046
Train loss: 0.948044175470214 Val loss: 1.9888118229945917 Time: 0.46174910000991076
Train loss: 0.9875125156487852 Val loss: 2.035651767989293 Time: 0.48654260009061545
Train loss: 0.9188655417993472 Val loss: 2.0444652575970395 Time: 0.45568659994751215
Train loss: 0.9420694424284592 Val loss: 1.9810968534156927 Time: 0.44238519994542
Train loss: 0.9376446178999487 Val loss: 2.0960403887784196 Time: 0.4359945999458432
Train loss: 0.9566590323639854 Val loss: 2.0608202013900154 Time: 0.4400096000172198
Train loss: 0.9406222854902495 Val loss: 2.038372725213776 Time: 0.43928869999945164
Train loss: 0.9073900743490338 Val loss: 2.0478856231857208 Time: 0.4507462999317795
Train loss: 0.9086749743535911 Val loss: 2.05289109473415 Time: 0.44551039999350905
Train loss: 0.8940980392309732 Val loss: 2.0747445175363737 Time: 0.4466283000074327
Train loss: 0.8547731006531514 Val loss: 2.0312131856790074 Time: 0.43908359995111823
Train loss: 0.8652631134548159 Val loss: 2.052777899373403 Time: 0.4585824999958277
Train loss: 0.8469568224317356 Val loss: 2.0605833726901466 Time: 0.4502517000073567
Train loss: 0.8697014404750476 Val loss: 2.095432321019871 Time: 0.4388269999762997
Train loss: 0.8788781205605402 Val loss: 2.1774397195349593 Time: 0.47450620005838573
Train loss: 0.8756572177399748 Val loss: 2.1047349494510854 Time: 0.4531758000375703
Train loss: 0.8834929641227998 Val loss: 2.2444005637480586 Time: 0.47401130001526326
Train loss: 0.8622975114535372 Val loss: 2.1159399529947223 Time: 0.475285500055179
Train loss: 0.8565499711966522 Val loss: 2.1030996427247146 Time: 0.4728791000088677
Train loss: 0.7850111653481804 Val loss: 2.1292352962036603 Time: 0.4491620999760926
Train loss: 0.7886904096428253 Val loss: 2.157423197445951 Time: 0.4582259999588132
Train loss: 0.8257084776832055 Val loss: 2.2298236518909107 Time: 0.4441799999913201
Train loss: 0.827753792557159 Val loss: 2.2065074094552983 Time: 0.44083949993364513
Train loss: 0.8340770261461614 Val loss: 2.0965474271279163 Time: 0.4380523000145331
Train loss: 0.8116548594829425 Val loss: 2.121021864328668 Time: 0.46122709999326617
Train loss: 0.869014611376965 Val loss: 2.219192710886091 Time: 0.4568377999821678
Train loss: 0.8321403445329933 Val loss: 2.2088191913312585 Time: 0.47700859990436584
Train loss: 0.8010402760651552 Val loss: 2.1407497484378837 Time: 0.45772539998870343
Train loss: 0.7795472711629543 Val loss: 2.3099823879301766 Time: 0.44963000004645437
Train loss: 0.7888343100421906 Val loss: 2.227007933267714 Time: 0.47825289994943887
Train loss: 0.7508248979549861 Val loss: 2.286067467625685 Time: 0.4585039000958204
Train loss: 0.8266954423297554 Val loss: 2.216549965041395 Time: 0.4659265000373125
Train loss: 0.7929904969029575 Val loss: 2.1477217141873552 Time: 0.47527239995542914
Train loss: 0.7801539297091971 Val loss: 2.0944883039082924 Time: 0.44553619995713234
Train loss: 0.7559615650750561 Val loss: 2.14151678308383 Time: 0.4607189000817016
Train loss: 0.7571558464635364 Val loss: 2.2736513053741874 Time: 0.4521425999701023
Train loss: 0.691959871664058 Val loss: 2.299860066067822 Time: 0.445683499914594
Train loss: 0.8087554879519878 Val loss: 2.2089171415220274 Time: 0.4342266999883577
Train loss: 0.7254943586943483 Val loss: 2.2235106908317164 Time: 0.44178009999450296
Train loss: 0.7689515262208957 Val loss: 2.322516259063377 Time: 0.4614839000860229
Train loss: 0.7146177682468569 Val loss: 2.2907197067279412 Time: 0.45409330003894866
Train loss: 0.7374808994401352 Val loss: 2.289454130883769 Time: 0.4568784999428317
Train loss: 0.8183973654581727 Val loss: 2.2463682860918652 Time: 0.4457789999432862
Train loss: 0.7257959179386209 Val loss: 2.2851311470403743 Time: 0.45457609998993576
Train loss: 0.7100409485427148 Val loss: 2.2023358376268334 Time: 0.47211390000302345
Train loss: 0.7701975597830142 Val loss: 2.215720633219064 Time: 0.4538364000618458
Shrinking learning rate to 1e-05
Train loss: 0.6857837651096554 Val loss: 2.2129900002346403 Time: 0.45178040000610054
Train loss: 0.6930089971781026 Val loss: 2.2004017820027 Time: 0.4888631999492645
Train loss: 0.6730054190747281 Val loss: 2.1715304118133645 Time: 0.44485750002786517
Train loss: 0.7359907701422364 Val loss: 2.168463302584769 Time: 0.45776509994175285
Train loss: 0.6872109334065954 Val loss: 2.1593982368967772 Time: 0.45466109993867576
Train loss: 0.7581544240963751 Val loss: 2.138757894729679 Time: 0.4707699000136927
Train loss: 0.7098284561486796 Val loss: 2.1221036618735525 Time: 0.5692364999558777
Train loss: 0.694153838636294 Val loss: 2.131031048254954 Time: 0.603226299979724
Train loss: 0.7039865365969655 Val loss: 2.1304420693586508 Time: 0.653032400063239
Train loss: 0.7003650385112157 Val loss: 2.097770699102057 Time: 0.6317211999557912
Train loss: 0.7217854388107053 Val loss: 2.1115509223127447 Time: 0.625086099957116
Train loss: 0.6919441616066191 Val loss: 2.114245076457337 Time: 0.5025619000662118
Shrinking learning rate to 1.0000000000000002e-06
Train loss: 0.6540406353024245 Val loss: 2.168543963626689 Time: 0.529646800016053
Train loss: 0.6630647602756028 Val loss: 2.169206656071765 Time: 0.47561409999616444
Train loss: 0.7645868096544817 Val loss: 2.1670553482040305 Time: 0.6594999999506399
Train loss: 0.7291283611956381 Val loss: 2.165484602995093 Time: 0.5670665999641642
Train loss: 0.7155811635326264 Val loss: 2.162692690683798 Time: 0.5074232999468222
Train loss: 0.7253860288109646 Val loss: 2.1616126509425158 Time: 0.4544287999160588
Train loss: 0.680094073381941 Val loss: 2.163751991701247 Time: 0.48290139995515347
Train loss: 0.7281488556026068 Val loss: 2.162808835404576 Time: 0.6974279000423849
Train loss: 0.7030525446925557 Val loss: 2.163409449647588 Time: 0.6723279000725597
Train loss: 0.6813963905370315 Val loss: 2.1651482682136702 Time: 0.6640914999879897
Shrinking learning rate to 1.0000000000000002e-07
Learning rate getting small
Complete
 Total time: 85.16618910001125