starting log for model: C:\Users\christopher.johnson\Documents\GitHub\flu\gru_drop.pth
Train loss: 16.004916020083982 Val loss: 2.2630833231851284 Time: 1.078525000018999
Train loss: 14.515010604684676 Val loss: 2.1956927931714745 Time: 1.4093567000236362
Train loss: 12.577459247955176 Val loss: 1.7912444366520504 Time: 2.4006672999821603
Train loss: 8.253334214656793 Val loss: 1.1069505658269918 Time: 1.9689779999898747
Train loss: 6.28530863276414 Val loss: 0.9365875393559691 Time: 2.092409799923189
Train loss: 5.7864794463378875 Val loss: 0.9136903985636309 Time: 1.9726541999261826
Train loss: 5.814861771125468 Val loss: 0.8037785051274113 Time: 1.9283055000705644
Train loss: 5.512009737098984 Val loss: 0.7329781375010498 Time: 1.8731334999902174
Train loss: 5.151086807337329 Val loss: 0.719051926425891 Time: 1.8557286000577733
Train loss: 4.9449021812787635 Val loss: 0.7295385589604848 Time: 1.9329540999606252
Train loss: 4.607141289090616 Val loss: 0.6428101376222912 Time: 1.857633400009945
Train loss: 4.782116700032842 Val loss: 0.6794919816784386 Time: 1.8714140999363735
Train loss: 4.858827045747107 Val loss: 0.648839809433639 Time: 1.6026335000060499
Train loss: 4.4472976718388715 Val loss: 0.5771595510595944 Time: 0.9564473999198526
Train loss: 4.144171395625355 Val loss: 0.5540993206959683 Time: 0.9406260999385267
Train loss: 4.021928090117909 Val loss: 0.5590664050832856 Time: 0.9773735000053421
Train loss: 3.578523118128773 Val loss: 0.5053890684916951 Time: 0.9364990000613034
Train loss: 3.2452075575349753 Val loss: 0.44603415118581324 Time: 0.9609816999873146
Train loss: 3.379053050788218 Val loss: 0.40297932780777046 Time: 0.9485358000965789
Train loss: 3.288299438449549 Val loss: 0.3677710162010044 Time: 0.9527503999415785
Train loss: 3.0378239058628753 Val loss: 0.34258513068198226 Time: 0.9370193000650033
Train loss: 2.9247234867966476 Val loss: 0.33463694402598776 Time: 0.9620424000313506
Train loss: 2.7769484956903994 Val loss: 0.3367792995341006 Time: 0.9684254999738187
Train loss: 2.68312593085409 Val loss: 0.34195336773700546 Time: 0.9830483000259846
Train loss: 2.624735607438401 Val loss: 0.3427397374762222 Time: 1.0683531999820843
Train loss: 2.629766924053615 Val loss: 0.35327010953915305 Time: 1.1940420999890193
Train loss: 2.608333690053475 Val loss: 0.34969378197274636 Time: 0.9957806000020355
Train loss: 2.270967904739213 Val loss: 0.37340379497436516 Time: 0.9912630000617355
Train loss: 2.241169809196202 Val loss: 0.4083325295941904 Time: 1.0323961999965832
Train loss: 2.266031637899937 Val loss: 0.4348678044625558 Time: 1.1207609999692068
Train loss: 2.1210024235890312 Val loss: 0.46472252695821226 Time: 0.9703217999776825
Train loss: 2.0719761662187572 Val loss: 0.43096004374092445 Time: 1.0336352000012994
Train loss: 1.9311824006397513 Val loss: 0.4752520879264921 Time: 1.096903899917379
Train loss: 1.786277521125249 Val loss: 0.4233687092200853 Time: 0.9937445999821648
Train loss: 2.0028576533256004 Val loss: 0.5515559012128506 Time: 0.9794500999851152
Train loss: 2.1678692734531015 Val loss: 0.4154824072174961 Time: 0.9679545999970287
Train loss: 1.9753756052101281 Val loss: 0.4980965362046845 Time: 0.9811235000379384
Train loss: 1.908991207927086 Val loss: 0.446487379813334 Time: 0.9935953000094742
Train loss: 1.9396020212558809 Val loss: 0.40217066227342 Time: 1.0036429999163374
Train loss: 1.677285505574209 Val loss: 0.5314882433594903 Time: 0.9894482000963762
Train loss: 1.6024646318759839 Val loss: 0.45098086596408393 Time: 1.0091171999229118
Train loss: 1.6422354742486491 Val loss: 0.5064596152878948 Time: 1.1444553999463096
Train loss: 1.5797655135748587 Val loss: 0.5253868769359542 Time: 1.0975069000851363
Train loss: 1.698400538038295 Val loss: 0.44354968126572203 Time: 1.1752218999899924
Train loss: 1.6422784375848742 Val loss: 0.42546483140904456 Time: 1.121532200020738
Train loss: 1.441656254827799 Val loss: 0.35286278979765484 Time: 1.112868900061585
Train loss: 1.4601880327002448 Val loss: 0.4053459861970623 Time: 0.974608700023964
Train loss: 1.356982887272637 Val loss: 0.3825630477076629 Time: 0.9845634000375867
Train loss: 1.2273414108544365 Val loss: 0.42540266422292916 Time: 1.0025052999844775
Train loss: 1.3933334051809891 Val loss: 0.3485711526591331 Time: 0.9876733999699354
Train loss: 1.3136762897706862 Val loss: 0.37828808684571413 Time: 0.9930653000483289
Train loss: 1.1942106903564007 Val loss: 0.3703902679408202 Time: 1.0079602000769228
Train loss: 1.1691330823169328 Val loss: 0.3737296979925304 Time: 1.184624099987559
Train loss: 1.3444588135092819 Val loss: 0.39216011094640635 Time: 1.1035183999920264
Train loss: 1.1492723980788246 Val loss: 0.37837691845180643 Time: 1.1154186000349
Train loss: 1.052840594923743 Val loss: 0.361431926547084 Time: 1.2470533999148756
Train loss: 1.0857436320928802 Val loss: 0.3690156383718204 Time: 1.0792383999796584
Train loss: 1.1823630282942919 Val loss: 0.357962063027216 Time: 1.1098129000747576
Train loss: 1.0735640786725975 Val loss: 0.3747061803048837 Time: 1.1027792000677437
Train loss: 1.1596809261767982 Val loss: 0.4911266066524256 Time: 1.1837754000443965
Train loss: 1.076982671628973 Val loss: 0.4880615343554382 Time: 1.1094664999982342
Train loss: 1.0330626070158258 Val loss: 0.3499484882394057 Time: 1.216819499968551
Train loss: 1.0976478974678467 Val loss: 0.4402444919394952 Time: 0.9906761000165716
Train loss: 0.8667196256248203 Val loss: 0.3311966664690047 Time: 1.008555299951695
Train loss: 0.9687827995689478 Val loss: 0.2488683484215244 Time: 1.1545425000367686
Train loss: 0.9468420502767174 Val loss: 0.3814598168709722 Time: 1.1247219999786466
Train loss: 0.9519156637238638 Val loss: 0.4028019463445389 Time: 1.1330895000137389
Train loss: 0.8602074946879807 Val loss: 0.2634337836383338 Time: 1.1711437000194564
Train loss: 0.8398010445302919 Val loss: 0.3115931111951795 Time: 1.2190456000389531
Train loss: 0.9607460422342003 Val loss: 0.29878855880696165 Time: 1.1614561000606045
Train loss: 1.0031653318580491 Val loss: 0.4994653721740008 Time: 1.1395062999799848
Train loss: 0.9415585218085487 Val loss: 0.4015386124399871 Time: 1.1184606000315398
Train loss: 0.8856306337537632 Val loss: 0.4029470472108869 Time: 1.1560307999607176
Train loss: 0.8339788583775372 Val loss: 0.4499165980175803 Time: 1.2911605999106541
Train loss: 0.9705387393261573 Val loss: 0.8026698164760262 Time: 1.1254938000347465
Train loss: 0.917458285783487 Val loss: 0.2851451618089733 Time: 1.1576220999704674
Train loss: 0.905830809360495 Val loss: 0.5763845488766037 Time: 1.140760499984026
Train loss: 0.9787562201698033 Val loss: 0.2880662759796877 Time: 1.019211299950257
Train loss: 0.7977477694737463 Val loss: 0.42248300092103364 Time: 1.1100745999719948
Train loss: 0.9439211189463073 Val loss: 0.4399200611390012 Time: 1.2065808000043035
Train loss: 1.0621011400425624 Val loss: 0.3039790643460947 Time: 1.2038090999703854
Train loss: 0.87711256795835 Val loss: 0.4271148377592908 Time: 1.139852900058031
Train loss: 0.7782783897559712 Val loss: 0.34267566923324466 Time: 1.115757199935615
Train loss: 0.7711776300374021 Val loss: 0.3901375617829217 Time: 1.0546301000285894
Train loss: 0.9918268508747312 Val loss: 0.3449671431353636 Time: 1.1428318000398576
Train loss: 0.8084652182262757 Val loss: 0.5087445550375378 Time: 1.2151430000085384
Train loss: 0.7766180228282853 Val loss: 0.3847111346823002 Time: 1.021203099982813
Train loss: 0.7958394890287634 Val loss: 0.4194187448786124 Time: 1.1220083000371233
Train loss: 0.8668400376949572 Val loss: 0.3047446536984353 Time: 1.134311500005424
Train loss: 0.7288698993327496 Val loss: 0.28588878550544905 Time: 1.024573199916631
Train loss: 0.7104879298968456 Val loss: 0.5061113589981687 Time: 1.1234772999305278
Train loss: 0.7142433382098575 Val loss: 0.3861198907652579 Time: 1.1460185999749228
Train loss: 0.7063692245967035 Val loss: 0.44888667595114384 Time: 1.2259577999357134
Train loss: 0.7086446056884671 Val loss: 0.5680147161438072 Time: 1.1461186999222264
Train loss: 0.6931065065415016 Val loss: 0.26698712976485695 Time: 1.1263966999249533
Train loss: 0.7220479825042466 Val loss: 0.5540694459523365 Time: 1.1491432000184432
Train loss: 0.7970557450125401 Val loss: 0.4701375458971597 Time: 1.1654676999896765
Train loss: 0.7032840018167543 Val loss: 0.31179321738 Time: 1.012900400091894
Train loss: 0.6923110861257755 Val loss: 0.27841034716402646 Time: 1.2403505999827757
Train loss: 0.708664738553904 Val loss: 0.709204891724653 Time: 1.153453900013119
Train loss: 0.6583637499319488 Val loss: 0.2599557701455524 Time: 1.125626299995929
Train loss: 0.7173391494039301 Val loss: 0.3265571825322695 Time: 1.1110330000519753
Train loss: 0.6433802283896503 Val loss: 0.4247704121812603 Time: 1.0731749000260606
Train loss: 0.5912846713362505 Val loss: 0.3404142726722057 Time: 0.956665699952282
Train loss: 0.77508627388777 Val loss: 0.460881178980344 Time: 0.9620912000536919
Train loss: 0.5457685060898292 Val loss: 0.3002984757076774 Time: 0.9538216000655666
Train loss: 0.6170743770247256 Val loss: 0.4630126867850777 Time: 0.9854665999300778
Train loss: 0.6833070603889666 Val loss: 0.35144590512209106 Time: 0.9230350999860093
Train loss: 0.7260876486981322 Val loss: 0.294164192120661 Time: 0.913571699988097
Train loss: 0.5661139887678948 Val loss: 0.5576526838121936 Time: 0.9373264999594539
Train loss: 1.160595455849231 Val loss: 0.31527075859048637 Time: 0.9548235000111163
Train loss: 0.6546014236755908 Val loss: 0.42800653592395577 Time: 1.0123252000194043
Train loss: 0.722062054009193 Val loss: 0.2826482975651743 Time: 1.1449531000107527
Train loss: 0.801806770813557 Val loss: 0.37556095825857483 Time: 1.106627200031653
Train loss: 0.6615482215325006 Val loss: 0.2861457230828819 Time: 1.191344999941066
Shrinking learning rate to 1e-05
Train loss: 0.62214173096352 Val loss: 0.32812100977025693 Time: 0.9736607000231743
Train loss: 0.5468908147238833 Val loss: 0.33855919447523775 Time: 0.9778863000683486
Train loss: 0.6346175210402161 Val loss: 0.3230364088958595 Time: 0.912963500013575
Train loss: 0.5479561016248375 Val loss: 0.33026516894460656 Time: 0.8782079999800771
Train loss: 0.6001049710544846 Val loss: 0.3381691656104522 Time: 0.88878320006188
Train loss: 0.48170889843695264 Val loss: 0.3520035345427459 Time: 0.9149062000215054
Train loss: 0.5199953851298024 Val loss: 0.34479010841459967 Time: 0.9046560999704525
Train loss: 0.5657217206987912 Val loss: 0.3245013408595696 Time: 0.9479348000604659
Train loss: 0.7456008599314489 Val loss: 0.37739009139477275 Time: 0.9884079000912607
Train loss: 0.5473870798901959 Val loss: 0.3391182187187951 Time: 1.0299418999347836
Train loss: 0.5179517876991934 Val loss: 0.3572160804324085 Time: 1.3660423000110313
Train loss: 0.6317977213628998 Val loss: 0.3677195961208781 Time: 1.9204298000549898
Train loss: 0.5799213596986141 Val loss: 0.34885400661733 Time: 1.0570144000230357
Train loss: 0.42879723475356524 Val loss: 0.36158816936949734 Time: 1.0976901999674737
Train loss: 0.5612423284032282 Val loss: 0.3466074593743542 Time: 1.1225215999875218
Train loss: 0.5738418820830273 Val loss: 0.32154232007451355 Time: 1.1227063999976963
Train loss: 0.5432307049592058 Val loss: 0.3370831088395789 Time: 1.2466426999308169
Train loss: 0.6154758690845884 Val loss: 0.35935188848816324 Time: 1.1527441999642178
Train loss: 0.4143629936878788 Val loss: 0.3555868204712169 Time: 1.419418300036341
Train loss: 0.47183491823376417 Val loss: 0.33195565262576565 Time: 1.8312568999826908
Train loss: 0.6252717768191822 Val loss: 0.35924020991660655 Time: 1.36716229992453
Train loss: 0.4884911339317259 Val loss: 0.3571896349749295 Time: 1.3428550000535324
Train loss: 0.5590505826388594 Val loss: 0.357480007558479 Time: 1.105779799981974
Train loss: 0.4932469030273618 Val loss: 0.3834899036010029 Time: 1.2768749999813735
Train loss: 0.4726009857379381 Val loss: 0.3683623525284929 Time: 1.2543260999955237
Train loss: 0.5584542868176994 Val loss: 0.370713739466737 Time: 1.2056041000178084
Train loss: 0.5530045731415323 Val loss: 0.36098454758757725 Time: 1.1081735999323428
Train loss: 0.5369425028788333 Val loss: 0.3680215287313331 Time: 1.0522422000067309
Shrinking learning rate to 1.0000000000000002e-06
Train loss: 0.5617526821067409 Val loss: 0.3534715468704235 Time: 0.9414284999947995
Train loss: 0.5151271405652813 Val loss: 0.3545797002589097 Time: 0.971688799909316
Train loss: 0.5300041697282589 Val loss: 0.3537056780915009 Time: 1.0060580000281334
Train loss: 0.5531548611311976 Val loss: 0.3512214282673085 Time: 1.1093923000153154
Train loss: 0.481946160436447 Val loss: 0.35483833037142176 Time: 1.0994965999852866
Train loss: 0.49215295602197673 Val loss: 0.35363397932087537 Time: 1.150416399934329
Train loss: 0.4968465289356635 Val loss: 0.3536457562731812 Time: 0.9842101000249386
Train loss: 0.4723984407571358 Val loss: 0.3547250295523554 Time: 1.0064694000175223
Train loss: 0.39677814832423014 Val loss: 0.3533529074047692 Time: 0.9801694999914616
Train loss: 0.5275177204077179 Val loss: 0.3529642697685631 Time: 1.005423399969004
Train loss: 0.42509513948803157 Val loss: 0.3564745692710858 Time: 1.0958951000357047
Train loss: 0.47617757611415534 Val loss: 0.3556083878793288 Time: 1.1205155999632552
Train loss: 0.5711797092852937 Val loss: 0.3571899104426848 Time: 1.0980496999109164
Train loss: 0.5444539320638393 Val loss: 0.35528674809029326 Time: 0.9883409000467509
Train loss: 0.653567808280318 Val loss: 0.35774343501543626 Time: 0.9785129999509081
Train loss: 0.470536470167227 Val loss: 0.3538134092086693 Time: 1.004258800065145
Train loss: 0.6490478657638321 Val loss: 0.3548608738637995 Time: 0.9814855000004172
Train loss: 0.5311600595482586 Val loss: 0.3532852259813808 Time: 0.9721984999487177
Shrinking learning rate to 1.0000000000000002e-07
Learning rate getting small
Complete
 Total time: 184.58501399995293