starting log for model: C:\Users\christopher.johnson\Documents\GitHub\flu\gru_2019_usa.pth
Train loss: 11.66003859676556 Val loss: 0.2641284261699184 Time: 0.8541117000859231
Train loss: 11.464572997825403 Val loss: 0.282018041165486 Time: 0.5548249001149088
Train loss: 11.239236716166912 Val loss: 0.26946597230198677 Time: 0.4848455002065748
Train loss: 10.762840265459658 Val loss: 0.23425426770700142 Time: 0.5221472000703216
Train loss: 9.51892966556261 Val loss: 0.15503739909036085 Time: 0.5123962999787182
Train loss: 7.6542780129121155 Val loss: 0.1451083823285444 Time: 0.5069424998946488
Train loss: 6.424821788060626 Val loss: 0.2058943920675631 Time: 0.5110703001264483
Train loss: 6.005572939339086 Val loss: 0.2604375483117052 Time: 0.4820694997906685
Train loss: 5.682935993601291 Val loss: 0.2976110176718123 Time: 0.49182130000554025
Train loss: 5.508375332706237 Val loss: 0.3407100307206292 Time: 0.48315849993377924
Train loss: 5.284811181669994 Val loss: 0.3774582272197051 Time: 0.4675805999431759
Train loss: 5.025914447165135 Val loss: 0.41327868728438943 Time: 0.47822669986635447
Train loss: 4.845468555663075 Val loss: 0.45948692117917744 Time: 0.46758860000409186
Train loss: 4.693345986702515 Val loss: 0.5106276247079222 Time: 0.48230049991980195
Train loss: 4.511186011872397 Val loss: 0.5639651375669246 Time: 0.4811657997779548
Train loss: 4.336494196298668 Val loss: 0.6194918642980838 Time: 0.44648200017400086
Train loss: 4.161260817460249 Val loss: 0.6777890825532609 Time: 0.4430422999430448
Train loss: 4.010455416523509 Val loss: 0.7517051683462341 Time: 0.5404491000808775
Train loss: 3.847564012387224 Val loss: 0.8059492965767276 Time: 0.5389487999491394
Train loss: 3.7852059478010176 Val loss: 0.8774982531758724 Time: 0.4530658998992294
Train loss: 3.5980100229552563 Val loss: 0.9380185905611143 Time: 0.4689447998534888
Train loss: 3.433660080646025 Val loss: 1.0256524625583552 Time: 0.45404289988800883
Train loss: 3.352233113802839 Val loss: 1.0705893854610622 Time: 0.43292069993913174
Train loss: 3.303675379655653 Val loss: 1.1217711975914426 Time: 0.45557460002601147
Train loss: 3.182596310857406 Val loss: 1.155212892073905 Time: 0.5947517000604421
Train loss: 3.122953813650886 Val loss: 1.1848702107236022 Time: 0.4761596000753343
Train loss: 3.031424886282274 Val loss: 1.2250088936998509 Time: 0.4725796999409795
Train loss: 2.9216922178709215 Val loss: 1.2406683303706814 Time: 0.4450803999789059
Train loss: 2.882691049264495 Val loss: 1.2316604310108232 Time: 0.447676699841395
Train loss: 2.821428915931989 Val loss: 1.2659909097128548 Time: 0.45752609986811876
Train loss: 2.7424942688049283 Val loss: 1.249234130318655 Time: 0.44492190005257726
Train loss: 2.5992939355468323 Val loss: 1.2412077336962 Time: 0.45633889990858734
Train loss: 2.5647987685502915 Val loss: 1.257537735801634 Time: 0.4378957999870181
Train loss: 2.5484246642625905 Val loss: 1.236255067431557 Time: 0.4591634999960661
Train loss: 2.4904349020047682 Val loss: 1.2418904951377954 Time: 0.4583483000751585
Train loss: 2.3915926268281957 Val loss: 1.2304035053057305 Time: 0.45516969985328615
Train loss: 2.4139411607014667 Val loss: 1.1782452610598284 Time: 0.4498292999342084
Train loss: 2.389976966496718 Val loss: 1.1700041634780973 Time: 0.45884119998663664
Train loss: 2.302926141496159 Val loss: 1.1610634540030151 Time: 0.6033620999660343
Train loss: 2.2224188017216946 Val loss: 1.1318791270623478 Time: 0.8422813999932259
Train loss: 2.159131475241315 Val loss: 1.1146721526276906 Time: 0.8582777001429349
Train loss: 2.1527949527117087 Val loss: 1.1005006965988287 Time: 0.5187373999506235
Train loss: 2.092367755454772 Val loss: 1.0929822643229272 Time: 0.5086636999621987
Train loss: 2.012733373144769 Val loss: 1.0970574431025852 Time: 0.5085753002204001
Train loss: 2.041198642883905 Val loss: 1.07483983428574 Time: 0.6450815999414772
Train loss: 1.9627156149766192 Val loss: 1.0784805994599083 Time: 0.4872592000756413
Train loss: 1.998335369943712 Val loss: 1.111514141914995 Time: 0.5409503998234868
Train loss: 1.9243053668468502 Val loss: 1.1064555231478153 Time: 0.5295884001534432
Train loss: 1.8952057295406775 Val loss: 1.0959841902584202 Time: 0.5894987999927253
Train loss: 1.8294222056913911 Val loss: 1.0939717518031102 Time: 0.833295000018552
Train loss: 1.8261494448580466 Val loss: 1.1103531926024743 Time: 0.6035184001084417
Train loss: 1.7514013341259704 Val loss: 1.1106552278351023 Time: 0.6255542999133468
Train loss: 1.6914286879027163 Val loss: 1.1472431545330437 Time: 0.5986973999533802
Train loss: 1.7611155158662573 Val loss: 1.1577780885500033 Time: 0.5657826999668032
Train loss: 1.6484932842715967 Val loss: 1.137326568367051 Time: 0.5589792998507619
Train loss: 1.5876033103891238 Val loss: 1.1326950261139501 Time: 0.524457799969241
Train loss: 1.564177545281737 Val loss: 1.1426117160772264 Time: 0.48010609997436404
Train loss: 1.5466617842052306 Val loss: 1.173996778660694 Time: 0.47174450010061264
Train loss: 1.4877221954056141 Val loss: 1.1778181755462924 Time: 0.4565099999308586
Train loss: 1.487058365665881 Val loss: 1.1772884359595537 Time: 0.45198839996010065
Train loss: 1.3524517476911486 Val loss: 1.1686236347152317 Time: 0.4629858999978751
Train loss: 1.405913159533533 Val loss: 1.2042236376703386 Time: 0.4557513000909239
Train loss: 1.342071596346078 Val loss: 1.228225878701437 Time: 0.46660819998942316
Train loss: 1.3242553922271068 Val loss: 1.2237833573281023 Time: 0.4566957000643015
Train loss: 1.2705883472452086 Val loss: 1.284248559131811 Time: 0.4688191001769155
Train loss: 1.2907662719943707 Val loss: 1.2648057991780206 Time: 0.4740223998669535
Train loss: 1.255146505304305 Val loss: 1.293053424988102 Time: 0.5182490001898259
Train loss: 1.2032373672956516 Val loss: 1.3692152815660847 Time: 0.4648097001481801
Train loss: 1.2488428551709803 Val loss: 1.3236572131268076 Time: 0.4945773999206722
Train loss: 1.1235899677220822 Val loss: 1.2978830775291499 Time: 0.4711951999925077
Train loss: 1.1850423764531604 Val loss: 1.367884797413808 Time: 0.47769890003837645
Train loss: 1.1310979063155768 Val loss: 1.344154470220019 Time: 0.471243399893865
Train loss: 1.1007773734271051 Val loss: 1.2912690882337756 Time: 0.4495369999203831
Train loss: 1.0842999318158681 Val loss: 1.4492968181832566 Time: 0.4809095000382513
Train loss: 1.062884811263764 Val loss: 1.3959505519387676 Time: 0.45895990007556975
Train loss: 1.0984056388262502 Val loss: 1.3738371066101536 Time: 0.4582211999222636
Train loss: 1.0324504363099152 Val loss: 1.4526536436901551 Time: 0.4703202999662608
Train loss: 1.0121889884602737 Val loss: 1.4213717677581599 Time: 0.4746817999985069
Train loss: 1.0257561641174098 Val loss: 1.51579645284437 Time: 0.45605000015348196
Train loss: 1.043253726309274 Val loss: 1.5173414662485811 Time: 0.4731000999454409
Train loss: 0.952057707742977 Val loss: 1.4822332971247438 Time: 0.48747480008751154
Train loss: 1.0202729548789904 Val loss: 1.529419659854284 Time: 0.4759094000328332
Train loss: 0.967651608297901 Val loss: 1.5255449654105178 Time: 0.45546439988538623
Train loss: 0.9523086404584727 Val loss: 1.5330988125176574 Time: 0.439633300062269
Train loss: 0.9208799101904486 Val loss: 1.5633644353766556 Time: 0.4726561000570655
Train loss: 0.924555124891782 Val loss: 1.4629376591124128 Time: 0.4471968000289053
Train loss: 0.9119226043275646 Val loss: 1.6145019763830533 Time: 0.4669967000372708
Train loss: 0.933646389266918 Val loss: 1.5306804480369465 Time: 0.4634716999717057
Train loss: 0.9029825442995043 Val loss: 1.6202208531161588 Time: 0.45282910019159317
Train loss: 0.8294315157920238 Val loss: 1.6254012812746623 Time: 0.45856960001401603
Train loss: 0.8902681331330067 Val loss: 1.5678293193413992 Time: 0.44631860009394586
Train loss: 0.8444890767292786 Val loss: 1.5954715301696263 Time: 0.48108449997380376
Train loss: 0.8741527058598381 Val loss: 1.5689453581326234 Time: 0.47077650018036366
Train loss: 0.8484531557258421 Val loss: 1.632318357830627 Time: 0.447209200123325
Train loss: 0.7653829251279669 Val loss: 1.6733881828433823 Time: 0.4694181000813842
Train loss: 0.8365994791749998 Val loss: 1.6938591820592492 Time: 0.47590439999476075
Train loss: 0.7881418059867129 Val loss: 1.7194980114472855 Time: 0.45462119998410344
Train loss: 0.7804947724433722 Val loss: 1.7478741907275435 Time: 0.45127000007778406
Train loss: 0.7726126313831374 Val loss: 1.8139657024712506 Time: 0.45965490001253784
Train loss: 0.7575619226749137 Val loss: 1.7821938087470102 Time: 0.45885910000652075
Train loss: 0.7914939635790432 Val loss: 1.674768170940638 Time: 0.47191209997981787
Train loss: 0.7658653462431572 Val loss: 1.7629303712419642 Time: 0.45695340004749596
Train loss: 0.746796364801529 Val loss: 1.7502456766187606 Time: 0.4639278999529779
Train loss: 0.6993267838531239 Val loss: 1.798156746583345 Time: 0.4617776998784393
Train loss: 0.7079205230126268 Val loss: 1.731021275936655 Time: 0.47009399998933077
Train loss: 0.7469641123548048 Val loss: 1.7400653255026555 Time: 0.47837539995089173
Train loss: 0.7711127084443063 Val loss: 1.7991264352326652 Time: 0.4394227000884712
Train loss: 0.6822428752051337 Val loss: 1.8941681295121384 Time: 0.46750010014511645
Train loss: 0.6521591896369361 Val loss: 1.8221351906021255 Time: 0.4632763999979943
Train loss: 0.7276893027731859 Val loss: 1.9272895938567478 Time: 0.4822851999197155
Train loss: 0.6651894358623274 Val loss: 1.8010454910945555 Time: 0.46627330011688173
Train loss: 0.7140815797329534 Val loss: 1.8855103727632923 Time: 0.4534854998346418
Train loss: 0.6760465155596336 Val loss: 1.9638445765525603 Time: 0.4459428999107331
Train loss: 0.5886242792863041 Val loss: 1.925974742035578 Time: 0.4677470999304205
Train loss: 0.6879454376095708 Val loss: 1.9069217655942339 Time: 0.4570549000054598
Train loss: 0.6571876546887658 Val loss: 1.9776014446100305 Time: 0.475453200051561
Train loss: 0.6269060320367537 Val loss: 1.978895911734412 Time: 0.4798282999545336
Train loss: 0.6101330497645421 Val loss: 1.9303492861162113 Time: 0.4765047999098897
Train loss: 0.6148611606915577 Val loss: 2.001521651326584 Time: 0.46697469986975193
Train loss: 0.6067264566025878 Val loss: 1.9822870653779319 Time: 0.47916450002230704
Train loss: 0.6035419287561551 Val loss: 1.9552774998787115 Time: 0.4663171998690814
Train loss: 0.5883080952418149 Val loss: 1.9948516958975233 Time: 0.44752079993486404
Train loss: 0.5809396378449988 Val loss: 1.9897750004138288 Time: 0.45074720005504787
Train loss: 0.6107864665779532 Val loss: 2.06615193630023 Time: 0.4708247999660671
Train loss: 0.6070151689185294 Val loss: 2.133778420611634 Time: 0.44628749997355044
Train loss: 0.6075308572990181 Val loss: 2.047758058420797 Time: 0.44235170003958046
Train loss: 0.5839822665661814 Val loss: 1.999612456005707 Time: 0.4346396999899298
Train loss: 0.6048683748395752 Val loss: 2.105584862730211 Time: 0.4495381999295205
Train loss: 0.5864687467526898 Val loss: 1.9576226591102568 Time: 0.46293569984845817
Train loss: 0.5642659448052193 Val loss: 2.0420957371425175 Time: 0.45291229989379644
Train loss: 0.6072740577754052 Val loss: 2.1401263824091075 Time: 0.5314060999080539
Train loss: 0.5617500751717657 Val loss: 2.0708585446791403 Time: 0.5223096001427621
Train loss: 0.5553399057796118 Val loss: 2.096085971249977 Time: 0.47989610000513494
Train loss: 0.5374124548504429 Val loss: 2.0604657723803257 Time: 0.46909489994868636
Train loss: 0.476067706773323 Val loss: 2.0182427374161307 Time: 0.4801715000066906
Train loss: 0.5592776849982375 Val loss: 2.140066066908844 Time: 0.47128470009192824
Train loss: 0.5298735093881284 Val loss: 2.176324073785736 Time: 0.47236259980127215
Train loss: 0.5741305585947476 Val loss: 2.068077995018484 Time: 0.49830209999345243
Train loss: 0.5378346923255126 Val loss: 1.9706014183539082 Time: 0.45021469984203577
Train loss: 0.5531439289038003 Val loss: 2.2429931092383413 Time: 0.4726335001178086
Train loss: 0.5425448541241593 Val loss: 2.2988767551405545 Time: 0.47714009997434914
Train loss: 0.5345864494419813 Val loss: 2.244349809360756 Time: 0.5721432999707758
Train loss: 0.5424865683529356 Val loss: 2.1324717267671076 Time: 0.42800879990682006
Train loss: 0.5250285253074134 Val loss: 2.132786430031956 Time: 0.4538956000469625
Shrinking learning rate to 1e-05
Train loss: 0.5235894510517127 Val loss: 1.9894262710990267 Time: 0.46041929977945983
Train loss: 0.5081982421110922 Val loss: 1.9977991319585726 Time: 0.4602556999307126
Train loss: 0.5405932594294154 Val loss: 1.9804550188560084 Time: 0.4569397000595927
Train loss: 0.5086984751131851 Val loss: 1.9817120657153282 Time: 0.46734339999966323
Train loss: 0.5185021952592548 Val loss: 1.9797924989566127 Time: 0.4673357999417931
Train loss: 0.5191492737048833 Val loss: 1.9880417575259344 Time: 0.4608169998973608
Train loss: 0.4969600736714259 Val loss: 1.9725783822377707 Time: 0.46796090016141534
Train loss: 0.5384796315975224 Val loss: 1.974021212388834 Time: 0.4470305999275297
Train loss: 0.4853368095053483 Val loss: 1.9553597957425382 Time: 0.46727690007537603
Train loss: 0.5393995272866137 Val loss: 1.957006886022782 Time: 0.48345169983804226
Shrinking learning rate to 1.0000000000000002e-06
Train loss: 0.5226581539373782 Val loss: 2.019507678467562 Time: 0.45072970003820956
Train loss: 0.5174441641192935 Val loss: 2.0214622379000957 Time: 0.47389909997582436
Train loss: 0.5481090018410741 Val loss: 2.0202667985512335 Time: 0.4277717999648303
Train loss: 0.5194694933186836 Val loss: 2.020618387503987 Time: 0.4494249999988824
Train loss: 0.5485258918904863 Val loss: 2.017516178656905 Time: 0.44699650001712143
Train loss: 0.5116540314384884 Val loss: 2.0170552428988064 Time: 0.45522150001488626
Train loss: 0.5636723649143276 Val loss: 2.016301199697697 Time: 0.4382527000270784
Train loss: 0.5215555122814144 Val loss: 2.0160188907916248 Time: 0.43985379999503493
Train loss: 0.5796271200112337 Val loss: 2.011325577738276 Time: 0.4421346001327038
Train loss: 0.5367098517558659 Val loss: 2.010657973344564 Time: 0.48360930010676384
Shrinking learning rate to 1.0000000000000002e-07
Learning rate getting small
Complete
 Total time: 80.1832785999868