starting log for model: C:\Users\christopher.johnson\Documents\GitHub\flu\gru_drop_B.pth
Train loss: 15.139793556005301 Val loss: 2.2292365625180537 Time: 1.2627576000522822
Train loss: 14.366628299220224 Val loss: 2.196917652647244 Time: 1.3148918999359012
Train loss: 13.465650166248906 Val loss: 2.090105202878476 Time: 1.2406041000504047
Train loss: 9.213832603364565 Val loss: 1.2065305564319715 Time: 1.3082772998604923
Train loss: 6.5317313727233834 Val loss: 0.9876896464265883 Time: 1.1612430999521166
Train loss: 5.819642660830219 Val loss: 0.930407643027138 Time: 1.0911286999471486
Train loss: 5.564099631982013 Val loss: 0.9711096571845701 Time: 1.3315384001471102
Train loss: 5.873561608274159 Val loss: 1.000122079407447 Time: 1.2503585000522435
Train loss: 5.2160705409315575 Val loss: 0.9682824501942378 Time: 1.284913299838081
Train loss: 4.9404044918766 Val loss: 0.9548002224692027 Time: 1.294381600106135
Train loss: 4.429955735944265 Val loss: 0.8146737988572568 Time: 1.3534095000941306
Train loss: 4.094268157140345 Val loss: 0.8661250853074307 Time: 1.2300448999740183
Train loss: 4.342066530071555 Val loss: 0.8909779656705723 Time: 1.4760302000213414
Train loss: 4.074044014276346 Val loss: 0.8239479421628175 Time: 1.3814073998946697
Train loss: 3.9630673411755595 Val loss: 0.72249924013704 Time: 1.298531400039792
Train loss: 3.471820430218465 Val loss: 0.7870094500810865 Time: 1.209442000137642
Train loss: 3.516424963457847 Val loss: 0.6973070533422288 Time: 1.323898599948734
Train loss: 3.543038759969536 Val loss: 0.7866045224618574 Time: 1.2732075999956578
Train loss: 3.5460114610904276 Val loss: 0.5869406205201813 Time: 1.2934012000914663
Train loss: 3.0310168772621995 Val loss: 0.5813641571585322 Time: 1.2029530999716371
Train loss: 3.2133107336504616 Val loss: 0.45776011096313596 Time: 1.3031872999854386
Train loss: 3.0322193762802083 Val loss: 0.5129101427737623 Time: 1.2204865999519825
Train loss: 2.7341571518289887 Val loss: 0.415794329022674 Time: 1.1347411000169814
Train loss: 2.670075882140494 Val loss: 0.4925459459191188 Time: 1.2700403998605907
Train loss: 2.5565396069424895 Val loss: 0.39217435567741177 Time: 1.2595555000007153
Train loss: 2.5513749819404876 Val loss: 0.34924729335762095 Time: 1.3277901001274586
Train loss: 2.7386125600855125 Val loss: 0.4254625449029845 Time: 1.2454607000108808
Train loss: 2.467279139930897 Val loss: 0.5560456006933236 Time: 1.328365399967879
Train loss: 2.7250357352441252 Val loss: 0.3284292155210551 Time: 1.2537166001275182
Train loss: 2.6243460089717656 Val loss: 0.32665330186137 Time: 1.355674299877137
Train loss: 2.5454887696130832 Val loss: 0.3751559513621032 Time: 1.1506101000122726
Train loss: 2.491069731227581 Val loss: 0.367136912769638 Time: 1.2808438001666218
Train loss: 2.3040849030985435 Val loss: 0.401635474874638 Time: 1.3920992000494152
Train loss: 2.4061357040774745 Val loss: 0.43128717062063515 Time: 1.249117499915883
Train loss: 2.1446146725827155 Val loss: 0.3992955477006035 Time: 1.5883483001962304
Train loss: 2.1312420982576157 Val loss: 0.46104131534229964 Time: 1.614672299940139
Train loss: 2.090619982904151 Val loss: 0.41551288083428517 Time: 1.8966959998942912
Train loss: 2.2590582077316306 Val loss: 0.4106594794575358 Time: 1.3909754999913275
Train loss: 2.119631965556545 Val loss: 0.4049203002359718 Time: 1.3713298002257943
Train loss: 2.2157368355186744 Val loss: 0.45375608539325185 Time: 1.3154265000484884
Train loss: 2.2983749584729565 Val loss: 0.43337460346810985 Time: 1.5651692999526858
Train loss: 1.991063036190092 Val loss: 0.4415028062649071 Time: 1.3255863001104444
Train loss: 1.9098286318007656 Val loss: 0.4777694472577423 Time: 2.0855525999795645
Train loss: 2.2563504853333836 Val loss: 0.4206513247336261 Time: 1.335732099832967
Train loss: 2.10852330436579 Val loss: 0.5034823805326596 Time: 1.5987099998164922
Train loss: 2.0090848982989575 Val loss: 0.46579929877771065 Time: 1.183103600051254
Train loss: 1.9065862683656114 Val loss: 0.3937170483986847 Time: 1.2727647998835891
Train loss: 1.733010439187964 Val loss: 0.5348075845572566 Time: 1.3472925999667495
Train loss: 1.8326570030276663 Val loss: 0.3489080631698016 Time: 1.2376834999304265
Train loss: 1.7870341983744964 Val loss: 0.425101448665373 Time: 1.3776324999053031
Train loss: 1.889806277374106 Val loss: 0.524413417748292 Time: 1.3097194000147283
Train loss: 1.8272976498258409 Val loss: 0.43922070536063984 Time: 1.3947089998982847
Train loss: 2.0723561597921583 Val loss: 0.4571616258472204 Time: 1.3002031999640167
Train loss: 1.5227134254139525 Val loss: 0.46970616799080744 Time: 1.3588785999454558
Train loss: 1.5046098194464577 Val loss: 0.3743594151455909 Time: 1.256468600127846
Train loss: 1.5028473109387366 Val loss: 0.7969693953637034 Time: 1.3925415000412613
Train loss: 1.5434842285311547 Val loss: 0.8191136011155322 Time: 1.2453248999081552
Train loss: 1.406734063813456 Val loss: 0.7183084833668545 Time: 1.3676699998322874
Train loss: 1.6664251715184126 Val loss: 0.32115500036161393 Time: 1.2993811999913305
Train loss: 1.2828585505193444 Val loss: 0.6350539440754801 Time: 1.4023722000420094
Train loss: 1.5309985356337403 Val loss: 0.49273332324810326 Time: 1.2472372998017818
Train loss: 1.3696390658373532 Val loss: 0.6860048380913213 Time: 1.3267397000454366
Train loss: 1.3094366846242673 Val loss: 0.7342919985530898 Time: 1.3049294000957161
Train loss: 1.4739937607133864 Val loss: 0.626022430456942 Time: 1.3531454999465495
Train loss: 1.3454218920011305 Val loss: 0.5084955914553575 Time: 1.2768753001000732
Train loss: 1.0774587953943775 Val loss: 0.7316724442644045 Time: 1.3575961999595165
Train loss: 1.3918779068090417 Val loss: 1.283671943587251 Time: 1.3267377999145538
Train loss: 1.2915025081970415 Val loss: 0.5358066343505925 Time: 1.3229908000212163
Train loss: 1.3240939552452518 Val loss: 0.6159571939351736 Time: 1.3024826999753714
Train loss: 1.2440220086678413 Val loss: 0.488574580027489 Time: 1.3954427000135183
Train loss: 1.1520648533571283 Val loss: 0.8624334234118578 Time: 1.3359883001539856
Train loss: 1.146098102889506 Val loss: 0.40959282756466564 Time: 1.3262104000896215
Train loss: 1.04382841388523 Val loss: 0.5677171917632222 Time: 1.2917154000606388
Train loss: 1.0222108777253625 Val loss: 0.5849979312624782 Time: 1.3409049999900162
Train loss: 1.0822483157321499 Val loss: 0.9990744045790052 Time: 1.2876968998461962
Train loss: 0.9920204890521533 Val loss: 0.41220498484028667 Time: 1.348544199950993
Train loss: 1.4277555292858946 Val loss: 0.8826930474870096 Time: 1.250723399920389
Train loss: 0.9294536024793734 Val loss: 0.7686087909387425 Time: 1.3076438999269158
Train loss: 1.0199862840308338 Val loss: 0.5277481805533171 Time: 1.2900225999765098
Train loss: 0.9062625602231424 Val loss: 0.8536867416987661 Time: 1.331799300154671
Train loss: 0.9303272105722664 Val loss: 1.341795444022864 Time: 1.340036500012502
Train loss: 0.9990574603709963 Val loss: 0.5020398667020345 Time: 1.4200798000674695
Train loss: 0.9826745802867061 Val loss: 1.1894470943370834 Time: 1.3077606000006199
Train loss: 0.8680313892554259 Val loss: 0.4963534086709842 Time: 1.3571740000043064
Train loss: 0.920281377139458 Val loss: 0.5702097360044718 Time: 1.339367999928072
Train loss: 0.8435732673962859 Val loss: 0.9193294853812404 Time: 1.464391800109297
Train loss: 0.84432538670535 Val loss: 0.4337205556803383 Time: 1.3749065001029521
Train loss: 1.2117258609130923 Val loss: 0.6231916354736313 Time: 1.4200988998636603
Train loss: 1.1235022638610834 Val loss: 0.3109406091971323 Time: 1.2766917999833822
Train loss: 1.1177317928599895 Val loss: 0.854378052521497 Time: 1.4047356001101434
Train loss: 0.7674873894666892 Val loss: 0.9090754872631805 Time: 1.2875423999503255
Train loss: 1.0791091389049008 Val loss: 0.30556582601275295 Time: 1.4236808000132442
Train loss: 1.328655643858029 Val loss: 1.088952096295543 Time: 1.3112711999565363
Train loss: 0.9075010898754259 Val loss: 0.6925992406322621 Time: 1.3593068001791835
Train loss: 1.1759479073459749 Val loss: 0.6969447444425896 Time: 1.2944757998920977
Train loss: 1.4015830204570112 Val loss: 0.8302003543431056 Time: 1.3818114998284727
Train loss: 1.117364910787268 Val loss: 0.5533174102893099 Time: 1.289788199821487
Train loss: 1.1988603349424651 Val loss: 0.8406949618365616 Time: 1.3491975001525134
Train loss: 0.8902299619167384 Val loss: 0.7325972736580297 Time: 1.2879271998535842
Train loss: 0.8489986499762187 Val loss: 1.1256484168116003 Time: 1.4051600000821054
Shrinking learning rate to 1e-05
Train loss: 0.8054826354028249 Val loss: 0.7371345884748735 Time: 1.2069266999606043
Train loss: 0.8429932389974282 Val loss: 0.6344505921588279 Time: 1.0192806001286954
Train loss: 0.9297225772186137 Val loss: 0.6807856741943397 Time: 1.3223172000143677
Train loss: 0.6931807194585842 Val loss: 0.6690742314094678 Time: 1.2520359000191092
Train loss: 0.9577562894091822 Val loss: 0.6553202982177027 Time: 1.3156463000923395
Train loss: 0.6476703463782391 Val loss: 0.6343336863792501 Time: 1.2226177998818457
Train loss: 0.7676401678547862 Val loss: 0.6700967085780576 Time: 1.2780391999986023
Train loss: 0.6700958419064476 Val loss: 0.6566482550697401 Time: 1.0223050999920815
Train loss: 0.8428359734554363 Val loss: 0.6192727330490015 Time: 1.175083399983123
Train loss: 0.8453419901299597 Val loss: 0.680011319287587 Time: 1.3421637997962534
Train loss: 0.5986957174256262 Val loss: 0.6803030220326036 Time: 1.2116154001560062
Train loss: 0.7110014512924652 Val loss: 0.6137664459529333 Time: 1.3642014998476952
Train loss: 0.6646112002900291 Val loss: 0.6254149558371864 Time: 1.2112317001447082
Train loss: 0.6579199242932947 Val loss: 0.6860085033695213 Time: 1.0290489001199603
Train loss: 0.6268437514372307 Val loss: 0.6604230244411156 Time: 1.3086844000499696
Train loss: 0.8467638068959333 Val loss: 0.6348080128082074 Time: 1.2748753000050783
Train loss: 0.9218983316592102 Val loss: 0.6548699986888096 Time: 1.3061695001088083
Train loss: 0.7083168798152464 Val loss: 0.6665192664950155 Time: 1.3795089998748153
Train loss: 0.674830880740741 Val loss: 0.6431818769779056 Time: 1.2834689998999238
Train loss: 0.68405124551423 Val loss: 0.6284601888619363 Time: 1.2487737000919878
Shrinking learning rate to 1.0000000000000002e-06
Train loss: 0.688679180885694 Val loss: 0.6738451641867869 Time: 1.3150414999108762
Train loss: 0.6071307195011075 Val loss: 0.6756463187630288 Time: 1.0237330999225378
Train loss: 0.5600480025526249 Val loss: 0.67362117592711 Time: 1.2142177999485284
Train loss: 0.7181370388675348 Val loss: 0.6691524444613606 Time: 1.311528299935162
Train loss: 0.5920874481032696 Val loss: 0.6698576822527684 Time: 1.0152437000069767
Train loss: 0.7651895445187525 Val loss: 0.6642040072474629 Time: 1.2206119000911713
Train loss: 0.6938621118095303 Val loss: 0.6638251465046778 Time: 1.3456106001976877
Train loss: 0.6253589865466629 Val loss: 0.6621898802695796 Time: 1.2103891000151634
Train loss: 0.6834257760393163 Val loss: 0.6584453855175525 Time: 1.4907196001149714
Train loss: 0.8280161665801458 Val loss: 0.6550881364382803 Time: 1.2799492999911308
Train loss: 0.7283225986258397 Val loss: 0.654127381159924 Time: 1.4053878001868725
Train loss: 0.5413041370410187 Val loss: 0.6571237965254113 Time: 1.2947742000687867
Train loss: 0.7130904724721083 Val loss: 0.660841804696247 Time: 1.3884940999560058
Train loss: 0.7023982390252663 Val loss: 0.656038032961078 Time: 1.2778138001449406
Train loss: 0.7604502210130192 Val loss: 0.6536309882067144 Time: 1.4112663001287729
Train loss: 0.6484400602650455 Val loss: 0.6554662112612277 Time: 1.295622600009665
Train loss: 0.77765609783533 Val loss: 0.6585578635567799 Time: 1.3891668000724167
Train loss: 0.8500223956966226 Val loss: 0.6663231754209846 Time: 1.2652897997759283
Train loss: 0.6207304178020333 Val loss: 0.6652134082396515 Time: 1.3607735999394208
Train loss: 0.6153000537466538 Val loss: 0.6651361202821136 Time: 1.32707509980537
Train loss: 0.6742761826460548 Val loss: 0.6675604319316335 Time: 1.414951500017196
Shrinking learning rate to 1.0000000000000002e-07
Learning rate getting small
Complete
 Total time: 186.02157430001535