starting log for model: C:\Users\christopher.johnson\Documents\GitHub\flu\lstm_3lay_diffdata.pth
Train loss: 11.794382665015291 Val loss: 1.5684011283665313 Time: 0.44555629999376833
Train loss: 5.690913849500515 Val loss: 1.2619217119449786 Time: 0.397900800104253
Train loss: 3.676942938254416 Val loss: 2.000542732805968 Time: 0.44995749997906387
Train loss: 3.792208674563687 Val loss: 1.6121679365415957 Time: 0.5224385000765324
Train loss: 3.1761466546832935 Val loss: 1.7034228025877383 Time: 0.40280379995238036
Train loss: 2.3161225366294005 Val loss: 1.3846008538457681 Time: 0.403047600062564
Train loss: 2.8971014774296577 Val loss: 1.269069764035521 Time: 0.4117501999717206
Train loss: 2.824910454932052 Val loss: 1.632681694929488 Time: 0.39408380002714694
Train loss: 2.2400948683209165 Val loss: 1.666377027053386 Time: 0.41213229997083545
Train loss: 3.780047425990272 Val loss: 1.4225823455490172 Time: 0.40737569995690137
Train loss: 1.9893542925351255 Val loss: 1.2451595622405875 Time: 0.3946376999374479
Train loss: 2.0321167626486165 Val loss: 1.4225788580270091 Time: 0.39485529996454716
Train loss: 2.1013442196023986 Val loss: 1.6338166282512248 Time: 0.41670110006816685
Train loss: 2.515658622756156 Val loss: 1.3470935705990996 Time: 0.3903666000114754
Train loss: 2.056882605981473 Val loss: 1.401365043129772 Time: 0.39174049999564886
Train loss: 2.5276932936365686 Val loss: 1.4056263603270054 Time: 0.38714280002750456
Train loss: 1.608335727708326 Val loss: 1.330423860810697 Time: 0.41134359990246594
Train loss: 2.2697236392728684 Val loss: 1.3261566767469049 Time: 0.39732670004013926
Train loss: 2.476946149320611 Val loss: 0.9270974374376237 Time: 0.40593340003397316
Train loss: 2.0961670842318108 Val loss: 0.8916375056433026 Time: 0.3959671000484377
Train loss: 2.0483847711633025 Val loss: 1.2440748689696193 Time: 0.39669630001299083
Train loss: 1.542211119172892 Val loss: 1.627737683011219 Time: 0.3889719999860972
Train loss: 1.8590148182363757 Val loss: 1.8417479403724428 Time: 0.3899115000385791
Train loss: 2.1528615034480847 Val loss: 2.190478601376526 Time: 0.3900437999982387
Train loss: 1.4334519812233388 Val loss: 2.179994076213916 Time: 0.37872190005145967
Train loss: 1.0228571486777458 Val loss: 2.3971111639402807 Time: 0.386598699958995
Train loss: 2.1304763587821354 Val loss: 2.216899361461401 Time: 0.3876789999194443
Train loss: 1.341798981598334 Val loss: 2.13729891134426 Time: 0.3906260000076145
Train loss: 1.7766554050012768 Val loss: 2.3587898752789727 Time: 0.38462190004065633
Train loss: 1.402658088136242 Val loss: 1.9777315032843035 Time: 0.38582880003377795
Train loss: 1.3668890055148226 Val loss: 2.2590913316234946 Time: 0.3958234000019729
Train loss: 1.373072249304979 Val loss: 1.7394215509411879 Time: 0.3891550999833271
Train loss: 1.1296183565646216 Val loss: 1.7238888890606177 Time: 0.374639599933289
Train loss: 0.9887569631065452 Val loss: 1.1783006920013577 Time: 0.37267090007662773
Train loss: 0.9036693126880543 Val loss: 1.6831886090512853 Time: 0.3690991000039503
Train loss: 0.7017086232450442 Val loss: 1.175620734342374 Time: 0.3762061999877915
Train loss: 0.718606844521819 Val loss: 1.2938809297011176 Time: 0.373519100015983
Train loss: 0.9107000357214758 Val loss: 1.6428275765210856 Time: 0.3807563999434933
Train loss: 0.9567767251764465 Val loss: 1.2995007640951144 Time: 0.38005479995626956
Train loss: 1.2159911007858253 Val loss: 1.6285575229048845 Time: 0.3813499000389129
Train loss: 2.941376245185946 Val loss: 2.2021987484768033 Time: 0.3807244000490755
Train loss: 1.537678587843292 Val loss: 1.7307781449926551 Time: 0.38204119994770736
Train loss: 1.2203479407849471 Val loss: 1.6550123759661801 Time: 0.37730160006321967
Train loss: 0.8508410816144638 Val loss: 1.4164236108481418 Time: 0.3827139000641182
Train loss: 1.0972742364938703 Val loss: 1.6315077713516075 Time: 0.3768948999932036
Shrinking learning rate to 0.0001
Train loss: 0.6580624482322919 Val loss: 1.1761378391820472 Time: 0.3693018000340089
Train loss: 0.5534454823480625 Val loss: 1.1791113724611932 Time: 0.3724505000282079
Train loss: 0.5089208969679471 Val loss: 1.1701118288037833 Time: 0.36878759996034205
Train loss: 0.47499244656313167 Val loss: 1.1718657817546045 Time: 0.3809220000403002
Train loss: 0.45437178963286406 Val loss: 1.1572796621912858 Time: 0.3743694999720901
Train loss: 0.4382602778800295 Val loss: 1.152266552351648 Time: 0.3761129999766126
Train loss: 0.42399059839694786 Val loss: 1.1386685298348311 Time: 0.3792297999607399
Train loss: 0.4117875477111266 Val loss: 1.1387233424757142 Time: 0.3800488000269979
Train loss: 0.4025161998977538 Val loss: 1.1263771271333098 Time: 0.3688706000102684
Train loss: 0.39428274349121883 Val loss: 1.1251414471189491 Time: 0.3673466000473127
Train loss: 0.38619577068951116 Val loss: 1.118565114273224 Time: 0.3768850000342354
Train loss: 0.3799464331331279 Val loss: 1.1045588906272314 Time: 0.45605529996100813
Train loss: 0.3759427062957912 Val loss: 1.100367955310503 Time: 0.446638899971731
Train loss: 0.3701849031013005 Val loss: 1.0947908127564006 Time: 0.40161419997457415
Train loss: 0.3637749599081914 Val loss: 1.0847210785141215 Time: 0.3985651000402868
Train loss: 0.3592500031160974 Val loss: 1.0764301407471066 Time: 0.3723019000608474
Train loss: 0.3550609384860062 Val loss: 1.0733561530068982 Time: 0.3725914000533521
Train loss: 0.3516250455138844 Val loss: 1.0703024633476161 Time: 0.3769829999655485
Train loss: 0.3461161738616849 Val loss: 1.062600233428384 Time: 0.3750231000594795
Train loss: 0.3424004985557165 Val loss: 1.0568918531835152 Time: 0.3791291000088677
Train loss: 0.3345937213228721 Val loss: 1.0721408186363988 Time: 0.3797182000707835
Train loss: 0.34868799517765403 Val loss: 1.0490901498060339 Time: 0.40193719998933375
Train loss: 0.32449163587609586 Val loss: 1.0751511421258328 Time: 0.3802443000022322
Train loss: 0.34452296323025067 Val loss: 1.042414944146003 Time: 0.3731786001008004
Train loss: 0.3252386350511922 Val loss: 1.049417063681176 Time: 0.3797151999315247
Train loss: 0.3228832713235358 Val loss: 1.0402810836967546 Time: 0.37511759996414185
Train loss: 0.319124835559796 Val loss: 1.0460012628464028 Time: 0.3890116000548005
Train loss: 0.31738058553677617 Val loss: 1.0464151215564925 Time: 0.38329600007273257
Train loss: 0.31459542155704723 Val loss: 1.0447981895122211 Time: 0.3826900999993086
Train loss: 0.31167716504817733 Val loss: 1.0457732332288288 Time: 0.3815409999806434
Train loss: 0.3047711245493313 Val loss: 1.0589856963269995 Time: 0.37618900008965284
Train loss: 0.3211493624453272 Val loss: 1.0402782316086814 Time: 0.37351370009128004
Train loss: 0.29471388835093837 Val loss: 1.0605513697228162 Time: 0.3812673999927938
Train loss: 0.30976256008520797 Val loss: 1.043106624551001 Time: 0.3729177999775857
Train loss: 0.30706298615590155 Val loss: 1.0400532318835758 Time: 0.3758883000118658
Train loss: 0.2887916546297744 Val loss: 1.0596834710449912 Time: 0.3749581000301987
Train loss: 0.3053318854321745 Val loss: 1.0419835097586656 Time: 0.374261699966155
Train loss: 0.28201530519328877 Val loss: 1.0527897027495783 Time: 0.3787654999177903
Train loss: 0.29602462165705234 Val loss: 1.036843394569587 Time: 0.37572090001776814
Train loss: 0.2942307429841762 Val loss: 1.035928992983827 Time: 0.37284780002664775
Train loss: 0.28236773937033277 Val loss: 1.0580577052896842 Time: 0.37244429998099804
Train loss: 0.27530839730262713 Val loss: 1.0519793416606262 Time: 0.36537540005519986
Train loss: 0.29013729101429186 Val loss: 1.0315334031474777 Time: 0.3732668000739068
Train loss: 0.28936548165851583 Val loss: 1.036400072131073 Time: 0.3741474999114871
Train loss: 0.27220601329839267 Val loss: 1.0548093036049977 Time: 0.37159100000280887
Train loss: 0.2759223135502502 Val loss: 1.050746786990203 Time: 0.38878080004360527
Train loss: 0.2694486981394695 Val loss: 1.0473775412538089 Time: 0.37248110002838075
Train loss: 0.29165151291025815 Val loss: 1.0282932030095253 Time: 0.37907279992941767
Train loss: 0.2655557749927482 Val loss: 1.0220505950273946 Time: 0.3811489000217989
Train loss: 0.2823287223151796 Val loss: 1.0216535661311354 Time: 0.37819290009792894
Train loss: 0.2663522170961412 Val loss: 1.031319779373007 Time: 0.36871680000331253
Train loss: 0.2592808531503903 Val loss: 1.0218813489191234 Time: 0.37200949992984533
Train loss: 0.27993449049830926 Val loss: 1.019264604896307 Time: 0.3793727000011131
Train loss: 0.25709620416455703 Val loss: 1.0122639255132526 Time: 0.37805920001119375
Train loss: 0.2733811226308376 Val loss: 1.0198479818063788 Time: 0.41371340001933277
Train loss: 0.256093576969624 Val loss: 1.0379161266610026 Time: 0.37406019994523376
Train loss: 0.2546741774489636 Val loss: 1.0459999203449115 Time: 0.3769178999355063
Train loss: 0.2554893829584235 Val loss: 1.0047619158867747 Time: 0.3702502999221906
Train loss: 0.270735358788631 Val loss: 1.0102828380768187 Time: 0.37033350009005517
Train loss: 0.24521229076218876 Val loss: 1.011066842256696 Time: 0.37219160003587604
Train loss: 0.26470139083035327 Val loss: 1.0083995378226973 Time: 0.37097910000011325
Train loss: 0.2419109674049249 Val loss: 1.002841012836143 Time: 0.3705070000141859
Train loss: 0.26212745471657756 Val loss: 1.0041454277816229 Time: 0.3700804999098182
Train loss: 0.2386189136244231 Val loss: 1.008250978331489 Time: 0.3834525999845937
Train loss: 0.2584723391655528 Val loss: 1.010319132474251 Time: 0.3856421000091359
Train loss: 0.2376124287496036 Val loss: 1.008667459195749 Time: 0.39179250004235655
Train loss: 0.25654591999247073 Val loss: 1.0122863744618371 Time: 0.37199140002485365
Train loss: 0.23528858111375728 Val loss: 1.001348790992779 Time: 0.374847500002943
Train loss: 0.2505582109211275 Val loss: 0.9799213525984669 Time: 0.3728427999885753
Train loss: 0.24335571092109953 Val loss: 0.9807255408086348 Time: 0.36776020005345345
Train loss: 0.23983828444869465 Val loss: 0.9892986576305702 Time: 0.3763503000373021
Train loss: 0.23906421912134362 Val loss: 0.9850135873884938 Time: 0.37110960006248206
Train loss: 0.23937416501084569 Val loss: 1.0260777594412502 Time: 0.39915309997741133
Train loss: 0.2291616135180921 Val loss: 1.0722958948462065 Time: 0.395482600084506
Train loss: 0.22985677609401023 Val loss: 1.0739570147097766 Time: 0.41160179988946766
Train loss: 0.22842034802676459 Val loss: 1.0649010409360926 Time: 0.38673539995215833
Train loss: 0.2198532562073408 Val loss: 1.0258980576509202 Time: 0.3829837000230327
Train loss: 0.24223210121671854 Val loss: 1.004608546034433 Time: 0.37746500002685934
Train loss: 0.21884108545932485 Val loss: 1.0256249930534977 Time: 0.3731049000052735
Train loss: 0.22012646219240461 Val loss: 1.0174112952372525 Time: 0.3801587999332696
Train loss: 0.21840826143423264 Val loss: 1.0201369258575141 Time: 0.40505729999858886
Train loss: 0.20964627477994568 Val loss: 0.9991299245175469 Time: 0.38661769998725504
Train loss: 0.22439732592019368 Val loss: 0.947537574233138 Time: 0.3864530000137165
Train loss: 0.22176937590502632 Val loss: 0.9711492240021471 Time: 0.3744319999823347
Train loss: 0.1972539911193547 Val loss: 0.9951301330147544 Time: 0.3736309000523761
Train loss: 0.2204866060749131 Val loss: 0.9643553751520813 Time: 0.3708113000029698
Train loss: 0.2007102062344972 Val loss: 1.0142812370322645 Time: 0.375833599944599
Train loss: 0.19561511997205466 Val loss: 0.9757525447348598 Time: 0.3702703999588266
Train loss: 0.21365733386915498 Val loss: 0.9531893426901661 Time: 0.37362069997470826
Train loss: 0.1888143871729032 Val loss: 0.9869395363202784 Time: 0.3718319999752566
Train loss: 0.20803503112578958 Val loss: 0.9443241082772147 Time: 0.3770886999554932
Train loss: 0.18413943088538254 Val loss: 0.9758726272993954 Time: 0.38508079992607236
Train loss: 0.2044704433209339 Val loss: 0.9492511814460158 Time: 0.3784421000164002
Train loss: 0.18766157477377243 Val loss: 0.9833501830871683 Time: 0.37450759997591376
Train loss: 0.18295426610442167 Val loss: 0.9638218957989011 Time: 0.3754691000794992
Train loss: 0.20030639034794717 Val loss: 0.9428599381935783 Time: 0.37263399991206825
Train loss: 0.18375144373479801 Val loss: 0.9829784744651988 Time: 0.3725083000026643
Train loss: 0.18694764496351812 Val loss: 0.9789733844227158 Time: 0.36849569994956255
Train loss: 0.18570398078764183 Val loss: 0.9780888585082721 Time: 0.3678809000412002
Train loss: 0.18499359520833125 Val loss: 0.9751129178912379 Time: 0.37087179999798536
Train loss: 0.1736330409095602 Val loss: 0.974096825288143 Time: 0.3713969000382349
Train loss: 0.19932908994870857 Val loss: 0.9194688522256911 Time: 0.3750895999837667
Train loss: 0.18030825011706864 Val loss: 0.9773770291940309 Time: 0.37345379998441786
Train loss: 0.18056133557491483 Val loss: 0.9738989273610059 Time: 0.3782560999970883
Train loss: 0.18029754149902122 Val loss: 0.9541213851480279 Time: 0.3726339000277221
Train loss: 0.17903448565520053 Val loss: 0.9471716747793835 Time: 0.3736746000358835
Train loss: 0.17876446908465837 Val loss: 0.9515293111326173 Time: 0.37527859990950674
Train loss: 0.16924530151556905 Val loss: 0.9481084868311882 Time: 0.37569330004043877
Train loss: 0.19382958466538902 Val loss: 0.9153833570890129 Time: 0.3726421999745071
Train loss: 0.17308878001791905 Val loss: 0.9561117021075916 Time: 0.3752376000629738
Train loss: 0.17327108109989808 Val loss: 0.9604266231763177 Time: 0.3702055000467226
Train loss: 0.172654140790371 Val loss: 0.9531256277987268 Time: 0.42221009999047965
Train loss: 0.17136023507201958 Val loss: 0.93837109618471 Time: 0.37551379995420575
Train loss: 0.1619181362661788 Val loss: 0.9428426781669259 Time: 0.37518080009613186
Train loss: 0.19015852056498772 Val loss: 0.9082458493940067 Time: 0.3737445999868214
Train loss: 0.16850674087337048 Val loss: 0.9567787953419611 Time: 0.3719229999696836
Train loss: 0.15836983098100132 Val loss: 0.9558294300804846 Time: 0.3729841000167653
Train loss: 0.18090411282067842 Val loss: 0.9134479072818067 Time: 0.37839420000091195
Train loss: 0.16632031023701632 Val loss: 0.9625443717523012 Time: 0.3686405000044033
Train loss: 0.15653850968489624 Val loss: 0.9568909174267901 Time: 0.3683348000049591
Train loss: 0.1741594510616422 Val loss: 0.8968548803823069 Time: 0.37328429997432977
Train loss: 0.16651893382776203 Val loss: 0.9815368523704819 Time: 0.3744199000066146
Train loss: 0.16338790984211388 Val loss: 0.9481987679610029 Time: 0.3709997000405565
Train loss: 0.16278259123648364 Val loss: 0.9358077845827211 Time: 0.36982470005750656
Train loss: 0.15193763043897235 Val loss: 0.9215166826325003 Time: 0.3715111999772489
Train loss: 0.17927547321322201 Val loss: 0.8505880878001335 Time: 0.37571070005651563
Train loss: 0.16128612524250585 Val loss: 0.9708619278972037 Time: 0.37497530004475266
Train loss: 0.15994352005894136 Val loss: 0.9720236512075644 Time: 0.37677249999251217
Train loss: 0.15863815683662458 Val loss: 0.9552782956743613 Time: 0.374163799919188
Train loss: 0.14712868815076663 Val loss: 0.9152337911946233 Time: 0.3762737999204546
Train loss: 0.17605289527202062 Val loss: 0.8432082690414973 Time: 0.3969162000576034
Train loss: 0.1521160126872752 Val loss: 0.9571201780399861 Time: 0.3730808000545949
Train loss: 0.16211145177945135 Val loss: 0.9014257481612731 Time: 0.3770075999200344
Train loss: 0.14459896072139264 Val loss: 0.9451228401230765 Time: 0.374939400004223
Train loss: 0.161178382607015 Val loss: 0.881969924987061 Time: 0.3687789000105113
Train loss: 0.1446302927365667 Val loss: 0.9302720623527421 Time: 0.3780212999554351
Train loss: 0.1629580975356651 Val loss: 0.8731019998376723 Time: 0.3759084999328479
Train loss: 0.15122449802312765 Val loss: 0.9278848747198936 Time: 0.36944629997015
Train loss: 0.15075168135969452 Val loss: 0.9412554359005298 Time: 0.4011861999752
Train loss: 0.1511863259610271 Val loss: 0.9667453326110262 Time: 0.3788819999899715
Train loss: 0.15188580967080162 Val loss: 0.9289160575135611 Time: 0.3703916999511421
Train loss: 0.15140313445795628 Val loss: 0.8835454148356803 Time: 0.3778906000079587
Train loss: 0.15183341435938225 Val loss: 0.8879723892023321 Time: 0.3728251999709755
Shrinking learning rate to 1e-05
Train loss: 0.18271142360520876 Val loss: 0.8780325164698297 Time: 0.379468800034374
Train loss: 0.15726491782456264 Val loss: 0.8473644057812635 Time: 0.37064450001344085
Train loss: 0.14879589897438938 Val loss: 0.831958121721982 Time: 0.37403820001054555
Train loss: 0.14412896933336405 Val loss: 0.8224673512304435 Time: 0.37422360002528876
Train loss: 0.13983170953608548 Val loss: 0.8182250318759543 Time: 0.3750821000430733
Train loss: 0.13729807793793425 Val loss: 0.8162170549762777 Time: 0.37201659998390824
Train loss: 0.13576063313555853 Val loss: 0.8155010663108442 Time: 0.3780633999267593
Train loss: 0.1347943489455543 Val loss: 0.8152779925258073 Time: 0.3706502999411896
Train loss: 0.13422309017557155 Val loss: 0.8145893684441035 Time: 0.37357210007030517
Train loss: 0.13373492182367555 Val loss: 0.8141474216581628 Time: 0.3741533999564126
Train loss: 0.13337725663030042 Val loss: 0.8139722564255862 Time: 0.37276220007333905
Train loss: 0.133078628106718 Val loss: 0.813774830076909 Time: 0.37513770000077784
Complete
 Total time: 76.74263849994168