starting log for model: C:\Users\christopher.johnson\Documents\GitHub\flu\lstm_3lay_drop.pth
Train loss: 14.286980177589648 Val loss: 2.137060955461493 Time: 1.2219123999821022
Train loss: 14.232019705056423 Val loss: 2.140559939580271 Time: 1.2552200000500306
Train loss: 14.251682670006716 Val loss: 2.1397219167592993 Time: 1.1823148999828845
Train loss: 14.214930622292096 Val loss: 2.145644561496738 Time: 1.204439099994488
Train loss: 14.215127620451312 Val loss: 2.1545658697432373 Time: 1.2483322999905795
Train loss: 14.172597959022369 Val loss: 2.1358777213335998 Time: 1.5099763999460265
Train loss: 14.242824809074236 Val loss: 2.1345204797689803 Time: 1.1761383999837562
Train loss: 14.222484604740032 Val loss: 2.135612825550197 Time: 1.2583503000205383
Train loss: 14.203544498626584 Val loss: 2.136596600739722 Time: 1.2269585999893025
Train loss: 14.098415685130476 Val loss: 2.207121316168923 Time: 1.2086457998957485
Train loss: 14.244419693329633 Val loss: 2.1566197118227137 Time: 1.2096140999346972
Train loss: 14.012402804438835 Val loss: 2.108578910763754 Time: 1.1871658000163734
Train loss: 11.941440893137692 Val loss: 1.744192282212225 Time: 1.1420446999836713
Train loss: 7.532989110515358 Val loss: 1.325681685237214 Time: 1.278078299947083
Train loss: 6.5220039130648075 Val loss: 1.2338889411184937 Time: 1.2254846000578254
Train loss: 6.099796825466331 Val loss: 1.1063888429489452 Time: 1.1403031999943778
Train loss: 5.984706294649108 Val loss: 1.050849801831646 Time: 1.1719371000071988
Train loss: 5.679994480473482 Val loss: 0.995043632312445 Time: 1.2801234000362456
Train loss: 5.43580327172337 Val loss: 0.9212424189754529 Time: 1.1748046999564394
Train loss: 5.683860146470203 Val loss: 0.9206863925501239 Time: 1.1782517000101507
Train loss: 5.425250884572434 Val loss: 0.8770206806366332 Time: 1.187013900023885
Train loss: 5.243450116680345 Val loss: 0.8945050471666036 Time: 1.2361158999847248
Train loss: 4.911703290432094 Val loss: 0.8290764272824163 Time: 1.1423823999939486
Train loss: 4.804680591898226 Val loss: 0.8277986993380182 Time: 1.1458977999864146
Train loss: 5.004629372745172 Val loss: 0.8296465953189909 Time: 1.1952936999732628
Train loss: 4.838914562836404 Val loss: 0.8298617750606354 Time: 1.2901604999788105
Train loss: 4.871002924980554 Val loss: 0.7607068223114766 Time: 1.1372640999034047
Train loss: 4.261874502767634 Val loss: 0.7481388286510082 Time: 1.139293499989435
Train loss: 4.41176308573978 Val loss: 0.7668171537516173 Time: 1.2523791000712663
Train loss: 4.3707803486913335 Val loss: 0.774764405505266 Time: 1.2263191000092775
Train loss: 4.721096786340382 Val loss: 0.7185361728334101 Time: 1.1583966999314725
Train loss: 3.9140776284844874 Val loss: 0.7598755779035855 Time: 1.1358255000086501
Train loss: 4.233993435398095 Val loss: 0.7210993210901506 Time: 1.176580800092779
Train loss: 3.9429818216494565 Val loss: 0.8272640440191026 Time: 1.3017953999806195
Train loss: 3.900920001241787 Val loss: 0.7724428336077835 Time: 1.1962611000053585
Train loss: 3.760214775218241 Val loss: 0.7389095462713158 Time: 1.1504420000128448
Train loss: 4.041866359448106 Val loss: 0.844435549366608 Time: 1.1656441999366507
Train loss: 3.854950515971196 Val loss: 0.7798392079494079 Time: 1.223480400047265
Train loss: 3.9650969619318204 Val loss: 0.8276560741796857 Time: 1.1952052999986336
Train loss: 3.640536536432271 Val loss: 0.7518060655420413 Time: 1.186505899997428
Train loss: 3.5956758830020488 Val loss: 0.7834655330661917 Time: 1.1886043000267819
Train loss: 3.488580945943376 Val loss: 0.7403627020339627 Time: 1.2837497999425977
Train loss: 3.056680319860839 Val loss: 0.7535217709300923 Time: 1.1931537999771535
Train loss: 3.378902274588608 Val loss: 0.6991697903868044 Time: 1.2392350999871269
Train loss: 3.112606312898138 Val loss: 0.6580425348583958 Time: 1.1373187999706715
Train loss: 3.2087121338461584 Val loss: 0.7073776760134933 Time: 1.2601325999712572
Train loss: 3.0038070798282916 Val loss: 0.6810790927866037 Time: 1.1618259000824764
Train loss: 3.280311432820371 Val loss: 0.7419472412889263 Time: 1.1858588999602944
Train loss: 2.969956824436977 Val loss: 0.720813493362698 Time: 1.2604547999799252
Train loss: 3.0073669138661248 Val loss: 0.7244503516112673 Time: 1.3572675000177696
Train loss: 2.7850255647313698 Val loss: 0.7206104149690873 Time: 1.184187400038354
Train loss: 2.836686563713046 Val loss: 0.6219373962958343 Time: 1.185023499885574
Train loss: 2.687030787108702 Val loss: 0.6395400408582645 Time: 1.1202607000013813
Train loss: 2.922044873824875 Val loss: 0.557204949320294 Time: 1.2845526000019163
Train loss: 2.6709063917598943 Val loss: 0.577235810131242 Time: 1.1828608000651002
Train loss: 2.788183842863652 Val loss: 0.5442783913931635 Time: 1.1868336000479758
Train loss: 2.5857312346561665 Val loss: 0.5712259296997217 Time: 1.1828602999448776
Train loss: 2.6161974847341796 Val loss: 0.5016772927338025 Time: 1.251747899921611
Train loss: 2.5356908859208485 Val loss: 0.5519552204423235 Time: 1.2682447000406682
Train loss: 2.3578867663622676 Val loss: 0.6622569973333157 Time: 1.175231899949722
Train loss: 2.3850014030283266 Val loss: 0.5113796830992214 Time: 1.2123189000412822
Train loss: 2.429192497102413 Val loss: 0.505393363739131 Time: 1.2924082999816164
Train loss: 2.3608616779349454 Val loss: 0.4488205501984339 Time: 1.164674500003457
Train loss: 2.2377952979477946 Val loss: 0.42469116125721484 Time: 1.2205478999530897
Train loss: 2.2250387951197945 Val loss: 0.5505056733236415 Time: 1.2079265000065789
Train loss: 2.2095868324138914 Val loss: 0.4692854916793294 Time: 1.2702438000123948
Train loss: 2.495771892049292 Val loss: 0.5378303652687464 Time: 1.2223398999776691
Train loss: 2.1555545710225275 Val loss: 0.4575490865681786 Time: 1.2615560000995174
Train loss: 2.2127380132456747 Val loss: 0.5166078998881858 Time: 1.2041942999931052
Train loss: 2.244134444531989 Val loss: 0.45055581149063073 Time: 1.2916228000540286
Train loss: 2.0981003242857605 Val loss: 0.4094880526390625 Time: 1.1968109000008553
Train loss: 2.1355890824863346 Val loss: 0.38116735841595073 Time: 1.2357987000141293
Train loss: 2.068079133217781 Val loss: 0.32543527444067877 Time: 1.1807166999205947
Train loss: 2.038305396175776 Val loss: 0.4151634640656994 Time: 1.300198100041598
Train loss: 2.2989973964415142 Val loss: 0.48335468828008743 Time: 1.1580384999979287
Train loss: 2.0041464468133303 Val loss: 0.557333346161613 Time: 1.2052302999654785
Train loss: 1.8027998297903345 Val loss: 0.40607951459628566 Time: 1.1779898999957368
Train loss: 2.1077138903367327 Val loss: 0.469977354441653 Time: 1.3190149000147358
Train loss: 1.9967095510108404 Val loss: 0.5013476934909704 Time: 1.2642620000988245
Train loss: 1.8933584802827292 Val loss: 0.4722993811415108 Time: 1.2314833999844268
Train loss: 1.9666537785361786 Val loss: 0.40883653338823933 Time: 1.2002109000459313
Train loss: 1.9593481566226494 Val loss: 0.4461876310087973 Time: 1.2790607999777421
Train loss: 1.8848172236308542 Val loss: 0.3807287269646622 Time: 1.2122803999809548
Train loss: 1.8935368581079928 Val loss: 0.3682708432370672 Time: 1.2456719999900088
Train loss: 1.6826437618909111 Val loss: 0.3183254999692311 Time: 1.1813848000019789
Train loss: 1.7706039429025462 Val loss: 0.3822672068369002 Time: 1.2979137999936938
Train loss: 1.887296219266399 Val loss: 0.31674942765823744 Time: 1.1757022999227047
Train loss: 1.5998934501122393 Val loss: 0.393989751085428 Time: 1.1916271999944001
Train loss: 1.7852417163979153 Val loss: 0.3183695820380308 Time: 1.2429024999728426
Train loss: 1.8578911614177644 Val loss: 0.4060709583342259 Time: 1.3442203999729827
Train loss: 1.8670987024923078 Val loss: 0.24296245852383436 Time: 1.333320099976845
Train loss: 1.6098607520083812 Val loss: 0.35168194663037866 Time: 1.227857100078836
Train loss: 1.4818636998893724 Val loss: 0.3743917527013423 Time: 1.215733899967745
Train loss: 1.735848081963532 Val loss: 0.263234969756013 Time: 1.288434399990365
Train loss: 1.5842201925354644 Val loss: 0.27559280071004366 Time: 1.2300378999207169
Train loss: 1.639474126545619 Val loss: 0.3380510481638339 Time: 1.2172209999989718
Train loss: 1.718941896920466 Val loss: 0.2557775591862992 Time: 1.2734961999813095
Train loss: 1.553312041417891 Val loss: 0.28928380257147523 Time: 1.3399464000249282
Train loss: 1.3014795223171145 Val loss: 0.27305107522806793 Time: 1.2739006999181584
Train loss: 1.4153175417561918 Val loss: 0.4569243610699232 Time: 1.2688052000012249
Train loss: 1.3677028667527837 Val loss: 0.2697011605014268 Time: 1.2405341999838129
Train loss: 1.6577853544229715 Val loss: 0.32458219209911476 Time: 1.3339169000973925
Train loss: 1.4561227632159057 Val loss: 0.33677126929801204 Time: 1.2659668000414968
Train loss: 1.4090444492011795 Val loss: 0.3671787611092441 Time: 1.4631060999818146
Train loss: 1.3488388976489976 Val loss: 0.41866379337943727 Time: 1.1751927000004798
Train loss: 1.243804705381635 Val loss: 0.30056654581733255 Time: 1.416238100035116
Train loss: 1.32326973592138 Val loss: 0.45256126103868155 Time: 1.7950888000195846
Train loss: 1.4576400387510389 Val loss: 0.27518528128211983 Time: 1.2336249999934807
Train loss: 1.4630060066031376 Val loss: 0.41287750310277715 Time: 1.253411400015466
Train loss: 1.2643323086984406 Val loss: 0.30319150073773926 Time: 1.3925914000719786
Train loss: 1.289614808094795 Val loss: 0.2609483877222374 Time: 1.1895903999684379
Train loss: 1.4148870530812228 Val loss: 0.34083018095770967 Time: 1.2628736000042409
Train loss: 1.155525178333065 Val loss: 0.436184744039565 Time: 1.2435256000608206
Train loss: 1.1003678265076204 Val loss: 0.3093467310172855 Time: 1.352387799997814
Train loss: 1.243922387036486 Val loss: 0.43531666419949033 Time: 1.3013739000307396
Train loss: 1.0519633895656493 Val loss: 0.3431084489711793 Time: 1.2737481999211013
Train loss: 1.1880710794364067 Val loss: 0.5303263747700839 Time: 1.256387099972926
Train loss: 1.1804696430066128 Val loss: 0.3306905003992142 Time: 1.3215840000193566
Train loss: 1.3129975328341896 Val loss: 0.5558492662166827 Time: 1.326982899918221
Train loss: 1.190144920592322 Val loss: 0.49337940013174375 Time: 1.2655546000460163
Train loss: 1.195014097905797 Val loss: 0.3961666035684175 Time: 1.2561224999371916
Train loss: 1.0724635551656756 Val loss: 0.6325035142908746 Time: 1.36500850005541
Train loss: 1.0831088510193145 Val loss: 0.36120420404768083 Time: 1.2297631000401452
Train loss: 1.2250121980425561 Val loss: 0.5650931575892173 Time: 1.2468787000980228
Train loss: 0.8904558936739626 Val loss: 0.5437222736264289 Time: 1.2361405999399722
Train loss: 0.932624423719478 Val loss: 0.5048084349764395 Time: 1.3956852999981493
Train loss: 0.8546786274064679 Val loss: 0.5242412324223551 Time: 1.2220526000019163
Train loss: 0.9493392999622512 Val loss: 0.5271072798150271 Time: 1.3033940999303013
Train loss: 0.807588965556274 Val loss: 0.5108175733250846 Time: 1.2918217999394983
Train loss: 1.0348410651085906 Val loss: 0.5497888708559913 Time: 1.3714882000349462
Train loss: 1.1321549278423197 Val loss: 0.6365586522733793 Time: 1.2506560999900103
Train loss: 0.9979886568689942 Val loss: 0.4676378723367765 Time: 1.255261700018309
Train loss: 1.0482065196478354 Val loss: 0.6412910796825599 Time: 1.2330410999711603
Train loss: 1.015224575114733 Val loss: 0.5972357889409068 Time: 1.3599575000116602
Train loss: 0.9498068691150285 Val loss: 0.4617761104273086 Time: 1.2410895000211895
Train loss: 0.8815627760412217 Val loss: 0.45411858662009763 Time: 1.2683792000170797
Train loss: 0.9566863719962873 Val loss: 0.6911822598049184 Time: 1.237190300016664
Train loss: 0.845976705654558 Val loss: 0.41485207776941024 Time: 1.3520731000462547
Shrinking learning rate to 1e-05
Train loss: 1.2375979267698725 Val loss: 0.5704117013410723 Time: 1.2330243999604136
Train loss: 0.887745426899645 Val loss: 0.5733034389122622 Time: 1.2217323000077158
Train loss: 0.8803558606071493 Val loss: 0.5839338351797778 Time: 1.2119844000553712
Train loss: 0.6965384488060291 Val loss: 0.5838681143795839 Time: 1.313071500044316
Train loss: 0.8164473930719645 Val loss: 0.590758618855034 Time: 1.2684439000440761
Train loss: 0.8424138060533792 Val loss: 0.5749228214481263 Time: 1.241152200032957
Train loss: 0.9514991676769153 Val loss: 0.5850446586919134 Time: 1.1853755000047386
Train loss: 0.7713197091186785 Val loss: 0.5713314643071499 Time: 1.3213798999786377
Train loss: 0.8447387142466667 Val loss: 0.5966410929249832 Time: 1.1949110000859946
Train loss: 0.8974679895464368 Val loss: 0.5893651548685739 Time: 1.2378102999646217
Train loss: 0.9060609074937997 Val loss: 0.5721691568833194 Time: 1.3444576000329107
Train loss: 0.9889550085652195 Val loss: 0.5736298313422594 Time: 1.3735532000428066
Train loss: 0.8284720976837708 Val loss: 0.5903664030338405 Time: 1.2151653000619262
Shrinking learning rate to 1.0000000000000002e-06
Train loss: 0.8893979786542978 Val loss: 0.5856967654835898 Time: 1.226707800058648
Train loss: 0.788972761538151 Val loss: 0.587478879650007 Time: 1.2571470000548288
Train loss: 0.8012792083508806 Val loss: 0.5889924630973837 Time: 1.5315805999562144
Train loss: 0.8748835804668644 Val loss: 0.5889269028484705 Time: 1.115324900019914
Train loss: 0.8184757112321562 Val loss: 0.5891352489634301 Time: 1.2141842999262735
Train loss: 0.8801371704240832 Val loss: 0.5889134225726593 Time: 1.2612197000999004
Train loss: 0.9073440602088123 Val loss: 0.5860331014555413 Time: 1.47598589991685
Train loss: 0.7685122655813843 Val loss: 0.5833249350253027 Time: 1.8527870000107214
Train loss: 0.8420362128405487 Val loss: 0.5850165702868253 Time: 1.2322961000027135
Train loss: 0.8787236179656421 Val loss: 0.5835072902627871 Time: 1.367667399928905
Shrinking learning rate to 1.0000000000000002e-07
Learning rate getting small
Complete
 Total time: 202.06692399992608