starting log for model: C:\Users\christopher.johnson\Documents\GitHub\flu\lstm.pth
Train loss: 19.50028508821666 Val loss: 2.4149836178903286 Time: 0.9450182999717072
Train loss: 14.622020095570079 Val loss: 2.2025312728073914 Time: 0.9806933000218123
Train loss: 14.2808727098693 Val loss: 2.1713117297331337 Time: 0.9781762999482453
Train loss: 14.045662205258138 Val loss: 2.1474479429307394 Time: 0.9703151000430807
Train loss: 12.851236965908583 Val loss: 1.937099497372401 Time: 0.9746941000921652
Train loss: 9.720250265465545 Val loss: 1.5130985800497 Time: 0.9783450999530032
Train loss: 7.398571004263569 Val loss: 1.3177203562227078 Time: 0.9779163999482989
Train loss: 6.706350215674046 Val loss: 1.224788781706593 Time: 0.9635381000116467
Train loss: 6.325276854324826 Val loss: 1.166787015805312 Time: 0.9620260999072343
Train loss: 6.073975973245652 Val loss: 1.1255761638908268 Time: 1.0276347000617534
Train loss: 5.847445485876906 Val loss: 1.0889389527319508 Time: 1.4273215000284836
Train loss: 5.742111477746879 Val loss: 1.059615379144816 Time: 1.138144600088708
Train loss: 5.515224625432463 Val loss: 1.038935436423344 Time: 1.1040751999244094
Train loss: 5.42568188772886 Val loss: 1.0156591814011335 Time: 1.2066805999493226
Train loss: 5.362928631682095 Val loss: 0.9891876989859156 Time: 1.0963018999900669
Train loss: 5.211284649181915 Val loss: 0.9741278042347403 Time: 1.1510053999954835
Train loss: 5.083080787973055 Val loss: 0.9515238793828757 Time: 1.556855499977246
Train loss: 4.999636213858135 Val loss: 0.9352294933487428 Time: 2.601396399899386
Train loss: 4.891175554774077 Val loss: 0.9056548538501374 Time: 1.9449100999627262
Train loss: 4.833204192619895 Val loss: 0.8922392057720572 Time: 2.1047529000788927
Train loss: 4.740116707293566 Val loss: 0.8715121391287539 Time: 1.785549300024286
Train loss: 4.574584744556406 Val loss: 0.849211319902679 Time: 2.0147390000056475
Train loss: 4.442524777101074 Val loss: 0.8208016128628515 Time: 1.7365787000162527
Train loss: 4.347430787125047 Val loss: 0.7973808592651039 Time: 1.9831762000685558
Train loss: 4.291002081771643 Val loss: 0.7736616802867502 Time: 1.760016999905929
Train loss: 4.242750619396439 Val loss: 0.7522146210540086 Time: 1.9592249999986961
Train loss: 4.092226965641201 Val loss: 0.725231982418336 Time: 1.6922070999862626
Train loss: 4.056571135056874 Val loss: 0.7016592572908849 Time: 2.0509788999333978
Train loss: 3.9624752269322308 Val loss: 0.6779980097198859 Time: 1.7355859000235796
Train loss: 3.8277375272370806 Val loss: 0.6533856975147501 Time: 1.9668284999206662
Train loss: 3.819921727341347 Val loss: 0.628686735231895 Time: 1.5030734000029042
Train loss: 3.7408374186238524 Val loss: 0.6084817038208712 Time: 2.0707676999736577
Train loss: 3.685313553465697 Val loss: 0.5920970365987159 Time: 1.7311274000676349
Train loss: 3.5801630347531654 Val loss: 0.5738558297452983 Time: 1.9515741999493912
Train loss: 3.6342719909131995 Val loss: 0.5642690439271973 Time: 1.5664815000491217
Train loss: 3.519684999834771 Val loss: 0.544005930871208 Time: 2.002795800101012
Train loss: 3.472384844397732 Val loss: 0.5311251493531017 Time: 1.6435670000500977
Train loss: 3.516103250332298 Val loss: 0.5298302405540198 Time: 1.9117086000042036
Train loss: 3.4397572340107416 Val loss: 0.5240231601192136 Time: 1.683907900005579
Train loss: 3.3794732079699727 Val loss: 0.512147504508448 Time: 1.956010999972932
Train loss: 3.4112526612080822 Val loss: 0.5036816285482928 Time: 1.645953799947165
Train loss: 3.323192447536369 Val loss: 0.5014295403561846 Time: 1.881586099974811
Train loss: 3.41003369229684 Val loss: 0.49861223634070484 Time: 1.6910308999940753
Train loss: 3.326355597935717 Val loss: 0.4931884608231485 Time: 1.985532300081104
Train loss: 3.3048108112316665 Val loss: 0.49304437784303445 Time: 1.6598858999786898
Train loss: 3.2584774221677018 Val loss: 0.486970160229248 Time: 1.951063200016506
Train loss: 3.2060514095870363 Val loss: 0.48040921588108176 Time: 1.7282892999937758
Train loss: 3.208499888092374 Val loss: 0.48387826247198973 Time: 1.925809699925594
Train loss: 3.168588531796352 Val loss: 0.47078478176831595 Time: 1.809301899978891
Train loss: 3.0982818882331884 Val loss: 0.4738741660609094 Time: 1.9296727000037208
Train loss: 3.1780555316288 Val loss: 0.4750142520234135 Time: 1.6588304999750108
Train loss: 3.099549188441576 Val loss: 0.46646529630834266 Time: 1.9361813000869006
Train loss: 3.090087398943653 Val loss: 0.4670708086223385 Time: 1.6891540000215173
Train loss: 3.072237860716261 Val loss: 0.4706360426171159 Time: 1.9362405999563634
Train loss: 3.05397213304434 Val loss: 0.4674875747587066 Time: 1.7474700000602752
Train loss: 3.013792265721551 Val loss: 0.4682828897930449 Time: 1.9482081000460312
Train loss: 2.989205294246115 Val loss: 0.4669983877247432 Time: 1.5009407000616193
Train loss: 2.9302015345426744 Val loss: 0.46386959837400354 Time: 2.0368796999100596
Train loss: 2.8793993765060355 Val loss: 0.4684320497326553 Time: 1.6725923001067713
Train loss: 2.91858240738627 Val loss: 0.4666974198189564 Time: 1.9329788000322878
Train loss: 2.8583104605711074 Val loss: 0.4669925620255526 Time: 1.7310947999358177
Train loss: 2.824697821939857 Val loss: 0.47114572298596613 Time: 1.932399799930863
Train loss: 2.828143428413618 Val loss: 0.47486909609870054 Time: 1.6653664000332355
Train loss: 2.7889487961244512 Val loss: 0.47689487412571907 Time: 1.9336855000583455
Train loss: 2.7386550826283 Val loss: 0.481263248322648 Time: 1.6176912999944761
Train loss: 2.6968948154893297 Val loss: 0.4881339667863358 Time: 1.9564249000977725
Train loss: 2.7822701753077683 Val loss: 0.492866687813148 Time: 1.6159783999901265
Train loss: 2.631899091339232 Val loss: 0.4895142587843111 Time: 1.9428080000216141
Train loss: 2.6747549744979837 Val loss: 0.4932367372469457 Time: 1.6488635999849066
Train loss: 2.6259406468152395 Val loss: 0.5068785357289016 Time: 1.9295805000001565
Train loss: 2.651096306267082 Val loss: 0.5166835621348582 Time: 1.5635324000613764
Train loss: 2.5562872057694257 Val loss: 0.5142921568476595 Time: 2.011417799978517
Train loss: 2.550554661006901 Val loss: 0.5282980822958052 Time: 1.6821131999604404
Train loss: 2.484369692315565 Val loss: 0.5257138052838854 Time: 1.966282800072804
Train loss: 2.424277854375325 Val loss: 0.5344927301630378 Time: 1.6144989000167698
Train loss: 2.4138937777898772 Val loss: 0.5427528745494783 Time: 1.971249100053683
Train loss: 2.417478872427662 Val loss: 0.5521916756406426 Time: 2.4281424999935552
Train loss: 2.3997987090311725 Val loss: 0.5525186199229211 Time: 1.9516729000024498
Train loss: 2.366079998212455 Val loss: 0.5684737439732999 Time: 1.6636550000403076
Train loss: 2.3226568640075005 Val loss: 0.5561310544144362 Time: 2.031853200052865
Train loss: 2.276955239480664 Val loss: 0.5766122560016811 Time: 1.6909106000093743
Train loss: 2.3349161841096695 Val loss: 0.5778269311413169 Time: 1.9624399000313133
Train loss: 2.2404633186480005 Val loss: 0.5803514902945608 Time: 1.4978247999679297
Train loss: 2.2184155675284494 Val loss: 0.5798152970382944 Time: 2.048694400000386
Train loss: 2.206547456865473 Val loss: 0.600260783568956 Time: 1.6636049000080675
Train loss: 2.1694816234561154 Val loss: 0.629860587229814 Time: 1.963244599988684
Train loss: 2.2010660704457194 Val loss: 0.597270952857798 Time: 1.6505801000166684
Train loss: 2.1401852675914554 Val loss: 0.6030826030182652 Time: 1.9486548999557272
Train loss: 2.1643927485494276 Val loss: 0.6261512886212586 Time: 1.6662607999751344
Train loss: 2.1043935718089983 Val loss: 0.6219289586342711 Time: 1.9547877999721095
Train loss: 2.034801992621456 Val loss: 0.5922596348827938 Time: 1.521515000029467
Train loss: 2.097912433850663 Val loss: 0.6232820719096708 Time: 2.0105812000110745
Train loss: 2.0904768738024693 Val loss: 0.653136567590991 Time: 1.6960190000245348
Train loss: 2.093864202449222 Val loss: 0.6504638303886168 Time: 1.9875406000064686
Train loss: 1.996424527544871 Val loss: 0.6172674397821538 Time: 1.676856299978681
Train loss: 1.982154070809213 Val loss: 0.6238158036576351 Time: 1.922500199987553
Train loss: 1.9467112397389208 Val loss: 0.6742797054466791 Time: 1.5324303000234067
Train loss: 1.9229843313256803 Val loss: 0.6144706934137503 Time: 2.080543600022793
Train loss: 1.9177320358739811 Val loss: 0.6385374195524491 Time: 1.6764291999861598
Train loss: 1.9283062683107726 Val loss: 0.6175008416757919 Time: 1.94096660008654
Train loss: 1.9154823561616183 Val loss: 0.6822031561750919 Time: 1.724585899966769
Train loss: 1.9386513700419161 Val loss: 0.6149393735686317 Time: 1.861436799983494
Train loss: 1.809994995256794 Val loss: 0.6219117622240447 Time: 1.5971860000863671
Train loss: 1.8496637787303514 Val loss: 0.6397839309647679 Time: 2.027041199966334
Train loss: 1.8156791597073079 Val loss: 0.6370393910910934 Time: 1.593422899954021
Train loss: 1.7847620915001166 Val loss: 0.6456409401725978 Time: 1.9313785000704229
Train loss: 1.8058026183320095 Val loss: 0.6471480384934694 Time: 1.7464748999336734
Train loss: 1.7562057778979812 Val loss: 0.6020371168851852 Time: 1.947525400086306
Train loss: 1.747633251569252 Val loss: 0.6923376161139458 Time: 1.6117639999138191
Train loss: 1.7405783494585876 Val loss: 0.6361925720702857 Time: 1.948142800014466
Train loss: 1.7432837314051446 Val loss: 0.6725446421187371 Time: 1.6056363999377936
Train loss: 1.7784212323473894 Val loss: 0.6435746029019356 Time: 1.9177845999365672
Train loss: 1.728308577329969 Val loss: 0.5961581140290946 Time: 1.7736592999426648
Train loss: 1.7282051036236616 Val loss: 0.594752068456728 Time: 1.9412680000532418
Train loss: 1.660568067564447 Val loss: 0.6675972265657037 Time: 1.7389243999496102
Train loss: 1.659382527837743 Val loss: 0.6151933392975479 Time: 2.0095133999129757
Train loss: 1.621773832447678 Val loss: 0.6645753344055265 Time: 1.5160647999728099
Train loss: 1.6276062240116067 Val loss: 0.6485949500929564 Time: 2.0077258000383154
Train loss: 1.6247760551959878 Val loss: 0.5967478022794239 Time: 1.6873375000432134
Train loss: 1.5800579512296347 Val loss: 0.6166666981298476 Time: 1.9788019999396056
Train loss: 1.6342141588668553 Val loss: 0.6756026893854141 Time: 1.6936480000149459
Train loss: 1.587431704303338 Val loss: 0.6581215027254075 Time: 2.0799442999996245
Train loss: 1.6074349825535017 Val loss: 0.6278008810477331 Time: 1.6662813000148162
Train loss: 1.5480696561931466 Val loss: 0.6532308219466358 Time: 1.9241743999300525
Train loss: 1.5325681304510117 Val loss: 0.6048692909535021 Time: 1.682933200034313
Train loss: 1.5521029561341981 Val loss: 0.6768553948495537 Time: 2.0103068000171334
Train loss: 1.434378597733958 Val loss: 0.6543855620548129 Time: 1.7148307999596
Train loss: 1.4784099036621943 Val loss: 0.6228889900958166 Time: 1.958837699959986
Train loss: 1.4707427164081324 Val loss: 0.6347571085207164 Time: 1.6922399000031874
Train loss: 1.5049393517727645 Val loss: 0.6569237804505974 Time: 1.931918099988252
Train loss: 1.496859303875579 Val loss: 0.7122491705231369 Time: 1.695560900028795
Train loss: 1.4522197848810068 Val loss: 0.6582873750012368 Time: 1.9129949000198394
Train loss: 1.4243168572301337 Val loss: 0.6688852196093649 Time: 1.6565184999490157
Train loss: 1.4845572841115209 Val loss: 0.7052604632917792 Time: 1.9627794000552967
Train loss: 1.464203173807359 Val loss: 0.6544809592887759 Time: 1.689359600073658
Train loss: 1.343402370446571 Val loss: 0.6561152844224125 Time: 1.9246250999858603
Train loss: 1.3967423711901255 Val loss: 0.6785671890247613 Time: 1.6968179000541568
Train loss: 1.4431684876392765 Val loss: 0.6338266230886802 Time: 1.9420561000006273
Train loss: 1.449018309831432 Val loss: 0.704460778972134 Time: 1.6372346000280231
Train loss: 1.3982411702778816 Val loss: 0.6993833291344345 Time: 1.8891062000766397
Train loss: 1.3182642510428662 Val loss: 0.6717018407071009 Time: 1.7087643999839202
Train loss: 1.400021426717759 Val loss: 0.6746480014408007 Time: 1.932335399906151
Train loss: 1.276156174941839 Val loss: 0.7033047273289412 Time: 1.719029900035821
Train loss: 1.3148579902157964 Val loss: 0.7490953993983567 Time: 2.048187099979259
Train loss: 1.3608765736051556 Val loss: 0.770229822024703 Time: 1.479820399894379
Train loss: 1.3441530043928847 Val loss: 0.7346543567255139 Time: 2.333278900012374
Train loss: 1.3073658765767617 Val loss: 0.6807183782220818 Time: 1.992429899983108
Train loss: 1.2104354814873868 Val loss: 0.7139805793995038 Time: 2.0441864000167698
Train loss: 1.2657836312206001 Val loss: 0.7676906507695094 Time: 1.7391677000559866
Train loss: 1.3485460729958447 Val loss: 0.6857985584065318 Time: 1.8458148000063375
Train loss: 1.2511548665201844 Val loss: 0.7359845583559945 Time: 1.5849549000849947
Train loss: 1.2718379681939478 Val loss: 0.7114481131429784 Time: 1.9168783000204712
Train loss: 1.2389446254403822 Val loss: 0.7472913893871009 Time: 1.6593509999802336
Train loss: 1.3116215972672833 Val loss: 0.7600735222222283 Time: 1.9098639000440016
Train loss: 1.2514406698301004 Val loss: 0.7470339087303728 Time: 1.4533143999287859
Train loss: 1.2237616202633 Val loss: 0.7323216603836045 Time: 2.0519136999500915
Train loss: 1.2413434471637776 Val loss: 0.7816654177149758 Time: 1.4489634000929072
Shrinking learning rate to 1e-05
Train loss: 1.1259850944544354 Val loss: 0.712258858489804 Time: 2.0240100000519305
Train loss: 1.0762556833069137 Val loss: 0.7219332669628784 Time: 1.7520215000258759
Train loss: 1.1364108898555279 Val loss: 0.734119719825685 Time: 1.8598935999907553
Train loss: 1.0385338696668573 Val loss: 0.71381451562047 Time: 1.502674699993804
Train loss: 1.035707236445885 Val loss: 0.723506169510074 Time: 2.054522500024177
Train loss: 1.0426834793394983 Val loss: 0.7201689410721883 Time: 1.4350721000228077
Train loss: 1.0298689564592654 Val loss: 0.712495080428198 Time: 2.1205543999094516
Train loss: 1.0585448946070173 Val loss: 0.7221975378924981 Time: 1.683217899990268
Train loss: 1.0595228375999635 Val loss: 0.7097038016654551 Time: 1.8029137999983504
Train loss: 1.0347326595095059 Val loss: 0.7181752815376967 Time: 1.5235773000167683
Train loss: 1.0493110035498185 Val loss: 0.7038510346319526 Time: 1.9973788000643253
Train loss: 1.0150438974335059 Val loss: 0.7086549507221207 Time: 1.7169857999542728
Train loss: 1.0499037254498234 Val loss: 0.7185523126972839 Time: 1.8816794999875128
Train loss: 1.033802656883318 Val loss: 0.7015162567840889 Time: 1.5479050999274477
Train loss: 1.010459192103558 Val loss: 0.7021957628894597 Time: 1.9048119999933988
Train loss: 1.0099879632842566 Val loss: 0.6979664135724306 Time: 1.6533704000758007
Train loss: 1.0289612437691602 Val loss: 0.7099504059879109 Time: 1.8453005000483245
Train loss: 1.0565594699599163 Val loss: 0.710405791294761 Time: 1.9115616000490263
Train loss: 1.0291581357628896 Val loss: 0.6968153592897579 Time: 1.9365997000131756
Train loss: 0.9918512650456645 Val loss: 0.6964497292647138 Time: 3.8769595000194386
Train loss: 0.9806069499102213 Val loss: 0.7100951954489574 Time: 2.464771499973722
Train loss: 1.038607939670924 Val loss: 0.7089530794182792 Time: 1.9005735999671742
Train loss: 1.0110518210563135 Val loss: 0.6954534557880834 Time: 2.5786746999947354
Train loss: 1.0304583136052565 Val loss: 0.7020989805459976 Time: 2.6738723000744358
Train loss: 0.9499954098806977 Val loss: 0.6993746847147122 Time: 2.431350599974394
Train loss: 0.9665236240003051 Val loss: 0.7133012844715267 Time: 2.474095099954866
Train loss: 1.0340119440254159 Val loss: 0.709278381196782 Time: 2.31279330002144
Train loss: 1.0037233061071071 Val loss: 0.7050031935796142 Time: 2.896447200095281
Train loss: 1.047744535664127 Val loss: 0.7056444548070431 Time: 1.9079832000425085
Train loss: 1.0319602506566792 Val loss: 0.69417478016112 Time: 2.003783299936913
Train loss: 1.0142710444127765 Val loss: 0.6969934028456919 Time: 1.9503375999629498
Train loss: 0.9439239163125599 Val loss: 0.6981048398884013 Time: 1.7356503000482917
Train loss: 1.036611019951768 Val loss: 0.707878234796226 Time: 1.8881709999404848
Train loss: 1.030399121676128 Val loss: 0.7091904780827463 Time: 1.5619289999594912
Train loss: 0.9870454043260118 Val loss: 0.6993526834412478 Time: 1.9030826999805868
Train loss: 0.9794805793178512 Val loss: 0.7010553443687968 Time: 1.6726896999171004
Train loss: 0.9306759091272723 Val loss: 0.6991804389981553 Time: 1.9940981999970973
Train loss: 0.9676743737678626 Val loss: 0.7036672697868198 Time: 1.546933599980548
Train loss: 1.0204290355912278 Val loss: 0.7012243669596501 Time: 1.9564585000043735
Train loss: 0.9873921582405245 Val loss: 0.7099692553747445 Time: 1.5658860000548884
Train loss: 1.0345123626760078 Val loss: 0.7022443382884376 Time: 1.9702086000470445
Train loss: 1.026199214449623 Val loss: 0.7043248467962258 Time: 1.479652600013651
Train loss: 1.0185625660671969 Val loss: 0.6974925055983476 Time: 1.9904095999663696
Train loss: 0.9586639066625802 Val loss: 0.6936723984545097 Time: 1.6195056999567896
Train loss: 0.937781738268975 Val loss: 0.7012205695500597 Time: 1.8954765000380576
Train loss: 1.0316561066911147 Val loss: 0.705638556915801 Time: 1.4623358000535518
Shrinking learning rate to 1.0000000000000002e-06
Train loss: 0.9600934334563185 Val loss: 0.6991717747296207 Time: 2.023473000037484
Train loss: 0.9622999047964562 Val loss: 0.6980678013060242 Time: 1.538099700002931
Train loss: 0.9670098585185667 Val loss: 0.6967275312636048 Time: 3.0252201999537647
Train loss: 0.9286322574026367 Val loss: 0.697162325552199 Time: 1.3133444000268355
Train loss: 0.9741467816010699 Val loss: 0.6958586276159622 Time: 1.0445126999402419
Train loss: 0.92744680605289 Val loss: 0.6946553967427462 Time: 1.1381140999728814
Train loss: 1.0226615129035683 Val loss: 0.695306375331711 Time: 0.9956456000218168
Train loss: 1.0004226774447165 Val loss: 0.6948111152742058 Time: 0.9233077999670058
Train loss: 0.9670208013609702 Val loss: 0.6947656938573346 Time: 0.9024225000757724
Train loss: 1.0286683040638995 Val loss: 0.6941526514710858 Time: 0.950621800031513
Train loss: 0.9357287065795008 Val loss: 0.6946605187258683 Time: 0.8855099999345839
Train loss: 1.0571338556896765 Val loss: 0.6946749613853171 Time: 0.8263489999808371
Train loss: 1.0611207461435541 Val loss: 0.6948626373196021 Time: 0.7300310999853536
Train loss: 1.0061720263857163 Val loss: 0.6952883657650091 Time: 0.6880214000120759
Train loss: 0.9734492259893575 Val loss: 0.6945358199300244 Time: 0.7192073999904096
Shrinking learning rate to 1.0000000000000002e-07
Learning rate getting small
Complete
 Total time: 383.5772701000096