starting log for model: C:\Users\christopher.johnson\Documents\GitHub\flu\lstm_single_drop.pth
Train loss: 13.626845790289853 Val loss: 2.0384798279992538 Time: 0.7498420999618247
Train loss: 11.715881022721138 Val loss: 1.853218739721342 Time: 0.6877983000595123
Train loss: 9.223272339502532 Val loss: 1.5226092738157604 Time: 0.657412700005807
Train loss: 7.4392881105872295 Val loss: 1.3138614294002764 Time: 0.619440000038594
Train loss: 6.603522390556044 Val loss: 1.1659184529416962 Time: 0.6347604000475258
Train loss: 5.988202428364746 Val loss: 1.0615182571636979 Time: 0.6530158999375999
Train loss: 5.4544133363326015 Val loss: 0.9649045160331298 Time: 0.669770700042136
Train loss: 5.010291455081131 Val loss: 0.887566396559123 Time: 0.6403671000152826
Train loss: 4.942208553705997 Val loss: 0.8280484443966998 Time: 0.6676704999990761
Train loss: 5.120859966609291 Val loss: 0.7858715551919886 Time: 0.6353225000202656
Train loss: 4.711511990467576 Val loss: 0.7337155029461542 Time: 0.6407570999581367
Train loss: 4.450043270301664 Val loss: 0.700027661644981 Time: 0.6290647001005709
Train loss: 4.307755036708309 Val loss: 0.6608028898626799 Time: 0.6297610000474378
Train loss: 4.122310109761843 Val loss: 0.6136562138626687 Time: 0.6610313999699429
Train loss: 3.7818251820895306 Val loss: 0.5827362890850054 Time: 0.6581293999915943
Train loss: 3.8875688432752273 Val loss: 0.5470758017618209 Time: 0.6155526998918504
Train loss: 3.6658729961296945 Val loss: 0.5163460672774818 Time: 0.6303844000212848
Train loss: 3.450510150682022 Val loss: 0.5043724261777243 Time: 0.6247159000486135
Train loss: 3.655162121387974 Val loss: 0.48322693089721724 Time: 0.6295343999518082
Train loss: 3.1775601711675225 Val loss: 0.4820188562152907 Time: 0.6255531000206247
Train loss: 3.222612399624503 Val loss: 0.4724293032195419 Time: 0.6239812999265268
Train loss: 2.970791470321111 Val loss: 0.4542997303651646 Time: 0.640376599971205
Train loss: 2.9886327378758395 Val loss: 0.4691447711957153 Time: 0.6132611999055371
Train loss: 2.5617342663133886 Val loss: 0.460947274586033 Time: 0.6302866999758407
Train loss: 2.912550035164699 Val loss: 0.4674018677242202 Time: 0.6124375000363216
Train loss: 2.6841200667512553 Val loss: 0.47066482942318544 Time: 0.6232730000047013
Train loss: 2.507782355452721 Val loss: 0.46144887734772055 Time: 0.6294508000137284
Train loss: 2.3626706864400653 Val loss: 0.4826878160092747 Time: 0.6245942000532523
Train loss: 2.5573804600393615 Val loss: 0.5202788254246116 Time: 0.6201091998955235
Train loss: 2.291064746802217 Val loss: 0.49878689704928547 Time: 0.6120910999597982
Train loss: 2.31116534440197 Val loss: 0.5653392766835168 Time: 0.6408991999924183
Train loss: 2.208489866270151 Val loss: 0.5626625697332202 Time: 0.6430956000695005
Train loss: 2.034871951184013 Val loss: 0.5436670928319245 Time: 0.6457633000100031
Train loss: 2.1981059810130326 Val loss: 0.604451008111937 Time: 0.6510186000959948
Train loss: 1.8607141429548335 Val loss: 0.5606639341622213 Time: 0.6967922999756411
Train loss: 2.026665866905289 Val loss: 0.5659939586334986 Time: 0.7403545000124723
Train loss: 1.8819845560554809 Val loss: 0.6123704273231851 Time: 0.6090654999716207
Train loss: 2.114178810123976 Val loss: 0.6202194845938438 Time: 0.6145683000795543
Train loss: 1.799109374170693 Val loss: 0.6354841407441942 Time: 0.6311503000324592
Train loss: 1.8633374709611017 Val loss: 0.6438139733727439 Time: 0.6150063000386581
Train loss: 1.7582400920002843 Val loss: 0.672120390792486 Time: 0.6473667999962345
Train loss: 1.8504548680426685 Val loss: 0.6305977136289584 Time: 0.6157949999906123
Train loss: 1.5678000699192385 Val loss: 0.6614348673574568 Time: 0.5942956999642774
Train loss: 1.7408435977151935 Val loss: 0.7088418260464096 Time: 0.6180921000195667
Train loss: 1.8109845558980755 Val loss: 0.6113989702098479 Time: 0.6381780999945477
Train loss: 1.4520108477440443 Val loss: 0.6798753134717117 Time: 0.6200799000216648
Train loss: 1.7250991387559012 Val loss: 0.6979233701713383 Time: 0.6294691000366583
Train loss: 1.5423719743613908 Val loss: 0.7223292535563814 Time: 0.6115657000336796
Train loss: 1.6823723429636184 Val loss: 0.6900261728678458 Time: 0.7493774000322446
Train loss: 1.5703756789061547 Val loss: 0.6510401899815861 Time: 0.6178262999746948
Train loss: 1.5849263731954222 Val loss: 0.7843007527699228 Time: 0.6192564000375569
Train loss: 1.4025903977287655 Val loss: 0.7042050244372149 Time: 0.6051955000730231
Train loss: 1.5075659552777223 Val loss: 0.6852322982402939 Time: 0.615936900023371
Train loss: 1.6055193113459936 Val loss: 0.6801038564012742 Time: 0.617545900051482
Train loss: 1.574442736799515 Val loss: 0.7100587526183517 Time: 0.6238879000302404
Train loss: 1.4409807899410456 Val loss: 0.7027834915472653 Time: 0.6368205000180751
Train loss: 1.5336514377880386 Val loss: 0.6637456682132097 Time: 0.6260036000749096
Train loss: 1.3304785081409367 Val loss: 0.6420455643346941 Time: 0.6547799000982195
Train loss: 1.2830238836845207 Val loss: 0.6698648956875957 Time: 0.5849793000379577
Train loss: 1.2130804784852314 Val loss: 0.7538383166079257 Time: 0.6495457000564784
Train loss: 1.3520966915936605 Val loss: 0.6682810864904241 Time: 0.62274810008239
Train loss: 1.246286688005707 Val loss: 0.6942262056625168 Time: 0.6166237000143155
Train loss: 1.4472235303644871 Val loss: 0.7112227597754099 Time: 0.6041958999121562
Train loss: 1.3132835902593705 Val loss: 0.6628381823017122 Time: 0.629412499954924
Train loss: 1.1227037830572122 Val loss: 0.6709497656061103 Time: 0.6285443999804556
Train loss: 1.1503166280287047 Val loss: 0.6798885511747965 Time: 0.6287108999677002
Train loss: 1.3833877855280596 Val loss: 0.689530111169006 Time: 0.6197225000942126
Train loss: 1.325110505730997 Val loss: 0.694693710487627 Time: 0.6251381000038236
Train loss: 1.1988503902636936 Val loss: 0.6853276348219879 Time: 0.6255213000113145
Train loss: 1.3758034857963612 Val loss: 0.6546321874802743 Time: 0.5921221999451518
Train loss: 1.0425503310819844 Val loss: 0.7055394019182017 Time: 0.621960400021635
Train loss: 1.185346773490025 Val loss: 0.6622813169306028 Time: 0.6014087999938056
Train loss: 1.0552407263307977 Val loss: 0.7529961717796141 Time: 0.6538960000034422
Train loss: 1.4984210849665984 Val loss: 0.7194829613672482 Time: 0.6235429999651387
Train loss: 1.2854814514693234 Val loss: 0.661305214015556 Time: 0.6318591999588534
Train loss: 1.130557532648659 Val loss: 0.7139087517116423 Time: 0.6379751999629661
Train loss: 1.0015030826863627 Val loss: 0.7920266104758866 Time: 0.665734100039117
Train loss: 1.0389817115723652 Val loss: 0.667001646659628 Time: 0.6302106000948697
Train loss: 0.9572266387114801 Val loss: 0.7350891745957142 Time: 0.6820195999462157
Train loss: 1.0194213025654335 Val loss: 0.7689252971292717 Time: 0.6787187999580055
Train loss: 0.9507007032571053 Val loss: 0.7257681444891659 Time: 0.6769211000064388
Train loss: 0.9195360496042158 Val loss: 0.7077670205675304 Time: 0.6413176999194548
Train loss: 1.006651415281699 Val loss: 0.6747056483976053 Time: 0.6743925999617204
Train loss: 1.061189838181631 Val loss: 0.7147156043665746 Time: 0.6357865000609308
Train loss: 0.797211147661415 Val loss: 0.7081091096297314 Time: 0.672425500000827
Train loss: 0.9618511804826191 Val loss: 0.7320682493664208 Time: 0.6593124999199063
Train loss: 1.0758514462676274 Val loss: 0.7296310146889482 Time: 0.6950104999123141
Train loss: 0.9497820067823879 Val loss: 0.6521087042829095 Time: 0.6710079000331461
Train loss: 0.932205820728772 Val loss: 0.6750036082979705 Time: 0.646323100081645
Train loss: 0.9758167136844222 Val loss: 0.7706564919224661 Time: 0.6564327999949455
Train loss: 0.9747437897076492 Val loss: 0.692607856691211 Time: 0.6606949999695644
Train loss: 1.1355988304231515 Val loss: 0.6781114105829147 Time: 0.6265639000339434
Train loss: 0.8281387149018876 Val loss: 0.6785497296661802 Time: 0.6364827000070363
Train loss: 0.9811621337845555 Val loss: 0.6854333967239654 Time: 0.6318949999986216
Shrinking learning rate to 1e-05
Train loss: 0.8495695877564238 Val loss: 0.6905596864290828 Time: 0.6264620999572799
Train loss: 0.8686858618315141 Val loss: 0.6864654456859043 Time: 0.6554733000230044
Train loss: 1.1244009718204087 Val loss: 0.6780568720823794 Time: 0.6203526000026613
Train loss: 0.9465727339040257 Val loss: 0.6958589008838771 Time: 0.6200238999444991
Train loss: 0.7943604510630738 Val loss: 0.6811476339491946 Time: 0.6407581999665126
Train loss: 0.8465048073662444 Val loss: 0.6822646481444038 Time: 0.6236128000309691
Train loss: 0.8427412898474433 Val loss: 0.6694492347449881 Time: 0.6325598999392241
Train loss: 0.8189513460436828 Val loss: 0.6790351126422784 Time: 0.662848399952054
Train loss: 0.8973768284628179 Val loss: 0.6562864179874168 Time: 0.6284965999657288
Train loss: 0.9637400006810868 Val loss: 0.6738143359971787 Time: 0.6289423999842256
Train loss: 0.6951048828118809 Val loss: 0.6726135498950612 Time: 0.6379200000083074
Train loss: 0.8002458065326155 Val loss: 0.662450077442827 Time: 0.623035499942489
Train loss: 0.9434003908444941 Val loss: 0.6820093099899225 Time: 0.6198363999137655
Train loss: 1.0034557005544613 Val loss: 0.6896115595794754 Time: 0.6526483999332413
Train loss: 0.8324114393545246 Val loss: 0.6709587536638537 Time: 0.6596389999613166
Train loss: 0.9690088056450881 Val loss: 0.6792431064172888 Time: 0.6391249999869615
Train loss: 0.888589441857798 Val loss: 0.686343760178147 Time: 0.7381751999491826
Train loss: 0.8118247010715166 Val loss: 0.6661366007783727 Time: 0.6637718999991193
Train loss: 0.729031545175169 Val loss: 0.6722300918763722 Time: 0.616673200041987
Train loss: 0.8572585741368767 Val loss: 0.672672695618985 Time: 0.6480924999341369
Shrinking learning rate to 1.0000000000000002e-06
Train loss: 0.8128729443582554 Val loss: 0.6709782952450212 Time: 0.6306175999343395
Train loss: 0.8825677868530265 Val loss: 0.6690018343689417 Time: 0.6122430999530479
Train loss: 0.8667419707266231 Val loss: 0.667720063198658 Time: 0.635884299990721
Train loss: 0.7910784992309268 Val loss: 0.6694297692376381 Time: 0.6560336999827996
Train loss: 0.6988476349131432 Val loss: 0.6688930996914451 Time: 0.6090481000719592
Train loss: 0.9463475618102204 Val loss: 0.6678667195450316 Time: 0.6252317000180483
Train loss: 0.9647578246032819 Val loss: 0.6686658417188482 Time: 0.6262973999837413
Train loss: 0.8653796566756109 Val loss: 0.6688863462595407 Time: 0.6263620000099763
Train loss: 0.8746142906288537 Val loss: 0.6688641169192948 Time: 0.6448554999660701
Train loss: 0.9124406115245511 Val loss: 0.668331554557227 Time: 0.6321874000132084
Shrinking learning rate to 1.0000000000000002e-07
Learning rate getting small
Complete
 Total time: 79.56976159999613