starting log for model: C:\Users\christopher.johnson\Documents\GitHub\flu\lstm_cnn_drop.pth
Train loss: 14.084781775156387 Val loss: 2.228297259705986 Time: 0.973969699931331
Train loss: 11.039730309268247 Val loss: 1.5205261349328794 Time: 0.8770991000346839
Train loss: 7.234914460180326 Val loss: 1.0871109425352188 Time: 0.8198207999812439
Train loss: 6.565564453237046 Val loss: 0.9781480469973758 Time: 0.8626174000091851
Train loss: 5.9523358541797275 Val loss: 0.9616454899660312 Time: 0.8744005999760702
Train loss: 5.601512786723449 Val loss: 0.9476823087607045 Time: 0.8698912999825552
Train loss: 5.753036214498503 Val loss: 0.77367361378856 Time: 0.814617200056091
Train loss: 5.517960063004791 Val loss: 0.8743966741021723 Time: 0.8222166000632569
Train loss: 4.885622382158633 Val loss: 0.8187407891382463 Time: 0.8231129000196233
Train loss: 5.161251276483659 Val loss: 0.8917387115070596 Time: 0.8084061000263318
Train loss: 5.066250142302572 Val loss: 0.8101347841438837 Time: 0.7928283999208361
Train loss: 4.778339047036734 Val loss: 0.9286318678059615 Time: 0.8281822999706492
Train loss: 4.644383357138542 Val loss: 0.7255553921422688 Time: 0.8321440999861807
Train loss: 4.104394284276296 Val loss: 0.7631031659911969 Time: 0.8221731999656186
Train loss: 3.746281726091955 Val loss: 0.7658205978004844 Time: 0.8296789999585599
Train loss: 4.173790150951287 Val loss: 0.6458813342615031 Time: 0.8281763000413775
Train loss: 3.6701076274907334 Val loss: 0.7588561732554808 Time: 0.8415503000142053
Train loss: 3.487780511394292 Val loss: 0.7756241000606678 Time: 0.820511500001885
Train loss: 3.315546140729076 Val loss: 0.6914741779328324 Time: 0.8310958000365645
Train loss: 3.5355927193008534 Val loss: 0.758406873093918 Time: 0.8280491000041366
Train loss: 3.007845294152835 Val loss: 0.8112733580055647 Time: 0.8121837000362575
Train loss: 3.1237760640047205 Val loss: 0.8946898879366927 Time: 0.8416280000237748
Train loss: 2.7276162320714694 Val loss: 0.8854150584666058 Time: 0.8286954000359401
Train loss: 2.7556204153447146 Val loss: 0.9213356576510705 Time: 0.8220645000692457
Train loss: 2.6614344247316097 Val loss: 0.988300425990019 Time: 0.8220699999947101
Train loss: 2.7878043591265973 Val loss: 1.1876993391197175 Time: 0.830340399988927
Train loss: 2.7100920231245036 Val loss: 1.046028959332034 Time: 0.7992787000257522
Train loss: 2.5503449804049465 Val loss: 0.9520523760002106 Time: 0.8212510000448674
Train loss: 2.311947894223069 Val loss: 1.0109763243235648 Time: 0.783525500097312
Train loss: 2.4247319069190634 Val loss: 1.0978885011281818 Time: 0.8114135999931023
Train loss: 2.2583933448244466 Val loss: 1.2518959881272167 Time: 0.8110310999909416
Train loss: 2.3734059055921755 Val loss: 1.0455892968457192 Time: 0.7935026999330148
Train loss: 1.8227427186265945 Val loss: 1.1352399492170662 Time: 0.8019487999845296
Train loss: 1.9220938448331044 Val loss: 0.8844640687166248 Time: 0.8093337999889627
Train loss: 1.892776949262693 Val loss: 0.9784249772783369 Time: 0.8162127000978217
Train loss: 2.1539979156086204 Val loss: 0.9870680824387819 Time: 0.8056040999945253
Train loss: 1.7749159343399294 Val loss: 1.018057688663248 Time: 0.8527851999970153
Train loss: 1.8404905947404846 Val loss: 0.9910735213197768 Time: 0.8517461000010371
Train loss: 1.7822025363757048 Val loss: 1.0334407220507273 Time: 0.814278999925591
Train loss: 1.4752610565871394 Val loss: 1.3003260839723225 Time: 0.8354472999926656
Train loss: 1.618683424457805 Val loss: 1.4508379182079807 Time: 0.8790117999305949
Train loss: 1.402782304846828 Val loss: 1.0937865193700418 Time: 0.7864169999957085
Train loss: 1.3272714899189835 Val loss: 1.1688549293576216 Time: 0.8104864000342786
Train loss: 1.507625635525132 Val loss: 1.512187806147267 Time: 0.8062810000265017
Train loss: 1.5046275512479357 Val loss: 1.298669043550035 Time: 0.7947712000459433
Train loss: 1.3586666048414162 Val loss: 1.4335644462489654 Time: 0.8136311999987811
Train loss: 1.2329151883628575 Val loss: 1.197202046518214 Time: 0.8029827999416739
Train loss: 1.4190274133176033 Val loss: 1.1301671346009243 Time: 0.8317222000332549
Train loss: 1.409123006008698 Val loss: 1.3327423984301277 Time: 0.8250958999851719
Train loss: 1.437854945679709 Val loss: 1.2712643180857413 Time: 0.8251481000334024
Train loss: 1.159961127321278 Val loss: 1.0698706397670321 Time: 0.8166887999977916
Train loss: 1.0653808905036595 Val loss: 0.9572693787049502 Time: 0.8257284000283107
Train loss: 1.2529273602614246 Val loss: 1.2450963518058416 Time: 0.7915036999620497
Train loss: 1.2108277996292323 Val loss: 0.991508124396205 Time: 0.828722000005655
Train loss: 1.161547073284896 Val loss: 1.1811722748097964 Time: 0.8144373999675736
Train loss: 1.0042027165863885 Val loss: 1.1826654776232317 Time: 0.8351948999334127
Train loss: 0.9809737722301922 Val loss: 1.2258994228905067 Time: 0.8644292999524623
Train loss: 1.0848479145988434 Val loss: 1.305768171325326 Time: 0.7841361999744549
Train loss: 0.9390998510833235 Val loss: 1.6149261047539767 Time: 0.8260597001062706
Train loss: 0.8567036176084079 Val loss: 1.552402005303648 Time: 0.8010317999869585
Train loss: 0.9523831733084618 Val loss: 1.416254302974835 Time: 0.7964769001118839
Train loss: 0.7915822481231921 Val loss: 1.2976314270636067 Time: 0.8225742999929935
Train loss: 1.0987865323015338 Val loss: 1.164430777542293 Time: 0.8571590000065044
Train loss: 0.9135982165470709 Val loss: 1.126010782085359 Time: 0.8101379999425262
Train loss: 0.8273251761920144 Val loss: 1.113244644831866 Time: 0.8398681000107899
Train loss: 0.8750755744693546 Val loss: 1.0149079093243927 Time: 0.8294426999054849
Train loss: 0.9928940700697289 Val loss: 1.2860673747491091 Time: 0.7943397000199184
Train loss: 0.9058238870794977 Val loss: 1.1702158493571915 Time: 0.8413834000239149
Train loss: 0.9068395244947887 Val loss: 1.1971374103450216 Time: 0.8117991000181064
Train loss: 1.026090680766325 Val loss: 1.3978477539494634 Time: 0.8054981000022963
Train loss: 0.7707198155936057 Val loss: 1.3430652060706052 Time: 0.8516724000219256
Train loss: 0.9273375330409783 Val loss: 2.2622013703221455 Time: 0.8275220999494195
Train loss: 0.9262449839727367 Val loss: 1.640581194893457 Time: 0.8183073999825865
Train loss: 1.1294903285607507 Val loss: 1.1929664913623128 Time: 0.8427264000056311
Train loss: 0.6601685161575368 Val loss: 1.6879977001226507 Time: 0.8029430999886245
Train loss: 0.7555985827952201 Val loss: 1.0043318147118043 Time: 0.7990676000481471
Train loss: 0.7621239300482547 Val loss: 1.7757877379190177 Time: 0.8120621999260038
Train loss: 0.6841764641705248 Val loss: 1.1011556519661099 Time: 0.8295108999591321
Train loss: 0.7245593051324728 Val loss: 1.247625716321636 Time: 0.8034645000007004
Train loss: 0.5770367504231295 Val loss: 1.204170156639293 Time: 0.813546699937433
Train loss: 0.7678420490729092 Val loss: 1.1206353548914194 Time: 0.8007361999480054
Train loss: 0.861537855157301 Val loss: 0.9198828627122566 Time: 0.8334723999723792
Train loss: 0.6414405835351229 Val loss: 1.0303217364125885 Time: 0.8316062999656424
Train loss: 0.7589175447282861 Val loss: 1.0552065760130063 Time: 0.7953353000339121
Train loss: 0.7164163545952882 Val loss: 0.8009300582198193 Time: 0.8085526000941172
Train loss: 0.8512698959137763 Val loss: 1.2357353908591904 Time: 0.8213015999644995
Train loss: 0.8036004241539686 Val loss: 0.900500644085696 Time: 0.8399202999426052
Train loss: 0.6711992386918668 Val loss: 1.157966691418551 Time: 0.8660089999902993
Train loss: 0.7508549806078513 Val loss: 2.053433495340869 Time: 0.8520918999565765
Shrinking learning rate to 1e-05
Train loss: 0.8295393696748601 Val loss: 0.9330449256813154 Time: 0.8922465000068769
Train loss: 0.8910683416236043 Val loss: 0.9391901878989302 Time: 0.8466352000832558
Train loss: 0.6577514700195956 Val loss: 0.9445860162377357 Time: 0.7630360999610275
Train loss: 0.5337843168321372 Val loss: 0.8885715370997787 Time: 0.8262884999858215
Train loss: 0.5420297083554305 Val loss: 0.9559962956118397 Time: 0.806701400084421
Train loss: 0.44749568929874145 Val loss: 0.9318020548089407 Time: 0.790270600002259
Train loss: 0.5188818667666109 Val loss: 0.9184942336869426 Time: 0.8474949999945238
Train loss: 0.6899139582226366 Val loss: 0.9606210486381315 Time: 0.7780658999690786
Train loss: 0.5687664830217645 Val loss: 0.9776538982405327 Time: 0.8123056000331417
Train loss: 0.4927926916551767 Val loss: 0.9663154224981554 Time: 0.8094610000262037
Train loss: 0.4938198263349801 Val loss: 0.9874773122719489 Time: 0.9885824000230059
Train loss: 0.5687749484677671 Val loss: 0.9586096838465892 Time: 0.8192035999381915
Train loss: 0.6015410137178083 Val loss: 0.9424555397126824 Time: 0.802845099940896
Train loss: 0.5539749813458134 Val loss: 0.9959419115330093 Time: 0.8222033999627456
Train loss: 0.5038353940099718 Val loss: 0.9795002941973507 Time: 0.804701599990949
Shrinking learning rate to 1.0000000000000002e-06
Train loss: 0.5307122665999511 Val loss: 0.9349956513033248 Time: 0.8129383000778034
Train loss: 0.5031911930034236 Val loss: 0.9366428010398522 Time: 0.8237897999351844
Train loss: 0.5001188169290748 Val loss: 0.9393980294698849 Time: 0.7881984999403358
Train loss: 0.572007845661781 Val loss: 0.939081235206686 Time: 0.8254473999841139
Train loss: 0.6148401224834334 Val loss: 0.9329355172230862 Time: 0.8072891999036074
Train loss: 0.5662178978120853 Val loss: 0.9386135436943732 Time: 0.840771000017412
Train loss: 0.5230232677276986 Val loss: 0.9429549263441004 Time: 0.8071811000118032
Train loss: 0.5456016966896313 Val loss: 0.9406513391295448 Time: 0.818447700003162
Train loss: 0.5448454172773132 Val loss: 0.9444991800701246 Time: 0.8372109000338241
Train loss: 0.57808963454942 Val loss: 0.9460914217634127 Time: 0.8024795999517664
Shrinking learning rate to 1.0000000000000002e-07
Learning rate getting small
Complete
 Total time: 94.20391169993673