starting log for model: C:\Users\christopher.johnson\Documents\GitHub\flu\lstm_drop_2019.pth
Train loss: 15.780853069372256 Val loss: 0.18155083183953025 Time: 0.7737454000161961
Train loss: 12.107174292530845 Val loss: 0.30844988982130417 Time: 0.7209588000550866
Train loss: 12.24978273670608 Val loss: 0.28376021568419674 Time: 0.6374291999964043
Train loss: 12.09608687887172 Val loss: 0.3017553385543579 Time: 0.6215672000544146
Train loss: 12.136051016498868 Val loss: 0.30191166570875794 Time: 0.6083315999712795
Train loss: 11.55880188258675 Val loss: 0.3332490464672446 Time: 0.6089159999974072
Train loss: 11.049235559412192 Val loss: 0.29615943937096745 Time: 0.6281498000025749
Train loss: 8.502000026249846 Val loss: 0.3296210332773626 Time: 0.5938114000018686
Train loss: 6.9655936685801265 Val loss: 0.6106927602323988 Time: 0.5807496999623254
Train loss: 5.8239507139526125 Val loss: 0.7368985525224616 Time: 0.6012028000550345
Train loss: 5.304477740346329 Val loss: 0.8538994646172569 Time: 0.6018702000146732
Train loss: 5.087937244884243 Val loss: 1.0055541926669775 Time: 0.5987119999481365
Train loss: 4.590813160189544 Val loss: 1.0230097966073117 Time: 0.6017530000535771
Train loss: 4.797338330773336 Val loss: 1.231250753609121 Time: 0.6015036999015138
Train loss: 4.175698395265039 Val loss: 1.4824965501626366 Time: 0.6033204999985173
Train loss: 4.319304618075108 Val loss: 1.3874652683981594 Time: 0.5870076999999583
Train loss: 4.009363486648187 Val loss: 1.6020322147901425 Time: 0.5920563999097794
Train loss: 3.928891507946865 Val loss: 1.808405959146171 Time: 0.5842972999671474
Train loss: 3.538563245615093 Val loss: 1.7048926844100833 Time: 0.6359766999958083
Train loss: 3.632383030774406 Val loss: 1.6175024770163304 Time: 0.6073851999826729
Train loss: 3.8495129061097657 Val loss: 1.7271341680303607 Time: 0.6018585000419989
Train loss: 3.6735078515886324 Val loss: 1.6562505253942206 Time: 0.5837630999740213
Train loss: 3.849581423034241 Val loss: 1.5722217633436912 Time: 0.5911416000453755
Train loss: 3.3455715678002846 Val loss: 1.6014299604940447 Time: 0.7152322999900207
Train loss: 3.3558335974374316 Val loss: 1.6110400389211605 Time: 0.6957821999676526
Train loss: 3.111272120942175 Val loss: 1.5918736784371816 Time: 0.6773708000546321
Train loss: 2.902759298053269 Val loss: 1.716513793398434 Time: 0.6028436999768019
Train loss: 3.3527018792769887 Val loss: 1.5583797778908774 Time: 0.5962340999394655
Train loss: 3.3822797481010873 Val loss: 1.4404668501254978 Time: 0.6052487000124529
Train loss: 2.9769756271131573 Val loss: 1.5080205941324536 Time: 0.6105427999282256
Train loss: 3.0942929004349127 Val loss: 1.4867586022937758 Time: 0.5976323999930173
Train loss: 3.260456774125726 Val loss: 1.5993509128986148 Time: 0.5839035999961197
Train loss: 3.2116684660497796 Val loss: 1.5220308711642616 Time: 0.6005618999479339
Train loss: 3.1564555587042094 Val loss: 1.5023184735104564 Time: 0.5877866999944672
Train loss: 2.8998027003752185 Val loss: 1.582788696272189 Time: 0.574000799912028
Train loss: 3.075575052215769 Val loss: 1.3817355775279374 Time: 0.5816304000327364
Train loss: 3.2187338238956205 Val loss: 1.5690756090822555 Time: 0.6147951000602916
Train loss: 2.6399832681710933 Val loss: 1.409711369770946 Time: 0.5750123999314383
Train loss: 3.0221160875228836 Val loss: 1.3250426213331439 Time: 0.5819268000777811
Train loss: 3.2011957599647123 Val loss: 1.41990625423741 Time: 0.6044242000207305
Train loss: 2.835440449934545 Val loss: 1.34356269471472 Time: 0.5880907999817282
Train loss: 2.635901516276638 Val loss: 1.2440241267891352 Time: 0.5940888000186533
Train loss: 2.8558627597312016 Val loss: 1.3153413181550135 Time: 0.5912563999881968
Train loss: 2.9896655145123585 Val loss: 1.2865407624418168 Time: 0.5899044999387115
Train loss: 2.693391566981515 Val loss: 1.3446398530193875 Time: 0.5960645999293774
Train loss: 2.8790274010174155 Val loss: 1.2736210670940178 Time: 0.60193010000512
Train loss: 2.7032176077404317 Val loss: 1.3253642646807577 Time: 0.5991817000322044
Train loss: 2.686113800239521 Val loss: 1.3614951955342889 Time: 0.5767747999634594
Train loss: 2.8585824666034076 Val loss: 1.4027228755560799 Time: 0.5841478999936953
Train loss: 2.9037840602449663 Val loss: 1.2816582859384091 Time: 0.585423200041987
Train loss: 2.6355210660583013 Val loss: 1.1685307671939285 Time: 0.5859224000014365
Train loss: 2.8870305747199865 Val loss: 1.1009237769020095 Time: 0.590194100048393
Train loss: 2.3341866497579282 Val loss: 1.062664144319509 Time: 0.5715940000955015
Train loss: 2.819683115072854 Val loss: 1.2833466977951504 Time: 0.578384599997662
Train loss: 2.8700340077031017 Val loss: 1.284258803167294 Time: 0.5912447000155225
Train loss: 2.4887683453433054 Val loss: 1.0884599879023256 Time: 0.5811242000199854
Train loss: 2.4543390453260825 Val loss: 1.2034002764362413 Time: 0.6144876999314874
Train loss: 2.441212232604529 Val loss: 1.1227355787332272 Time: 0.578710800036788
Train loss: 2.456947363328837 Val loss: 1.2297848312255155 Time: 0.5991930000018328
Train loss: 2.4386593140286834 Val loss: 1.0546497653867846 Time: 0.5933427000418305
Train loss: 2.266644094040643 Val loss: 1.1451944309587816 Time: 0.6056653000414371
Train loss: 2.590818032960729 Val loss: 1.2090526892268372 Time: 0.6048409000504762
Train loss: 2.4980532952909336 Val loss: 1.182375227027478 Time: 0.6626296000322327
Train loss: 2.2089022882185296 Val loss: 1.0811748469195663 Time: 0.5817750999704003
Train loss: 2.4367460041616127 Val loss: 1.0282565901179623 Time: 0.5896978999953717
Train loss: 2.147957362430123 Val loss: 0.9468068892565498 Time: 0.5891827000305057
Train loss: 2.408384460700934 Val loss: 0.823061091402451 Time: 0.5810041000368074
Train loss: 2.210739881324564 Val loss: 0.9055357193619784 Time: 0.6027953999582678
Train loss: 2.1317508795921807 Val loss: 0.9514963072979299 Time: 0.6019087999593467
Train loss: 2.0987642159291235 Val loss: 0.9654223597690361 Time: 0.5889242000412196
Train loss: 2.394475027844483 Val loss: 0.9983188073902056 Time: 0.616540199960582
Train loss: 2.255161938363218 Val loss: 1.0127984061664392 Time: 0.5928228999255225
Train loss: 2.0819073781989554 Val loss: 0.9970159157569469 Time: 0.5813666000030935
Train loss: 2.026796576630397 Val loss: 0.8046114446115098 Time: 0.5927098999964073
Train loss: 2.153517614845116 Val loss: 0.8758572228027788 Time: 0.5923342000460252
Train loss: 2.071056489889779 Val loss: 0.7892319721645435 Time: 0.5735936999553815
Train loss: 1.9865042369669474 Val loss: 0.7082115397201703 Time: 0.601054499973543
Train loss: 1.6924956640470485 Val loss: 0.8394990232451818 Time: 0.5905345999635756
Train loss: 2.100617657616656 Val loss: 0.833645960313752 Time: 0.5974105000495911
Train loss: 2.027026866885719 Val loss: 0.8800489894982944 Time: 0.5679571999935433
Train loss: 1.9019270501231178 Val loss: 0.7169634679597365 Time: 0.5917094999458641
Train loss: 1.490801798961532 Val loss: 0.8196669232609111 Time: 0.5842520000878721
Train loss: 2.0298632983948046 Val loss: 0.8357296627527298 Time: 0.5514870999613777
Train loss: 1.6496636353538734 Val loss: 0.788370568855882 Time: 0.5918328000698239
Train loss: 1.8013337352042762 Val loss: 0.7683593491829015 Time: 0.6014853999949992
Train loss: 1.701737968599285 Val loss: 0.7558478722712607 Time: 0.5722167999483645
Train loss: 1.5897073893733844 Val loss: 0.7201826719542623 Time: 0.6000146000878885
Train loss: 1.7157858783686664 Val loss: 0.7098491701008243 Time: 0.5865323999896646
Train loss: 1.850057279531327 Val loss: 0.832158270050968 Time: 0.5837688000174239
Train loss: 1.4880456748517819 Val loss: 0.8060161294070554 Time: 0.584993900032714
Train loss: 1.5730037712934895 Val loss: 0.7491373771481449 Time: 0.6090268999105319
Train loss: 1.561591977496891 Val loss: 0.7437242927926491 Time: 0.6066945999627933
Train loss: 1.5988459358326623 Val loss: 0.7785368880472792 Time: 0.6387302000075579
Train loss: 1.5883886648321595 Val loss: 0.8170712362807535 Time: 0.6476754000177607
Train loss: 1.4794160177132691 Val loss: 0.7142347964413602 Time: 0.6431612999876961
Train loss: 1.6413716702384216 Val loss: 0.7242429930520302 Time: 0.6334018999477848
Train loss: 1.6377595616916234 Val loss: 0.7492495495322871 Time: 0.653580000041984
Train loss: 1.6501410336490376 Val loss: 0.9443694046176461 Time: 0.6385275999782607
Train loss: 1.6485641884425233 Val loss: 0.9698816838540552 Time: 0.9046083999564871
Train loss: 1.6080463957049203 Val loss: 1.0119808074708772 Time: 0.793239500024356
Train loss: 1.6590190107178713 Val loss: 0.8186753616411693 Time: 0.800642800051719
Train loss: 1.625316813378825 Val loss: 0.7735215180800878 Time: 0.780678000068292
Train loss: 1.5044901189786986 Val loss: 0.7338269958709134 Time: 0.8510894000064582
Train loss: 1.4472349628977639 Val loss: 0.8073018992664629 Time: 0.7766253999434412
Train loss: 1.2879657962920859 Val loss: 0.6904758732289054 Time: 0.8117928000865504
Train loss: 1.2246538974813816 Val loss: 0.874505400227509 Time: 0.8052932999562472
Train loss: 1.3846342484482037 Val loss: 0.631051811409975 Time: 0.7535276999697089
Train loss: 1.376140842061777 Val loss: 0.6326386584518104 Time: 0.7311833000276238
Train loss: 1.2810884630559949 Val loss: 0.5496627997940777 Time: 0.7900244999909773
Train loss: 1.5126803544284386 Val loss: 0.7881067538958604 Time: 0.8681390000274405
Train loss: 1.2295100162048724 Val loss: 0.7017285599750167 Time: 0.9094505999237299
Train loss: 1.3019944384419366 Val loss: 0.5790822580856911 Time: 0.7843950000824407
Train loss: 1.2718397285467664 Val loss: 0.6475271268363159 Time: 0.7705073999240994
Train loss: 1.1437249986894598 Val loss: 0.5096826189815626 Time: 0.8027390000643209
Train loss: 1.2929616726189401 Val loss: 0.602891983139898 Time: 0.8405330999521539
Train loss: 1.121261360944466 Val loss: 0.5786525595754171 Time: 0.9193524000002071
Train loss: 0.9942047152661062 Val loss: 0.65664610373085 Time: 1.0017320000333712
Train loss: 1.1361747704022847 Val loss: 0.5042777205771927 Time: 0.8440214999718592
Train loss: 1.3049478174185944 Val loss: 0.6052590277992067 Time: 0.7817994999932125
Train loss: 1.1870853726664023 Val loss: 0.6745421833063574 Time: 0.8113234000047669
Train loss: 1.1170606662060534 Val loss: 0.5872542207271394 Time: 0.8847850000020117
Train loss: 0.9793515615284107 Val loss: 0.6785312115893181 Time: 0.9549783000256866
Train loss: 1.3168332481539922 Val loss: 0.6526781890390154 Time: 0.8239563999231905
Train loss: 1.0603284562719186 Val loss: 0.5287054953379311 Time: 0.8758329000556841
Train loss: 1.0362278828826263 Val loss: 0.6360546344750588 Time: 0.8225734999869019
Train loss: 1.1715965921200333 Val loss: 0.6540911086230494 Time: 0.829678799957037
Train loss: 0.7276754459555406 Val loss: 0.5552102318599852 Time: 0.7457630999851972
Train loss: 0.9271846496661169 Val loss: 0.48084686720153513 Time: 0.8433579000411555
Train loss: 1.0565472502826048 Val loss: 0.5227692292292829 Time: 0.9321082000387833
Train loss: 0.9907298911112643 Val loss: 0.6012044250837234 Time: 0.7999574999557808
Train loss: 1.1224734249352335 Val loss: 0.48780062373471367 Time: 0.8590178999584168
Train loss: 1.097387565210831 Val loss: 0.4440861078497571 Time: 0.8765670999418944
Train loss: 0.7751064414342292 Val loss: 0.4526501045522302 Time: 0.8358982000499964
Train loss: 0.8922038405279231 Val loss: 0.5412017775306452 Time: 0.8875495999818668
Train loss: 0.9982823114299739 Val loss: 0.6488372812794765 Time: 0.8606131999986246
Train loss: 0.7605047953347999 Val loss: 0.4952988277434258 Time: 0.9497311000013724
Shrinking learning rate to 1e-05
Train loss: 1.0021337800290964 Val loss: 0.5718834111738786 Time: 0.7694703999441117
Train loss: 0.8986738359606221 Val loss: 0.577226287753831 Time: 0.8333127999212593
Train loss: 0.9197099546468763 Val loss: 0.5753444018412495 Time: 0.7766561000607908
Train loss: 1.1424804601294958 Val loss: 0.5846592228630811 Time: 0.8416019000578672
Train loss: 1.0958254435161905 Val loss: 0.5649708579753181 Time: 0.9312527999281883
Train loss: 1.1492205481539486 Val loss: 0.5699414199235093 Time: 0.7227385999867693
Train loss: 1.0871509226792808 Val loss: 0.5904524737631576 Time: 0.850373400026001
Train loss: 0.9076569222637367 Val loss: 0.6073115549973682 Time: 0.7264041000744328
Train loss: 0.9422230355137984 Val loss: 0.6087745056808735 Time: 0.8028707000194117
Train loss: 1.0448454733385721 Val loss: 0.5917815943069229 Time: 0.7689773000311106
Shrinking learning rate to 1.0000000000000002e-06
Train loss: 0.8416522495675078 Val loss: 0.5572592201627149 Time: 0.715841899975203
Train loss: 1.0554387390687088 Val loss: 0.557496681330302 Time: 0.6942174999276176
Train loss: 0.9770581554477502 Val loss: 0.5576034348668033 Time: 0.8345441999845207
Train loss: 0.8824926439575 Val loss: 0.5590805196955806 Time: 0.7530664999503642
Train loss: 0.8533897107811601 Val loss: 0.5643076942116556 Time: 0.796406599925831
Train loss: 0.9074886956218411 Val loss: 0.5646831877312444 Time: 0.8242899000179023
Train loss: 0.9803520976526716 Val loss: 0.5647831545089144 Time: 0.7933603000128642
Train loss: 0.8046143784579993 Val loss: 0.5659050836113837 Time: 0.7839122000150383
Train loss: 1.0818231708114734 Val loss: 0.566794740448396 Time: 0.7945833000121638
Train loss: 0.7571378889539604 Val loss: 0.5659175681715771 Time: 0.7763495000544935
Shrinking learning rate to 1.0000000000000002e-07
Learning rate getting small
Complete
 Total time: 107.17525510000996