starting log for model: C:\Users\christopher.johnson\Documents\GitHub\flu\lstm_drop_2019_usa.pth
Train loss: 12.72791621381674 Val loss: 0.20248773894127226 Time: 0.899843699997291
Train loss: 11.634086159196954 Val loss: 0.25447776585497195 Time: 0.8320243998896331
Train loss: 11.502464198709212 Val loss: 0.2757268343311807 Time: 0.8762918000575155
Train loss: 11.634812446339595 Val loss: 0.2724060426708661 Time: 0.8779734000563622
Train loss: 11.461438758479176 Val loss: 0.2658010478662618 Time: 0.8510402000974864
Train loss: 10.985513533399875 Val loss: 0.21780777600361034 Time: 0.8804952001664788
Train loss: 9.65456282258117 Val loss: 0.17970495484769344 Time: 0.8436334000434726
Train loss: 7.492157312613276 Val loss: 0.17352007367173883 Time: 0.8675272997934371
Train loss: 6.267222442285629 Val loss: 0.24785109888762236 Time: 0.8738769001793116
Train loss: 6.135556786031206 Val loss: 0.299190479243407 Time: 0.8699559001252055
Train loss: 5.2403982509880676 Val loss: 0.3529934092646272 Time: 0.8675902998074889
Train loss: 5.1112628754986105 Val loss: 0.422164197288339 Time: 0.8858265997841954
Train loss: 5.428749995333277 Val loss: 0.38970512975311067 Time: 0.8732380999717861
Train loss: 5.008778393125352 Val loss: 0.4531628566416437 Time: 0.9024384999647737
Train loss: 4.8200927844973975 Val loss: 0.5227181153759375 Time: 0.9099421000573784
Train loss: 4.531926904243608 Val loss: 0.5478010792210455 Time: 0.8564037000760436
Train loss: 4.241562394439928 Val loss: 0.6430054479766376 Time: 0.9035658000502735
Train loss: 4.177250971735092 Val loss: 0.7359583989027669 Time: 0.903894399991259
Train loss: 4.239119634346465 Val loss: 0.7237184763707774 Time: 1.3444501999765635
Train loss: 4.0075447389321575 Val loss: 0.8241061397784506 Time: 2.707341000204906
Train loss: 4.251799828760796 Val loss: 0.8522577336480026 Time: 1.753397700143978
Train loss: 3.873992466367692 Val loss: 0.89489672864147 Time: 2.303606400033459
Train loss: 3.728534325235992 Val loss: 0.998663630183728 Time: 1.4782910998910666
Train loss: 3.480095225364323 Val loss: 1.0298159104713704 Time: 2.1986898998729885
Train loss: 3.632703151953243 Val loss: 1.0069560044830723 Time: 1.4880490000359714
Train loss: 3.7834431642819664 Val loss: 1.049548581991985 Time: 2.135756199946627
Train loss: 3.4286880950988543 Val loss: 1.112715776609548 Time: 1.513028300134465
Train loss: 3.666996561926439 Val loss: 1.146248217788525 Time: 2.060901900054887
Train loss: 3.3181007643120983 Val loss: 1.0504746104343212 Time: 1.5190489999949932
Train loss: 3.085771295345501 Val loss: 1.157682144526916 Time: 2.0237964000552893
Train loss: 3.3120947016469158 Val loss: 1.1623589390947018 Time: 1.5249643998686224
Train loss: 3.3241230553656775 Val loss: 1.1490364378114464 Time: 2.1007574000395834
Train loss: 2.9461188126837046 Val loss: 1.077470193948102 Time: 1.4177866999525577
Train loss: 2.882358694304763 Val loss: 1.1377455906331306 Time: 1.9561790998559445
Train loss: 3.0909189877666243 Val loss: 1.0735351689509116 Time: 1.5558438000734895
Train loss: 3.0980645313223776 Val loss: 1.1587727141813957 Time: 2.164161700056866
Train loss: 2.7614852040645044 Val loss: 1.096459940647037 Time: 1.4395653000101447
Train loss: 3.1745400094973903 Val loss: 1.108559679645623 Time: 2.1905131000094116
Train loss: 2.9447197879207607 Val loss: 1.084520195650839 Time: 1.4487822998780757
Train loss: 2.6529082446471595 Val loss: 1.0218507667159429 Time: 2.140356499934569
Train loss: 2.555330945108169 Val loss: 0.9624615497905324 Time: 1.5086822998709977
Train loss: 2.7126949819298147 Val loss: 1.0166912666951617 Time: 2.0874802998732775
Train loss: 2.50374461953891 Val loss: 1.0511603235857194 Time: 1.4542596999090165
Train loss: 2.3617436483781353 Val loss: 0.9505233499394308 Time: 2.013410000130534
Train loss: 2.3573204699856474 Val loss: 0.9853773935302854 Time: 1.5440604998730123
Train loss: 2.517320434841645 Val loss: 0.9414868142112596 Time: 2.2130422999616712
Train loss: 2.4361874767006304 Val loss: 1.009952971543271 Time: 1.5005291001871228
Train loss: 2.2208121150456197 Val loss: 0.9475174915669413 Time: 2.2264633998274803
Train loss: 2.5483033654923735 Val loss: 0.9816058022713605 Time: 1.4312053001485765
Train loss: 2.6876474412740374 Val loss: 0.9754052723981772 Time: 2.052791199879721
Train loss: 2.4285696346152905 Val loss: 0.8974463319555301 Time: 1.479215499944985
Train loss: 2.1283335774619747 Val loss: 1.019127641791556 Time: 2.1576797000598162
Train loss: 2.1052802801369666 Val loss: 0.9378940375781895 Time: 1.4508592998608947
Train loss: 2.051133156418985 Val loss: 0.9116556935703386 Time: 2.1431258998345584
Train loss: 2.457821625174401 Val loss: 0.9897965227395176 Time: 1.4683284999337047
Train loss: 2.5545649329249756 Val loss: 0.8877750223472276 Time: 2.0152053001802415
Train loss: 2.2384296965252197 Val loss: 0.851056487790629 Time: 1.499234899878502
Train loss: 2.1672302373259056 Val loss: 0.7542203913174035 Time: 2.054749600123614
Train loss: 1.8641340311925685 Val loss: 0.7439259752604812 Time: 1.4878781998995692
Train loss: 2.309782828067199 Val loss: 0.9093105403669028 Time: 1.8973356999922544
Train loss: 1.9019134037417857 Val loss: 0.8825031540573036 Time: 1.6699834000319242
Train loss: 1.8686679458260311 Val loss: 0.8177290699375135 Time: 2.0934802000410855
Train loss: 1.916569435041628 Val loss: 0.8385342465510348 Time: 1.4788779001682997
Train loss: 1.9766260828517765 Val loss: 0.7117421253822158 Time: 2.0791215000208467
Train loss: 1.9713408768226515 Val loss: 0.7682407910924667 Time: 1.5032742999028414
Train loss: 1.9115513346427608 Val loss: 0.7020405207118259 Time: 2.0947266998700798
Train loss: 2.074757229670526 Val loss: 0.670008872669932 Time: 1.4673315999098122
Train loss: 2.027493492113848 Val loss: 0.6744776178668417 Time: 2.098731799982488
Shrinking learning rate to 1e-05
Train loss: 2.0537458289215955 Val loss: 0.7383623879167089 Time: 1.3226242999080569
Train loss: 1.7093539477050443 Val loss: 0.7314276112160769 Time: 1.7602112002205104
Train loss: 2.109537446401703 Val loss: 0.7262426924146439 Time: 1.5736889000982046
Train loss: 1.9944626907418876 Val loss: 0.722380355975929 Time: 1.827979899942875
Train loss: 2.0897964066832793 Val loss: 0.7202614417442419 Time: 1.4852016000077128
Train loss: 1.645259999490392 Val loss: 0.7308786925641471 Time: 2.0848338999785483
Train loss: 2.0758540857017413 Val loss: 0.7202610056399408 Time: 1.3452212000265718
Train loss: 2.059278682661052 Val loss: 0.7319798352693851 Time: 1.812225999776274
Train loss: 1.9152346894358376 Val loss: 0.7370524402990668 Time: 1.5684790001250803
Train loss: 1.738935138897845 Val loss: 0.7489446398117252 Time: 2.3531695001292974
Train loss: 1.9570398811166723 Val loss: 0.7467436649851606 Time: 1.3625725000165403
Train loss: 1.703880521435497 Val loss: 0.731822783204052 Time: 1.7496044000145048
Train loss: 1.8246117704035818 Val loss: 0.7178828111275379 Time: 1.7033782999496907
Train loss: 1.6141802661578737 Val loss: 0.7235133452343234 Time: 1.9147032001055777
Train loss: 1.7589779461496562 Val loss: 0.7331604746805169 Time: 1.3604633000213653
Train loss: 1.811440612412924 Val loss: 0.735918893356029 Time: 1.8429000000469387
Train loss: 1.7580881590957287 Val loss: 0.7278591399438028 Time: 1.5275579998269677
Train loss: 1.8872501164613702 Val loss: 0.7299046999964958 Time: 1.8110484001226723
Train loss: 1.6423205486236263 Val loss: 0.7397935835690532 Time: 1.5900652999989688
Train loss: 1.9196656906800165 Val loss: 0.735371025884433 Time: 1.9882837999612093
Train loss: 2.2184604647229484 Val loss: 0.7552889569740273 Time: 1.3658439998980612
Train loss: 1.5929893264709563 Val loss: 0.7428161073839874 Time: 1.7912912999745458
Train loss: 1.7553333353771166 Val loss: 0.724811122729534 Time: 1.5511652999557555
Train loss: 1.8748505537332338 Val loss: 0.7136443609324488 Time: 1.7829365998040885
Train loss: 1.8636434044893733 Val loss: 0.7228329406136709 Time: 1.5695340000092983
Train loss: 1.7346058677669802 Val loss: 0.7177290459637788 Time: 1.912052599946037
Train loss: 1.8359609075700365 Val loss: 0.73290978778914 Time: 1.4027333001140505
Train loss: 1.7781731878671179 Val loss: 0.7230612407349781 Time: 1.8281738001387566
Train loss: 1.778235500935736 Val loss: 0.7260687068355764 Time: 1.5228430998977274
Train loss: 2.096992025480671 Val loss: 0.7518523190251472 Time: 2.0045469999313354
Train loss: 1.9418433549322174 Val loss: 0.7259882398441277 Time: 1.3907854999415576
Shrinking learning rate to 1.0000000000000002e-06
Train loss: 1.801328798193048 Val loss: 0.7398292266825592 Time: 1.80273999995552
Train loss: 1.8218783205168352 Val loss: 0.7387755668250975 Time: 1.5135583998635411
Train loss: 1.915630328738338 Val loss: 0.7375268891209998 Time: 1.9613116001710296
Train loss: 1.7698284976943262 Val loss: 0.7338914280835525 Time: 1.3746675997972488
Train loss: 1.8074537631817629 Val loss: 0.7343586889967355 Time: 1.8327706998679787
Train loss: 1.9615084467161603 Val loss: 0.7317320719355394 Time: 1.5643217000178993
Train loss: 1.6347999935260025 Val loss: 0.7328969620145926 Time: 1.9828361000400037
Train loss: 1.7992089048551578 Val loss: 0.7337652892233564 Time: 1.4232678001280874
Train loss: 1.7943664456179729 Val loss: 0.732991410581576 Time: 1.813968500122428
Train loss: 1.7375308216272676 Val loss: 0.7344472306787111 Time: 1.5857666002120823
Shrinking learning rate to 1.0000000000000002e-07
Learning rate getting small
Complete
 Total time: 175.8199159000069