starting log for model: C:\Users\christopher.johnson\Documents\GitHub\flu\lstm_single_B.pth
Train loss: 16.462217031717167 Val loss: 2.4161321517603938 Time: 0.5022997000487521
Train loss: 10.581452783317786 Val loss: 1.9367096472342382 Time: 0.4977198999840766
Train loss: 8.85916551162427 Val loss: 1.6913587532180827 Time: 0.43780660000629723
Train loss: 6.963918488931325 Val loss: 1.438378868449945 Time: 0.39545559999533
Train loss: 5.456597129844852 Val loss: 1.2580697350604169 Time: 0.4734074000152759
Train loss: 4.44415763250592 Val loss: 1.1148687284439802 Time: 0.4190136000397615
Train loss: 3.786140202532323 Val loss: 1.037902765256149 Time: 0.40096650004852563
Train loss: 3.2665018805866453 Val loss: 1.0116415877251939 Time: 0.4085554000339471
Train loss: 2.9283779544226114 Val loss: 0.9874002669675974 Time: 0.39669329999014735
Train loss: 2.7522136352379754 Val loss: 0.965590086998418 Time: 0.418982999981381
Train loss: 2.7664780407511884 Val loss: 0.9411311082658358 Time: 0.4129977999837138
Train loss: 2.506147098209034 Val loss: 0.9327475804020651 Time: 0.4819734999909997
Train loss: 2.560032132374641 Val loss: 0.8978362126508728 Time: 0.6758668000111356
Train loss: 2.2876959457439874 Val loss: 0.8906996645382605 Time: 0.8076201999792829
Train loss: 2.493091957642477 Val loss: 0.8744034588122531 Time: 0.8254744000150822
Train loss: 2.3547701655037736 Val loss: 0.8704959526694438 Time: 0.7706823000335135
Train loss: 2.302580305235118 Val loss: 0.8461822986282641 Time: 0.7757121000322513
Train loss: 2.1190302802446768 Val loss: 0.8338653800019529 Time: 0.7697534000035375
Train loss: 2.029610603450468 Val loss: 0.8292086993460543 Time: 0.7522161000524648
Train loss: 2.006167608393568 Val loss: 0.8311321681831032 Time: 0.7573965999763459
Train loss: 2.070309278368967 Val loss: 0.8174158027395606 Time: 0.7354282999876887
Train loss: 1.814747174378459 Val loss: 0.8186355279030977 Time: 0.7436268000165001
Train loss: 1.9781188311176834 Val loss: 0.8172613937967981 Time: 0.7348766999784857
Train loss: 1.9198799786096075 Val loss: 0.8123494403389486 Time: 0.7068925999919884
Train loss: 1.8766690590969528 Val loss: 0.7860651119117392 Time: 0.720999600016512
Train loss: 1.7835345051184759 Val loss: 0.7902974504759186 Time: 0.7151217000209726
Train loss: 1.790791034510756 Val loss: 0.7997684146976098 Time: 0.7044601000379771
Train loss: 1.7313836527887325 Val loss: 0.778219909814652 Time: 0.7534982999786735
Train loss: 1.7257136083249094 Val loss: 0.7913569296360947 Time: 0.7243341000285
Train loss: 1.6965038552463252 Val loss: 0.808916688314639 Time: 0.6842315999674611
Train loss: 1.5537028700069584 Val loss: 0.8187964635435492 Time: 0.7111626000260003
Train loss: 1.5555808280437446 Val loss: 0.8163942521205172 Time: 0.7373328999965452
Train loss: 1.43219440956765 Val loss: 0.8258510450832546 Time: 0.7704537999816239
Train loss: 1.4058691867335003 Val loss: 0.8613577560172416 Time: 0.7085508999880403
Train loss: 1.4427763853733495 Val loss: 0.8623082635749597 Time: 0.716252300015185
Train loss: 1.357437646759236 Val loss: 0.9172200480243191 Time: 0.6867148000164889
Train loss: 1.4332840925284565 Val loss: 0.9165206854231656 Time: 0.682174000015948
Train loss: 1.3462488058325564 Val loss: 0.9200985301868059 Time: 0.6881600999622606
Train loss: 1.3322168598784678 Val loss: 0.9364725370542146 Time: 0.6759106000536121
Train loss: 1.3362866576918677 Val loss: 0.9346665762132034 Time: 0.38938920001965016
Train loss: 1.3550398310864096 Val loss: 0.9792269531171769 Time: 0.42421560001093894
Train loss: 1.1442377818858276 Val loss: 0.9881012451951392 Time: 0.39736780000384897
Train loss: 1.177181518642545 Val loss: 1.0055974169808906 Time: 0.38738850003574044
Train loss: 1.052842045765999 Val loss: 1.0548727485002019 Time: 0.3888924000202678
Train loss: 1.043400938156208 Val loss: 1.058848818007391 Time: 0.3758942999993451
Train loss: 1.1989111054740516 Val loss: 1.049031869333703 Time: 0.3964854000369087
Train loss: 1.1074088400303523 Val loss: 1.088569697109051 Time: 0.37670490000164136
Train loss: 0.8615644914817313 Val loss: 1.1122008101083338 Time: 0.38808720000088215
Train loss: 1.0549049563024582 Val loss: 1.1792861663270742 Time: 0.39731600001687184
Train loss: 1.0811501595992972 Val loss: 1.1895436497288756 Time: 0.39846970001235604
Train loss: 0.8910653658473098 Val loss: 1.1989287420874462 Time: 0.3828876999905333
Train loss: 0.9205699290419673 Val loss: 1.1964661357924342 Time: 0.38502529996912926
Train loss: 0.8906329743731012 Val loss: 1.2441232844721526 Time: 0.3731217999593355
Train loss: 0.9340461648623866 Val loss: 1.2774074336630292 Time: 0.38337509997654706
Train loss: 0.7877842341679591 Val loss: 1.2631287616095506 Time: 0.386522899963893
Train loss: 0.9131572305367328 Val loss: 1.2622961637680419 Time: 0.39090880000730976
Train loss: 0.9559638110113795 Val loss: 1.3083498369087465 Time: 0.3912726000417024
Train loss: 0.9916679097365417 Val loss: 1.3088269403669983 Time: 0.3902397999772802
Train loss: 0.8399649017659332 Val loss: 1.2828444517217577 Time: 0.3838046999881044
Train loss: 0.8475725694263688 Val loss: 1.3063393768970855 Time: 0.4068918999982998
Train loss: 0.8423705650323985 Val loss: 1.3385469584027305 Time: 0.3913551000296138
Train loss: 0.7386218830437279 Val loss: 1.3243061891989782 Time: 0.436620699998457
Train loss: 0.7644052634347515 Val loss: 1.303523072390817 Time: 0.40871340001467615
Train loss: 0.7643607070260439 Val loss: 1.364518795046024 Time: 0.39527819998329505
Train loss: 0.7523062233437587 Val loss: 1.3584732527378947 Time: 0.38987719995202497
Train loss: 0.7874024463405691 Val loss: 1.4706404086900875 Time: 0.3984590999898501
Train loss: 0.7998664870395205 Val loss: 1.3834062068490312 Time: 0.390844100038521
Train loss: 0.8393135404681151 Val loss: 1.4153169781784527 Time: 0.36967029998777434
Train loss: 0.7248127949485941 Val loss: 1.3707944612251595 Time: 0.3812515999889001
Train loss: 0.6216026922656324 Val loss: 1.3928241143003106 Time: 0.3858077000477351
Train loss: 0.6652027117427153 Val loss: 1.4351517197210342 Time: 0.3834555000066757
Train loss: 0.7462569605612739 Val loss: 1.470957756624557 Time: 0.39810779999243096
Train loss: 0.7951679999073242 Val loss: 1.3920879386132583 Time: 0.39654610003344715
Train loss: 0.6954772601185503 Val loss: 1.4208668520441279 Time: 0.3916991999722086
Train loss: 0.7388928894189064 Val loss: 1.4826970401918516 Time: 0.3790187999838963
Train loss: 0.7161254327974698 Val loss: 1.508876586216502 Time: 0.3875170000246726
Train loss: 0.748688085008709 Val loss: 1.5017642193706706 Time: 0.4167852000100538
Train loss: 0.6465091718717275 Val loss: 1.4828899741987698 Time: 0.39133230003062636
Train loss: 0.732979291771084 Val loss: 1.4917284254042897 Time: 0.3773755000438541
Shrinking learning rate to 1e-05
Train loss: 0.8633522062017036 Val loss: 1.466631438699551 Time: 0.38944709999486804
Train loss: 0.67724092023419 Val loss: 1.511831201147288 Time: 0.3804814000031911
Train loss: 0.7153180466468712 Val loss: 1.5289037746260874 Time: 0.38219429994933307
Train loss: 0.7206637367539184 Val loss: 1.5383437252312433 Time: 0.373711199965328
Train loss: 0.7594538428759918 Val loss: 1.5176373255089857 Time: 0.39333549997536466
Train loss: 0.8080347017910903 Val loss: 1.54109689030156 Time: 0.3898842000053264
Train loss: 0.6589817862616068 Val loss: 1.548640288230672 Time: 0.36949559999629855
Train loss: 0.697862879647708 Val loss: 1.5258628028823296 Time: 0.38474589999532327
Train loss: 0.7728654166413023 Val loss: 1.5284489858386223 Time: 0.38497700000880286
Train loss: 0.5757105917243184 Val loss: 1.5537448187787959 Time: 0.37940750003326684
Train loss: 0.6190203033855947 Val loss: 1.5127921471430454 Time: 0.3843412999995053
Train loss: 0.706383045901479 Val loss: 1.5291804311491433 Time: 0.3736384999938309
Train loss: 0.7396683959383372 Val loss: 1.527500932534167 Time: 0.38095060002524406
Train loss: 0.6218414223657174 Val loss: 1.5253146553732222 Time: 0.38769279996631667
Train loss: 0.7457003651221097 Val loss: 1.5541702089544884 Time: 0.3743800999945961
Train loss: 0.7288192206646649 Val loss: 1.572269379203135 Time: 0.3840617000241764
Train loss: 0.6144848003871992 Val loss: 1.5468483723081476 Time: 0.3733574000070803
Train loss: 0.6665792356717951 Val loss: 1.534990857019693 Time: 0.38205690000904724
Train loss: 0.6793281186136456 Val loss: 1.520663210107159 Time: 0.3827389000216499
Shrinking learning rate to 1.0000000000000002e-06
Train loss: 0.6308249236807679 Val loss: 1.550668444529947 Time: 0.3946832999936305
Train loss: 0.5929503959181348 Val loss: 1.54825255634114 Time: 0.3809074999880977
Train loss: 0.6348592759235494 Val loss: 1.5505076164413367 Time: 0.37572039995575324
Train loss: 0.6400107923121205 Val loss: 1.5498654024668213 Time: 0.38837419997435063
Train loss: 0.6884942146125423 Val loss: 1.5463574507648445 Time: 0.3780782000394538
Train loss: 0.588320909243111 Val loss: 1.5456718940886276 Time: 0.38203099998645484
Train loss: 0.7220250293071011 Val loss: 1.5458390122375931 Time: 0.38243870000587776
Train loss: 0.7206950772151848 Val loss: 1.5466594630688633 Time: 0.3756190999993123
Train loss: 0.7266111182934125 Val loss: 1.547309015069004 Time: 0.3799322000122629
Train loss: 0.6399434612188146 Val loss: 1.546438017521723 Time: 0.39444330002879724
Shrinking learning rate to 1.0000000000000002e-07
Learning rate getting small
Complete
 Total time: 51.92654950002907