starting log for model: C:\Users\christopher.johnson\Documents\GitHub\flu\rnn.pth
Train loss: 11.088683674357576 Val loss: 1.3307229657366406 Time: 0.6309861000627279
Train loss: 5.844689567982597 Val loss: 0.7356679215445183 Time: 0.5466235999483615
Train loss: 7.452758515610739 Val loss: 0.6024607145227492 Time: 0.4910164000466466
Train loss: 7.771874360216771 Val loss: 0.7972507723688977 Time: 0.5239942998159677
Train loss: 5.847506713809929 Val loss: 0.3677220300305635 Time: 0.519903999986127
Train loss: 5.932032563954877 Val loss: 0.6707844342217868 Time: 0.506370099959895
Train loss: 5.229626294733431 Val loss: 0.32988973168176017 Time: 0.5211795000359416
Train loss: 4.667452624398113 Val loss: 0.4965606031164498 Time: 0.6542903000954539
Train loss: 3.8376914561698108 Val loss: 0.7102345552448242 Time: 0.5620238000992686
Train loss: 3.9963915087252904 Val loss: 0.7838882587966509 Time: 0.5032685999758542
Train loss: 3.477229624510823 Val loss: 0.9229511783432827 Time: 0.5489935001824051
Train loss: 3.3086673367735955 Val loss: 1.2878742837052073 Time: 0.5391617000568658
Train loss: 3.128996475533294 Val loss: 1.6808950909398845 Time: 0.5193753999192268
Train loss: 2.9040282225263567 Val loss: 1.9556679045217606 Time: 0.5151967001147568
Train loss: 2.8121651270659243 Val loss: 1.783883019699715 Time: 0.5370901001151651
Train loss: 3.468592181194471 Val loss: 1.1096441225381568 Time: 0.6645285000558943
Train loss: 3.2692215633936996 Val loss: 3.7727649692751584 Time: 0.5014605999458581
Train loss: 3.5832614639435696 Val loss: 1.4595562574395444 Time: 0.49493469996377826
Train loss: 3.597110584076385 Val loss: 3.3445970800239593 Time: 0.5094862999394536
Train loss: 3.0650881101219323 Val loss: 1.179192115960177 Time: 0.504028599942103
Train loss: 3.0254172746595756 Val loss: 1.6057808921323158 Time: 0.5062748999334872
Train loss: 2.402837586824848 Val loss: 1.4745630593970418 Time: 0.49368799990043044
Train loss: 2.7814780522061846 Val loss: 1.4394898815371562 Time: 0.5198437999933958
Train loss: 2.3118697024564776 Val loss: 1.557519554220562 Time: 0.5041751000098884
Train loss: 3.3776939413204556 Val loss: 2.8100897762924433 Time: 0.5096094000618905
Train loss: 3.18037353371521 Val loss: 1.2888026509899646 Time: 0.5225909000728279
Train loss: 2.971191083334517 Val loss: 0.7792942328742356 Time: 0.5172719000838697
Train loss: 2.815300522050479 Val loss: 1.2322048208443448 Time: 0.5005609998479486
Train loss: 2.4277150790230646 Val loss: 1.5935231905605178 Time: 0.5033821000251919
Train loss: 3.065822130018802 Val loss: 1.5929897781752516 Time: 0.4989212998189032
Train loss: 2.605339247238902 Val loss: 1.6489370026392862 Time: 0.4919181000441313
Train loss: 2.3260398626880594 Val loss: 2.1050620515743503 Time: 0.5657248001080006
Train loss: 2.138975671429529 Val loss: 1.583881211001426 Time: 0.5525843999348581
Train loss: 2.6694663272012775 Val loss: 1.6334609612822533 Time: 0.567225500009954
Train loss: 2.840455895641867 Val loss: 1.7901205253715489 Time: 0.5197894000448287
Train loss: 2.590753616237471 Val loss: 1.5516797909513116 Time: 0.5117057000752538
Train loss: 2.606237624501561 Val loss: 1.8364780828705989 Time: 0.5071747999172658
Train loss: 2.075601116383245 Val loss: 1.9096718532964587 Time: 0.511412600055337
Train loss: 2.490350937034602 Val loss: 1.4263678663410246 Time: 0.5007462999783456
Train loss: 2.264935236861099 Val loss: 2.168867164460835 Time: 0.5050224000588059
Train loss: 2.0855198025175126 Val loss: 1.6101630342309363 Time: 0.4978024000301957
Train loss: 2.0725121942437883 Val loss: 1.1913335198769346 Time: 0.5025095001328737
Train loss: 1.9196464303954017 Val loss: 1.5281718811020255 Time: 0.5640044999308884
Train loss: 2.435135640015263 Val loss: 1.6255626329220831 Time: 0.5428810999728739
Train loss: 2.1724269285280275 Val loss: 1.7203099001199007 Time: 0.5100047998130322
Train loss: 2.2209716966618456 Val loss: 2.454529387759976 Time: 0.529312500031665
Train loss: 1.7299603012224583 Val loss: 2.3280294411815703 Time: 0.5058132000267506
Train loss: 1.9068572739732605 Val loss: 2.340035064262338 Time: 0.5100509999319911
Train loss: 1.9638280463941804 Val loss: 1.58014388079755 Time: 0.5116449000779539
Train loss: 2.1470986985397174 Val loss: 1.6800382851215545 Time: 0.5509620001539588
Train loss: 2.125964449117436 Val loss: 1.9774116632324876 Time: 0.513245299924165
Train loss: 1.9571564954480265 Val loss: 2.2307948455963924 Time: 0.511323899962008
Train loss: 1.7769671757675924 Val loss: 2.0948016182519495 Time: 0.5075187000911683
Train loss: 2.0310689277899066 Val loss: 2.052422813139856 Time: 0.5080333000514656
Train loss: 1.6825635405273403 Val loss: 2.0684989121364197 Time: 0.4971235999837518
Train loss: 1.925070051429686 Val loss: 1.9595524431206286 Time: 0.5020391999278218
Train loss: 1.6047991591691986 Val loss: 2.7327801008941606 Time: 0.5337952999398112
Train loss: 1.5267202595639926 Val loss: 1.316052828246029 Time: 0.4927078001201153
Train loss: 2.197816814108115 Val loss: 2.8727261453350366 Time: 0.508121200138703
Train loss: 1.841842411045052 Val loss: 2.2988427905365825 Time: 0.509362599812448
Train loss: 2.183916721507647 Val loss: 2.6279280679300427 Time: 0.5143661999609321
Train loss: 2.000521042446339 Val loss: 2.948693135265785 Time: 0.5131721999496222
Train loss: 2.0764166437856897 Val loss: 1.5485121848760173 Time: 0.5244656999129802
Train loss: 1.5981565692153694 Val loss: 1.973605165956542 Time: 0.5226145000196993
Train loss: 1.5185931782051352 Val loss: 2.2345627192407846 Time: 0.4998930001165718
Train loss: 1.5329025626181316 Val loss: 2.4988319404656067 Time: 0.499476500088349
Train loss: 1.8411699428370731 Val loss: 2.2422020880767377 Time: 0.49224559986032546
Train loss: 1.9963429703747553 Val loss: 2.3007799594197422 Time: 0.5096179998945445
Train loss: 1.6919518615089435 Val loss: 2.9241415025169317 Time: 0.5063640000298619
Train loss: 1.649477043452944 Val loss: 2.620758031742298 Time: 0.5066124000586569
Train loss: 1.806524302710844 Val loss: 3.2019076604628935 Time: 0.5018535000272095
Train loss: 1.8591166994522448 Val loss: 2.5152332071447745 Time: 0.5135248999577016
Train loss: 2.616057480516129 Val loss: 3.4279487180756405 Time: 0.5186041002161801
Train loss: 2.0142362887706433 Val loss: 2.0296362536028028 Time: 0.5154063999652863
Shrinking learning rate to 0.0001
Train loss: 1.4153928807448573 Val loss: 1.9044419021811336 Time: 0.48781530000269413
Train loss: 1.333413897520515 Val loss: 1.8345547067001462 Time: 0.4956927001476288
Train loss: 1.2196726154826507 Val loss: 1.8444687591399997 Time: 0.5118589999619871
Train loss: 1.112897344787374 Val loss: 1.7873057700926438 Time: 0.523332100128755
Train loss: 1.1046714472070027 Val loss: 1.7255538137396798 Time: 0.52992850006558
Train loss: 1.0972538466813404 Val loss: 1.717978406115435 Time: 0.5412186000030488
Train loss: 1.1961071619081411 Val loss: 1.7218819005647674 Time: 0.5233944999054074
Train loss: 1.0604885189067819 Val loss: 1.7464416581206024 Time: 0.5258822999894619
Train loss: 1.1014019401638446 Val loss: 1.7060107751749456 Time: 0.5009268999565393
Train loss: 1.057584535660891 Val loss: 1.7227523803012446 Time: 0.48693550005555153
Train loss: 1.0819835143734604 Val loss: 1.599980804225197 Time: 0.5021178000606596
Train loss: 0.9660910341094061 Val loss: 1.6858608952024952 Time: 0.4797777000349015
Train loss: 1.1824528172075242 Val loss: 1.6858624867163599 Time: 0.5047184000723064
Train loss: 1.075073906478119 Val loss: 1.629514951375313 Time: 0.49008979997597635
Train loss: 1.0333548334789837 Val loss: 1.6310005920240656 Time: 0.5010423997882754
Train loss: 1.1093394163686963 Val loss: 1.5794938665931113 Time: 0.5049374999944121
Train loss: 0.9586435604896117 Val loss: 1.6609180145896971 Time: 0.5038993000052869
Train loss: 0.9824849617621063 Val loss: 1.6591359105659649 Time: 0.5187977999448776
Train loss: 0.9412478431926985 Val loss: 1.7691581576073077 Time: 0.4938000999391079
Train loss: 0.9064153100715906 Val loss: 1.7072539563523605 Time: 0.5049986001104116
Train loss: 0.9811929197393132 Val loss: 1.7213738663122058 Time: 0.48404840007424355
Train loss: 0.9234506259021433 Val loss: 1.690363211731892 Time: 0.5104086000937968
Train loss: 0.9501212042424445 Val loss: 1.745779228862375 Time: 0.5063603001181036
Train loss: 0.9088057816707364 Val loss: 1.7229828388080932 Time: 0.5016034999862313
Train loss: 1.041676420409658 Val loss: 1.664376590284519 Time: 0.5125051001086831
Train loss: 0.9973986798142667 Val loss: 1.6667282977432478 Time: 0.4843178999144584
Train loss: 0.9185866917424999 Val loss: 1.752758479269687 Time: 0.49394840002059937
Train loss: 0.8988601659503452 Val loss: 1.7383341365784872 Time: 0.500467199832201
Train loss: 0.844444904635955 Val loss: 1.7447285407106392 Time: 0.5160475000739098
Train loss: 0.881860891242269 Val loss: 1.7287570678745396 Time: 0.5529578998684883
Train loss: 0.9349320726746522 Val loss: 1.7219725975301117 Time: 0.6750948999542743
Train loss: 1.0199566990630347 Val loss: 1.727314392279368 Time: 0.49683349998667836
Train loss: 0.884021337772662 Val loss: 1.6442586613702588 Time: 0.5455147000029683
Train loss: 1.0321469064063078 Val loss: 1.697107559273718 Time: 0.4928408998530358
Train loss: 0.9181186331438762 Val loss: 1.6112050898664165 Time: 0.4969828000757843
Train loss: 0.7804847785848474 Val loss: 1.691428599646315 Time: 0.4925420999061316
Train loss: 1.032101508254515 Val loss: 1.6809154826332815 Time: 0.5037899001035839
Train loss: 0.9273383856657276 Val loss: 1.697025143133942 Time: 0.5141996000893414
Train loss: 0.9942120673538151 Val loss: 1.6267284339119215 Time: 0.5216750998515636
Train loss: 0.807242643588475 Val loss: 1.6685721705143806 Time: 0.507137400098145
Train loss: 0.8179526882423434 Val loss: 1.7194214641931467 Time: 0.5058341000694782
Train loss: 0.7974171119574666 Val loss: 1.6988337320144637 Time: 0.5329887999687344
Train loss: 0.7919366082623824 Val loss: 1.7342906420235522 Time: 0.48457839991897345
Train loss: 0.7368029236054712 Val loss: 1.698178234641091 Time: 0.5549763001035899
Train loss: 0.8931193369115791 Val loss: 1.7741876898799092 Time: 0.5127159000840038
Train loss: 0.9494441516760256 Val loss: 1.580505743768299 Time: 0.5107954998966306
Train loss: 0.9225530124870003 Val loss: 1.753386250755284 Time: 0.4959844001568854
Train loss: 0.8901332723500346 Val loss: 1.807518822606653 Time: 0.5054224000778049
Train loss: 0.8044505026223203 Val loss: 1.7430359838763252 Time: 0.49555959994904697
Train loss: 0.9136205536940852 Val loss: 1.8648437729934813 Time: 0.49018000019714236
Train loss: 0.845291526960879 Val loss: 1.768143217144825 Time: 0.5121513998601586
Train loss: 0.8301038265690948 Val loss: 1.7504294841310184 Time: 0.48110199999064207
Train loss: 0.8271709677325061 Val loss: 1.7640462619820028 Time: 0.5265003000386059
Shrinking learning rate to 1e-05
Train loss: 0.8586625564706707 Val loss: 1.6843409245775547 Time: 0.49853119999170303
Train loss: 0.9754834517545561 Val loss: 1.691137822024757 Time: 0.5274390000849962
Train loss: 0.7022164755779423 Val loss: 1.6972976579418173 Time: 0.5120971999131143
Train loss: 0.6945117029002412 Val loss: 1.7043027759646066 Time: 0.5218890998512506
Train loss: 0.7357130833151824 Val loss: 1.6930007230985211 Time: 0.5149605998303741
Train loss: 0.7880794237953092 Val loss: 1.69129756919574 Time: 0.5363022000528872
Train loss: 0.7105380837112065 Val loss: 1.693420998788497 Time: 0.5576931999530643
Train loss: 0.6895577272244433 Val loss: 1.6990581840509549 Time: 0.4875700999982655
Train loss: 1.0568399873707364 Val loss: 1.6730886167060817 Time: 0.4949597998056561
Train loss: 0.861248808161185 Val loss: 1.687308032225701 Time: 0.4970112999435514
Train loss: 0.7705282286624815 Val loss: 1.6960962810117053 Time: 0.4882772001437843
Train loss: 0.8625760041206609 Val loss: 1.687713063794945 Time: 0.49271410005167127
Train loss: 0.8299247916425823 Val loss: 1.6790465288140695 Time: 0.49580859998241067
Train loss: 0.6968328366607655 Val loss: 1.6794298838358372 Time: 0.5269502999726683
Train loss: 0.7905415945704033 Val loss: 1.6663950305119215 Time: 0.5165701999794692
Train loss: 0.9145370159408909 Val loss: 1.6649252413626527 Time: 0.5124547998420894
Train loss: 0.8489751695767489 Val loss: 1.6692045726485958 Time: 0.5051104999147356
Shrinking learning rate to 1.0000000000000002e-06
Train loss: 0.9296370241580239 Val loss: 1.6981824211252388 Time: 0.5157453001011163
Train loss: 0.7917243278880983 Val loss: 1.6979606768436497 Time: 0.4901095998939127
Train loss: 0.7659768126989661 Val loss: 1.698362544819247 Time: 0.4795037000440061
Train loss: 0.7244744800169186 Val loss: 1.6983137667557457 Time: 0.5204624000471085
Train loss: 0.7933662102601429 Val loss: 1.697752523366944 Time: 0.4923930000513792
Train loss: 0.758140473094874 Val loss: 1.6970122744533 Time: 0.522916599875316
Train loss: 0.7037046389834409 Val loss: 1.696470358845545 Time: 0.48484999989159405
Train loss: 0.7679349750669893 Val loss: 1.6960378348594531 Time: 0.4956802998203784
Train loss: 0.8321676444496138 Val loss: 1.6966717621689895 Time: 0.5042567001655698
Train loss: 0.6852361685398213 Val loss: 1.6962782474292908 Time: 0.49257340002804995
Train loss: 0.7409565128263612 Val loss: 1.6961965718946885 Time: 0.5088690998964012
Train loss: 0.8931847580163227 Val loss: 1.6962048059649533 Time: 0.4923976000864059
Train loss: 0.7197568210510954 Val loss: 1.6955652187461965 Time: 0.4943460999056697
Train loss: 0.7347820864721643 Val loss: 1.6956276834243909 Time: 0.4990187999792397
Train loss: 0.8762751522222372 Val loss: 1.6949490834449534 Time: 0.5172091000713408
Train loss: 0.7372542614815352 Val loss: 1.6953342275010073 Time: 0.508101899875328
Train loss: 0.8317813866898751 Val loss: 1.6945316865749191 Time: 0.6050219000317156
Train loss: 0.7567103626811962 Val loss: 1.6941030374655384 Time: 0.5310627999715507
Train loss: 0.7552521921376538 Val loss: 1.6952010784007143 Time: 0.6350452001206577
Shrinking learning rate to 1.0000000000000002e-07
Learning rate getting small
Complete
 Total time: 84.52995440014638