starting log for model: C:\Users\christopher.johnson\Documents\GitHub\flu\rnn_drop_2014.pth
Train loss: 12.267317826860719 Val loss: 0.3430585053865798 Time: 0.5312132000690326
Train loss: 11.306599206575697 Val loss: 0.30484511570830364 Time: 0.5746651999652386
Train loss: 9.606936416150404 Val loss: 0.1787506499385927 Time: 0.4951065999921411
Train loss: 7.297435760110204 Val loss: 0.2859122533025129 Time: 0.4880504000466317
Train loss: 6.498428970851806 Val loss: 0.3618462184076634 Time: 0.537622099975124
Train loss: 5.997383935729571 Val loss: 0.45879501152830926 Time: 0.486350099905394
Train loss: 5.639711083177502 Val loss: 0.5042087133219866 Time: 0.49370360001921654
Train loss: 5.686944516216911 Val loss: 0.46233165069293136 Time: 0.49876800004858524
Train loss: 5.260186369067753 Val loss: 0.5456597264503671 Time: 0.4918130000587553
Train loss: 5.002195502158223 Val loss: 0.5858724558340782 Time: 0.5137786999111995
Train loss: 4.632931843860575 Val loss: 0.6230527495330875 Time: 0.48920819989871234
Train loss: 4.066903168614587 Val loss: 0.6654958537787934 Time: 0.49888020008802414
Train loss: 4.33173242222345 Val loss: 0.7325041533922274 Time: 0.5108474999433383
Train loss: 4.145837866986154 Val loss: 0.7779928941343641 Time: 0.48768339992966503
Train loss: 3.5678033387504646 Val loss: 0.7967616236304025 Time: 0.48554959998000413
Train loss: 3.492912061797691 Val loss: 0.8001957398330575 Time: 0.47768140002153814
Train loss: 3.7339322420163192 Val loss: 0.9688936135562471 Time: 0.46981119993142784
Train loss: 3.3990469219141026 Val loss: 0.8332072753237298 Time: 0.46407620003446937
Train loss: 3.396730142193975 Val loss: 0.8397614992922371 Time: 0.4690640999469906
Train loss: 3.5402445702276424 Val loss: 0.7315032435929467 Time: 0.5922038001008332
Train loss: 3.7101510695372335 Val loss: 0.7921770092829092 Time: 0.5171338999643922
Train loss: 2.890553108598046 Val loss: 0.8162315569049952 Time: 0.48993629997130483
Train loss: 3.113408179320249 Val loss: 0.7213487471731241 Time: 0.5004358999431133
Train loss: 2.8342198609782283 Val loss: 0.624590846555293 Time: 0.4616643999470398
Train loss: 2.778956633881572 Val loss: 0.6973627024169673 Time: 0.4697373000672087
Train loss: 3.050932181813497 Val loss: 0.6659419827979036 Time: 0.47319980000611395
Train loss: 2.623252645909675 Val loss: 0.7146369919551034 Time: 0.4620511999819428
Train loss: 2.631158091133761 Val loss: 0.6416189920408897 Time: 0.47095560003072023
Train loss: 2.6002072043104416 Val loss: 0.6050729787730234 Time: 0.47779649996664375
Train loss: 2.642667137193367 Val loss: 0.6088744028602378 Time: 0.4835348998894915
Train loss: 2.7339176730992927 Val loss: 0.5782042144874993 Time: 0.5020168999908492
Train loss: 2.4873092440677986 Val loss: 0.5668779830344874 Time: 0.4841584999812767
Train loss: 2.7468688948477573 Val loss: 0.5521179102703968 Time: 0.587501100031659
Train loss: 2.570197049340515 Val loss: 0.5837336779604811 Time: 0.4822336999932304
Train loss: 2.28982763738701 Val loss: 0.5443494648458227 Time: 0.48387300001922995
Train loss: 2.071419931483115 Val loss: 0.4917695021176769 Time: 0.47054320003371686
Train loss: 2.2147178687724787 Val loss: 0.5196825468340194 Time: 0.46950590005144477
Train loss: 1.8490502864152987 Val loss: 0.49574463152453063 Time: 0.4687485999893397
Train loss: 1.9564212431773624 Val loss: 0.4744255908843229 Time: 0.478772500064224
Train loss: 2.252742464586015 Val loss: 0.40757502980704885 Time: 0.47844370000530034
Train loss: 1.8766009630484017 Val loss: 0.4964755308126314 Time: 0.4662695999722928
Train loss: 2.0316476838153292 Val loss: 0.46580680469404 Time: 0.46639309998136014
Train loss: 1.9064786443404174 Val loss: 0.4487255368130718 Time: 0.4787249000510201
Train loss: 1.9794657718684974 Val loss: 0.4167687857307101 Time: 0.4613211000105366
Train loss: 1.9798827238162602 Val loss: 0.4269900733670511 Time: 0.490521700005047
Train loss: 1.8537298064504861 Val loss: 0.5030629879784101 Time: 0.4689390000421554
Train loss: 1.700123128458495 Val loss: 0.45114123244366056 Time: 0.47842319996561855
Train loss: 1.7952505382095731 Val loss: 0.5173070566961542 Time: 0.46583690005354583
Train loss: 1.6344158913925781 Val loss: 0.4518172077368945 Time: 0.46761159994639456
Train loss: 1.5109290596901026 Val loss: 0.5583784427471983 Time: 0.4961790000088513
Train loss: 1.7765733283613416 Val loss: 0.48557380413694773 Time: 0.49629840010311455
Train loss: 1.7548623066459352 Val loss: 0.45316997381451074 Time: 0.5878585000755265
Train loss: 1.4867408931753456 Val loss: 0.486474932578858 Time: 0.4700210998998955
Train loss: 1.293489543752128 Val loss: 0.5070637391108903 Time: 0.4580373000353575
Train loss: 1.617895286127236 Val loss: 0.4889267758517235 Time: 0.4704669000348076
Train loss: 1.5906790494125005 Val loss: 0.4842757533479016 Time: 0.48192539997398853
Train loss: 1.328786669182128 Val loss: 0.5473583406128455 Time: 0.47654209996107966
Train loss: 1.5972130203955157 Val loss: 0.4710920311626978 Time: 0.4866666999878362
Train loss: 1.53663766758104 Val loss: 0.4915195097123304 Time: 0.48903350008185953
Train loss: 1.4296553309637998 Val loss: 0.44663418832078605 Time: 0.47093089995905757
Train loss: 1.4381222432109482 Val loss: 0.44351673731580377 Time: 0.5071004000492394
Train loss: 1.2046187175615257 Val loss: 0.6035972784552692 Time: 0.5050863999640569
Train loss: 1.1317143585629843 Val loss: 0.4480044398078462 Time: 0.5098666000412777
Train loss: 1.2166272665409537 Val loss: 0.527497343988216 Time: 0.49040200002491474
Train loss: 1.3122131279629787 Val loss: 0.5852621008808114 Time: 0.47675999999046326
Train loss: 1.146381268321285 Val loss: 0.47384920952464427 Time: 0.47878869995474815
Train loss: 0.9397361993646174 Val loss: 0.4291617161607064 Time: 0.46497549989726394
Train loss: 1.1096988333739253 Val loss: 0.4203968233196065 Time: 0.46783029998186976
Train loss: 1.1561574892897406 Val loss: 0.4749266362534854 Time: 0.4774051000131294
Train loss: 1.11581611879574 Val loss: 0.3501005895904399 Time: 0.49608419998548925
Train loss: 1.008303160968435 Val loss: 0.4640782329166768 Time: 0.49063559994101524
Train loss: 1.130675383534241 Val loss: 0.49459361284286274 Time: 0.5084878000197932
Train loss: 1.0718530021068051 Val loss: 0.49572081600217643 Time: 0.47361590003129095
Train loss: 0.8254111903883485 Val loss: 0.4406656422077049 Time: 0.48616189998574555
Train loss: 1.0418375053480453 Val loss: 0.5343920420371688 Time: 0.4730547000654042
Train loss: 0.9482421202652878 Val loss: 0.4351668013841845 Time: 0.47724210005253553
Train loss: 1.0651614036527786 Val loss: 0.4653157856228063 Time: 0.49600009992718697
Train loss: 0.7621161071955287 Val loss: 0.3779841311107077 Time: 0.47866020002402365
Train loss: 1.2559864311266153 Val loss: 0.4307567297344974 Time: 0.4728214000351727
Train loss: 0.9430931769194044 Val loss: 0.4075871272153506 Time: 0.4715851000510156
Train loss: 0.8417245177743808 Val loss: 0.37981818172679027 Time: 0.4949076999910176
Train loss: 0.8197220709767579 Val loss: 0.45635410425164125 Time: 0.48262370005249977
Train loss: 0.6972130344535743 Val loss: 0.394808925877669 Time: 0.469658000045456
Train loss: 0.8819680877325311 Val loss: 0.3983561455590916 Time: 0.4819293998880312
Train loss: 1.031064016473965 Val loss: 0.386030933520658 Time: 0.48046470002736896
Train loss: 0.8243593537389308 Val loss: 0.35765644305146793 Time: 0.47085689997766167
Train loss: 0.6774237276510625 Val loss: 0.3072180713634367 Time: 0.47213020001072437
Train loss: 0.6989291400954978 Val loss: 0.36106340365108736 Time: 0.47923930000979453
Train loss: 0.977951193160997 Val loss: 0.37068779413766606 Time: 0.4510790999047458
Train loss: 0.7639379370884143 Val loss: 0.3898324293596147 Time: 0.4794355999911204
Train loss: 0.7325504215900871 Val loss: 0.2696498567121921 Time: 0.479407100006938
Train loss: 0.9173736068838707 Val loss: 0.3120968719064763 Time: 0.4789532999275252
Train loss: 0.7599870479574649 Val loss: 0.34340468826468395 Time: 0.46481449995189905
Train loss: 0.6863765714660071 Val loss: 0.2377675963407455 Time: 0.49255109997466207
Train loss: 0.7253772866404447 Val loss: 0.4080217541027906 Time: 0.4765977000351995
Train loss: 0.8833842856404273 Val loss: 0.35075081745162606 Time: 0.46851449995301664
Shrinking learning rate to 1e-05
Train loss: 0.9340980364694765 Val loss: 0.3109017613059475 Time: 0.48272369999904186
Train loss: 0.678500994743537 Val loss: 0.3183483297151497 Time: 0.45447909994982183
Train loss: 0.8042032841872588 Val loss: 0.31228258293677413 Time: 0.4476568999234587
Train loss: 0.9501216421745866 Val loss: 0.3113845744804671 Time: 0.44069439999293536
Train loss: 0.9169702967065061 Val loss: 0.31585212639033955 Time: 0.5206949999555945
Train loss: 0.7236744193331002 Val loss: 0.3126333675647359 Time: 0.438802000018768
Train loss: 0.8159576229071939 Val loss: 0.32460911768896494 Time: 0.4601550999796018
Train loss: 0.8032371018304514 Val loss: 0.31777189419307206 Time: 0.4480045000091195
Train loss: 0.8783842128827088 Val loss: 0.3141535946484453 Time: 0.4679669999750331
Train loss: 0.5194379860640526 Val loss: 0.3162090123149852 Time: 0.4552459999686107
Train loss: 0.7938402041420987 Val loss: 0.3178119304488831 Time: 0.44365879998076707
Train loss: 0.7805684805328124 Val loss: 0.324098642108936 Time: 0.45083300000987947
Train loss: 0.7506520848553375 Val loss: 0.32259378878334455 Time: 0.4441705000353977
Train loss: 0.8783160494713256 Val loss: 0.32094379169170395 Time: 0.45540849992539734
Train loss: 0.6385621761765088 Val loss: 0.32058507596402563 Time: 0.45404169999528676
Train loss: 0.7602126181095823 Val loss: 0.32308019896255935 Time: 0.4729852000018582
Train loss: 1.0165791127595187 Val loss: 0.33079326102517825 Time: 0.45712899998761714
Train loss: 0.9775311987794455 Val loss: 0.31791601695004346 Time: 0.4251442999811843
Train loss: 0.5028328578214464 Val loss: 0.31021651066171074 Time: 0.4433793999487534
Train loss: 0.6530631821293515 Val loss: 0.317805163899342 Time: 0.4486699999542907
Train loss: 0.6366280620697822 Val loss: 0.32546483664232184 Time: 0.45158490003086627
Train loss: 0.8439300334664575 Val loss: 0.32441522016529234 Time: 0.43334959994535893
Train loss: 0.7772735044307972 Val loss: 0.3173264250365051 Time: 0.47016120003536344
Train loss: 0.6979458947597689 Val loss: 0.3145275412709907 Time: 0.4457922999281436
Train loss: 0.7910847428646632 Val loss: 0.3177939633692972 Time: 0.46553349995519966
Train loss: 0.7004933307431935 Val loss: 0.3158142903146235 Time: 0.4484364000381902
Train loss: 0.7385903222843844 Val loss: 0.3201618690430905 Time: 0.44868859997950494
Train loss: 0.7314700764505897 Val loss: 0.32956572734570244 Time: 0.45899710000958294
Shrinking learning rate to 1.0000000000000002e-06
Train loss: 0.7067513129874263 Val loss: 0.3117879356946851 Time: 0.4590372999664396
Train loss: 0.6287127555513727 Val loss: 0.3112055788992052 Time: 0.4511930999578908
Train loss: 0.6107438875527933 Val loss: 0.3123312837433616 Time: 0.4644717000192031
Train loss: 0.5920136260924043 Val loss: 0.3127675235676577 Time: 0.4572084000101313
Train loss: 0.6989702381537803 Val loss: 0.31326335681148976 Time: 0.4518652999540791
Train loss: 0.9386537453687396 Val loss: 0.3152887641694022 Time: 0.4732804000377655
Train loss: 0.6454813238488439 Val loss: 0.31652782363401855 Time: 0.44714129995554686
Train loss: 0.6431074074800591 Val loss: 0.3178463549735029 Time: 0.4578829000238329
Train loss: 0.43234378466248025 Val loss: 0.3163608025223006 Time: 0.467048600083217
Train loss: 0.6518445637009833 Val loss: 0.31685031566005245 Time: 0.4849215999711305
Train loss: 0.5537158216184856 Val loss: 0.3157677150487279 Time: 0.47416880005039275
Train loss: 0.5876963217786764 Val loss: 0.3148421627179516 Time: 0.4669739999808371
Train loss: 0.6409296064298136 Val loss: 0.31538973899756684 Time: 0.45663480006624013
Train loss: 0.6708215634174906 Val loss: 0.3142447114527158 Time: 0.5004694999661297
Train loss: 0.5960124820751306 Val loss: 0.3135064506675107 Time: 0.46015699999406934
Train loss: 0.6021769717987517 Val loss: 0.31331103851650255 Time: 0.49592569994274527
Train loss: 0.6893138578239397 Val loss: 0.31568724986587426 Time: 0.47112800006289035
Train loss: 0.7493245871357386 Val loss: 0.3177207906376225 Time: 0.4593706999439746
Shrinking learning rate to 1.0000000000000002e-07
Learning rate getting small
Complete
 Total time: 68.08671969990246