starting log for model: C:\Users\christopher.johnson\Documents\GitHub\flu\rnn_ss.pth
Train loss: 8.643676824949054 Val loss: 0.5690431931288913 Time: 0.5857224999926984
Train loss: 5.727590646081427 Val loss: 0.5953993097958801 Time: 0.5900616999715567
Train loss: 5.605766853252323 Val loss: 0.7675077169296856 Time: 0.5439235998783261
Train loss: 4.067990472354294 Val loss: 1.0301560448842793 Time: 0.5613987999968231
Train loss: 4.09323771756713 Val loss: 0.8054240366618615 Time: 0.515164399985224
Train loss: 3.835954754610838 Val loss: 1.0804642936054734 Time: 0.5233885999768972
Train loss: 3.9316989493187746 Val loss: 1.7425858235073974 Time: 0.535037900088355
Train loss: 3.924410840748856 Val loss: 2.1869009930524044 Time: 0.5172218000516295
Train loss: 3.6351368303662 Val loss: 1.526570124498221 Time: 0.5175385000184178
Train loss: 2.5083254907991845 Val loss: 1.8721301888581365 Time: 0.5452214998658746
Train loss: 2.7273203185696815 Val loss: 1.8250492115621455 Time: 0.5494455001316965
Train loss: 4.033349237463341 Val loss: 0.8222724230727181 Time: 0.5340070999227464
Train loss: 3.2292767990582956 Val loss: 2.6521677816926967 Time: 0.5474738997872919
Train loss: 6.299610300462202 Val loss: 1.59287767989008 Time: 0.5925916999112815
Train loss: 4.702632349104946 Val loss: 1.444094006641535 Time: 0.5991714000701904
Train loss: 3.9331882686771675 Val loss: 0.7943205907358788 Time: 0.5018416000530124
Train loss: 2.659307815065244 Val loss: 1.5588522100733826 Time: 0.5006660001818091
Train loss: 2.7114669051441496 Val loss: 1.2217944333760755 Time: 0.5449264999479055
Train loss: 2.166939449940901 Val loss: 1.7689795795595273 Time: 0.5148286998737603
Train loss: 2.124683500639406 Val loss: 1.870311796781607 Time: 0.5287658998277038
Train loss: 3.0328070770191076 Val loss: 1.129606872331351 Time: 0.5002943000290543
Train loss: 3.4512098178270065 Val loss: 2.2546154481824487 Time: 0.49498750013299286
Train loss: 3.6618239049849253 Val loss: 1.7152022344234865 Time: 0.5155994000378996
Train loss: 3.4351261831666324 Val loss: 1.2904408140405863 Time: 0.49395280005410314
Train loss: 3.0793418965101687 Val loss: 1.2586379485837824 Time: 0.5032981000840664
Train loss: 1.9845711962606203 Val loss: 1.5513394922018051 Time: 0.5328307999297976
Train loss: 2.244477435585659 Val loss: 1.7311369869858027 Time: 0.4876577998511493
Train loss: 2.081822238851374 Val loss: 1.327873328118585 Time: 0.5077868001535535
Train loss: 2.3874087635591277 Val loss: 1.3291042973287404 Time: 0.5049238000065088
Train loss: 2.8422878172049644 Val loss: 1.9400775911053643 Time: 0.5403803000226617
Train loss: 2.2588434098753485 Val loss: 2.7683118479326367 Time: 0.5027195999864489
Train loss: 1.8265507240931342 Val loss: 1.9197585053771036 Time: 0.5772890001535416
Train loss: 2.059135673034487 Val loss: 2.2824405709980056 Time: 0.5075592000503093
Train loss: 1.9414750039853748 Val loss: 1.471940893221472 Time: 0.5427945000119507
Train loss: 2.298720964059669 Val loss: 1.7829978702357039 Time: 0.5065919999033213
Train loss: 1.7954278669560133 Val loss: 1.53652709571179 Time: 0.49276689998805523
Train loss: 2.269896871116389 Val loss: 1.9569004343902634 Time: 0.49165729992091656
Train loss: 1.9039274499242662 Val loss: 1.716340966988355 Time: 0.49933650018647313
Train loss: 2.773979105751054 Val loss: 2.014810115448199 Time: 0.4981568001676351
Train loss: 1.8416734012992728 Val loss: 1.9588985478912946 Time: 0.5118304998613894
Train loss: 1.678171117719792 Val loss: 1.3288547248325813 Time: 0.5504966001026332
Train loss: 2.011130728626055 Val loss: 1.9994450589331336 Time: 0.5232189998496324
Train loss: 3.0993670927262853 Val loss: 2.4954956349683926 Time: 0.5051629999652505
Train loss: 3.8953961302458 Val loss: 1.5371121151838452 Time: 0.5042379000224173
Train loss: 2.467726217292366 Val loss: 1.523106294599529 Time: 0.500529799843207
Train loss: 1.7925027464985765 Val loss: 1.2320683711441234 Time: 0.49803990009240806
Train loss: 1.7898898916300716 Val loss: 1.1178688622603659 Time: 0.5115730001125485
Train loss: 2.0420204369104336 Val loss: 1.457318156025849 Time: 0.4895154000259936
Train loss: 1.7221437114183873 Val loss: 1.588332670769887 Time: 0.5143414000049233
Train loss: 1.9189015369399185 Val loss: 0.9662729518022388 Time: 0.4908276000060141
Shrinking learning rate to 0.0001
Train loss: 2.209203830380827 Val loss: 1.3644025052781217 Time: 0.4867330000270158
Train loss: 1.3133568590048148 Val loss: 1.4129365794360638 Time: 0.49886219995096326
Train loss: 1.2448147966709873 Val loss: 1.4453629386844113 Time: 0.4910236999858171
Train loss: 1.0387353309865741 Val loss: 1.4550648652075324 Time: 0.4906421001069248
Train loss: 1.072693944347761 Val loss: 1.4672514646954369 Time: 0.48569259978830814
Train loss: 1.022500290151099 Val loss: 1.497783044607786 Time: 0.4866293000523001
Train loss: 0.8879293938176183 Val loss: 1.4826136012707138 Time: 0.5065404002089053
Train loss: 0.9004358432816206 Val loss: 1.5113022874866147 Time: 0.51993010006845
Train loss: 0.8251485172193007 Val loss: 1.504934159311233 Time: 0.5939975001383573
Train loss: 0.7916262714533904 Val loss: 1.5130757857259596 Time: 0.5966748001519591
Train loss: 0.8124918061911339 Val loss: 1.5046296069485834 Time: 0.6975481999106705
Train loss: 0.7444673062525675 Val loss: 1.5145949758443749 Time: 0.5128188000526279
Train loss: 0.9059017593654297 Val loss: 1.5173541867843596 Time: 0.643186999950558
Train loss: 0.7313705312561716 Val loss: 1.512591303777299 Time: 0.5257260000798851
Train loss: 0.7345998730711598 Val loss: 1.497177671143163 Time: 0.498856799909845
Train loss: 0.7145094944546688 Val loss: 1.4863405633268485 Time: 0.5327957000117749
Train loss: 0.7226452388440245 Val loss: 1.4786077547560126 Time: 0.5688724000938237
Train loss: 0.8442610771188357 Val loss: 1.4658703425670865 Time: 0.5852596999611706
Train loss: 0.6469635685801229 Val loss: 1.464100211969253 Time: 0.5102425999939442
Train loss: 0.7361805255874838 Val loss: 1.4155617155120126 Time: 0.5698470999486744
Train loss: 0.6339591439349563 Val loss: 1.4316809358406317 Time: 0.7573812999762595
Train loss: 0.7497411291759684 Val loss: 1.422855134629117 Time: 0.7342913998290896
Train loss: 0.6083067811129035 Val loss: 1.433608288585674 Time: 0.8213589999359101
Train loss: 0.6035203525132964 Val loss: 1.426448529582558 Time: 0.7997355000115931
Train loss: 0.6512275921827259 Val loss: 1.4396283084497554 Time: 0.5792843999806792
Train loss: 0.7715975419429062 Val loss: 1.3778102050328016 Time: 0.5110989999957383
Train loss: 0.8985809029428478 Val loss: 1.3838277499671676 Time: 0.5823443001136184
Train loss: 0.6970173816918976 Val loss: 1.3636941283764372 Time: 0.5576543000061065
Train loss: 0.696634552176134 Val loss: 1.3705726537214673 Time: 0.5691239999141544
Train loss: 0.618237665048297 Val loss: 1.3634384114989189 Time: 0.6385234000626951
Train loss: 0.6976143913774784 Val loss: 1.3768214148840343 Time: 0.548993700183928
Train loss: 0.7131150569713905 Val loss: 1.4212011496661034 Time: 0.5651483000256121
Train loss: 0.675179066361044 Val loss: 1.4018025751793175 Time: 0.5736404000781476
Shrinking learning rate to 1e-05
Train loss: 0.647636439043426 Val loss: 1.420578679688333 Time: 0.6239964000415057
Train loss: 0.5772218177362596 Val loss: 1.4233726640995883 Time: 0.5497657000087202
Train loss: 0.645060912954126 Val loss: 1.4234396163083147 Time: 0.5660580999683589
Train loss: 0.637014996183792 Val loss: 1.4229956424733246 Time: 0.5785963998641819
Train loss: 0.5495394855237041 Val loss: 1.4287881290329096 Time: 0.6556249000132084
Train loss: 0.6354353220001487 Val loss: 1.4299326619693602 Time: 0.5593775999732316
Train loss: 0.5911523882736087 Val loss: 1.4329185027891072 Time: 0.5774781000800431
Train loss: 0.6593857386159352 Val loss: 1.4310144441624288 Time: 0.6084942000452429
Train loss: 0.76077270163265 Val loss: 1.4267942943442904 Time: 0.8257227998692542
Train loss: 0.5659890988984222 Val loss: 1.4317805835407853 Time: 0.5603773000184447
Train loss: 0.5615188688124221 Val loss: 1.428984700682122 Time: 0.5092698000371456
Train loss: 0.7832197868652406 Val loss: 1.4286222150428785 Time: 0.5194987999275327
Train loss: 0.6885786403895175 Val loss: 1.4286226772589998 Time: 0.5915936999954283
Train loss: 0.8550932650879801 Val loss: 1.4244398217105214 Time: 0.5691555999219418
Shrinking learning rate to 1.0000000000000002e-06
Train loss: 0.5970970438785572 Val loss: 1.4287531899099122 Time: 0.5491947999689728
Train loss: 0.9668337391196682 Val loss: 1.4290927742185886 Time: 0.5825712999794632
Train loss: 0.6902259097729306 Val loss: 1.429236845280684 Time: 0.5805581000167876
Train loss: 0.6025100844695744 Val loss: 1.4293485887355928 Time: 0.6179123998153955
Train loss: 0.5456993094958065 Val loss: 1.4296227648010245 Time: 0.6118679000064731
Train loss: 0.6259549058893488 Val loss: 1.4302104229027464 Time: 0.9195789000950754
Train loss: 0.7654567945024429 Val loss: 1.4298273928725393 Time: 0.7738127999473363
Train loss: 0.6296169049419014 Val loss: 1.4302062707865844 Time: 0.6954675000160933
Train loss: 0.6741063929779032 Val loss: 1.4303169283812167 Time: 0.5557218000758439
Train loss: 0.5674781498992525 Val loss: 1.430610936942685 Time: 0.5508819001261145
Train loss: 0.674210348747919 Val loss: 1.431081601218466 Time: 0.5597855998203158
Train loss: 0.5708805258156717 Val loss: 1.4311100948289095 Time: 0.5748628000728786
Train loss: 0.6146246221581784 Val loss: 1.4310345308513206 Time: 0.675943800015375
Train loss: 0.5783858392418135 Val loss: 1.431129129472538 Time: 0.5213816999457777
Shrinking learning rate to 1.0000000000000002e-07
Learning rate getting small
Complete
 Total time: 62.474047999829054