starting log for model: C:\Users\christopher.johnson\Documents\GitHub\flu\rnn_drop_2019_usa.pth
Train loss: 11.98965594731385 Val loss: 0.3836778143886477 Time: 0.7448054000269622
Train loss: 11.393109414550963 Val loss: 0.332661507789453 Time: 0.5456081999000162
Train loss: 10.381026230298104 Val loss: 0.23529485415201634 Time: 0.5720422000158578
Train loss: 8.22987816649993 Val loss: 0.18544214299854075 Time: 0.5484973001293838
Train loss: 6.432763977327829 Val loss: 0.28002599331776423 Time: 0.5391923999413848
Train loss: 5.984537809239297 Val loss: 0.32968881125270855 Time: 0.5318408000748605
Train loss: 5.633120245216126 Val loss: 0.36840221347847546 Time: 0.529694999800995
Train loss: 5.1411511329944855 Val loss: 0.4377626411496749 Time: 0.5197678999975324
Train loss: 4.91062545686745 Val loss: 0.5381928050756706 Time: 0.5246026001404971
Train loss: 4.34051432551783 Val loss: 0.6709073581185692 Time: 0.5130338999442756
Train loss: 4.122925929404262 Val loss: 0.7291916401864 Time: 0.5300213999580592
Train loss: 3.53198913909916 Val loss: 0.8204062716312706 Time: 0.5275097000412643
Train loss: 4.0707692978711645 Val loss: 0.9034061384445522 Time: 0.5437157000415027
Train loss: 3.558388470882713 Val loss: 1.0142598589663976 Time: 0.551168099977076
Train loss: 3.3758117639754417 Val loss: 1.1044119760335889 Time: 0.5588609999977052
Train loss: 3.531614959016297 Val loss: 1.128355914115673 Time: 0.5468733999878168
Train loss: 3.2477649256250043 Val loss: 1.1229784406605177 Time: 0.5281417998485267
Train loss: 2.932165495158465 Val loss: 1.1594503818487283 Time: 0.5253765000961721
Train loss: 2.8659271173219594 Val loss: 1.1755803020787425 Time: 0.5454785998445004
Train loss: 2.83149355545072 Val loss: 1.2360685816965997 Time: 0.5264286999590695
Train loss: 2.790279742292732 Val loss: 1.1318893993302481 Time: 0.5382377000059932
Train loss: 2.5686981195208767 Val loss: 1.1516512402449735 Time: 0.5331105999648571
Train loss: 2.6735164175423254 Val loss: 1.06834700552281 Time: 0.5262511000037193
Train loss: 2.681355447245714 Val loss: 0.9716562199173495 Time: 0.506280800094828
Train loss: 2.3797499952731584 Val loss: 0.8757851765258238 Time: 0.5362011999823153
Train loss: 2.329212817501375 Val loss: 0.9656440005783224 Time: 0.5090564000420272
Train loss: 2.350970360428205 Val loss: 0.9021818617916324 Time: 0.5059343001339585
Train loss: 2.017303107124956 Val loss: 0.9813832071358775 Time: 0.5456922999583185
Train loss: 2.0811205243388926 Val loss: 0.8775729327026056 Time: 0.5231137000955641
Train loss: 1.887010192442212 Val loss: 0.7775664023815807 Time: 0.5255363001488149
Train loss: 1.9188866586907274 Val loss: 0.758727173756597 Time: 0.5089729998726398
Train loss: 2.136119312222407 Val loss: 0.6760842161456821 Time: 0.5284790999721736
Train loss: 1.855341321825339 Val loss: 0.5934714818309885 Time: 0.5418038999196142
Train loss: 1.7292977804545298 Val loss: 0.6868020277179312 Time: 0.5044131998438388
Train loss: 1.484062332267067 Val loss: 0.6983053253497928 Time: 0.5177710000425577
Train loss: 1.4920641805558574 Val loss: 0.548980004205248 Time: 0.5440277000889182
Train loss: 1.4658256977655788 Val loss: 0.6335047866305104 Time: 0.5256370999850333
Train loss: 1.4813082061794156 Val loss: 0.5543612008332275 Time: 0.5437880998943001
Train loss: 1.2801465066452031 Val loss: 0.5257226936446386 Time: 0.5345515001099557
Train loss: 1.5489630278119826 Val loss: 0.4508137378070387 Time: 0.5513710000086576
Train loss: 1.2638132659612047 Val loss: 0.49986494790215064 Time: 0.5141659001819789
Train loss: 1.3153621988746178 Val loss: 0.4379288937629724 Time: 0.548129600007087
Train loss: 1.2226645232845357 Val loss: 0.487283444792312 Time: 0.5366316998843104
Train loss: 1.1443435587310624 Val loss: 0.5075558040962278 Time: 0.5341990999877453
Train loss: 1.0366731664745004 Val loss: 0.4703875691338908 Time: 0.4939439999870956
Train loss: 1.158646601762456 Val loss: 0.35982433761110855 Time: 0.5317943999543786
Train loss: 1.2262520261379146 Val loss: 0.39019143858604366 Time: 0.5305870999582112
Train loss: 0.855270218719264 Val loss: 0.45360417106701334 Time: 0.6270924999844283
Train loss: 1.1828923178840558 Val loss: 0.419722540185127 Time: 0.5342961999122053
Train loss: 1.1063386255976013 Val loss: 0.4170536904570099 Time: 0.5420849998481572
Train loss: 1.2007250260735276 Val loss: 0.3717749901279497 Time: 0.520265500061214
Train loss: 1.0293234717271602 Val loss: 0.40726894688577886 Time: 0.5515083998907357
Train loss: 1.0482355957296432 Val loss: 0.4405935096935991 Time: 0.5147800999693573
Train loss: 0.9051387978552468 Val loss: 0.4300382905871629 Time: 0.5324162000324577
Train loss: 1.0749303298955963 Val loss: 0.3545099289924991 Time: 0.5245742001570761
Train loss: 1.075980822304882 Val loss: 0.4550659646697568 Time: 0.514996400102973
Train loss: 0.9165512119936121 Val loss: 0.39024376923062576 Time: 0.5144623999949545
Shrinking learning rate to 1e-05
Train loss: 0.9433388212267213 Val loss: 0.4394949054737385 Time: 0.4917638001497835
Train loss: 1.063244219622395 Val loss: 0.42766473121145054 Time: 0.4828699000645429
Train loss: 0.9941463551603222 Val loss: 0.4434405511527757 Time: 0.48047850001603365
Train loss: 1.5432415734062062 Val loss: 0.4385220039531106 Time: 0.458753100130707
Train loss: 0.9744235115176636 Val loss: 0.47076181929219274 Time: 0.47657359996810555
Train loss: 0.9153008453600765 Val loss: 0.46178956339124966 Time: 0.4780947999097407
Train loss: 0.9076473989387055 Val loss: 0.466498968214637 Time: 0.4764909001532942
Train loss: 1.0100728212106502 Val loss: 0.46359537139528584 Time: 0.4802437999751419
Train loss: 1.0096506773661744 Val loss: 0.47441302371294114 Time: 0.5105139000806957
Train loss: 1.0083216328614748 Val loss: 0.47864124177476697 Time: 0.4872253001667559
Shrinking learning rate to 1.0000000000000002e-06
Train loss: 1.1420920152383118 Val loss: 0.45081129522560337 Time: 0.4891489001456648
Train loss: 0.9892980129320508 Val loss: 0.44776572990562613 Time: 0.48786690016277134
Train loss: 0.9756801879535393 Val loss: 0.44614882875465156 Time: 0.4759804999921471
Train loss: 1.0746359145627125 Val loss: 0.44245223614780116 Time: 0.4820956001058221
Train loss: 1.170803312583116 Val loss: 0.44241293909021806 Time: 0.49351110006682575
Train loss: 0.9765725743538053 Val loss: 0.44167134615076975 Time: 0.4885271000675857
Train loss: 0.8952312152791748 Val loss: 0.4405636921059113 Time: 0.4964471999555826
Train loss: 0.9514644290886776 Val loss: 0.43935950784168654 Time: 0.4763006998691708
Train loss: 1.0988137222885634 Val loss: 0.438904031367656 Time: 0.4791445001028478
Train loss: 1.0292750249987535 Val loss: 0.4385967019962891 Time: 0.4866137998178601
Shrinking learning rate to 1.0000000000000002e-07
Learning rate getting small
Complete
 Total time: 40.48951889993623