starting log for model: C:\Users\christopher.johnson\Documents\GitHub\flu\rnn_drop_B_2019_usa.pth
Train loss: 14.071254823003343 Val loss: 0.370015856315149 Time: 0.7590169999748468
Train loss: 11.664831764300198 Val loss: 0.33975725431810133 Time: 0.7410086002200842
Train loss: 9.279093453029681 Val loss: 0.2192645044560777 Time: 0.7105634000618011
Train loss: 6.897976731826498 Val loss: 0.2986561876605265 Time: 0.7040782999247313
Train loss: 6.291315695711832 Val loss: 0.5108692498470191 Time: 0.6986005001235753
Train loss: 5.567097257266724 Val loss: 0.7482333199973255 Time: 0.7222077001351863
Train loss: 5.032247118103641 Val loss: 1.0486477371368892 Time: 0.7863952999468893
Train loss: 4.502693944879746 Val loss: 1.0640461915245396 Time: 0.7471140001434833
Train loss: 4.432691156367652 Val loss: 1.7936321161084265 Time: 0.7497209999710321
Train loss: 3.6771086649190456 Val loss: 2.0886582003122385 Time: 0.767901600105688
Train loss: 3.8056035649218845 Val loss: 2.184723857030556 Time: 0.7670293000992388
Train loss: 3.3937852064782454 Val loss: 2.6392232985992905 Time: 0.7611616000067443
Train loss: 3.4106686754514284 Val loss: 2.1915763454217085 Time: 0.7659416000824422
Train loss: 3.4787856292028905 Val loss: 2.057551125280497 Time: 0.7593400999903679
Train loss: 2.776072787722976 Val loss: 1.8874777327667687 Time: 0.7572209998033941
Train loss: 3.4061256101476296 Val loss: 1.6039437601793622 Time: 0.7968151001259685
Train loss: 2.8009503274873033 Val loss: 1.1162051407690683 Time: 0.8135736000258476
Train loss: 2.8720153673931037 Val loss: 1.0548461447350324 Time: 0.7914066000375897
Train loss: 3.059805347052157 Val loss: 0.9068988215626153 Time: 0.7678606999106705
Train loss: 2.527527287605068 Val loss: 0.7884601793841384 Time: 0.7622127998620272
Train loss: 2.2366282823715307 Val loss: 0.5900668664613136 Time: 0.7553604000713676
Train loss: 2.3224482478385555 Val loss: 0.43683221329817457 Time: 0.7636068998835981
Train loss: 2.2953060646544365 Val loss: 0.3459570153453737 Time: 0.748676500050351
Train loss: 2.1342445521194975 Val loss: 0.2808235434668229 Time: 0.7810918998438865
Train loss: 1.8565291073401102 Val loss: 0.14640172908809745 Time: 0.7662507998757064
Train loss: 1.8236400923261806 Val loss: 0.09141534051195777 Time: 0.7841579001396894
Train loss: 1.390555112329988 Val loss: 0.14213779519667202 Time: 0.7817565000150353
Train loss: 1.3161401469107012 Val loss: 0.10676218436117324 Time: 0.7638385000173002
Train loss: 1.3762716684635263 Val loss: 0.10837916929358471 Time: 0.7764778998680413
Train loss: 1.400662725239588 Val loss: 0.09888111681399289 Time: 0.766180400038138
Train loss: 1.3715314070031697 Val loss: 0.027310081355523153 Time: 0.7647073999978602
Train loss: 1.420425955961501 Val loss: 0.0719100453311512 Time: 0.7832498999778181
Train loss: 1.3373312265778092 Val loss: 0.016755781665956704 Time: 0.7680822999682277
Train loss: 1.4113176569774741 Val loss: 0.007045784931676735 Time: 0.7712061000056565
Train loss: 0.9919592416438311 Val loss: 0.03999781634104771 Time: 0.826341399922967
Train loss: 1.2663048729196351 Val loss: 0.034222779579977214 Time: 0.7845172001980245
Train loss: 1.1927566735730248 Val loss: 0.02655442947798292 Time: 0.810408600140363
Train loss: 0.9341896697933469 Val loss: 0.041265674087069826 Time: 0.7780488999560475
Train loss: 0.8964269832630554 Val loss: 0.022007622148521477 Time: 0.7826322999317199
Train loss: 1.0038895127036356 Val loss: 0.006399678155503352 Time: 0.7756453000474721
Train loss: 0.8193899810957603 Val loss: 0.06473141772585222 Time: 0.7697269998025149
Train loss: 0.6921039322267656 Val loss: 0.019914157693386336 Time: 0.7940251999534667
Train loss: 0.9004591975523689 Val loss: 0.031115734024069752 Time: 0.7768534999340773
Train loss: 0.796094303539187 Val loss: 0.07979279000335282 Time: 0.7966581999789923
Train loss: 0.6330649092084517 Val loss: 0.013674442606415482 Time: 0.9900767998769879
Train loss: 0.7434882358533836 Val loss: 0.10903168868389912 Time: 0.9733617000747472
Train loss: 0.7296887676298984 Val loss: 0.03719615770167817 Time: 0.7885139998979867
Train loss: 0.617744915226727 Val loss: 0.02906535203249705 Time: 0.8124140999279916
Train loss: 0.6692728352780994 Val loss: 0.15612593937876795 Time: 0.8055734999943525
Train loss: 0.9136810039237169 Val loss: 0.04191651237096056 Time: 1.040725399972871
Train loss: 0.5957650461272448 Val loss: 0.14149837896580308 Time: 1.305936399847269
Train loss: 0.48254095936028657 Val loss: 0.04743974523810213 Time: 0.9917433999944478
Train loss: 0.5242481092382986 Val loss: 0.04879645825018386 Time: 0.8493015998974442
Train loss: 0.6725879393878896 Val loss: 0.06999987088124726 Time: 0.9426549999043345
Train loss: 0.5875450119909971 Val loss: 0.14337755863100732 Time: 0.7907060000579804
Train loss: 0.4636217112366773 Val loss: 0.08200355719026028 Time: 0.8434884999878705
Train loss: 0.5872940226772538 Val loss: 0.27583769894499355 Time: 1.16450299997814
Train loss: 0.7534472462453101 Val loss: 0.049695872106203964 Time: 1.3810308000538498
Train loss: 0.5915366398845034 Val loss: 0.05926672571894187 Time: 0.9110526998993009
Train loss: 0.5344100008816326 Val loss: 0.14156642876744874 Time: 0.9391477999743074
Train loss: 0.741455895964049 Val loss: 0.04270627449068343 Time: 0.8107396999839693
Train loss: 0.8324022114318941 Val loss: 0.04532627383446908 Time: 0.8067930999677628
Train loss: 0.6317744284300044 Val loss: 0.0941981924260773 Time: 0.796469199936837
Train loss: 0.6690853103324638 Val loss: 0.08431763444628781 Time: 0.8139317999593914
Train loss: 0.5845846701753956 Val loss: 0.07400655464252281 Time: 0.8183436999097466
Shrinking learning rate to 1e-05
Train loss: 0.5354007046922116 Val loss: 0.10520865627034948 Time: 0.6615481001790613
Train loss: 0.5301338395901009 Val loss: 0.09272188776508727 Time: 0.6535047001671046
Train loss: 0.5250783588855694 Val loss: 0.09408820764715031 Time: 0.6580964999739081
Train loss: 0.5067476046253756 Val loss: 0.1248132011585028 Time: 0.6696744000073522
Train loss: 0.3953311091116495 Val loss: 0.11557679717456737 Time: 0.7182289999909699
Train loss: 0.41400934195040423 Val loss: 0.10024781903637314 Time: 0.7242543001193553
Train loss: 0.36819567506822565 Val loss: 0.09248637994519893 Time: 0.6863526999950409
Train loss: 0.558695316180744 Val loss: 0.08731032739545963 Time: 0.6796988998539746
Train loss: 0.3104499064199597 Val loss: 0.08035168427996098 Time: 0.6454372000880539
Train loss: 0.6458293158875734 Val loss: 0.09178913168893565 Time: 0.6604904998093843
Train loss: 0.43212794796056897 Val loss: 0.07749999656129414 Time: 0.6608238001354039
Train loss: 0.584547779227947 Val loss: 0.07454208796502271 Time: 0.6435587999876589
Train loss: 0.5414289542094366 Val loss: 0.08792494255369243 Time: 0.660139299929142
Train loss: 0.40242742681774274 Val loss: 0.07800880276055983 Time: 0.665977300144732
Train loss: 0.35360384165759473 Val loss: 0.07084036218089818 Time: 0.6535982000641525
Train loss: 0.4724148830139869 Val loss: 0.07033783357790924 Time: 0.6613082000985742
Train loss: 0.4380898293056786 Val loss: 0.06768835724748079 Time: 0.6643169999588281
Train loss: 0.27917240556557577 Val loss: 0.0809111426447977 Time: 0.6613219999708235
Train loss: 0.38227365097286137 Val loss: 0.07464807987853117 Time: 0.6645072000101209
Train loss: 0.4848796774534943 Val loss: 0.08465029017991355 Time: 0.681829100009054
Train loss: 0.32929839974025954 Val loss: 0.09362816174535113 Time: 0.6502070999704301
Train loss: 0.5126172104444422 Val loss: 0.09994581338920927 Time: 0.6465355998370796
Train loss: 0.4180189942665626 Val loss: 0.0828092592863916 Time: 0.6583889001049101
Train loss: 0.44296415269439543 Val loss: 0.0789263106009912 Time: 0.6726353999692947
Train loss: 0.4304708764488375 Val loss: 0.07241606191832606 Time: 0.6607967999298126
Train loss: 0.39180637489772313 Val loss: 0.07270053007560229 Time: 0.6627558001782745
Train loss: 0.3104830455342358 Val loss: 0.06735949939985231 Time: 0.6623277000617236
Shrinking learning rate to 1.0000000000000002e-06
Train loss: 0.3704959303203244 Val loss: 0.08194686731506984 Time: 0.6333413000684232
Train loss: 0.4227493972630496 Val loss: 0.08286209270960043 Time: 0.6420183998998255
Train loss: 0.4975820684638448 Val loss: 0.0849185070825218 Time: 0.6400785001460463
Train loss: 0.41514949128918 Val loss: 0.08557773342237773 Time: 0.6422266999725252
Train loss: 0.4397136666230519 Val loss: 0.0867659631246731 Time: 0.6477019998710603
Train loss: 0.3422279957858516 Val loss: 0.08639126414976062 Time: 0.6260071001015604
Train loss: 0.4382662808368242 Val loss: 0.08922728413963732 Time: 0.6556080000009388
Train loss: 0.3678036119396637 Val loss: 0.08735865961098366 Time: 0.6494541000574827
Train loss: 0.3861329032989338 Val loss: 0.08751521969646081 Time: 0.6374025999102741
Train loss: 0.3265046138004554 Val loss: 0.08672886659715351 Time: 0.6550988999661058
Shrinking learning rate to 1.0000000000000002e-07
Learning rate getting small
Complete
 Total time: 77.99135840008967