starting log for model: C:\Users\christopher.johnson\Documents\GitHub\flu\rnn_2019_usa.pth
Train loss: 10.206427809902664 Val loss: 2.430030609772075 Time: 0.4706016001291573
Train loss: 6.264224710601557 Val loss: 1.7185234925782424 Time: 0.3800526999402791
Train loss: 5.876919771066661 Val loss: 1.2233470581195434 Time: 0.4193425001576543
Train loss: 4.856068214910692 Val loss: 1.4859141588294733 Time: 0.40240389993414283
Train loss: 4.146002263403063 Val loss: 1.7182075723449088 Time: 0.36333129997365177
Train loss: 3.556877113340681 Val loss: 2.4063062349814572 Time: 0.3636747000273317
Train loss: 4.106475775007254 Val loss: 1.7101589115172828 Time: 0.3680853000842035
Train loss: 2.9202325214482983 Val loss: 2.039494428467833 Time: 0.4015975999645889
Train loss: 2.8112269365792724 Val loss: 1.5615957604009054 Time: 0.3625205000862479
Train loss: 3.326490034694339 Val loss: 0.44325635676955244 Time: 0.4813868999481201
Train loss: 3.6682800546307757 Val loss: 2.5762755035975715 Time: 0.38108880002982914
Train loss: 3.3030364130920686 Val loss: 1.2386030392517569 Time: 0.3715662001632154
Train loss: 3.610170028725948 Val loss: 1.3782909716392169 Time: 0.3781981999054551
Train loss: 2.5400516991728397 Val loss: 1.569014815704577 Time: 0.366999699966982
Train loss: 2.173294213682942 Val loss: 2.0865739623259287 Time: 0.3873465999495238
Train loss: 3.2365662115721676 Val loss: 0.6314041412460938 Time: 0.3673210998531431
Train loss: 3.015821649562369 Val loss: 2.499957045208248 Time: 0.37540640006773174
Train loss: 3.4217658460926472 Val loss: 0.4889775897208892 Time: 0.3750072999391705
Train loss: 2.351931593617623 Val loss: 0.9459928492269682 Time: 0.3574514000210911
Train loss: 3.0722495917969876 Val loss: 0.5540290366197951 Time: 0.35941439983434975
Train loss: 2.3380979220538904 Val loss: 1.0262050859005285 Time: 0.37333950004540384
Train loss: 2.1649203605158096 Val loss: 0.5876999813808652 Time: 0.3718748998362571
Train loss: 2.519820772519097 Val loss: 0.6663004466063285 Time: 0.3640743000432849
Train loss: 2.522794811490428 Val loss: 0.9693252214601671 Time: 0.41718550003133714
Train loss: 2.4898453923679034 Val loss: 1.1274821015922498 Time: 0.35855449992232025
Train loss: 2.052897072788155 Val loss: 0.9133838105799441 Time: 0.3523213998414576
Train loss: 2.3275125462823496 Val loss: 0.46982550279062707 Time: 0.3708881000056863
Train loss: 1.917400287590997 Val loss: 0.23758322040706048 Time: 0.3499702999833971
Train loss: 2.899832702771352 Val loss: 1.7217074201590208 Time: 0.37652569985948503
Train loss: 1.720836285032675 Val loss: 0.7865799519931898 Time: 0.35656869993545115
Train loss: 2.4236987809670154 Val loss: 0.5061070636820659 Time: 0.38227940001524985
Train loss: 1.9326924921145405 Val loss: 0.7356894905942681 Time: 0.35602449998259544
Train loss: 1.5656074010856145 Val loss: 0.9891521231693332 Time: 0.3719884001184255
Train loss: 1.507666190649049 Val loss: 1.5372914563591848 Time: 0.3636344000697136
Train loss: 2.7294318480675503 Val loss: 0.27037860961172555 Time: 0.37154600000940263
Train loss: 4.14565918508764 Val loss: 0.4338834730206145 Time: 0.34318359987810254
Train loss: 3.2936802475024898 Val loss: 0.4868595857078617 Time: 0.3617374000605196
Train loss: 3.101115217557375 Val loss: 1.047438243725992 Time: 0.3522796998731792
Train loss: 1.8591579015410282 Val loss: 0.8713690283802862 Time: 0.3588972999714315
Train loss: 2.5975792930428483 Val loss: 0.7543467538580444 Time: 0.41093759983778
Train loss: 1.6264814925321076 Val loss: 0.7641703822300769 Time: 0.37755540013313293
Train loss: 2.6722439424407973 Val loss: 0.6029761986366111 Time: 0.37842239998281
Train loss: 2.035135305151414 Val loss: 1.0518695358582377 Time: 0.3660383999813348
Shrinking learning rate to 0.0001
Train loss: 5.4377109416799785 Val loss: 0.7126849932335233 Time: 0.3695696000941098
Train loss: 2.103336134978946 Val loss: 0.5378231518191683 Time: 0.35110910004004836
Train loss: 1.5970410109733435 Val loss: 0.4968030106938386 Time: 0.34749030019156635
Train loss: 1.440579606489024 Val loss: 0.4933464919358812 Time: 0.3517368999309838
Train loss: 1.3258898201456812 Val loss: 0.4938763750160433 Time: 0.3464420000091195
Train loss: 1.2443989609886046 Val loss: 0.5069477540189382 Time: 0.3339587999507785
Train loss: 1.1988157536898614 Val loss: 0.5248195743356519 Time: 0.35628209984861314
Train loss: 1.0997525357181157 Val loss: 0.5723385035230422 Time: 0.335333599941805
Train loss: 0.9882942530322545 Val loss: 0.5678646665367069 Time: 0.468265000032261
Train loss: 1.06958978780537 Val loss: 0.5851225023820916 Time: 0.35026750015094876
Train loss: 0.9693672255761836 Val loss: 0.6366740171242782 Time: 0.3551958000753075
Train loss: 0.9015380913153674 Val loss: 0.622417678732468 Time: 0.4309902999084443
Train loss: 0.8464360719676751 Val loss: 0.6724497993022851 Time: 0.3568021999672055
Train loss: 0.8207555079190643 Val loss: 0.7174549928512362 Time: 0.4570512000937015
Train loss: 0.7886968400756516 Val loss: 0.7014669099685236 Time: 0.3679110000375658
Train loss: 0.7477537215906382 Val loss: 0.7070931860937435 Time: 0.35919680004008114
Train loss: 0.7481640090020089 Val loss: 0.7316138541256691 Time: 0.3601186000742018
Train loss: 0.6729082615725033 Val loss: 0.7292074136278188 Time: 0.3532805999275297
Train loss: 0.7010311487364903 Val loss: 0.7790551404659709 Time: 0.3687497000209987
Train loss: 0.6109681853998454 Val loss: 0.7741641714972545 Time: 0.35774600016884506
Train loss: 0.5850413691564995 Val loss: 0.8168765728410108 Time: 0.35528740007430315
Train loss: 0.5969939847688073 Val loss: 0.839822871441811 Time: 0.39016790012829006
Train loss: 0.5790941932820974 Val loss: 0.8015566006287322 Time: 0.3659063000231981
Train loss: 0.6219716580397745 Val loss: 0.8268886295012408 Time: 0.37200119998306036
Train loss: 0.5668221112931398 Val loss: 0.8443524375409197 Time: 0.5168741000816226
Train loss: 0.6012218447394035 Val loss: 0.8920441271933441 Time: 0.4913571998476982
Train loss: 0.5424494559666893 Val loss: 0.8519460782898722 Time: 0.3928419000003487
Train loss: 0.5452945765070032 Val loss: 0.8447500888439663 Time: 0.36618139990605414
Train loss: 0.5744241956369791 Val loss: 0.9063565247649308 Time: 0.3699571001343429
Train loss: 0.5448460865282221 Val loss: 0.8697677984609693 Time: 0.4374569000210613
Train loss: 0.5400196209988053 Val loss: 0.9281532612039314 Time: 0.3869296000339091
Train loss: 0.49365821149101774 Val loss: 0.8838552712629735 Time: 0.540236699860543
Train loss: 0.5775593537916643 Val loss: 0.9490689524488403 Time: 0.374213500181213
Train loss: 0.4846462619352657 Val loss: 0.9312644704390585 Time: 0.38202819996513426
Train loss: 0.46852599968457476 Val loss: 0.9667626961459064 Time: 0.3537267001811415
Train loss: 0.47156683863462945 Val loss: 0.957251408099637 Time: 0.3570910000707954
Train loss: 0.5145002029331405 Val loss: 0.9478203978192141 Time: 0.3430806999094784
Train loss: 0.4649240396710982 Val loss: 0.9392631424827869 Time: 0.3530889998655766
Train loss: 0.5183281905996902 Val loss: 0.9180168029512039 Time: 0.3956056998576969
Train loss: 0.4485374963515838 Val loss: 0.9860011871030565 Time: 0.3766294999513775
Train loss: 0.426649276721081 Val loss: 0.9378400493978205 Time: 0.34316320018842816
Train loss: 0.46758318804602483 Val loss: 0.9465304289642518 Time: 0.36777019989676774
Train loss: 0.44156141221116485 Val loss: 0.9802051466200226 Time: 0.345221099909395
Train loss: 0.4722615047870953 Val loss: 0.9891984738496582 Time: 0.3621896000113338
Train loss: 0.4274908548811318 Val loss: 0.9866485473362445 Time: 0.34869250003248453
Train loss: 0.4512794267719009 Val loss: 0.9490420024687864 Time: 0.3483066000044346
Train loss: 0.4131124572000313 Val loss: 0.9884218833692557 Time: 0.3527687001042068
Train loss: 0.40548889212920614 Val loss: 0.9749007279823729 Time: 0.34677399997599423
Train loss: 0.39076946385678046 Val loss: 0.9846576322222756 Time: 0.3791817999444902
Train loss: 0.4737660869583262 Val loss: 1.025084486650485 Time: 0.3792379000224173
Train loss: 0.4438081411806678 Val loss: 1.0333936727746718 Time: 0.39009339991025627
Train loss: 0.44253202537491815 Val loss: 1.025473329719631 Time: 0.48858879995532334
Train loss: 0.3873430922173329 Val loss: 0.9631782776172599 Time: 0.37862169998697937
Train loss: 0.395750561491082 Val loss: 0.9668431843736727 Time: 0.3788594000507146
Train loss: 0.36067392462043 Val loss: 0.9679652258385971 Time: 0.37780410004779696
Train loss: 0.4216185873147884 Val loss: 0.9668142253276812 Time: 0.35833900002762675
Train loss: 0.35558670957603145 Val loss: 0.9815128074524679 Time: 0.3575581000186503
Train loss: 0.4058990657913881 Val loss: 0.9504073913262232 Time: 0.3561701001599431
Train loss: 0.37364981044648093 Val loss: 1.0394317840644698 Time: 0.421038500033319
Train loss: 0.42686530237243403 Val loss: 1.002898770584011 Time: 0.38574060006067157
Train loss: 0.3402989602409864 Val loss: 1.0194357558204388 Time: 0.36548619996756315
Train loss: 0.36584418508057226 Val loss: 1.059135415981398 Time: 0.4685056998860091
Train loss: 0.4371475460423677 Val loss: 1.0268795162910465 Time: 0.6912130999844521
Train loss: 0.45199449666185565 Val loss: 1.0808815245035532 Time: 0.6375871999189258
Train loss: 0.3693133079276337 Val loss: 1.0330855525969582 Time: 0.5386007998604327
Train loss: 0.37656644576797316 Val loss: 1.041639717606131 Time: 0.6758999999146909
Train loss: 0.333802166821765 Val loss: 1.0345230465043755 Time: 0.3798201000317931
Train loss: 0.4072357617542375 Val loss: 1.0142301894891261 Time: 0.4106673998758197
Train loss: 0.3653287241056766 Val loss: 1.004174055968372 Time: 0.4493384000379592
Train loss: 0.36564437197038147 Val loss: 1.0164430385279388 Time: 0.375004299916327
Train loss: 0.39180226943849306 Val loss: 1.0430373031484492 Time: 0.3973916000686586
Train loss: 0.3360525275039947 Val loss: 1.0809340240707144 Time: 0.656072000041604
Train loss: 0.3113262202981649 Val loss: 1.0219301593936052 Time: 0.5042065000161529
Train loss: 0.348582603548075 Val loss: 1.049382227557203 Time: 0.3647711998783052
Train loss: 0.352958639953199 Val loss: 1.109289400157572 Time: 0.37592869997024536
Train loss: 0.3991253912195487 Val loss: 1.072208068650525 Time: 0.41260650008916855
Train loss: 0.3716135909278968 Val loss: 1.1047476992122967 Time: 0.4418248999863863
Train loss: 0.4078967561623923 Val loss: 1.059440439028549 Time: 0.3872622998896986
Train loss: 0.3729308585209683 Val loss: 1.0690589973760325 Time: 0.5868075001053512
Train loss: 0.3316607212908531 Val loss: 1.0469705609004576 Time: 0.6150291000958532
Train loss: 0.3724073564875541 Val loss: 1.0481124440498757 Time: 0.5411183999385685
Train loss: 0.32477794547023864 Val loss: 1.1178073393739396 Time: 0.6324877999722958
Shrinking learning rate to 1e-05
Train loss: 0.33957088721940953 Val loss: 1.0304266376623445 Time: 0.44721059990115464
Train loss: 0.33161221403534036 Val loss: 1.026379137725712 Time: 0.3818743999581784
Train loss: 0.34055883963213807 Val loss: 1.0318710973705265 Time: 0.524429100099951
Train loss: 0.3069937730145246 Val loss: 1.0409072565567783 Time: 0.5479184999130666
Train loss: 0.28540262901203595 Val loss: 1.0401480020771032 Time: 0.3853203000035137
Train loss: 0.29789767170918857 Val loss: 1.0504297102875464 Time: 0.43368230015039444
Train loss: 0.3963671066526646 Val loss: 1.0489904913262111 Time: 0.5059376999270171
Train loss: 0.37763411824805493 Val loss: 1.0544316320652314 Time: 0.4713876999448985
Train loss: 0.2911494218023609 Val loss: 1.0632988525033111 Time: 0.37119419989176095
Train loss: 0.33469081599120654 Val loss: 1.0589863234725785 Time: 0.36134770000353456
Train loss: 0.31769545270045535 Val loss: 1.0571468801827741 Time: 0.41077709989622235
Train loss: 0.35780651221870796 Val loss: 1.061156706847811 Time: 0.36611249996349216
Train loss: 0.2978665258735585 Val loss: 1.0604707689181083 Time: 0.3770268000662327
Train loss: 0.3119938204962729 Val loss: 1.0579615933641833 Time: 0.5483415999915451
Shrinking learning rate to 1.0000000000000002e-06
Train loss: 0.3036497889162879 Val loss: 1.0401808870433626 Time: 0.5764516999479383
Train loss: 0.3364337380633624 Val loss: 1.0396420397305803 Time: 0.526864499785006
Train loss: 0.3420775153098373 Val loss: 1.040870381596541 Time: 0.46141569991596043
Train loss: 0.3174685838402482 Val loss: 1.0416533591750543 Time: 0.5007586998399347
Train loss: 0.34088511725333764 Val loss: 1.041528746619413 Time: 0.5140490001067519
Train loss: 0.3052675012681058 Val loss: 1.0412536988605048 Time: 0.539098999928683
Train loss: 0.28578196459402894 Val loss: 1.041056544379539 Time: 0.513770200079307
Train loss: 0.39135871290876656 Val loss: 1.0418933661514465 Time: 0.46268729981966317
Train loss: 0.32592790360473867 Val loss: 1.0417832400971192 Time: 0.5019461000338197
Train loss: 0.3044675209880253 Val loss: 1.0411125894437743 Time: 0.4879855001345277
Shrinking learning rate to 1.0000000000000002e-07
Learning rate getting small
Complete
 Total time: 61.49989870004356