This is pdfTeX, Version 3.141592653-2.6-1.40.24 (TeX Live 2022) (preloaded format=pdflatex 2022.6.24)  4 FEB 2025 22:14
entering extended mode
 restricted \write18 enabled.
 file:line:error style messages enabled.
 %&-line parsing enabled.
**flu.tex
(./flu.tex
LaTeX2e <2021-11-15> patch level 1
L3 programming layer <2022-02-24>
(/usr/local/texlive/2022/texmf-dist/tex/latex/base/article.cls
Document Class: article 2021/10/04 v1.4n Standard LaTeX document class
(/usr/local/texlive/2022/texmf-dist/tex/latex/base/size12.clo
File: size12.clo 2021/10/04 v1.4n Standard LaTeX file (size option)
)
\c@part=\count185
\c@section=\count186
\c@subsection=\count187
\c@subsubsection=\count188
\c@paragraph=\count189
\c@subparagraph=\count190
\c@figure=\count191
\c@table=\count192
\abovecaptionskip=\skip47
\belowcaptionskip=\skip48
\bibindent=\dimen138
)
(/usr/local/texlive/2022/texmf-dist/tex/latex/graphics/graphicx.sty
Package: graphicx 2021/09/16 v1.2d Enhanced LaTeX Graphics (DPC,SPQR)

(/usr/local/texlive/2022/texmf-dist/tex/latex/graphics/keyval.sty
Package: keyval 2014/10/28 v1.15 key=value parser (DPC)
\KV@toks@=\toks16
)
(/usr/local/texlive/2022/texmf-dist/tex/latex/graphics/graphics.sty
Package: graphics 2021/03/04 v1.4d Standard LaTeX Graphics (DPC,SPQR)

(/usr/local/texlive/2022/texmf-dist/tex/latex/graphics/trig.sty
Package: trig 2021/08/11 v1.11 sin cos tan (DPC)
)
(/usr/local/texlive/2022/texmf-dist/tex/latex/graphics-cfg/graphics.cfg
File: graphics.cfg 2016/06/04 v1.11 sample graphics configuration
)
Package graphics Info: Driver file: pdftex.def on input line 107.

(/usr/local/texlive/2022/texmf-dist/tex/latex/graphics-def/pdftex.def
File: pdftex.def 2020/10/05 v1.2a Graphics/color driver for pdftex
))
\Gin@req@height=\dimen139
\Gin@req@width=\dimen140
)
(/usr/local/texlive/2022/texmf-dist/tex/latex/amsmath/amsmath.sty
Package: amsmath 2021/10/15 v2.17l AMS math features
\@mathmargin=\skip49

For additional information on amsmath, use the `?' option.
(/usr/local/texlive/2022/texmf-dist/tex/latex/amsmath/amstext.sty
Package: amstext 2021/08/26 v2.01 AMS text

(/usr/local/texlive/2022/texmf-dist/tex/latex/amsmath/amsgen.sty
File: amsgen.sty 1999/11/30 v2.0 generic functions
\@emptytoks=\toks17
\ex@=\dimen141
))
(/usr/local/texlive/2022/texmf-dist/tex/latex/amsmath/amsbsy.sty
Package: amsbsy 1999/11/29 v1.2d Bold Symbols
\pmbraise@=\dimen142
)
(/usr/local/texlive/2022/texmf-dist/tex/latex/amsmath/amsopn.sty
Package: amsopn 2021/08/26 v2.02 operator names
)
\inf@bad=\count193
LaTeX Info: Redefining \frac on input line 234.
\uproot@=\count194
\leftroot@=\count195
LaTeX Info: Redefining \overline on input line 399.
\classnum@=\count196
\DOTSCASE@=\count197
LaTeX Info: Redefining \ldots on input line 496.
LaTeX Info: Redefining \dots on input line 499.
LaTeX Info: Redefining \cdots on input line 620.
\Mathstrutbox@=\box50
\strutbox@=\box51
\big@size=\dimen143
LaTeX Font Info:    Redeclaring font encoding OML on input line 743.
LaTeX Font Info:    Redeclaring font encoding OMS on input line 744.
\macc@depth=\count198
\c@MaxMatrixCols=\count199
\dotsspace@=\muskip16
\c@parentequation=\count266
\dspbrk@lvl=\count267
\tag@help=\toks18
\row@=\count268
\column@=\count269
\maxfields@=\count270
\andhelp@=\toks19
\eqnshift@=\dimen144
\alignsep@=\dimen145
\tagshift@=\dimen146
\tagwidth@=\dimen147
\totwidth@=\dimen148
\lineht@=\dimen149
\@envbody=\toks20
\multlinegap=\skip50
\multlinetaggap=\skip51
\mathdisplay@stack=\toks21
LaTeX Info: Redefining \[ on input line 2938.
LaTeX Info: Redefining \] on input line 2939.
)
(/usr/local/texlive/2022/texmf-dist/tex/latex/wrapfig/wrapfig.sty
\wrapoverhang=\dimen150
\WF@size=\dimen151
\c@WF@wrappedlines=\count271
\WF@box=\box52
\WF@everypar=\toks22
Package: wrapfig 2003/01/31  v 3.6
)
(/usr/local/texlive/2022/texmf-dist/tex/latex/preprint/fullpage.sty
Package: fullpage 1999/02/23 1.1 (PWD)
\FP@margin=\skip52
)
(/usr/local/texlive/2022/texmf-dist/tex/latex/tools/layout.sty
Package: layout 2021-03-10 v1.2e Show layout parameters
\oneinch=\count272
\cnt@paperwidth=\count273
\cnt@paperheight=\count274
\cnt@hoffset=\count275
\cnt@voffset=\count276
\cnt@textheight=\count277
\cnt@textwidth=\count278
\cnt@topmargin=\count279
\cnt@oddsidemargin=\count280
\cnt@evensidemargin=\count281
\cnt@headheight=\count282
\cnt@headsep=\count283
\cnt@marginparsep=\count284
\cnt@marginparwidth=\count285
\cnt@marginparpush=\count286
\cnt@footskip=\count287
\fheight=\count288
\ref@top=\count289
\ref@hoffset=\count290
\ref@voffset=\count291
\ref@head=\count292
\ref@body=\count293
\ref@foot=\count294
\ref@margin=\count295
\ref@marginwidth=\count296
\ref@marginpar=\count297
\Interval=\count298
\ExtraYPos=\count299
\PositionX=\count300
\PositionY=\count301
\ArrowLength=\count302
)
(/usr/local/texlive/2022/texmf-dist/tex/latex/tools/indentfirst.sty
Package: indentfirst 1995/11/23 v1.03 Indent first paragraph (DPC)
)
(/usr/local/texlive/2022/texmf-dist/tex/latex/placeins/placeins.sty
Package: placeins 2005/04/18  v 2.2
)
(/usr/local/texlive/2022/texmf-dist/tex/latex/l3backend/l3backend-pdftex.def
File: l3backend-pdftex.def 2022-02-07 L3 backend support: PDF output (pdfTeX)
\l__color_backend_stack_int=\count303
\l__pdf_internal_box=\box53
)
(./flu.aux)
\openout1 = `flu.aux'.

LaTeX Font Info:    Checking defaults for OML/cmm/m/it on input line 9.
LaTeX Font Info:    ... okay on input line 9.
LaTeX Font Info:    Checking defaults for OMS/cmsy/m/n on input line 9.
LaTeX Font Info:    ... okay on input line 9.
LaTeX Font Info:    Checking defaults for OT1/cmr/m/n on input line 9.
LaTeX Font Info:    ... okay on input line 9.
LaTeX Font Info:    Checking defaults for T1/cmr/m/n on input line 9.
LaTeX Font Info:    ... okay on input line 9.
LaTeX Font Info:    Checking defaults for TS1/cmr/m/n on input line 9.
LaTeX Font Info:    ... okay on input line 9.
LaTeX Font Info:    Checking defaults for OMX/cmex/m/n on input line 9.
LaTeX Font Info:    ... okay on input line 9.
LaTeX Font Info:    Checking defaults for U/cmr/m/n on input line 9.
LaTeX Font Info:    ... okay on input line 9.

(/usr/local/texlive/2022/texmf-dist/tex/context/base/mkii/supp-pdf.mkii
[Loading MPS to PDF converter (version 2006.09.02).]
\scratchcounter=\count304
\scratchdimen=\dimen152
\scratchbox=\box54
\nofMPsegments=\count305
\nofMParguments=\count306
\everyMPshowfont=\toks23
\MPscratchCnt=\count307
\MPscratchDim=\dimen153
\MPnumerator=\count308
\makeMPintoPDFobject=\count309
\everyMPtoPDFconversion=\toks24
) (/usr/local/texlive/2022/texmf-dist/tex/latex/epstopdf-pkg/epstopdf-base.sty
Package: epstopdf-base 2020-01-24 v2.11 Base part for package epstopdf
Package epstopdf-base Info: Redefining graphics rule for `.eps' on input line 4
85.

(/usr/local/texlive/2022/texmf-dist/tex/latex/latexconfig/epstopdf-sys.cfg
File: epstopdf-sys.cfg 2010/07/13 v1.3 Configuration of (r)epstopdf for TeX Liv
e
))
<Pictures/cdc_model.png, id=1, 440.39531pt x 435.12563pt>
File: Pictures/cdc_model.png Graphic file (type png)
<use Pictures/cdc_model.png>
Package pdftex.def Info: Pictures/cdc_model.png  used on input line 24.
(pdftex.def)             Requested size: 230.46576pt x 227.70738pt.

[1

{/usr/local/texlive/2022/texmf-var/fonts/map/pdftex/updmap/pdftex.map} <./Pictu
res/cdc_model.png>]
<Pictures/so_country_corrs.png, id=13, 442.65375pt x 240.9pt>
File: Pictures/so_country_corrs.png Graphic file (type png)
<use Pictures/so_country_corrs.png>
Package pdftex.def Info: Pictures/so_country_corrs.png  used on input line 55.
(pdftex.def)             Requested size: 331.98949pt x 180.67455pt.
 [2 <./Pictures/so_country_corrs.png>]
<Pictures/flu_cases.png, id=22, 528.7755pt x 316.7835pt>
File: Pictures/flu_cases.png Graphic file (type png)
<use Pictures/flu_cases.png>
Package pdftex.def Info: Pictures/flu_cases.png  used on input line 73.
(pdftex.def)             Requested size: 396.58066pt x 237.58704pt.
 [3 <./Pictures/flu_cases.png>] [4]
<Pictures/model_arch.png, id=33, 998.73125pt x 299.1175pt>
File: Pictures/model_arch.png Graphic file (type png)
<use Pictures/model_arch.png>
Package pdftex.def Info: Pictures/model_arch.png  used on input line 147.
(pdftex.def)             Requested size: 499.3644pt x 149.55838pt.
 [5 <./Pictures/model_arch.png>]
<Pictures/hy_model.png, id=41, 635.37375pt x 443.40656pt>
File: Pictures/hy_model.png Graphic file (type png)
<use Pictures/hy_model.png>
Package pdftex.def Info: Pictures/hy_model.png  used on input line 166.
(pdftex.def)             Requested size: 317.6861pt x 221.70273pt.
<Pictures/TrainEx.png, id=42, 648.17157pt x 371.13657pt>
File: Pictures/TrainEx.png Graphic file (type png)
<use Pictures/TrainEx.png>
Package pdftex.def Info: Pictures/TrainEx.png  used on input line 183.
(pdftex.def)             Requested size: 388.90594pt x 222.68365pt.


LaTeX Warning: `!h' float specifier changed to `!ht'.

[6 <./Pictures/hy_model.png>]
<Pictures/ModelVariation.PNG, id=47, 1221.06187pt x 590.95781pt>
File: Pictures/ModelVariation.PNG Graphic file (type png)
<use Pictures/ModelVariation.PNG>
Package pdftex.def Info: Pictures/ModelVariation.PNG  used on input line 202.
(pdftex.def)             Requested size: 549.47276pt x 265.92856pt.

Overfull \hbox (37.32314pt too wide) in paragraph at lines 202--203
 [] 
 []

<Pictures/modelvariationzoom.png, id=48, 1180.41pt x 520.94624pt>
File: Pictures/modelvariationzoom.png Graphic file (type png)
<use Pictures/modelvariationzoom.png>
Package pdftex.def Info: Pictures/modelvariationzoom.png  used on input line 21
2.
(pdftex.def)             Requested size: 531.1796pt x 234.42365pt.

Overfull \hbox (19.02997pt too wide) in paragraph at lines 212--213
 [] 
 []


LaTeX Warning: `!h' float specifier changed to `!ht'.

[7 <./Pictures/TrainEx.png> <./Pictures/ModelVariation.PNG>]
<Pictures/lorenzians.png, id=55, 761.84625pt x 337.26pt>
File: Pictures/lorenzians.png Graphic file (type png)
<use Pictures/lorenzians.png>
Package pdftex.def Info: Pictures/lorenzians.png  used on input line 221.
(pdftex.def)             Requested size: 533.28874pt x 236.08038pt.

Overfull \hbox (21.13911pt too wide) in paragraph at lines 221--222
 [] 
 []

[8 <./Pictures/modelvariationzoom.png> <./Pictures/lorenzians.png>]
<Pictures/Forecasts.png, id=61, 1218.80344pt x 591.71063pt>
File: Pictures/Forecasts.png Graphic file (type png)
<use Pictures/Forecasts.png>
Package pdftex.def Info: Pictures/Forecasts.png  used on input line 238.
(pdftex.def)             Requested size: 548.45648pt x 266.26732pt.

Overfull \hbox (36.30685pt too wide) in paragraph at lines 238--239
 [][] 
 []

[9 <./Pictures/Forecasts.png>] (./flu.aux) ) 
Here is how much of TeX's memory you used:
 2321 strings out of 478268
 37441 string characters out of 5846347
 336807 words of memory out of 5000000
 20516 multiletter control sequences out of 15000+600000
 476400 words of font info for 53 fonts, out of 8000000 for 9000
 1141 hyphenation exceptions out of 8191
 55i,10n,62p,1325b,269s stack positions out of 10000i,1000n,20000p,200000b,200000s
</usr/local/texlive/2022/texmf-dist
/fonts/type1/public/amsfonts/cm/cmbx12.pfb></usr/local/texlive/2022/texmf-dist/
fonts/type1/public/amsfonts/cm/cmex10.pfb></usr/local/texlive/2022/texmf-dist/f
onts/type1/public/amsfonts/cm/cmmi12.pfb></usr/local/texlive/2022/texmf-dist/fo
nts/type1/public/amsfonts/cm/cmmi6.pfb></usr/local/texlive/2022/texmf-dist/font
s/type1/public/amsfonts/cm/cmmi8.pfb></usr/local/texlive/2022/texmf-dist/fonts/
type1/public/amsfonts/cm/cmr10.pfb></usr/local/texlive/2022/texmf-dist/fonts/ty
pe1/public/amsfonts/cm/cmr12.pfb></usr/local/texlive/2022/texmf-dist/fonts/type
1/public/amsfonts/cm/cmr17.pfb></usr/local/texlive/2022/texmf-dist/fonts/type1/
public/amsfonts/cm/cmr6.pfb></usr/local/texlive/2022/texmf-dist/fonts/type1/pub
lic/amsfonts/cm/cmr7.pfb></usr/local/texlive/2022/texmf-dist/fonts/type1/public
/amsfonts/cm/cmr8.pfb></usr/local/texlive/2022/texmf-dist/fonts/type1/public/am
sfonts/cm/cmsy10.pfb></usr/local/texlive/2022/texmf-dist/fonts/type1/public/ams
fonts/cm/cmsy6.pfb></usr/local/texlive/2022/texmf-dist/fonts/type1/public/amsfo
nts/cm/cmsy8.pfb>
Output written on flu.pdf (9 pages, 1990433 bytes).
PDF statistics:
 125 PDF objects out of 1000 (max. 8388607)
 65 compressed objects within 1 object stream
 0 named destinations out of 1000 (max. 500000)
 51 words of extra memory for PDF output out of 10000 (max. 10000000)

