starting log for model: Q:\00- PROJECTS\Flu Forecasts\flu\flu\models\cnn_23-24.pth
Train loss: 2.19982207784556 Val loss: 0.3150103216856618 Time: 0.6512452000170015
Train loss: 2.3006989336009838 Val loss: 0.28488649646060465 Time: 0.5581989000202157
Train loss: 1.5138043188277877 Val loss: 0.18101413276849834 Time: 0.5912295000161976
Train loss: 1.2960378485692061 Val loss: 0.23146339625758905 Time: 0.6570263000030536
Train loss: 1.4342177304958525 Val loss: 0.14784608540563074 Time: 0.5637672000157181
Train loss: 1.0934324221451277 Val loss: 0.1128435872751566 Time: 0.9377771999861579
Train loss: 1.0571686154938398 Val loss: 0.10587420529549008 Time: 0.8865561000129674
Train loss: 0.8663163461713159 Val loss: 0.0868057178475051 Time: 1.0888865999877453
Train loss: 0.9258884920796788 Val loss: 0.11511025033881148 Time: 1.1657307999848854
Train loss: 0.7871101734021613 Val loss: 0.08518829117917874 Time: 1.3175272999797016
Train loss: 0.7846348397249345 Val loss: 0.0853901432066224 Time: 0.8900341000116896
Train loss: 0.9043791733544886 Val loss: 0.09112528234335196 Time: 0.7337030000053346
Train loss: 0.7279822985769764 Val loss: 0.07652148407214228 Time: 1.1512754999857862
Train loss: 0.8679444124594542 Val loss: 0.17047018390924057 Time: 0.8406124000030104
Train loss: 0.8477332777615345 Val loss: 0.11514100960490098 Time: 1.0393075999745633
Train loss: 0.9781064177644403 Val loss: 0.10056670545175755 Time: 0.865572799986694
Train loss: 0.7363674795566517 Val loss: 0.07634898308520037 Time: 1.6853752999741118
Train loss: 0.8459671624287866 Val loss: 0.11760437003637425 Time: 1.2273166000086349
Train loss: 0.6386865053048931 Val loss: 0.06706747208568008 Time: 1.1824920999933966
Train loss: 0.5732440785174049 Val loss: 0.08447436609858729 Time: 1.1530242999724578
Train loss: 0.6107968916175608 Val loss: 0.07572912310313573 Time: 0.6580680999904871
Train loss: 0.7589905396685461 Val loss: 0.07603207522403416 Time: 0.6997281999792904
Train loss: 0.6057580243795542 Val loss: 0.06580435903969817 Time: 0.8929908999998588
Train loss: 0.6228885299138938 Val loss: 0.0639920532982076 Time: 1.2108182999945711
Train loss: 0.5803205049993352 Val loss: 0.11859874861887594 Time: 0.9693583000043873
Train loss: 0.7486383380067956 Val loss: 0.18863899611815027 Time: 1.152455400006147
Train loss: 0.7000173539185912 Val loss: 0.14859503070720392 Time: 1.305037899990566
Train loss: 0.8136720851920245 Val loss: 0.08143493866144884 Time: 0.7520544000144582
Train loss: 0.5814863280719287 Val loss: 0.12710915861731273 Time: 1.2073104000010062
Shrinking learning rate to 1e-05
Train loss: 0.8604605846772984 Val loss: 0.10227876625891487 Time: 1.5824176000023726
Train loss: 0.6866509459856935 Val loss: 0.08001942223392283 Time: 0.5672955999907572
Train loss: 0.561270594562445 Val loss: 0.07286001674066744 Time: 0.9046872000035364
Train loss: 0.7283514719941326 Val loss: 0.08799188840413413 Time: 1.1478649000055157
Train loss: 0.5934429658090317 Val loss: 0.07659799819486507 Time: 1.1895276999857742
Train loss: 0.6687662537293022 Val loss: 0.07924051303773197 Time: 0.794183999998495
Train loss: 0.5043772672102023 Val loss: 0.06292928530283728 Time: 0.9136102999909781
Train loss: 0.5047009670154807 Val loss: 0.06017153701719979 Time: 0.8388816000078805
Train loss: 0.5549908794228458 Val loss: 0.08494042895799789 Time: 0.6143451000098139
Train loss: 0.550952908953974 Val loss: 0.07131979111204796 Time: 0.9927029000245966
Train loss: 0.525790673105611 Val loss: 0.062321647407714766 Time: 0.7092444000008982
Train loss: 0.601027891046817 Val loss: 0.07454935419869937 Time: 1.0697736999718472
Train loss: 0.5424647297544869 Val loss: 0.07085937014017046 Time: 1.3824360000144225
Train loss: 0.6198353171066273 Val loss: 0.073349605856552 Time: 0.5828541999799199
Train loss: 0.6258373424040293 Val loss: 0.07129578585282942 Time: 0.5618324000097346
Train loss: 0.6004354204297595 Val loss: 0.07323389622237977 Time: 0.5672887999971863
Shrinking learning rate to 1.0000000000000002e-06
Train loss: 0.6710811493681774 Val loss: 0.07838409631312683 Time: 0.877492399973562
Train loss: 0.4983804541565746 Val loss: 0.06309888135391782 Time: 0.6976829000050202
Train loss: 0.5081790059121047 Val loss: 0.06434142543040673 Time: 0.5706780000182334
Train loss: 0.5416729806210796 Val loss: 0.0679322381465701 Time: 0.5547613999806345
Train loss: 0.5362368598940552 Val loss: 0.06918281020730198 Time: 0.5254107000073418
Train loss: 0.5316609196440965 Val loss: 0.0696376996630668 Time: 0.5911553000041749
Train loss: 0.6353377895429588 Val loss: 0.07778858114882968 Time: 0.8568873000040185
Train loss: 0.6180399823289662 Val loss: 0.07611136434495407 Time: 1.1827394000138156
Train loss: 0.5454858846375288 Val loss: 0.07101876958260196 Time: 1.2130552000016905
Train loss: 0.5382072451299962 Val loss: 0.06946238227837336 Time: 1.068695399997523
Train loss: 0.5957510126635308 Val loss: 0.07512240266303724 Time: 1.1258907000010367
Shrinking learning rate to 1.0000000000000002e-07
Learning rate getting small
Complete
 Total time: 208.27715879998868