starting log for model: C:\Users\christopher.johnson\Documents\GitHub\flu\gru_drop_2019_usa.pth
Train loss: 12.040891385705237 Val loss: 0.22517685059574433 Time: 0.6603798000141978
Train loss: 6.485429661082662 Val loss: 0.743718669982627 Time: 0.6278389999642968
Train loss: 6.2182911511043 Val loss: 0.062451183068333194 Time: 0.6415518999565393
Train loss: 5.061480469206446 Val loss: 0.6311286257841857 Time: 0.659965599887073
Train loss: 6.312170258626111 Val loss: 0.907384806941991 Time: 0.6666514000389725
Train loss: 5.102762030127963 Val loss: 0.4365629428066313 Time: 0.6776522998698056
Train loss: 3.8871618729564297 Val loss: 1.5406643139761043 Time: 0.6735318000428379
Train loss: 3.8699917708908504 Val loss: 0.8399092823039525 Time: 0.8445937999058515
Train loss: 3.9203581653327064 Val loss: 1.2157694149640292 Time: 0.8349911000113934
Train loss: 3.0581207521411384 Val loss: 0.6568389567419217 Time: 0.9592936001718044
Train loss: 3.4681279912427954 Val loss: 0.8193720563604074 Time: 0.7985175000503659
Train loss: 3.4841653722289543 Val loss: 0.42274889659817916 Time: 0.9098426999989897
Train loss: 4.582267585509533 Val loss: 0.4585343094555976 Time: 1.293996699852869
Train loss: 2.889230002680435 Val loss: 0.4724302017975788 Time: 1.445708299987018
Train loss: 2.649965403482717 Val loss: 0.5036593996919692 Time: 0.7094727999065071
Train loss: 3.247439042967926 Val loss: 0.20409132563509047 Time: 0.6882782999891788
Train loss: 2.330932266607146 Val loss: 0.3150623474502936 Time: 0.6719039001036435
Train loss: 2.415974494301512 Val loss: 0.14849242381842487 Time: 0.691116200061515
Train loss: 3.167145425368487 Val loss: 0.09961405323736017 Time: 0.7282104999758303
Train loss: 2.3049720796510655 Val loss: 0.14282404228106316 Time: 0.8682395999785513
Train loss: 2.2076577011566556 Val loss: 0.02145732570107839 Time: 0.7046271997969598
Train loss: 2.3082678778345556 Val loss: 0.11554079649795312 Time: 0.8134432001970708
Train loss: 1.6560701430689697 Val loss: 0.06107014248846099 Time: 0.8210235999431461
Train loss: 2.2728982043190236 Val loss: 0.46176221666974016 Time: 0.7491977999452502
Train loss: 2.5539050280677698 Val loss: 0.04309354809936394 Time: 0.6908042000140995
Train loss: 2.2615468878026874 Val loss: 0.034673587285396934 Time: 0.7263644998893142
Train loss: 1.7597494378005543 Val loss: 0.11442101586112585 Time: 0.7056446999777108
Train loss: 2.5323032927921414 Val loss: 0.10411259104148485 Time: 0.6817854999098927
Train loss: 1.8971008751679952 Val loss: 0.1424558656726731 Time: 0.7080541998147964
Train loss: 1.5413468959611583 Val loss: 0.03210893521691105 Time: 0.702135399915278
Train loss: 1.592499500671059 Val loss: 0.02705024200668049 Time: 0.7024298999458551
Train loss: 1.7039100038085415 Val loss: 0.059299243195710005 Time: 0.7071823999285698
Train loss: 2.368288383728384 Val loss: 0.20978175307391211 Time: 0.7248639999888837
Train loss: 2.4286222350702324 Val loss: 0.09328433671554848 Time: 0.7289660999085754
Train loss: 1.788117384652928 Val loss: 0.28359965022718825 Time: 0.7533535999245942
Train loss: 1.8962302853791115 Val loss: 0.08898395918367896 Time: 0.6944771001581103
Train loss: 1.1815290449487748 Val loss: 0.05136949582129091 Time: 0.7120089998934418
Train loss: 1.5455683820119201 Val loss: 0.08962840493404656 Time: 0.7201167999301106
Train loss: 1.2219660842323838 Val loss: 0.10212156563648023 Time: 0.6966896001249552
Train loss: 1.3964310504791797 Val loss: 0.20217640963892336 Time: 0.7011556001380086
Train loss: 1.6241801803003955 Val loss: 0.07035552634624764 Time: 0.7025656001642346
Train loss: 1.6822847089799275 Val loss: 0.0920693593661781 Time: 0.6963601999450475
Train loss: 1.30998071594738 Val loss: 0.0484000383480776 Time: 0.7031480998266488
Train loss: 1.3730284020555246 Val loss: 0.0729546465763633 Time: 0.7349319001659751
Train loss: 0.9086811695105048 Val loss: 0.09506588905787794 Time: 0.6931245001032948
Train loss: 1.080838958592894 Val loss: 0.13761133997087427 Time: 0.7230221000500023
Train loss: 1.8814342590330284 Val loss: 0.07241122887353413 Time: 0.7083145999349654
Train loss: 2.040659171610397 Val loss: 0.0960996414978581 Time: 0.6851490000262856
Train loss: 1.8984822510253672 Val loss: 0.09485390382906189 Time: 0.6842229999601841
Train loss: 1.1894019630424815 Val loss: 0.10550244710861989 Time: 0.692669800017029
Train loss: 1.7329989332773863 Val loss: 0.1529430134105496 Time: 0.7113087000325322
Train loss: 1.305034289663059 Val loss: 0.07223467849144072 Time: 0.6777129999827594
Train loss: 0.9406933518299265 Val loss: 0.10496617307217093 Time: 0.7163445001933724
Train loss: 1.3521103221631883 Val loss: 0.0721073633872038 Time: 0.6858327998779714
Shrinking learning rate to 0.0001
Train loss: 1.211516400910087 Val loss: 0.03815943491940743 Time: 0.5777494998183101
Train loss: 1.117870698974592 Val loss: 0.037980024777827026 Time: 0.6186440999154001
Train loss: 0.8710801824231131 Val loss: 0.03202381864775816 Time: 0.599020600086078
Train loss: 1.1795623936821125 Val loss: 0.037340552050750375 Time: 0.6003590000327677
Train loss: 0.7410627833711576 Val loss: 0.03603863023045051 Time: 0.591663199942559
Train loss: 1.3723786695983407 Val loss: 0.045513071737218525 Time: 0.6220376000273973
Train loss: 1.2973981604373865 Val loss: 0.040217004958051916 Time: 0.6030273998621851
Train loss: 0.7751483459603818 Val loss: 0.03628855235115225 Time: 0.5875301000196487
Train loss: 0.7204975161854428 Val loss: 0.03525261450204198 Time: 0.6253573000431061
Train loss: 0.9905603149885263 Val loss: 0.04150132457630029 Time: 0.6009627999737859
Train loss: 1.2473751426272415 Val loss: 0.047793879178243515 Time: 0.5987412000540644
Train loss: 0.808065678219533 Val loss: 0.04390721139952802 Time: 0.6044199999887496
Train loss: 0.5912984624927544 Val loss: 0.04432693247588304 Time: 0.6449535000137985
Train loss: 0.7360714353493598 Val loss: 0.0469634075295744 Time: 0.6729349000379443
Train loss: 0.9238587817384598 Val loss: 0.04675192707344422 Time: 0.5829233000986278
Train loss: 1.0076451324498548 Val loss: 0.04169134259197449 Time: 0.5858958000317216
Train loss: 0.7342092894461074 Val loss: 0.03745234990651625 Time: 0.6147036999464035
Train loss: 1.2409239717008365 Val loss: 0.05618726652710393 Time: 0.5836648000404239
Train loss: 0.8418884365309847 Val loss: 0.048144502001662204 Time: 0.5793621998745948
Train loss: 0.7238959740194275 Val loss: 0.04579234777156671 Time: 0.5975689999759197
Train loss: 0.7117178969241564 Val loss: 0.05120719867574053 Time: 0.5996223001275212
Train loss: 0.9489622772236164 Val loss: 0.05221582887952536 Time: 0.5758771998807788
Shrinking learning rate to 1e-05
Train loss: 1.12593877654354 Val loss: 0.04405226057490097 Time: 0.5836207999382168
Train loss: 0.8637643117191018 Val loss: 0.04483704091268237 Time: 0.6081793999765068
Train loss: 0.7497707773721658 Val loss: 0.043892313392689175 Time: 0.5933403000235558
Train loss: 0.7594104964075754 Val loss: 0.04463675854117355 Time: 0.6054245999548584
Train loss: 0.8378877000036233 Val loss: 0.04489585131113927 Time: 0.5889085000380874
Train loss: 0.888590092208748 Val loss: 0.044916711061205206 Time: 0.5930113000795245
Train loss: 0.817397089417963 Val loss: 0.04553835150650798 Time: 0.6671808001119643
Train loss: 1.4617582710218378 Val loss: 0.04621198375139102 Time: 0.6100947000086308
Train loss: 0.7400855756094522 Val loss: 0.046810111112790764 Time: 0.5860216999426484
Train loss: 0.6859956293846766 Val loss: 0.04592517012838471 Time: 0.6002061998005956
Shrinking learning rate to 1.0000000000000002e-06
Train loss: 0.6149725914025592 Val loss: 0.04441060727617696 Time: 0.9455800000578165
Train loss: 0.7646484914424253 Val loss: 0.04449440188273002 Time: 1.457864100113511
Train loss: 0.7359863866274337 Val loss: 0.044500561722429666 Time: 2.432112699840218
Train loss: 0.9238473204161011 Val loss: 0.044434836020741386 Time: 1.4088481001090258
Train loss: 1.001452022655739 Val loss: 0.04440241701172454 Time: 1.8434669999405742
Train loss: 1.107207034362446 Val loss: 0.044448153428902515 Time: 1.513772499980405
Train loss: 0.9326026044431401 Val loss: 0.044357056531453054 Time: 1.9006282999180257
Train loss: 0.9995684121736623 Val loss: 0.04426425498365916 Time: 1.4429498999379575
Train loss: 1.210372531238699 Val loss: 0.044235286410184926 Time: 1.7211130999494344
Train loss: 1.0313666684375704 Val loss: 0.04427167747905969 Time: 1.4449560998473316
Shrinking learning rate to 1.0000000000000002e-07
Learning rate getting small
Complete
 Total time: 76.0690961999353