starting log for model: C:\Users\christopher.johnson\Documents\gru_new_22-23.pth
Train loss: 14.662144067642288 Val loss: 2.096923647953184 Time: 0.6309827999939444
Train loss: 9.035387384875277 Val loss: 1.070261505998972 Time: 0.698080400004983
Train loss: 6.598462851410943 Val loss: 1.0035622667673014 Time: 0.7533313000021735
Train loss: 7.8406642902182 Val loss: 0.9434672475416089 Time: 0.6417175999959
Train loss: 5.823054649389917 Val loss: 0.8206151736835393 Time: 0.7031236999901012
Train loss: 6.484641001405748 Val loss: 0.8464701340424035 Time: 0.6696801999933086
Train loss: 5.702556186061061 Val loss: 0.8713842207844886 Time: 0.6152203999954509
Train loss: 5.4181091699300055 Val loss: 0.8084334685793204 Time: 0.6676136000023689
Train loss: 4.691499658099332 Val loss: 0.7695116628318867 Time: 0.704687899997225
Train loss: 4.638204967068339 Val loss: 0.7988935092400107 Time: 0.6122659999964526
Train loss: 4.402853010818006 Val loss: 0.8445299561077831 Time: 0.5938439000019571
Train loss: 4.600761729521853 Val loss: 0.7989739804296159 Time: 0.6597059000050649
Train loss: 4.496452482369818 Val loss: 0.8445166370063205 Time: 0.598527499998454
Train loss: 3.5143704340630837 Val loss: 0.7900544358303347 Time: 0.6036097999894992
Train loss: 3.5405283828414724 Val loss: 0.7844504451999469 Time: 0.5837311999930535
Train loss: 4.027983495557351 Val loss: 0.8084647898172576 Time: 0.623133200002485
Train loss: 4.243983940030963 Val loss: 0.44773805665126837 Time: 0.5850816999882227
Train loss: 3.0617705038050644 Val loss: 0.7646766172880349 Time: 0.5935562999948161
Train loss: 2.857807875397638 Val loss: 0.7684134642082744 Time: 0.5918879000091692
Train loss: 2.810517612600222 Val loss: 0.7681405574874248 Time: 0.5855192000017269
Train loss: 2.803055046508149 Val loss: 0.4178570315238754 Time: 0.6000733999971999
Train loss: 2.392641073892734 Val loss: 0.7408624236575203 Time: 0.6011529000097653
Train loss: 2.055039951536777 Val loss: 0.7815694415328687 Time: 0.6019971000059741
Train loss: 2.662555235010662 Val loss: 0.6921721038358924 Time: 0.5991990000038641
Train loss: 1.9079221737234988 Val loss: 0.6668126129436573 Time: 0.5871765000047162
Train loss: 1.6469201143270027 Val loss: 0.6570155820443131 Time: 0.6223133000021335
Train loss: 2.1880100683982064 Val loss: 0.6708694931919339 Time: 0.6036898000020301
Train loss: 1.3984675804458178 Val loss: 0.5361666603645843 Time: 0.5865729999932228
Train loss: 1.733684740803218 Val loss: 0.628000039580909 Time: 0.5944097000028705
Train loss: 1.760730189270518 Val loss: 0.6269956996267998 Time: 0.6041273000009824
Train loss: 2.27260747830237 Val loss: 0.5909596347325335 Time: 0.5795419000060065
Train loss: 2.2750664612930223 Val loss: 0.6652505086923943 Time: 0.5861330999905476
Train loss: 1.8078630271030534 Val loss: 0.4653116265040386 Time: 0.6557080000056885
Train loss: 1.811817711308735 Val loss: 0.6327768346442249 Time: 0.6528869000030681
Train loss: 1.5739429090645416 Val loss: 0.724883043203143 Time: 0.6245940999942832
Train loss: 1.101855020711831 Val loss: 0.7178516649721401 Time: 0.615243799999007
Train loss: 1.3424105393543186 Val loss: 0.7179302351459897 Time: 0.5934488999919267
Train loss: 1.6871903354252658 Val loss: 0.7674428868298361 Time: 0.6013746999960858
Train loss: 1.8359695270374914 Val loss: 0.2869132242036648 Time: 0.5968912999960594
Train loss: 2.8081669763989225 Val loss: 0.41149220265864256 Time: 0.6220879000029527
Train loss: 1.8871221153945896 Val loss: 0.7981767275254341 Time: 0.6716249000019161
Train loss: 1.6001345684175021 Val loss: 0.3048244698305804 Time: 0.6420767999952659
Train loss: 2.0699310056633067 Val loss: 0.3413572913515211 Time: 0.5871487999975216
Train loss: 1.5806486993631221 Val loss: 0.38843075532300997 Time: 0.6063205000100425
Train loss: 1.4484467218529318 Val loss: 0.7208033230421346 Time: 0.6659539999964181
Shrinking learning rate to 0.0001
Train loss: 1.8041016191888275 Val loss: 0.7496812422961665 Time: 0.5910122000059346
Train loss: 1.3278884337764225 Val loss: 0.748407643837384 Time: 0.6115320999961114
Train loss: 1.1520903412248487 Val loss: 0.750058982258775 Time: 0.6009999999951106
Train loss: 1.0518550568558886 Val loss: 0.3338794928100009 Time: 0.6005355999950552
Train loss: 0.993591135427691 Val loss: 0.3277934144884865 Time: 0.5958163000032073
Train loss: 0.9505175706987075 Val loss: 0.3234345827198719 Time: 0.589217999993707
Train loss: 0.9153435194937174 Val loss: 0.3201984050594195 Time: 0.6018181999970693
Train loss: 0.8860823492163554 Val loss: 0.3177851544440307 Time: 0.6062939999974333
Train loss: 0.85859923016233 Val loss: 0.31601326682435704 Time: 0.5805633999989368
Train loss: 0.8384035120820634 Val loss: 0.3144302707642048 Time: 0.5872694999998203
Train loss: 0.8164633427821286 Val loss: 0.3122399561140227 Time: 0.5967961999995168
Train loss: 0.7968203047032887 Val loss: 0.3102658657101424 Time: 0.6022720000037225
Train loss: 0.780881974136415 Val loss: 0.30865512060908024 Time: 0.5960049999994226
Train loss: 0.7662915141161593 Val loss: 0.30639864098422026 Time: 0.7457339999964461
Train loss: 0.7523473285383915 Val loss: 0.30465120491397824 Time: 0.6861981999973068
Train loss: 0.7408660085627403 Val loss: 0.302818681647928 Time: 0.6610380000056466
Train loss: 0.7319072658618619 Val loss: 0.30235419873278624 Time: 0.6208329999935813
Train loss: 0.7198194732334287 Val loss: 0.3012146232027974 Time: 0.635167399988859
Train loss: 0.7102850715800635 Val loss: 0.3001262314733406 Time: 0.6050348999997368
Train loss: 0.7004764665998318 Val loss: 0.2996249237459292 Time: 0.6095613000070443
Train loss: 0.6907052128996511 Val loss: 0.29890817149094817 Time: 0.6023408999899402
Train loss: 0.6821493389779221 Val loss: 0.29809066970226866 Time: 0.5822779000009177
Train loss: 0.6732404576452993 Val loss: 0.29740395128716757 Time: 0.5861016999988351
Train loss: 0.6655006503125378 Val loss: 0.2959420587704359 Time: 0.592516999997315
Train loss: 0.6575996380048679 Val loss: 0.2958442684037791 Time: 0.6081679000053555
Train loss: 0.6509576033548683 Val loss: 0.29564920464051875 Time: 0.5952045000012731
Train loss: 0.6438004528866372 Val loss: 0.2956279744886784 Time: 0.6132251000090037
Train loss: 0.637239872843594 Val loss: 0.2952609840249635 Time: 0.5936174000089522
Train loss: 0.6300317172840408 Val loss: 0.2950810919245019 Time: 0.599340700005996
Train loss: 0.6243220199101849 Val loss: 0.2955008758118576 Time: 0.5937447000032989
Train loss: 0.6172390629599569 Val loss: 0.295723986136707 Time: 0.5861694999912288
Train loss: 0.611102200716573 Val loss: 0.2958710762752374 Time: 0.5989634999859845
Train loss: 0.6050422738666015 Val loss: 0.2960328894040268 Time: 0.6112842000002274
Train loss: 0.5989337750836654 Val loss: 0.2967315954723832 Time: 0.6664559999917401
Train loss: 0.592830641495531 Val loss: 0.2966857577053709 Time: 0.6042831999948248
Train loss: 0.5876335789512357 Val loss: 0.2972548561343804 Time: 0.6000523999973666
Train loss: 0.5822064893653014 Val loss: 0.2970126893336078 Time: 0.5698177999875043
Train loss: 0.5778041605637441 Val loss: 0.2973329893740218 Time: 0.5908362000045599
Train loss: 0.5725761960494538 Val loss: 0.29577678567670557 Time: 0.5785892999992939
Train loss: 0.5665345665213692 Val loss: 0.2962720371447265 Time: 0.5890259999869158
Train loss: 0.5612286392467354 Val loss: 0.29622563402311697 Time: 0.5756240999908186
Train loss: 0.5573231186362477 Val loss: 0.29663630839011473 Time: 0.5892259999964153
Train loss: 0.5529241817990069 Val loss: 0.2974372952200583 Time: 0.7214979999989737
Train loss: 0.5476009446246062 Val loss: 0.29794602350615557 Time: 0.5936626999900909
Train loss: 0.5413909412142957 Val loss: 0.29875783924581983 Time: 0.6744387000071583
Train loss: 0.5362023230532493 Val loss: 0.2995639699765124 Time: 0.5956090000108816
Train loss: 0.5320969229359633 Val loss: 0.3006098608804234 Time: 0.586674199992558
Train loss: 0.5265802512406772 Val loss: 0.30280807679418814 Time: 0.571801800004323
Train loss: 0.5220264685017213 Val loss: 0.24913687756893466 Time: 0.6620438999962062
Train loss: 0.5167325976471062 Val loss: 0.24953688021514034 Time: 0.593732599998475
Train loss: 0.5120813474285377 Val loss: 0.2501391615623867 Time: 0.6149235000048066
Train loss: 0.5069702304189159 Val loss: 0.25061068664006814 Time: 0.595113900009892
Train loss: 0.5031483530746828 Val loss: 0.25127437572276246 Time: 0.5877227000019047
Train loss: 0.498382938361986 Val loss: 0.25256742923652375 Time: 0.6020856999966782
Train loss: 0.49370597720844334 Val loss: 0.25246400620614473 Time: 0.6111038000090048
Train loss: 0.49015891775773746 Val loss: 0.2528358804969143 Time: 0.5922444999887375
Train loss: 0.4854583600667439 Val loss: 0.25428400023062714 Time: 0.5952526000037324
Train loss: 0.4815916217987848 Val loss: 0.25544294092989833 Time: 0.6041754000034416
Train loss: 0.4767856954943541 Val loss: 0.25636725338287747 Time: 0.6298450000031153
Train loss: 0.4724220060107973 Val loss: 0.2568488067606173 Time: 0.5863493000069866
Train loss: 0.4685386281161641 Val loss: 0.2570188154598419 Time: 0.5809168999985559
Train loss: 0.4652491275356363 Val loss: 0.2575362533806865 Time: 0.5822958999924595
Train loss: 0.46057993522265495 Val loss: 0.25662922037755653 Time: 0.6172917999938363
Train loss: 0.4568938772245623 Val loss: 0.2579017437117668 Time: 0.59673410000687
Train loss: 0.4526012661398795 Val loss: 0.2576978507405759 Time: 0.5976226000057068
Train loss: 0.4471857861538959 Val loss: 0.2582088927606405 Time: 0.5936092000047211
Train loss: 0.44351269137968075 Val loss: 0.2580314613928714 Time: 0.6063733000046341
Train loss: 0.43878430140590297 Val loss: 0.2582798916479538 Time: 0.5896056000055978
Train loss: 0.4354909520151722 Val loss: 0.2581452157251352 Time: 0.5995349000004353
Train loss: 0.4315010140726372 Val loss: 0.25863869980313864 Time: 0.5915957999968668
Train loss: 0.427148652672372 Val loss: 0.2584762994618789 Time: 0.5890228000062052
Train loss: 0.42427423766637773 Val loss: 0.2590001535413738 Time: 0.5890191000071354
Train loss: 0.42024615946877475 Val loss: 0.25934414175606657 Time: 0.6017711000022246
Train loss: 0.41693042064721597 Val loss: 0.2590002371773964 Time: 0.5824099000019487
Train loss: 0.41433109073796004 Val loss: 0.2592147209209753 Time: 0.5959373999939999
Train loss: 0.41107102563127285 Val loss: 0.25891614644595606 Time: 0.5989263999945251
Train loss: 0.40801089558297754 Val loss: 0.26072339315563464 Time: 0.6142957999982173
Train loss: 0.4040204972200456 Val loss: 0.25942742186827483 Time: 0.5911281000007875
Train loss: 0.40119005961977905 Val loss: 0.26087957627141306 Time: 0.5890457000059541
Train loss: 0.3988129252984258 Val loss: 0.26060405081219834 Time: 0.579030100008822
Train loss: 0.39383505100875027 Val loss: 0.260389942614601 Time: 0.5979525000002468
Train loss: 0.3903573365030262 Val loss: 0.2615546111709391 Time: 0.6148553999955766
Train loss: 0.3863844572872983 Val loss: 0.26320728780407415 Time: 0.6271208999969531
Train loss: 0.3824194686900002 Val loss: 0.2634921721152435 Time: 0.6022670000093058
Train loss: 0.37803476282148196 Val loss: 0.2648201563320338 Time: 0.5842584000056377
Train loss: 0.375947367608199 Val loss: 0.26471774185257163 Time: 0.5904925000068033
Train loss: 0.37201682408517023 Val loss: 0.26583278407598443 Time: 0.6118118000013055
Train loss: 0.37000997080159514 Val loss: 0.26604502901337707 Time: 0.5788846000068588
Train loss: 0.3674153136808319 Val loss: 0.2663914287228561 Time: 0.5820974999951432
Train loss: 0.36443704028436485 Val loss: 0.26755144425515237 Time: 0.5969311999942875
Train loss: 0.3609719554072668 Val loss: 0.2667215580931595 Time: 0.5776535000040894
Train loss: 0.3599657415152322 Val loss: 0.26801883785333186 Time: 0.593942599996808
Train loss: 0.3562663559736592 Val loss: 0.2665988481219637 Time: 0.6094500999897718
Train loss: 0.3542061815075712 Val loss: 0.26787739756318374 Time: 0.6251313999964623
Train loss: 0.3523420676310929 Val loss: 0.26694956602547126 Time: 0.6308661999937613
Train loss: 0.3504245967425046 Val loss: 0.2681745947434337 Time: 0.6086344999930589
Train loss: 0.3471939157258985 Val loss: 0.2662135275220768 Time: 0.6007931000058306
Train loss: 0.34602147290935914 Val loss: 0.2674390750927714 Time: 0.6270689999946626
Train loss: 0.34348690522751113 Val loss: 0.26422717002612733 Time: 0.6311746999999741
Train loss: 0.34262676913848367 Val loss: 0.2684976713896669 Time: 0.583635700008017
Train loss: 0.3391162468997315 Val loss: 0.26439282104226014 Time: 0.5941618999931961
Train loss: 0.33859986381789486 Val loss: 0.26683915675678943 Time: 0.6165822000039043
Train loss: 0.33619331576187417 Val loss: 0.26508178938427013 Time: 0.5940082000015536
Train loss: 0.3364420118556559 Val loss: 0.2645419129115702 Time: 0.5948408999975072
Train loss: 0.3330818217515068 Val loss: 0.2651425364949414 Time: 0.6039694000064628
Train loss: 0.3292416390270936 Val loss: 0.26537615046615975 Time: 0.5838764000072842
Train loss: 0.3256377096377072 Val loss: 0.2637824012229366 Time: 0.5855560000054538
Train loss: 0.32464234820691473 Val loss: 0.26474383524389006 Time: 0.5860176999995019
Train loss: 0.3228020211007392 Val loss: 0.2655748613696665 Time: 0.5921872000035364
Train loss: 0.31978408355864474 Val loss: 0.2617589678231502 Time: 0.6240918999974383
Train loss: 0.3167054616349354 Val loss: 0.2641619357781119 Time: 0.5999477000004845
Train loss: 0.3162587585461587 Val loss: 0.2637718407000195 Time: 0.5916574000002583
Train loss: 0.31361302408586234 Val loss: 0.2657553397311522 Time: 0.6621054999995977
Train loss: 0.3132687574409161 Val loss: 0.2663479017567352 Time: 0.5971453000092879
Train loss: 0.310251028211308 Val loss: 0.26555526246461225 Time: 0.6163242999900831
Train loss: 0.3082025256218097 Val loss: 0.2674062375796081 Time: 0.5900035999948159
Train loss: 0.3082401215834496 Val loss: 0.26700899745654333 Time: 0.5986081000010017
Train loss: 0.3046864464139549 Val loss: 0.26628598428380845 Time: 0.6188867000018945
Train loss: 0.30386841110696894 Val loss: 0.26668072587955377 Time: 0.6207076999999117
Train loss: 0.30324877997026456 Val loss: 0.267995363937071 Time: 0.5869969999912428
Train loss: 0.3002323765370045 Val loss: 0.2639981911775186 Time: 0.5950701999972807
Train loss: 0.30070962227500786 Val loss: 0.271643187642901 Time: 0.615161400011857
Train loss: 0.2994185406330203 Val loss: 0.26593679468905695 Time: 0.6116579000081401
Train loss: 0.2975296451516538 Val loss: 0.2677767164534844 Time: 0.5966688000044087
Train loss: 0.29539542779162176 Val loss: 0.26847622803255916 Time: 0.5964573999954155
Train loss: 0.29501604692896066 Val loss: 0.26712772972581195 Time: 0.5969637999951374
Train loss: 0.2933588977840671 Val loss: 0.26897994427213684 Time: 0.5818063000042457
Train loss: 0.292028263539752 Val loss: 0.26756197807652266 Time: 0.5841402000078233
Train loss: 0.29039295047180147 Val loss: 0.2663518502661915 Time: 0.5935006999934558
Train loss: 0.2899876859836823 Val loss: 0.26979638513780113 Time: 0.5907425999903353
Train loss: 0.28904174208627254 Val loss: 0.26626034515271674 Time: 0.598514500001329
Train loss: 0.28708216140248766 Val loss: 0.2653518557056674 Time: 0.5864681999955792
Train loss: 0.28580132400568276 Val loss: 0.26830356961473034 Time: 0.5924385999969672
Train loss: 0.28587690066960647 Val loss: 0.26770752419898003 Time: 0.5943742999952519
Train loss: 0.28448651853291196 Val loss: 0.2653806026479125 Time: 0.5734699000022374
Train loss: 0.28511218615558676 Val loss: 0.269201794036243 Time: 0.6002145000093151
Train loss: 0.2824686647564931 Val loss: 0.2618716418376625 Time: 0.608418800009531
Train loss: 0.28815406091132467 Val loss: 0.2701183264042777 Time: 0.5872965999878943
Train loss: 0.28320636253005915 Val loss: 0.2685053752106724 Time: 0.5925914000108605
Train loss: 0.27931706589926364 Val loss: 0.25896957327305725 Time: 0.5783090000040829
Train loss: 0.27838215623888063 Val loss: 0.2684826248884569 Time: 0.6051216000050772
Train loss: 0.2775190363886999 Val loss: 0.26108595689185904 Time: 0.585851099996944
Train loss: 0.27842367728645545 Val loss: 0.27149820991426576 Time: 0.722992000009981
Train loss: 0.2764504850488869 Val loss: 0.26333401062799144 Time: 0.6488736000028439
Train loss: 0.2758386298378328 Val loss: 0.27005730373577863 Time: 0.6833614000061061
Train loss: 0.274773090223956 Val loss: 0.2673499773108728 Time: 0.5917153000045801
Train loss: 0.27414441714805804 Val loss: 0.2696355383049079 Time: 0.5899241000006441
Train loss: 0.27547350285169614 Val loss: 0.27817082234417456 Time: 0.5730886999954237
Train loss: 0.27340528094836536 Val loss: 0.26413071657972514 Time: 0.6445676000003004
Train loss: 0.2749775271580859 Val loss: 0.28016048519743053 Time: 0.5939851000002818
Train loss: 0.27322864240252565 Val loss: 0.260847831496536 Time: 0.6012275999964913
Train loss: 0.27143141663625947 Val loss: 0.2773385097015273 Time: 0.6012240999989444
Train loss: 0.27032439403578934 Val loss: 0.2681482356417861 Time: 0.5757144999952288
Train loss: 0.26830437010467634 Val loss: 0.2664729692179563 Time: 0.5831917000032263
Train loss: 0.26703716949750866 Val loss: 0.271474169347405 Time: 0.6048348000040278
Train loss: 0.2669272589356311 Val loss: 0.2638287845139055 Time: 0.6097205999976723
Train loss: 0.26576403767614765 Val loss: 0.27329782799839963 Time: 0.6034052999893902
Train loss: 0.2661484559723739 Val loss: 0.26650133168167334 Time: 0.6081578000012087
Train loss: 0.26489217415121336 Val loss: 0.26949818324104835 Time: 0.599396199992043
Train loss: 0.26456770296911003 Val loss: 0.27142403419675803 Time: 0.5862542999966536
Train loss: 0.2647505588155852 Val loss: 0.27112436037646886 Time: 0.5954676999972435
Train loss: 0.26471184343665133 Val loss: 0.2747795297672902 Time: 0.6010016999935033
Train loss: 0.2643685330600718 Val loss: 0.26799723866580305 Time: 0.6614236000023084
Train loss: 0.26478374589075315 Val loss: 0.279828652675656 Time: 0.6048423000029288
Train loss: 0.2635603260073367 Val loss: 0.2674443351312979 Time: 0.5963908999983687
Train loss: 0.26266434104365644 Val loss: 0.27467268476148005 Time: 0.6075028000050224
Train loss: 0.26215710247557666 Val loss: 0.2757928616066351 Time: 0.5848924000019906
Train loss: 0.2618672559348596 Val loss: 0.26395081739999265 Time: 0.6027097000041977
Train loss: 0.26232413064702875 Val loss: 0.2823476667622244 Time: 0.6050600000016857
Train loss: 0.2651976092915902 Val loss: 0.25533952739647664 Time: 0.579769900010433
Train loss: 0.2626332792325634 Val loss: 0.2793554397199152 Time: 0.596077599999262
Train loss: 0.2644328814333372 Val loss: 0.2709044159698551 Time: 0.6092957999935606
Train loss: 0.26103095821790134 Val loss: 0.25591397089461065 Time: 0.5919361999985995
Train loss: 0.2682481846494009 Val loss: 0.29390061824522973 Time: 0.6055209999904037
Train loss: 0.27949066053322547 Val loss: 0.24070174896908708 Time: 0.5849817999987863
Train loss: 0.2797263310500826 Val loss: 0.2856943679980101 Time: 0.5952155999984825
Train loss: 0.26767941566646014 Val loss: 0.2659994739125198 Time: 0.6068699000024935
Train loss: 0.25829754833694724 Val loss: 0.2768287209100977 Time: 0.5930152000073576
Train loss: 0.2586029541255357 Val loss: 0.2816291070500401 Time: 0.5782417000009445
Train loss: 0.25975928080993427 Val loss: 0.255960634418823 Time: 0.5894679999910295
Train loss: 0.26574780342301096 Val loss: 0.2906605114877912 Time: 0.5926267000031658
Train loss: 0.2708628107885609 Val loss: 0.25163163806031547 Time: 0.6070745000033639
Train loss: 0.26311513671615216 Val loss: 0.276114270521486 Time: 0.5947538999898825
Train loss: 0.2598572603323568 Val loss: 0.2767902875523645 Time: 0.5992117999994662
Train loss: 0.25965348686494516 Val loss: 0.25350433617945467 Time: 0.6015381000033813
Train loss: 0.268614425812288 Val loss: 0.29201556967323267 Time: 0.6088875999994343
Train loss: 0.28194729753653025 Val loss: 0.24000989450423327 Time: 0.6089464999968186
Shrinking learning rate to 1e-05
Train loss: 0.25822574717983304 Val loss: 0.27186334231326875 Time: 0.585660500000813
Train loss: 0.2540472125081197 Val loss: 0.2702480687179669 Time: 0.608068400004413
Train loss: 0.252607900370599 Val loss: 0.2694077454349406 Time: 0.5946184000058565
Train loss: 0.25197208622288514 Val loss: 0.26887094682609575 Time: 0.6218367999972543
Train loss: 0.2516394312600885 Val loss: 0.2684313722109412 Time: 0.6135816000023624
Train loss: 0.2514371075718805 Val loss: 0.2681124164076114 Time: 0.6153749999939464
Train loss: 0.25130168544115516 Val loss: 0.2678794172409421 Time: 0.678484899995965
Train loss: 0.2512182906323295 Val loss: 0.26765266015372496 Time: 0.601137400008156
Train loss: 0.2510782979451589 Val loss: 0.2676457910814388 Time: 0.5923334000108298
Train loss: 0.25107411341165164 Val loss: 0.26747860217266556 Time: 0.5956480000022566
Train loss: 0.2509432644724834 Val loss: 0.26749046401749016 Time: 0.6100787000032142
Train loss: 0.25092916310588453 Val loss: 0.2673762124663079 Time: 0.6040044999972451
Train loss: 0.2508209896455016 Val loss: 0.26741165987061893 Time: 0.5990153000020655
Train loss: 0.25081873761554263 Val loss: 0.2672844916353072 Time: 0.5960417999885976
Train loss: 0.2507081090220087 Val loss: 0.2673531306274665 Time: 0.6615552000002936
Train loss: 0.25069192746471103 Val loss: 0.26725525609249856 Time: 0.6028438999928767
Train loss: 0.2505991070446578 Val loss: 0.26730921313833833 Time: 0.6160806999978377
Train loss: 0.25055410370279163 Val loss: 0.26728277951669865 Time: 0.6073340000002645
Train loss: 0.25052999108567686 Val loss: 0.2672117794931203 Time: 0.6040657999983523
Train loss: 0.25044325138820056 Val loss: 0.2672266387157654 Time: 0.6999183000007179
Train loss: 0.2503881555842291 Val loss: 0.26724476448590734 Time: 0.6333796999970218
Train loss: 0.25038416542012687 Val loss: 0.2671727446670543 Time: 0.6183722999994643
Train loss: 0.2502934791282847 Val loss: 0.26713114842907726 Time: 0.5990491000120528
Train loss: 0.25030297206993235 Val loss: 0.2670451839042518 Time: 0.594220500002848
Train loss: 0.2501987572329547 Val loss: 0.26709144004996943 Time: 0.6242160000110744
Train loss: 0.25015078365911414 Val loss: 0.26712029888562666 Time: 0.5960405999940122
Train loss: 0.2501642796528154 Val loss: 0.26704745831598314 Time: 0.5891545000049518
Train loss: 0.25006156092172294 Val loss: 0.26716059500320216 Time: 0.5884748000098625
Train loss: 0.25001914946659054 Val loss: 0.2671983062515983 Time: 0.5997657000116305
Train loss: 0.24998088675591745 Val loss: 0.2672060319395609 Time: 0.6058784000051674
Train loss: 0.24997855656520152 Val loss: 0.26714381633492523 Time: 0.5981924999941839
Train loss: 0.2498852624311354 Val loss: 0.26718919008619224 Time: 0.5954962000105297
Train loss: 0.2498974429405898 Val loss: 0.2671706072469254 Time: 0.5798118999955477
Train loss: 0.24980672957863348 Val loss: 0.26720434820735006 Time: 0.5915514000080293
Train loss: 0.2497604476897517 Val loss: 0.26724048543925344 Time: 0.6121596000011778
Train loss: 0.24972067558514288 Val loss: 0.2672797092566217 Time: 0.5946466000023065
Train loss: 0.24968352883874 Val loss: 0.26728255190422323 Time: 0.6244207999989158
Train loss: 0.24968042264364687 Val loss: 0.2671910145342748 Time: 0.5994748000084655
Train loss: 0.24959970301899315 Val loss: 0.26722193579738357 Time: 0.6074898000078974
Train loss: 0.24956488457351078 Val loss: 0.2672571363044957 Time: 0.6042861000023549
Train loss: 0.24955335456955918 Val loss: 0.2672029704769924 Time: 0.5822475000022678
Train loss: 0.24947822844824277 Val loss: 0.26726094676478146 Time: 0.6233263999893097
Train loss: 0.24943973937044905 Val loss: 0.26730859837588583 Time: 0.5955592999962391
Train loss: 0.24941148158510604 Val loss: 0.26736723674433066 Time: 0.5839740000083111
Train loss: 0.24941275819448627 Val loss: 0.2673018020826452 Time: 0.5850415000022622
Train loss: 0.2493242267213338 Val loss: 0.26736312303092274 Time: 0.5797391999949468
Train loss: 0.24929575307740587 Val loss: 0.2673799621181886 Time: 0.5764006000099471
Train loss: 0.24927532150141385 Val loss: 0.26735474726459724 Time: 0.6104238000116311
Train loss: 0.24921069962711817 Val loss: 0.267421959199986 Time: 0.5867354000074556
Train loss: 0.24917917529129952 Val loss: 0.2674426208802452 Time: 0.5847547000012128
Train loss: 0.249144847005359 Val loss: 0.26740121542486833 Time: 0.6017876999976579
Train loss: 0.2491025849720624 Val loss: 0.26742414195206077 Time: 0.6416647000005469
Train loss: 0.2490960944192708 Val loss: 0.2674052712518479 Time: 0.6000838999898406
Train loss: 0.2490197997772956 Val loss: 0.2674485066949319 Time: 0.5877584000118077
Train loss: 0.24897903710817548 Val loss: 0.2675107209345125 Time: 0.6207152999995742
Train loss: 0.2489594707813616 Val loss: 0.26752682023705643 Time: 0.6962728000071365
Train loss: 0.24894282156282094 Val loss: 0.26749591778032866 Time: 0.6238889999949606
Train loss: 0.24887357561251378 Val loss: 0.2675610047421541 Time: 0.6062626000057207
Train loss: 0.24883280380551387 Val loss: 0.26759203458159075 Time: 0.6019274999998743
Train loss: 0.2488019292228163 Val loss: 0.2676167762115266 Time: 0.5861805000022287
Train loss: 0.24880647517931087 Val loss: 0.2675996558875946 Time: 0.6015782000031322
Train loss: 0.2487274700959441 Val loss: 0.26765464569054337 Time: 0.6038591000105953
Train loss: 0.2486956172801884 Val loss: 0.2676644166040754 Time: 0.5873146999947494
Train loss: 0.24866013045526847 Val loss: 0.2676434580635396 Time: 0.5917973000032362
Train loss: 0.24862345003787567 Val loss: 0.26772436914660963 Time: 0.59268560000055
Train loss: 0.2485770964795515 Val loss: 0.26775084028758844 Time: 0.5922142000054009
Train loss: 0.24855674413844042 Val loss: 0.26777177684637377 Time: 0.6349354000121821
Train loss: 0.24854575603071716 Val loss: 0.2677167161263205 Time: 0.6068175000109477
Complete
 Total time: 182.5984024000063