starting log for model: Q:\00- PROJECTS\Flu Forecasts\flu\flu\models\gru_22-23.pth
Train loss: 16.616910080220492 Val loss: 2.4811990413018066 Time: 0.780868100002408
Train loss: 14.048882770018562 Val loss: 2.301873894131859 Time: 0.6862132000096608
Train loss: 12.7479440673198 Val loss: 2.0695868060804514 Time: 0.6487251999933505
Train loss: 11.103969885884567 Val loss: 1.759486658818787 Time: 0.6504878000123426
Train loss: 8.877313449833053 Val loss: 1.410648511533509 Time: 0.6632784999965224
Train loss: 7.214896598190251 Val loss: 1.2465707544179168 Time: 0.6544199000054505
Train loss: 6.3775866181775624 Val loss: 1.2202693251892924 Time: 0.6483256999927107
Train loss: 6.161883623614003 Val loss: 1.2172930326778442 Time: 0.6343469000130426
Train loss: 6.106733873055341 Val loss: 1.2145691006153356 Time: 0.681072999999742
Train loss: 5.946364864644014 Val loss: 1.2142729983315803 Time: 0.6829715999920154
Train loss: 5.765143487714759 Val loss: 1.2163536422303878 Time: 0.638682599994354
Train loss: 5.807557304437363 Val loss: 1.2179000158794224 Time: 0.6427457999961916
Train loss: 5.8151898313629715 Val loss: 1.2140029514557682 Time: 0.6517251000041142
Train loss: 5.479923237438731 Val loss: 1.2238301677571144 Time: 0.7253329999948619
Train loss: 5.597470296594329 Val loss: 1.215661082038423 Time: 0.8091508999932557
Train loss: 5.411550971380565 Val loss: 1.2094136246887501 Time: 1.0118732000119053
Train loss: 5.1701321254998325 Val loss: 1.1909534468431957 Time: 1.0541732999990927
Train loss: 5.13679543715838 Val loss: 1.181579061318189 Time: 0.8763715000095544
Train loss: 5.038255026444579 Val loss: 1.1679887787322514 Time: 1.0150309000018751
Train loss: 4.971588437945827 Val loss: 1.1762369213756756 Time: 0.9197448000049917
Train loss: 4.806263388431796 Val loss: 1.1580672244672314 Time: 0.8456055999995442
Train loss: 4.662358826508338 Val loss: 1.1561114308820208 Time: 0.8728135000128532
Train loss: 4.787603601118274 Val loss: 1.1460642518686655 Time: 0.7863632999942638
Train loss: 4.5941880614391195 Val loss: 1.1503301991397166 Time: 0.9816860999999335
Train loss: 4.473259393021416 Val loss: 1.1397375301457942 Time: 0.9515930000052322
Train loss: 4.392823158262418 Val loss: 1.143205090193078 Time: 0.8527128999994602
Train loss: 4.162781995711033 Val loss: 1.1340929788420908 Time: 0.8388954000110971
Train loss: 4.29257676929293 Val loss: 1.1320493304519914 Time: 0.9324631999916164
Train loss: 4.312272166386158 Val loss: 1.1217664546275046 Time: 0.8305204000062076
Train loss: 4.105420513225869 Val loss: 1.1146258151566144 Time: 0.8797722000017529
Train loss: 4.039080332937633 Val loss: 1.1244514937643544 Time: 0.8539784000022337
Train loss: 3.911854617598263 Val loss: 1.130548947313514 Time: 0.902936900005443
Train loss: 3.7359338863468756 Val loss: 1.1319804538798053 Time: 0.892707299994072
Train loss: 3.640777750374811 Val loss: 1.1216333203046815 Time: 0.8778282999992371
Train loss: 3.7559018990152984 Val loss: 1.1354517690415378 Time: 0.8270581000106176
Train loss: 3.660332751798422 Val loss: 1.137895248402856 Time: 0.8819514999922831
Train loss: 3.5615021396196274 Val loss: 1.1640136519708904 Time: 0.8238072999956785
Train loss: 3.510543987940654 Val loss: 1.165032166398305 Time: 0.8618399999977555
Train loss: 3.3714935035876508 Val loss: 1.1589646698121214 Time: 0.8670013999944786
Train loss: 3.3318177119772363 Val loss: 1.1735057386140397 Time: 0.8344833000010112
Train loss: 3.2586297415598557 Val loss: 1.1882558237139165 Time: 0.9279729999980191
Train loss: 3.3737754862532445 Val loss: 1.2060533115436556 Time: 0.952657799993176
Train loss: 3.296643348589628 Val loss: 1.2150533553758578 Time: 0.901459699991392
Train loss: 3.2729588112685084 Val loss: 1.2086628732467943 Time: 0.953329500000109
Train loss: 3.0521679726447846 Val loss: 1.2445002428721637 Time: 0.8563092999975197
Train loss: 3.1423321604842673 Val loss: 1.2447736352332868 Time: 1.1191704999946523
Train loss: 3.124600415559184 Val loss: 1.2508567343174946 Time: 1.0154405999928713
Train loss: 2.950861594438461 Val loss: 1.2525271847262047 Time: 1.060315199996694
Train loss: 2.962371398398181 Val loss: 1.3112695320713925 Time: 0.9209055000101216
Train loss: 3.0572620830141712 Val loss: 1.2735870430988143 Time: 1.0297928000072716
Train loss: 2.801723187744238 Val loss: 1.2953536956783864 Time: 0.9084927999938373
Train loss: 2.88776308684044 Val loss: 1.319251092601462 Time: 0.9967070999991847
Train loss: 2.875654060813199 Val loss: 1.3464381465782935 Time: 1.1177840000018477
Train loss: 2.9243213894183606 Val loss: 1.3773125409788918 Time: 1.0600107999925967
Train loss: 2.6627841325175785 Val loss: 1.3648237887537107 Time: 1.2215181000065058
Train loss: 2.609116850703089 Val loss: 1.387714911979856 Time: 1.256633899989538
Train loss: 2.706697640525603 Val loss: 1.3954928542225389 Time: 1.2587041999940993
Train loss: 2.71418095782379 Val loss: 1.4323441626038402 Time: 1.160889299993869
Train loss: 2.705492728318339 Val loss: 1.450762438122183 Time: 1.1262669999996433
Train loss: 2.663176663850716 Val loss: 1.473945998470299 Time: 1.2415488999977242
Train loss: 2.612246997886686 Val loss: 1.5243279837304726 Time: 1.2483249000069918
Train loss: 2.5942266142620083 Val loss: 1.4957016218686476 Time: 1.4298099000006914
Train loss: 2.4507574044976987 Val loss: 1.4527075522346422 Time: 1.2231714999943506
Train loss: 2.509862912264005 Val loss: 1.5114522929070517 Time: 1.4060365000041202
Train loss: 2.6840498041977296 Val loss: 1.5233499763999134 Time: 1.3061548999976367
Train loss: 2.553075136210216 Val loss: 1.5187904649646953 Time: 1.1324740999989444
Train loss: 2.59699662620968 Val loss: 1.5127111966721714 Time: 0.9479577000020072
Train loss: 2.5573945807188574 Val loss: 1.5672682872973382 Time: 0.9118832999956794
Train loss: 2.370051130258938 Val loss: 1.5180743604432791 Time: 0.9553327000030549
Train loss: 2.4823087249230245 Val loss: 1.6235856289276853 Time: 1.1194867000012891
Train loss: 2.2899040244892017 Val loss: 1.5532310389098711 Time: 1.2638874999975087
Train loss: 2.434283628124862 Val loss: 1.5538278440362774 Time: 0.8848046000057366
Train loss: 2.480108249569517 Val loss: 1.5118763041682541 Time: 0.9241285999887623
Train loss: 2.4074863638044453 Val loss: 1.5555937045719475 Time: 1.0663217999972403
Train loss: 2.411736194639168 Val loss: 1.5863219475722872 Time: 0.9787768999958644
Train loss: 2.3595958344717927 Val loss: 1.6005072339285107 Time: 1.0298798000003444
Train loss: 2.530434269616957 Val loss: 1.5787821441772394 Time: 1.0031448999943677
Train loss: 2.4118300361369824 Val loss: 1.6658258293093695 Time: 0.8727922999969451
Train loss: 2.361447844111975 Val loss: 1.602494518388994 Time: 1.0342738000035752
Train loss: 2.1975426192953518 Val loss: 1.7137453384093533 Time: 1.04624560000957
Train loss: 2.1780041093583686 Val loss: 1.6838383248541504 Time: 0.9391572000022279
Train loss: 2.2252871839041224 Val loss: 1.698698981211237 Time: 0.9065662000066368
Train loss: 2.3136441823505525 Val loss: 1.7038954937634117 Time: 0.8417294999962905
Train loss: 2.165484990946746 Val loss: 1.7016135262092575 Time: 0.9026652000029571
Train loss: 2.098386061153036 Val loss: 1.785651246420457 Time: 0.8547358000068925
Train loss: 2.3719947207998686 Val loss: 1.7131997721662628 Time: 0.8880539999954635
Train loss: 2.060097838483129 Val loss: 1.8548587517871056 Time: 0.8538774000044214
Train loss: 2.169893209108881 Val loss: 1.8053902180399746 Time: 0.8803217999957269
Train loss: 2.2437949372396915 Val loss: 1.7695089025510242 Time: 0.938171699992381
Train loss: 2.225649620433722 Val loss: 1.8759784337889869 Time: 0.9345691999915289
Train loss: 2.2497805547917693 Val loss: 1.8765703003155068 Time: 0.960557800004608
Train loss: 2.0960071534143703 Val loss: 1.8702455832972191 Time: 0.9658160999970278
Train loss: 2.034169542491377 Val loss: 1.8223561904749204 Time: 0.930376400006935
Train loss: 2.1348313745844756 Val loss: 1.8566423352749553 Time: 0.9031314000021666
Train loss: 2.14671442433092 Val loss: 1.7875637733923213 Time: 0.9411725999962073
Train loss: 2.179862956474409 Val loss: 1.891610176244285 Time: 0.9921284000010928
Train loss: 2.094206678664044 Val loss: 1.7940972032496347 Time: 1.0175638999935472
Train loss: 1.9931656005688767 Val loss: 1.8628987085321569 Time: 1.1234764999971958
Train loss: 2.1477163052452974 Val loss: 1.884158214510535 Time: 1.1647819000063464
Train loss: 2.0198763238878117 Val loss: 1.9481665633502416 Time: 1.4991993000003276
Train loss: 2.0599678211979224 Val loss: 1.8991186067578383 Time: 1.162910400002147
Train loss: 2.032896829194875 Val loss: 1.8208231710232212 Time: 1.0913750000036089
Train loss: 1.9350292586545703 Val loss: 1.9029914238199126 Time: 1.078895200000261
Train loss: 1.963784285332494 Val loss: 1.9286574783618562 Time: 1.0168966999917757
Train loss: 2.0203395572471234 Val loss: 1.9655264023458585 Time: 0.9807372000068426
Train loss: 1.9250163323373464 Val loss: 1.9426837721839547 Time: 0.8577020999946399
Train loss: 1.9863147993505499 Val loss: 2.0631067551917113 Time: 0.8865571000060299
Train loss: 2.0529685943839144 Val loss: 1.9320134980080184 Time: 0.9156147000030614
Train loss: 2.011485201941774 Val loss: 1.9740076425950974 Time: 0.9181874000059906
Train loss: 1.9625868652838183 Val loss: 1.999937555519864 Time: 1.0467091000027722
Train loss: 1.9170018927083985 Val loss: 2.058689110861451 Time: 0.8528083999990486
Train loss: 1.9697714979279082 Val loss: 1.82523610986118 Time: 0.7990437999978894
Train loss: 1.8077689671540682 Val loss: 2.0000260151864495 Time: 0.7140870000002906
Train loss: 1.897913720086469 Val loss: 2.017684362421278 Time: 0.6435920999938389
Train loss: 1.8467309313860776 Val loss: 2.0882587821397465 Time: 0.625500699999975
Train loss: 1.9163145023650794 Val loss: 2.079466837907603 Time: 0.6550545000063721
Train loss: 1.927555172510712 Val loss: 2.0816094584515668 Time: 0.6120786999963457
Train loss: 1.7399042753561593 Val loss: 2.2479267829949094 Time: 0.6793006999942008
Train loss: 1.7719423324189867 Val loss: 2.098485020076623 Time: 0.6230846999969799
Train loss: 2.0256452779779224 Val loss: 2.1917128498025704 Time: 0.615355100002489
Train loss: 1.8563639106932204 Val loss: 2.136123477575893 Time: 0.650785799996811
Train loss: 1.7877335976742381 Val loss: 2.211763641316793 Time: 0.6484274999966146
Train loss: 1.6909774209421133 Val loss: 2.1646729463627707 Time: 0.6301555999962147
Train loss: 1.836781290964991 Val loss: 2.1536079192095485 Time: 0.6273198999988381
Train loss: 1.8915654591146236 Val loss: 2.2394283425383037 Time: 0.6432585999864386
Train loss: 1.7713009802786468 Val loss: 2.173505421033042 Time: 0.6241330999910133
Train loss: 1.8638574844203775 Val loss: 2.1668827599060023 Time: 0.6643186000001151
Train loss: 1.6551642584452957 Val loss: 2.313925853210094 Time: 0.6854941000055987
Train loss: 1.710063091169836 Val loss: 2.4642887871013954 Time: 0.6166254999989178
Train loss: 1.8607833365270674 Val loss: 2.14128797695696 Time: 0.628359400012414
Train loss: 1.7450293064278446 Val loss: 2.3780444742005784 Time: 0.6277680000057444
Train loss: 1.7521673032396425 Val loss: 2.2174097214301582 Time: 0.6286261000059312
Train loss: 1.6432457240700697 Val loss: 2.363358465343481 Time: 0.6238987999968231
Train loss: 1.7499075924117569 Val loss: 2.2003088645724347 Time: 0.6383370999974431
Train loss: 1.5734744546727306 Val loss: 2.2940155304609107 Time: 0.6335083000012673
Train loss: 1.6277816273470886 Val loss: 2.303650615587685 Time: 0.6556119000015315
Train loss: 1.6336330943721424 Val loss: 2.2811165770690423 Time: 0.6957975999976043
Train loss: 1.738281209219989 Val loss: 2.3038731957267373 Time: 0.6044852000050014
Train loss: 1.7422247835802829 Val loss: 2.3527708254405297 Time: 0.6999297000002116
Train loss: 1.6136161454069784 Val loss: 2.209935667196987 Time: 0.7597488000028534
Train loss: 1.6298130209229562 Val loss: 2.3417942785163177 Time: 0.7345669000060298
Train loss: 1.5666007182605233 Val loss: 2.177748043671272 Time: 0.6894612000032794
Train loss: 1.6753404733561799 Val loss: 2.4137160619720817 Time: 0.6825397000066005
Train loss: 1.5549330019216678 Val loss: 2.37575887364801 Time: 0.645865300000878
Train loss: 1.6155621354180467 Val loss: 2.3114542975090444 Time: 0.6757573999930173
Train loss: 1.4432527119201042 Val loss: 2.401540037142695 Time: 0.6721873999922536
Train loss: 1.5612108866018948 Val loss: 2.5589943670202047 Time: 0.6827629999897908
Train loss: 1.5595999039518649 Val loss: 2.4699099430581555 Time: 0.6730573999957414
Train loss: 1.5906209235307764 Val loss: 2.36792854371015 Time: 0.6636157000029925
Train loss: 1.573243813456402 Val loss: 2.3869356408977183 Time: 0.6988472000084585
Train loss: 1.50367651592817 Val loss: 2.3161811388254137 Time: 0.6510953000106383
Train loss: 1.434771358077711 Val loss: 2.3468248873541597 Time: 0.7036053000047104
Train loss: 1.5203958205220793 Val loss: 2.517740491311997 Time: 0.7415662000130396
Train loss: 1.4412055901806333 Val loss: 2.455544278374873 Time: 0.7269284000067273
Train loss: 1.4258093835260333 Val loss: 2.652565182885155 Time: 0.8592333999986295
Train loss: 1.4980545719388676 Val loss: 2.591874241246842 Time: 0.7548482999991393
Train loss: 1.4931314341011195 Val loss: 2.6948281941004097 Time: 0.6965883999946527
Train loss: 1.4900322930566698 Val loss: 2.5462636982556432 Time: 0.7436493000132032
Train loss: 1.4834998768889207 Val loss: 2.623134555760771 Time: 0.7463611999992281
Train loss: 1.4434046551301973 Val loss: 2.797397252637893 Time: 0.7273094000120182
Train loss: 1.4712594363170794 Val loss: 2.437844975909684 Time: 0.7659741999959806
Train loss: 1.3980678615234572 Val loss: 2.6313164988532662 Time: 0.6910520999954315
Train loss: 1.4976924417737756 Val loss: 2.5418080751551315 Time: 0.7285570000094594
Train loss: 1.3154905196401938 Val loss: 2.696198819670826 Time: 0.7262283000018215
Train loss: 1.3497030425363419 Val loss: 2.6759474901482463 Time: 0.752563400004874
Train loss: 1.3410071486137998 Val loss: 2.9793882281519473 Time: 0.7153675000008661
Train loss: 1.4022459683577395 Val loss: 2.8775929072871804 Time: 0.7010777999967104
Train loss: 1.4071324281223978 Val loss: 2.9276142939925194 Time: 0.7394783999916399
Train loss: 1.2211822316089194 Val loss: 2.7862118298653513 Time: 0.7295257000077982
Train loss: 1.1873988124412345 Val loss: 2.651950799394399 Time: 0.7139250000036554
Train loss: 1.4483644191719376 Val loss: 2.7091961284168065 Time: 0.7075926999968942
Train loss: 1.319931629069088 Val loss: 2.7934332243166864 Time: 0.7120814999943832
Train loss: 1.3430785275578847 Val loss: 2.786368270404637 Time: 0.7561162000056356
Train loss: 1.2329239294249819 Val loss: 2.8250702016521245 Time: 0.6860377999983029
Train loss: 1.3153449794446423 Val loss: 2.678893278934993 Time: 0.6816092999943066
Train loss: 1.2649021021767506 Val loss: 2.669269763166085 Time: 0.6875066000065999
Train loss: 1.3163177822599588 Val loss: 2.924155781045556 Time: 0.7025461000012001
Train loss: 1.2148111221575313 Val loss: 2.7355238071177155 Time: 0.719274500006577
Train loss: 1.0755382421569188 Val loss: 2.9305456168949604 Time: 0.6790640999970492
Train loss: 1.2674809432327803 Val loss: 2.7170089068822563 Time: 0.702303900005063
Train loss: 1.145776605222136 Val loss: 2.9023324670270085 Time: 0.6913897999911569
Train loss: 1.090054794617135 Val loss: 2.8963946350850165 Time: 0.6801540000014938
Train loss: 1.1439347911250575 Val loss: 2.679930252255872 Time: 0.6906642000103602
Train loss: 1.1281654850632843 Val loss: 3.1680323192849755 Time: 0.7134844000102021
Train loss: 1.3098788236991226 Val loss: 2.735821867827326 Time: 0.7002185000019381
Train loss: 1.159972539286312 Val loss: 3.0257882862351835 Time: 0.680496699991636
Train loss: 1.1520987045964988 Val loss: 2.8672789179254323 Time: 0.7095979000005173
Train loss: 1.1048101688819187 Val loss: 3.0020388928242028 Time: 0.7060343999910401
Shrinking learning rate to 1e-05
Train loss: 1.2027708577357368 Val loss: 2.776757448911667 Time: 0.729267799993977
Train loss: 1.0654030928660936 Val loss: 2.6717077487846836 Time: 0.6745204000035301
Train loss: 0.982027524374764 Val loss: 2.6284376139519736 Time: 0.6863488999952096
Train loss: 0.9658358970787795 Val loss: 2.613436345360242 Time: 0.6878776000085054
Train loss: 1.1638359407677221 Val loss: 2.6495332623599097 Time: 0.6498725999990711
Train loss: 0.973767271116504 Val loss: 2.6349242279538885 Time: 0.6419974999880651
Train loss: 1.0597719865939759 Val loss: 2.680959136225283 Time: 0.6731049000081839
Train loss: 1.0243210058852181 Val loss: 2.6626035545486957 Time: 0.7608963999955449
Train loss: 1.10327963542117 Val loss: 2.6292702036444098 Time: 0.6988635000016075
Train loss: 1.0269843291244913 Val loss: 2.6231949746143073 Time: 0.7795600999961607
Train loss: 1.052439576470456 Val loss: 2.625387675128877 Time: 0.8071495999902254
Train loss: 1.064235247464428 Val loss: 2.6238867811625823 Time: 0.6226728000037838
Train loss: 1.1433449715528308 Val loss: 2.6119088834384456 Time: 0.5922497999999905
Shrinking learning rate to 1.0000000000000002e-06
Train loss: 1.0434332257350514 Val loss: 2.606649289606139 Time: 0.6791287000087323
Train loss: 1.1512982986851077 Val loss: 2.606574044795707 Time: 0.6528199000022141
Train loss: 1.033745257739363 Val loss: 2.6018515983596444 Time: 0.6261460999958217
Train loss: 1.0815289138628517 Val loss: 2.598957076552324 Time: 0.6268983000045409
Train loss: 0.9743981978837191 Val loss: 2.5982599345734343 Time: 0.6137050999968778
Train loss: 0.9930101285921962 Val loss: 2.594219535938464 Time: 0.6007766999973683
Train loss: 0.9654165979635216 Val loss: 2.5920644716825336 Time: 0.7037748999864561
Train loss: 0.9443522709612876 Val loss: 2.5914376584114507 Time: 0.6880554999952437
Train loss: 1.0072389007814362 Val loss: 2.588796838768758 Time: 0.6356128999905195
Train loss: 0.965003632380502 Val loss: 2.5911714595276862 Time: 0.6427841999975499
Train loss: 0.9869127928720056 Val loss: 2.589099042932503 Time: 0.6659948000014992
Train loss: 1.0310594432272446 Val loss: 2.5884018037468195 Time: 0.6292986000044039
Train loss: 1.0358121291097688 Val loss: 2.5897327749989927 Time: 0.6237347999995109
Train loss: 1.0030328823031363 Val loss: 2.5837275916710496 Time: 0.6381409000023268
Train loss: 0.9396693103488855 Val loss: 2.5793491433141753 Time: 0.6341076999960933
Train loss: 1.1379414322226182 Val loss: 2.572756585199386 Time: 0.6354641999932937
Train loss: 1.0265224722762538 Val loss: 2.567163437488489 Time: 0.6440544999932172
Train loss: 1.0078471443056323 Val loss: 2.5682423055986874 Time: 0.6241870999947423
Train loss: 1.1106042204477302 Val loss: 2.5701386464061216 Time: 0.636565699998755
Train loss: 1.1890082948615557 Val loss: 2.566666232945863 Time: 0.6389018000045326
Train loss: 1.1109380783141665 Val loss: 2.56435047154082 Time: 0.6258235999994213
Train loss: 0.981983285946102 Val loss: 2.5639565292513 Time: 0.6493531000014627
Train loss: 1.1031367602392117 Val loss: 2.5613128570257686 Time: 0.6343162999983178
Train loss: 1.0418500392804442 Val loss: 2.562644807563629 Time: 0.6167064999899594
Shrinking learning rate to 1.0000000000000002e-07
Learning rate getting small
Complete
 Total time: 186.7622490999929