starting log for model: C:\Users\christopher.johnson\Documents\GitHub\flu\gru_3lay_drop_2019.pth
Train loss: 12.698234024589937 Val loss: 0.2758670583461935 Time: 0.7785373999504372
Train loss: 11.895654884785927 Val loss: 0.313651795740725 Time: 0.7678171000443399
Train loss: 11.775604025717946 Val loss: 0.32615770425218216 Time: 0.7476592999882996
Train loss: 11.67787511530787 Val loss: 0.3289250444086065 Time: 0.7336171999340877
Train loss: 11.88465718606442 Val loss: 0.3064829240848326 Time: 0.7475022999569774
Train loss: 11.755095019432503 Val loss: 0.30709539215274617 Time: 0.7354237000690773
Train loss: 11.701637361004146 Val loss: 0.30356628754790904 Time: 0.731476999935694
Train loss: 11.7911757211765 Val loss: 0.29042999415935356 Time: 0.7241740000899881
Train loss: 11.657956849631717 Val loss: 0.2936238115571541 Time: 0.727521299966611
Train loss: 11.615828840217318 Val loss: 0.27992958601680584 Time: 0.7017851000418887
Train loss: 9.937855940717952 Val loss: 0.19139067194828385 Time: 0.7761352000525221
Train loss: 5.972121053675437 Val loss: 0.452895160553453 Time: 0.7883955000434071
Train loss: 5.3904801715347075 Val loss: 0.584766025197041 Time: 0.7304634000174701
Train loss: 4.864447117757554 Val loss: 0.6741409110003209 Time: 0.7439141999930143
Train loss: 4.17543219115532 Val loss: 0.8603285875594722 Time: 0.7329657999798656
Train loss: 3.7626488713369 Val loss: 0.8093913327535613 Time: 0.7301714000059292
Train loss: 3.8739349180134255 Val loss: 0.92419444178761 Time: 0.7003369999583811
Train loss: 3.4854720269245107 Val loss: 0.8968600289668645 Time: 0.7053759000264108
Train loss: 3.3338198589754082 Val loss: 0.8330047075318276 Time: 0.7285267999395728
Train loss: 3.5269931140779796 Val loss: 0.8352065137929401 Time: 0.7200376000255346
Train loss: 3.7670712269336697 Val loss: 0.8406068656096117 Time: 0.6939076000126079
Train loss: 3.391805473500961 Val loss: 0.9020621696704438 Time: 0.7355003000702709
Train loss: 3.3941872291538933 Val loss: 0.7846337108469812 Time: 0.7169779000105336
Train loss: 3.2376576457467134 Val loss: 0.7043675456647012 Time: 0.7285950999939814
Train loss: 3.2120141645892724 Val loss: 0.7258982266540492 Time: 0.7112759000156075
Train loss: 3.085273535791357 Val loss: 0.6678882243784869 Time: 0.7159377000061795
Train loss: 3.02919136608509 Val loss: 0.8083730463173637 Time: 0.6893313000909984
Train loss: 2.8797884531545517 Val loss: 0.6800206569963254 Time: 0.7103209999622777
Train loss: 2.7143041918097994 Val loss: 0.6396511026085694 Time: 0.7140862999949604
Train loss: 2.7997136061127366 Val loss: 0.6492175800508377 Time: 0.7155406000092626
Train loss: 2.8437837747127364 Val loss: 0.6622870950821973 Time: 0.767208999954164
Train loss: 2.5501906940628105 Val loss: 0.6880011497576284 Time: 0.728793999995105
Train loss: 2.7612980282016935 Val loss: 0.5623607302397957 Time: 0.6861055999761447
Train loss: 2.7594556306652 Val loss: 0.6220021806843734 Time: 0.707858799956739
Train loss: 2.564450375444459 Val loss: 0.5959525335365252 Time: 0.6905109999934211
Train loss: 2.5127841930172288 Val loss: 0.49974709346168567 Time: 0.7141297000925988
Train loss: 2.3688642162756928 Val loss: 0.5102723762240373 Time: 0.7182068000547588
Train loss: 2.4761066601620207 Val loss: 0.4372716345065225 Time: 0.7048486999701709
Train loss: 2.2881861549006315 Val loss: 0.39446782912842027 Time: 0.706301899976097
Train loss: 2.3585149345271423 Val loss: 0.3778930285861819 Time: 0.6944793000584468
Train loss: 2.2120347100449695 Val loss: 0.4079789076443525 Time: 0.7149331999244168
Train loss: 2.391739655800918 Val loss: 0.38287588269824635 Time: 0.7263415000634268
Train loss: 2.2755788873223226 Val loss: 0.30136332382178743 Time: 0.742560200043954
Train loss: 2.3077560670575474 Val loss: 0.28830457966878686 Time: 0.7335836000274867
Train loss: 2.2203463811972224 Val loss: 0.2825243832660327 Time: 0.7191011999966577
Train loss: 2.1676771499188385 Val loss: 0.30140436661915593 Time: 0.6976424999302253
Train loss: 2.1644468805828434 Val loss: 0.3569392905927897 Time: 0.687854899908416
Train loss: 2.212316992824512 Val loss: 0.3098076123078277 Time: 0.7308348999358714
Train loss: 2.0115094222518417 Val loss: 0.198664652108231 Time: 0.7072280999273062
Train loss: 2.0872602011442405 Val loss: 0.2056383344352568 Time: 0.7212043000617996
Train loss: 2.0956775308934397 Val loss: 0.21166431312352074 Time: 0.6981929000467062
Train loss: 2.068164207181885 Val loss: 0.18085342564953066 Time: 0.691529200063087
Train loss: 1.90995620986675 Val loss: 0.20482325949939195 Time: 0.7090611000312492
Train loss: 2.036445018981742 Val loss: 0.20267336989061846 Time: 0.6646577999927104
Train loss: 1.8577579009580498 Val loss: 0.1672544626361656 Time: 0.7459877000655979
Train loss: 1.7978499381751245 Val loss: 0.13277422513533566 Time: 0.6917371000163257
Train loss: 1.900099788746018 Val loss: 0.1685586577830973 Time: 0.7263529000338167
Train loss: 1.7580300960766149 Val loss: 0.1857640986032152 Time: 0.6986030000261962
Train loss: 1.8879060056499766 Val loss: 0.18610618779282717 Time: 0.7345103999832645
Train loss: 1.766858645859017 Val loss: 0.13867600685626869 Time: 0.6725580999627709
Train loss: 1.6660465576847692 Val loss: 0.16421161034298848 Time: 0.7268032999709249
Train loss: 1.7069672295066745 Val loss: 0.16952963872309468 Time: 0.7008887999691069
Train loss: 1.8328854020083 Val loss: 0.15925328204536943 Time: 0.7059996000025421
Train loss: 1.6881842614503246 Val loss: 0.16511733958978958 Time: 0.69628539995756
Train loss: 1.4651031797902192 Val loss: 0.12211212711600439 Time: 0.6947515000356361
Train loss: 1.3929228541697996 Val loss: 0.11682941355603305 Time: 0.6961138999322429
Train loss: 1.6638261328931438 Val loss: 0.10238848573741954 Time: 0.6903767999028787
Train loss: 1.4900491770855273 Val loss: 0.1570878648506877 Time: 0.7212778000393882
Train loss: 1.402383676867373 Val loss: 0.12433829566339227 Time: 0.7125345000531524
Train loss: 1.4918441284200088 Val loss: 0.10513783954455391 Time: 0.7233250999124721
Train loss: 1.5489265586506011 Val loss: 0.08669666355197592 Time: 0.7216107998974621
Train loss: 1.5263320681426986 Val loss: 0.09688064430680043 Time: 0.6899096000706777
Train loss: 1.5077268930426326 Val loss: 0.10185320609767246 Time: 0.7148988000117242
Train loss: 1.2573763747736386 Val loss: 0.08972861315986336 Time: 0.7187099999282509
Train loss: 1.3882214027860829 Val loss: 0.15175194427597205 Time: 0.7177219999721274
Train loss: 1.4666315244622212 Val loss: 0.10002676306903303 Time: 0.7226239999290556
Train loss: 1.173478401182184 Val loss: 0.07548791104574067 Time: 0.7267359000397846
Train loss: 1.0973507968321208 Val loss: 0.07273713809448878 Time: 0.7379199999850243
Train loss: 1.4229173034908 Val loss: 0.10642931149413926 Time: 0.6965173999778926
Train loss: 1.2700297645852316 Val loss: 0.10698347002099823 Time: 0.6659579999977723
Train loss: 1.2211429344945768 Val loss: 0.08521447943011395 Time: 0.7019174000015482
Train loss: 0.9699521719751201 Val loss: 0.10290483783747906 Time: 0.7108898999867961
Train loss: 1.0874136466283169 Val loss: 0.08652802455852537 Time: 0.7205598999280483
Train loss: 1.0526989028046385 Val loss: 0.05736191356280784 Time: 0.7144952999660745
Train loss: 1.1878915299498214 Val loss: 0.05295915009421037 Time: 0.700804500025697
Train loss: 1.1774730991029234 Val loss: 0.08184966122178672 Time: 0.7284459000220522
Train loss: 1.1958326000811743 Val loss: 0.12098735995146034 Time: 0.6873563999542966
Train loss: 1.0614343065289664 Val loss: 0.13178514114179052 Time: 0.7077786000445485
Train loss: 1.0089824673484267 Val loss: 0.08152509894591731 Time: 0.7004202000098303
Train loss: 0.993351754964083 Val loss: 0.08302420084349649 Time: 0.6900083000073209
Train loss: 0.8666547604515635 Val loss: 0.07893035257395198 Time: 0.7086512000532821
Train loss: 0.9797764654466976 Val loss: 0.09450257321107358 Time: 0.7054307999787852
Train loss: 1.02534365697748 Val loss: 0.07868972434749955 Time: 0.6929917000234127
Train loss: 0.8386509668006115 Val loss: 0.06480161271599233 Time: 0.7064186999341473
Train loss: 0.7583148465117695 Val loss: 0.09708979590030964 Time: 0.8255034000612795
Train loss: 1.099021978398543 Val loss: 0.10864548957852094 Time: 0.7495073999743909
Train loss: 0.9667383400168954 Val loss: 0.10677766105570896 Time: 0.9740375999826938
Train loss: 1.0502906960602523 Val loss: 0.16887120323266913 Time: 0.9233297000173479
Train loss: 0.8953283257990954 Val loss: 0.12484029950363862 Time: 0.7918632000219077
Train loss: 0.918862320846825 Val loss: 0.1076968024133329 Time: 0.7512790999608114
Train loss: 0.7279758588865808 Val loss: 0.10605746415197459 Time: 0.7965461999410763
Train loss: 0.7621540129342841 Val loss: 0.09212112188284394 Time: 0.741351900040172
Train loss: 0.6960805290843837 Val loss: 0.0921655345574095 Time: 0.8127559999702498
Train loss: 0.5426731933518392 Val loss: 0.08059886387489001 Time: 0.7737491000443697
Train loss: 0.7081620457313288 Val loss: 0.12908502435083552 Time: 0.7273413999937475
Train loss: 0.8281848110989394 Val loss: 0.15082291218459432 Time: 0.7289446000941098
Train loss: 0.8176224342144778 Val loss: 0.15237465015479457 Time: 0.7892407999606803
Train loss: 0.6460815079456513 Val loss: 0.06100934063804697 Time: 0.9774428000673652
Train loss: 0.7708690522787975 Val loss: 0.09319747604829637 Time: 0.894187800004147
Train loss: 0.8936492418953073 Val loss: 0.13199097637198065 Time: 0.761302899918519
Train loss: 0.7182665497375754 Val loss: 0.10790349637017549 Time: 0.8198705000104383
Train loss: 0.7494433927721887 Val loss: 0.06967662898034632 Time: 0.8538376000942662
Train loss: 0.7262795780712892 Val loss: 0.1746238433340091 Time: 0.75021420000121
Shrinking learning rate to 1e-05
Train loss: 0.8090248558986294 Val loss: 0.09042670497624172 Time: 0.701964599895291
Train loss: 0.53240474464555 Val loss: 0.08955712885823214 Time: 0.7109509999863803
Train loss: 0.6494845717506976 Val loss: 0.08679955625053459 Time: 0.7198858999181539
Train loss: 0.7391591006190321 Val loss: 0.09433748412950571 Time: 0.728570600040257
Train loss: 0.6496215969106061 Val loss: 0.09759946889870541 Time: 0.6931768999202177
Train loss: 0.6322692988767002 Val loss: 0.09282020513115136 Time: 0.7235039999941364
Train loss: 0.5456343266878786 Val loss: 0.09997393359148887 Time: 0.6870896000182256
Train loss: 0.6662343172831433 Val loss: 0.09850726454304448 Time: 0.6872136000311002
Train loss: 0.5888505560205652 Val loss: 0.09859563994414922 Time: 0.7027639000443742
Train loss: 0.5613117463527306 Val loss: 0.10189690445708166 Time: 0.71663250005804
Train loss: 0.5157294274789095 Val loss: 0.09490401607981447 Time: 0.7090523999650031
Train loss: 0.5072186008650784 Val loss: 0.09792759734386527 Time: 0.6974153999472037
Train loss: 0.7323281287931458 Val loss: 0.10458051867814872 Time: 0.7109976001083851
Train loss: 0.6890489838077272 Val loss: 0.10596139893748813 Time: 0.6856455999659374
Train loss: 0.5186693791858896 Val loss: 0.10213003307438934 Time: 0.6757969999453053
Train loss: 0.6895116381153359 Val loss: 0.09983758224012496 Time: 0.8560742000117898
Train loss: 0.5285727772257758 Val loss: 0.10508580004848023 Time: 0.7024574000388384
Train loss: 0.8090709216977849 Val loss: 0.1086022527736592 Time: 0.7313366000307724
Train loss: 0.5077915291495896 Val loss: 0.10553712787948655 Time: 0.6939100000308827
Train loss: 0.4551826936872669 Val loss: 0.11178038832785209 Time: 0.6927940000314265
Train loss: 0.5925482437591487 Val loss: 0.11442120561686342 Time: 0.6865935000823811
Train loss: 0.5657135146476984 Val loss: 0.10903070883643018 Time: 0.7186692000832409
Train loss: 0.5636393399452729 Val loss: 0.1109512252693996 Time: 0.6897495000157505
Train loss: 0.5782628975451225 Val loss: 0.11344144789786803 Time: 0.6810812000185251
Train loss: 0.5353468458289243 Val loss: 0.11413245636580704 Time: 0.6805967999389395
Train loss: 0.6521857980681567 Val loss: 0.10685255000601301 Time: 0.6604723000200465
Train loss: 0.5286738463855092 Val loss: 0.09868648252582402 Time: 0.6827441999921575
Train loss: 0.5389911454599834 Val loss: 0.11451163727267083 Time: 0.6782768999692053
Train loss: 0.5945827117759919 Val loss: 0.12556151644788738 Time: 0.6891182999825105
Shrinking learning rate to 1.0000000000000002e-06
Train loss: 0.6418367596992969 Val loss: 0.11219161805578826 Time: 0.6791261000325903
Train loss: 0.7461210633950195 Val loss: 0.11274047349336414 Time: 0.6762701000552624
Train loss: 0.5769183056950008 Val loss: 0.11213608699397515 Time: 0.6736753999721259
Train loss: 0.580742531877404 Val loss: 0.1110851215125166 Time: 0.6813679999904707
Train loss: 0.5613898786856155 Val loss: 0.11170297953568564 Time: 0.6801307999994606
Train loss: 0.527520865742983 Val loss: 0.11115463668647152 Time: 0.6832644999958575
Train loss: 0.6759701235100353 Val loss: 0.1105005104709047 Time: 0.6867531000170857
Train loss: 0.44240565604352766 Val loss: 0.10947573791337106 Time: 0.6934187000151724
Train loss: 0.5627186487171798 Val loss: 0.110624323240188 Time: 0.6644666000502184
Train loss: 0.5595598371393089 Val loss: 0.11030483398296909 Time: 0.6825072999345139
Train loss: 0.5285357897733858 Val loss: 0.11166042330996717 Time: 0.6741683000000194
Train loss: 0.5211768450012322 Val loss: 0.1105736427751971 Time: 0.6910539999371395
Train loss: 0.5925627418485557 Val loss: 0.10963722282923882 Time: 0.6885624999413267
Train loss: 0.5418147638065536 Val loss: 0.10923571516120134 Time: 0.6735040000639856
Train loss: 0.5764858824582542 Val loss: 0.10937621274366904 Time: 0.7028945999918506
Train loss: 0.5257691217442356 Val loss: 0.1094322930597258 Time: 0.672653799992986
Train loss: 0.6583708497639872 Val loss: 0.109484255475083 Time: 0.6811519999755546
Shrinking learning rate to 1.0000000000000002e-07
Learning rate getting small
Complete
 Total time: 115.1210292999167