starting log for model: C:\Users\christopher.johnson\Documents\gru_lin1_new_23-24.pth
Train loss: 16.95934212483077 Val loss: 1.8877466275333927 Time: 0.9722820000024512
Train loss: 16.518313987069824 Val loss: 1.838745642524091 Time: 1.2154262000112794
Train loss: 14.772777052926983 Val loss: 1.648219379548973 Time: 1.9375609999988228
Train loss: 10.642549983958308 Val loss: 1.2060556971429603 Time: 2.1663144000049215
Train loss: 8.193414914998153 Val loss: 0.9500766848451471 Time: 4.214348799985601
Train loss: 7.7072970387138895 Val loss: 0.8894802425509273 Time: 0.947612800024217
Train loss: 7.315720221170363 Val loss: 0.8476400690810596 Time: 1.001418800005922
Train loss: 7.04160965371068 Val loss: 0.8128536769438133 Time: 1.0325463000044692
Train loss: 6.697536589271721 Val loss: 0.7760290168700155 Time: 0.9729959999967832
Train loss: 6.507879238622898 Val loss: 0.7579408277368879 Time: 0.9490151999925729
Train loss: 6.1840045165312745 Val loss: 0.7202854559190713 Time: 0.9874124000198208
Train loss: 5.803348321152825 Val loss: 0.6777461250407749 Time: 1.0067494000250008
Train loss: 5.706205273795945 Val loss: 0.6587030093098394 Time: 0.9214735999994446
Train loss: 5.269351334452249 Val loss: 0.6097318429845905 Time: 1.1362452000030316
Train loss: 5.174726984582463 Val loss: 0.5963876238149445 Time: 0.9931946000142489
Train loss: 4.902491548629117 Val loss: 0.5648387568107665 Time: 1.0157659999968018
Train loss: 4.729659819339519 Val loss: 0.5404449934828723 Time: 0.9044915999984369
Train loss: 4.651478547462176 Val loss: 0.5289492391866365 Time: 1.1177965000097174
Train loss: 4.471725017230867 Val loss: 0.5009730097550152 Time: 0.9669562999915797
Train loss: 4.304467851234293 Val loss: 0.4909464867804331 Time: 0.9202009000000544
Train loss: 4.277209973958602 Val loss: 0.48657789367482907 Time: 0.9516658000065945
Train loss: 4.178409390546555 Val loss: 0.46989460414362927 Time: 0.8982144999899901
Train loss: 4.090239130272971 Val loss: 0.45490765125455845 Time: 0.8501141000015195
Train loss: 3.926592729606398 Val loss: 0.44007604258339 Time: 0.8455735000025015
Train loss: 3.862919626802949 Val loss: 0.4316815208953226 Time: 0.8731948000204284
Train loss: 3.8077319244065713 Val loss: 0.4251928199016853 Time: 0.8612542999908328
Train loss: 3.6404974262235044 Val loss: 0.40537625104062 Time: 0.8371712000225671
Train loss: 3.5079597246595426 Val loss: 0.38993479621282057 Time: 0.8542656000063289
Train loss: 3.42051471274101 Val loss: 0.37571896261147736 Time: 0.8701423000020441
Train loss: 3.31720124568598 Val loss: 0.3701425224965197 Time: 0.9033483999955934
Train loss: 3.3387144087589906 Val loss: 0.369276851067636 Time: 0.8852631000045221
Train loss: 3.1829121950009425 Val loss: 0.3499092070317815 Time: 1.0003509999951348
Train loss: 3.1770954197746875 Val loss: 0.3481757745623277 Time: 1.0260694000171497
Train loss: 3.0984695225367602 Val loss: 0.3415414045550508 Time: 0.9322470999904908
Train loss: 2.96766585208129 Val loss: 0.3314208198642157 Time: 0.9556091999984346
Train loss: 2.87449323629437 Val loss: 0.3136963969415524 Time: 0.9786686000006739
Train loss: 2.8302009733250237 Val loss: 0.31074088219842827 Time: 1.0095097000012174
Train loss: 2.747931356103706 Val loss: 0.2989578967381115 Time: 1.3257993000152055
Train loss: 2.6572557851707583 Val loss: 0.297973886830595 Time: 1.17189589998452
Train loss: 2.7099750413343067 Val loss: 0.29233980660662473 Time: 1.3432309000054374
Train loss: 2.51759867308823 Val loss: 0.2740739442235969 Time: 1.2551013999909628
Train loss: 2.500204477661441 Val loss: 0.27225494140471884 Time: 1.2136351999943145
Train loss: 2.4249256239766765 Val loss: 0.2634517344373356 Time: 1.0281508000043686
Train loss: 2.52977867076126 Val loss: 0.2747501980525116 Time: 1.2995407999842428
Train loss: 2.2873312737682028 Val loss: 0.25915364629924975 Time: 1.687262899999041
Train loss: 2.365702962181075 Val loss: 0.2598768376721777 Time: 1.4425902000220958
Train loss: 2.281409925533925 Val loss: 0.25324057371512587 Time: 1.4010424999869429
Train loss: 2.195822937216307 Val loss: 0.24197560342837415 Time: 1.6051376999821514
Train loss: 2.074285550003442 Val loss: 0.23043261016184502 Time: 1.4738370999984909
Train loss: 2.125276501203609 Val loss: 0.23490349335152427 Time: 1.5079277000040747
Train loss: 2.039127086829172 Val loss: 0.22728656801739358 Time: 1.505124599992996
Train loss: 1.9614467115913872 Val loss: 0.22190101111378743 Time: 1.6400990999827627
Train loss: 1.904194849605612 Val loss: 0.2153358576500158 Time: 1.5502006000024267
Train loss: 1.879502704817071 Val loss: 0.214765455525088 Time: 1.5690112999873236
Train loss: 1.8352953712448539 Val loss: 0.2091403555590863 Time: 1.5160899000184145
Train loss: 1.7909118404503728 Val loss: 0.20639360012159283 Time: 1.255546600004891
Train loss: 1.7363524218103903 Val loss: 0.17405464358875644 Time: 1.6242952999891713
Train loss: 1.7959425670462767 Val loss: 0.20557601362509856 Time: 1.6095139000099152
Train loss: 1.754497893693383 Val loss: 0.20198456777541912 Time: 1.4443479000183288
Train loss: 1.5847852265136178 Val loss: 0.19477608417350184 Time: 1.5165376999939326
Train loss: 1.5676880041882555 Val loss: 0.16388153189499058 Time: 1.799230800010264
Train loss: 1.6089503565424048 Val loss: 0.16256576318135066 Time: 1.795653199980734
Train loss: 1.6202255914455463 Val loss: 0.16208464274167422 Time: 1.614908799994737
Train loss: 1.6205375797475776 Val loss: 0.16448290578439687 Time: 1.4152113999880385
Train loss: 1.5631550410762272 Val loss: 0.17322846504952233 Time: 1.2836119999992661
Train loss: 1.585005238874686 Val loss: 0.1719610766931559 Time: 0.9587523999798577
Train loss: 1.6029723739262352 Val loss: 0.18920042785153857 Time: 0.8785751000104938
Train loss: 1.5043274302689724 Val loss: 0.18182455554672572 Time: 0.8205759999982547
Train loss: 1.5026606738754538 Val loss: 0.1858144319631009 Time: 0.8313543999975082
Train loss: 1.5084685934669437 Val loss: 0.15324453717071718 Time: 0.8800703000160865
Train loss: 1.5696103003242001 Val loss: 0.18737131712475819 Time: 0.8515316999983042
Train loss: 1.538699552795535 Val loss: 0.16246190702697882 Time: 0.8107808999775443
Train loss: 1.4426569178674171 Val loss: 0.1597776074962409 Time: 0.8322849000105634
Train loss: 1.375358935928766 Val loss: 0.17754794313222313 Time: 0.8254535000014585
Train loss: 1.4025541946048747 Val loss: 0.19782160087132103 Time: 0.822298499988392
Train loss: 1.4068740907690405 Val loss: 0.19726064287306316 Time: 0.8171214000030886
Train loss: 1.3961110747774939 Val loss: 0.15147988394786294 Time: 0.8037009999970905
Train loss: 1.4770385899700438 Val loss: 0.1513878850776765 Time: 0.8238446000032127
Train loss: 1.4108695554028117 Val loss: 0.14865804465869262 Time: 0.8220854999963194
Train loss: 1.290964080699582 Val loss: 0.18819979517499266 Time: 0.8681477000063751
Train loss: 1.3686271027265278 Val loss: 0.19581958232789598 Time: 0.8651422999973875
Train loss: 1.3561915256205026 Val loss: 0.16885221796427433 Time: 0.8547002999985125
Train loss: 1.423859589124902 Val loss: 0.14933009183742302 Time: 0.8453479000017978
Train loss: 1.3340639838385897 Val loss: 0.18470933704756404 Time: 0.9746378999843728
Train loss: 1.3174357219063317 Val loss: 0.2179678852665998 Time: 0.8582757000112906
Train loss: 1.349889143587916 Val loss: 0.16799657897243395 Time: 0.8736035999900196
Train loss: 1.4041523113502574 Val loss: 0.17268495515149238 Time: 0.959571599989431
Train loss: 1.2101478595626958 Val loss: 0.15940346126804392 Time: 0.9396673000010196
Train loss: 1.1970360647338794 Val loss: 0.205360521538786 Time: 0.9453298000153154
Train loss: 1.3379242216503622 Val loss: 0.18918154060164377 Time: 0.9473594999872148
Train loss: 1.2074276102636814 Val loss: 0.16214012850989656 Time: 1.1764958000276238
Train loss: 1.2195271026548369 Val loss: 0.18125110804485514 Time: 1.1016651000245474
Train loss: 1.1296827425945821 Val loss: 0.16800925407457826 Time: 1.0551421999989543
Train loss: 1.2676610353503293 Val loss: 0.16540661826834335 Time: 0.987541099981172
Train loss: 1.2661937309158304 Val loss: 0.1613681278405332 Time: 0.9391616999928374
Train loss: 1.193857579351743 Val loss: 0.1709896443934715 Time: 0.9057943999941926
Train loss: 1.1627657112526464 Val loss: 0.17106943556900564 Time: 0.8507354999892414
Train loss: 1.0872855601074534 Val loss: 0.1501186788614716 Time: 0.8545194000180345
Train loss: 1.0974247657955365 Val loss: 0.162071619686099 Time: 0.8345618000021204
Train loss: 1.1794577932695347 Val loss: 0.1592411925590267 Time: 0.8488274000119418
Train loss: 1.073786748350205 Val loss: 0.1549237686365878 Time: 0.855430299998261
Train loss: 1.12343177835875 Val loss: 0.19312704682308407 Time: 0.8388624000072014
Train loss: 1.1899729209212673 Val loss: 0.18449595460785106 Time: 0.8559949999907985
Train loss: 1.0425276311836242 Val loss: 0.17175108579315154 Time: 0.9195554999751039
Train loss: 1.1210772221347192 Val loss: 0.15974532310000175 Time: 0.829826699977275
Train loss: 1.1001357916908745 Val loss: 0.18813851724333985 Time: 0.8485493000189308
Train loss: 1.1256582767120733 Val loss: 0.2275020549938876 Time: 0.8066069000051357
Train loss: 1.223582381356998 Val loss: 0.16501569616939132 Time: 0.8353868999984115
Train loss: 0.9970858820401958 Val loss: 0.1450521070649434 Time: 0.8450178999919444
Train loss: 1.0070033203520552 Val loss: 0.1601514416766042 Time: 0.8262888999888673
Train loss: 0.9896436198055749 Val loss: 0.16682263424882152 Time: 0.8334800000011455
Train loss: 1.0294755168307228 Val loss: 0.18067426356733504 Time: 0.8156556999892928
Train loss: 1.0334779613198926 Val loss: 0.14546787197465935 Time: 0.8395301999989897
Train loss: 1.0348081647466927 Val loss: 0.15188791878888452 Time: 0.8547931000066455
Train loss: 0.9817950400337203 Val loss: 0.15342522074710385 Time: 0.8645222999912221
Train loss: 0.8840623027832066 Val loss: 0.19852848775644555 Time: 0.8471811999916099
Train loss: 0.9995885837759246 Val loss: 0.2381587483969923 Time: 0.8420961999800056
Train loss: 1.0088388639060353 Val loss: 0.1421021598664005 Time: 0.9190057000087108
Train loss: 1.1080203015018526 Val loss: 0.1835911957441129 Time: 0.9160679999913555
Train loss: 1.148966119681269 Val loss: 0.15504825303515085 Time: 0.8659195000072941
Train loss: 0.9444619912180059 Val loss: 0.23332273768531295 Time: 0.860503299976699
Train loss: 1.0025443379739718 Val loss: 0.17410858981436822 Time: 0.8386546999972779
Train loss: 0.8041115859713783 Val loss: 0.12855630484548583 Time: 0.8350279000005685
Train loss: 0.9544194512341448 Val loss: 0.14363077770759156 Time: 0.8799261999956798
Train loss: 0.8487845590548204 Val loss: 0.18058388697843905 Time: 0.8916261999984272
Train loss: 0.8540919151307387 Val loss: 0.16531037569432683 Time: 0.8554752000200097
Train loss: 0.810660589025261 Val loss: 0.17910263448303115 Time: 0.824941700004274
Train loss: 0.8788166991265909 Val loss: 0.14956317659702764 Time: 0.8454833999858238
Train loss: 0.8800940190387276 Val loss: 0.2218408346785648 Time: 0.8422414000087883
Train loss: 1.1033357962491834 Val loss: 0.15237188990935885 Time: 0.8424368999840226
Train loss: 0.8542055500591488 Val loss: 0.20196093642691498 Time: 0.8397896000242326
Train loss: 0.9518171602722711 Val loss: 0.17189863644310857 Time: 0.8348241999919992
Shrinking learning rate to 1e-05
Train loss: 0.8399087021055545 Val loss: 0.13323870241975852 Time: 0.8313420999911614
Train loss: 0.7743340706720119 Val loss: 0.12805278767496053 Time: 0.8331312999944203
Train loss: 0.7800989499353922 Val loss: 0.12726147808509977 Time: 0.8094939999864437
Train loss: 0.856372848955175 Val loss: 0.13182598542140297 Time: 0.8088559999887366
Train loss: 0.774863536089839 Val loss: 0.12660144413985672 Time: 0.8383336999977473
Train loss: 0.7557886554177244 Val loss: 0.1254963628963382 Time: 0.8108894000179134
Train loss: 0.7208126046232266 Val loss: 0.12348591621335143 Time: 0.8637716000084765
Train loss: 0.7449689980108758 Val loss: 0.12476997952577674 Time: 0.8043171000026632
Train loss: 0.679080965683081 Val loss: 0.12093659323679183 Time: 0.7889956000144593
Train loss: 0.7092900344206932 Val loss: 0.12260755498982885 Time: 0.8312531000119634
Train loss: 0.7040586965856621 Val loss: 0.12229903207210525 Time: 0.7929675000195857
Train loss: 0.7216328804067595 Val loss: 0.12342751542036733 Time: 0.8229780999827199
Train loss: 0.7187840041087696 Val loss: 0.12316613597618314 Time: 0.8062080999952741
Train loss: 0.668851439159937 Val loss: 0.12031765626766995 Time: 0.8423843999917153
Train loss: 0.6841591355611962 Val loss: 0.12117138127386318 Time: 0.8496095000009518
Train loss: 0.6796753861465419 Val loss: 0.12095546819231968 Time: 0.8178898000041954
Train loss: 0.7282863403029154 Val loss: 0.1237255413942894 Time: 0.8342517999990378
Train loss: 0.7075116498219245 Val loss: 0.12263481700621656 Time: 0.8200809999834746
Train loss: 0.663346435597731 Val loss: 0.12021471254898816 Time: 0.8794497000053525
Train loss: 0.6640987788576975 Val loss: 0.12024759305681483 Time: 0.8273069999995641
Train loss: 0.6777695940255057 Val loss: 0.12096147419520187 Time: 0.8164836999785621
Train loss: 0.6979110723910722 Val loss: 0.12200968416667902 Time: 1.0387439999904018
Train loss: 0.695376498706878 Val loss: 0.12192778008679837 Time: 1.1863540000049397
Train loss: 0.6795885466168983 Val loss: 0.12099947970885842 Time: 0.9158710000046995
Train loss: 0.6450473896838105 Val loss: 0.11952245088136153 Time: 0.8822498999943491
Train loss: 0.6938203348599359 Val loss: 0.12189261052627254 Time: 0.836153700016439
Train loss: 0.6639399562750592 Val loss: 0.1204978993125957 Time: 0.8304926999844611
Train loss: 0.6705703718214977 Val loss: 0.12076325909224815 Time: 0.9667717000120319
Train loss: 0.7205212963514356 Val loss: 0.12423683119834476 Time: 0.8433621000149287
Train loss: 0.6316787292331458 Val loss: 0.11846068152070167 Time: 0.8749017000081949
Train loss: 0.6579874117262392 Val loss: 0.11985161048875921 Time: 0.8311183000041638
Train loss: 0.6470930664638388 Val loss: 0.11934875411063502 Time: 0.8583904999832157
Train loss: 0.6442102536060403 Val loss: 0.12027616598924755 Time: 0.8536885999783408
Train loss: 0.6575114186480668 Val loss: 0.12042548498140311 Time: 0.9016314999898896
Train loss: 0.6935815022942577 Val loss: 0.12246446377614822 Time: 0.8797343000187539
Train loss: 0.6746844988960081 Val loss: 0.12218370757061409 Time: 0.8280628000211436
Train loss: 0.664489856684483 Val loss: 0.12081829751624945 Time: 0.8703392999887001
Train loss: 0.674847333995686 Val loss: 0.12135445714436431 Time: 0.8501574999827426
Train loss: 0.7210216911659411 Val loss: 0.12365228827134525 Time: 0.8563175000017509
Shrinking learning rate to 1.0000000000000002e-06
Train loss: 0.6815476113878631 Val loss: 0.12113138219463658 Time: 0.830743500002427
Train loss: 0.6988780086695288 Val loss: 0.12206442221540732 Time: 0.8328002000052948
Train loss: 0.6270883276367782 Val loss: 0.11807869032143595 Time: 0.8941315000120085
Train loss: 0.6751151414947572 Val loss: 0.12069646965285638 Time: 0.882110400008969
Train loss: 0.682605459263641 Val loss: 0.12112284812273214 Time: 0.9347563000046648
Train loss: 0.7185444825200449 Val loss: 0.12320132865461281 Time: 0.8192632000136655
Train loss: 0.6765754053846607 Val loss: 0.12085110680501766 Time: 0.8204816000070423
Train loss: 0.6341692510420494 Val loss: 0.11853876536931664 Time: 0.8547843999986071
Train loss: 0.6229919587711228 Val loss: 0.11792727104080869 Time: 0.8352252999902703
Train loss: 0.664845793804858 Val loss: 0.12015384922087508 Time: 0.8271226999931969
Train loss: 0.645623345149005 Val loss: 0.11914366426420976 Time: 0.8150544000091031
Train loss: 0.6496182661781233 Val loss: 0.11934541280312146 Time: 0.836942399997497
Train loss: 0.6775303737394438 Val loss: 0.12093259811287581 Time: 0.8218372999981511
Train loss: 0.6513630829715709 Val loss: 0.1194233456417641 Time: 0.8427683000045363
Train loss: 0.6894677516773768 Val loss: 0.12155671319420343 Time: 0.8409415000060108
Train loss: 0.6405525374534877 Val loss: 0.11884207657141337 Time: 0.8222299999906681
Train loss: 0.6388445387219068 Val loss: 0.11880143661642988 Time: 0.8538906000030693
Train loss: 0.7662891379002303 Val loss: 0.12601370873314083 Time: 0.8386454999854323
Shrinking learning rate to 1.0000000000000002e-07
Learning rate getting small
Complete
 Total time: 189.33745989997988