starting log for model: Q:\00- PROJECTS\Flu Forecasts\flu\flu\models\gru_cvs_22-23.pth
Train loss: 0.39381261062089834 Val loss: 0.5020270227078258 Time: 0.10233949999928882
Train loss: 0.3921214407878324 Val loss: 0.5019442795584748 Time: 0.10927640000045358
Train loss: 0.3921214407878324 Val loss: 0.5019442795584748 Time: 0.10738579999997455
Train loss: 0.3921214407878324 Val loss: 0.5019442795584748 Time: 0.09846810000090045
Train loss: 0.3921214407878324 Val loss: 0.5019442795584748 Time: 0.097361500000261
Train loss: 0.3921214407878324 Val loss: 0.5019442795584748 Time: 0.10649999999986903
Train loss: 0.3921214407878324 Val loss: 0.5019442795584748 Time: 0.09916229999907955
Train loss: 0.3921214407878324 Val loss: 0.5019442795584748 Time: 0.09969179999825428
Train loss: 0.3921214407878324 Val loss: 0.5019442795584748 Time: 0.11054870000043593
Train loss: 0.3921214407878324 Val loss: 0.5019442795584748 Time: 0.08924109999861685
Train loss: 0.3921214407878324 Val loss: 0.5019442795584748 Time: 0.1001075000003766
Shrinking learning rate to 0.001
Train loss: 0.3921214407878324 Val loss: 0.5019442795584748 Time: 0.12414689999968687
Train loss: 0.3921214407878324 Val loss: 0.5019442795584748 Time: 0.09376190000148199
Train loss: 0.3921214407878324 Val loss: 0.5019442795584748 Time: 0.09117329999935464
Train loss: 0.3921214407878324 Val loss: 0.5019442795584748 Time: 0.09031169999980193
Train loss: 0.3921214407878324 Val loss: 0.5019442795584748 Time: 0.09914299999945797
Train loss: 0.3921214407878324 Val loss: 0.5019442795584748 Time: 0.13366169999972044
Train loss: 0.3921214407878324 Val loss: 0.5019442795584748 Time: 0.10429160000057891
Train loss: 0.3921214407878324 Val loss: 0.5019442795584748 Time: 0.0974119000002247
Train loss: 0.3921214407878324 Val loss: 0.5019442795584748 Time: 0.10292509999999311
Train loss: 0.3921214407878324 Val loss: 0.5019442795584748 Time: 0.08794060000036552
Shrinking learning rate to 0.0001
Train loss: 0.3921214407878324 Val loss: 0.5019442795584748 Time: 0.10731510000005073
Train loss: 0.3921214407878324 Val loss: 0.5019442795584748 Time: 0.09321500000078231
Train loss: 0.3921214407878324 Val loss: 0.5019442795584748 Time: 0.09821759999977075
Train loss: 0.3921214407878324 Val loss: 0.5019442795584748 Time: 0.09688679999999295
Train loss: 0.3921214407878324 Val loss: 0.5019442795584748 Time: 0.10044919999927515
Train loss: 0.3921214407878324 Val loss: 0.5019442795584748 Time: 0.09474380000028759
Train loss: 0.3921214407878324 Val loss: 0.5019442795584748 Time: 0.09642999999960011
Train loss: 0.3921214407878324 Val loss: 0.5019442795584748 Time: 0.09349629999996978
Train loss: 0.3921214407878324 Val loss: 0.5019442795584748 Time: 0.09083769999961078
Train loss: 0.3921214407878324 Val loss: 0.5019442795584748 Time: 0.09052539999902365
Shrinking learning rate to 1e-05
Train loss: 0.3921214407878324 Val loss: 0.5019442795584748 Time: 0.10386379999908968
Train loss: 0.3921214407878324 Val loss: 0.5019442795584748 Time: 0.088266200000362
Train loss: 0.3921214407878324 Val loss: 0.5019442795584748 Time: 0.11963850000029197
Train loss: 0.3921214407878324 Val loss: 0.5019442795584748 Time: 0.09778520000145363
Train loss: 0.3921214407878324 Val loss: 0.5019442795584748 Time: 0.10875409999971453
Train loss: 0.3921214407878324 Val loss: 0.5019442795584748 Time: 0.0986190000003262
Train loss: 0.3921214407878324 Val loss: 0.5019442795584748 Time: 0.09340089999932388
Train loss: 0.3921214407878324 Val loss: 0.5019442795584748 Time: 0.08929530000023078
Train loss: 0.3921214407878324 Val loss: 0.5019442795584748 Time: 0.09485640000093554
Train loss: 0.3921214407878324 Val loss: 0.5019442795584748 Time: 0.0895120000004681
Shrinking learning rate to 1.0000000000000002e-06
Train loss: 0.3921214407878324 Val loss: 0.5019442795584748 Time: 0.09146449999934703
Train loss: 0.3921214407878324 Val loss: 0.5019442795584748 Time: 0.09325039999930596
Train loss: 0.3921214407878324 Val loss: 0.5019442795584748 Time: 0.09443439999995462
Train loss: 0.3921214407878324 Val loss: 0.5019442795584748 Time: 0.11075100000016391
Train loss: 0.3921214407878324 Val loss: 0.5019442795584748 Time: 0.0999167000009038
Train loss: 0.3921214407878324 Val loss: 0.5019442795584748 Time: 0.10024760000123933
Train loss: 0.3921214407878324 Val loss: 0.5019442795584748 Time: 0.09288539999943168
Train loss: 0.3921214407878324 Val loss: 0.5019442795584748 Time: 0.09327900000062073
Train loss: 0.3921214407878324 Val loss: 0.5019442795584748 Time: 0.08940950000032899
Train loss: 0.3921214407878324 Val loss: 0.5019442795584748 Time: 0.09255170000142243
Shrinking learning rate to 1.0000000000000002e-07
Learning rate getting small
Complete
 Total time: 76.70524120000118