starting log for model: C:\Users\christopher.johnson\Documents\gru_new_23-24.pth
Train loss: 16.369588148330877 Val loss: 1.850960111228235 Time: 0.6191153000108898
Train loss: 15.151694955713175 Val loss: 1.7270521764000517 Time: 0.6152852000086568
Train loss: 13.101666570824051 Val loss: 1.512896296347717 Time: 0.6077682999894023
Train loss: 10.328535617485372 Val loss: 1.2079510681014871 Time: 0.6014985000074375
Train loss: 8.480546275119387 Val loss: 0.9956554378735157 Time: 0.5987371999945026
Train loss: 7.890907659046405 Val loss: 0.9231104376446216 Time: 0.6157777000044007
Train loss: 7.670027880215919 Val loss: 0.8904955163936544 Time: 0.616259500005981
Train loss: 7.519416390614651 Val loss: 0.8676936444339519 Time: 0.6181091999751516
Train loss: 7.399115785605204 Val loss: 0.8502187442797772 Time: 0.625465900026029
Train loss: 7.291926496183834 Val loss: 0.835297211656627 Time: 0.7593687000044156
Train loss: 7.187710269837002 Val loss: 0.8214789902439709 Time: 0.6105503999860957
Train loss: 7.0908282390618105 Val loss: 0.8092183989725934 Time: 0.5973019999801181
Train loss: 7.002033522764421 Val loss: 0.7982627807538035 Time: 0.6257503999804612
Train loss: 6.912797820520153 Val loss: 0.7875143408679782 Time: 0.622803100006422
Train loss: 6.8292368972956865 Val loss: 0.7777224674236458 Time: 0.6347059000108857
Train loss: 6.751811971054508 Val loss: 0.7685654141632121 Time: 0.6586371999874245
Train loss: 6.6676037330061035 Val loss: 0.759067125238089 Time: 0.6701722000143491
Train loss: 6.578036186141478 Val loss: 0.7491620397920875 Time: 0.6024863999919035
Train loss: 6.491897512731931 Val loss: 0.7386080798847349 Time: 0.7096470999822486
Train loss: 6.395798901722102 Val loss: 0.7273781417744521 Time: 0.6812380999908783
Train loss: 6.309409053337474 Val loss: 0.7170894436331807 Time: 0.6153451999998651
Train loss: 6.21695496937985 Val loss: 0.7065498127430596 Time: 0.6657867000030819
Train loss: 6.1238249823186095 Val loss: 0.6956047668285879 Time: 0.599922699999297
Train loss: 6.026585046375558 Val loss: 0.6848605995477113 Time: 0.6067409999959636
Train loss: 5.92840276899075 Val loss: 0.6736133665019012 Time: 0.7004942999919876
Train loss: 5.825502673212334 Val loss: 0.654764111444171 Time: 0.6081146000069566
Train loss: 5.729376041463468 Val loss: 0.643618458574984 Time: 0.6844605999940541
Train loss: 5.625040710125447 Val loss: 0.632093514471519 Time: 0.6347892000048887
Train loss: 5.522138477145603 Val loss: 0.6205959633337694 Time: 0.6847213999717496
Train loss: 5.416784234955721 Val loss: 0.6087497140440346 Time: 0.6299102999910247
Train loss: 5.309890872245802 Val loss: 0.596749566733061 Time: 0.6505373999825679
Train loss: 5.205532803088321 Val loss: 0.5850584933344721 Time: 0.7272546000021975
Train loss: 5.096734630311111 Val loss: 0.5733481373560039 Time: 0.6301738000183832
Train loss: 4.98491109950902 Val loss: 0.5619370502274048 Time: 0.6701039999898057
Train loss: 4.878204705247072 Val loss: 0.5506552781404809 Time: 0.6168606000137515
Train loss: 4.766427706415158 Val loss: 0.538894360294036 Time: 0.7161491999868304
Train loss: 4.656319605628475 Val loss: 0.5274829705826238 Time: 0.6543034000205807
Train loss: 4.533994939129283 Val loss: 0.5154560307919793 Time: 0.5924107000173535
Train loss: 4.421476273081247 Val loss: 0.5040454110789528 Time: 0.602548900002148
Train loss: 4.311266610987843 Val loss: 0.4924699116372134 Time: 0.6000042000086978
Train loss: 4.198302238913357 Val loss: 0.4810791639338094 Time: 0.6329855999792926
Train loss: 4.093322294670273 Val loss: 0.47006867337676195 Time: 0.5875503999995999
Train loss: 3.9950622535723106 Val loss: 0.4600873139762939 Time: 0.5821130000113044
Train loss: 3.880657498024724 Val loss: 0.44771372494713024 Time: 0.5831598999793641
Train loss: 3.7775735319431396 Val loss: 0.43689654809995754 Time: 0.5925772000045981
Train loss: 3.6884729421250313 Val loss: 0.42729480066121006 Time: 0.5890067000000272
Train loss: 3.602578368368328 Val loss: 0.41732092834857487 Time: 0.588368900003843
Train loss: 3.5214802880396965 Val loss: 0.40795538784890717 Time: 0.5868772999965586
Train loss: 3.455121621452818 Val loss: 0.4004014717791284 Time: 0.5825808999943547
Train loss: 3.38968815272969 Val loss: 0.39273648505210523 Time: 0.5812483000045177
Train loss: 3.3285196982657936 Val loss: 0.3851890223026599 Time: 0.5928750999737531
Train loss: 3.2738754188925157 Val loss: 0.37856282063902535 Time: 0.5897080000140704
Train loss: 3.2232992598523538 Val loss: 0.3851727849401039 Time: 0.5939095999929123
Train loss: 3.177381697733921 Val loss: 0.37895352091077156 Time: 0.5838616999972146
Train loss: 3.13537100005297 Val loss: 0.3733139536671385 Time: 0.6055230000056326
Train loss: 3.0936730228770033 Val loss: 0.3678813620838952 Time: 0.5855411000084132
Train loss: 3.053817777526855 Val loss: 0.3623666022983498 Time: 0.5846296999952756
Train loss: 3.0112611754171783 Val loss: 0.35646181992123777 Time: 0.5824345999862999
Train loss: 2.9722992899170873 Val loss: 0.3509145746017092 Time: 0.5875344999949448
Train loss: 2.9469977809483225 Val loss: 0.3464359604848764 Time: 0.6040850999997929
Train loss: 2.9171531152579977 Val loss: 0.3420330139983365 Time: 0.5873767999873962
Train loss: 2.883518544541266 Val loss: 0.33696493303222125 Time: 0.6115199000050779
Train loss: 2.848016129415784 Val loss: 0.3319841880668291 Time: 0.5818245999980718
Train loss: 2.8140754668179397 Val loss: 0.32707829034345487 Time: 0.5866889999888372
Train loss: 2.7866326069680496 Val loss: 0.3229496487012391 Time: 0.6673343000002205
Train loss: 2.753954084957769 Val loss: 0.31812520957251467 Time: 0.6520302999997512
Train loss: 2.7232089068138094 Val loss: 0.3132860025234235 Time: 0.5926605999993626
Train loss: 2.693174787476018 Val loss: 0.30908141443292697 Time: 0.5935105999815278
Train loss: 2.6654249482699672 Val loss: 0.3048538171353666 Time: 0.5893975000071805
Train loss: 2.6314081292314015 Val loss: 0.3001461140950871 Time: 0.5855586000252515
Train loss: 2.6053407212581865 Val loss: 0.2962249980092774 Time: 0.5844643999880645
Train loss: 2.5757751058782503 Val loss: 0.292225509577425 Time: 0.5897848000167869
Train loss: 2.54685837817779 Val loss: 0.28800873689588385 Time: 0.599001299997326
Train loss: 2.5182548451317572 Val loss: 0.28414707580779136 Time: 0.6055648000037763
Train loss: 2.488414128615304 Val loss: 0.28003212270902567 Time: 0.5965969999961089
Train loss: 2.4587131382336906 Val loss: 0.27632930168591296 Time: 0.5926329999929294
Train loss: 2.430172465551127 Val loss: 0.2725326166042533 Time: 0.5978280999988783
Train loss: 2.402243229795849 Val loss: 0.26903985013989296 Time: 0.5881825000105891
Train loss: 2.3733925827302738 Val loss: 0.2655900728594928 Time: 0.5874349999940023
Train loss: 2.3440452408634034 Val loss: 0.26190343948483963 Time: 0.605775400006678
Train loss: 2.3166278660211983 Val loss: 0.2583234009989754 Time: 0.5894235000014305
Train loss: 2.2928374647315515 Val loss: 0.255562455972205 Time: 0.5913562999921851
Train loss: 2.263211167319653 Val loss: 0.2520505204293684 Time: 0.6024414999992587
Train loss: 2.2391776372824497 Val loss: 0.24939013092760942 Time: 0.6301963999867439
Train loss: 2.212289447177509 Val loss: 0.2462925383655397 Time: 0.5895500000042375
Train loss: 2.185521842032733 Val loss: 0.24339552112635945 Time: 0.5899037000199314
Train loss: 2.1617935674648976 Val loss: 0.24083210435603414 Time: 0.5888861999846995
Train loss: 2.1363472440728613 Val loss: 0.23788156289393483 Time: 0.5930720999895129
Train loss: 2.10929983831403 Val loss: 0.23503427166093876 Time: 0.5901124000083655
Train loss: 2.0845861019471847 Val loss: 0.23239804762193145 Time: 0.5862262999871746
Train loss: 2.059685270574711 Val loss: 0.22974042901016592 Time: 0.6219857999822125
Train loss: 2.0372298216261697 Val loss: 0.22744394612422364 Time: 0.5937576999713201
Train loss: 2.0107730396298438 Val loss: 0.22489396184434074 Time: 0.5906154999975115
Train loss: 1.9898017784176156 Val loss: 0.22284023040217085 Time: 0.5919376999954693
Train loss: 1.9669148994572554 Val loss: 0.22068768954410578 Time: 0.5927242000179831
Train loss: 1.9451203183506607 Val loss: 0.21871200784212494 Time: 0.6431575999886263
Train loss: 1.9241682170333796 Val loss: 0.21688325450326304 Time: 0.5875821000081487
Train loss: 1.899933921779648 Val loss: 0.21482835147765367 Time: 0.5978391999960877
Train loss: 1.8783896408004188 Val loss: 0.21308252564667288 Time: 0.5862621999986004
Train loss: 1.853988167767529 Val loss: 0.21116916180563794 Time: 0.5911870000127237
Train loss: 1.8349215202508482 Val loss: 0.2098014906266348 Time: 0.5960537999926601
Train loss: 1.8188613974068863 Val loss: 0.20836002594272485 Time: 0.5994764000060968
Train loss: 1.7985240429131375 Val loss: 0.20689906192397922 Time: 0.5890964999853168
Train loss: 1.7791101854293223 Val loss: 0.20560949816121482 Time: 0.5929769999929704
Train loss: 1.7598575045764635 Val loss: 0.2044452802675914 Time: 0.599525800003903
Train loss: 1.7458189987083097 Val loss: 0.20379843442102188 Time: 0.6096442999842111
Train loss: 1.724359461345892 Val loss: 0.20249753906748333 Time: 0.6043107000004966
Train loss: 1.7065090409893884 Val loss: 0.20111609100634564 Time: 0.6186810999934096
Train loss: 1.687800338300291 Val loss: 0.20069769699804305 Time: 0.6028560999839101
Train loss: 1.671756275742804 Val loss: 0.19975347787488495 Time: 0.5828208000166342
Train loss: 1.6533636791769037 Val loss: 0.1994236211163627 Time: 0.5938715999945998
Train loss: 1.6343972759353917 Val loss: 0.1985934999276179 Time: 0.6138640000135638
Train loss: 1.6159276669741498 Val loss: 0.196696094640545 Time: 0.5888474000093993
Train loss: 1.5984387950009875 Val loss: 0.19660119973176216 Time: 0.5952143000031356
Train loss: 1.5736031692040342 Val loss: 0.19596298943103327 Time: 0.5901592999871355
Train loss: 1.5564632384707915 Val loss: 0.1961700399920839 Time: 0.590222700004233
Train loss: 1.5379439677365243 Val loss: 0.19640171270974877 Time: 0.5835955000075046
Train loss: 1.5160210820166746 Val loss: 0.19623905227565036 Time: 0.585172799997963
Train loss: 1.5032015452526082 Val loss: 0.19595883580633722 Time: 0.6029424000007566
Train loss: 1.4771117240633078 Val loss: 0.1955311806892979 Time: 0.6010697999736294
Train loss: 1.4665322548482607 Val loss: 0.19593675783040038 Time: 0.5978569000144489
Train loss: 1.4431635530012557 Val loss: 0.19678267745634673 Time: 0.5961416999925859
Train loss: 1.4311150089824967 Val loss: 0.1968442185629813 Time: 0.5876156000012998
Train loss: 1.4083584572029508 Val loss: 0.19662374269850497 Time: 0.5893521000107285
Train loss: 1.3998640947823953 Val loss: 0.1997743839849481 Time: 0.5961251000117045
Train loss: 1.3782136183943479 Val loss: 0.1996529847809505 Time: 0.5863479000108782
Train loss: 1.367064617305406 Val loss: 0.20234126595570215 Time: 0.5909480999980588
Train loss: 1.3506218656290372 Val loss: 0.2029991759632537 Time: 0.5985985999868717
Train loss: 1.3301543678198993 Val loss: 0.20471116561671573 Time: 0.6104541000095196
Train loss: 1.3218211251462808 Val loss: 0.2058600633153862 Time: 0.6132967000012286
Train loss: 1.3065453136153025 Val loss: 0.20522668719275938 Time: 0.5965874000103213
Train loss: 1.2981631747924176 Val loss: 0.20951473983005697 Time: 0.5998547000053804
Train loss: 1.2759210118040971 Val loss: 0.21145127360359375 Time: 0.6152488999941852
Train loss: 1.2594817129533595 Val loss: 0.21478729083716583 Time: 0.653975299996091
Train loss: 1.245347936920373 Val loss: 0.21659210320780384 Time: 0.6221159000124317
Train loss: 1.240352202494704 Val loss: 0.21866137248276302 Time: 0.5949793000181671
Train loss: 1.2167145089678826 Val loss: 0.2204621486741591 Time: 0.5844215000106487
Train loss: 1.2022053722517114 Val loss: 0.2237894943468934 Time: 0.5861130999983288
Train loss: 1.1888362640580965 Val loss: 0.22486368767627019 Time: 0.5889231000037398
Train loss: 1.167925709116476 Val loss: 0.2257735659286141 Time: 0.5918984999880195
Train loss: 1.1612137444186512 Val loss: 0.22907152084425145 Time: 0.6399104000010993
Train loss: 1.1422173222308856 Val loss: 0.23009153354366077 Time: 0.5925497999996878
Train loss: 1.1309514037613617 Val loss: 0.23391071215008633 Time: 0.596140200010268
Train loss: 1.1158074206946793 Val loss: 0.23444352754766953 Time: 0.5864495000278112
Train loss: 1.1082944408190087 Val loss: 0.23933474552261128 Time: 0.590959399996791
Train loss: 1.0930034605323087 Val loss: 0.2432977625817884 Time: 0.5905297999852337
Train loss: 1.0823176125141813 Val loss: 0.24993310974682473 Time: 0.5899877000192646
Train loss: 1.0709199003823002 Val loss: 0.249533026874558 Time: 0.5916944000055082
Train loss: 1.0624603977811091 Val loss: 0.25425436236925436 Time: 0.5937284000101499
Train loss: 1.0447720819538233 Val loss: 0.25760002155185346 Time: 0.5842996999854222
Train loss: 1.0388409951927002 Val loss: 0.2639658074542741 Time: 0.5861166999966372
Train loss: 1.0247446034596805 Val loss: 0.2647869497423276 Time: 0.5941849000228103
Train loss: 1.0195458405766757 Val loss: 0.2691914341154452 Time: 0.592866299994057
Train loss: 1.004242682719397 Val loss: 0.2750943567146811 Time: 0.5916660999937449
Train loss: 1.0040807041635844 Val loss: 0.2833413559499628 Time: 0.5943452000210527
Train loss: 0.9828367243846214 Val loss: 0.2839487024173298 Time: 0.5935707000026014
Train loss: 0.9808863415996711 Val loss: 0.2844289895271663 Time: 0.585941700002877
Train loss: 0.970123222112889 Val loss: 0.2960055861335346 Time: 0.5870539000025019
Train loss: 0.9644282414953125 Val loss: 0.3017272066830422 Time: 0.5959662000241224
Train loss: 0.9499006024376127 Val loss: 0.3046479916033659 Time: 0.5891256000031717
Train loss: 0.9463974198947085 Val loss: 0.3129337623381866 Time: 0.6433904000150505
Train loss: 0.9345265410236294 Val loss: 0.31529212777850696 Time: 0.6152412999945227
Train loss: 0.9196775123150047 Val loss: 0.3139752622359119 Time: 0.6772493000025861
Train loss: 0.9115123918011183 Val loss: 0.3210147657449056 Time: 0.604730599996401
Train loss: 0.9003445326987425 Val loss: 0.3179500332762234 Time: 0.618776200019056
Train loss: 0.8929072021276454 Val loss: 0.32610659366629646 Time: 0.7563933999917936
Train loss: 0.8798042410020184 Val loss: 0.33256045863909156 Time: 0.6010429000016302
Train loss: 0.8704996619669174 Val loss: 0.3332024680489485 Time: 0.6001913000072818
Train loss: 0.8655629214065179 Val loss: 0.3402151064436817 Time: 0.5940139999729581
Train loss: 0.8571217230902022 Val loss: 0.34932926935437336 Time: 0.5924437000066973
Train loss: 0.8373759179767575 Val loss: 0.347565228667625 Time: 0.7801962000085041
Train loss: 0.8421503387900708 Val loss: 0.35588972001558516 Time: 1.5387741999875288
Train loss: 0.8224950674035796 Val loss: 0.35727692233333924 Time: 1.5169297000102233
Train loss: 0.8208103585802178 Val loss: 0.36290750282031564 Time: 1.3767724999925122
Train loss: 0.8119357253932975 Val loss: 0.37035515893571724 Time: 1.3973536000121385
Train loss: 0.7989625915836491 Val loss: 0.3690258438626119 Time: 1.5375518999935593
Train loss: 0.7955724508702104 Val loss: 0.3748764931527595 Time: 1.456747499993071
Train loss: 0.7875418705272068 Val loss: 0.3855876053029157 Time: 1.5089697999937925
Train loss: 0.7796183836931121 Val loss: 0.3766870861738165 Time: 1.3630713000020478
Train loss: 0.7984835709403324 Val loss: 0.41031299480441685 Time: 1.3307466999976896
Train loss: 0.7824159067422727 Val loss: 0.38834211350135134 Time: 1.5690935000020545
Train loss: 0.7611670768518479 Val loss: 0.3805029738269588 Time: 1.3723673000058625
Train loss: 0.7630297251050138 Val loss: 0.4083203112021079 Time: 1.4979593000025488
Train loss: 0.7470325232498747 Val loss: 0.4028609982382922 Time: 1.4850178000051528
Train loss: 0.7386117701539319 Val loss: 0.40032680165243834 Time: 1.314863100007642
Train loss: 0.7441871193609337 Val loss: 0.41746030651011545 Time: 1.4954412000079174
Train loss: 0.733660315210301 Val loss: 0.42110538269643294 Time: 1.5304866000078619
Train loss: 0.7240672837402835 Val loss: 0.3995693765116285 Time: 1.4885827999969479
Train loss: 0.7230000337988827 Val loss: 0.4199764697368073 Time: 1.3583886999986134
Train loss: 0.7258038036013801 Val loss: 0.4315837291411338 Time: 1.5094332000007853
Train loss: 0.73256203097064 Val loss: 0.4053489206055511 Time: 1.6603688999894075
Train loss: 0.7150105237278819 Val loss: 0.3482401587528395 Time: 1.51338710001437
Train loss: 0.728899350895098 Val loss: 0.4014188799955168 Time: 1.4816967000078876
Train loss: 0.7631213328317976 Val loss: 0.4550361859083459 Time: 1.2754510000231676
Train loss: 0.700122918718332 Val loss: 0.36758337877465086 Time: 1.4865698000066914
Train loss: 0.730182648909107 Val loss: 0.2943735535461166 Time: 1.4906379000167362
Train loss: 0.7415763691758492 Val loss: 0.398893255634326 Time: 0.9380590000073425
Train loss: 0.7041482294170578 Val loss: 0.44394961781765896 Time: 0.660899700014852
Train loss: 0.681342253024539 Val loss: 0.3586017035352813 Time: 0.6220369999937247
Train loss: 0.715815892780995 Val loss: 0.3061345431654334 Time: 0.6123105000006035
Train loss: 0.7101514281751342 Val loss: 0.39962201112103385 Time: 0.6689486999821384
Train loss: 0.7055697547257296 Val loss: 0.4642683741317569 Time: 0.6013431999890599
Train loss: 0.6754165738421136 Val loss: 0.3345777585911056 Time: 0.5851742999802809
Train loss: 0.7516116621682656 Val loss: 0.2605025216516868 Time: 0.6288511999882758
Train loss: 0.74608389753746 Val loss: 0.4371040064486195 Time: 0.585200800007442
Train loss: 0.6755993830557989 Val loss: 0.4560816011350968 Time: 0.5843784000026062
Train loss: 0.6666822191183872 Val loss: 0.31227639572897997 Time: 0.583643399993889
Train loss: 0.7180254766133451 Val loss: 0.33595828130920596 Time: 0.5842789000016637
Train loss: 0.6933282648501624 Val loss: 0.48557404390720876 Time: 0.5863632000109646
Train loss: 0.6650031764498738 Val loss: 0.4221794475061694 Time: 0.5974835999950301
Train loss: 0.7417612071977402 Val loss: 0.26351363273820483 Time: 0.5891386999865063
Train loss: 0.790354487050255 Val loss: 0.4185332488896472 Time: 0.5983494000101928
Train loss: 0.6841192861847816 Val loss: 0.4641555103077703 Time: 0.5836231999855954
Train loss: 0.6312526973653263 Val loss: 0.3431477283639487 Time: 0.5920180000248365
Train loss: 0.679811202048576 Val loss: 0.30437984439095794 Time: 0.5992805999994744
Train loss: 0.667988035992557 Val loss: 0.42639448419831294 Time: 0.6001934999949299
Train loss: 0.6705777085440658 Val loss: 0.4494230432687662 Time: 0.5985043999971822
Train loss: 0.6125677110566121 Val loss: 0.2873053634793355 Time: 0.6029331999889109
Train loss: 0.7178763249154669 Val loss: 0.30170378977155327 Time: 0.5980965000053402
Train loss: 0.6609511757055131 Val loss: 0.43253499960866715 Time: 0.5894643000210635
Train loss: 0.6914613264011167 Val loss: 0.41851094147489115 Time: 0.5860124000173528
Train loss: 0.6281057494099116 Val loss: 0.27095657257443545 Time: 0.5853071000019554
Train loss: 0.7126844145835616 Val loss: 0.3343598014857808 Time: 0.6012043000082485
Train loss: 0.6571184710886242 Val loss: 0.44675350535242925 Time: 0.6059165000042412
Train loss: 0.6738987703369479 Val loss: 0.37345358740142093 Time: 0.5982095999934245
Train loss: 0.6470280135617195 Val loss: 0.26671171181952297 Time: 0.5854443999996874
Train loss: 0.6810370358139437 Val loss: 0.36604890745179697 Time: 0.5880051999993157
Shrinking learning rate to 1e-05
Train loss: 1.700941781147856 Val loss: 0.3795100463631612 Time: 0.5878782000218052
Train loss: 1.0563553702819526 Val loss: 0.3692444605562871 Time: 0.6434588000120129
Train loss: 0.8673872370044364 Val loss: 0.35894826330856866 Time: 0.5818712000036612
Train loss: 0.8034808647864082 Val loss: 0.3487410315692713 Time: 0.5783011000021361
Train loss: 0.7713238633826145 Val loss: 0.34080453796999133 Time: 0.5927056999935303
Train loss: 0.7507792000865265 Val loss: 0.33530648753643516 Time: 0.6251732000091579
Train loss: 0.7368345851504188 Val loss: 0.3313514954942417 Time: 0.5792879000073299
Train loss: 0.7271003227588295 Val loss: 0.3285949068940179 Time: 0.5799943000019994
Train loss: 0.7177794375846753 Val loss: 0.3265435782297677 Time: 0.5763266000139993
Train loss: 0.7075701791623175 Val loss: 0.32461920109111103 Time: 0.5825399000023026
Shrinking learning rate to 1.0000000000000002e-06
Train loss: 2.2141006615671586 Val loss: 0.3642902876186839 Time: 0.5814070999913383
Train loss: 2.0455799451816574 Val loss: 0.3614955253031577 Time: 0.5769128999963868
Train loss: 1.8844538467653962 Val loss: 0.3598233765210402 Time: 0.57606909997412
Train loss: 1.7330689603132896 Val loss: 0.3593700303656708 Time: 0.6173684000095818
Train loss: 1.595440857923851 Val loss: 0.3598827822191099 Time: 0.5817378999781795
Train loss: 1.4721846454315255 Val loss: 0.36136651698530764 Time: 0.5783682999899611
Train loss: 1.3645841489467756 Val loss: 0.3634731001596342 Time: 0.59886839997489
Train loss: 1.2734757994586943 Val loss: 0.3659909570688229 Time: 0.5801079999946523
Train loss: 1.1955434761926762 Val loss: 0.36872672030406195 Time: 0.5855305999866687
Train loss: 1.1283821310171938 Val loss: 0.3714675569883058 Time: 0.6235993999871425
Shrinking learning rate to 1.0000000000000002e-07
Learning rate getting small
Complete
 Total time: 172.0504580999841