starting log for model: C:\Users\christopher.johnson\Documents\GitHub\flu\gru_drop_B_2019.pth
Train loss: 12.111394558414304 Val loss: 0.2434174078371143 Time: 0.7713679999578744
Train loss: 11.598870298010517 Val loss: 0.2701049441784562 Time: 0.8129225999582559
Train loss: 11.592809397934317 Val loss: 0.2725258139307698 Time: 0.7337451002094895
Train loss: 11.490140310800342 Val loss: 0.2584621466965018 Time: 0.7692261999472976
Train loss: 11.121182171687288 Val loss: 0.23428753082407638 Time: 0.8082242000382394
Train loss: 9.168849422585339 Val loss: 0.16093666997403488 Time: 0.7662410999182612
Train loss: 6.520023469284958 Val loss: 0.4050934146970917 Time: 0.7638783000875264
Train loss: 5.190465948487088 Val loss: 0.5502591570370896 Time: 0.7886427000630647
Train loss: 5.1395150918779535 Val loss: 0.7118350132471254 Time: 0.7798631000332534
Train loss: 4.193460624115318 Val loss: 0.8843430550990377 Time: 0.8548228999134153
Train loss: 4.290491475725759 Val loss: 0.9261003635517397 Time: 0.8050142000429332
Train loss: 3.7621708760715418 Val loss: 0.9944228285166901 Time: 0.7852916999254376
Train loss: 3.420381580407044 Val loss: 1.0041417267102588 Time: 0.8409931000787765
Train loss: 3.3799788978397647 Val loss: 1.1340222952276235 Time: 0.7739599999040365
Train loss: 3.4777247474450403 Val loss: 1.1957678273481065 Time: 0.8011668999679387
Train loss: 3.345655380321454 Val loss: 1.0747015827237192 Time: 0.7779831001535058
Train loss: 3.5463528107238216 Val loss: 1.1113146173651955 Time: 0.7901836999226362
Train loss: 3.2391381519683677 Val loss: 0.8927986448109957 Time: 0.7849320999812335
Train loss: 2.8503187809733803 Val loss: 0.9700877366030909 Time: 0.9517640999983996
Train loss: 3.018152886079829 Val loss: 0.9688994733812866 Time: 0.8291122999507934
Train loss: 2.677909721044383 Val loss: 0.9224351498792203 Time: 0.8126585001591593
Train loss: 2.6435885461257858 Val loss: 0.983789999992041 Time: 0.7724756998941302
Train loss: 2.7124890692345716 Val loss: 0.8726045567727851 Time: 0.7794612001162022
Train loss: 2.527681472088247 Val loss: 0.789358864776176 Time: 0.7873247999232262
Train loss: 2.8378611474463438 Val loss: 0.8196273451955562 Time: 0.7992559999693185
Train loss: 2.416683985817002 Val loss: 0.6557272373961922 Time: 0.8043389001395553
Train loss: 2.518450014970348 Val loss: 0.6734556814539019 Time: 0.7830028999596834
Train loss: 2.5833098462735524 Val loss: 0.6655683092619142 Time: 0.7692485000006855
Train loss: 2.2998794730299688 Val loss: 0.5074653580668382 Time: 0.7911199000664055
Train loss: 2.1477168697645936 Val loss: 0.46557166018828866 Time: 0.7683822000399232
Train loss: 2.2160800998596124 Val loss: 0.46153379858878907 Time: 0.7847713001538068
Train loss: 2.2990057795909564 Val loss: 0.3778730096310028 Time: 0.7912455999758095
Train loss: 2.206495513501845 Val loss: 0.35155338327604113 Time: 0.9263796999584883
Train loss: 2.0998175243347768 Val loss: 0.28962439981114585 Time: 0.8801567000336945
Train loss: 1.8953477340152922 Val loss: 0.27237515241722576 Time: 0.8290674001909792
Train loss: 1.9432257043073187 Val loss: 0.23870629971497692 Time: 0.8211998001206666
Train loss: 1.6745156628024604 Val loss: 0.19807109775865683 Time: 0.8296130998060107
Train loss: 1.85953903745372 Val loss: 0.21711797956959344 Time: 0.817239899886772
Train loss: 1.785043522396501 Val loss: 0.18954861124802846 Time: 0.7953813998028636
Train loss: 1.8090287152950015 Val loss: 0.18716637148600057 Time: 0.8176176999695599
Train loss: 1.7199541058548107 Val loss: 0.18262603889161255 Time: 0.7677368998993188
Train loss: 1.7282591109954506 Val loss: 0.16372039991256315 Time: 0.8080486999824643
Train loss: 1.6088722595941576 Val loss: 0.13683274576033 Time: 0.8018740999978036
Train loss: 1.447680557864561 Val loss: 0.12284544191061286 Time: 0.7853218000382185
Train loss: 1.5544418897379852 Val loss: 0.1566230688840733 Time: 0.8098200000822544
Train loss: 1.561414354885351 Val loss: 0.09109879330935655 Time: 0.7915512998588383
Train loss: 1.7123018413192836 Val loss: 0.11394466949067805 Time: 0.8106905999593437
Train loss: 1.6864907049684934 Val loss: 0.1612511372222798 Time: 0.7889249001163989
Train loss: 1.7228931084107992 Val loss: 0.18040169503077408 Time: 0.8330896000843495
Train loss: 1.6378496642081557 Val loss: 0.1074792213330511 Time: 0.8052020000759512
Train loss: 1.7455084811248076 Val loss: 0.14288947491874637 Time: 0.8693717999849468
Train loss: 1.2760104304428448 Val loss: 0.12162470383464097 Time: 0.7898325999267399
Train loss: 1.289336051741437 Val loss: 0.15909678961907048 Time: 0.8150454999413341
Train loss: 1.2857213909738405 Val loss: 0.10774780800602457 Time: 0.7891475001815706
Train loss: 1.2790630112565644 Val loss: 0.09749836010939816 Time: 0.804065200034529
Train loss: 1.158047973281149 Val loss: 0.0766120702628541 Time: 0.8182590000797063
Train loss: 1.2918116840512077 Val loss: 0.10456847770547029 Time: 0.7886733000632375
Train loss: 1.2533345147193755 Val loss: 0.14494538809231017 Time: 0.7769138000439852
Train loss: 1.085573302966596 Val loss: 0.10008591253881605 Time: 0.8117120999377221
Train loss: 1.041681177314583 Val loss: 0.12194059262401424 Time: 1.0833424001466483
Train loss: 1.3685191075991803 Val loss: 0.0633221626330851 Time: 1.6992959000635892
Train loss: 1.1426029548259562 Val loss: 0.12498958354262868 Time: 1.2222107001580298
Train loss: 0.8265773631781075 Val loss: 0.10592842387814017 Time: 1.4134982000105083
Train loss: 1.0738002004513412 Val loss: 0.12470882128400262 Time: 1.04314130009152
Train loss: 1.0059770463021933 Val loss: 0.1106676229974255 Time: 0.9330659001134336
Train loss: 0.9637200264504031 Val loss: 0.16130302107194439 Time: 0.8651347998529673
Train loss: 0.9732543537242808 Val loss: 0.09521086628956255 Time: 0.8973952000960708
Train loss: 0.8552945181481642 Val loss: 0.1173428561523906 Time: 1.1534436999354511
Train loss: 0.9826072388890887 Val loss: 0.08282634634815622 Time: 1.4961870000697672
Train loss: 0.7885420111566157 Val loss: 0.10787455405807123 Time: 1.329110899940133
Train loss: 0.9811506966893053 Val loss: 0.10762323142989771 Time: 1.2585020000115037
Train loss: 0.8135063703219432 Val loss: 0.06794182547309902 Time: 1.1002423998434097
Train loss: 0.6552036824711456 Val loss: 0.14524773172161076 Time: 1.278502499917522
Train loss: 0.6678505847218335 Val loss: 0.15285030324594118 Time: 0.8054206999950111
Train loss: 0.8636441424224359 Val loss: 0.05910855362981238 Time: 0.811712599825114
Train loss: 0.6896336469738031 Val loss: 0.047342554837086936 Time: 0.802434700075537
Train loss: 0.7525699898806534 Val loss: 0.16277704610547516 Time: 0.8323479001410306
Train loss: 1.0436424057217248 Val loss: 0.13845109185785986 Time: 0.8188610000070184
Train loss: 0.6389500697601367 Val loss: 0.048478675042133546 Time: 0.8115187999792397
Train loss: 0.9169995205729706 Val loss: 0.1696731087868102 Time: 0.817764800041914
Train loss: 0.806801928637956 Val loss: 0.07605560050824423 Time: 0.9375173000153154
Train loss: 0.7593126943504886 Val loss: 0.09958206400915515 Time: 0.8316087999846786
Train loss: 0.6192810354621001 Val loss: 0.072599730501679 Time: 0.8094564999919385
Train loss: 0.7164634234888467 Val loss: 0.09817829806070222 Time: 0.8159779999405146
Train loss: 0.8382614022215042 Val loss: 0.0828865305884392 Time: 0.804144199937582
Train loss: 0.6892810813919539 Val loss: 0.11360104822233552 Time: 0.8205095999874175
Train loss: 0.776869422519881 Val loss: 0.07418955395405646 Time: 0.80971399997361
Train loss: 0.6694008734082129 Val loss: 0.09588357814936899 Time: 0.8298090999014676
Train loss: 0.7997699829583764 Val loss: 0.0788155605623615 Time: 0.7918793000280857
Train loss: 0.8256042433813349 Val loss: 0.13467814501927933 Time: 0.9090156001038849
Train loss: 0.47789333261154265 Val loss: 0.15275694762385683 Time: 0.8052759999409318
Train loss: 0.7707315960381607 Val loss: 0.10776592104957672 Time: 0.7958603999577463
Train loss: 0.6461929926252532 Val loss: 0.06675368478522614 Time: 0.8053492999169976
Train loss: 0.5858655974793621 Val loss: 0.11793721752110287 Time: 0.7796364000532776
Train loss: 0.7340400476580067 Val loss: 0.10046922004767112 Time: 0.7945787999778986
Train loss: 0.6525824395584507 Val loss: 0.10669100884479121 Time: 0.78607889986597
Train loss: 0.5042538507242913 Val loss: 0.12112538685664731 Time: 0.8149476998951286
Train loss: 0.6612284442461172 Val loss: 0.15285981365013868 Time: 0.8120448999106884
Train loss: 0.4615259023647574 Val loss: 0.10421419510450747 Time: 0.8090642001479864
Train loss: 0.6518791097816248 Val loss: 0.11754309362731874 Time: 0.8038792000152171
Train loss: 0.49269913122808795 Val loss: 0.10127932281466201 Time: 0.8328110999427736
Train loss: 0.648944723917946 Val loss: 0.120139952559839 Time: 0.8071091000456363
Train loss: 0.5412358569635263 Val loss: 0.10968219042342753 Time: 0.7910313000902534
Train loss: 0.6675887353111634 Val loss: 0.11068351094581885 Time: 0.8210348000284284
Train loss: 0.5973202060085638 Val loss: 0.10855403912137263 Time: 0.8228233000263572
Train loss: 0.7271053735488566 Val loss: 0.11354715333436616 Time: 0.777037400053814
Train loss: 0.7801172730177086 Val loss: 0.061401589528031764 Time: 0.7880073001142591
Train loss: 0.7285024799899442 Val loss: 0.14911813708204136 Time: 0.7939557998906821
Shrinking learning rate to 1e-05
Train loss: 0.4907293116428164 Val loss: 0.10438781999073399 Time: 0.6915017999708652
Train loss: 0.4860591192685577 Val loss: 0.09173119318393219 Time: 0.712309000082314
Train loss: 0.6166408916093423 Val loss: 0.10553867100225034 Time: 0.7243453999981284
Train loss: 0.6419130529492716 Val loss: 0.09780753828749766 Time: 0.7315875000786036
Train loss: 0.5784134962469665 Val loss: 0.08975706316698506 Time: 0.7006216000299901
Train loss: 0.49969095433746946 Val loss: 0.0881246928438486 Time: 0.7113216000143439
Train loss: 0.5028200790288739 Val loss: 0.09277727461085306 Time: 0.7139367999043316
Train loss: 0.5845542722242163 Val loss: 0.08647441577477366 Time: 0.7000703001394868
Train loss: 0.5355252477185823 Val loss: 0.09201661270981276 Time: 0.7005978999659419
Train loss: 0.5752452215796104 Val loss: 0.09417064536683029 Time: 0.7041460999753326
Shrinking learning rate to 1.0000000000000002e-06
Train loss: 0.5715946078132106 Val loss: 0.10394975949685659 Time: 0.7177402002271265
Train loss: 0.4548029842966781 Val loss: 0.10428805637230454 Time: 0.681406700052321
Train loss: 0.6927509192673078 Val loss: 0.10431724803710196 Time: 0.6759942998178303
Train loss: 0.7356797084901379 Val loss: 0.10478936127879024 Time: 0.7049773000180721
Train loss: 0.5578182911671189 Val loss: 0.10429706567185804 Time: 0.7532399999909103
Train loss: 0.5686461382310224 Val loss: 0.10333930983813389 Time: 0.7055838999804109
Train loss: 0.6832245511360675 Val loss: 0.10308786596363007 Time: 0.7003218999598175
Train loss: 0.7081188981177782 Val loss: 0.10262157807619587 Time: 0.6905644000507891
Train loss: 0.5781783956325941 Val loss: 0.10307990611363493 Time: 0.6876777999568731
Train loss: 0.45777718750782626 Val loss: 0.10357359034696856 Time: 0.7256974999327213
Train loss: 0.6095905620117432 Val loss: 0.10453637266755322 Time: 0.7110307000111789
Shrinking learning rate to 1.0000000000000002e-07
Learning rate getting small
Complete
 Total time: 107.86000319989398