starting log for model: C:\Users\christopher.johnson\Documents\GitHub\flu\gru_drop_B_2019_usa.pth
Train loss: 13.81041891625133 Val loss: 0.40819925570394844 Time: 1.156371399993077
Train loss: 7.443347573194156 Val loss: 2.4346568517036644 Time: 1.1644025000277907
Train loss: 6.200618354385433 Val loss: 0.11374854772202525 Time: 1.127109199995175
Train loss: 5.3889661921096845 Val loss: 0.15774487825193972 Time: 1.140812600031495
Train loss: 5.255040533496482 Val loss: 0.2553329679649323 Time: 1.0150335999205709
Train loss: 6.244028928362347 Val loss: 0.3472726600593887 Time: 1.2658400000073016
Train loss: 5.6415704075260695 Val loss: 1.2551740597041885 Time: 1.1743491000961512
Train loss: 4.092449815772538 Val loss: 0.8843190888146637 Time: 1.2697173999622464
Train loss: 3.734857916381106 Val loss: 0.37722191360080615 Time: 1.1907605999149382
Train loss: 3.111570685485077 Val loss: 0.4202392413717462 Time: 1.2738133000675589
Train loss: 3.3912093493906657 Val loss: 0.6765060859797813 Time: 1.246848599985242
Train loss: 2.728878081444787 Val loss: 0.4801376206769419 Time: 1.299452800070867
Train loss: 2.6653422295028975 Val loss: 0.4398507315583515 Time: 1.2212217000778764
Train loss: 3.3940075364341453 Val loss: 0.37962416373193264 Time: 1.322380900150165
Train loss: 3.2776910017643957 Val loss: 0.39034769404679537 Time: 1.2094755999278277
Train loss: 3.989759292550531 Val loss: 0.019045753610946292 Time: 1.0412024999968708
Train loss: 3.4135451582780263 Val loss: 0.22428207501070574 Time: 1.3022358000744134
Train loss: 2.5874975780803897 Val loss: 0.27766650446574204 Time: 1.0779728998895735
Train loss: 2.3546973568182428 Val loss: 0.2737631911295466 Time: 1.2117006001062691
Train loss: 2.438298031574445 Val loss: 0.07048062208417605 Time: 1.0683552999980748
Train loss: 2.5387141847218295 Val loss: 0.16148132484522648 Time: 1.3011081002186984
Train loss: 2.14017597618653 Val loss: 0.030200638656360468 Time: 1.305517999920994
Train loss: 2.560407517614518 Val loss: 0.06853835005404108 Time: 1.3227323000319302
Train loss: 2.6240780747849968 Val loss: 0.19300743826897815 Time: 1.2303859000094235
Train loss: 4.492951529886511 Val loss: 0.12982889146132948 Time: 1.3191935000941157
Train loss: 2.085703733068147 Val loss: 0.0519715569299013 Time: 1.220624400069937
Train loss: 1.8774851025951076 Val loss: 0.26881134996352074 Time: 1.3356854999437928
Train loss: 2.2467185519410364 Val loss: 0.08638207511103246 Time: 1.2489989001769572
Train loss: 2.655196042488347 Val loss: 0.10369569207250606 Time: 1.4117439000401646
Train loss: 2.2863623649109446 Val loss: 0.030984760504452424 Time: 1.2532465001568198
Train loss: 1.6407855786818466 Val loss: 0.31753331338768476 Time: 1.3377078999765217
Train loss: 2.9658631277439405 Val loss: 0.15114317103507346 Time: 1.255071499850601
Train loss: 2.4189912288026107 Val loss: 0.08446545205652001 Time: 1.0899237000849098
Train loss: 1.692944788178719 Val loss: 0.25420400296570733 Time: 1.3568628001958132
Train loss: 1.4429624108509074 Val loss: 0.4113530973071562 Time: 1.2682847999967635
Train loss: 1.659509817232605 Val loss: 0.494532475790038 Time: 1.3339164000935853
Train loss: 1.543324086241181 Val loss: 0.2454953711712733 Time: 1.2582266998942941
Train loss: 1.4238401727660963 Val loss: 0.2600669922794623 Time: 1.337012399919331
Train loss: 1.2973250367405864 Val loss: 0.06304433329611925 Time: 1.2899453002028167
Train loss: 1.4765507322992728 Val loss: 0.2573315566896781 Time: 1.3344596999231726
Train loss: 1.1439516957963765 Val loss: 0.47048884180549067 Time: 1.334060400025919
Train loss: 1.5637512877090813 Val loss: 0.1791540800477378 Time: 1.36170669994317
Train loss: 2.1579661710267306 Val loss: 0.18129926367882376 Time: 1.261059399927035
Train loss: 1.139734759130814 Val loss: 0.4819038606947288 Time: 1.371205799980089
Train loss: 1.2588824619767847 Val loss: 0.4282594916294329 Time: 1.2736937999725342
Train loss: 1.2084911027907579 Val loss: 0.4530103195575066 Time: 1.3833530000410974
Train loss: 1.5917906956849652 Val loss: 0.53650658231345 Time: 1.2772158000152558
Train loss: 1.402248316364279 Val loss: 0.31058600798678526 Time: 1.3611212999094278
Train loss: 1.4234664740625949 Val loss: 0.6584927397198044 Time: 1.2669616001658142
Train loss: 1.606714498300862 Val loss: 0.26089214912442493 Time: 1.368718400131911
Train loss: 1.2143814620100812 Val loss: 0.4307417338277446 Time: 1.2792037001345307
Train loss: 1.4690053356224055 Val loss: 0.5233978414325975 Time: 1.3552882999647409
Train loss: 1.6135284268527457 Val loss: 0.3158639968314674 Time: 1.254901299951598
Shrinking learning rate to 0.0001
Train loss: 1.50091470912926 Val loss: 0.2748676025359629 Time: 1.0179865001700819
Train loss: 1.06870847712249 Val loss: 0.2612512460028711 Time: 0.7578465999104083
Train loss: 1.0086019827786217 Val loss: 0.23146597422163495 Time: 0.7665463997982442
Train loss: 0.8443781579422895 Val loss: 0.24254848372418192 Time: 0.769724200014025
Train loss: 1.0622381389511557 Val loss: 0.2361255692553641 Time: 0.7538929998409003
Train loss: 0.88792577432441 Val loss: 0.22440392082756944 Time: 0.7579780998639762
Train loss: 1.0132633698543998 Val loss: 0.22032279552206546 Time: 0.785607400117442
Train loss: 0.9630563896721984 Val loss: 0.2547221182115358 Time: 0.7605262999422848
Train loss: 0.9767270230435368 Val loss: 0.20996426299558912 Time: 0.7570545999333262
Train loss: 0.8630564534550091 Val loss: 0.20362199438670814 Time: 0.772948500001803
Train loss: 0.76697593116657 Val loss: 0.23537863957693617 Time: 0.7718521000351757
Train loss: 0.8125692879082607 Val loss: 0.22303860907976514 Time: 0.7778781000524759
Train loss: 0.602929885208179 Val loss: 0.22225765606845016 Time: 0.7536943999584764
Train loss: 0.8803010256852142 Val loss: 0.20501867981332111 Time: 0.7557848000433296
Train loss: 0.8144913300359917 Val loss: 0.22083493312379687 Time: 0.7839446000289172
Train loss: 0.6303299085756722 Val loss: 0.22964829955943244 Time: 0.7733718000818044
Train loss: 0.6453812519785611 Val loss: 0.22981833349553682 Time: 0.7622058000415564
Train loss: 0.7691140300881809 Val loss: 0.24952619354246508 Time: 0.7653851001523435
Train loss: 0.6656839982168161 Val loss: 0.2394212618524989 Time: 0.8467468000017107
Train loss: 0.7288478333158261 Val loss: 0.23530467228374619 Time: 0.815813499968499
Train loss: 0.7522728214478356 Val loss: 0.19936405366602816 Time: 0.7577003000769764
Train loss: 0.5692672213833134 Val loss: 0.2728863435987332 Time: 0.7541759999003261
Train loss: 0.6981640517758634 Val loss: 0.23852879311289144 Time: 0.7672321000136435
Train loss: 0.6126382422652572 Val loss: 0.2256704852961775 Time: 0.7698353999294341
Train loss: 0.7249878523573607 Val loss: 0.27376972730780835 Time: 0.7834737999364734
Train loss: 0.7748220077345689 Val loss: 0.2886936643956517 Time: 0.7664331998676062
Train loss: 1.0469031574578622 Val loss: 0.2174929165779531 Time: 0.7781707998365164
Train loss: 0.6039105688003767 Val loss: 0.27328352257097777 Time: 0.7767888000234962
Train loss: 0.5493443095519916 Val loss: 0.24122799248710625 Time: 0.7590095999184996
Train loss: 0.47707239691626313 Val loss: 0.25218426906447533 Time: 0.7578092000912875
Train loss: 0.3810112657123952 Val loss: 0.28574764611300907 Time: 0.7653318999800831
Train loss: 0.6389449455738525 Val loss: 0.27817657543670293 Time: 0.7809625999070704
Train loss: 0.8263317064195737 Val loss: 0.2449876553314425 Time: 0.7766330000013113
Train loss: 0.5706181523910191 Val loss: 0.23348309043376503 Time: 0.7707048999145627
Train loss: 0.7865247780077484 Val loss: 0.25892815777615397 Time: 0.7873289999552071
Train loss: 0.7622332118776405 Val loss: 0.2552816499272694 Time: 0.7679759000893682
Train loss: 0.5144670752491272 Val loss: 0.24998924306714798 Time: 0.8243704000487924
Train loss: 0.7075579262039802 Val loss: 0.2517870868124419 Time: 0.8028845998924226
Train loss: 0.4927657271827819 Val loss: 0.2572131706432117 Time: 0.7711656000465155
Train loss: 0.6069508834196427 Val loss: 0.24465052854674596 Time: 0.7781301001086831
Shrinking learning rate to 1e-05
Train loss: 0.5893058574577075 Val loss: 0.27887220954625036 Time: 0.7829803999047726
Train loss: 0.5907953116406683 Val loss: 0.2776265943963274 Time: 0.7700923001393676
Train loss: 0.5333723251537674 Val loss: 0.2667364660744056 Time: 0.7570889999624342
Train loss: 0.7386847360568609 Val loss: 0.263462272166862 Time: 0.7950516000855714
Train loss: 0.4950389388763785 Val loss: 0.2608524368502003 Time: 0.8459832998923957
Train loss: 0.5119518525448248 Val loss: 0.2621584171864697 Time: 0.8135470999404788
Train loss: 0.7548837314021952 Val loss: 0.2621801210450485 Time: 0.8117337999865413
Train loss: 0.5616806096939571 Val loss: 0.2688352194382446 Time: 0.8231541998684406
Train loss: 0.7003457129696429 Val loss: 0.2657454059275892 Time: 0.807384200161323
Train loss: 0.5777790010260038 Val loss: 0.2612460310137976 Time: 0.8407695998903364
Shrinking learning rate to 1.0000000000000002e-06
Train loss: 0.7138535595263422 Val loss: 0.2847041834186257 Time: 0.8327738998923451
Train loss: 0.6572982297409791 Val loss: 0.2834464254087834 Time: 0.8097471999935806
Train loss: 0.7156177231818859 Val loss: 0.28264315094725134 Time: 0.8266479999292642
Train loss: 0.6762552944862161 Val loss: 0.28175775434942807 Time: 0.7968754000030458
Train loss: 0.7293759830872071 Val loss: 0.2810138931502024 Time: 0.814474199898541
Train loss: 0.813296103207593 Val loss: 0.2808183723630009 Time: 0.9041061999741942
Train loss: 0.53622960924283 Val loss: 0.2801141674935934 Time: 0.8684943001717329
Train loss: 0.7148218959390906 Val loss: 0.2795628705755462 Time: 0.8251163000240922
Train loss: 0.7735118386750557 Val loss: 0.27870793196484556 Time: 0.8058249999303371
Train loss: 0.6910800269075177 Val loss: 0.2782506575658772 Time: 0.8145817001350224
Shrinking learning rate to 1.0000000000000002e-07
Learning rate getting small
Complete
 Total time: 114.49935820000246