starting log for model: Q:\00- PROJECTS\Flu Forecasts\flu\flu\models\gru_B_22-23.pth
Train loss: 13.956899584209225 Val loss: 2.1389605932563427 Time: 0.7558125000214204
Train loss: 12.668664491182028 Val loss: 1.9396790661839987 Time: 0.602114100009203
Train loss: 10.757357341363871 Val loss: 1.6234158194274642 Time: 0.47041449998505414
Train loss: 8.432472159064986 Val loss: 1.3486071256920695 Time: 0.49221910000778735
Train loss: 6.853829945456528 Val loss: 1.2148218362417538 Time: 0.4835000000020955
Train loss: 6.18125865032718 Val loss: 1.1727563690510578 Time: 0.45864029999938793
Train loss: 5.816466509400772 Val loss: 1.1552163119777106 Time: 0.4676045999804046
Train loss: 5.582084335132418 Val loss: 1.1481548117881175 Time: 0.45007340001757257
Train loss: 5.480889052987534 Val loss: 1.1450378736262792 Time: 0.466286900016712
Train loss: 5.326498801897612 Val loss: 1.1438162763761284 Time: 0.4384800000116229
Train loss: 5.171402876230122 Val loss: 1.1449752493372216 Time: 0.43305349998991005
Train loss: 5.07390751010334 Val loss: 1.1377268584401463 Time: 0.468518400011817
Train loss: 5.014805107368847 Val loss: 1.1393301819480257 Time: 0.4415815999964252
Train loss: 4.866819542677046 Val loss: 1.1387794519250747 Time: 0.45880530000431463
Train loss: 4.809957031991651 Val loss: 1.13381271486287 Time: 0.45425280000199564
Train loss: 4.669804835552377 Val loss: 1.1312414660060313 Time: 0.4527134000090882
Train loss: 4.673294129784048 Val loss: 1.1334014626118005 Time: 0.45707480001146905
Train loss: 4.5311451693872 Val loss: 1.1394076375351574 Time: 0.5592102999798954
Train loss: 4.484578071212408 Val loss: 1.1292435442919668 Time: 0.6853260999778286
Train loss: 4.332530983021613 Val loss: 1.1352196422267298 Time: 0.5885834000073373
Train loss: 4.34772923525793 Val loss: 1.1428102089878394 Time: 0.6226254000212066
Train loss: 4.2130423931549785 Val loss: 1.1421552208277035 Time: 0.5189461999980267
Train loss: 4.161508439664697 Val loss: 1.1249543294443356 Time: 0.4750196999812033
Train loss: 4.096547051079133 Val loss: 1.13847038038557 Time: 0.5348513000062667
Train loss: 4.046393836457065 Val loss: 1.1424968227706813 Time: 0.383933299977798
Train loss: 3.9351753496937327 Val loss: 1.132339190427274 Time: 0.4496657999989111
Train loss: 3.9175761701417375 Val loss: 1.1459754799107031 Time: 0.6350629000226036
Train loss: 3.8786026164437146 Val loss: 1.14538121723308 Time: 0.5833380999974906
Train loss: 3.774186219296401 Val loss: 1.1533567211881746 Time: 0.5369198999833316
Train loss: 3.7205730296816073 Val loss: 1.1601987155881943 Time: 0.7350888999935705
Train loss: 3.6584189361774926 Val loss: 1.1654700302897254 Time: 0.6087380000099074
Train loss: 3.595972578413627 Val loss: 1.157097694085678 Time: 0.5262428999994881
Train loss: 3.491439223877511 Val loss: 1.1700379020912806 Time: 0.5454594000184443
Train loss: 3.5617707141044925 Val loss: 1.1646471077765455 Time: 0.6087356999923941
Train loss: 3.3468562324828888 Val loss: 1.1748677039195172 Time: 0.586134100012714
Train loss: 3.3256542643453333 Val loss: 1.1826894593271504 Time: 0.5799016999953892
Train loss: 3.2819063987353516 Val loss: 1.179416763850213 Time: 0.6933715999766719
Train loss: 3.2195492829946897 Val loss: 1.1858937947108643 Time: 0.7074521000031382
Train loss: 3.180897089148136 Val loss: 1.2060792806732934 Time: 0.6050981000007596
Train loss: 3.2390004166418294 Val loss: 1.2104498281696578 Time: 0.5958559999999125
Train loss: 3.114459814917666 Val loss: 1.1848316084069666 Time: 0.5348326000093948
Train loss: 3.0619507348901056 Val loss: 1.2361347758560441 Time: 0.5690154999902006
Train loss: 3.004115061904862 Val loss: 1.2533306227414869 Time: 0.5677397999970708
Train loss: 2.97368579678826 Val loss: 1.2512648183037527 Time: 0.5749899000220466
Train loss: 2.8734306010296535 Val loss: 1.2663485888624564 Time: 0.602427899983013
Train loss: 2.8842295065693406 Val loss: 1.2768949101446196 Time: 0.5260986000066623
Train loss: 2.787915044750667 Val loss: 1.3387929626042023 Time: 0.5127400000055786
Train loss: 2.8106408927657185 Val loss: 1.3359476291807368 Time: 0.5427375999861397
Train loss: 2.701117827501605 Val loss: 1.3820992577821016 Time: 0.5035803999926429
Train loss: 2.652064780158298 Val loss: 1.3773206131299958 Time: 0.5493556000001263
Train loss: 2.602143080934919 Val loss: 1.4024903842364438 Time: 0.5858966000087094
Train loss: 2.680689561093333 Val loss: 1.3918568738736212 Time: 0.49882249999791384
Train loss: 2.666705027380118 Val loss: 1.4401783680659719 Time: 0.556797800003551
Train loss: 2.5215188176844796 Val loss: 1.434826474142028 Time: 0.5305829999851994
Train loss: 2.514552725520117 Val loss: 1.4597779133182485 Time: 0.5635802999895532
Train loss: 2.4398498843025567 Val loss: 1.5244961485877866 Time: 0.5145947999844793
Train loss: 2.4898377360517157 Val loss: 1.5058800306287594 Time: 0.5172118000045884
Train loss: 2.3748881285426258 Val loss: 1.5430690428083835 Time: 0.5451393999974243
Train loss: 2.4512113266404754 Val loss: 1.5296441127616163 Time: 0.5622077999869362
Train loss: 2.345429494527494 Val loss: 1.542754763987901 Time: 0.5524818999983836
Train loss: 2.30633866265899 Val loss: 1.6374385594390333 Time: 0.6018329999933485
Train loss: 2.1779809356519735 Val loss: 1.6533159457612783 Time: 0.5748786999902222
Train loss: 2.155734659379782 Val loss: 1.678799208108103 Time: 0.5771009000018239
Train loss: 2.1623919960217606 Val loss: 1.7207090262527345 Time: 0.5353582000243478
Train loss: 2.121100130909596 Val loss: 1.6833229987532832 Time: 0.5075673999963328
Train loss: 2.0898257661742328 Val loss: 1.7703081642466714 Time: 0.5797542000073008
Train loss: 2.057849185114474 Val loss: 1.7319378134016006 Time: 0.5925163000065368
Train loss: 2.1222294014245167 Val loss: 1.7835350893113855 Time: 0.5461166000168305
Train loss: 2.039938742114643 Val loss: 1.8094716461282587 Time: 0.5446898999798577
Train loss: 2.002709510642866 Val loss: 1.837764397925639 Time: 0.5612751999869943
Train loss: 2.026046193567616 Val loss: 1.8882067232916597 Time: 0.5094048000173643
Train loss: 1.9300435862824799 Val loss: 1.8653136245993664 Time: 0.49771669998881407
Train loss: 1.9175219805755788 Val loss: 1.9057134790928103 Time: 0.5530801999848336
Train loss: 1.9131125501681119 Val loss: 2.0036923625157215 Time: 0.5954297999851406
Train loss: 1.8808374456544608 Val loss: 2.0429810200585052 Time: 0.5580406000080984
Train loss: 1.8773313050551224 Val loss: 2.0119222856592387 Time: 0.5165459999989253
Train loss: 1.80020194452689 Val loss: 2.024324435100425 Time: 0.5329625000013039
Train loss: 1.844825271954182 Val loss: 2.047098191571422 Time: 0.6926892999908887
Train loss: 1.7434305837413717 Val loss: 2.111224253254477 Time: 0.7630731999815907
Train loss: 1.7378913746824196 Val loss: 2.087642872123979 Time: 0.5989010000193957
Train loss: 1.6869647080789107 Val loss: 2.171401691448409 Time: 0.6227861000224948
Train loss: 1.69161604164987 Val loss: 2.1736727190436795 Time: 0.5441496999992523
Train loss: 1.6570164241835315 Val loss: 2.2294014380604494 Time: 0.5064612999849487
Train loss: 1.5972020932474518 Val loss: 2.2412257316464093 Time: 0.6036550999851897
Train loss: 1.6054142408722942 Val loss: 2.222526487268624 Time: 0.5048143000167329
Train loss: 1.6586332005843616 Val loss: 2.2979232655488886 Time: 0.5158786000101827
Train loss: 1.6322259934844112 Val loss: 2.258030864140892 Time: 0.5649143999908119
Train loss: 1.5942005508328947 Val loss: 2.2481924176754546 Time: 0.5486002000106964
Train loss: 1.5930719728198248 Val loss: 2.369896970121772 Time: 0.5644210999889765
Train loss: 1.560557914594714 Val loss: 2.365588564767677 Time: 0.5395280000229832
Train loss: 1.4906749307348055 Val loss: 2.360054146544144 Time: 0.578616199985845
Train loss: 1.5246876244999763 Val loss: 2.3933684364649253 Time: 0.5639776999887545
Train loss: 1.5195642992478922 Val loss: 2.3198681097993585 Time: 0.5206510999996681
Train loss: 1.449628943523944 Val loss: 2.439863337960219 Time: 0.5432931999966968
Train loss: 1.5063472683581853 Val loss: 2.408621233881604 Time: 0.5251356999797281
Train loss: 1.4539862502394953 Val loss: 2.4565622822810838 Time: 0.5266616999870166
Train loss: 1.43474058239363 Val loss: 2.505545843472646 Time: 0.5026503999833949
Train loss: 1.458392976081882 Val loss: 2.445735734721893 Time: 0.5322228000150062
Train loss: 1.4592142043179652 Val loss: 2.492924769181627 Time: 0.549663200014038
Train loss: 1.3880973010139406 Val loss: 2.4582075175785576 Time: 0.544373299984727
Train loss: 1.4199029071186828 Val loss: 2.533416091658318 Time: 0.5449375000025611
Train loss: 1.2901367693490444 Val loss: 2.4854336965272523 Time: 0.516217800002778
Train loss: 1.2809937161040947 Val loss: 2.469938785121485 Time: 0.5738726999843493
Train loss: 1.3553179841259306 Val loss: 2.4843591315002413 Time: 0.5524955000146292
Train loss: 1.2725914334036759 Val loss: 2.4580491148917645 Time: 0.5449467999860644
Train loss: 1.2300729160591004 Val loss: 2.6160657010332216 Time: 0.5491115000040736
Train loss: 1.3510907538952779 Val loss: 2.7608184270211495 Time: 0.54605299999821
Train loss: 1.2492070752704052 Val loss: 2.4527419295017125 Time: 0.5026219999999739
Train loss: 1.2800253487768316 Val loss: 2.671475568728056 Time: 0.5579320000251755
Train loss: 1.2268491417565883 Val loss: 2.607162589963991 Time: 0.6134222999971826
Train loss: 1.2593375629219992 Val loss: 2.7124480974744074 Time: 0.5849675000063144
Train loss: 1.2533316588208656 Val loss: 2.591087701377546 Time: 0.5172299999976531
Train loss: 1.1771546577532206 Val loss: 2.5223141964825118 Time: 0.6113298000127543
Train loss: 1.1491302804492562 Val loss: 2.637199278731714 Time: 0.5186182000034023
Train loss: 1.1080226530447819 Val loss: 2.675947707830346 Time: 0.6142590999952517
Train loss: 1.1692549970699515 Val loss: 2.695538638770813 Time: 0.5190897999855224
Train loss: 1.1383432165849783 Val loss: 2.5765218466185615 Time: 0.5471785999834538
Train loss: 1.2195332091352817 Val loss: 2.711818402429344 Time: 0.5712078000069596
Train loss: 1.0951672962256045 Val loss: 2.7641127815877553 Time: 0.5591608000104316
Train loss: 1.0834248999469702 Val loss: 2.725088256673189 Time: 0.5595258000248577
Train loss: 1.103243239151869 Val loss: 2.714819627435645 Time: 0.5534531000012066
Train loss: 1.0780510389835456 Val loss: 2.861162180401152 Time: 0.549363700003596
Train loss: 1.0772407412595957 Val loss: 2.6510760786622996 Time: 0.5633426000131294
Train loss: 1.0515677856282233 Val loss: 2.5797954570407455 Time: 0.5176242000015918
Train loss: 1.0325492590233039 Val loss: 2.6721470940137806 Time: 0.6799906000087503
Train loss: 1.0704951910278284 Val loss: 2.581631157711854 Time: 0.745182200014824
Train loss: 1.0164213316583828 Val loss: 2.606272582535894 Time: 0.6256776999798603
Train loss: 1.0147369043648613 Val loss: 2.7147535863805388 Time: 0.4944975999824237
Train loss: 0.990871516036627 Val loss: 2.6215389836352188 Time: 0.5077553000010084
Train loss: 1.0510120577329012 Val loss: 2.6977229381354846 Time: 0.5032122999837156
Train loss: 0.9467824451218831 Val loss: 2.64005189260061 Time: 0.5104483999894001
Train loss: 1.006055403827613 Val loss: 2.582939451459879 Time: 0.6034947999869473
Train loss: 0.936429652005387 Val loss: 2.671724727637894 Time: 0.573949800018454
Train loss: 1.0917116724055802 Val loss: 2.648327950434023 Time: 0.8265506000025198
Train loss: 0.9561980845776086 Val loss: 2.728378207003516 Time: 0.8325681000133045
Train loss: 0.9179244071309398 Val loss: 2.6504736393981148 Time: 0.7618367999966722
Train loss: 0.9115747119079458 Val loss: 2.663769129110733 Time: 0.7191825000045355
Train loss: 0.8974433754405915 Val loss: 2.6591832827250457 Time: 0.6982310999883339
Train loss: 1.0046809082636226 Val loss: 2.8318875416171068 Time: 0.6014103000052273
Train loss: 0.9328437138769401 Val loss: 2.360996799427994 Time: 0.7294096999976318
Train loss: 0.9514288412364866 Val loss: 2.3509259783141374 Time: 0.5680425000027753
Train loss: 0.952785394612623 Val loss: 2.4129442772573384 Time: 0.6329391000035685
Train loss: 0.9974075471497397 Val loss: 2.364059793737397 Time: 0.5811461000121199
Train loss: 0.9674507710630076 Val loss: 2.820739587645221 Time: 0.5627341999788769
Train loss: 0.9469291448930541 Val loss: 2.580406947810843 Time: 0.5945061000238638
Train loss: 0.8886353788448567 Val loss: 2.637133474771076 Time: 0.6817738999961875
Train loss: 0.8567842902020324 Val loss: 2.286768132238649 Time: 0.6208181999973021
Train loss: 0.9028139384958651 Val loss: 2.620142513391329 Time: 0.6343262000009418
Train loss: 0.9391198759261452 Val loss: 2.27023841098935 Time: 0.5200815999996848
Train loss: 0.8865629600873035 Val loss: 2.3729126594857917 Time: 0.5554893999942578
Train loss: 0.9219203438005261 Val loss: 2.7300802657664462 Time: 0.5203705000167247
Train loss: 0.8675071448487852 Val loss: 2.1978871285391506 Time: 0.5329022000078112
Train loss: 0.868936361502817 Val loss: 2.15647652723419 Time: 0.5601329999917652
Train loss: 0.9207339714165963 Val loss: 2.484446503847721 Time: 0.5605765000218526
Train loss: 0.7983661897511745 Val loss: 2.397128730197437 Time: 0.590947300021071
Train loss: 0.8612013075648903 Val loss: 2.5737882736329993 Time: 0.5356581000087317
Train loss: 0.8766422575787056 Val loss: 2.239787472630269 Time: 0.5624315000022762
Train loss: 0.9457421440747442 Val loss: 2.3261587614488235 Time: 0.6026323999976739
Train loss: 0.8667715664978175 Val loss: 1.9925645355488086 Time: 0.5578339000057895
Train loss: 0.8116202752581945 Val loss: 2.245571744242625 Time: 0.5257833999930881
Train loss: 0.845813740014151 Val loss: 2.253447964507359 Time: 0.6163477000081912
Train loss: 0.8465763402313087 Val loss: 2.2412783509389556 Time: 0.5189071999920998
Train loss: 0.8233421033906438 Val loss: 2.319403647510626 Time: 0.5366413000156172
Train loss: 0.7525568608271858 Val loss: 2.3636746310730814 Time: 0.542644700006349
Train loss: 0.7996958020554854 Val loss: 2.3257085858385835 Time: 0.5257221000210848
Train loss: 0.8511005592813561 Val loss: 2.2583116141468054 Time: 0.5493965999921784
Train loss: 0.7987661787445433 Val loss: 2.359282621440798 Time: 0.5519502999959514
Train loss: 0.8013808635589363 Val loss: 2.349228056591528 Time: 0.5823427000141237
Train loss: 0.8290417185693748 Val loss: 2.2247656898861976 Time: 0.5825791999814101
Train loss: 0.7643285632815946 Val loss: 2.1095536324573914 Time: 0.5492752999998629
Train loss: 0.7475562163511071 Val loss: 2.3124975366008584 Time: 0.6335320000071079
Train loss: 0.7815651620763688 Val loss: 2.283648489988991 Time: 0.5479600000253413
Train loss: 0.8382792733542601 Val loss: 2.154142607082804 Time: 0.5662489000242203
Train loss: 0.7733094941516647 Val loss: 2.3233888560789637 Time: 0.5594338999944739
Train loss: 0.8279923303608712 Val loss: 2.284373389062239 Time: 0.7137097000086214
Train loss: 0.8153767734820008 Val loss: 2.235596744387294 Time: 0.5296411000017542
Train loss: 0.7448578590093364 Val loss: 2.082639034537351 Time: 0.5963243000151124
Train loss: 0.7668154418405884 Val loss: 2.214394892551354 Time: 0.566473999992013
Train loss: 0.7040504872132693 Val loss: 2.1361231985811173 Time: 0.7368533999833744
Train loss: 0.7027206946561328 Val loss: 2.1576693552633515 Time: 0.7711896999971941
Train loss: 0.8165941572644151 Val loss: 2.097792939048304 Time: 0.5404721999948379
Train loss: 0.8239672990422946 Val loss: 2.164875453527202 Time: 0.5698416999948677
Train loss: 0.7305724656900452 Val loss: 2.083529055571489 Time: 0.541085299977567
Train loss: 0.7499548377734266 Val loss: 2.1924133380816784 Time: 0.5958993000094779
Train loss: 0.767700417474348 Val loss: 2.1756109518209996 Time: 0.514355199993588
Train loss: 0.764054076343694 Val loss: 2.042197937518722 Time: 0.5568316999997478
Train loss: 0.7430512579026498 Val loss: 2.1866069068491925 Time: 0.5951781000185292
Train loss: 0.7945792568765455 Val loss: 2.4267290926072747 Time: 0.5459222000208683
Train loss: 0.801646842216968 Val loss: 1.964788347519061 Time: 0.5689980999741238
Shrinking learning rate to 1e-05
Train loss: 0.8530477646020671 Val loss: 2.274217185098678 Time: 0.566032799979439
Train loss: 0.7409020762578109 Val loss: 2.32295684638666 Time: 0.5621597999997903
Train loss: 0.7815488748934039 Val loss: 2.320288798015099 Time: 0.5576597000181209
Train loss: 0.7499225626788188 Val loss: 2.3006588342250325 Time: 0.5534932999871671
Train loss: 0.7888688337097882 Val loss: 2.331837917852681 Time: 0.48374960001092404
Train loss: 0.7523717504038814 Val loss: 2.345339693245478 Time: 0.49025410000467673
Train loss: 0.7819319715485575 Val loss: 2.3084524469450116 Time: 0.47179339997819625
Train loss: 0.7325708607082044 Val loss: 2.3193774907267652 Time: 0.562849499983713
Train loss: 0.7296609976485087 Val loss: 2.3271208804217167 Time: 0.5634271000162698
Train loss: 0.6991947208366247 Val loss: 2.3281561976182275 Time: 0.5636786999821197
Train loss: 0.7388066747785151 Val loss: 2.3533358121057972 Time: 0.6113409000099637
Train loss: 0.740493934460301 Val loss: 2.333841481828131 Time: 0.552970999997342
Train loss: 0.7268857675704936 Val loss: 2.333599720383063 Time: 0.528278500016313
Train loss: 0.7041687175893704 Val loss: 2.316263454093132 Time: 0.5198726000089664
Train loss: 0.7956628566967909 Val loss: 2.3243477709474973 Time: 0.5168029999767896
Train loss: 0.6713762831639976 Val loss: 2.3142279775929637 Time: 0.5266919999849051
Train loss: 0.724874323482954 Val loss: 2.3378042491385713 Time: 0.5220663999789394
Train loss: 0.6925440286368989 Val loss: 2.3081089836196043 Time: 0.5280021000071429
Train loss: 0.6959371215448868 Val loss: 2.3281164021464065 Time: 0.5646255000028759
Train loss: 0.7380100221435971 Val loss: 2.318579218350351 Time: 0.61824969999725
Train loss: 0.6547256519303062 Val loss: 2.294820465729572 Time: 0.5045682000054512
Train loss: 0.7336735836765484 Val loss: 2.330674626166001 Time: 0.5966569000156596
Train loss: 0.6996608072241344 Val loss: 2.3203765854705125 Time: 0.5389033000101335
Train loss: 0.7668459892379076 Val loss: 2.3293613144778647 Time: 0.5279770000197459
Train loss: 0.7539161009531234 Val loss: 2.31730905798031 Time: 0.55356890000985
Train loss: 0.7338896351578228 Val loss: 2.3268000072566792 Time: 0.5401684000098612
Train loss: 0.7144753366639494 Val loss: 2.3281840584240854 Time: 0.5388676000002306
Train loss: 0.6935084793860833 Val loss: 2.2965946444892325 Time: 0.5025664000131655
Train loss: 0.7045573373525258 Val loss: 2.3236274660448544 Time: 0.4750225000025239
Train loss: 0.7447722515822335 Val loss: 2.2798356738639995 Time: 0.5573876999842469
Shrinking learning rate to 1.0000000000000002e-06
Train loss: 0.6942029876315132 Val loss: 2.2998372740112245 Time: 0.5616849999933038
Train loss: 0.6521514097563603 Val loss: 2.306104503979441 Time: 0.7328813999774866
Train loss: 0.7391035043335332 Val loss: 2.311182088975329 Time: 0.7573828999884427
Train loss: 0.7277884412848117 Val loss: 2.313724165374879 Time: 0.57376529998146
Train loss: 0.7038791806520663 Val loss: 2.3123909950372763 Time: 0.6327668000012636
Train loss: 0.7640931524989014 Val loss: 2.308912964304909 Time: 0.5242894999973942
Train loss: 0.69542582236204 Val loss: 2.3095595620106906 Time: 0.5263648999971338
Train loss: 0.6650527256303889 Val loss: 2.310219267383218 Time: 0.5808802999963518
Train loss: 0.6790200501883277 Val loss: 2.3150335326208733 Time: 0.5826403000100981
Train loss: 0.7232482026730409 Val loss: 2.3219593330286443 Time: 0.5253863999969326
Train loss: 0.7148038264903249 Val loss: 2.3213010755134746 Time: 0.516593299980741
Shrinking learning rate to 1.0000000000000002e-07
Learning rate getting small
Complete
 Total time: 133.60507229997893