starting log for model: C:\Users\christopher.johnson\Documents\GitHub\flu\gru_cnn_drop.pth
Train loss: 19.54075131040036 Val loss: 2.2597534868718867 Time: 1.0724461000645533
Train loss: 14.35442739138253 Val loss: 2.096777760925761 Time: 1.2480631999205798
Train loss: 12.638193299121639 Val loss: 1.7409814094826288 Time: 0.9825563000049442
Train loss: 8.761195347126186 Val loss: 1.2006201018521097 Time: 0.973566300002858
Train loss: 6.99667708486136 Val loss: 1.1303791060927324 Time: 0.9606367000378668
Train loss: 6.363769699929114 Val loss: 1.1523013975820504 Time: 0.9395801000064239
Train loss: 6.288046440989165 Val loss: 1.1094069078244502 Time: 0.9539982000133023
Train loss: 6.797342694268217 Val loss: 1.0898055536672473 Time: 0.9367864999221638
Train loss: 6.099626895812848 Val loss: 1.096317132934928 Time: 0.9568319000536576
Train loss: 6.077870443010327 Val loss: 1.074490110971965 Time: 0.9425043999217451
Train loss: 5.665377088569427 Val loss: 1.0355977658182383 Time: 0.9869451000122353
Train loss: 5.893180201917387 Val loss: 1.0947016969366814 Time: 0.9805794999701902
Train loss: 5.857173198044821 Val loss: 1.0970122971048113 Time: 0.9464236999629065
Train loss: 5.741113897462072 Val loss: 1.0854624359344598 Time: 0.9605884000193328
Train loss: 5.807239046927126 Val loss: 1.0459031501377467 Time: 0.9421882999595255
Train loss: 5.9273741880196615 Val loss: 1.0215524790692143 Time: 0.9735413000453264
Train loss: 5.128847747985812 Val loss: 1.0300748554000165 Time: 0.9639045000076294
Train loss: 4.830501483252917 Val loss: 0.9612308396026492 Time: 0.9617412000661716
Train loss: 5.264072889078943 Val loss: 0.9548568823956884 Time: 0.9741700000595301
Train loss: 5.264779972221648 Val loss: 0.9769876193604432 Time: 0.9498423000331968
Train loss: 4.815704387086412 Val loss: 0.956718327186536 Time: 1.0368367999326438
Train loss: 4.948171162853729 Val loss: 0.9078437844291329 Time: 1.1628630999475718
Train loss: 4.3837034935015 Val loss: 0.8665962965151266 Time: 1.1769398000324145
Train loss: 4.2912756676853805 Val loss: 0.8766071322606876 Time: 1.135270299972035
Train loss: 4.191155134646852 Val loss: 0.8415590066797449 Time: 1.0829278999008238
Train loss: 4.576288183275263 Val loss: 0.8231454077758826 Time: 1.1454943999415264
Train loss: 4.20949124803394 Val loss: 0.8544372532633133 Time: 1.0035364999203011
Train loss: 3.560707424383146 Val loss: 0.9013549293740653 Time: 1.1410721000283957
Train loss: 3.9995849773755525 Val loss: 0.797842357479567 Time: 0.9645019000163302
Train loss: 3.367984090629096 Val loss: 0.8666596281036618 Time: 0.9809931000927463
Train loss: 3.5074470204687986 Val loss: 0.8715933930834581 Time: 0.9758315000217408
Train loss: 3.140535738108606 Val loss: 0.8026199477608316 Time: 0.9616303000366315
Train loss: 2.9538378004707297 Val loss: 0.8550060190173099 Time: 0.9650901999557391
Train loss: 2.8361355073625343 Val loss: 0.9804444806541142 Time: 0.9785634999861941
Train loss: 2.506627811996136 Val loss: 0.8468277335923631 Time: 0.9368048999458551
Train loss: 2.7470571466024163 Val loss: 0.8770509415844572 Time: 0.9352586000459269
Train loss: 2.7893286086843743 Val loss: 0.9007003187289229 Time: 0.9145934999687597
Train loss: 2.528396252778909 Val loss: 0.9368373721736134 Time: 0.9423625000054017
Train loss: 2.4353919298528295 Val loss: 0.8287749391165562 Time: 0.9299268999602646
Train loss: 2.488459974526217 Val loss: 0.9212807662552223 Time: 0.9437239000108093
Train loss: 2.569300031401698 Val loss: 0.7917846803320572 Time: 0.9436824999283999
Train loss: 2.228189834684226 Val loss: 0.8601892912993208 Time: 0.9528223000233993
Train loss: 1.9212857877335683 Val loss: 0.870600629481487 Time: 0.9508639000123367
Train loss: 2.444427851550963 Val loss: 0.778276598197408 Time: 0.927589499973692
Train loss: 1.9547581530716576 Val loss: 0.7791991878766567 Time: 0.9357781000435352
Train loss: 1.8375301971912763 Val loss: 1.028453050297685 Time: 0.9580826999153942
Train loss: 1.890644545916226 Val loss: 0.9011080672498792 Time: 0.9320026999339461
Train loss: 2.015252091045383 Val loss: 0.8790113887516782 Time: 0.9518291000276804
Train loss: 1.8648573332049194 Val loss: 0.8841275639133528 Time: 0.9523312000092119
Train loss: 1.7789225029230855 Val loss: 0.9770973046543077 Time: 0.9331174000399187
Train loss: 1.6670094528075876 Val loss: 0.9160486706532538 Time: 0.9198175999335945
Train loss: 1.680293581228598 Val loss: 0.9468089006841183 Time: 0.9137902000220492
Train loss: 1.5391149252904337 Val loss: 0.939300867728889 Time: 0.9734884001081809
Train loss: 1.8922448397154823 Val loss: 0.9884295556694269 Time: 0.9234087000368163
Train loss: 1.628344981094589 Val loss: 0.9749205759726465 Time: 1.007443999988027
Train loss: 1.4724965524102762 Val loss: 1.0141250025480986 Time: 1.180640299920924
Train loss: 1.5211893701539716 Val loss: 1.0197684718295932 Time: 0.9918787999777123
Train loss: 1.4730908114524361 Val loss: 0.9331006312277168 Time: 0.9607605000492185
Train loss: 1.2641918574076758 Val loss: 1.016592358937487 Time: 0.9391125000547618
Train loss: 1.188526067739501 Val loss: 1.041266115847975 Time: 0.946484100073576
Train loss: 1.3358856984190262 Val loss: 1.0300909648649395 Time: 0.921831600018777
Train loss: 1.2978436883296964 Val loss: 0.9560346459038556 Time: 0.9608104999642819
Train loss: 1.3979621943876928 Val loss: 1.134826960042119 Time: 1.3260872999671847
Train loss: 1.226088519469331 Val loss: 1.067626599688083 Time: 1.6157226000213996
Train loss: 1.4098603052070606 Val loss: 1.0338327414356172 Time: 1.2876727998955175
Train loss: 1.1671043663513758 Val loss: 1.048514399677515 Time: 1.1391576000023633
Train loss: 1.3676101536269039 Val loss: 1.0614321711473167 Time: 1.248024999978952
Train loss: 1.2452581305106478 Val loss: 1.0735823998693377 Time: 1.1371547000017017
Train loss: 1.1669546562275765 Val loss: 1.0116436772514135 Time: 1.342809500056319
Train loss: 1.066496469260968 Val loss: 1.0465774149633944 Time: 1.7663352000527084
Train loss: 0.934276944420302 Val loss: 1.0217857668176293 Time: 1.2887663000728935
Train loss: 1.2289811866803417 Val loss: 1.0793491499498487 Time: 1.1359718000749126
Train loss: 1.0482369310749513 Val loss: 0.9895611533429474 Time: 1.3743499000556767
Train loss: 1.1848983701989417 Val loss: 1.0177487442269921 Time: 0.9764792999485508
Train loss: 1.0234577627001749 Val loss: 0.9944118629209697 Time: 0.9836543999845162
Train loss: 0.7305022781804733 Val loss: 1.011590504553169 Time: 0.9877507999772206
Train loss: 0.7859555515741284 Val loss: 1.055922819301486 Time: 0.9750996000366285
Train loss: 1.0756977883274406 Val loss: 1.0436247936449945 Time: 1.0047858000034466
Train loss: 0.8620425759385901 Val loss: 1.0666290245135315 Time: 0.978232100023888
Train loss: 0.9214991817309346 Val loss: 1.1608646421227604 Time: 0.9990833000047132
Train loss: 0.973150176901609 Val loss: 1.0651548174209893 Time: 1.2471327999373898
Train loss: 0.8946733575238766 Val loss: 1.086253460496664 Time: 0.9736594998976216
Train loss: 0.8647788908459505 Val loss: 1.0138756430226294 Time: 0.9357701000990346
Train loss: 0.9428511706051711 Val loss: 0.954321276396513 Time: 0.9552179999882355
Train loss: 0.8061331116123395 Val loss: 0.9408636202570051 Time: 0.9724151999689639
Shrinking learning rate to 1e-05
Train loss: 0.9260789405839376 Val loss: 0.9575980976223946 Time: 0.9143344999756664
Train loss: 0.8074478453105168 Val loss: 0.9577320930548012 Time: 0.908841299940832
Train loss: 0.8492909117745209 Val loss: 0.959685723297298 Time: 0.9157159000169486
Train loss: 0.9139392834290392 Val loss: 0.9569055023603141 Time: 0.9098972000647336
Train loss: 0.8405661912313316 Val loss: 0.9606325800996274 Time: 1.0400276998989284
Train loss: 0.6843180789871143 Val loss: 0.9481117827817798 Time: 1.2952131999190897
Train loss: 0.873441850328354 Val loss: 0.9628043316770345 Time: 1.0665381000144407
Train loss: 0.8163213653841908 Val loss: 0.9497648063115776 Time: 1.1674614999210462
Train loss: 0.7875127939090535 Val loss: 0.9560269047506154 Time: 1.1138179999543354
Train loss: 0.825026242366157 Val loss: 0.9591664613690227 Time: 0.9306476999772713
Train loss: 0.7218140434816319 Val loss: 0.9637012917082757 Time: 0.9042470999993384
Train loss: 0.7483568701727923 Val loss: 0.9586520735174417 Time: 0.8901392000261694
Train loss: 0.7946642638968413 Val loss: 0.9631754462607205 Time: 0.9065602000337094
Train loss: 0.654923363604377 Val loss: 0.9694404718466103 Time: 0.9180167999584228
Train loss: 0.6318645279497979 Val loss: 0.9718524077907205 Time: 0.9179381999420002
Train loss: 0.8372364209427653 Val loss: 0.9713737245183438 Time: 0.9522672999883071
Train loss: 0.7614217317941234 Val loss: 0.9648528737016022 Time: 0.9372158000478521
Train loss: 0.9205901559083038 Val loss: 0.9855350770521909 Time: 0.9158647999865934
Train loss: 0.8067920722496125 Val loss: 0.9790463040117174 Time: 0.9157344000414014
Train loss: 0.8951053418760591 Val loss: 0.9838162143714726 Time: 0.9302424000343308
Train loss: 0.7674543038736937 Val loss: 0.9778754294384271 Time: 0.9104353999719024
Train loss: 0.695272438910536 Val loss: 0.9926344621926546 Time: 0.9455541999777779
Train loss: 0.8405656187515965 Val loss: 1.0032324283383787 Time: 0.9091959999641404
Train loss: 0.7582324318285942 Val loss: 0.9887331929057837 Time: 0.9344284000108019
Shrinking learning rate to 1.0000000000000002e-06
Train loss: 0.7192785513395168 Val loss: 0.9717579740099609 Time: 0.9690456000389531
Train loss: 0.7428332951125284 Val loss: 0.9704245652537793 Time: 0.9178923000581563
Train loss: 0.7668703635896394 Val loss: 0.9711118857376277 Time: 0.9466252999845892
Train loss: 0.7750775281552518 Val loss: 0.9726610211655498 Time: 0.9268997000763193
Train loss: 0.7296175654241841 Val loss: 0.9707962672691792 Time: 0.9248610000358894
Train loss: 0.778339825525252 Val loss: 0.9698621791321784 Time: 0.9051713000517339
Train loss: 0.6376989004716018 Val loss: 0.9701662957668304 Time: 0.9081228000577539
Train loss: 0.8103218837093698 Val loss: 0.9707458077464253 Time: 0.9312655000248924
Train loss: 0.7161754226395444 Val loss: 0.9697004540357739 Time: 1.0855702999979258
Train loss: 0.8312597135627574 Val loss: 0.9701786104124039 Time: 1.3240493999328464
Shrinking learning rate to 1.0000000000000002e-07
Learning rate getting small
Complete
 Total time: 120.89422050002031