starting log for model: Q:\00- PROJECTS\Flu Forecasts\flu\flu\models\gru_3lay_drop_23-24.pth
Train loss: 0.5991511183092371 Val loss: 0.8532879862539736 Time: 0.5670739999914076
Train loss: 0.5782378336880356 Val loss: 0.8458396708554402 Time: 0.5121796999883372
Train loss: 0.566222086083144 Val loss: 0.8419803473449677 Time: 0.5592711999779567
Train loss: 0.5666629648767412 Val loss: 0.8395479937536358 Time: 0.4167258999950718
Train loss: 0.5600493061356246 Val loss: 0.8383982131570483 Time: 0.655623700004071
Train loss: 0.5637015858665109 Val loss: 0.8381738087080925 Time: 0.40591140001197346
Train loss: 0.5668606944382191 Val loss: 0.837709319153443 Time: 0.4589057000121102
Train loss: 0.5575844096019864 Val loss: 0.8377056995647346 Time: 0.40087000001221895
Train loss: 0.5654160114936531 Val loss: 0.8379203036950033 Time: 0.46992939998744987
Train loss: 0.5601647435687482 Val loss: 0.8381870282060874 Time: 0.3793500000028871
Train loss: 0.5633517825044692 Val loss: 0.8382347922968487 Time: 0.3618399999977555
Train loss: 0.5654862555675209 Val loss: 0.8383557327182509 Time: 0.3666398999921512
Train loss: 0.5608715242706239 Val loss: 0.8385477486927594 Time: 0.34628779999911785
Train loss: 0.5614208863116801 Val loss: 0.8387482737552208 Time: 0.3700078000256326
Train loss: 0.5633013886399567 Val loss: 0.8387194313515993 Time: 0.38923980001709424
Train loss: 0.559773110318929 Val loss: 0.8388456179476907 Time: 0.4793729000084568
Train loss: 0.5622253771871328 Val loss: 0.8386309152493168 Time: 0.46011780001572333
Shrinking learning rate to 1e-05
Train loss: 0.5654710102826357 Val loss: 0.8374701400403166 Time: 0.7939718999841716
Train loss: 0.5646405098959804 Val loss: 0.8374698887015238 Time: 0.39963660002104007
Train loss: 0.5643815156072378 Val loss: 0.8375037054535214 Time: 0.4665516000241041
Train loss: 0.5652362909168005 Val loss: 0.8375846385078655 Time: 0.46347710001282394
Train loss: 0.5615810686722398 Val loss: 0.8375781894801217 Time: 0.4022779999941122
Train loss: 0.5618593930266798 Val loss: 0.8375912959583947 Time: 0.4295509000075981
Train loss: 0.5597762502729893 Val loss: 0.8376243303430342 Time: 0.39592650000122376
Train loss: 0.5625834157690406 Val loss: 0.8376870260960215 Time: 0.39906060000066645
Train loss: 0.5661588325165212 Val loss: 0.8377778972295076 Time: 0.5275037999963388
Train loss: 0.5619140677154064 Val loss: 0.8378407842571463 Time: 0.4073237999982666
Shrinking learning rate to 1.0000000000000002e-06
Train loss: 0.5595781831070781 Val loss: 0.8376931238111744 Time: 1.3942602000024635
Train loss: 0.5623972346074879 Val loss: 0.8377100397532639 Time: 0.4251282000041101
Train loss: 0.5641433680430055 Val loss: 0.837725348708871 Time: 0.4261703999945894
Train loss: 0.5581723772920668 Val loss: 0.8376948660831446 Time: 0.5176611999922898
Train loss: 0.5687640458345413 Val loss: 0.8377712806366759 Time: 0.6422322999860626
Train loss: 0.5659993989393115 Val loss: 0.8377606445292524 Time: 0.8248698000097647
Train loss: 0.5599074005149305 Val loss: 0.8377244051192088 Time: 0.45696650000172667
Train loss: 0.5630492684431374 Val loss: 0.837752242547754 Time: 0.44970429997192696
Train loss: 0.5636295755393803 Val loss: 0.837762508011484 Time: 0.5292650999908801
Train loss: 0.5661479705013335 Val loss: 0.8377868035534386 Time: 0.6009976000059396
Shrinking learning rate to 1.0000000000000002e-07
Learning rate getting small
Complete
 Total time: 84.41693489998579