starting log for model: C:\Users\christopher.johnson\Documents\GitHub\flu\gru_drop_2019.pth
Train loss: 12.30472127613973 Val loss: 0.22839474752254318 Time: 0.67592169996351
Train loss: 11.640337135390382 Val loss: 0.2707759567510948 Time: 0.6600944000529125
Train loss: 11.240223795492057 Val loss: 0.3073548098182073 Time: 0.6079509999835864
Train loss: 11.523286946996578 Val loss: 0.2872189194240491 Time: 0.6091431999811903
Train loss: 10.915386406446032 Val loss: 0.2670289154339116 Time: 0.6093968000495806
Train loss: 10.024965285158373 Val loss: 0.23043309123022482 Time: 0.5983115999260917
Train loss: 7.71834452621674 Val loss: 0.23426877239717214 Time: 0.5834843000629917
Train loss: 6.2107336156709 Val loss: 0.33109977485446507 Time: 0.5996596000622958
Train loss: 5.683094920824686 Val loss: 0.396275405578308 Time: 0.6020451000658795
Train loss: 5.2716700000330246 Val loss: 0.48443316730805464 Time: 0.6154883000999689
Train loss: 5.067329758530046 Val loss: 0.5430792696362636 Time: 0.603921000030823
Train loss: 4.295674639648983 Val loss: 0.6471584600910667 Time: 0.6015970000298694
Train loss: 4.30896928120216 Val loss: 0.754628612607597 Time: 0.6040170000633225
Train loss: 4.2841680862606495 Val loss: 0.8246869306943827 Time: 0.8124413000186905
Train loss: 3.9478597446704216 Val loss: 0.9197393914298067 Time: 0.7588553000241518
Train loss: 4.133237991336412 Val loss: 0.9462495048151451 Time: 0.6072108000516891
Train loss: 4.072978228854398 Val loss: 1.0008430012078673 Time: 0.5951484999386594
Train loss: 3.6892196395998242 Val loss: 1.0612060066776792 Time: 0.6285336000146344
Train loss: 3.8433411026082 Val loss: 1.0836325511080602 Time: 0.6028895999770612
Train loss: 3.9039902022365034 Val loss: 1.0803875265690408 Time: 0.5901276000076905
Train loss: 3.498758537725344 Val loss: 1.0761827802939123 Time: 0.5935897000599653
Train loss: 3.3046816699463726 Val loss: 1.0932769817803578 Time: 0.6093782000243664
Train loss: 3.6095490984480603 Val loss: 1.1177515874133777 Time: 0.6013958000112325
Train loss: 3.4638428104837153 Val loss: 1.0803091476756208 Time: 0.5772906999336556
Train loss: 3.1163866905667916 Val loss: 1.1519978739948527 Time: 0.5958192000398412
Train loss: 3.336516393740667 Val loss: 1.0545140798330408 Time: 0.5762593999970704
Train loss: 2.8047232314622588 Val loss: 1.182505735530306 Time: 0.5871096999617293
Train loss: 3.0121251584605453 Val loss: 1.0459906532098557 Time: 0.5770740000298247
Train loss: 3.2185876374455304 Val loss: 1.0920996619999244 Time: 0.5650205999845639
Train loss: 3.025793999811752 Val loss: 1.0346392603501045 Time: 0.5815944999922067
Train loss: 3.0361019864279672 Val loss: 0.9732978762469884 Time: 0.6666915999958292
Train loss: 2.7051505379662366 Val loss: 1.0310929580573571 Time: 0.5790493000531569
Train loss: 3.183243159442817 Val loss: 0.9389862889432203 Time: 0.6021863000933081
Train loss: 2.97893034939581 Val loss: 0.96971225746542 Time: 0.6089462999952957
Train loss: 2.8125353253904963 Val loss: 0.8775725534559342 Time: 0.6081062000012025
Train loss: 2.8623733263092337 Val loss: 0.8542997288555512 Time: 0.5818963999627158
Train loss: 2.5990588911820263 Val loss: 0.8648851395356161 Time: 0.591826899908483
Train loss: 2.4247905396638645 Val loss: 0.8180947769299678 Time: 0.575976699939929
Train loss: 2.678543033694266 Val loss: 0.7574945984230226 Time: 0.5747527000494301
Train loss: 2.6399178293446113 Val loss: 0.8062951709764903 Time: 0.6057061000028625
Train loss: 2.377776903526292 Val loss: 0.7617567342977711 Time: 0.5682990000350401
Train loss: 2.808163061742727 Val loss: 0.8047196116571094 Time: 0.5772940999595448
Train loss: 2.464749827119324 Val loss: 0.6610139158254711 Time: 0.5907247000141069
Train loss: 2.519635632502565 Val loss: 0.6078096436052647 Time: 0.5927616999251768
Train loss: 2.384356833233546 Val loss: 0.6261451693396181 Time: 0.6108704000944272
Train loss: 2.747349817881812 Val loss: 0.673129626730173 Time: 0.5734276999719441
Train loss: 2.369210716954738 Val loss: 0.6469718376768441 Time: 0.5955230999970809
Train loss: 2.449400661052354 Val loss: 0.6462258643015912 Time: 0.5946258000331
Train loss: 2.170757739113953 Val loss: 0.6388434263385534 Time: 0.5684198000235483
Train loss: 2.69583549317459 Val loss: 0.6354716511091283 Time: 0.5894738000351936
Train loss: 2.119591050352146 Val loss: 0.6211841478940414 Time: 0.5713928999612108
Train loss: 2.425986477868304 Val loss: 0.5505042100579658 Time: 0.6248711999505758
Train loss: 2.04159385843509 Val loss: 0.5197232041318784 Time: 0.5628693000180647
Train loss: 2.14279219590174 Val loss: 0.5742372148893082 Time: 0.6058861000929028
Train loss: 2.0224740515104846 Val loss: 0.6350225561147909 Time: 0.5852389999199659
Train loss: 2.1261948300461744 Val loss: 0.5164987662865315 Time: 0.5862799999304116
Train loss: 1.9485628660755658 Val loss: 0.5597257411634358 Time: 0.6095303000183776
Train loss: 2.246483931170404 Val loss: 0.522377035656973 Time: 0.5810429999837652
Train loss: 2.1537411840591973 Val loss: 0.5311894371488961 Time: 0.5770465000532568
Train loss: 2.007653811539641 Val loss: 0.47780397746737435 Time: 0.5842547999927774
Train loss: 1.7566595769034805 Val loss: 0.5404189112596214 Time: 0.58019999996759
Train loss: 1.8781814580035727 Val loss: 0.5620171097251614 Time: 0.5518041999312118
Train loss: 1.880203458719044 Val loss: 0.5050451824099582 Time: 0.6032782000256702
Train loss: 1.8489495139473 Val loss: 0.41503606601145293 Time: 0.5795851999428123
Train loss: 1.654579298980826 Val loss: 0.5086313917944381 Time: 0.6024892999557778
Train loss: 1.6451350373539402 Val loss: 0.41361592544126324 Time: 0.5760728999739513
Train loss: 1.8079390044279953 Val loss: 0.46513703509117477 Time: 0.5925537999719381
Train loss: 1.6335253950365707 Val loss: 0.4235522470626165 Time: 0.6001103000016883
Train loss: 1.7709937317737428 Val loss: 0.4317496117510018 Time: 0.5915756999747828
Train loss: 1.8652069779968918 Val loss: 0.415370327202254 Time: 0.6441999999806285
Train loss: 1.597250740211042 Val loss: 0.2934296713119551 Time: 0.905071199988015
Train loss: 1.939749686971325 Val loss: 0.43228196051677514 Time: 0.8039380999980494
Train loss: 1.682501077747931 Val loss: 0.44389875742490403 Time: 0.6525712000438944
Train loss: 1.4540221563367073 Val loss: 0.31572177499037934 Time: 0.7434839999768883
Train loss: 1.5511016951645962 Val loss: 0.4036956413729058 Time: 0.6633760000113398
Train loss: 1.5029904729448211 Val loss: 0.25218374806354404 Time: 0.6554453999269754
Train loss: 1.610266013836469 Val loss: 0.30485733394743875 Time: 0.5949105999898165
Train loss: 1.2127845631086807 Val loss: 0.3507519809936639 Time: 0.5692359999520704
Train loss: 1.6946362469956435 Val loss: 0.3241172037887736 Time: 0.6028813000302762
Train loss: 1.4573037498504982 Val loss: 0.287510194866627 Time: 0.5945398999610916
Train loss: 1.3295915599510266 Val loss: 0.32134442772076 Time: 0.5771625000052154
Train loss: 1.198203727939056 Val loss: 0.3787023456352472 Time: 0.5944455000571907
Train loss: 1.2669727785343698 Val loss: 0.25975063788402053 Time: 0.5910763000138104
Train loss: 1.4695714467070926 Val loss: 0.2585122963428148 Time: 0.5724850000115111
Train loss: 1.325425833354963 Val loss: 0.2924547041184269 Time: 0.5564214000478387
Train loss: 1.1982300442593612 Val loss: 0.3439277135366865 Time: 0.6080271999817342
Train loss: 1.1196186544785638 Val loss: 0.31323723812238313 Time: 0.5841947000008076
Train loss: 1.3405760818653216 Val loss: 0.27798837654700037 Time: 0.5683125999057665
Train loss: 1.1203660054619375 Val loss: 0.3027775566552009 Time: 0.6065456999931484
Train loss: 1.0070724229061918 Val loss: 0.2798905443341937 Time: 0.5850431999424472
Train loss: 1.1655010881587806 Val loss: 0.2375133670575451 Time: 0.5873217999469489
Train loss: 1.355163961565629 Val loss: 0.2141168853340787 Time: 0.6102490000193939
Train loss: 1.1340081972333942 Val loss: 0.22953468505147612 Time: 0.588499000063166
Train loss: 1.1467840674365397 Val loss: 0.2190724051615689 Time: 0.6733667000662535
Train loss: 1.0169878120249614 Val loss: 0.2347462543839356 Time: 0.6059578999411315
Train loss: 1.1451245089778865 Val loss: 0.2400342800974613 Time: 0.580329000018537
Train loss: 1.1914711602069659 Val loss: 0.3018117188621545 Time: 0.5906848999438807
Train loss: 1.1281703514157708 Val loss: 0.2647634848708549 Time: 0.5717850999208167
Train loss: 1.2089046109288097 Val loss: 0.25609457048994955 Time: 0.583733499981463
Shrinking learning rate to 1e-05
Train loss: 1.4575260445989164 Val loss: 0.26278354501209833 Time: 0.5366410999558866
Train loss: 1.0604064051200748 Val loss: 0.24070543865298077 Time: 0.5615207999944687
Train loss: 1.1339751654903245 Val loss: 0.22238048130475363 Time: 0.5842055999673903
Train loss: 1.1401735133594348 Val loss: 0.23823464524866722 Time: 0.6493064000969753
Train loss: 1.2463046242288336 Val loss: 0.2416924928984372 Time: 0.7651278999401256
Train loss: 1.034226341158858 Val loss: 0.24328361411380683 Time: 0.7476266999728978
Train loss: 1.0639189827323388 Val loss: 0.24347143313701736 Time: 0.7599622999550775
Train loss: 0.9502661201914477 Val loss: 0.23750717440341873 Time: 0.5939448000863194
Train loss: 1.099137137025533 Val loss: 0.24526857426008064 Time: 0.5500629999442026
Train loss: 1.1788568733621505 Val loss: 0.24479683959111753 Time: 0.6276721000904217
Train loss: 1.0226922802534535 Val loss: 0.24750845183720926 Time: 0.590064899995923
Train loss: 1.0475081771238948 Val loss: 0.24887255357102755 Time: 0.6059679000172764
Train loss: 0.8500517378326271 Val loss: 0.24428593057382386 Time: 0.5758971000323072
Train loss: 1.0289078001275471 Val loss: 0.2546815362863981 Time: 0.6267168999183923
Train loss: 1.1747140238487077 Val loss: 0.2303895125625104 Time: 0.7790777001064271
Train loss: 1.1023732772572679 Val loss: 0.23101044978875507 Time: 0.9182397000258788
Train loss: 0.9617846642234495 Val loss: 0.23244820527293086 Time: 0.6446125999791548
Train loss: 0.9823539744027672 Val loss: 0.2436309519456472 Time: 0.6187563000712544
Train loss: 0.9925606640959392 Val loss: 0.2447296257266771 Time: 0.6423770999535918
Train loss: 0.8340475264986473 Val loss: 0.23731613876725532 Time: 0.5839937999844551
Train loss: 0.8299684751299345 Val loss: 0.24160497053128438 Time: 0.6187953000189736
Train loss: 1.050312407714678 Val loss: 0.2344443237250324 Time: 0.6018644999712706
Train loss: 1.185711821356609 Val loss: 0.23057367120964045 Time: 0.6069213000591844
Train loss: 1.1125344578592387 Val loss: 0.2472096286692249 Time: 0.6100496000144631
Train loss: 0.9685824934590076 Val loss: 0.24237709393855766 Time: 0.6188500000862405
Train loss: 1.1419368951922895 Val loss: 0.24040891610843573 Time: 0.5866328000556678
Train loss: 0.9169241448135406 Val loss: 0.2289469345832913 Time: 0.5922360999975353
Train loss: 0.9702876429603577 Val loss: 0.22994456450555845 Time: 0.5989499000133947
Train loss: 0.8845550630329388 Val loss: 0.21632232637006155 Time: 0.5673567999619991
Train loss: 1.065140048678467 Val loss: 0.20959186037336747 Time: 0.5819716999540105
Shrinking learning rate to 1.0000000000000002e-06
Train loss: 1.2556230456808288 Val loss: 0.24025983586955135 Time: 0.5736520000500605
Train loss: 1.0676910271937863 Val loss: 0.23988866033153045 Time: 0.6023724999977276
Train loss: 1.0391601952098601 Val loss: 0.23912297900693602 Time: 0.6489205999532714
Train loss: 1.0123858243531858 Val loss: 0.24047975432921476 Time: 0.6277613999554887
Train loss: 0.9168410274345368 Val loss: 0.24030861226037814 Time: 0.6076624999986961
Train loss: 0.8957366945337932 Val loss: 0.23883524218103958 Time: 0.5607294000219554
Train loss: 0.8716717280724898 Val loss: 0.23757601345752732 Time: 0.5650800000876188
Train loss: 0.990589415568131 Val loss: 0.23731092555931355 Time: 0.5892664999701083
Train loss: 0.8634719528692023 Val loss: 0.23745432224126262 Time: 0.584023900097236
Train loss: 0.9822868346743083 Val loss: 0.2375010909359503 Time: 0.5771705000661314
Shrinking learning rate to 1.0000000000000002e-07
Learning rate getting small
Complete
 Total time: 85.25014520005789