starting log for model: C:\Users\christopher.johnson\Documents\GitHub\flu\gru_3lay_drop.pth
Train loss: 18.368064131063747 Val loss: 2.3160450488286415 Time: 1.1973059000447392
Train loss: 14.760583692591169 Val loss: 2.248343335435493 Time: 1.3606516999425367
Train loss: 14.914402887962344 Val loss: 2.244213414567639 Time: 1.2365619000047445
Train loss: 14.754046702193179 Val loss: 2.2250932911993004 Time: 1.232370899990201
Train loss: 14.754015550244986 Val loss: 2.2204136379878037 Time: 1.1840875999769196
Train loss: 14.185623676359317 Val loss: 2.1676927906810306 Time: 1.1716332000214607
Train loss: 14.016082912274697 Val loss: 2.204811024312221 Time: 1.2295042999321595
Train loss: 10.347380436762265 Val loss: 1.1654815085639711 Time: 1.1330303999129683
Train loss: 6.444711538940426 Val loss: 0.9675691936231487 Time: 1.170917799929157
Train loss: 6.726765554163023 Val loss: 0.9048289394122548 Time: 1.2171412000898272
Train loss: 6.225655612910373 Val loss: 0.8207582003378775 Time: 1.254051800002344
Train loss: 5.727879469740454 Val loss: 0.7917134858143982 Time: 1.1824575000209734
Train loss: 5.735168530581036 Val loss: 0.7209728339803405 Time: 1.147108000004664
Train loss: 5.483178125358216 Val loss: 0.6751552993664518 Time: 1.2226836000336334
Train loss: 5.279601382648485 Val loss: 0.6434894949343288 Time: 1.3025232000509277
Train loss: 5.106779490803948 Val loss: 0.6417182786869375 Time: 1.2011929000727832
Train loss: 4.9490096673285535 Val loss: 0.6306233409479773 Time: 1.173873900086619
Train loss: 4.590520053642903 Val loss: 0.5914189008926769 Time: 1.2128882999531925
Train loss: 4.794277304545238 Val loss: 0.5787303972929294 Time: 1.3891950000543147
Train loss: 4.588864537370711 Val loss: 0.6134369434075779 Time: 1.1658653999911621
Train loss: 4.462158973999015 Val loss: 0.5383352393037057 Time: 1.1442120000720024
Train loss: 4.643799075541223 Val loss: 0.5066721246384986 Time: 1.163549599936232
Train loss: 4.5274973065704724 Val loss: 0.5419709358247928 Time: 1.2799639999866486
Train loss: 4.276889229503433 Val loss: 0.5456233842560323 Time: 1.1619701000163332
Train loss: 4.317452229510735 Val loss: 0.49623947597137885 Time: 1.21431740000844
Train loss: 4.072541544079831 Val loss: 0.509151829421171 Time: 1.1833070000866428
Train loss: 4.5074911583929484 Val loss: 0.46887397159298416 Time: 1.308794799959287
Train loss: 3.8660822159265953 Val loss: 0.5265847636765102 Time: 1.287521000020206
Train loss: 4.403657401701375 Val loss: 0.4684149030217668 Time: 1.2038125999970362
Train loss: 3.6930575297597037 Val loss: 0.4832089876649661 Time: 1.253688900033012
Train loss: 3.8540462993768556 Val loss: 0.4603306817662087 Time: 1.2693231999874115
Train loss: 3.8867337545888136 Val loss: 0.4848781113654326 Time: 1.1815542000113055
Train loss: 3.5610766269992493 Val loss: 0.46025388164343894 Time: 1.1583827000577003
Train loss: 3.410775939490991 Val loss: 0.4368555774867673 Time: 1.1611978999571875
Train loss: 3.1505393086799947 Val loss: 0.38749738269405043 Time: 1.2661225999472663
Train loss: 3.515247582703121 Val loss: 0.46175752788985847 Time: 1.2103099999949336
Train loss: 3.3044353523617724 Val loss: 0.4399651891180838 Time: 1.2183506999863312
Train loss: 3.2402707224734812 Val loss: 0.4167982222716091 Time: 1.2011648999759927
Train loss: 3.30206138315461 Val loss: 0.45114822421692224 Time: 1.3045274999458343
Train loss: 3.1299717162485186 Val loss: 0.36976250814632294 Time: 1.2478920998983085
Train loss: 2.756801673921837 Val loss: 0.31214403722060524 Time: 1.194032600033097
Train loss: 2.9496471253351553 Val loss: 0.3811736060574731 Time: 1.2394429000560194
Train loss: 2.715760316470784 Val loss: 0.3360479694601963 Time: 1.360259099979885
Train loss: 2.592173771512563 Val loss: 0.35600595572032034 Time: 1.2330565000884235
Train loss: 2.411929758618026 Val loss: 0.314288370860595 Time: 1.2025496000424027
Train loss: 2.3694531986825913 Val loss: 0.3667940231098328 Time: 1.1990884999977425
Train loss: 2.6440902539603797 Val loss: 0.2618321405025199 Time: 1.2431800999911502
Train loss: 2.209005865684012 Val loss: 0.24441678673611023 Time: 1.1790193000342697
Train loss: 2.163447792031848 Val loss: 0.24680745537625626 Time: 1.170085999998264
Train loss: 2.0966271063475563 Val loss: 0.2512882781011285 Time: 1.2495234999805689
Train loss: 2.155546595194839 Val loss: 0.19412667917640647 Time: 1.2616716999327764
Train loss: 2.2150361219998755 Val loss: 0.1638860872371879 Time: 1.2427787999622524
Train loss: 1.8264649559664772 Val loss: 0.24963502370883361 Time: 1.2088067999575287
Train loss: 2.3852233351321583 Val loss: 0.18692495585491997 Time: 1.184434000053443
Train loss: 1.9321428090878634 Val loss: 0.1950034373512608 Time: 1.2769159999443218
Train loss: 2.0720722382787855 Val loss: 0.22729546658229083 Time: 1.1708637999836355
Train loss: 2.0712620373791797 Val loss: 0.18970010391740288 Time: 1.2109273000387475
Train loss: 1.9513489569590978 Val loss: 0.18330857437831583 Time: 1.1457347000250593
Train loss: 1.9196599833416983 Val loss: 0.20048308266359527 Time: 1.2701822998933494
Train loss: 1.6549913052228185 Val loss: 0.18902263091414184 Time: 1.1868673999560997
Train loss: 1.9755652770531829 Val loss: 0.16336366401810665 Time: 1.2378160000080243
Train loss: 1.7267276496843618 Val loss: 0.20066013086761814 Time: 1.2025108999805525
Train loss: 1.5791361735269192 Val loss: 0.17107365376432426 Time: 1.3266952999401838
Train loss: 1.7189554830466207 Val loss: 0.1769309473093017 Time: 1.202021099976264
Train loss: 1.5020917301456593 Val loss: 0.1803688061372668 Time: 1.1838333000196144
Train loss: 1.659511897297721 Val loss: 0.184963005097039 Time: 1.2003805000567809
Train loss: 1.9980238743956775 Val loss: 0.16571908031619387 Time: 1.2976590999169275
Train loss: 1.413340427358433 Val loss: 0.17880114003855851 Time: 1.2174234999110922
Train loss: 1.4698375038458342 Val loss: 0.22662051976658404 Time: 1.245591999962926
Train loss: 1.8198813687259228 Val loss: 0.1618312669052102 Time: 1.1885612000478432
Train loss: 1.6578218932577562 Val loss: 0.19369544874462008 Time: 1.2916168000083417
Train loss: 1.7043849118732233 Val loss: 0.18251241288817255 Time: 1.2388858000049368
Train loss: 1.6792193955529724 Val loss: 0.18542657893704018 Time: 1.178031099960208
Train loss: 1.7082007125894716 Val loss: 0.18418078494687506 Time: 1.1849275999702513
Train loss: 1.6555653313935057 Val loss: 0.1719500760482333 Time: 1.257172399898991
Train loss: 1.4547202702375674 Val loss: 0.19004126354775508 Time: 1.1961426999187097
Train loss: 1.435122871463581 Val loss: 0.19609470971408882 Time: 1.235057199955918
Shrinking learning rate to 1e-05
Train loss: 1.5690271619269747 Val loss: 0.178024555061711 Time: 1.1513248999835923
Train loss: 1.3120139343246484 Val loss: 0.1834403581787143 Time: 1.2466875000391155
Train loss: 1.3974307548706864 Val loss: 0.18447803454250788 Time: 1.1856402000412345
Train loss: 1.496805882425634 Val loss: 0.18962859888051753 Time: 1.1314587000524625
Train loss: 1.4043886025866588 Val loss: 0.19144693225098308 Time: 1.0160285999299958
Train loss: 1.3409224790113983 Val loss: 0.19292956210847478 Time: 1.271316299913451
Train loss: 1.2813190830916232 Val loss: 0.1908273959561484 Time: 1.3125589000992477
Train loss: 1.2489444055538035 Val loss: 0.19728801208839286 Time: 1.2375545999966562
Train loss: 1.3002172759797497 Val loss: 0.19238952959130984 Time: 1.2262634999351576
Train loss: 1.2613247652440105 Val loss: 0.19333401256881189 Time: 1.2388361000921577
Train loss: 1.4595244903330196 Val loss: 0.1950618906703312 Time: 1.3062730999663472
Train loss: 1.2731325504803213 Val loss: 0.1916612212153268 Time: 1.2007467000512406
Train loss: 1.264703617912199 Val loss: 0.20109462780237664 Time: 1.2259472999721766
Train loss: 1.3307922226685003 Val loss: 0.2053603924869094 Time: 1.2296663000015542
Train loss: 1.4572019479290612 Val loss: 0.20750606758520007 Time: 1.3242723000003025
Train loss: 1.205476581698239 Val loss: 0.21201193818706088 Time: 1.2154386000474915
Train loss: 1.3596959062534455 Val loss: 0.21944894417538308 Time: 1.1978255999274552
Train loss: 1.1290712231976456 Val loss: 0.20721742272144184 Time: 1.1961917999433354
Train loss: 1.274177215150619 Val loss: 0.21305846658651717 Time: 1.2828695999924093
Train loss: 1.2263841576589205 Val loss: 0.21116070487187244 Time: 1.2311545999255031
Train loss: 1.1666217665069252 Val loss: 0.20823921290866565 Time: 1.254052700009197
Train loss: 1.2625896699120402 Val loss: 0.21641701788757928 Time: 1.2153118000132963
Train loss: 1.3540914771949148 Val loss: 0.21233887324342504 Time: 1.3060921999858692
Train loss: 1.3812551918004414 Val loss: 0.21903450693935156 Time: 1.2010912999976426
Train loss: 1.4177121014542853 Val loss: 0.22299180217669345 Time: 1.2359077000292018
Train loss: 1.4093944830985545 Val loss: 0.2146362442872487 Time: 1.2182713000802323
Train loss: 1.3219834057534872 Val loss: 0.2100134606298525 Time: 1.320236900006421
Shrinking learning rate to 1.0000000000000002e-06
Train loss: 1.2943406532718196 Val loss: 0.20714237858192064 Time: 1.173493399983272
Train loss: 1.155020776293246 Val loss: 0.20754239498637617 Time: 1.3057707999832928
Train loss: 1.4153534632762956 Val loss: 0.20789575811068062 Time: 1.2466132999397814
Train loss: 1.3516071445012146 Val loss: 0.20710172744293232 Time: 1.2994525000685826
Train loss: 1.1946345361449566 Val loss: 0.2075735685939435 Time: 1.1968968999572098
Train loss: 1.3673705128350195 Val loss: 0.2078554504114436 Time: 1.195877999998629
Train loss: 1.2601781675544004 Val loss: 0.20764802818302996 Time: 1.2031725998967886
Train loss: 1.2269347426257933 Val loss: 0.20765718430629931 Time: 1.2570090000517666
Train loss: 1.1933317728128223 Val loss: 0.2076225716737099 Time: 1.2508610000368208
Train loss: 1.143695082045184 Val loss: 0.20822599678649567 Time: 1.2379713000264019
Shrinking learning rate to 1.0000000000000002e-07
Learning rate getting small
Complete
 Total time: 139.96390079997946