starting log for model: C:\Users\christopher.johnson\Documents\gru_lin1_new_22-23.pth
Train loss: 14.444349419037621 Val loss: 1.6389940945230959 Time: 1.191930599990883
Train loss: 14.196415542251714 Val loss: 1.6120588519253058 Time: 0.8322536000050604
Train loss: 13.390316405930548 Val loss: 1.5254508757470453 Time: 0.8689499000029173
Train loss: 10.71196962610605 Val loss: 1.2333948231681073 Time: 0.8423118999926373
Train loss: 7.64460392778539 Val loss: 0.9110745904124429 Time: 0.8305189999955473
Train loss: 6.890208340694594 Val loss: 0.8331028343977087 Time: 0.8395160000072792
Train loss: 6.550787002704936 Val loss: 0.7940889450617601 Time: 0.8350767999945674
Train loss: 6.357648657997281 Val loss: 0.7718931732569289 Time: 0.8530536000034772
Train loss: 6.15599887047026 Val loss: 0.7510874233261104 Time: 0.8499059999885503
Train loss: 5.982127911109046 Val loss: 0.7307629998437682 Time: 0.8385273000021698
Train loss: 5.750598551978532 Val loss: 0.7046872591842812 Time: 0.8606211000005715
Train loss: 5.522738194087911 Val loss: 0.6802314659441858 Time: 0.8297965999954613
Train loss: 5.371681048604124 Val loss: 0.6621873846994304 Time: 0.8215509000001475
Train loss: 5.14752054156237 Val loss: 0.6349063002565939 Time: 0.8449276999890571
Train loss: 4.934514849847263 Val loss: 0.6130115055162834 Time: 0.8303601999941748
Train loss: 4.727527848581445 Val loss: 0.5876066066458296 Time: 0.8799741999973776
Train loss: 4.4883650254659 Val loss: 0.5568121491431512 Time: 0.8328545999975177
Train loss: 4.243164294868109 Val loss: 0.5241846703541254 Time: 0.839313399992534
Train loss: 4.074931772855528 Val loss: 0.49677828568643895 Time: 0.8608849000011105
Train loss: 3.9013195654797994 Val loss: 0.472387020298014 Time: 0.8095906000089599
Train loss: 3.6926092443899137 Val loss: 0.4418445121763099 Time: 0.8312391999934334
Train loss: 3.504983367491235 Val loss: 0.4164124702570759 Time: 0.8508271999889985
Train loss: 3.3815466890612944 Val loss: 0.3954275421261382 Time: 0.7907417000096757
Train loss: 3.2814438946876443 Val loss: 0.38081670171437143 Time: 0.841846399998758
Train loss: 3.1602574049075542 Val loss: 0.3599349583594141 Time: 0.828078499995172
Train loss: 3.080466362532551 Val loss: 0.34887859611237343 Time: 0.8434888999909163
Train loss: 2.901564427999987 Val loss: 0.3271412399199507 Time: 0.8291239000100177
Train loss: 2.86349007154003 Val loss: 0.31695739898269215 Time: 0.8526684999960708
Train loss: 2.757207825131129 Val loss: 0.3072139216273241 Time: 0.8893248999956995
Train loss: 2.6807703302123453 Val loss: 0.2965139696671288 Time: 0.8208415999979479
Train loss: 2.6000208107585507 Val loss: 0.285140591564691 Time: 0.8432230000034906
Train loss: 2.494772073559643 Val loss: 0.2745702899472077 Time: 0.8279975000041304
Train loss: 2.439415236591105 Val loss: 0.2679002445977003 Time: 0.8386011999973562
Train loss: 2.374473994785956 Val loss: 0.2603887932241517 Time: 0.8494833000004292
Train loss: 2.295876985785064 Val loss: 0.2509647119464472 Time: 0.843029600000591
Train loss: 2.3142175819696718 Val loss: 0.253001489988443 Time: 0.930670799993095
Train loss: 2.210499422297204 Val loss: 0.24373420739987853 Time: 0.8812724000017624
Train loss: 2.1252840737386913 Val loss: 0.2349396473379318 Time: 0.8807353000011062
Train loss: 2.1073766353733223 Val loss: 0.23367991508952596 Time: 0.8353790000110166
Train loss: 2.0256939349435505 Val loss: 0.22639173149767147 Time: 0.871068300009938
Train loss: 1.9591392390094384 Val loss: 0.21996286931286868 Time: 0.8602786999981618
Train loss: 2.00997953674786 Val loss: 0.22460983388166625 Time: 0.8417635999940103
Train loss: 1.9029485760248974 Val loss: 0.21557246218892662 Time: 0.851368999996339
Train loss: 1.8077501321176044 Val loss: 0.20774238815685764 Time: 0.8531288000085624
Train loss: 1.8133444018920244 Val loss: 0.20794058516071187 Time: 0.9273981000005733
Train loss: 1.8758902513160685 Val loss: 0.21491780845108568 Time: 0.8229721000097925
Train loss: 1.799423891664981 Val loss: 0.20837177019803388 Time: 0.8405597999953898
Train loss: 1.6998866364985474 Val loss: 0.19777265988465287 Time: 0.8464573999954155
Train loss: 1.65195817015843 Val loss: 0.1960489605625975 Time: 0.8432453999994323
Train loss: 1.6295084749462645 Val loss: 0.1930271323615637 Time: 0.8735807000048226
Train loss: 1.5530869663432143 Val loss: 0.1894905881317988 Time: 0.8610373999981675
Train loss: 1.5366021850934193 Val loss: 0.18541629456194833 Time: 0.8819490000023507
Train loss: 1.5472184370716597 Val loss: 0.18646206241094052 Time: 0.8151644999888958
Train loss: 1.472364670338692 Val loss: 0.1796212042007804 Time: 0.8273827000084566
Train loss: 1.4734266892419896 Val loss: 0.1830596994305849 Time: 0.8605123999877833
Train loss: 1.461042018381164 Val loss: 0.1793248310864811 Time: 0.8303968000109307
Train loss: 1.374000428983429 Val loss: 0.1711758892248155 Time: 0.8461709999974119
Train loss: 1.400099473091018 Val loss: 0.1776631345121976 Time: 0.8339892000076361
Train loss: 1.3189525208789252 Val loss: 0.1743735837357877 Time: 0.829186100003426
Train loss: 1.292230310927124 Val loss: 0.1689148117920743 Time: 0.845209100007196
Train loss: 1.357751246470471 Val loss: 0.17438492713308815 Time: 0.8585445999924559
Train loss: 1.2987616718891601 Val loss: 0.16606255362240432 Time: 0.8526751000026707
Train loss: 1.240729388781304 Val loss: 0.17820853955856633 Time: 0.9148452999943402
Train loss: 1.2470946829921559 Val loss: 0.1599147407329781 Time: 0.8737652999989223
Train loss: 1.2074505794104518 Val loss: 0.17110360559913704 Time: 0.8486363999982132
Train loss: 1.2757293036158244 Val loss: 0.17633726302086264 Time: 0.8410376000101678
Train loss: 1.1779952908962787 Val loss: 0.16249142282449303 Time: 0.8861939000053098
Train loss: 1.1951882893627044 Val loss: 0.15997438590124244 Time: 0.8437364999990677
Train loss: 1.1473493198145661 Val loss: 0.15416446508867618 Time: 0.8362731000088388
Train loss: 1.1727869731270728 Val loss: 0.16481338166601503 Time: 0.8559093000076246
Train loss: 1.088561422418934 Val loss: 0.14839702918102182 Time: 1.381814200009103
Train loss: 1.0699423551069884 Val loss: 0.1603894113894155 Time: 1.2746499000058975
Train loss: 1.025840415676985 Val loss: 0.15539311555053645 Time: 0.9271512999985134
Train loss: 1.1279072662569405 Val loss: 0.159290817218299 Time: 0.8473206000053324
Train loss: 1.1446220884465248 Val loss: 0.15607045124964017 Time: 0.8679924000025494
Train loss: 1.022148414449692 Val loss: 0.15467154342149989 Time: 0.8744149999984074
Train loss: 1.0064793072032572 Val loss: 0.15949385762228918 Time: 0.8711583999975119
Train loss: 0.9852892144427621 Val loss: 0.1663698978703541 Time: 0.880719599997974
Train loss: 0.9587675381783782 Val loss: 0.1642738358292412 Time: 1.0120950999989873
Train loss: 0.923247505764627 Val loss: 0.1644211544544498 Time: 0.8750570999982301
Train loss: 0.9364399150336169 Val loss: 0.15636173307927131 Time: 1.003619900002377
Train loss: 0.9399936669565534 Val loss: 0.1734003310191643 Time: 0.9109842000034405
Train loss: 0.9239390487246006 Val loss: 0.17558140854974125 Time: 0.8477986000070814
Train loss: 0.9063204493198214 Val loss: 0.15377535815578006 Time: 0.8786026000016136
Train loss: 0.8680186790831321 Val loss: 0.14575404696185543 Time: 0.8880079999944428
Train loss: 0.8464028135960859 Val loss: 0.14935471196723957 Time: 0.8640922000049613
Train loss: 0.8722192228385524 Val loss: 0.16277809714814287 Time: 0.8505457999999635
Train loss: 0.8586887531277796 Val loss: 0.18161788342590338 Time: 0.8797197999956552
Train loss: 0.893179273252855 Val loss: 0.16558891432177483 Time: 0.8734422999987146
Train loss: 0.7851100243170563 Val loss: 0.14503386524892795 Time: 0.8511647999985144
Train loss: 0.8141536540045706 Val loss: 0.14628602684280173 Time: 0.8742339000018546
Train loss: 0.8422109229722778 Val loss: 0.1333782260321092 Time: 0.8349701999977697
Train loss: 0.7924644689974514 Val loss: 0.17886197294001352 Time: 0.8387449000001652
Train loss: 0.7947690094802624 Val loss: 0.21783446566709475 Time: 0.8264024000091013
Train loss: 0.741477723070247 Val loss: 0.13166720061009754 Time: 0.8659611999901244
Train loss: 0.839898708105796 Val loss: 0.12880106550158113 Time: 0.8970344999979716
Train loss: 0.7467002149041813 Val loss: 0.1939774928479472 Time: 0.8699816000007559
Train loss: 0.7640802137402227 Val loss: 0.19592848185966502 Time: 0.8578305000119144
Train loss: 0.6892648197928679 Val loss: 0.15222738536848965 Time: 0.8865327999956207
Train loss: 0.7333140265803886 Val loss: 0.14055538897684902 Time: 0.9264685999951325
Train loss: 0.7118858513914701 Val loss: 0.10574876000999185 Time: 0.8641484000108903
Train loss: 0.7005209907226089 Val loss: 0.16989176334790165 Time: 0.8750214000028791
Train loss: 0.6225811826009959 Val loss: 0.15096365355772556 Time: 0.8723042000056012
Train loss: 0.6249042175714019 Val loss: 0.14998177258021161 Time: 0.9861939999973401
Train loss: 0.5964240384860915 Val loss: 0.20011985478459496 Time: 0.8888539000035962
Train loss: 0.6124633377616533 Val loss: 0.1886288290307951 Time: 0.8996383000048809
Train loss: 0.5957810025222443 Val loss: 0.15379246068326657 Time: 0.9319301000068663
Train loss: 0.6728867224846384 Val loss: 0.09315977849482288 Time: 0.8844287000101758
Train loss: 0.6490413500703518 Val loss: 0.10094532294120605 Time: 0.8947485000098823
Train loss: 0.5964274869046533 Val loss: 0.08694691592177739 Time: 0.8641451000003144
Train loss: 0.6632064253884398 Val loss: 0.1860565186439521 Time: 0.8720006000075955
Train loss: 0.6978943969169507 Val loss: 0.3097722556841485 Time: 0.8635465999977896
Train loss: 0.712570158791948 Val loss: 0.23106829128833276 Time: 0.9353490999928908
Train loss: 0.9590407689674549 Val loss: 0.09592851665341008 Time: 0.86067299998831
Train loss: 0.7245028999146061 Val loss: 0.14589763769241493 Time: 0.856838699997752
Train loss: 0.6804426621801696 Val loss: 0.25829546146704185 Time: 0.8748512999882223
Shrinking learning rate to 1e-05
Train loss: 0.7464948818510777 Val loss: 0.1587953871557681 Time: 0.9233605000044918
Train loss: 0.6353677809087515 Val loss: 0.16069163319459812 Time: 0.8818018999882042
Train loss: 0.6377060627604614 Val loss: 0.16980346726902684 Time: 0.8855774999974528
Train loss: 0.6619165529748976 Val loss: 0.1675254977995764 Time: 0.8437431999918772
Train loss: 0.6215858310452589 Val loss: 0.16710842097924658 Time: 0.8544339000072796
Train loss: 0.6345546312013468 Val loss: 0.16396609577536944 Time: 0.8468284999980824
Train loss: 0.655843673600657 Val loss: 0.15961496724128396 Time: 0.8528373000008287
Train loss: 0.5905077570812551 Val loss: 0.15107763341288616 Time: 0.8678222000016831
Train loss: 0.588706022201408 Val loss: 0.14791050268343853 Time: 0.8606451000086963
Train loss: 0.5980899087919624 Val loss: 0.15642938921229882 Time: 0.8594101999915438
Train loss: 0.5800705120930303 Val loss: 0.15391685874732758 Time: 0.8468302999972366
Train loss: 0.6358378327091145 Val loss: 0.1567775092212261 Time: 0.8591482999909203
Train loss: 0.571884870639451 Val loss: 0.17741246935367014 Time: 0.8351472999929683
Train loss: 0.6015870771020388 Val loss: 0.1774972352018224 Time: 0.8828433999879053
Train loss: 0.5665886168432914 Val loss: 0.17243587805191085 Time: 0.8758376000041608
Train loss: 0.5913788075123776 Val loss: 0.1705800337456322 Time: 0.8714810000092257
Train loss: 0.5472686964151734 Val loss: 0.172612023946803 Time: 0.9036022999935085
Train loss: 0.5662844771162696 Val loss: 0.17326155343500585 Time: 0.8469085999968229
Train loss: 0.5853149299427454 Val loss: 0.16477682153049208 Time: 0.878110799996648
Train loss: 0.5391105500899869 Val loss: 0.16442425522495938 Time: 0.8597433999966597
Train loss: 0.5386881876766072 Val loss: 0.16146734350838085 Time: 0.8574406000116142
Train loss: 0.6005736797505596 Val loss: 0.16314351391581364 Time: 0.9693110000080196
Train loss: 0.5362850582592014 Val loss: 0.15825180230504365 Time: 0.9083774000027915
Train loss: 0.555640959510356 Val loss: 0.1583478462292482 Time: 0.8738125999952899
Train loss: 0.5295694964664088 Val loss: 0.16360933739774844 Time: 0.8560888000065461
Train loss: 0.5503815470666922 Val loss: 0.16243364360945706 Time: 0.8649489999952493
Train loss: 0.5406461414734869 Val loss: 0.15807294661244875 Time: 1.0019714999943972
Train loss: 0.5418083164999103 Val loss: 0.15888350755030897 Time: 0.8678452000021935
Train loss: 0.5384109643979968 Val loss: 0.15959957463684296 Time: 0.8567543999961345
Train loss: 0.5322838209323832 Val loss: 0.15815574832408943 Time: 0.8620420999941416
Train loss: 0.5383347617640766 Val loss: 0.15470512802591685 Time: 0.8580510999890976
Train loss: 0.5332286754657645 Val loss: 0.15176937248434846 Time: 0.8646498000016436
Train loss: 0.5265313020587001 Val loss: 0.15524734631069598 Time: 0.8622546999977203
Train loss: 0.5269390776849221 Val loss: 0.1532397570362152 Time: 0.9043698000023142
Train loss: 0.5173817477586624 Val loss: 0.14834765810626047 Time: 0.8577963999996427
Train loss: 0.53762563991814 Val loss: 0.15220836119921227 Time: 0.867035900009796
Train loss: 0.5016169110430102 Val loss: 0.14809818386922893 Time: 0.8828336000005947
Train loss: 0.5291291628093848 Val loss: 0.14864531717911172 Time: 0.8686957000027178
Train loss: 0.5609702047200678 Val loss: 0.14969608696159992 Time: 0.8739696000120603
Train loss: 0.5295681163401724 Val loss: 0.1479240328080837 Time: 0.86238730000332
Train loss: 0.4917439754980215 Val loss: 0.1456754167188476 Time: 0.866448799992213
Train loss: 0.5081591195565665 Val loss: 0.14850315824652827 Time: 0.8541986999916844
Train loss: 0.5546955055778184 Val loss: 0.1462320451661199 Time: 0.8770416000043042
Train loss: 0.5288214351616229 Val loss: 0.14632690261035974 Time: 0.8661023999884492
Train loss: 0.5685643759711922 Val loss: 0.15168309830947482 Time: 0.8913916000019526
Train loss: 0.5484149533473737 Val loss: 0.14527153715439642 Time: 0.8705487999977777
Train loss: 0.5112709244500491 Val loss: 0.14380013886452503 Time: 0.9256631000025664
Train loss: 0.5001615713017298 Val loss: 0.14198874452818352 Time: 0.8546526999998605
Train loss: 0.49799977010282603 Val loss: 0.1422349989579232 Time: 0.888867499990738
Train loss: 0.49293010424619427 Val loss: 0.1418694391994401 Time: 0.8745278999995207
Shrinking learning rate to 1.0000000000000002e-06
Train loss: 0.519162903434534 Val loss: 0.14634936892061226 Time: 0.8779720000020461
Train loss: 0.5263832013033038 Val loss: 0.1457628469623503 Time: 0.848589200002607
Train loss: 0.493831214636125 Val loss: 0.1451107549466013 Time: 0.9029011999955401
Train loss: 0.5120507971866743 Val loss: 0.1453565033091716 Time: 0.8595695999974851
Train loss: 0.4865000722453914 Val loss: 0.14435182757829654 Time: 0.8554972999991151
Train loss: 0.5220061188633167 Val loss: 0.14474915700131438 Time: 0.9243623999936972
Train loss: 0.5400093183448753 Val loss: 0.14486803307550092 Time: 0.920580299993162
Train loss: 0.5060382015293676 Val loss: 0.14328548465288926 Time: 0.8541128999931971
Train loss: 0.4900402476197492 Val loss: 0.14233541174552797 Time: 0.9329426000040257
Train loss: 0.4861143576250875 Val loss: 0.1420410214062022 Time: 0.8630744999973103
Train loss: 0.5162172391259503 Val loss: 0.14397819365229936 Time: 0.8548451000096975
Train loss: 0.5032563080082824 Val loss: 0.14314623274055113 Time: 0.828597700005048
Train loss: 0.5260649246330935 Val loss: 0.14394256389439308 Time: 0.8714959999924758
Train loss: 0.5211856908257779 Val loss: 0.14300974562689825 Time: 0.8807441999961156
Train loss: 0.5088771300151684 Val loss: 0.14289830315688654 Time: 0.8534074999915902
Train loss: 0.5195546431567664 Val loss: 0.1430802272420125 Time: 0.840376499996637
Train loss: 0.49503343437493186 Val loss: 0.1421965257855542 Time: 0.8862663999898359
Train loss: 0.5135532524762141 Val loss: 0.14282831480672276 Time: 0.9232997000071919
Train loss: 0.49892731133391344 Val loss: 0.14169826930819204 Time: 0.8504404000123031
Shrinking learning rate to 1.0000000000000002e-07
Learning rate getting small
Complete
 Total time: 162.3520608000108