starting log for model: C:\Users\christopher.johnson\Documents\GitHub\flu\lstm_2019.pth
Train loss: 17.528601671125443 Val loss: 0.08947776266904839 Time: 0.5481038000434637
Train loss: 11.852065990962842 Val loss: 0.2416488302851576 Time: 0.5538970999186859
Train loss: 11.28926624957262 Val loss: 0.29316815300262533 Time: 0.6155020000878721
Train loss: 10.859064095130407 Val loss: 0.28573840404715156 Time: 0.5752658999990672
Train loss: 9.88386664719684 Val loss: 0.27050742464052746 Time: 0.5575222000479698
Train loss: 8.027135254685845 Val loss: 0.3581181076588109 Time: 0.593059099977836
Train loss: 6.511615985752398 Val loss: 0.5709239358475315 Time: 0.5898096000310034
Train loss: 5.880311627252979 Val loss: 0.7392171765405378 Time: 0.5480224000057206
Train loss: 5.501151622746676 Val loss: 0.8685309483545893 Time: 0.5672191999619827
Train loss: 5.308175625239787 Val loss: 0.9678941839946162 Time: 0.5153271000599489
Train loss: 5.053279417516393 Val loss: 1.0714146760628864 Time: 0.5202453000238165
Train loss: 4.8118270631754285 Val loss: 1.1654530066938946 Time: 0.6234492999501526
Train loss: 4.666928221718372 Val loss: 1.2416151731249556 Time: 0.8763672000495717
Train loss: 4.437984607102863 Val loss: 1.3536351395396196 Time: 1.0539640000788495
Train loss: 4.252941314417107 Val loss: 1.4257784883548084 Time: 1.0575854999478906
Train loss: 4.148057020857607 Val loss: 1.4982919913572914 Time: 0.5100785000249743
Train loss: 3.997735563622225 Val loss: 1.580197798599329 Time: 0.5886196000501513
Train loss: 3.8619380214176804 Val loss: 1.630608149598629 Time: 0.5691728999372572
Train loss: 3.8248295983557057 Val loss: 1.6603312539364197 Time: 0.5736632000189275
Train loss: 3.663640064480692 Val loss: 1.687530668908039 Time: 0.49706950003746897
Train loss: 3.5677537323092423 Val loss: 1.71668964409821 Time: 0.5000339000253007
Train loss: 3.459411436859554 Val loss: 1.7165384426571109 Time: 0.4899590000277385
Train loss: 3.3540520394405178 Val loss: 1.7334407042085331 Time: 0.49822240008506924
Train loss: 3.207299668305894 Val loss: 1.7506344744291482 Time: 0.47823550004977733
Train loss: 3.2354784879365894 Val loss: 1.7463687511649368 Time: 0.5113583999918774
Train loss: 3.1547523882068482 Val loss: 1.765361610242195 Time: 0.4980729999952018
Train loss: 3.137476936661722 Val loss: 1.786157252300356 Time: 0.49712800001725554
Train loss: 3.010369589529942 Val loss: 1.7432994014689385 Time: 0.49679710005875677
Train loss: 2.9835749732740187 Val loss: 1.7564766791429065 Time: 0.48522480006795377
Train loss: 2.973410635064151 Val loss: 1.7357798336738597 Time: 0.4999918000539765
Train loss: 2.978770655410642 Val loss: 1.7340961568091444 Time: 0.4869102999800816
Train loss: 2.9481660784594794 Val loss: 1.7015685285169866 Time: 0.48701120004989207
Train loss: 2.8593325176893813 Val loss: 1.686530507234238 Time: 0.5077175999758765
Train loss: 2.8830536350251705 Val loss: 1.6637139588974605 Time: 0.5108386999927461
Train loss: 2.8540944098968493 Val loss: 1.6190166738542757 Time: 0.509751999983564
Train loss: 2.840437677471323 Val loss: 1.5883473812794193 Time: 0.500867500086315
Train loss: 2.8068326358457085 Val loss: 1.5799329951385062 Time: 0.500676600029692
Train loss: 2.723861100471659 Val loss: 1.5513147301782055 Time: 0.5014981999993324
Train loss: 2.7413749827815024 Val loss: 1.5500956673324708 Time: 0.49114639998879284
Train loss: 2.7692768164465296 Val loss: 1.5045161831038953 Time: 0.49886890000198036
Train loss: 2.698868456467114 Val loss: 1.5067610435182814 Time: 0.49614510009996593
Train loss: 2.786353465879806 Val loss: 1.4850370111298332 Time: 0.5049644999671727
Train loss: 2.622623182340284 Val loss: 1.4589473655014444 Time: 0.5037932998966426
Train loss: 2.6022886102057075 Val loss: 1.4107041017374513 Time: 0.4959824000252411
Train loss: 2.6522576129352906 Val loss: 1.4036995886558543 Time: 0.503002000041306
Train loss: 2.6824898406901374 Val loss: 1.3871065786341887 Time: 0.5129269999451935
Train loss: 2.597707442566697 Val loss: 1.39363443284833 Time: 0.502383999992162
Train loss: 2.614275236846211 Val loss: 1.3656761604420353 Time: 0.48992409999482334
Train loss: 2.6230285955842128 Val loss: 1.343964327762592 Time: 0.49742540006991476
Train loss: 2.580492194338345 Val loss: 1.3333835818746138 Time: 0.5175433000549674
Train loss: 2.5243842954219486 Val loss: 1.3122714813681426 Time: 0.5044714000541717
Train loss: 2.508654662613935 Val loss: 1.2905497620700412 Time: 0.5144689000444487
Train loss: 2.551193869953714 Val loss: 1.29444004578653 Time: 0.5002128999913111
Train loss: 2.5294976184050624 Val loss: 1.2801501302810152 Time: 0.4910860999953002
Train loss: 2.4960291625309265 Val loss: 1.2617011686281856 Time: 0.5045255000004545
Train loss: 2.436712390077437 Val loss: 1.2245827167855547 Time: 0.5083888999652117
Train loss: 2.494939123573637 Val loss: 1.196108969523948 Time: 0.4955371000105515
Train loss: 2.3975136992793153 Val loss: 1.2146016167830567 Time: 0.5082004999276251
Train loss: 2.4331718187377582 Val loss: 1.1995720499460276 Time: 0.4915620000101626
Train loss: 2.4652657109921376 Val loss: 1.1888294302431968 Time: 0.5039735999889672
Train loss: 2.372612199249626 Val loss: 1.2241067799591647 Time: 0.4822300000814721
Train loss: 2.412990556338266 Val loss: 1.2008951049675716 Time: 0.48831699998117983
Train loss: 2.347929449267034 Val loss: 1.1817495462902343 Time: 0.49333710002247244
Train loss: 2.3538356889109915 Val loss: 1.1842075493995878 Time: 0.47548360005021095
Train loss: 2.339049329488756 Val loss: 1.2000382591080552 Time: 0.5130794999422505
Train loss: 2.357366609151473 Val loss: 1.169546364050234 Time: 0.4927889999235049
Train loss: 2.3212460941952706 Val loss: 1.148636391605649 Time: 0.5117835000855848
Train loss: 2.289132697862664 Val loss: 1.1830312120120434 Time: 0.5021305000409484
Train loss: 2.2980571216619445 Val loss: 1.1784238280807386 Time: 0.5012556000147015
Train loss: 2.239134403593022 Val loss: 1.1449440243583808 Time: 0.49831699999049306
Train loss: 2.2555453298964636 Val loss: 1.1285955803313072 Time: 0.5011851999443024
Train loss: 2.1838074881826746 Val loss: 1.1408021964762156 Time: 0.5027247000252828
Train loss: 2.198163370186891 Val loss: 1.1229517038882175 Time: 0.4979014000855386
Train loss: 2.1772202137864545 Val loss: 1.1392147532534724 Time: 0.5038773999549448
Train loss: 2.131802801974872 Val loss: 1.1204724934829642 Time: 0.4942060000030324
Train loss: 2.140972546919164 Val loss: 1.115425325896041 Time: 0.5715177999809384
Train loss: 2.1114486908559194 Val loss: 1.1489534430818784 Time: 0.47926759999245405
Train loss: 2.102507850668701 Val loss: 1.1239425779658367 Time: 0.495165100088343
Train loss: 2.105119500056171 Val loss: 1.1144434843389774 Time: 0.49318999995011836
Train loss: 2.0962772722773435 Val loss: 1.1281136825467755 Time: 0.5150437999982387
Train loss: 2.108421783133477 Val loss: 1.1466452462819916 Time: 0.48054110002703965
Train loss: 2.1076572308895947 Val loss: 1.1300332820956545 Time: 0.49092440004460514
Train loss: 2.053771152230045 Val loss: 1.1547658738816544 Time: 0.4879866000264883
Train loss: 1.9541461431527205 Val loss: 1.1194291761212298 Time: 0.506009400007315
Train loss: 2.0214962995640917 Val loss: 1.1393466490130777 Time: 0.4864901000401005
Train loss: 1.9158018620310209 Val loss: 1.1431988643876139 Time: 0.4930618000216782
Train loss: 1.9378342708989655 Val loss: 1.1535399844887166 Time: 0.5143356000771746
Train loss: 1.9641725522944542 Val loss: 1.1817201200054868 Time: 0.5007405000505969
Train loss: 1.9184785827092163 Val loss: 1.2102663544455936 Time: 0.5036654999712482
Train loss: 1.8914436951414046 Val loss: 1.1724475619643329 Time: 0.505077000008896
Train loss: 1.8224990577375397 Val loss: 1.202823629984593 Time: 0.4968874000478536
Train loss: 1.887567181087649 Val loss: 1.2097494266824924 Time: 0.5074191999156028
Train loss: 1.8145609274690102 Val loss: 1.2103767675489507 Time: 0.5257522000465542
Train loss: 1.8599102158023755 Val loss: 1.186667539761899 Time: 0.4887393000535667
Train loss: 1.8001493809897182 Val loss: 1.2166672567445858 Time: 0.5016580000519753
Train loss: 1.773714892792981 Val loss: 1.209981325676834 Time: 0.5051968999905512
Train loss: 1.712057903020634 Val loss: 1.2266405712330197 Time: 0.5305954999057576
Train loss: 1.7507637654815387 Val loss: 1.2349417260754763 Time: 0.5112566999159753
Train loss: 1.7026305685847838 Val loss: 1.265465110482637 Time: 0.4913916999939829
Train loss: 1.7523453659599015 Val loss: 1.219428140116861 Time: 0.5118799000047147
Train loss: 1.6968815999684068 Val loss: 1.2985898916415053 Time: 0.495942399953492
Train loss: 1.588407454612927 Val loss: 1.335349870615687 Time: 0.4980273999972269
Train loss: 1.566191150404288 Val loss: 1.371143885756922 Time: 0.5050472000148147
Train loss: 1.6198449431218573 Val loss: 1.3512918837619594 Time: 0.5109536000527442
Train loss: 1.6208955643262648 Val loss: 1.3382354655666404 Time: 0.5006460000295192
Train loss: 1.5463593920641356 Val loss: 1.4154019003525602 Time: 0.49335139989852905
Train loss: 1.5724594273140087 Val loss: 1.397876691348717 Time: 0.5037795000243932
Train loss: 1.5060760134723066 Val loss: 1.403790951854262 Time: 0.5022559999488294
Train loss: 1.5277709630260219 Val loss: 1.3907677376753327 Time: 0.502368799992837
Train loss: 1.4878993681132422 Val loss: 1.409952007512402 Time: 0.49097060004714876
Train loss: 1.4963897477436667 Val loss: 1.4257497128492105 Time: 0.4811430999543518
Train loss: 1.467613598236989 Val loss: 1.4522616750855377 Time: 0.4970489999977872
Train loss: 1.4238068933226637 Val loss: 1.4539267637242475 Time: 0.490388699923642
Train loss: 1.4060267745419344 Val loss: 1.4991706581968174 Time: 0.4890492999693379
Train loss: 1.434675278313204 Val loss: 1.4461367132553278 Time: 0.5070557999424636
Train loss: 1.4197426063345526 Val loss: 1.4589062305039988 Time: 0.5086647999705747
Train loss: 1.3901106947567783 Val loss: 1.474280812408324 Time: 0.4889290001010522
Train loss: 1.4010754442786855 Val loss: 1.5028546863174164 Time: 0.4919891000026837
Train loss: 1.3973314591858117 Val loss: 1.5754820883448701 Time: 0.4908963000634685
Train loss: 1.4093441311409163 Val loss: 1.5907917633012403 Time: 0.5092932999832556
Train loss: 1.3710440198165879 Val loss: 1.5615283044192978 Time: 0.5116139000747353
Train loss: 1.3083386512898723 Val loss: 1.5528205925656948 Time: 0.500301199965179
Train loss: 1.3104040643420198 Val loss: 1.5524666188139236 Time: 0.5097352999728173
Train loss: 1.3123193872260828 Val loss: 1.5849146540786023 Time: 0.5687580000376329
Train loss: 1.280118834842781 Val loss: 1.5770641785056796 Time: 0.5178761000279337
Train loss: 1.2179794674501494 Val loss: 1.5702860996389063 Time: 0.6629798000212759
Train loss: 1.2955557274975895 Val loss: 1.590953731792979 Time: 0.5116484999889508
Train loss: 1.2701659878226224 Val loss: 1.5828161481476855 Time: 0.5388198000146076
Train loss: 1.1807714854785587 Val loss: 1.6242742485919734 Time: 0.4911916999844834
Train loss: 1.1986198867480948 Val loss: 1.5642868175709737 Time: 0.5209877999732271
Train loss: 1.2122313758814052 Val loss: 1.5294570630794624 Time: 0.5074940000195056
Train loss: 1.214304454111028 Val loss: 1.5660018267954001 Time: 0.49935959989670664
Train loss: 1.1545201868983206 Val loss: 1.5497851661057211 Time: 0.48328679997939616
Train loss: 1.1713989199502342 Val loss: 1.5102486890100408 Time: 0.506312100100331
Train loss: 1.1414530715763487 Val loss: 1.5302558222938387 Time: 0.49398439994547516
Train loss: 1.1451365118202221 Val loss: 1.5433787982656213 Time: 0.4847465999191627
Train loss: 1.1705342313821556 Val loss: 1.4955215404334012 Time: 0.49611369997728616
Train loss: 1.0969344062742654 Val loss: 1.5421911853190977 Time: 0.5199965999927372
Train loss: 1.0922064563393192 Val loss: 1.5366783067875076 Time: 0.49468930007424206
Train loss: 1.1335566134853527 Val loss: 1.5661804380106332 Time: 0.5102200999390334
Train loss: 1.0718236377761627 Val loss: 1.534396517337882 Time: 0.4959748999681324
Train loss: 1.040962919881507 Val loss: 1.5524646134435898 Time: 0.4911322999978438
Train loss: 1.1234640201033674 Val loss: 1.5038778157666144 Time: 0.496170699945651
Train loss: 1.0635501207616294 Val loss: 1.5626935508989845 Time: 0.49521600001025945
Train loss: 1.0319422540907794 Val loss: 1.5930429742875276 Time: 0.49632849998306483
Train loss: 1.0209986813836727 Val loss: 1.5473788320960011 Time: 0.4985219999216497
Train loss: 1.0978675516789034 Val loss: 1.6160309414190124 Time: 0.49936080002225935
Train loss: 1.0373574532476235 Val loss: 1.5456700940121664 Time: 0.4971480000531301
Train loss: 1.0072326979637225 Val loss: 1.5658207048018085 Time: 0.49490170006174594
Train loss: 1.02370607819433 Val loss: 1.578627216435052 Time: 0.49639380001462996
Train loss: 1.0057080950972483 Val loss: 1.5902476658654665 Time: 0.4879038000945002
Train loss: 0.9323014029947405 Val loss: 1.5401685439887842 Time: 0.48610049998387694
Train loss: 0.9954740313418462 Val loss: 1.5732981840556022 Time: 0.48383359995204955
Train loss: 0.9522813581888716 Val loss: 1.59943651042648 Time: 0.49614829989150167
Train loss: 0.9183644737913073 Val loss: 1.5701092013714515 Time: 0.5020673000253737
Train loss: 0.9909177757360088 Val loss: 1.5334699132487302 Time: 0.486021300079301
Train loss: 0.9743179755049756 Val loss: 1.5633173932908448 Time: 0.49951589992269874
Train loss: 0.9852172535734063 Val loss: 1.520618852634243 Time: 0.485623300075531
Train loss: 0.9455624561772034 Val loss: 1.5914470908998677 Time: 0.502388900029473
Train loss: 0.9443632388110093 Val loss: 1.560784722992139 Time: 0.5028509000549093
Train loss: 0.9593791985612583 Val loss: 1.631637868225539 Time: 0.4930588999995962
Train loss: 0.9491075485619289 Val loss: 1.6052060808156057 Time: 0.49000989994965494
Train loss: 0.9846627953701983 Val loss: 1.610155576394141 Time: 0.5042160999728367
Train loss: 0.9533839338663816 Val loss: 1.5791975972709693 Time: 0.5056615999201313
Shrinking learning rate to 1e-05
Train loss: 0.9574315208298045 Val loss: 1.4585671606209303 Time: 0.5068919999757782
Train loss: 0.9047338173887147 Val loss: 1.4452824686402437 Time: 0.4955645001027733
Train loss: 0.8622819534852078 Val loss: 1.4518403420165669 Time: 0.5046407000627369
Train loss: 0.9256118392517507 Val loss: 1.4663506525489538 Time: 0.48728989996016026
Train loss: 0.8443331211834075 Val loss: 1.4801727413700974 Time: 0.49923209997359663
Train loss: 0.8615264861099403 Val loss: 1.47624913341906 Time: 0.511787399998866
Train loss: 0.8388686543758881 Val loss: 1.469937179790577 Time: 0.5003068000078201
Train loss: 0.8594354706702569 Val loss: 1.482472295518619 Time: 0.5004063999513164
Train loss: 0.8064129124434132 Val loss: 1.4893199198704679 Time: 0.4785317999776453
Train loss: 0.8807076382940073 Val loss: 1.4750414089066717 Time: 0.5068089000415057
Train loss: 0.8433077209362612 Val loss: 1.4955218111190334 Time: 0.5060753000434488
Train loss: 0.844145370803516 Val loss: 1.4995061835284105 Time: 0.4945676999632269
Train loss: 0.889492301754359 Val loss: 1.4953537320971009 Time: 0.5118130999617279
Train loss: 0.9078796892525451 Val loss: 1.4953901513824803 Time: 0.48968229989986867
Train loss: 0.9076192922218205 Val loss: 1.4975743029530122 Time: 0.5223436000524089
Train loss: 0.9073312246609646 Val loss: 1.4943007028336455 Time: 0.5241832999745384
Train loss: 0.8384630807595954 Val loss: 1.4958886778532587 Time: 0.6042907000519335
Train loss: 0.837541646782545 Val loss: 1.5002810882997437 Time: 0.6976966999936849
Shrinking learning rate to 1.0000000000000002e-06
Train loss: 0.821374237865335 Val loss: 1.4871408994508784 Time: 0.8354980999138206
Train loss: 0.8789949517986537 Val loss: 1.4860523619963715 Time: 0.5522288999054581
Train loss: 0.8676258616255073 Val loss: 1.4845402405730965 Time: 0.5282448000507429
Train loss: 0.907219579943829 Val loss: 1.482804732220984 Time: 0.5079341999953613
Train loss: 0.8045079890418139 Val loss: 1.4833957966540083 Time: 0.5394124999875203
Train loss: 0.8997737621925843 Val loss: 1.4818355161551153 Time: 0.5922163999639452
Train loss: 0.9185104141322817 Val loss: 1.4816368755982694 Time: 0.5367141999304295
Train loss: 0.8510513473403023 Val loss: 1.4826397191709475 Time: 0.4845035000471398
Train loss: 0.8629708022142566 Val loss: 1.4817938116842697 Time: 0.5003596999449655
Train loss: 0.8216646815625508 Val loss: 1.4819886873976884 Time: 0.5106196999549866
Train loss: 0.8715910418699906 Val loss: 1.4817234340168568 Time: 0.5114584000548348
Train loss: 0.8764878628271736 Val loss: 1.4808738417224845 Time: 0.5638121999800205
Train loss: 0.8749906126903966 Val loss: 1.4790459070830906 Time: 0.5438986000372097
Train loss: 0.8355473898744332 Val loss: 1.4796703145453396 Time: 0.5234645999735221
Shrinking learning rate to 1.0000000000000002e-07
Learning rate getting small
Complete
 Total time: 102.24359989992809