starting log for model: C:\Users\christopher.johnson\Documents\GitHub\flu\lstm_cnn_drop_usa.pth
Train loss: 16.7305262438842 Val loss: 2.1724167283215365 Time: 0.8476671997923404
Train loss: 11.183986126374144 Val loss: 1.2879591951495968 Time: 0.9053899999707937
Train loss: 7.227859280812945 Val loss: 0.9462842196808197 Time: 0.8676027001347393
Train loss: 6.2048394421192725 Val loss: 0.9225936844595708 Time: 0.8504744998645037
Train loss: 5.9438619599681575 Val loss: 0.8912535740237217 Time: 0.8125373998191208
Train loss: 5.487293559879384 Val loss: 0.903454176732339 Time: 0.9065251001156867
Train loss: 5.217047510384058 Val loss: 0.8993713230302092 Time: 0.7972013999242336
Train loss: 5.028071464059743 Val loss: 0.8744893054536078 Time: 0.8502761998679489
Train loss: 4.960007563099772 Val loss: 0.9368172422691714 Time: 0.8454248998314142
Train loss: 5.126803737723721 Val loss: 1.0057307492752443 Time: 0.9537506999913603
Train loss: 4.615690075083569 Val loss: 0.8752140991946362 Time: 0.9152964998502284
Train loss: 4.455550703984947 Val loss: 1.048532406490267 Time: 0.9398051002062857
Train loss: 4.310817608347296 Val loss: 1.0226058890293643 Time: 0.9276571001391858
Train loss: 3.9902812122309372 Val loss: 1.0191041224170476 Time: 0.9155910001136363
Train loss: 3.7071407100563425 Val loss: 0.9823519917226804 Time: 0.9233318001497537
Train loss: 4.0876426661013525 Val loss: 1.0620232408837182 Time: 0.8819405001122504
Train loss: 3.47008389535518 Val loss: 1.125849066345836 Time: 0.8832336000632495
Train loss: 3.084671206077474 Val loss: 0.990932494878507 Time: 0.8241840000264347
Train loss: 3.1280224809709485 Val loss: 0.915078616613755 Time: 0.9868860999122262
Train loss: 2.9726275594544167 Val loss: 0.9581991270206345 Time: 0.9058320999611169
Train loss: 2.8241372418649524 Val loss: 1.1156786603023647 Time: 0.8103071001823992
Train loss: 2.744135793355142 Val loss: 0.8743764492392074 Time: 0.8095337999984622
Train loss: 2.4314531113674644 Val loss: 1.0206082840668387 Time: 0.8073638998903334
Train loss: 2.4188003465198964 Val loss: 1.0155319233381306 Time: 0.7829039001371711
Train loss: 2.575040020143577 Val loss: 0.8787211621820461 Time: 0.8186991000548005
Train loss: 2.400868614757586 Val loss: 1.2259492176190179 Time: 0.811278099892661
Train loss: 2.404663676135482 Val loss: 0.953983452898683 Time: 0.8278957000002265
Train loss: 2.149685546023525 Val loss: 1.3317664296100702 Time: 0.8023871001787484
Train loss: 2.0803048364201815 Val loss: 1.1835331151960418 Time: 0.841852700104937
Train loss: 1.9298484886314011 Val loss: 1.2864448002001154 Time: 0.8195440000854433
Train loss: 1.8471606551421482 Val loss: 1.1517311722855084 Time: 0.7824593000113964
Train loss: 1.5396173089264213 Val loss: 1.2084101682412438 Time: 0.8001981000415981
Train loss: 1.5136712853200671 Val loss: 1.4038220891379751 Time: 0.8169948998838663
Train loss: 1.5151974600148512 Val loss: 1.2308115130872466 Time: 0.8048005998134613
Train loss: 1.2770132256072473 Val loss: 1.240652312306338 Time: 0.8281523999758065
Train loss: 1.5265217736402756 Val loss: 1.1952682136325166 Time: 0.8202210001181811
Train loss: 1.3783872869087432 Val loss: 1.3506718384451233 Time: 0.8345200000330806
Train loss: 1.384094616123535 Val loss: 1.2687283799168654 Time: 0.8438479998148978
Train loss: 1.407621882651485 Val loss: 1.3031644963484723 Time: 0.8142590001225471
Train loss: 1.4869029201655488 Val loss: 1.304204662446864 Time: 0.8051142999902368
Train loss: 1.0834598938829958 Val loss: 1.3245060835033655 Time: 0.7985962000675499
Train loss: 1.161037051014319 Val loss: 1.4069209257140756 Time: 0.8184487000107765
Train loss: 1.019313450355962 Val loss: 1.2500155696179718 Time: 0.8286011000163853
Train loss: 1.0779932349268322 Val loss: 1.4796192818903364 Time: 0.8172158000525087
Train loss: 1.0471885134386039 Val loss: 1.1904742813203484 Time: 0.8104958001058549
Train loss: 0.8529818721296728 Val loss: 1.2169929304509424 Time: 0.8238812999334186
Train loss: 0.9307626683578484 Val loss: 1.3030876705888659 Time: 0.8051326998975128
Train loss: 1.09010941144229 Val loss: 1.1370015549473464 Time: 0.8156505001243204
Train loss: 0.9892805926444039 Val loss: 1.2465398700442165 Time: 0.8110722999554127
Train loss: 0.7438420019492579 Val loss: 1.3373585825611372 Time: 0.8190514999441803
Train loss: 0.7830149292912222 Val loss: 1.4316850731847808 Time: 0.8406045001465827
Train loss: 0.7071956986432513 Val loss: 1.433730605330254 Time: 0.8292769999243319
Train loss: 1.123158028148323 Val loss: 1.842490718537647 Time: 0.8266706999856979
Train loss: 1.0373340281177303 Val loss: 1.4230694902362302 Time: 0.8251807000488043
Train loss: 0.6799965990008336 Val loss: 1.4734569248976186 Time: 0.8268248999956995
Train loss: 0.7641297046428326 Val loss: 1.4614389373455197 Time: 0.8352960001211613
Train loss: 0.6649168925124544 Val loss: 1.5608585714362562 Time: 0.8332934998907149
Train loss: 0.7924232756497709 Val loss: 1.543140182388015 Time: 0.8368540999945253
Train loss: 0.7418180078893115 Val loss: 1.6557894084835425 Time: 0.8043891000561416
Train loss: 0.6711817879208253 Val loss: 1.7326470740372315 Time: 0.8307077998761088
Train loss: 0.7279536429536437 Val loss: 1.7059638340724632 Time: 0.8265844001434743
Train loss: 0.6240895850008081 Val loss: 1.4633925667731091 Time: 0.8051684000529349
Train loss: 0.7143164180854421 Val loss: 1.4271318073151633 Time: 0.8102742999326438
Train loss: 0.640101752358011 Val loss: 1.4902655723853968 Time: 0.8517016000114381
Train loss: 1.2467189812564916 Val loss: 1.617526558926329 Time: 0.8450054000131786
Train loss: 0.9177122409092577 Val loss: 1.666826296132058 Time: 0.8377372999675572
Train loss: 0.8449816640460482 Val loss: 1.7623518966138363 Time: 0.8167025002185255
Train loss: 0.6763435562750086 Val loss: 1.709643424488604 Time: 0.8093807999975979
Train loss: 0.7410713419153263 Val loss: 1.7117119323811494 Time: 0.8156362001318485
Train loss: 0.9142796783528149 Val loss: 1.7438322253292426 Time: 0.834093099925667
Train loss: 0.6931269296837685 Val loss: 1.777003352122847 Time: 0.838972199941054
Shrinking learning rate to 1e-05
Train loss: 0.6853559151703276 Val loss: 1.4569570296443999 Time: 0.7858904001768678
Train loss: 0.6154724033442582 Val loss: 1.4581457823514938 Time: 0.8030643998645246
Train loss: 0.6767364308031977 Val loss: 1.4995803084457293 Time: 0.8430151999928057
Train loss: 0.5886769092135284 Val loss: 1.510184709331952 Time: 0.9310375999193639
Train loss: 0.4494919069907359 Val loss: 1.5050269972998649 Time: 0.8345740002114326
Train loss: 0.5965309111525896 Val loss: 1.533660712884739 Time: 0.7823928999714553
Train loss: 0.5779650278963531 Val loss: 1.5212098392657936 Time: 0.8549222000874579
Train loss: 0.47944089994779016 Val loss: 1.51639108650852 Time: 0.8318131000269204
Train loss: 0.49256145821995734 Val loss: 1.5421840674243867 Time: 0.8476122999563813
Train loss: 0.6715463721291768 Val loss: 1.5506712776841596 Time: 0.8479617999400944
Train loss: 0.5766336701439008 Val loss: 1.5404820963740349 Time: 0.881653199903667
Train loss: 0.4323599881612011 Val loss: 1.5512504000216722 Time: 0.8316387999802828
Train loss: 0.5112792856397623 Val loss: 1.5367856996599585 Time: 0.8428307001013309
Train loss: 0.48140137200226385 Val loss: 1.5260895376559347 Time: 0.8630044001620263
Train loss: 0.5643512455841456 Val loss: 1.518122975481674 Time: 0.8255410001147538
Train loss: 0.45602426540777274 Val loss: 1.5452224758919328 Time: 0.8003684000577778
Train loss: 0.5679955401795127 Val loss: 1.5428010327741504 Time: 0.8030316000804305
Train loss: 0.5527777180419196 Val loss: 1.5380453650141135 Time: 0.7939291000366211
Train loss: 0.5922803347389559 Val loss: 1.5246371985413134 Time: 0.7997622000984848
Train loss: 0.5533038749398622 Val loss: 1.5495595736429095 Time: 0.7726800001692027
Train loss: 0.5493283565844642 Val loss: 1.543168538250029 Time: 0.794228200102225
Shrinking learning rate to 1.0000000000000002e-06
Train loss: 0.4379854451160452 Val loss: 1.5528824517969042 Time: 0.792127100052312
Train loss: 0.6834559629608208 Val loss: 1.558925295015797 Time: 0.7885575001128018
Train loss: 0.5016994787274907 Val loss: 1.5598883592756465 Time: 0.7807068000547588
Train loss: 0.5159867261088738 Val loss: 1.560209324466996 Time: 0.7962555999401957
Train loss: 0.6065369333224373 Val loss: 1.5636185994371772 Time: 0.7947127998340875
Train loss: 0.5226638321223103 Val loss: 1.5652577875880525 Time: 0.7796653998084366
Train loss: 0.4719928865229326 Val loss: 1.5620217731921002 Time: 0.7997974001336843
Train loss: 0.43784274884055974 Val loss: 1.5644445987418294 Time: 0.8141678001265973
Train loss: 0.40406310550774505 Val loss: 1.5625189162092283 Time: 0.7927639000117779
Train loss: 0.5202790590623361 Val loss: 1.5649945627665147 Time: 0.7945807001087815
Train loss: 0.6426377766411606 Val loss: 1.5649403614224866 Time: 0.8074179000686854
Train loss: 0.5097826086328432 Val loss: 1.5638315556570888 Time: 0.7788146000821143
Train loss: 0.46432837634201757 Val loss: 1.56141132931225 Time: 0.7703426999505609
Train loss: 0.4362921341492635 Val loss: 1.5602290601236746 Time: 0.8022763000335544
Train loss: 0.5390494171822181 Val loss: 1.560242696898058 Time: 0.7838079999201
Train loss: 0.6375128057267314 Val loss: 1.5609765610424802 Time: 0.81643579993397
Train loss: 0.643983430704681 Val loss: 1.558561408892274 Time: 0.8522119999397546
Train loss: 0.45421565235332845 Val loss: 1.5604446975048631 Time: 0.8018097002059221
Shrinking learning rate to 1.0000000000000002e-07
Learning rate getting small
Complete
 Total time: 91.47233660006896