starting log for model: C:\Users\christopher.johnson\Documents\lstm_lin1_new_23-24.pth
Train loss: 18.362216836681796 Val loss: 2.0191666177527052 Time: 1.060775099991588
Train loss: 16.816518897617925 Val loss: 1.8752875432005993 Time: 1.0122092999808956
Train loss: 16.433923823779395 Val loss: 1.8329079719404984 Time: 0.928305100009311
Train loss: 15.210966335822611 Val loss: 1.7021836150817462 Time: 0.8904528999992181
Train loss: 13.415312679669626 Val loss: 1.502853441737261 Time: 0.8827455000136979
Train loss: 10.417793016398901 Val loss: 1.1843322242225878 Time: 0.9095919000101276
Train loss: 8.865150809967197 Val loss: 1.0203350445731283 Time: 0.8937928999948781
Train loss: 8.272203491656366 Val loss: 0.9476781482746203 Time: 0.9252926000044681
Train loss: 7.868547573232016 Val loss: 0.904890344972162 Time: 0.8804513000068255
Train loss: 7.468870153171576 Val loss: 0.8628819547825737 Time: 0.877565799979493
Train loss: 7.633159022303678 Val loss: 0.868887804556445 Time: 0.8661629999987781
Train loss: 7.424910808648043 Val loss: 0.849430576740172 Time: 0.8388671000138856
Train loss: 7.463876824282721 Val loss: 0.8481995965876463 Time: 0.8629251999955159
Train loss: 7.066761581977746 Val loss: 0.8100226467987647 Time: 0.8901592000038363
Train loss: 6.919277193310819 Val loss: 0.7871347490229346 Time: 0.8342298000061419
Train loss: 7.027403462282486 Val loss: 0.7928537500842164 Time: 0.911821499990765
Train loss: 6.790613546816246 Val loss: 0.7709132337696188 Time: 0.8707665000110865
Train loss: 6.529552800863883 Val loss: 0.7429532700993214 Time: 0.8448711000091862
Train loss: 6.524650368305456 Val loss: 0.7353446418931462 Time: 0.9764382999856025
Train loss: 5.908814817996003 Val loss: 0.6796505055756425 Time: 0.8468831999925897
Train loss: 6.090882315980462 Val loss: 0.6800673533924516 Time: 0.865481799992267
Train loss: 5.930103911869491 Val loss: 0.668330925220011 Time: 0.8325873999856412
Train loss: 5.703983359754025 Val loss: 0.6381264199537643 Time: 0.8481745000171941
Train loss: 5.537503575617322 Val loss: 0.6184001514780416 Time: 0.8736809999973048
Train loss: 5.249394560527776 Val loss: 0.5809154887913096 Time: 0.8674909999826923
Train loss: 5.1486377458853845 Val loss: 0.5762254600068814 Time: 0.8620651000237558
Train loss: 4.6924757911402075 Val loss: 0.5242594680394236 Time: 0.8767346999957226
Train loss: 4.957678186681586 Val loss: 0.5413442579894221 Time: 0.8809103000094183
Train loss: 4.320592508501908 Val loss: 0.4874164415398269 Time: 0.9016016000241507
Train loss: 4.510901999905851 Val loss: 0.4927865623437513 Time: 0.8489871000056155
Train loss: 4.143463987308112 Val loss: 0.45224829277124584 Time: 0.8416976000007708
Train loss: 4.275002228266388 Val loss: 0.4573943709061593 Time: 0.8486618000024464
Train loss: 4.14230524490533 Val loss: 0.45400328379508775 Time: 0.8285468999820296
Train loss: 4.10788445740495 Val loss: 0.44099524802033935 Time: 0.8097075000114273
Train loss: 3.948299142757236 Val loss: 0.4322180793180094 Time: 0.8201724000100512
Train loss: 3.722540791060131 Val loss: 0.4032630105279347 Time: 0.8548286000150256
Train loss: 3.760199516338705 Val loss: 0.408740247211901 Time: 0.8778457999869715
Train loss: 3.8970931825410986 Val loss: 0.4166538634167481 Time: 0.859109700017143
Train loss: 3.5444475415239056 Val loss: 0.38118214788980503 Time: 0.8261033000017051
Train loss: 3.2448388131551456 Val loss: 0.34973675673667987 Time: 0.8680570999858901
Train loss: 3.535603012375887 Val loss: 0.375841701774703 Time: 0.865367199992761
Train loss: 3.2305407876045535 Val loss: 0.36780087841640563 Time: 0.8639601999893785
Train loss: 3.4238782562131576 Val loss: 0.36801258252076613 Time: 0.857757899997523
Train loss: 3.173254430549381 Val loss: 0.3563154935929033 Time: 0.8393723999906797
Train loss: 3.252128220474596 Val loss: 0.3597238722333906 Time: 0.8239016000006814
Train loss: 2.853525317795601 Val loss: 0.31038449199726087 Time: 0.8520261000085156
Train loss: 2.8943876086794376 Val loss: 0.31354802579067714 Time: 0.830728300003102
Train loss: 3.0204103141075223 Val loss: 0.3232368975652195 Time: 0.8474528000224382
Train loss: 2.6774335672804455 Val loss: 0.28907982866884313 Time: 0.8314791000157129
Train loss: 2.9752308753439394 Val loss: 0.3199197194063068 Time: 0.8536726999736857
Train loss: 2.7776068577360498 Val loss: 0.29539277546518583 Time: 0.8500724000041373
Train loss: 2.746088757265582 Val loss: 0.30197123841180795 Time: 0.861889699997846
Train loss: 2.743018139304418 Val loss: 0.2972308314346997 Time: 0.851991800009273
Train loss: 2.568635454140905 Val loss: 0.2764218735015697 Time: 0.8663882999971975
Train loss: 2.651560428515779 Val loss: 0.33628644370101685 Time: 0.8739574000064749
Train loss: 2.5580485826649593 Val loss: 0.33737621643626736 Time: 0.8662847999949008
Train loss: 2.45396677630022 Val loss: 0.2683930338410875 Time: 0.8249894000182394
Train loss: 2.3089062840639185 Val loss: 0.2543479322254951 Time: 0.8732476999866776
Train loss: 2.6630643576273343 Val loss: 0.28452690210597953 Time: 0.8792362000094727
Train loss: 2.4767973963907366 Val loss: 0.27279785473180584 Time: 0.8435108000121545
Train loss: 2.385598729121151 Val loss: 0.2724665540342572 Time: 0.8609002000011969
Train loss: 2.4100348777176404 Val loss: 0.261649197582291 Time: 0.9100548999849707
Train loss: 2.2395032605936365 Val loss: 0.25205655894108075 Time: 0.8682224999938626
Train loss: 2.232072113559674 Val loss: 0.2517370116808197 Time: 0.9401507999864407
Train loss: 2.205080913582151 Val loss: 0.24244008849667556 Time: 0.8827525000087917
Train loss: 2.2225950321749544 Val loss: 0.3035793393671304 Time: 0.8649855999974534
Train loss: 2.4582753556077748 Val loss: 0.2684607153516483 Time: 0.8457536000059918
Train loss: 2.2694076164121952 Val loss: 0.24909819273448544 Time: 0.8712000999948941
Train loss: 2.216221701340114 Val loss: 0.2536888114417841 Time: 0.8810773999721278
Train loss: 2.1272711113594767 Val loss: 0.251043001510765 Time: 0.8638291999814101
Train loss: 2.129496037239885 Val loss: 0.2400338009250203 Time: 0.9392304999928456
Train loss: 1.9647627240867145 Val loss: 0.2211662579100398 Time: 0.9742282000079285
Train loss: 2.1642274732583644 Val loss: 0.24711292384167008 Time: 0.9306837000185624
Train loss: 2.100280279560722 Val loss: 0.23313459275596465 Time: 0.968716300005326
Train loss: 2.1847756046661466 Val loss: 0.3065580113536636 Time: 0.9327033000008669
Train loss: 2.210767955423826 Val loss: 0.24680807116245823 Time: 0.9539577000250574
Train loss: 1.9901530487452916 Val loss: 0.2317173970703986 Time: 0.9713625000149477
Train loss: 2.038447880551404 Val loss: 0.2500915461054603 Time: 1.0128568999934942
Train loss: 1.996129340622474 Val loss: 0.24163960012623775 Time: 1.0306841999990866
Train loss: 2.1019892210010767 Val loss: 0.23820621973863068 Time: 1.0467372999992222
Train loss: 2.230519392358133 Val loss: 0.24720069268861752 Time: 0.8687309000233654
Shrinking learning rate to 1e-05
Train loss: 2.1300685613271355 Val loss: 0.2353135620849486 Time: 0.8898607000010088
Train loss: 2.073152940941007 Val loss: 0.23017419705947406 Time: 0.8529933000099845
Train loss: 2.055989280349767 Val loss: 0.22865313807020066 Time: 0.9282137000118382
Train loss: 2.008532648091572 Val loss: 0.2251576463815901 Time: 0.8468015000107698
Train loss: 2.003942212727793 Val loss: 0.2243071731356652 Time: 0.8759926999919116
Train loss: 1.9147381724474144 Val loss: 0.2173478922241529 Time: 0.836502099991776
Train loss: 1.9750604914489287 Val loss: 0.22344359779121453 Time: 0.838549400010379
Train loss: 2.0940007564748555 Val loss: 0.23349112038763084 Time: 0.8350259999861009
Train loss: 1.9475158878159533 Val loss: 0.2216446371502171 Time: 0.862722699996084
Train loss: 1.9571205183336984 Val loss: 0.22220069411550888 Time: 0.8650560000096448
Train loss: 2.1197906892203093 Val loss: 0.23596111700521144 Time: 0.8689136999892071
Train loss: 1.8893627387836034 Val loss: 0.21561669214273965 Time: 0.8941230000054929
Train loss: 1.8852732783078054 Val loss: 0.21501947054531337 Time: 0.8387895000050776
Train loss: 1.8964347969857143 Val loss: 0.21568365440162082 Time: 0.8597500000032596
Train loss: 1.8599728934982016 Val loss: 0.21227676098516166 Time: 0.8533499999903142
Train loss: 1.8377841929573862 Val loss: 0.21133515388621613 Time: 0.9216419000003953
Train loss: 1.806267648983905 Val loss: 0.2079660481096834 Time: 0.8647193999786396
Train loss: 1.9527285478854495 Val loss: 0.22030169686212814 Time: 0.8433339999755844
Train loss: 1.9570992248227554 Val loss: 0.2201539728425123 Time: 0.8526672000007238
Train loss: 1.9417194934518989 Val loss: 0.21906270527698152 Time: 0.8522649999940768
Train loss: 1.830211194414801 Val loss: 0.21137404372160978 Time: 0.8373890000220854
Train loss: 2.0322690162666373 Val loss: 0.22829058420095982 Time: 0.831150100013474
Train loss: 1.8688577174280425 Val loss: 0.21454618514177332 Time: 0.8595454999885987
Train loss: 1.8579933369654 Val loss: 0.21244718662824663 Time: 0.8278317999793217
Train loss: 1.8220435228770242 Val loss: 0.20977327547125543 Time: 0.8622191999747884
Train loss: 1.9330572752945772 Val loss: 0.21890999259706248 Time: 0.8551622999948449
Shrinking learning rate to 1.0000000000000002e-06
Train loss: 1.6972282785718136 Val loss: 0.19847998430522487 Time: 0.8328878000029363
Train loss: 1.8639967990438038 Val loss: 0.2128502168533814 Time: 0.8571120999986306
Train loss: 1.7794993781905646 Val loss: 0.20534968119288777 Time: 0.8774396000080742
Train loss: 1.9005182987828704 Val loss: 0.21591779800129643 Time: 0.8586917000066023
Train loss: 1.9036454058429229 Val loss: 0.21611583903711562 Time: 0.866482499986887
Train loss: 1.8913658339861075 Val loss: 0.2150025269558402 Time: 0.8822131000051741
Train loss: 1.8332959141593896 Val loss: 0.2098496767536072 Time: 0.8772455000143964
Train loss: 1.841790503402084 Val loss: 0.21064463678724468 Time: 0.8796779999975115
Train loss: 1.8761146736578755 Val loss: 0.2135429594772001 Time: 0.8526406000019051
Train loss: 1.8249372309197867 Val loss: 0.20892714209039828 Time: 0.8563628999982029
Shrinking learning rate to 1.0000000000000002e-07
Learning rate getting small
Complete
 Total time: 102.77707849998842