starting log for model: C:\Users\christopher.johnson\Documents\GitHub\flu\lstm_drop_B.pth
Train loss: 16.16770795326766 Val loss: 2.2759340583688754 Time: 1.457727399887517
Train loss: 14.881099277284605 Val loss: 2.2677526410261635 Time: 1.2500810001511127
Train loss: 14.517520890912731 Val loss: 2.344305501296276 Time: 1.2118739001452923
Train loss: 12.354157258441205 Val loss: 1.6847806248997585 Time: 1.1624668999575078
Train loss: 7.591584440547543 Val loss: 1.1979370938497595 Time: 1.2916391999460757
Train loss: 6.521783690073583 Val loss: 0.9977747265947983 Time: 1.475124099990353
Train loss: 5.917868960334553 Val loss: 1.0420926748411148 Time: 2.1017709001898766
Train loss: 5.659373770012451 Val loss: 1.02071712603356 Time: 1.1042590001598
Train loss: 5.459611532018045 Val loss: 1.130446491204566 Time: 1.2582574000116438
Train loss: 4.961983990073894 Val loss: 1.0681780289378366 Time: 1.2309024001006037
Train loss: 4.8857085625883885 Val loss: 0.9249304126592506 Time: 1.3104125000536442
Train loss: 4.758596940288417 Val loss: 0.9781944088608725 Time: 1.2738354001194239
Train loss: 4.450183528319975 Val loss: 1.0467135855651577 Time: 1.2519183000549674
Train loss: 4.3624431662694425 Val loss: 0.9670456850726623 Time: 1.355572500033304
Train loss: 4.3393761817981265 Val loss: 0.9496904058469227 Time: 1.2378424000926316
Train loss: 4.056707241475146 Val loss: 1.004303775524022 Time: 1.2391311000101268
Train loss: 4.30801715438691 Val loss: 0.9538056980090914 Time: 1.3613263999577612
Train loss: 3.9473631855939217 Val loss: 0.893700332773733 Time: 1.2393056000582874
Train loss: 4.2039952162637775 Val loss: 0.956909509623074 Time: 1.2880602001678199
Train loss: 4.030506176745863 Val loss: 0.9110832495789509 Time: 1.3468207998666912
Train loss: 3.866536154772086 Val loss: 0.9573792624432826 Time: 1.250723599921912
Train loss: 3.622906158884706 Val loss: 0.8332584275485715 Time: 1.2690336999949068
Train loss: 3.660003466955246 Val loss: 0.8818786667543463 Time: 1.3314355998300016
Train loss: 3.473560796264192 Val loss: 0.7734265977924224 Time: 1.194586900062859
Train loss: 3.3032961801611 Val loss: 0.6950077067886014 Time: 1.1646527999546379
Train loss: 3.4559607203883242 Val loss: 0.7331212956341915 Time: 1.1429089000448585
Train loss: 3.1897208358686795 Val loss: 0.7184160424221773 Time: 1.4584410998504609
Train loss: 3.2677915474248582 Val loss: 0.8641201790014748 Time: 1.3209354998543859
Train loss: 3.487139186313584 Val loss: 0.645791943592485 Time: 1.2452803999185562
Train loss: 3.150210704936177 Val loss: 0.6981914900825359 Time: 1.3297274000942707
Train loss: 3.0282158412888696 Val loss: 0.6268893649685197 Time: 1.223258800106123
Train loss: 2.860501086926761 Val loss: 0.5373645372746978 Time: 1.2195476999040693
Train loss: 2.897531044170302 Val loss: 0.7193412417109357 Time: 1.3071610999759287
Train loss: 2.7733374107884887 Val loss: 0.6239320221648086 Time: 1.2655817999038845
Train loss: 2.960507172634042 Val loss: 0.3332005500269588 Time: 1.2799555999226868
Train loss: 2.7367745542419493 Val loss: 0.5143166950147133 Time: 1.3629602000582963
Train loss: 2.7481357443519165 Val loss: 0.41617251629941165 Time: 1.269171099876985
Train loss: 2.4984368293512595 Val loss: 0.30068697387469 Time: 1.2903205999173224
Train loss: 2.6454586426570827 Val loss: 0.3632217955600936 Time: 1.3600992998108268
Train loss: 2.7121480778839135 Val loss: 0.29710292734671384 Time: 1.255230899900198
Train loss: 2.4460890020816066 Val loss: 0.23651898188109044 Time: 1.2863791000563651
Train loss: 2.611137495992418 Val loss: 0.3060485743917525 Time: 1.3119196998886764
Train loss: 2.34205318283896 Val loss: 0.18214383299346082 Time: 1.1978209998924285
Train loss: 2.465371220595011 Val loss: 0.17548975766112562 Time: 1.2195655000396073
Train loss: 2.129151142735447 Val loss: 0.18239102108054794 Time: 1.3444823999889195
Train loss: 2.407386413215929 Val loss: 0.15553761646327757 Time: 1.2481018998660147
Train loss: 2.2211776697561447 Val loss: 0.20195268838506308 Time: 1.2815457999240607
Train loss: 2.0506886399294793 Val loss: 0.15340690743687446 Time: 1.3970812000334263
Train loss: 2.1887607258935198 Val loss: 0.21908989551229752 Time: 1.2526757000014186
Train loss: 2.226286553195015 Val loss: 0.1421041617438732 Time: 1.2601264000404626
Train loss: 2.163491380655361 Val loss: 0.13685353708649473 Time: 1.3918337998911738
Train loss: 1.8633637263370035 Val loss: 0.138983445477308 Time: 1.2576804000418633
Train loss: 2.3395322386586237 Val loss: 0.1350104933080729 Time: 1.2931959999259561
Train loss: 2.1526284070483994 Val loss: 0.14703639496246979 Time: 1.4806468000169843
Train loss: 2.1027327409307395 Val loss: 0.1287972889476805 Time: 1.2849661998916417
Train loss: 2.0254617938537294 Val loss: 0.14414417812474767 Time: 1.3015551001299173
Train loss: 1.908876416453738 Val loss: 0.1463133355849635 Time: 1.3890434999484569
Train loss: 2.06477594692318 Val loss: 0.14448487376722596 Time: 1.2466086999047548
Train loss: 1.77405798701895 Val loss: 0.17883907012310374 Time: 1.2266941000707448
Train loss: 1.8854219367301728 Val loss: 0.1584274251217721 Time: 1.377674699993804
Train loss: 1.975187616309787 Val loss: 0.14964640767357196 Time: 1.2992151000071317
Train loss: 1.7498764740741022 Val loss: 0.15720105514628813 Time: 1.282120899995789
Train loss: 1.963219972030252 Val loss: 0.15907461862661876 Time: 1.3648723999504
Train loss: 1.8526553381260904 Val loss: 0.15354893535550218 Time: 1.2736185998655856
Train loss: 1.9502343984641288 Val loss: 0.1834540518175345 Time: 1.2780470000579953
Train loss: 1.7200595445946547 Val loss: 0.16469105194846634 Time: 1.3702545000705868
Train loss: 1.788161734529453 Val loss: 0.17331406596349552 Time: 1.2527095000259578
Train loss: 1.6592227876627976 Val loss: 0.17817181622376665 Time: 1.261917700059712
Train loss: 1.570741908742204 Val loss: 0.16011112203705125 Time: 1.4157644000370055
Train loss: 1.748951252880361 Val loss: 0.17323728583869524 Time: 1.2312429000157863
Train loss: 1.8041851637015753 Val loss: 0.21036349350833916 Time: 1.2906658998690546
Train loss: 1.6159432574027406 Val loss: 0.16979767777957022 Time: 1.332262699957937
Train loss: 1.7653248530732288 Val loss: 0.24879689695808338 Time: 1.2880572001449764
Train loss: 1.7428996096863159 Val loss: 0.2265929909190163 Time: 1.3183334998320788
Train loss: 1.6856342967120914 Val loss: 0.2714982177683396 Time: 1.355960699962452
Train loss: 1.641185571361648 Val loss: 0.21086938766529784 Time: 1.3134161001071334
Train loss: 1.6939433477263588 Val loss: 0.28327379326947266 Time: 1.296567799989134
Train loss: 1.4663259035237495 Val loss: 0.27347835220280103 Time: 1.4038207000121474
Train loss: 1.5276566902022362 Val loss: 0.252817508764565 Time: 1.2942650001496077
Train loss: 1.3840327159424761 Val loss: 0.3918910261709243 Time: 1.2828590001445264
Train loss: 1.2877270228276725 Val loss: 0.24935797703801654 Time: 1.4014163999818265
Train loss: 1.4439759645815484 Val loss: 0.3864404282066971 Time: 1.5351495000068098
Train loss: 1.357716465579116 Val loss: 0.5689657527254894 Time: 1.9458745000883937
Train loss: 1.2267922784539325 Val loss: 0.3115036900371706 Time: 1.5750126999337226
Train loss: 1.2849109562806103 Val loss: 0.5492732748389244 Time: 1.3717909001279622
Train loss: 1.297731842522832 Val loss: 0.4127104142680764 Time: 1.3532675001770258
Train loss: 1.1882939560400665 Val loss: 0.5204117906978354 Time: 1.6138935999479145
Train loss: 1.3080265206037045 Val loss: 0.419813139596954 Time: 1.2332643000409007
Train loss: 1.1368138176091342 Val loss: 0.551108228857629 Time: 1.633218599949032
Train loss: 1.5845642405895464 Val loss: 0.4084959027823061 Time: 1.9994983000215143
Train loss: 1.5285987307924178 Val loss: 0.5959749687463045 Time: 1.1987835001200438
Train loss: 1.2697823564802952 Val loss: 0.31539332876127446 Time: 1.412436000071466
Train loss: 1.312595412037401 Val loss: 0.7910640048794448 Time: 1.4902800999116153
Train loss: 1.1225495034511184 Val loss: 0.7573557903524488 Time: 1.2709562999662012
Train loss: 1.3291683885120205 Val loss: 0.6098534036427736 Time: 1.3367595998570323
Train loss: 1.1844745711174869 Val loss: 0.8932540525274817 Time: 1.395908399950713
Train loss: 1.0917484465448 Val loss: 0.8426849106326699 Time: 1.3259986999910325
Train loss: 1.0714770211964635 Val loss: 1.0383599466294982 Time: 1.2246416001580656
Train loss: 0.8809702934170768 Val loss: 0.8758819156792015 Time: 1.3668990000151098
Train loss: 0.8802991299902541 Val loss: 0.9648830179357901 Time: 1.221894800197333
Train loss: 1.0095648585205366 Val loss: 1.3807362248189747 Time: 1.2599102000240237
Train loss: 0.9423207066879411 Val loss: 0.9106018054881133 Time: 1.3980149999260902
Train loss: 0.9801259913684623 Val loss: 0.8195174186257645 Time: 1.2679612999781966
Train loss: 0.981947454623155 Val loss: 0.9802170173497871 Time: 1.311865699943155
Train loss: 1.0477450993870911 Val loss: 1.2410290396073833 Time: 1.417048400035128
Train loss: 0.8385001384378388 Val loss: 1.2015952478113832 Time: 1.2703687001485378
Train loss: 0.890364818914248 Val loss: 1.1655542709577276 Time: 1.285165200009942
Train loss: 0.8165764062348719 Val loss: 0.6137317786724452 Time: 1.4185856999829412
Train loss: 1.194282974184644 Val loss: 1.2918882035883144 Time: 1.2871172002051026
Train loss: 0.9823692315956056 Val loss: 0.9957006703480147 Time: 1.3032930998597294
Train loss: 0.9921395395222252 Val loss: 0.9225900862365961 Time: 1.407195899868384
Train loss: 0.7388189892697081 Val loss: 1.2853852515108883 Time: 1.2740486001130193
Train loss: 0.6802260352468045 Val loss: 1.5658389754244126 Time: 1.3398740000557154
Train loss: 0.7865809327425071 Val loss: 1.1039728169889713 Time: 1.3546412999276072
Train loss: 0.8394175840018181 Val loss: 1.1160613589017885 Time: 1.3210521000437438
Train loss: 0.9004211510430612 Val loss: 0.9394987769774161 Time: 1.2679884999524802
Train loss: 0.9098238728521615 Val loss: 1.7708836277597584 Time: 1.362878399901092
Train loss: 0.9125143576943087 Val loss: 1.5253480638493784 Time: 1.3025628998875618
Train loss: 0.861881271500021 Val loss: 1.4710441448260099 Time: 1.3052948999684304
Train loss: 0.7149459791076551 Val loss: 0.9751375901396386 Time: 1.3713118000887334
Train loss: 0.6164086183991024 Val loss: 0.944748108217027 Time: 1.311615299899131
Train loss: 0.81037154381033 Val loss: 1.4447524287970737 Time: 1.2727102998178452
Train loss: 0.7516632208659841 Val loss: 0.8066448596073315 Time: 1.381477499846369
Train loss: 0.8650400454657615 Val loss: 1.492082534590736 Time: 1.3420176999643445
Train loss: 0.8346258427233672 Val loss: 1.0987600493608625 Time: 1.2993350999895483
Train loss: 0.8538283603849384 Val loss: 1.741023950453382 Time: 1.5340708999428898
Train loss: 0.8152468445026313 Val loss: 1.2886426511104219 Time: 1.19633200019598
Train loss: 0.6258031613440664 Val loss: 1.638939843105618 Time: 1.352451000129804
Train loss: 0.6748912437812713 Val loss: 1.1340466174297035 Time: 1.3936278999317437
Train loss: 0.7420434792168196 Val loss: 1.0905590756544825 Time: 1.2907916000112891
Shrinking learning rate to 1e-05
Train loss: 0.8688780930312463 Val loss: 1.0839381247869824 Time: 1.1399266000371426
Train loss: 0.7070956942727867 Val loss: 1.1528843092019088 Time: 1.2445132001303136
Train loss: 0.7215588124321372 Val loss: 1.1875117927556857 Time: 1.1484403999056667
Train loss: 0.6372044464812578 Val loss: 1.2016235055052675 Time: 1.1812661001458764
Train loss: 0.7924162767051924 Val loss: 1.1444788903099834 Time: 1.0352213999722153
Train loss: 0.6142236047734988 Val loss: 1.194241212826455 Time: 1.266598200192675
Train loss: 0.5874679840164685 Val loss: 1.1059518777786934 Time: 1.0391442999243736
Train loss: 0.6900454607301743 Val loss: 1.2070240802131593 Time: 1.147443100111559
Train loss: 0.6732704302010704 Val loss: 1.2490189797244966 Time: 1.1741130999289453
Train loss: 0.5035854721603032 Val loss: 1.2584055825718679 Time: 1.223236900055781
Train loss: 0.7582920539745492 Val loss: 1.259254056494683 Time: 1.057053399970755
Train loss: 0.7355464937066125 Val loss: 1.2158668040647171 Time: 1.1758781000971794
Train loss: 0.6221885871254901 Val loss: 1.2782893818221055 Time: 1.1601119998376817
Train loss: 0.5360890746572079 Val loss: 1.2385748227243312 Time: 0.9916179000865668
Train loss: 0.5823701968028174 Val loss: 1.280082351702731 Time: 1.0273372998926789
Train loss: 0.6094209063943823 Val loss: 1.1810352098254953 Time: 1.3088913999963552
Train loss: 0.7542301313241064 Val loss: 1.2115786575013772 Time: 1.1830143998377025
Train loss: 0.6421016938145446 Val loss: 1.2079815827310085 Time: 1.0399078999180347
Train loss: 0.7741344632824312 Val loss: 1.188080033462029 Time: 1.1824537999927998
Shrinking learning rate to 1.0000000000000002e-06
Train loss: 0.6501518780514239 Val loss: 1.258118106808979 Time: 1.2195213998202235
Train loss: 0.48253390441331856 Val loss: 1.2678557370090857 Time: 1.009901100071147
Train loss: 0.5420148524985038 Val loss: 1.2640353995375335 Time: 1.133881299989298
Train loss: 0.6738833684497589 Val loss: 1.2753044737619348 Time: 1.0236205998808146
Train loss: 0.6004928140565478 Val loss: 1.2635579088237137 Time: 1.1628413000144064
Train loss: 0.5245222596938759 Val loss: 1.2707162623410113 Time: 1.0362716000527143
Train loss: 0.5414124026416365 Val loss: 1.2637955590034835 Time: 1.2392088000196964
Train loss: 0.6591511823553655 Val loss: 1.2604203976807185 Time: 1.1436012999620289
Train loss: 0.7189098517500999 Val loss: 1.2565231369808316 Time: 1.1513234998565167
Train loss: 0.5576009083203288 Val loss: 1.2646740273339674 Time: 1.2412972000893205
Train loss: 0.5656608876797853 Val loss: 1.2638036033604294 Time: 1.2232607000041753
Shrinking learning rate to 1.0000000000000002e-07
Learning rate getting small
Complete
 Total time: 207.72694349987432