starting log for model: Q:\00- PROJECTS\Flu Forecasts\flu\flu\models\lstm_3lay_drop_22-23.pth
Train loss: 15.64415413920168 Val loss: 2.531999301918404 Time: 2.080021300003864
Train loss: 14.642779575933414 Val loss: 2.476724979667779 Time: 2.149593999987701
Train loss: 14.440149876654651 Val loss: 2.4265284029985423 Time: 2.162806099993759
Train loss: 14.5281391784618 Val loss: 2.409147869881963 Time: 1.796965600005933
Train loss: 14.414312054243965 Val loss: 2.3994423548638224 Time: 1.0734498999954667
Train loss: 14.358613161170041 Val loss: 2.423465033903085 Time: 1.1526998999906937
Train loss: 14.323822128998131 Val loss: 2.3447464717828552 Time: 1.1303062999941176
Train loss: 13.151912755676905 Val loss: 1.9840565627310127 Time: 1.1049027999979444
Train loss: 9.177096218843076 Val loss: 1.2661541593042784 Time: 1.1331352999986848
Train loss: 7.181851650326523 Val loss: 1.1762715775694232 Time: 1.1103395000100136
Train loss: 6.667841734685245 Val loss: 1.0994340647157514 Time: 1.1756180000083987
Train loss: 6.48530315913165 Val loss: 1.0658456875244156 Time: 1.3033504000050016
Train loss: 6.495467684852986 Val loss: 1.044214398614713 Time: 1.1285523999977158
Train loss: 6.132942865592751 Val loss: 1.0154725195134233 Time: 1.1523459000018192
Train loss: 6.002832129480577 Val loss: 1.0032739248636062 Time: 1.1564279000012903
Train loss: 6.140723099089142 Val loss: 0.9817921584917713 Time: 1.1318966000108048
Train loss: 5.714554084412017 Val loss: 0.9752437192285015 Time: 1.1400460000004387
Train loss: 5.693286466900389 Val loss: 0.964284078541823 Time: 1.1401034000009531
Train loss: 5.343898884937575 Val loss: 0.9414014001113173 Time: 1.1272592000022996
Train loss: 5.427045668064262 Val loss: 0.9280191210655175 Time: 1.1355689999909373
Train loss: 5.138844900122799 Val loss: 0.919065282032534 Time: 1.1110507999983383
Train loss: 5.435359669150739 Val loss: 0.9154259680526593 Time: 1.1222422999999253
Train loss: 4.952041405554657 Val loss: 0.910765002456003 Time: 1.1187172999925679
Train loss: 4.658090640610229 Val loss: 0.8789037200622261 Time: 1.0927360000059707
Train loss: 4.621948562338159 Val loss: 0.9003021675271157 Time: 1.151340500000515
Train loss: 4.420496023183789 Val loss: 0.8817570267565316 Time: 1.137654600010137
Train loss: 4.605974572679404 Val loss: 0.9035090384804789 Time: 1.1281635999912396
Train loss: 4.141367640347138 Val loss: 0.8594526226079324 Time: 1.1644500999973388
Train loss: 4.076385270187586 Val loss: 0.8632088167069014 Time: 1.1036350000067614
Train loss: 4.13157067768444 Val loss: 0.8665755230140348 Time: 1.1499024999939138
Train loss: 3.824308921013877 Val loss: 0.8524742548106587 Time: 1.119693599990569
Train loss: 3.8725235700431737 Val loss: 0.8500774905405706 Time: 1.139859200004139
Train loss: 3.6438431436037284 Val loss: 0.8468929847003892 Time: 1.1516160000028322
Train loss: 3.354238570971972 Val loss: 0.8299969202371358 Time: 1.106875500001479
Train loss: 3.4352508259373673 Val loss: 0.8166572555383027 Time: 1.1328980999969644
Train loss: 3.203244491619259 Val loss: 0.8047717811423354 Time: 1.1334720000013476
Train loss: 3.3618629797537745 Val loss: 0.7732278915018469 Time: 1.1245057999913115
Train loss: 3.170122700875409 Val loss: 0.7687952747437521 Time: 1.13517929999216
Train loss: 3.0558238007349967 Val loss: 0.7732871288899332 Time: 1.1219805000000633
Train loss: 3.1512590426917395 Val loss: 0.7612879610969685 Time: 1.1116068999981508
Train loss: 2.8437018487137546 Val loss: 0.7766695515601896 Time: 1.13263310000184
Train loss: 2.732150416762142 Val loss: 0.7283400442283892 Time: 1.1420813000004273
Train loss: 2.787594260187748 Val loss: 0.7529626745526912 Time: 1.1150207000027876
Train loss: 2.804648327492016 Val loss: 0.7583849103393732 Time: 1.1454359000053955
Train loss: 2.568233779466897 Val loss: 0.6850112272841216 Time: 1.1504955000127666
Train loss: 2.692124756400554 Val loss: 0.7674935619127154 Time: 1.1226935000013327
Train loss: 2.6863641424667595 Val loss: 0.6961889341473579 Time: 1.1220025000075111
Train loss: 2.4839257379508894 Val loss: 0.6917973749514204 Time: 1.1052390999975614
Train loss: 2.3522339967485664 Val loss: 0.7616904280200743 Time: 1.133978500001831
Train loss: 2.497670921810514 Val loss: 0.8792298968687646 Time: 1.1322658999997657
Train loss: 2.4560573521829596 Val loss: 0.697052075083775 Time: 1.1208069999993313
Train loss: 2.1880435598054584 Val loss: 0.833390661681733 Time: 1.1122181999962777
Train loss: 2.192055785744721 Val loss: 0.776325465175205 Time: 1.1483719999960158
Train loss: 2.377157842896767 Val loss: 0.8152353253099136 Time: 1.154594999999972
Train loss: 2.5394547926477338 Val loss: 0.9868693321477622 Time: 1.1222812999913003
Train loss: 2.360777098481772 Val loss: 0.8639971680822782 Time: 1.1382352999935392
Train loss: 2.0337329844384904 Val loss: 0.6483520125831319 Time: 1.1199296000122558
Train loss: 2.258371970905026 Val loss: 0.87789298791904 Time: 1.1197986000042874
Train loss: 2.2772076563994443 Val loss: 0.7330687462581409 Time: 1.1418249999987893
Train loss: 1.8817229558212345 Val loss: 1.0107164469081908 Time: 1.151010400004452
Train loss: 2.0980165813098104 Val loss: 0.8819301933981478 Time: 1.1364069999981439
Train loss: 2.1743380126202236 Val loss: 0.8004624472814612 Time: 1.1372066000039922
Train loss: 2.186095920454253 Val loss: 0.8451116525102407 Time: 1.1924022999883164
Train loss: 1.9777539567515805 Val loss: 0.8997933837381424 Time: 1.1180319999984931
Train loss: 1.793671873184035 Val loss: 0.8756489487859653 Time: 1.1023205000092275
Train loss: 1.7577415458867165 Val loss: 0.7824172229811666 Time: 1.145091800004593
Train loss: 1.8394515219916894 Val loss: 0.8632238625214086 Time: 1.1316911000030814
Train loss: 1.955725928481968 Val loss: 0.8921361476655765 Time: 1.146786700002849
Train loss: 1.8937362866269256 Val loss: 0.7175853425869718 Time: 1.1377338000020245
Train loss: 1.8466066238628116 Val loss: 0.716101569671082 Time: 1.1569879000016954
Train loss: 1.8085297416297657 Val loss: 0.8652313033453538 Time: 1.1125696999952197
Train loss: 1.7865013140708514 Val loss: 0.716809019442735 Time: 1.1845649999886518
Train loss: 1.9273943952032029 Val loss: 0.6687168559901693 Time: 1.1249968000047375
Train loss: 1.7771683501080138 Val loss: 0.7291127249827696 Time: 1.1072243999951752
Train loss: 1.6377627899396585 Val loss: 0.7087795324914623 Time: 1.1469158999971114
Train loss: 1.7746560444309019 Val loss: 0.6633348130126251 Time: 1.1340274000103818
Train loss: 1.540846204213556 Val loss: 0.6673061424298794 Time: 1.1349040999921272
Train loss: 1.6174924012443872 Val loss: 0.6155036976606425 Time: 1.1085451999970246
Train loss: 1.654365062179672 Val loss: 0.8882531852234479 Time: 1.0933621000003768
Train loss: 1.775977311242137 Val loss: 0.8517605245033337 Time: 1.14296579999791
Train loss: 1.754505025531854 Val loss: 0.9448488049711159 Time: 1.1249887000012677
Train loss: 1.5691317444554196 Val loss: 0.721355618970847 Time: 1.1181742000044324
Train loss: 1.460604658978765 Val loss: 0.6923048342650873 Time: 1.1077909000014188
Train loss: 1.4535974541986632 Val loss: 0.852946701760203 Time: 1.11891900000046
Train loss: 1.5157278166624635 Val loss: 0.6366237819366916 Time: 1.1250578000035603
Train loss: 1.6428581570906782 Val loss: 0.7716411737457065 Time: 1.1356089000037173
Train loss: 1.394357309114774 Val loss: 0.626236115283973 Time: 1.1347907000017585
Train loss: 1.397299926651396 Val loss: 0.7532253565896099 Time: 1.1536900000064634
Train loss: 1.2484354984879522 Val loss: 0.8303836124285624 Time: 1.1549012000032235
Train loss: 1.273677857296756 Val loss: 0.7839692052075051 Time: 1.1235202999960165
Train loss: 1.2668013158953384 Val loss: 0.7627749829161985 Time: 1.154645000002347
Train loss: 1.5670286338759505 Val loss: 0.8185931762745895 Time: 1.1146589999989374
Train loss: 1.1360476750617625 Val loss: 0.8055708963247525 Time: 1.1120434000040404
Train loss: 1.3008639821137855 Val loss: 0.6714592955650005 Time: 1.148407300002873
Train loss: 1.2156469315589407 Val loss: 0.8646595923225391 Time: 1.1205856000015046
Train loss: 1.3224228537475824 Val loss: 0.6742614074505582 Time: 1.1375712000008207
Train loss: 1.1779081814137802 Val loss: 0.8222085000488732 Time: 1.134536899990053
Train loss: 1.1832625130700336 Val loss: 0.740222364280271 Time: 1.109979699991527
Train loss: 1.1108751968954276 Val loss: 0.978296384377245 Time: 1.1122661999979755
Train loss: 1.3146271103515428 Val loss: 0.7266206794191419 Time: 1.1464876999962144
Train loss: 1.2091419538090022 Val loss: 0.5890825088083602 Time: 1.1216084999905434
Train loss: 1.522524210069939 Val loss: 0.8423418178063002 Time: 1.1333236999926157
Train loss: 1.1747072769750133 Val loss: 0.8320055785867453 Time: 1.1367313000082504
Train loss: 1.1250287463162425 Val loss: 0.8582282164925346 Time: 1.1606071999995038
Train loss: 1.0677672131491844 Val loss: 0.7068313786058908 Time: 1.1238897000002908
Train loss: 1.1014355108501164 Val loss: 0.7148651111330082 Time: 1.1254284999886295
Train loss: 1.070516933761685 Val loss: 0.8471116642504057 Time: 1.117135300009977
Train loss: 0.8977113455962826 Val loss: 0.610281805033992 Time: 1.1391989000112517
Train loss: 1.0268360681326587 Val loss: 0.491095576719772 Time: 1.1297423000069102
Train loss: 1.0890891513230265 Val loss: 0.6656754534765241 Time: 1.1151489000039874
Train loss: 0.9283792407026001 Val loss: 0.7007247068666231 Time: 1.1498498000000836
Train loss: 0.9841890228668744 Val loss: 0.9395731769750455 Time: 1.1572798999986844
Train loss: 1.03401393242454 Val loss: 0.5706948744161764 Time: 1.1456133000028785
Train loss: 0.9210498990445295 Val loss: 0.674144834687354 Time: 1.1526805000030436
Train loss: 0.9570475436268708 Val loss: 0.6683494566469932 Time: 1.1786927000066498
Train loss: 1.0794060089091864 Val loss: 0.7044312485667774 Time: 1.160076800006209
Train loss: 0.757939491510772 Val loss: 0.6446031032367046 Time: 1.125719499992556
Train loss: 0.9998849024545047 Val loss: 0.8689535095911651 Time: 1.125466299999971
Train loss: 0.7858958129670544 Val loss: 0.7504831668173759 Time: 1.1159511000005296
Train loss: 0.9726016811761307 Val loss: 0.5828720548918227 Time: 1.1279716999997618
Train loss: 0.9421211835719574 Val loss: 0.7508419264804616 Time: 1.103596800006926
Train loss: 0.8625408898349978 Val loss: 0.7791700470467902 Time: 1.1735264000017196
Train loss: 1.0833755991238894 Val loss: 0.6620390060293175 Time: 1.1548499000055017
Train loss: 0.8606568627279039 Val loss: 0.8186633340171312 Time: 1.0971753999911016
Train loss: 0.7673502755118218 Val loss: 0.5634482067023328 Time: 1.1325855999893975
Train loss: 0.7958450301421647 Val loss: 0.5913721535014247 Time: 1.1073846999934176
Shrinking learning rate to 1e-05
Train loss: 1.001468539072789 Val loss: 0.6773890556669357 Time: 1.1266368000069633
Train loss: 0.9602143272213546 Val loss: 0.7144017268192329 Time: 1.1153978999936953
Train loss: 0.8550583022269089 Val loss: 0.6760373699889897 Time: 1.1193553000048269
Train loss: 0.825994614791111 Val loss: 0.6849768984275215 Time: 1.1100968999962788
Train loss: 0.8850254658565442 Val loss: 0.6896957655526421 Time: 1.1181267999927513
Train loss: 0.7744883100253412 Val loss: 0.7057372250947083 Time: 1.1125790999940364
Train loss: 0.9447951519872282 Val loss: 0.7094210181983271 Time: 1.117708899997524
Train loss: 0.7256303670553219 Val loss: 0.7328050111429434 Time: 1.0767258999985643
Train loss: 0.7934317690986408 Val loss: 0.7196135689385583 Time: 1.1110226999880979
Train loss: 0.7093989065044557 Val loss: 0.73207356347549 Time: 1.1265011000068625
Train loss: 0.8740783973285322 Val loss: 0.7284529740016126 Time: 1.1287067999946885
Train loss: 0.6331312994544334 Val loss: 0.7008324610405907 Time: 1.084165500011295
Train loss: 0.7367391352438861 Val loss: 0.7371454710474277 Time: 1.19403389999934
Train loss: 0.7570794668332836 Val loss: 0.724158684783788 Time: 1.1143734000070253
Train loss: 0.721842101815021 Val loss: 0.7205857672898901 Time: 1.0551355999923544
Train loss: 0.8617640138321367 Val loss: 0.7527408584018644 Time: 1.1368278000009013
Train loss: 0.7464147759156963 Val loss: 0.7709904209840488 Time: 1.090312400003313
Train loss: 0.8070278026754645 Val loss: 0.7503069126714763 Time: 1.086267200007569
Train loss: 0.8935863994335733 Val loss: 0.6979890352740767 Time: 1.1072089999943273
Train loss: 0.7217217653773027 Val loss: 0.7520980428012081 Time: 1.115797599995858
Train loss: 0.7391453568256132 Val loss: 0.7689718653141426 Time: 1.1219703999959165
Shrinking learning rate to 1.0000000000000002e-06
Train loss: 0.7958251312965747 Val loss: 0.7090103654536506 Time: 1.1935724000068149
Train loss: 0.8164957093536964 Val loss: 0.7134171394736768 Time: 1.130171299999347
Train loss: 0.704252986901379 Val loss: 0.7151777031426718 Time: 1.111696399995708
Train loss: 0.8377228806048476 Val loss: 0.7220766897673911 Time: 1.0959160000056727
Train loss: 0.8046369645267681 Val loss: 0.7265220110888322 Time: 1.0903248999966308
Train loss: 0.9451103077959349 Val loss: 0.7327512210551959 Time: 1.1016051000042353
Train loss: 0.9699866831767392 Val loss: 0.7320381875986754 Time: 1.1092146000009961
Train loss: 0.8305984167293916 Val loss: 0.7303423192360015 Time: 1.1059664999920642
Train loss: 0.935652547266729 Val loss: 0.7338411640337625 Time: 1.134206600007019
Train loss: 0.7607360153929117 Val loss: 0.73456283883894 Time: 1.1456684000004316
Shrinking learning rate to 1.0000000000000002e-07
Learning rate getting small
Complete
 Total time: 184.20333450000908