starting log for model: Q:\00- PROJECTS\Flu Forecasts\flu\flu\models\lstm_drop_23-24.pth
Train loss: 18.13083170544683 Val loss: 0.8336247205734253 Time: 1.9466065999995408
Train loss: 16.859639335959507 Val loss: 0.8246690034866333 Time: 1.9252239999996164
Train loss: 16.912030383959063 Val loss: 0.8188634514808655 Time: 2.342543200000364
Train loss: 16.430991607311928 Val loss: 0.8024598956108093 Time: 1.9840308000002551
Train loss: 14.87016579579215 Val loss: 0.7246333956718445 Time: 1.986233299999185
Train loss: 11.040054372084436 Val loss: 0.5755257606506348 Time: 1.748791600000004
Train loss: 8.50020049650978 Val loss: 0.505969762802124 Time: 2.1139155000000756
Train loss: 8.157836207846572 Val loss: 0.4622117578983307 Time: 2.8537145999998756
Train loss: 7.85604159752755 Val loss: 0.4418754577636719 Time: 2.718150400000013
Train loss: 7.585261067765998 Val loss: 0.4321799576282501 Time: 1.9712685000004058
Train loss: 7.434300759498626 Val loss: 0.4326922595500946 Time: 2.074728900000082
Train loss: 7.4213879704004455 Val loss: 0.4141825735569 Time: 2.1165256000003865
Train loss: 7.336624027334537 Val loss: 0.4186526834964752 Time: 2.1283143999999083
Train loss: 7.01262462920434 Val loss: 0.38690638542175293 Time: 1.8624862999995457
Train loss: 7.199031015774807 Val loss: 0.380196750164032 Time: 1.6859838999998829
Train loss: 6.705899492895778 Val loss: 0.3767634630203247 Time: 2.0862746000002517
Train loss: 6.539446049275398 Val loss: 0.37403661012649536 Time: 2.374033999999483
Train loss: 6.311152791155473 Val loss: 0.35719847679138184 Time: 1.9626119999993534
Train loss: 6.547329637501321 Val loss: 0.34729528427124023 Time: 1.9527831999994305
Train loss: 6.074872632416941 Val loss: 0.3324331045150757 Time: 2.1596409000003405
Train loss: 6.151397499705595 Val loss: 0.31816571950912476 Time: 2.042730699999993
Train loss: 5.649709123210258 Val loss: 0.2936561107635498 Time: 1.9480938000006063
Train loss: 5.157010698624163 Val loss: 0.3075385093688965 Time: 2.2288048000000344
Train loss: 5.3536962681990214 Val loss: 0.27913933992385864 Time: 1.699449700000514
Train loss: 5.4294357120296395 Val loss: 0.2927204370498657 Time: 2.4500670999996146
Train loss: 5.217608603546662 Val loss: 0.28668785095214844 Time: 1.9462886999999682
Train loss: 4.985454023850139 Val loss: 0.2591620683670044 Time: 1.871626300000571
Train loss: 4.559390236985536 Val loss: 0.24056875705718994 Time: 1.6939448000002812
Train loss: 4.79495649074009 Val loss: 0.24585837125778198 Time: 2.4531866999996055
Train loss: 4.54979334598255 Val loss: 0.2379610538482666 Time: 2.8293899999998757
Train loss: 4.849790581207397 Val loss: 0.22809290885925293 Time: 3.240950800000064
Train loss: 4.234128353622062 Val loss: 0.2231907844543457 Time: 2.7982560999998896
Train loss: 4.3751955520363595 Val loss: 0.2146599292755127 Time: 1.9479020999997374
Train loss: 4.045223820997715 Val loss: 0.17851656675338745 Time: 2.05828400000064
Train loss: 3.7372318395838713 Val loss: 0.16583669185638428 Time: 2.5434120999998413
Train loss: 3.6930950254319157 Val loss: 0.15888208150863647 Time: 2.6502071000004435
Train loss: 3.9634852358895247 Val loss: 0.1591869592666626 Time: 3.0116938999999547
Train loss: 3.9045834715029395 Val loss: 0.15906167030334473 Time: 4.642714900000101
Train loss: 3.5123967029784566 Val loss: 0.1265680193901062 Time: 2.6039902000002257
Train loss: 3.441379511626878 Val loss: 0.173179030418396 Time: 3.9925726000001305
Train loss: 3.5639618094841623 Val loss: 0.10741865634918213 Time: 2.7003984000002674
Train loss: 3.610301032112119 Val loss: 0.10027539730072021 Time: 1.8047589000007065
Train loss: 3.2388450166620046 Val loss: 0.137234628200531 Time: 1.9886993999998595
Train loss: 3.1599881776161283 Val loss: 0.11500781774520874 Time: 1.7824348999993163
Train loss: 3.0310496758109773 Val loss: 0.10751497745513916 Time: 1.6747433000000456
Train loss: 3.2045260495180763 Val loss: 0.10411030054092407 Time: 2.1345932000003813
Train loss: 3.0672408911870943 Val loss: 0.09384578466415405 Time: 2.193117699999675
Train loss: 3.1146744956291816 Val loss: 0.09309816360473633 Time: 1.9325665000005756
Train loss: 3.280897660881948 Val loss: 0.10260146856307983 Time: 1.7092156999997314
Train loss: 3.11569609338534 Val loss: 0.09510719776153564 Time: 1.9231552000001102
Train loss: 2.938356093757193 Val loss: 0.08938837051391602 Time: 1.9182479000000967
Train loss: 2.87036797482768 Val loss: 0.1020548939704895 Time: 1.8706191000001127
Train loss: 2.851810077155836 Val loss: 0.04817080497741699 Time: 1.6556457999995473
Train loss: 2.767268945196024 Val loss: 0.05414271354675293 Time: 1.906324399999903
Train loss: 2.9461924107709763 Val loss: 0.09347116947174072 Time: 2.181871499999943
Train loss: 2.854098126151621 Val loss: 0.06981956958770752 Time: 2.094483000000764
Train loss: 2.7403722840759883 Val loss: 0.07761025428771973 Time: 1.9262332999996943
Train loss: 3.053429629189095 Val loss: 0.0687946081161499 Time: 1.9883018000000448
Train loss: 2.9963836143537605 Val loss: 0.023559212684631348 Time: 1.9699459000003117
Train loss: 2.7737881207049346 Val loss: 0.00025898218154907227 Time: 1.7421613999995316
Train loss: 2.630555778728444 Val loss: 0.04031872749328613 Time: 1.8762870999998995
Train loss: 2.8464512059253937 Val loss: 0.04997032880783081 Time: 2.1153039000000717
Train loss: 2.645834082401324 Val loss: 0.05902373790740967 Time: 1.822596699999849
Train loss: 2.6374187604175257 Val loss: 0.031458139419555664 Time: 2.138803299999381
Train loss: 2.6532717701242756 Val loss: 0.06807321310043335 Time: 1.8627233999995951
Train loss: 2.708025696559673 Val loss: 0.03465259075164795 Time: 1.8840323000003991
Train loss: 2.442483988307168 Val loss: 0.03479200601577759 Time: 1.7152869000001374
Train loss: 2.419242587596681 Val loss: 0.03190886974334717 Time: 1.8792262999995728
Train loss: 2.744593179957775 Val loss: 0.024943649768829346 Time: 1.7572829000000638
Train loss: 2.4379688213559803 Val loss: 0.05656552314758301 Time: 1.4725753000002442
Train loss: 2.6443348118833114 Val loss: 0.00017273426055908203 Time: 1.6587345999996614
Train loss: 2.3404064426778524 Val loss: 0.03879892826080322 Time: 2.050057800000104
Train loss: 2.2551052134612277 Val loss: 0.013001859188079834 Time: 2.1165750000000116
Train loss: 2.636383677030615 Val loss: 0.035768866539001465 Time: 2.1398885000007795
Train loss: 2.3188602086822625 Val loss: 0.03515559434890747 Time: 2.106086000000687
Train loss: 2.270689759541254 Val loss: 0.03398418426513672 Time: 1.931986899999174
Train loss: 2.4544325798943203 Val loss: 0.009639978408813477 Time: 1.620682400000078
Train loss: 2.348846413585798 Val loss: 0.04230087995529175 Time: 1.9986532000002626
Train loss: 2.3847738831108387 Val loss: 0.03562271595001221 Time: 2.3557981000003565
Train loss: 2.5252709580464057 Val loss: 0.037811279296875 Time: 2.0001798000002964
Train loss: 2.408477971716632 Val loss: 0.030558347702026367 Time: 1.9556870999995226
Train loss: 2.167464881742987 Val loss: 0.03618800640106201 Time: 1.738564000000224
Train loss: 2.259676182053738 Val loss: 0.017416059970855713 Time: 1.885464800000591
Train loss: 2.2870966181836216 Val loss: 0.03297382593154907 Time: 1.8013262000004033
Train loss: 2.000629033851471 Val loss: 0.0016480684280395508 Time: 2.002693200000067
Train loss: 2.089165859950299 Val loss: 0.03196120262145996 Time: 1.5788267999996606
Train loss: 2.1982363848007376 Val loss: 0.016424834728240967 Time: 2.223442900000009
Train loss: 2.0541106054361844 Val loss: 0.02911078929901123 Time: 1.912853200000427
Train loss: 2.1167313206377654 Val loss: 0.08353757858276367 Time: 2.010885199999393
Train loss: 2.2733436529579194 Val loss: 0.006490647792816162 Time: 2.1887594999998328
Train loss: 1.9812454538768094 Val loss: 0.02957695722579956 Time: 2.2801722999993217
Train loss: 2.2466068596986126 Val loss: 0.02425318956375122 Time: 1.9392773999998099
Train loss: 2.190890736697303 Val loss: 0.015633821487426758 Time: 1.769390999999814
Train loss: 2.0635074611342574 Val loss: 0.00365293025970459 Time: 1.907288499999595
Train loss: 2.334702684232866 Val loss: 0.015291273593902588 Time: 2.059514699999454
Train loss: 2.2496648987486765 Val loss: 0.037320613861083984 Time: 1.938868399999592
Train loss: 1.9132052280395477 Val loss: 0.008652448654174805 Time: 1.8366126000000804
Train loss: 1.9766624672429454 Val loss: 0.02583014965057373 Time: 1.7891839000003529
Train loss: 1.8408546591731412 Val loss: 0.031169533729553223 Time: 1.923521200000323
Train loss: 2.0474284865648897 Val loss: 0.011745095252990723 Time: 1.955402900000081
Train loss: 1.9930707452039513 Val loss: 0.02134561538696289 Time: 1.8923574000000372
Train loss: 1.9161807443012577 Val loss: 0.05453735589981079 Time: 1.7892956999994567
Train loss: 1.8088457753716156 Val loss: 0.04441559314727783 Time: 2.0012574000002132
Train loss: 1.9377059910731314 Val loss: 0.008435249328613281 Time: 1.7177816000003077
Train loss: 1.9438318646991313 Val loss: 0.05484074354171753 Time: 1.8621325999993132
Train loss: 1.8031084440593332 Val loss: 0.025937318801879883 Time: 1.9070480999998836
Train loss: 2.1132340768030247 Val loss: 0.011225879192352295 Time: 1.8878520999996908
Train loss: 1.6423193114310948 Val loss: 0.005547881126403809 Time: 1.8182832000002236
Train loss: 1.7216548470294413 Val loss: 0.0509495735168457 Time: 1.8981681000004755
Train loss: 1.7006278958098875 Val loss: 0.03926849365234375 Time: 1.928620900000169
Train loss: 1.904951644270028 Val loss: 0.02546525001525879 Time: 1.8915374000007432
Train loss: 1.7174179173592015 Val loss: 0.009355783462524414 Time: 1.776608699999997
Train loss: 1.678219495431449 Val loss: 0.04460251331329346 Time: 1.7250705000005837
Train loss: 1.666239937952714 Val loss: 0.034848153591156006 Time: 1.9641817000001538
Train loss: 1.668366594881029 Val loss: 0.024315714836120605 Time: 1.85170509999989
Train loss: 1.7695288717908166 Val loss: 0.012504220008850098 Time: 1.5826923999993596
Train loss: 1.4975380431164789 Val loss: 0.057504475116729736 Time: 1.9138619000004837
Train loss: 1.7392680562353675 Val loss: 0.0241013765335083 Time: 2.247713300000214
Train loss: 1.6974002812655193 Val loss: 0.003582477569580078 Time: 2.2606597999993028
Train loss: 1.7012200657486929 Val loss: 0.026853859424591064 Time: 1.874735899999905
Train loss: 1.4192072097902582 Val loss: 0.0022185444831848145 Time: 1.8813387000000148
Train loss: 1.526006925341414 Val loss: 0.027476489543914795 Time: 1.9731474000000162
Train loss: 1.3952844853516027 Val loss: 0.01760554313659668 Time: 2.203048200000012
Train loss: 1.4437304393547201 Val loss: 0.01344519853591919 Time: 1.9394863999996232
Train loss: 1.540123287512138 Val loss: 0.06469076871871948 Time: 2.186049599999933
Train loss: 1.483216892167892 Val loss: 0.05884319543838501 Time: 1.9161549000000377
Train loss: 1.5159980340845323 Val loss: 0.014751136302947998 Time: 1.863569400000415
Train loss: 1.4634043452609973 Val loss: 0.03491628170013428 Time: 2.0311744000000544
Train loss: 1.638346155936036 Val loss: 0.0093536376953125 Time: 1.9986081999995804
Train loss: 1.3944326562451579 Val loss: 0.04276251792907715 Time: 1.8632771999991746
Train loss: 1.5155224717338545 Val loss: 0.02500450611114502 Time: 1.8476771999994526
Train loss: 1.2826833099395998 Val loss: 0.020285308361053467 Time: 2.091620199999852
Train loss: 1.3709556735229853 Val loss: 0.026666998863220215 Time: 2.1492152000000715
Train loss: 1.4024216886824803 Val loss: 0.00945580005645752 Time: 1.827303000000029
Train loss: 1.47626202726536 Val loss: 0.017401814460754395 Time: 1.7899606000000858
Train loss: 1.1307286840002746 Val loss: 0.05082947015762329 Time: 1.7086352000005718
Train loss: 1.204965158099501 Val loss: 0.04050654172897339 Time: 1.9853751000000557
Train loss: 1.4598380441072898 Val loss: 0.050839900970458984 Time: 1.9746447999996235
Train loss: 1.2991456809261237 Val loss: 0.012252330780029297 Time: 2.208310099999835
Train loss: 1.288225126073585 Val loss: 0.06217926740646362 Time: 1.9403628999998546
Train loss: 1.3562427543312823 Val loss: 0.041798174381256104 Time: 1.935082500000135
Train loss: 1.3385774742613705 Val loss: 0.05386817455291748 Time: 2.0893659000003026
Train loss: 1.1216688383632913 Val loss: 0.019238829612731934 Time: 1.9084419000000707
Train loss: 1.2271549853980162 Val loss: 0.02865779399871826 Time: 1.8719275000003108
Train loss: 1.1681145603644154 Val loss: 0.020083308219909668 Time: 1.9542385000004288
Train loss: 1.153202371892462 Val loss: 0.06948089599609375 Time: 1.8923861000002944
Train loss: 1.3149478757691782 Val loss: 0.027451694011688232 Time: 1.6764855000001262
Train loss: 1.1765159945608303 Val loss: 0.03652608394622803 Time: 2.1516655999994327
Train loss: 1.0031125882560126 Val loss: 0.02272576093673706 Time: 1.6104626000005737
Train loss: 1.0813754618110991 Val loss: 0.03867900371551514 Time: 1.7559935999997833
Train loss: 1.1857012106228524 Val loss: 0.010257244110107422 Time: 1.7356048000001465
Train loss: 1.081050205723507 Val loss: 0.0703197717666626 Time: 1.8677184999996825
Train loss: 1.1179303448086415 Val loss: 0.025367379188537598 Time: 1.942613899999742
Train loss: 0.9495103420772324 Val loss: 0.06129974126815796 Time: 1.8464781000002404
Train loss: 1.1115867440039757 Val loss: 0.021228790283203125 Time: 1.8704915999996956
Train loss: 1.0931208168666728 Val loss: 0.031511664390563965 Time: 1.902785799999947
Train loss: 0.9791773822609002 Val loss: 0.05980253219604492 Time: 1.8472854000001462
Train loss: 1.0922636358093314 Val loss: 0.08065915107727051 Time: 1.9231161999996402
Train loss: 1.1567066683133618 Val loss: 0.029631435871124268 Time: 1.8705898999996862
Train loss: 0.9239648846227908 Val loss: 0.04289746284484863 Time: 1.7916543000001184
Train loss: 0.8614069131577589 Val loss: 0.02777683734893799 Time: 1.9745444999998654
Train loss: 1.1022434675592194 Val loss: 0.013113617897033691 Time: 2.550105799999983
Train loss: 1.0062112140373607 Val loss: 0.08824384212493896 Time: 2.250782799999797
Train loss: 0.8950324642027647 Val loss: 0.05448359251022339 Time: 2.1818960999999035
Train loss: 0.9226713085742144 Val loss: 0.06456100940704346 Time: 1.9538026000000173
Train loss: 1.0707274436373382 Val loss: 0.0035058259963989258 Time: 2.16850980000072
Train loss: 1.0424396856860199 Val loss: 0.08633536100387573 Time: 2.0566768999997294
Train loss: 0.8940840728361152 Val loss: 0.06709086894989014 Time: 1.9906409000004714
Train loss: 0.9293116997330948 Val loss: 0.08365023136138916 Time: 1.9387401999993017
Train loss: 0.8779812279432471 Val loss: 0.08192932605743408 Time: 1.77821589999985
Shrinking learning rate to 1e-05
Train loss: 0.9430723646675752 Val loss: 0.026796400547027588 Time: 1.8589050000000498
Train loss: 1.0348088472601518 Val loss: 0.03402507305145264 Time: 1.9653217999994013
Train loss: 0.9226730278900706 Val loss: 0.03237557411193848 Time: 1.9482915999997203
Train loss: 0.9143116941481688 Val loss: 0.041047096252441406 Time: 1.685409300000174
Train loss: 0.8134492204616777 Val loss: 0.04412674903869629 Time: 1.9343608999997741
Train loss: 0.8292069503921198 Val loss: 0.04030561447143555 Time: 1.62745410000025
Train loss: 0.8926507744414955 Val loss: 0.045162856578826904 Time: 1.975834500000019
Train loss: 0.8672027312435162 Val loss: 0.05064976215362549 Time: 2.0857453999997233
Train loss: 0.9291639584232856 Val loss: 0.04517626762390137 Time: 2.053712500000074
Train loss: 0.8003281518449938 Val loss: 0.0546717643737793 Time: 2.0414066000003004
Train loss: 0.8303952138878898 Val loss: 0.053706467151641846 Time: 2.0271624999995765
Train loss: 0.8711065846247266 Val loss: 0.052124619483947754 Time: 1.9257780000007187
Train loss: 0.9744437553927696 Val loss: 0.05518883466720581 Time: 1.7245841000003566
Train loss: 0.8563664858059816 Val loss: 0.05270320177078247 Time: 2.1035305000004882
Train loss: 0.8798639273144317 Val loss: 0.04544210433959961 Time: 2.691458100000091
Train loss: 0.8972838969754156 Val loss: 0.05204498767852783 Time: 2.1624438999997437
Train loss: 1.0922168229632234 Val loss: 0.04169189929962158 Time: 1.9615622999999687
Train loss: 0.7862786528587975 Val loss: 0.050639986991882324 Time: 2.787751200000457
Train loss: 0.8601467222309902 Val loss: 0.044531822204589844 Time: 1.7755417000007583
Train loss: 0.7536386804192432 Val loss: 0.0449826717376709 Time: 2.111101399999825
Train loss: 0.9681506923363372 Val loss: 0.043929994106292725 Time: 2.2423628999995344
Train loss: 0.8823020947076863 Val loss: 0.03860056400299072 Time: 2.56595279999965
Train loss: 0.8404102826283193 Val loss: 0.04302859306335449 Time: 2.1545853999996325
Train loss: 0.8234215322292764 Val loss: 0.055294156074523926 Time: 2.1024027000003116
Train loss: 0.9962913871399905 Val loss: 0.04687237739562988 Time: 1.8887402999998812
Train loss: 0.9068628424329859 Val loss: 0.04428911209106445 Time: 2.147277699999904
Train loss: 0.7576876746199019 Val loss: 0.0457187294960022 Time: 2.2420755999992252
Train loss: 0.8951474636608198 Val loss: 0.049147963523864746 Time: 1.8262901000007332
Train loss: 0.8399502705176474 Val loss: 0.05159550905227661 Time: 1.8138184999997975
Shrinking learning rate to 1.0000000000000002e-06
Train loss: 0.8902150347784925 Val loss: 0.044467389583587646 Time: 2.103693000000021
Train loss: 0.9753160568429777 Val loss: 0.04386991262435913 Time: 2.059268599999996
Train loss: 0.9363083882553851 Val loss: 0.04384303092956543 Time: 1.900596299999961
Train loss: 0.8689032561347432 Val loss: 0.044797539710998535 Time: 1.9789727999996103
Train loss: 0.8229575852479911 Val loss: 0.04583871364593506 Time: 1.9425516000001153
Train loss: 0.9232642618896776 Val loss: 0.04596984386444092 Time: 1.6817028999994363
Train loss: 1.1113217224754877 Val loss: 0.04537379741668701 Time: 1.8286433000002944
Train loss: 0.9027251734033399 Val loss: 0.045122385025024414 Time: 1.9784982999999556
Train loss: 0.9601405122727535 Val loss: 0.04554164409637451 Time: 2.1182521999999153
Train loss: 0.8030050943076539 Val loss: 0.04585444927215576 Time: 1.9556467000002158
Shrinking learning rate to 1.0000000000000002e-07
Learning rate getting small
Complete
 Total time: 434.8241530000005