starting log for model: C:\Users\christopher.johnson\Documents\GitHub\flu\lstm_cnn.pth
Train loss: 14.20312286252208 Val loss: 2.1928890251492703 Time: 0.7130933000007644
Train loss: 9.874324239812694 Val loss: 1.6135580983827822 Time: 0.7349591000238433
Train loss: 6.688596526612628 Val loss: 1.261699661918101 Time: 0.6426562999840826
Train loss: 5.989736592456161 Val loss: 1.1540124825629618 Time: 0.637550099985674
Train loss: 5.746490886777077 Val loss: 1.086559495831807 Time: 0.629702299949713
Train loss: 5.562742891030156 Val loss: 1.0289268119740882 Time: 0.7060210999334231
Train loss: 5.396461523759511 Val loss: 0.973431474150857 Time: 0.6213367000455037
Train loss: 5.236563479932045 Val loss: 0.9171158140525222 Time: 0.6400200000498444
Train loss: 5.07413085689973 Val loss: 0.8641582970740274 Time: 0.6578857999993488
Train loss: 4.909798101679176 Val loss: 0.8145759451435879 Time: 0.659656900097616
Train loss: 4.745672594746324 Val loss: 0.7637229161337018 Time: 0.6198448999784887
Train loss: 4.565749122615976 Val loss: 0.7197924458305351 Time: 0.6408947999589145
Train loss: 4.401077916889932 Val loss: 0.6900894692225847 Time: 0.6500817000633106
Train loss: 4.214166413104214 Val loss: 0.6714096635653277 Time: 0.6440248999278992
Train loss: 4.012739132563456 Val loss: 0.6834677363915489 Time: 0.6294453999726102
Train loss: 3.7931598337704653 Val loss: 0.7034455902175978 Time: 0.6344765999820083
Train loss: 3.5684088148457818 Val loss: 0.7347746721934527 Time: 0.622730900067836
Train loss: 3.366011712502187 Val loss: 0.7743245046585798 Time: 0.6372051000362262
Train loss: 3.143448855889826 Val loss: 0.8122265033889562 Time: 0.6391525999642909
Train loss: 2.957858504537699 Val loss: 0.8512014064472169 Time: 0.6613276000134647
Train loss: 2.7636305724868127 Val loss: 0.9127875079866499 Time: 0.626333300024271
Train loss: 2.622240263138451 Val loss: 0.9568842500448227 Time: 0.6343871999997646
Train loss: 2.472507115365933 Val loss: 1.0058239661157131 Time: 0.6360495999688283
Train loss: 2.3475764861755613 Val loss: 1.0533966736402363 Time: 0.6230589000042528
Train loss: 2.2300234845593025 Val loss: 1.113230391871184 Time: 0.6339582999935374
Train loss: 2.1210321194178086 Val loss: 1.1751723079942167 Time: 0.5912141998996958
Train loss: 2.034885591701532 Val loss: 1.2242348173167557 Time: 0.6189921000041068
Train loss: 1.952458528995102 Val loss: 1.2638115141307935 Time: 0.6422511000419036
Train loss: 1.873868820490035 Val loss: 1.3590744445100427 Time: 0.6069348999299109
Train loss: 1.807437106777595 Val loss: 1.3930687751853839 Time: 0.6030202000401914
Train loss: 1.7344816215324208 Val loss: 1.4778961021220312 Time: 0.6111984000308439
Train loss: 1.6715213343544555 Val loss: 1.518222252605483 Time: 0.619927000021562
Train loss: 1.615341512842497 Val loss: 1.586036754772067 Time: 0.6091839999426156
Train loss: 1.5568281599547127 Val loss: 1.6312428441597149 Time: 0.6224572999635711
Train loss: 1.4981742443332706 Val loss: 1.6725861069280654 Time: 0.6230130000039935
Train loss: 1.4494028369501604 Val loss: 1.7421221006661654 Time: 0.6393338000634685
Train loss: 1.4008590395018343 Val loss: 1.783884334960021 Time: 0.6241290000034496
Train loss: 1.359898520879847 Val loss: 1.8534922179533169 Time: 0.628223399980925
Train loss: 1.316485886641351 Val loss: 1.916259067482315 Time: 0.6190306999487802
Train loss: 1.2841831293214305 Val loss: 1.9465604331344366 Time: 0.6408407000126317
Train loss: 1.2542233702160213 Val loss: 1.9860655507654883 Time: 0.6140209999866784
Train loss: 1.2138065378761773 Val loss: 2.112565310730133 Time: 0.6180402000900358
Train loss: 1.1842737897731517 Val loss: 2.127993584203068 Time: 0.638313899980858
Train loss: 1.1616208512115125 Val loss: 2.2447000632237177 Time: 0.6160104000009596
Train loss: 1.1270380757647707 Val loss: 2.231683819263708 Time: 0.6404744000174105
Train loss: 1.1043641725056297 Val loss: 2.3042477953713387 Time: 0.6467399999964982
Train loss: 1.0727802017602301 Val loss: 2.3370261878008023 Time: 0.6247875000117347
Train loss: 1.0596366098512942 Val loss: 2.3773337871971307 Time: 0.6306338999420404
Train loss: 1.0277693047879044 Val loss: 2.34140617022058 Time: 0.6296775999944657
Train loss: 1.0176487356381063 Val loss: 2.3968514525658975 Time: 0.6453987000277266
Train loss: 0.9817275965659924 Val loss: 2.3844333617162192 Time: 0.6303652999922633
Train loss: 0.9788789077197393 Val loss: 2.402434246825578 Time: 0.6348565999651328
Train loss: 0.9439278294304039 Val loss: 2.3941563519692863 Time: 0.6277665999950841
Train loss: 0.9245231423960281 Val loss: 2.4289695534589555 Time: 0.6433241999475285
Train loss: 0.9016962553927037 Val loss: 2.3995843913730823 Time: 0.6407537000486627
Train loss: 0.8927813180733395 Val loss: 2.4280014944670256 Time: 0.6349945000838488
Train loss: 0.8665838433390132 Val loss: 2.3759145774856734 Time: 0.6341733000008389
Train loss: 0.8541041396103674 Val loss: 2.360393456034217 Time: 0.614072399912402
Train loss: 0.8307621338688458 Val loss: 2.4202168780684588 Time: 0.6268300000810996
Train loss: 0.8162688384980856 Val loss: 2.413463138844236 Time: 0.6162625000579283
Train loss: 0.813887548247742 Val loss: 2.4168157609556147 Time: 0.630724300048314
Train loss: 0.7884967910481135 Val loss: 2.4035356076219614 Time: 0.6049788999371231
Train loss: 0.783774498564423 Val loss: 2.370733749397914 Time: 0.7015470999758691
Train loss: 0.756923856304017 Val loss: 2.4228062486108684 Time: 0.6212560000130907
Train loss: 0.7428585842008522 Val loss: 2.335962316898076 Time: 0.6107647999888286
Train loss: 0.73544374514479 Val loss: 2.393110848039214 Time: 0.6499799001030624
Train loss: 0.7215188786924407 Val loss: 2.4071385532661225 Time: 0.6099806999554858
Train loss: 0.7126269518363613 Val loss: 2.437345742859179 Time: 0.6253027999773622
Train loss: 0.6987567586232549 Val loss: 2.38732210471062 Time: 0.6311031000223011
Train loss: 0.6917163895626519 Val loss: 2.330318529820943 Time: 0.6327564999228343
Train loss: 0.6818861060372987 Val loss: 2.4019010235024325 Time: 0.6273332999553531
Train loss: 0.6598406882125796 Val loss: 2.424107901399111 Time: 0.6337091999594122
Train loss: 0.6453211698694268 Val loss: 2.364433205229318 Time: 0.6382064999779686
Train loss: 0.6384097552578769 Val loss: 2.350288692279719 Time: 0.6191352000460029
Train loss: 0.6359906487662457 Val loss: 2.4118471009569475 Time: 0.6116645999718457
Train loss: 0.6200535151578517 Val loss: 2.3714347855129745 Time: 0.6138598999241367
Train loss: 0.6179978114595344 Val loss: 2.3715414384641917 Time: 0.6357806000160053
Train loss: 0.5839275368647727 Val loss: 2.406509709326315 Time: 0.6291160000255331
Train loss: 0.6010934870589717 Val loss: 2.2730270603933604 Time: 0.6422974000452086
Train loss: 0.5725988735523879 Val loss: 2.4411807693383025 Time: 0.6261561000719666
Train loss: 0.5620485062710685 Val loss: 2.4496105471553165 Time: 0.658671100041829
Train loss: 0.5635473341532036 Val loss: 2.294680697727017 Time: 0.6277390000177547
Train loss: 0.5553507757431415 Val loss: 2.301436027366435 Time: 0.6580275000305846
Train loss: 0.5302087453706648 Val loss: 2.422722399685881 Time: 0.6322074999334291
Train loss: 0.5328502211893618 Val loss: 2.2627169950283132 Time: 0.6187221000436693
Train loss: 0.5329492128808084 Val loss: 2.3525126049207756 Time: 0.6263021000195295
Train loss: 0.5009077182028854 Val loss: 2.303020326005935 Time: 0.6269624000415206
Train loss: 0.5121588796508534 Val loss: 2.3045859333869885 Time: 0.6245043000672013
Train loss: 0.4915210816376253 Val loss: 2.255677643843228 Time: 0.6217338999267668
Train loss: 0.4800545397085898 Val loss: 2.426131021697074 Time: 0.61156780004967
Train loss: 0.46487807325621383 Val loss: 2.2640624909763574 Time: 0.6118231000145897
Train loss: 0.481074114514775 Val loss: 2.276364690959781 Time: 0.6078013000078499
Train loss: 0.4494504245178106 Val loss: 2.277119564372697 Time: 0.6203656999859959
Train loss: 0.4640464753862737 Val loss: 2.169443174985645 Time: 0.6144800999900326
Train loss: 0.4678984720414402 Val loss: 2.282222081965301 Time: 0.6181555999210104
Train loss: 0.42973665746651535 Val loss: 2.550990588462355 Time: 0.6133167999796569
Train loss: 0.47076159141416735 Val loss: 2.0624665626964998 Time: 0.6327960999915376
Train loss: 0.626284795515891 Val loss: 1.9254019983345643 Time: 0.650122300023213
Train loss: 0.4886074157635243 Val loss: 2.109975275994657 Time: 0.6037261999445036
Train loss: 0.571700475953849 Val loss: 2.4540120574474713 Time: 0.6280055999523029
Train loss: 0.5454396290905102 Val loss: 2.1197345610587632 Time: 0.6080773000139743
Train loss: 0.6424638476393656 Val loss: 1.825833401962882 Time: 0.6305443999590352
Train loss: 0.5555516482345446 Val loss: 1.9092097360244225 Time: 0.6267839999636635
Train loss: 0.40696839574401156 Val loss: 2.1802554088644683 Time: 0.6219238999765366
Train loss: 0.4931166097701317 Val loss: 2.2280500174092595 Time: 0.6577289999695495
Train loss: 0.4545616870655671 Val loss: 1.9771045406960184 Time: 0.6271393999923021
Train loss: 0.6560875833254799 Val loss: 1.734354852931574 Time: 0.6341634999262169
Train loss: 0.4468994504021868 Val loss: 2.0018770955502987 Time: 0.6390962000004947
Train loss: 0.44096272950772464 Val loss: 2.332280086353421 Time: 0.6125768000492826
Train loss: 0.4569497117132908 Val loss: 2.1590233712340705 Time: 0.609649799996987
Train loss: 0.5006865705541932 Val loss: 1.8980656593921594 Time: 0.6400875999825075
Train loss: 0.6178970786107985 Val loss: 1.7370896323172929 Time: 0.6226890999823809
Train loss: 0.38300903319441437 Val loss: 2.012635427468922 Time: 0.6406465000472963
Train loss: 0.48785565758517924 Val loss: 2.201543723407667 Time: 0.6199545999988914
Train loss: 0.45156238196101134 Val loss: 2.0546547157719033 Time: 0.6143821999430656
Train loss: 0.5911735031561989 Val loss: 1.7399097579764202 Time: 0.6012060000794008
Train loss: 0.5006448070000576 Val loss: 1.7487905282032443 Time: 0.639701799955219
Train loss: 0.38284398881572423 Val loss: 2.0265015468976344 Time: 0.6706582999322563
Train loss: 0.3996963797589656 Val loss: 2.0961549008861766 Time: 0.6619666999904439
Train loss: 0.38714154121672983 Val loss: 2.0655395789945032 Time: 0.6220681000268087
Train loss: 0.6028757826465346 Val loss: 1.6517769030760974 Time: 0.6015255000675097
Train loss: 0.41275344886907384 Val loss: 1.8821234112774619 Time: 0.6258435000199825
Train loss: 0.4800482374350493 Val loss: 2.2849171637572 Time: 0.6258746000239626
Train loss: 0.4360699816651133 Val loss: 2.129555269031698 Time: 0.6298124000895768
Train loss: 0.47293589178492146 Val loss: 1.8329840674996376 Time: 0.6153988000005484
Train loss: 0.5739152029987522 Val loss: 1.6249655930369045 Time: 0.6422076999442652
Train loss: 0.37089216954343596 Val loss: 2.014579418420908 Time: 0.608062099898234
Train loss: 0.416496277833736 Val loss: 2.176006853801937 Time: 0.6374436999903992
Train loss: 0.37478184910836276 Val loss: 1.9730519276734526 Time: 0.6344592000823468
Train loss: 0.5487542140783965 Val loss: 1.7129394442308694 Time: 0.608400100027211
Train loss: 0.4100994361562932 Val loss: 1.7658993449877016 Time: 0.6188169999513775
Train loss: 0.38961213879130996 Val loss: 2.1202364309610857 Time: 0.6149647999554873
Train loss: 0.402701645783098 Val loss: 2.223221101798117 Time: 0.621756499982439
Train loss: 0.39019163255311834 Val loss: 2.072703207260929 Time: 0.6291326999198645
Train loss: 0.6795615424421031 Val loss: 1.523587399860844 Time: 0.6173456000396982
Train loss: 0.40017983833939663 Val loss: 1.8211624648201905 Time: 0.6162271000212058
Shrinking learning rate to 1e-05
Train loss: 0.6064577171241587 Val loss: 1.5693693084467668 Time: 0.6075153000419959
Train loss: 0.4100501869718489 Val loss: 1.5735901021762402 Time: 0.6416792999953032
Train loss: 0.3541640673584862 Val loss: 1.6242291362723336 Time: 0.5957188999745995
Train loss: 0.3214415396136179 Val loss: 1.6739225987403188 Time: 0.6209148999769241
Train loss: 0.30109870248677284 Val loss: 1.7116074061195832 Time: 0.6211379000451416
Train loss: 0.28768563128843727 Val loss: 1.7385849369165953 Time: 0.628188299946487
Train loss: 0.27803909986713105 Val loss: 1.7539054957451299 Time: 0.6177951000863686
Train loss: 0.2708646486210742 Val loss: 1.766434795834357 Time: 0.622663400019519
Train loss: 0.2657459878552073 Val loss: 1.7742285311978776 Time: 0.6353100000414997
Train loss: 0.26129099758515434 Val loss: 1.7800339433451882 Time: 0.6247803000733256
Train loss: 0.2576681246914632 Val loss: 1.7862317454419099 Time: 0.6311358000384644
Train loss: 0.2545671352099147 Val loss: 1.7918634032103 Time: 0.6288026999682188
Train loss: 0.25176603992839597 Val loss: 1.797788327530725 Time: 0.620250100037083
Train loss: 0.24921094263523025 Val loss: 1.8017780608061003 Time: 0.6119627999141812
Train loss: 0.24705726231435943 Val loss: 1.8064255311473971 Time: 0.6116056999890134
Train loss: 0.24498052794272707 Val loss: 1.8123642318023485 Time: 0.6277814001077786
Train loss: 0.24315418693372104 Val loss: 1.816659531345067 Time: 0.6114811999723315
Train loss: 0.24150159482029004 Val loss: 1.8230142361790058 Time: 0.6078938000136986
Train loss: 0.23990728208883938 Val loss: 1.8282955580580165 Time: 0.6051648000720888
Train loss: 0.23839202546225646 Val loss: 1.8317687302624108 Time: 0.6154436999931931
Train loss: 0.23699520535280683 Val loss: 1.8370511836692458 Time: 0.6308756000362337
Train loss: 0.23566992224546873 Val loss: 1.8415754722882411 Time: 0.6083778000902385
Train loss: 0.23443673954900118 Val loss: 1.8470983045190223 Time: 0.6369895999087021
Train loss: 0.23324143252767526 Val loss: 1.8518089004282956 Time: 0.6177962999790907
Train loss: 0.2320433453970452 Val loss: 1.8567711671057623 Time: 0.619854599935934
Train loss: 0.2311168655935678 Val loss: 1.8615869897403172 Time: 0.6458614999428391
Train loss: 0.23001395281747872 Val loss: 1.866673367596377 Time: 0.5995950000360608
Train loss: 0.22895540409152138 Val loss: 1.870782733809392 Time: 0.6081210999982432
Train loss: 0.227955351835335 Val loss: 1.8737684352909127 Time: 0.6120473999762908
Train loss: 0.22707052384916127 Val loss: 1.8798753616756585 Time: 0.6584616999607533
Train loss: 0.22624026452358992 Val loss: 1.882385039512883 Time: 0.6358258000109345
Train loss: 0.22525315996122353 Val loss: 1.8868420143726325 Time: 0.6539161000400782
Train loss: 0.22443983782739957 Val loss: 1.8918847753216141 Time: 0.6383757999865338
Train loss: 0.22349215329306524 Val loss: 1.8932866064005793 Time: 0.7190893000224605
Train loss: 0.22278880811768326 Val loss: 1.8979216799252754 Time: 0.6552065999712795
Train loss: 0.2218875845211291 Val loss: 1.9007364159951976 Time: 0.6183566999388859
Train loss: 0.2212128259622519 Val loss: 1.9045030847081534 Time: 0.6462834000121802
Train loss: 0.2203403134891639 Val loss: 1.9078442733037662 Time: 0.6184267000062391
Train loss: 0.21969014038920387 Val loss: 1.9127026943631051 Time: 0.639996699988842
Train loss: 0.21884593611639747 Val loss: 1.9171403127517692 Time: 0.6119291000068188
Train loss: 0.21805924486660844 Val loss: 1.9202569207270699 Time: 0.6059240999165922
Train loss: 0.21703128183897857 Val loss: 1.9227720929361567 Time: 0.6141072999453172
Train loss: 0.21645488193616275 Val loss: 1.9277407999020397 Time: 0.6041088999481872
Train loss: 0.21555115552201903 Val loss: 1.9299222640902371 Time: 0.6178309000097215
Train loss: 0.2147705683045234 Val loss: 1.9324452828013818 Time: 0.6265321999089792
Train loss: 0.21396882134625828 Val loss: 1.935815460624326 Time: 0.6105909999459982
Train loss: 0.21321703559435035 Val loss: 1.9379881564736934 Time: 0.6471902000484988
Train loss: 0.21253513043615252 Val loss: 1.94140019821225 Time: 0.6316610999638215
Train loss: 0.21181638361317467 Val loss: 1.9449958238947147 Time: 0.6262651999713853
Train loss: 0.21121344364090022 Val loss: 1.9474611358928087 Time: 0.6206639000447467
Train loss: 0.2105289931617819 Val loss: 1.9501474693443015 Time: 0.6361415999708697
Train loss: 0.20978988520796898 Val loss: 1.9525530765968142 Time: 0.7395840999670327
Train loss: 0.209523837990229 Val loss: 1.9561841128634114 Time: 0.6396936000091955
Train loss: 0.20877557675773706 Val loss: 1.9561467913517845 Time: 0.6274560999590904
Train loss: 0.2080814511028064 Val loss: 1.9616451165566104 Time: 0.616054099984467
Train loss: 0.20774043710330486 Val loss: 1.9628634972432337 Time: 0.6262945999624208
Train loss: 0.20717868256727 Val loss: 1.964120034372172 Time: 0.6506051999749616
Train loss: 0.2065459936406815 Val loss: 1.966948764224071 Time: 0.6123976999660954
Train loss: 0.2061305389518575 Val loss: 1.9706118498652359 Time: 0.6246711000567302
Train loss: 0.20538099211543503 Val loss: 1.971405174692336 Time: 0.6253469000803307
Train loss: 0.20516302079065785 Val loss: 1.9774236247103545 Time: 0.6375564000336453
Train loss: 0.20423961736411197 Val loss: 1.9781633798775147 Time: 0.6470108999637887
Train loss: 0.20369886754441469 Val loss: 1.980148094422475 Time: 0.6390610999660566
Train loss: 0.20291124156173673 Val loss: 1.97599252530199 Time: 0.6312775000697002
Complete
 Total time: 126.33243820001371