starting log for model: C:\Users\christopher.johnson\Documents\lstm_comb_new_22-23.pth
Train loss: 14.853841955513253 Val loss: 2.7107788926354224 Time: 0.7987278000218794
Train loss: 17.80237040241545 Val loss: 1.9164913027255173 Time: 0.9830855000182055
Train loss: 8.980451528547674 Val loss: 1.0336864620016222 Time: 4.002969400025904
Train loss: 7.537477743501444 Val loss: 0.8933886313401803 Time: 1.117627400031779
Train loss: 7.092613090865286 Val loss: 0.858209249647647 Time: 1.1117755000013858
Train loss: 6.8792650951452 Val loss: 0.8410692826994838 Time: 1.089169699989725
Train loss: 7.294335983979352 Val loss: 0.8737525447665618 Time: 1.102364500053227
Train loss: 6.423410711462047 Val loss: 0.7911072145276336 Time: 1.078388299967628
Train loss: 6.035164604296753 Val loss: 0.7557492823455711 Time: 1.1758479000418447
Train loss: 5.5276905511466055 Val loss: 0.7030933261757475 Time: 1.1436790999723598
Train loss: 5.439661415512717 Val loss: 0.6951810666731087 Time: 1.1004079999984242
Train loss: 5.103392852219528 Val loss: 0.6628841186858255 Time: 0.990341900032945
Train loss: 4.88691155657591 Val loss: 0.6660989808329173 Time: 0.7825464000343345
Train loss: 5.001419555551536 Val loss: 0.6991989149899555 Time: 0.8104974000016227
Train loss: 4.9375624227143255 Val loss: 0.7406496361389324 Time: 1.6391718999948353
Train loss: 4.767798480980332 Val loss: 0.7266214697516189 Time: 1.827690200007055
Train loss: 4.677585714929819 Val loss: 0.6788591673447062 Time: 1.3889531000168063
Train loss: 4.528818051010191 Val loss: 0.6556481135646577 Time: 1.621777700027451
Train loss: 4.332790615318872 Val loss: 0.6501907019549621 Time: 1.529706500004977
Train loss: 4.16150941483528 Val loss: 0.649566078163609 Time: 1.4641618999885395
Train loss: 4.21011796623803 Val loss: 0.6037217292246282 Time: 1.688667099981103
Train loss: 4.186011422135685 Val loss: 0.6044803231493688 Time: 1.7952477999497205
Train loss: 4.010471827900472 Val loss: 0.5842059289826496 Time: 1.4749770000344142
Train loss: 4.056051231517081 Val loss: 0.5899024012468681 Time: 1.5002363999956287
Train loss: 3.916113618407877 Val loss: 0.5870279552250512 Time: 1.3727853000164032
Train loss: 3.719742453996062 Val loss: 0.5708663726849706 Time: 1.4800631000543945
Train loss: 3.685358276566518 Val loss: 0.569014543902364 Time: 1.312143900024239
Train loss: 3.695134390571127 Val loss: 0.5907629306675649 Time: 1.5716570000513457
Train loss: 3.6276727793994397 Val loss: 0.5687674032765957 Time: 1.483754399989266
Train loss: 3.567863228297398 Val loss: 0.5671132598716238 Time: 1.5743843999807723
Train loss: 3.5058690596906104 Val loss: 0.571955314698611 Time: 1.6393938999972306
Train loss: 3.4708065045250045 Val loss: 0.5698948355733876 Time: 1.6286114000249654
Train loss: 3.453409356654106 Val loss: 0.5809248791622861 Time: 1.6049552000476979
Train loss: 3.285124584518094 Val loss: 0.5748441587267215 Time: 1.796628399984911
Train loss: 3.2836565482131874 Val loss: 0.6034502975492919 Time: 1.396060300001409
Train loss: 3.393066977731806 Val loss: 0.591783793835034 Time: 1.3055055000004359
Train loss: 3.1593216945503855 Val loss: 0.5919571699983878 Time: 1.5767316999845207
Train loss: 3.3101807861742856 Val loss: 0.5698283495120297 Time: 1.318611399969086
Train loss: 3.30155982887986 Val loss: 0.6002303055515943 Time: 1.638078099989798
Train loss: 3.2520455470909155 Val loss: 0.5996249348263973 Time: 1.746615899959579
Train loss: 3.212227571424947 Val loss: 0.6048778193175922 Time: 1.8402046999544837
Train loss: 3.2513038211358207 Val loss: 0.5719889133891649 Time: 1.54246589995455
Train loss: 3.269674081119348 Val loss: 0.6068142431747547 Time: 1.3075505000306293
Train loss: 3.1795477141483843 Val loss: 0.5531485011862878 Time: 1.814665099955164
Train loss: 3.1885908899003192 Val loss: 0.5495698696612156 Time: 1.388054999988526
Train loss: 3.060241509167028 Val loss: 0.5532995810145995 Time: 1.573907500016503
Train loss: 3.0054982191640107 Val loss: 0.5832175334233909 Time: 1.761636000010185
Train loss: 3.031871708048911 Val loss: 0.5403684197632898 Time: 1.630201100022532
Train loss: 2.9031642309436165 Val loss: 0.5373372518620528 Time: 1.5597319999942556
Train loss: 2.9354409396349013 Val loss: 0.5226798249754633 Time: 1.7174719999893568
Train loss: 3.038714144026244 Val loss: 0.5623460047386655 Time: 1.3770246999920346
Train loss: 2.9426379267838456 Val loss: 0.5244973202876797 Time: 1.6265893999952823
Train loss: 2.8636542867295134 Val loss: 0.5668833031923911 Time: 1.6065152999944985
Train loss: 2.739195966975595 Val loss: 0.5148954364773626 Time: 1.7966435000416823
Train loss: 2.8018470699422835 Val loss: 0.5209476043135114 Time: 1.543425699986983
Train loss: 2.879701002183382 Val loss: 0.5764164798312845 Time: 2.006062300002668
Train loss: 3.2571661377035674 Val loss: 0.5301870505290226 Time: 1.8748965000268072
Train loss: 2.746492102044142 Val loss: 0.5590312346327108 Time: 1.6899151999969035
Train loss: 2.76203676759296 Val loss: 0.5241963155220388 Time: 1.8031877999892458
Train loss: 2.7292889423913778 Val loss: 0.5048222266508967 Time: 1.5144110000110231
Train loss: 2.6748269044139827 Val loss: 0.5049658307474615 Time: 1.6306455999729224
Train loss: 2.99370788506046 Val loss: 0.5444042091215707 Time: 1.7158056999905966
Train loss: 2.8610330758590976 Val loss: 0.5010221209557194 Time: 1.861986500036437
Train loss: 2.8714952384577295 Val loss: 0.5310352991122816 Time: 1.5822563000256196
Train loss: 2.7562949846125058 Val loss: 0.513554672946669 Time: 1.6622741000028327
Train loss: 2.67658853449592 Val loss: 0.5089517688201424 Time: 1.8341877000057139
Train loss: 2.6564521309201297 Val loss: 0.5086476533810393 Time: 1.700594900001306
Train loss: 2.6477880537603653 Val loss: 0.49866928898231755 Time: 1.5337759999674745
Train loss: 2.6457210695551936 Val loss: 0.4950716600304687 Time: 1.5921773000154644
Train loss: 2.558646196190125 Val loss: 0.5069506904176856 Time: 1.4026065999642015
Train loss: 2.650995509310974 Val loss: 0.49386710101674824 Time: 1.8035740000195801
Train loss: 2.5642091358421237 Val loss: 0.4877900631408988 Time: 1.818439099995885
Train loss: 2.5242050771611133 Val loss: 0.48988430720937115 Time: 1.339819599990733
Train loss: 2.5757372762947885 Val loss: 0.47605756620351464 Time: 1.5898476000293158
Train loss: 2.5240952506284344 Val loss: 0.4879068172815334 Time: 1.5590952999773435
Train loss: 2.4419094630371654 Val loss: 0.49106978081683594 Time: 1.695940600009635
Train loss: 2.377268070515432 Val loss: 0.48395289657682894 Time: 1.8634272000053898
Train loss: 2.267417219631426 Val loss: 0.4879398740636826 Time: 1.7117480000015348
Train loss: 2.388506372798304 Val loss: 0.5015568840270214 Time: 1.6217505999957211
Train loss: 2.5157607624571536 Val loss: 0.4506711542776996 Time: 1.612768099992536
Train loss: 2.056684201079465 Val loss: 0.42718363524506714 Time: 1.613148199976422
Train loss: 2.1658797987028855 Val loss: 0.48277504823657713 Time: 1.6502965000108816
Train loss: 2.2801818914582554 Val loss: 0.46044710151942453 Time: 1.778957900009118
Train loss: 2.3972036597940445 Val loss: 0.4760308789386451 Time: 1.9103013999992982
Train loss: 2.2639119808413852 Val loss: 0.4827426976671308 Time: 1.830618100007996
Train loss: 2.064239486661776 Val loss: 0.4408107272384049 Time: 1.436384900007397
Train loss: 1.9376590316909699 Val loss: 0.4321745510806884 Time: 1.8850574999814853
Train loss: 2.027490500782733 Val loss: 0.4748056548696005 Time: 1.736877299961634
Train loss: 1.747402176041419 Val loss: 0.526955780439122 Time: 1.666159299958963
Train loss: 1.7805482647560495 Val loss: 0.4521734324710867 Time: 1.6882394999847747
Train loss: 1.4162053435027246 Val loss: 0.45170775346374265 Time: 1.4320773999788798
Train loss: 1.6167598262033778 Val loss: 0.5377984222833312 Time: 1.3336167999659665
Train loss: 1.6253350977134602 Val loss: 0.4876392347499619 Time: 1.4889464000007138
Train loss: 1.319326538872133 Val loss: 0.5171651903497275 Time: 1.6136388999875635
Train loss: 2.139851029426154 Val loss: 0.5416200764202417 Time: 1.6475428999983706
Train loss: 1.4501650519621307 Val loss: 0.4636423775996702 Time: 1.6951522000017576
Train loss: 1.2508336622545357 Val loss: 0.45823429165031043 Time: 1.7965747999842279
Train loss: 1.0476722270420709 Val loss: 0.4354482688918625 Time: 1.3535619000322185
Train loss: 1.5070417582030018 Val loss: 0.4341742341468185 Time: 1.5156854999950156
Train loss: 1.2168713561196682 Val loss: 0.45631181169923213 Time: 1.778772999998182
Train loss: 1.1721148591114599 Val loss: 0.5186665881717852 Time: 1.734884800040163
Train loss: 1.0525610291568803 Val loss: 0.4279742032060894 Time: 1.6646316000260413
Train loss: 1.2458663580051734 Val loss: 0.5360247231810611 Time: 1.6745092999772169
Train loss: 1.603755487801891 Val loss: 1.0252163028733097 Time: 1.5598513999721035
Train loss: 1.1255052037712745 Val loss: 0.46584635156556603 Time: 1.4385049999691546
Train loss: 1.359649375589953 Val loss: 0.5068310963667351 Time: 1.684496100002434
Train loss: 1.1718165857953977 Val loss: 0.9864168971080448 Time: 1.5582953999983147
Shrinking learning rate to 0.0001
Train loss: 1.275458442335438 Val loss: 0.4410906301885609 Time: 1.3533466999651864
Train loss: 1.0561144748029534 Val loss: 0.4887128406027819 Time: 1.296147999993991
Train loss: 0.9342092674929745 Val loss: 0.48552715333869567 Time: 1.6259744000271894
Train loss: 0.8887099375432967 Val loss: 0.4847984554948341 Time: 2.0222124000429176
Train loss: 0.8660843557646558 Val loss: 0.48490449972990407 Time: 1.5892329000052996
Train loss: 0.8483146520278524 Val loss: 0.4845123364096971 Time: 1.6404960000072606
Train loss: 0.8306086480199326 Val loss: 0.48457765684542586 Time: 1.6275522999931127
Train loss: 0.8232451270724823 Val loss: 0.4841328772633626 Time: 2.008690499991644
Train loss: 0.8063471449970905 Val loss: 0.4839370591342708 Time: 1.5547249000519514
Train loss: 0.796252674822199 Val loss: 0.4835905311674311 Time: 1.849179099954199
Train loss: 0.787669608705869 Val loss: 0.48284460056447753 Time: 1.7072642999701202
Train loss: 0.7762823943208872 Val loss: 0.48214893324336167 Time: 1.5914217999670655
Train loss: 0.7697403531069114 Val loss: 0.48285952146799843 Time: 1.3825960999820381
Train loss: 0.7742882788876528 Val loss: 0.48256555356570047 Time: 1.640268000017386
Train loss: 0.7525701725171068 Val loss: 0.4820283926303771 Time: 1.5546810000087135
Train loss: 0.7506352074903768 Val loss: 0.4824977018576726 Time: 1.8672050000168383
Train loss: 0.7450673706485489 Val loss: 0.48185944558404264 Time: 1.467514299962204
Train loss: 0.7345522737499977 Val loss: 0.4814439197715934 Time: 1.644601900014095
Train loss: 0.7306603841559784 Val loss: 0.4816513173473519 Time: 1.6705061999964528
Train loss: 0.7218746206518141 Val loss: 0.4807680834511288 Time: 1.7988139999797568
Train loss: 0.719420041393299 Val loss: 0.4809996711150344 Time: 1.5356784999603406
Train loss: 0.7141199735096873 Val loss: 0.48016330245687433 Time: 1.6555417000199668
Train loss: 0.70762356003865 Val loss: 0.4796694688033738 Time: 1.590752100048121
Train loss: 0.7008831683889989 Val loss: 0.4793005867360635 Time: 1.4863977000350133
Train loss: 0.6987401031376024 Val loss: 0.478862027619657 Time: 1.6241286000004038
Train loss: 0.691607793986595 Val loss: 0.47820870539322674 Time: 1.5700958000379615
Train loss: 0.6889919255450039 Val loss: 0.4780405260092419 Time: 1.7464960999786854
Train loss: 0.6822676713370095 Val loss: 0.4776828283808439 Time: 1.3433600999996997
Train loss: 0.680030703133526 Val loss: 0.477807738724148 Time: 1.701932099997066
Train loss: 0.6771383149549969 Val loss: 0.47747500287781347 Time: 1.725556899968069
Train loss: 0.6713766361231999 Val loss: 0.47726587084591493 Time: 1.497447400004603
Train loss: 0.6684432727068961 Val loss: 0.4773399731094635 Time: 1.6173375000362284
Train loss: 0.6650986502810383 Val loss: 0.47684709437105866 Time: 1.2702769999741577
Train loss: 0.6040157744175367 Val loss: 0.47645403882141213 Time: 1.715225299994927
Train loss: 0.5758391170852875 Val loss: 0.47648858576483794 Time: 1.1717989999451675
Train loss: 0.5552563223183171 Val loss: 0.4758572322973514 Time: 1.196262100012973
Train loss: 0.549195813360233 Val loss: 0.47586343699197087 Time: 1.5209388000075705
Train loss: 0.5456065767551337 Val loss: 0.47633289950064184 Time: 1.7929490000242367
Train loss: 0.5362965235340926 Val loss: 0.47590426202977937 Time: 1.3530929999542423
Train loss: 0.529600484126636 Val loss: 0.47589836625368626 Time: 1.7028052000096068
Train loss: 0.5241022871618866 Val loss: 0.47630277483372174 Time: 1.5697321000043303
Train loss: 0.521846244033453 Val loss: 0.4762050206284897 Time: 1.6440980000188574
Train loss: 0.515267653382466 Val loss: 0.47475787890102084 Time: 1.7015264999936335
Train loss: 0.525474395016829 Val loss: 0.4752253417785394 Time: 1.7301175999455154
Train loss: 0.5036555924146313 Val loss: 0.47490959140999084 Time: 1.604539800027851
Train loss: 0.49223384401008374 Val loss: 0.4749363644230835 Time: 1.6461790000321344
Train loss: 0.4856685755743797 Val loss: 0.47510071604103643 Time: 1.2319569999817759
Train loss: 0.4904075380896522 Val loss: 0.47520219236504685 Time: 1.5246709000202827
Train loss: 0.4811891635380938 Val loss: 0.4747787829996457 Time: 1.592020699987188
Train loss: 0.47238231660108454 Val loss: 0.47463804418665445 Time: 1.4750908000278287
Train loss: 0.4660676001638535 Val loss: 0.4743571005191085 Time: 1.4820121999946423
Train loss: 0.46371583981435394 Val loss: 0.47430774010828053 Time: 1.4343816000036895
Train loss: 0.4673013997089157 Val loss: 0.47488212238641386 Time: 1.5967418000218458
Train loss: 0.4620724763102899 Val loss: 0.4746310467387829 Time: 1.538644700020086
Train loss: 0.45258063702510065 Val loss: 0.47469769304510245 Time: 1.3696544999838807
Train loss: 0.4533217339293927 Val loss: 0.47470407683995225 Time: 1.314622199977748
Train loss: 0.4475750793346087 Val loss: 0.47424186184684375 Time: 1.200262299971655
Train loss: 0.4416933898021753 Val loss: 0.4740812112450442 Time: 1.288286800030619
Train loss: 0.4401294708894046 Val loss: 0.4736927499368828 Time: 1.3412137000123039
Train loss: 0.4375256411637878 Val loss: 0.47367219961977647 Time: 1.5203871999983676
Train loss: 0.43646703992175917 Val loss: 0.47363339836376694 Time: 1.2857244000188075
Train loss: 0.43277959788551446 Val loss: 0.47333883290277595 Time: 1.7207839000038803
Train loss: 0.4310990964813186 Val loss: 0.47349014321172395 Time: 1.7819371999939904
Train loss: 0.43400473416659224 Val loss: 0.4737243122432557 Time: 1.5799613000126556
Train loss: 0.43086336411396875 Val loss: 0.47381483807096647 Time: 1.3396157000097446
Train loss: 0.42367849340392727 Val loss: 0.4738025569079659 Time: 1.6861464999965392
Train loss: 0.4207023626907232 Val loss: 0.4735297547840416 Time: 1.430218799971044
Train loss: 0.4178154358485955 Val loss: 0.47338073556261545 Time: 1.6460001000086777
Train loss: 0.41601998362419224 Val loss: 0.47312353717169003 Time: 1.5189595999545418
Train loss: 0.4144903369392985 Val loss: 0.4732142515062955 Time: 1.7210786999785341
Train loss: 0.41249946717214314 Val loss: 0.472916174528881 Time: 1.9620129999821074
Train loss: 0.4146008002008301 Val loss: 0.4730121062789253 Time: 1.7624196999822743
Train loss: 0.4125839356586205 Val loss: 0.47345662275950956 Time: 1.8688433000352234
Train loss: 0.40533399359833133 Val loss: 0.47318561740703313 Time: 1.629836099979002
Train loss: 0.40252282414671114 Val loss: 0.47291759514344395 Time: 1.6173691999865696
Train loss: 0.4008397954249716 Val loss: 0.47281500721507363 Time: 1.8418042999692261
Train loss: 0.39869794374094525 Val loss: 0.47259706006687796 Time: 1.4118860000162385
Train loss: 0.39680327855373565 Val loss: 0.4723371863551772 Time: 1.7865649000159465
Train loss: 0.3961709546568528 Val loss: 0.47265174286994804 Time: 1.5857332999585196
Train loss: 0.3933278386850365 Val loss: 0.472488009448011 Time: 1.6789413999649696
Train loss: 0.390512229335199 Val loss: 0.4719583960151852 Time: 1.8163210999919102
Train loss: 0.38983471704947803 Val loss: 0.4721012207658793 Time: 1.804220299993176
Train loss: 0.3872586889672256 Val loss: 0.47166461362308304 Time: 1.64539150003111
Train loss: 0.38614059754030206 Val loss: 0.47163790803851696 Time: 1.6058176000369713
Train loss: 0.38488711647477913 Val loss: 0.47144571246480105 Time: 1.2202653999556787
Train loss: 0.38314185018189306 Val loss: 0.4712962621400759 Time: 1.8017542999587022
Train loss: 0.3817942262332412 Val loss: 0.4709785367265294 Time: 1.5150556999724358
Train loss: 0.39076675892241397 Val loss: 0.4715196568074781 Time: 1.8557643999811262
Train loss: 0.38114539135263215 Val loss: 0.47239291748623524 Time: 1.7040922000305727
Train loss: 0.3758083826842302 Val loss: 0.4726663254455945 Time: 1.2578226999612525
Train loss: 0.3723904295709026 Val loss: 0.47287951749153123 Time: 1.2840892000240274
Train loss: 0.37103163069210976 Val loss: 0.47304725127409053 Time: 1.5316561000072397
Train loss: 0.36954304586561926 Val loss: 0.4735029086591749 Time: 1.869211399985943
Train loss: 0.3702095089281485 Val loss: 0.47307625155570054 Time: 1.6879328999784775
Train loss: 0.3671945866910291 Val loss: 0.4736164223924666 Time: 1.6911857000086457
Train loss: 0.36607386588287927 Val loss: 0.4736874641139537 Time: 1.5655337999924086
Train loss: 0.3643052048571116 Val loss: 0.4739780827401022 Time: 1.8640112000284716
Train loss: 0.36448964054308064 Val loss: 0.4742700607429127 Time: 1.5615641999756917
Train loss: 0.3630398549527971 Val loss: 0.4742599973474488 Time: 1.6667201000382192
Train loss: 0.3619074840242007 Val loss: 0.4741416028810316 Time: 1.3945013000047766
Train loss: 0.3592607329070079 Val loss: 0.4750319945132125 Time: 1.6857182999956422
Train loss: 0.36170027872429433 Val loss: 0.47488895531782843 Time: 1.653245199995581
Train loss: 0.3583367129917048 Val loss: 0.4756099188790923 Time: 1.8210903000435792
Train loss: 0.35918678127621684 Val loss: 0.4749278876567905 Time: 1.598611900000833
Train loss: 0.35588013506364646 Val loss: 0.47640768094022773 Time: 1.6802095000166446
Train loss: 0.35648629068789717 Val loss: 0.47539217992100624 Time: 1.3334374999976717
Train loss: 0.3533149634804005 Val loss: 0.476148546363837 Time: 1.5505484999739565
Train loss: 0.3529097463951949 Val loss: 0.47556694470034805 Time: 1.9240093000116758
Train loss: 0.3508150602125397 Val loss: 0.476612019248072 Time: 1.3103882999857888
Train loss: 0.3521656725387796 Val loss: 0.47544501033754005 Time: 1.7530893000075594
Train loss: 0.3500043487441973 Val loss: 0.4765540279056617 Time: 1.7718062000349164
Train loss: 0.35004671241221885 Val loss: 0.47557239524339134 Time: 1.8185324000078253
Train loss: 0.3477137393406622 Val loss: 0.4770133725916339 Time: 1.5724585999851115
Train loss: 0.34896395290336457 Val loss: 0.47564222881528356 Time: 1.617473800026346
Train loss: 0.34660876031075816 Val loss: 0.47659754315769737 Time: 1.5632452999707311
Train loss: 0.3466389224058233 Val loss: 0.475540227849669 Time: 1.5640276999911293
Train loss: 0.3441819874116092 Val loss: 0.4770003083785803 Time: 1.5424460000358522
Train loss: 0.3448341996812143 Val loss: 0.4758391908926794 Time: 1.757228899979964
Train loss: 0.3437703832820773 Val loss: 0.47666903318228815 Time: 1.5813519999501295
Train loss: 0.34381515214714486 Val loss: 0.4756731644482468 Time: 1.7371933999820612
Train loss: 0.3413137555357464 Val loss: 0.47715356061368364 Time: 1.7462884999695234
Train loss: 0.3426163422184523 Val loss: 0.4760141146913273 Time: 1.6754444999969564
Train loss: 0.34096187909399944 Val loss: 0.4767391489067031 Time: 1.0251644999952987
Train loss: 0.34040491496917924 Val loss: 0.4759216455584883 Time: 0.9923099000006914
Train loss: 0.33822759199839014 Val loss: 0.47695607575333204 Time: 0.9081436000415124
Train loss: 0.3392974640292632 Val loss: 0.4763715524065795 Time: 0.841828299977351
Train loss: 0.3377208529107396 Val loss: 0.4764464576167249 Time: 0.9653860999969766
Train loss: 0.3368768112148217 Val loss: 0.4763166810397428 Time: 1.0058283999678679
Train loss: 0.3352266916830864 Val loss: 0.4770306724030839 Time: 1.052993300021626
Train loss: 0.3373001185349409 Val loss: 0.4767776845153918 Time: 0.99307280004723
Train loss: 0.3355176560476085 Val loss: 0.4768563454219529 Time: 0.9815164000028744
Train loss: 0.3346895946196007 Val loss: 0.4763825973289429 Time: 0.9966017000260763
Train loss: 0.3337201831142238 Val loss: 0.47769232885801344 Time: 0.9496254000114277
Train loss: 0.33508767813488394 Val loss: 0.4767847132603538 Time: 0.9254481999669224
Train loss: 0.3335499344595405 Val loss: 0.4771218256487326 Time: 0.8913117000483908
Train loss: 0.33066184012393873 Val loss: 0.47699527999111085 Time: 0.7743303999886848
Train loss: 0.3305327430651879 Val loss: 0.4774789975766736 Time: 0.7624185000313446
Train loss: 0.32949707109448134 Val loss: 0.4770994804586396 Time: 0.7868121999781579
Train loss: 0.3290991793970024 Val loss: 0.477223510974326 Time: 0.9009749999968335
Train loss: 0.3287603526856131 Val loss: 0.4776701784510029 Time: 0.8140939000295475
Train loss: 0.3292886954262615 Val loss: 0.4777806647212795 Time: 0.7919922000146471
Train loss: 0.3316832000428782 Val loss: 0.47674023727339115 Time: 0.7806016000104137
Train loss: 0.33795942651273947 Val loss: 0.47749567814162897 Time: 0.803211199992802
Complete
 Total time: 382.52311450004345