starting log for model: Q:\00- PROJECTS\Flu Forecasts\flu\flu\models\lstm_simple_22-23.pth
Train loss: 16.682476440864264 Val loss: 2.612972970076953 Time: 0.9829489000258036
Train loss: 16.04807260402393 Val loss: 2.5262164569209653 Time: 0.6101323000038974
Train loss: 15.075837060404517 Val loss: 2.4511227143466385 Time: 0.5361031999927945
Train loss: 15.411589754780266 Val loss: 2.4295800090330886 Time: 0.5257819000107702
Train loss: 15.208430198975492 Val loss: 2.4064755323688587 Time: 0.7289343000156805
Train loss: 15.110287795119348 Val loss: 2.3664521862099264 Time: 0.7279315000050701
Train loss: 14.07165733710832 Val loss: 2.262971952677617 Time: 0.5754020999884233
Train loss: 13.832837032869065 Val loss: 2.1643067812692607 Time: 0.513955900009023
Train loss: 13.338948220526163 Val loss: 2.0513832836841175 Time: 0.5339019000239205
Train loss: 12.330845031713807 Val loss: 1.9350960605952423 Time: 0.5394437999930233
Train loss: 11.16983471989073 Val loss: 1.8207547093479661 Time: 0.5109520000114571
Train loss: 11.523956183509762 Val loss: 1.7517423561230316 Time: 1.2657173000043258
Train loss: 11.333303524959433 Val loss: 1.687109530226735 Time: 0.9888055000046734
Train loss: 10.413907527639083 Val loss: 1.6197945436724694 Time: 1.1139151999959722
Train loss: 9.158388230256126 Val loss: 1.5500750748324208 Time: 1.1527592000202276
Train loss: 9.722885811659431 Val loss: 1.5131732692825608 Time: 0.9925885999982711
Train loss: 10.081247114087745 Val loss: 1.4854035879252478 Time: 1.143895799992606
Train loss: 8.571019182605212 Val loss: 1.4408495080424473 Time: 1.0716002999979537
Train loss: 9.79723024131653 Val loss: 1.4198232489870861 Time: 1.0467408999975305
Train loss: 8.745308583859071 Val loss: 1.3872297230991535 Time: 0.9894933000032324
Train loss: 8.132416561375052 Val loss: 1.3589026749541517 Time: 0.9224128000205383
Train loss: 9.188615920256083 Val loss: 1.3482899527880363 Time: 0.986935299995821
Train loss: 6.9146029428210625 Val loss: 1.317061891189951 Time: 0.9212612000119407
Train loss: 8.753555025564278 Val loss: 1.3113653218897525 Time: 1.0357278999872506
Train loss: 8.299246148134813 Val loss: 1.2924384524503694 Time: 1.397575200011488
Train loss: 7.8516036982342525 Val loss: 1.2893425172978823 Time: 0.6190203999867663
Train loss: 7.901249240257544 Val loss: 1.2781483041740103 Time: 0.4479812000063248
Train loss: 7.667329431865131 Val loss: 1.2704167033061822 Time: 0.4260114000062458
Train loss: 8.403898943461915 Val loss: 1.2641093430102046 Time: 0.42334360000677407
Train loss: 7.476873652533527 Val loss: 1.2569334103172878 Time: 0.4256026999792084
Train loss: 6.256454692469113 Val loss: 1.2447430048778187 Time: 0.44405220000771806
Train loss: 7.121831586781464 Val loss: 1.23280150667415 Time: 0.42054819999611937
Train loss: 7.801024897453452 Val loss: 1.2277207208098844 Time: 0.5064414000080433
Train loss: 7.423876805984319 Val loss: 1.2188582015223801 Time: 0.4357395999832079
Train loss: 8.226826409152487 Val loss: 1.2144778897345532 Time: 0.43464620001032017
Train loss: 8.85852773705246 Val loss: 1.2116789522697218 Time: 0.41531510002096184
Train loss: 7.038355697760121 Val loss: 1.2056564897648059 Time: 0.43751930000144057
Train loss: 8.700849234995205 Val loss: 1.2045903653488494 Time: 0.5462035999807995
Train loss: 7.621813622921305 Val loss: 1.1986397437285632 Time: 0.4424793999933172
Train loss: 8.215413543399734 Val loss: 1.1998447544465307 Time: 0.46323679998749867
Shrinking learning rate to 1e-05
Train loss: 6.149502210920663 Val loss: 1.24350298839272 Time: 1.7462261999899056
Train loss: 6.960863324018872 Val loss: 1.2431811030837707 Time: 0.4064306999789551
Train loss: 7.278565197682653 Val loss: 1.242544574313797 Time: 0.41742230000090785
Train loss: 8.694794305361182 Val loss: 1.2422694250708446 Time: 0.41589720000047237
Train loss: 8.186190706844968 Val loss: 1.2418101147632115 Time: 0.40779379999730736
Train loss: 7.498689897974664 Val loss: 1.2408406821778044 Time: 0.4027938999934122
Train loss: 7.025645259153544 Val loss: 1.2395557097624987 Time: 0.4219835000112653
Train loss: 7.485204888788417 Val loss: 1.2389745579857845 Time: 0.4165185999881942
Train loss: 7.365087932616587 Val loss: 1.2383604008937255 Time: 0.4157536000129767
Train loss: 8.27336548433059 Val loss: 1.2378453045675997 Time: 0.4178290000127163
Shrinking learning rate to 1.0000000000000002e-06
Train loss: 7.653086023307027 Val loss: 1.2434009817661718 Time: 1.776542800012976
Train loss: 8.268984743679047 Val loss: 1.243412337906193 Time: 0.42661759999464266
Train loss: 8.395664883650436 Val loss: 1.2433083957294002 Time: 0.41095239997957833
Train loss: 7.808086674671928 Val loss: 1.2432637707388494 Time: 0.4057674999930896
Train loss: 9.118224233505664 Val loss: 1.2431975035578944 Time: 0.4205214999965392
Train loss: 7.412523896708848 Val loss: 1.2430181901727337 Time: 0.42761260000406764
Train loss: 7.345944059150227 Val loss: 1.2429725037363824 Time: 0.4217763000051491
Train loss: 7.54747672453118 Val loss: 1.2429601080657449 Time: 0.43573040000046603
Train loss: 9.210837403607023 Val loss: 1.2429088921053335 Time: 0.577436099993065
Train loss: 7.568429059719776 Val loss: 1.2428726451762486 Time: 0.4208031000162009
Shrinking learning rate to 1.0000000000000002e-07
Learning rate getting small
Complete
 Total time: 108.18407330001355