starting log for model: C:\Users\christopher.johnson\Documents\lstm_lin1_new_22-23.pth
Train loss: 14.803203291558585 Val loss: 1.7087993613594563 Time: 0.8374174000000494
Train loss: 14.231719914934018 Val loss: 1.6636014541997912 Time: 0.7828787999987981
Train loss: 14.220062899884311 Val loss: 1.6180609860289847 Time: 0.7584459999998217
Train loss: 14.148130801280473 Val loss: 1.6121274719217003 Time: 0.7977366000013717
Train loss: 14.208642977912 Val loss: 1.6627093696832504 Time: 0.7833850999995775
Train loss: 14.13490039385863 Val loss: 1.6352828410443339 Time: 0.7715170000010403
Train loss: 13.981629452910283 Val loss: 1.5961318661967423 Time: 0.8209296000004542
Train loss: 13.51546525396671 Val loss: 1.5454986388177758 Time: 0.7706171999998332
Train loss: 11.480205202191534 Val loss: 1.3302833836531394 Time: 0.8715353000006871
Train loss: 8.453344882147832 Val loss: 1.0075335085436383 Time: 1.6235098999986803
Train loss: 6.860989119576747 Val loss: 0.8350254169025952 Time: 1.101352699999552
Train loss: 6.64507428943125 Val loss: 0.810664621434687 Time: 0.8499998999996023
Train loss: 6.377331875566616 Val loss: 0.7717569238272007 Time: 0.9007870999994338
Train loss: 6.234012118208492 Val loss: 0.7566964111180653 Time: 0.7567407000005915
Train loss: 6.209846438974598 Val loss: 0.7535680333140091 Time: 0.7908734999982698
Train loss: 6.091824205421261 Val loss: 0.7398810940155932 Time: 0.7670360000010987
Train loss: 6.099227302103337 Val loss: 0.7374742004729546 Time: 0.7660821000008582
Train loss: 5.795355838958802 Val loss: 0.7079897042127825 Time: 0.7730526000013924
Train loss: 6.195698511738333 Val loss: 0.7415558721430465 Time: 0.7684738000007201
Train loss: 5.963325544713712 Val loss: 0.7174331971446832 Time: 0.7722104000004038
Train loss: 5.684494193500868 Val loss: 0.6895624644774677 Time: 0.7633659000002808
Train loss: 5.911403276567889 Val loss: 0.7111582872832573 Time: 0.7785572999982833
Train loss: 5.665120841414311 Val loss: 0.687616455409614 Time: 0.8187895999999455
Train loss: 5.473385978879762 Val loss: 0.6628547782181635 Time: 0.7885922000004939
Train loss: 5.4705265384410104 Val loss: 0.6687130299068536 Time: 0.7446550000004208
Train loss: 5.354626786623547 Val loss: 0.6525975858999882 Time: 0.7675386999999319
Train loss: 5.438535988533074 Val loss: 0.6624034417780928 Time: 0.7687587999989773
Train loss: 5.146248185387094 Val loss: 0.6306699661714378 Time: 0.7559485999991011
Train loss: 5.159613377637566 Val loss: 0.6313463025998944 Time: 0.7720059999992372
Train loss: 4.985077769949498 Val loss: 0.6125477750219709 Time: 0.743224800000462
Train loss: 4.9716541132455845 Val loss: 0.6099374449381482 Time: 0.8122650999994221
Train loss: 4.911851505980788 Val loss: 0.6057906825429203 Time: 0.8261633000001893
Train loss: 4.687506101785012 Val loss: 0.5783337270085842 Time: 0.8344949000002089
Train loss: 4.579195477310364 Val loss: 0.5708516191083891 Time: 0.7705352999983006
Train loss: 4.546297759393859 Val loss: 0.569232377203538 Time: 0.7759886000003462
Train loss: 4.507302451634352 Val loss: 0.5516173744761915 Time: 0.7595433000005869
Train loss: 4.5247527430934955 Val loss: 0.5451410563118507 Time: 0.7500297000005958
Train loss: 4.154744751331151 Val loss: 0.5102555980841283 Time: 0.7471703000010166
Train loss: 4.106580919374608 Val loss: 0.4998270063435543 Time: 0.7703078999984427
Train loss: 4.033791690744877 Val loss: 0.4912342893250657 Time: 0.7826553000013519
Train loss: 3.816069834644253 Val loss: 0.4672264416114694 Time: 0.7785449999992125
Train loss: 3.780548626942224 Val loss: 0.46241219986967846 Time: 0.7632807000009052
Train loss: 3.709884458805078 Val loss: 0.44827709291031337 Time: 0.7534958999985975
Train loss: 3.503914057609933 Val loss: 0.42127712793376554 Time: 0.8279645000002347
Train loss: 3.3804042255364593 Val loss: 0.4181927874226897 Time: 0.7834817000002658
Train loss: 3.5032127406544875 Val loss: 0.40577029983178986 Time: 0.7779645000009623
Train loss: 3.343334428900536 Val loss: 0.39695540110195304 Time: 0.7869190999990678
Train loss: 3.2595913240848944 Val loss: 0.3722019918958085 Time: 0.8033898000012414
Train loss: 3.040732361332074 Val loss: 0.3495833580583512 Time: 0.7491086999998515
Train loss: 2.7626124322480408 Val loss: 0.3151765175120634 Time: 0.7621161000006396
Train loss: 2.825575614275807 Val loss: 0.3131583250155066 Time: 0.7817221999994217
Train loss: 2.743248022416352 Val loss: 0.30975734463810123 Time: 0.7646832999998878
Train loss: 2.536945481138382 Val loss: 0.28335271558593994 Time: 0.7748417000002519
Train loss: 2.553513480280831 Val loss: 0.2895893903911437 Time: 0.7835445999990043
Train loss: 2.565812441709162 Val loss: 0.281927416303727 Time: 0.7621892000006483
Train loss: 2.4268526478191355 Val loss: 0.26933267147224565 Time: 0.7693460999998933
Train loss: 2.324847188339154 Val loss: 0.2598684056938335 Time: 0.7801686000002519
Train loss: 2.3267026347584334 Val loss: 0.2568284325228901 Time: 0.7591917000008834
Train loss: 2.3822362696731867 Val loss: 0.2659447587820158 Time: 0.7692709000002651
Train loss: 2.187364552139769 Val loss: 0.24192963486961996 Time: 0.7917801999992662
Train loss: 2.132728676855237 Val loss: 0.237330149195997 Time: 0.7979331000005914
Train loss: 2.2663589747465025 Val loss: 0.2502705763384781 Time: 0.7837254999994911
Train loss: 2.1790583096647573 Val loss: 0.25006050441997224 Time: 0.763820800000758
Train loss: 1.9661538903369742 Val loss: 0.22366818780043188 Time: 0.7800905000003695
Train loss: 1.9323507848899784 Val loss: 0.22105115309043943 Time: 0.7760784000001877
Train loss: 1.956904474446203 Val loss: 0.22264173184830113 Time: 0.7706690000013623
Train loss: 2.1854696043825115 Val loss: 0.2468059344087686 Time: 0.762831100000767
Train loss: 2.049947656219196 Val loss: 0.234167308433003 Time: 0.7657188999983191
Train loss: 1.964025861534111 Val loss: 0.23285285523683877 Time: 0.7847672999996576
Train loss: 1.9102510423894756 Val loss: 0.2209535013511096 Time: 0.7595047999984672
Train loss: 1.8364192506243455 Val loss: 0.21178428160098212 Time: 0.830471999999645
Train loss: 2.0346552137884375 Val loss: 0.2386191102819551 Time: 0.7700260000001435
Train loss: 1.7973940513786175 Val loss: 0.2132884487535789 Time: 0.7968504000000394
Train loss: 1.9845996754838922 Val loss: 0.22637967498646414 Time: 0.7489974999989499
Train loss: 1.7353258349001237 Val loss: 0.21481513956040635 Time: 0.7677214000013919
Train loss: 1.9028560034159838 Val loss: 0.22621499580388962 Time: 0.765305899998566
Train loss: 1.8334175944045725 Val loss: 0.21321736896273843 Time: 0.7708290999999008
Train loss: 1.8962716274158133 Val loss: 0.22222058008843917 Time: 0.7707585000007384
Train loss: 1.7970618337522808 Val loss: 0.23740744883142686 Time: 0.7664444000001822
Train loss: 1.7783925292231402 Val loss: 0.2082254786182143 Time: 0.7638972000004287
Train loss: 1.74003099661239 Val loss: 0.2208967089824996 Time: 0.7954257000001235
Train loss: 1.9179216786122737 Val loss: 0.22836408549824427 Time: 0.792927000000418
Train loss: 1.6194365392317458 Val loss: 0.20455907955020766 Time: 0.8027970000002824
Train loss: 1.6305029601196992 Val loss: 0.20617153932686497 Time: 0.7926539000000048
Train loss: 1.618612493293739 Val loss: 0.19436252131602527 Time: 0.7722860000012588
Train loss: 1.5514718086503763 Val loss: 0.2039919330728194 Time: 0.7590287999992142
Train loss: 1.736206949821172 Val loss: 0.2046161020673391 Time: 0.84653199999957
Train loss: 1.5195486412933974 Val loss: 0.20038698484415976 Time: 0.7661037000016222
Train loss: 1.521161166438203 Val loss: 0.18467377161031193 Time: 0.78391080000074
Train loss: 1.4675572941575439 Val loss: 0.1882105278748259 Time: 0.7977491000001464
Train loss: 1.503548008842949 Val loss: 0.1961142164915813 Time: 0.7592894999997952
Train loss: 1.4180801182918987 Val loss: 0.18730537452706464 Time: 0.7636865999993461
Train loss: 1.306818941186504 Val loss: 0.18122651527768865 Time: 0.7679929000005359
Train loss: 1.4485795048885564 Val loss: 0.17666648337207974 Time: 0.7608553999998549
Train loss: 1.271700898802294 Val loss: 0.1919063875471461 Time: 0.802037499999642
Train loss: 1.5053725505791533 Val loss: 0.18826248418711103 Time: 0.7686524000000645
Train loss: 1.5181992451363158 Val loss: 0.19390262346772813 Time: 0.7981377000014618
Train loss: 1.3590994621143864 Val loss: 0.1834804476901385 Time: 0.7627775000000838
Train loss: 1.3303907248460902 Val loss: 0.17246221412359436 Time: 0.7793954000007943
Train loss: 1.3330489367038751 Val loss: 0.17126298382591917 Time: 0.81683300000077
Train loss: 1.257045291883074 Val loss: 0.17081943808003738 Time: 0.7854287999998633
Train loss: 1.2989900520559594 Val loss: 0.1804594389097364 Time: 0.7841936999993777
Train loss: 1.2192435956540706 Val loss: 0.16128056715171887 Time: 0.7665665999993507
Train loss: 1.218226155950589 Val loss: 0.1610810704944503 Time: 0.7761948999996093
Train loss: 1.1813378720797516 Val loss: 0.1577585447987498 Time: 0.7773378000001685
Train loss: 1.5371978250862242 Val loss: 0.18925076804234106 Time: 0.8062780999989627
Train loss: 1.227974926753845 Val loss: 0.17962471898859708 Time: 0.7756549999994604
Train loss: 1.1941061366383892 Val loss: 0.15929161194100014 Time: 0.8080599999993865
Train loss: 1.184875742602614 Val loss: 0.16819296249771615 Time: 0.7783070999994379
Train loss: 1.1510395111283174 Val loss: 0.16912745279503 Time: 0.772482399999717
Train loss: 1.2399841555071163 Val loss: 0.172158054051938 Time: 0.7958595000000059
Train loss: 1.1809155672082738 Val loss: 0.12547047558956057 Time: 0.7573529000001145
Train loss: 1.2869155161117485 Val loss: 0.13249001038653066 Time: 0.764522899999065
Train loss: 1.1079607791572528 Val loss: 0.12397764984522054 Time: 0.8066139999991719
Train loss: 1.0916608904364011 Val loss: 0.128082134797517 Time: 0.8703972000002977
Train loss: 1.0529908552774003 Val loss: 0.12893916212984308 Time: 0.8098551000002772
Train loss: 1.1218179989977557 Val loss: 0.13420576158310354 Time: 0.8201868999985891
Train loss: 1.4612152433869596 Val loss: 0.14786312049962366 Time: 0.8617618000007496
Train loss: 0.9874073123108076 Val loss: 0.11354584054386585 Time: 0.8805587000006199
Train loss: 0.9852354559149683 Val loss: 0.10117429214639048 Time: 0.9161227999993571
Train loss: 1.0378846644234998 Val loss: 0.11473187135304921 Time: 0.885075300000608
Train loss: 0.9664464700143185 Val loss: 0.11253316717193303 Time: 0.8363933999989968
Train loss: 1.131585050159213 Val loss: 0.11398287222079781 Time: 0.7858168999991904
Train loss: 0.9266988131422167 Val loss: 0.09268336896388732 Time: 0.775473100000454
Train loss: 0.9821244382380883 Val loss: 0.1297120483214813 Time: 0.7670264999997016
Train loss: 1.1592675030518436 Val loss: 0.1209748190815599 Time: 0.7850273999993078
Train loss: 1.080532601404684 Val loss: 0.12705248824097698 Time: 0.8045502999993914
Train loss: 1.127774203737773 Val loss: 0.11997568664237315 Time: 0.7796868999994331
Train loss: 1.0014134345117647 Val loss: 0.12959790178693595 Time: 0.7877265000006446
Train loss: 0.9785321692096645 Val loss: 0.12587380631791126 Time: 0.7923996999998053
Train loss: 1.1039947271716883 Val loss: 0.1359276752382892 Time: 0.8137027000011585
Train loss: 1.0384421680072153 Val loss: 0.11330288193559718 Time: 0.823790899999949
Train loss: 1.0840327480983527 Val loss: 0.1149946535303738 Time: 0.776777499999298
Shrinking learning rate to 1e-05
Train loss: 1.1715426321856057 Val loss: 0.11783070622726195 Time: 0.778443100000004
Train loss: 1.1128498493239363 Val loss: 0.1135332104872586 Time: 0.7917408000012074
Train loss: 1.0589945096814262 Val loss: 0.11003274335783397 Time: 0.7702804000000469
Train loss: 1.0927363228352114 Val loss: 0.1144119391017772 Time: 0.7637882999988506
Train loss: 0.9209294459861299 Val loss: 0.1000168651166747 Time: 0.7458588999998028
Train loss: 1.054642702313064 Val loss: 0.11435305550997818 Time: 0.7828047000002698
Train loss: 1.0451456090069087 Val loss: 0.11562220277979235 Time: 0.792045499998494
Train loss: 0.980183660518108 Val loss: 0.11040196520396243 Time: 0.7548361999997724
Train loss: 1.0336721134915479 Val loss: 0.11331811419372416 Time: 0.7409894999982498
Train loss: 0.9794852651478456 Val loss: 0.1133607628794648 Time: 0.755877600000531
Train loss: 0.9856290334511328 Val loss: 0.11143891636196424 Time: 0.7398904999990918
Train loss: 1.070776400285574 Val loss: 0.1195680613029733 Time: 0.7560059000006731
Train loss: 1.1154392219451665 Val loss: 0.12195467841014307 Time: 0.7825740999996924
Train loss: 0.9581623588622961 Val loss: 0.10990126556340375 Time: 0.7781702000011137
Shrinking learning rate to 1.0000000000000002e-06
Train loss: 0.9540355612476582 Val loss: 0.10302076971519987 Time: 0.7478788000007626
Train loss: 1.0231133494739737 Val loss: 0.10921387570135764 Time: 0.775811599998633
Train loss: 1.1054881435013764 Val loss: 0.11691056671251646 Time: 0.7387903000017104
Train loss: 1.0750393202229738 Val loss: 0.11436595743894314 Time: 0.7500349999991158
Train loss: 1.0262904768155696 Val loss: 0.1098094959314661 Time: 0.7327967000001081
Train loss: 1.1599543399161405 Val loss: 0.12224332588828447 Time: 0.7290042000004178
Train loss: 1.0385438994007061 Val loss: 0.1108867773525795 Time: 0.7332891999994899
Train loss: 1.0187491803003894 Val loss: 0.10914666913540375 Time: 0.7561007999993308
Train loss: 1.0488310375274779 Val loss: 0.11217431407385427 Time: 0.75850360000004
Train loss: 0.9895180612579466 Val loss: 0.10673680059797865 Time: 0.7688576000000467
Shrinking learning rate to 1.0000000000000002e-07
Learning rate getting small
Complete
 Total time: 124.4132410000002