starting log for model: C:\Users\christopher.johnson\Documents\GitHub\flu\lstm_real_cnn_drop.pth
Train loss: 19.152815427236106 Val loss: 2.3301576151188783 Time: 1.0482829000102356
Train loss: 14.888420195727434 Val loss: 2.1722098881436978 Time: 1.2133907000534236
Train loss: 13.59560947270299 Val loss: 2.0030254245211836 Time: 1.1247618000488728
Train loss: 11.050740646704472 Val loss: 1.54279572784435 Time: 1.179772699950263
Train loss: 7.4088620223618005 Val loss: 1.3041773129662033 Time: 0.9708297000033781
Train loss: 6.755814331195477 Val loss: 1.3023459475953132 Time: 0.9465882000513375
Train loss: 6.650160035883307 Val loss: 1.288109127606731 Time: 0.9648841000162065
Train loss: 6.548867545201617 Val loss: 1.2476086715760175 Time: 0.9751635000575334
Train loss: 6.4766492973721785 Val loss: 1.2231100527278613 Time: 0.9799606000306085
Train loss: 7.129287925650526 Val loss: 1.2031275394401746 Time: 0.9644276000326499
Train loss: 6.295903335682603 Val loss: 1.1891518394986633 Time: 0.9721162999048829
Train loss: 6.1702235422658305 Val loss: 1.203986725791765 Time: 0.993319800007157
Train loss: 6.105948505937292 Val loss: 1.2061660862527788 Time: 0.9885826000245288
Train loss: 6.424864450499356 Val loss: 1.2217732178105507 Time: 0.9610005000140518
Train loss: 6.037285749168545 Val loss: 1.2224520576419309 Time: 0.9809906999580562
Train loss: 5.956912204259606 Val loss: 1.206085962785437 Time: 1.0229779999936
Train loss: 6.323681533812891 Val loss: 1.2386619182361756 Time: 1.1965189999900758
Train loss: 5.972106375962006 Val loss: 1.1911649166931966 Time: 1.2149210999486968
Train loss: 5.820688260791826 Val loss: 1.135818375798408 Time: 1.0794344999594614
Train loss: 6.0331914286360675 Val loss: 1.1898685326632403 Time: 0.9440412999829277
Train loss: 5.80175954178897 Val loss: 1.1584028349202526 Time: 0.9574223000090569
Train loss: 5.876547932276651 Val loss: 1.1870752390177586 Time: 0.9657502999762073
Train loss: 5.462244948113007 Val loss: 1.1624450957932595 Time: 0.9649011000292376
Train loss: 5.524373734417052 Val loss: 1.2081543128933845 Time: 0.9440947999246418
Train loss: 5.9817570733089145 Val loss: 1.1684478894849235 Time: 0.9740563000086695
Train loss: 5.453141142536875 Val loss: 1.147078118970967 Time: 0.9763758000917733
Train loss: 5.599754358130716 Val loss: 1.123057754317415 Time: 0.9738743000198156
Train loss: 5.070922466915335 Val loss: 1.161908222737111 Time: 0.9710686999605969
Train loss: 5.438346298761006 Val loss: 1.1077073207488866 Time: 0.9958086999831721
Train loss: 4.9733181862698554 Val loss: 1.0913421212826506 Time: 0.9679737000260502
Train loss: 5.433951033720768 Val loss: 1.0927880742528941 Time: 0.9533936999505386
Train loss: 4.90394061899655 Val loss: 1.0519576061342377 Time: 0.968995500006713
Train loss: 5.0795809114646016 Val loss: 0.9880077483830974 Time: 0.9797682000789791
Train loss: 4.656912282497878 Val loss: 1.0684872927085962 Time: 0.9808558999793604
Train loss: 4.366940342493234 Val loss: 1.007156658655731 Time: 0.9577391999773681
Train loss: 4.72574741115454 Val loss: 1.0061763417033944 Time: 0.9627745000179857
Train loss: 4.2627122571627085 Val loss: 1.0075932603067486 Time: 0.9860676999669522
Train loss: 4.766707171399142 Val loss: 0.9573756598983891 Time: 0.9893410999793559
Train loss: 4.484897740609684 Val loss: 0.9430427216138924 Time: 0.9737763999728486
Train loss: 4.158291148075959 Val loss: 0.8821201318060048 Time: 0.9851883000228554
Train loss: 3.8305081072115374 Val loss: 0.8333580014295876 Time: 0.9544960999628529
Train loss: 4.129865121083862 Val loss: 0.8817848202306777 Time: 0.951517799985595
Train loss: 3.4263927928558657 Val loss: 0.8227136348723434 Time: 0.9749776000389829
Train loss: 3.6303921658035687 Val loss: 0.7352770515717566 Time: 0.9856256999773905
Train loss: 3.5090068940621055 Val loss: 0.7304503599880263 Time: 0.9888618999393657
Train loss: 3.1428005871323745 Val loss: 0.7806063762545818 Time: 1.0098210000433028
Train loss: 3.0577513472881908 Val loss: 0.6775432178692427 Time: 1.16690309997648
Train loss: 3.2287278013989704 Val loss: 0.7241539693040977 Time: 1.163432100089267
Train loss: 3.1198581688771534 Val loss: 0.7799387971346761 Time: 1.0854702000506222
Train loss: 3.178096777227054 Val loss: 0.7367233900222345 Time: 1.1634526000125334
Train loss: 2.8628706342988606 Val loss: 0.6156829332467169 Time: 1.0884035000344738
Train loss: 2.86282252006205 Val loss: 0.5380615962203592 Time: 1.1103683999972418
Train loss: 2.772833155502082 Val loss: 0.7001336403918685 Time: 1.1787046999670565
Train loss: 2.8641975226167604 Val loss: 0.6193070312292548 Time: 0.9633590000448748
Train loss: 2.5994408348107685 Val loss: 0.6415872594188841 Time: 0.9640663999598473
Train loss: 2.934808034958709 Val loss: 0.6585364672791911 Time: 1.0340746999718249
Train loss: 2.897806646669981 Val loss: 0.6500185085733392 Time: 1.1047318000346422
Train loss: 2.548365853012495 Val loss: 0.6068311205781356 Time: 0.9754832000471652
Train loss: 2.6512985474173236 Val loss: 0.6467234219689999 Time: 0.9834737000055611
Train loss: 2.3672974423673097 Val loss: 0.6266616351604171 Time: 0.9551162000279874
Train loss: 2.4712425393174846 Val loss: 0.6068186878302413 Time: 0.9614148999098688
Train loss: 2.4382964343860616 Val loss: 0.5647052108670323 Time: 0.9834297000197694
Train loss: 2.3177354374715473 Val loss: 0.5280479284265311 Time: 0.9661525000119582
Train loss: 2.119583269576786 Val loss: 0.6227527823757555 Time: 0.9590614000335336
Train loss: 2.282166895968195 Val loss: 0.6868576223205309 Time: 0.9522820999845862
Train loss: 2.3224112577958587 Val loss: 0.5269545537553313 Time: 0.9905586000531912
Train loss: 2.5640098765777917 Val loss: 0.6209267123194877 Time: 0.9902421999722719
Train loss: 2.0777740967959133 Val loss: 0.5902710234577171 Time: 0.9727540999883786
Train loss: 2.2270491564290653 Val loss: 0.6698175763667678 Time: 0.9522366999881342
Train loss: 2.25559256615312 Val loss: 0.517164729445085 Time: 0.9735348999965936
Train loss: 1.8279931691244122 Val loss: 0.46079019363052964 Time: 0.9911260999506339
Train loss: 2.1428058672638053 Val loss: 0.5825419493703521 Time: 0.9902521000476554
Train loss: 1.9164004117944957 Val loss: 0.4048833940469194 Time: 0.9432241000467911
Train loss: 2.275494860155039 Val loss: 0.388297357596457 Time: 0.9654773999936879
Train loss: 2.0697759782060627 Val loss: 0.48757798659153195 Time: 0.9609719000291079
Train loss: 1.9487801650020584 Val loss: 0.5652726808111765 Time: 0.9769237999571487
Train loss: 1.7828138094203378 Val loss: 0.3862617745762691 Time: 0.9831673000007868
Train loss: 2.068195309261603 Val loss: 0.5039624338423891 Time: 0.978999299928546
Train loss: 1.69039706478309 Val loss: 0.6144287313272798 Time: 0.9766610999358818
Train loss: 1.9075093447247469 Val loss: 0.3887527342303656 Time: 0.9953579000430182
Train loss: 1.7325826375998223 Val loss: 0.4176772038968011 Time: 0.9897376999724656
Train loss: 1.7070179610085248 Val loss: 0.4218936005070191 Time: 1.0210296999430284
Train loss: 1.8679166927747677 Val loss: 0.438676531177407 Time: 1.2767212999751791
Train loss: 1.795595288263824 Val loss: 0.44095751802888117 Time: 0.9853898000437766
Train loss: 1.5684793218040922 Val loss: 0.46050833337721997 Time: 0.9688622000394389
Train loss: 1.5912050992739846 Val loss: 0.39303617678282876 Time: 0.9543604999780655
Train loss: 1.6411519853956325 Val loss: 0.3517190103389112 Time: 0.9555854999925941
Train loss: 1.4324825551176419 Val loss: 0.5480162188105169 Time: 1.0036718999035656
Train loss: 1.6141785579371644 Val loss: 0.37098079527481786 Time: 1.304247200023383
Train loss: 1.464030497739765 Val loss: 0.44893393927486613 Time: 1.11349700007122
Train loss: 1.6798224498509944 Val loss: 0.3759283996769227 Time: 1.2399271000176668
Train loss: 1.3435446172017604 Val loss: 0.4143775420197926 Time: 1.1145645999349654
Train loss: 1.3983583416668024 Val loss: 0.45326424286758993 Time: 0.9997652999591082
Train loss: 1.6193461606379684 Val loss: 0.3356364809750403 Time: 1.102474999963306
Train loss: 1.393056974757898 Val loss: 0.32388335873838514 Time: 0.9702596000861377
Train loss: 1.680223781426736 Val loss: 0.32004707174928626 Time: 1.006691199960187
Train loss: 1.5839636918234377 Val loss: 0.3467919398653976 Time: 0.9975690999999642
Train loss: 1.4704546919732688 Val loss: 0.38963537094241474 Time: 1.18311680003535
Train loss: 1.3627908176515475 Val loss: 0.3969278976219357 Time: 1.1429374000290409
Train loss: 1.4276320506483267 Val loss: 0.3440791280736448 Time: 1.0721472000004724
Train loss: 1.4155341095785618 Val loss: 0.293432280421257 Time: 1.2192171999486163
Shrinking learning rate to 1e-05
Train loss: 1.4056038290544117 Val loss: 0.40518968590549775 Time: 1.0901995999738574
Train loss: 1.3176314371117694 Val loss: 0.3854262167017737 Time: 1.1150556999491528
Train loss: 1.3376737779439063 Val loss: 0.40025332440200145 Time: 1.1051460000453517
Train loss: 1.3160103847454276 Val loss: 0.4178965774117387 Time: 0.9720440999371931
Train loss: 1.2465531096240259 Val loss: 0.39943128622689983 Time: 0.9509549000067636
Train loss: 1.3399757505557401 Val loss: 0.40448586037382483 Time: 0.9317972999997437
Train loss: 1.4944895222769683 Val loss: 0.4132807050264091 Time: 0.945728600025177
Train loss: 1.3941720838142266 Val loss: 0.4070645853935275 Time: 0.9675742000108585
Train loss: 1.402680557112277 Val loss: 0.4072019503964839 Time: 0.9155967999249697
Train loss: 1.3659406511565435 Val loss: 0.39809413596822196 Time: 0.9908926000352949
Train loss: 1.344705688754133 Val loss: 0.407785664484436 Time: 0.9708777000196278
Train loss: 1.3594123526425137 Val loss: 0.42123244552203687 Time: 0.9953817999921739
Train loss: 1.3873117443909209 Val loss: 0.4031669294618041 Time: 1.0113296000054106
Train loss: 1.5445043614541083 Val loss: 0.4047767053452844 Time: 1.2231112000299618
Shrinking learning rate to 1.0000000000000002e-06
Train loss: 1.3165532503765944 Val loss: 0.40045638241645065 Time: 1.177227099891752
Train loss: 1.312844363643669 Val loss: 0.4033541426397278 Time: 1.2451594000449404
Train loss: 1.420176173041098 Val loss: 0.40399795527991955 Time: 1.1444258999545127
Train loss: 1.4510937070274932 Val loss: 0.4068906541688193 Time: 1.1120781999779865
Train loss: 1.4620482317921164 Val loss: 0.4102099646552233 Time: 1.2618756000883877
Train loss: 1.3670563953661123 Val loss: 0.40951509660226293 Time: 1.0838131000055
Train loss: 1.2876394989891329 Val loss: 0.4090202570769179 Time: 1.1084946000482887
Train loss: 1.2505387812064832 Val loss: 0.4076109708948934 Time: 1.454588699969463
Train loss: 1.3936812626458264 Val loss: 0.40691104079814977 Time: 1.8704372000647709
Train loss: 1.3702049749010554 Val loss: 0.4089233045197034 Time: 1.3432350000366569
Shrinking learning rate to 1.0000000000000002e-07
Learning rate getting small
Complete
 Total time: 130.33426570007578