starting log for model: C:\Users\christopher.johnson\Documents\GitHub\flu\lstm_cnn_drop_2019_usa.pth
Train loss: 11.765327263730654 Val loss: 0.2862035023572389 Time: 0.585084400139749
Train loss: 10.31982884900026 Val loss: 0.1465256328228861 Time: 0.5990112000145018
Train loss: 7.499191845085392 Val loss: 0.17418687045028491 Time: 0.6380489999428391
Train loss: 6.174028260381178 Val loss: 0.24593417640699045 Time: 0.5579715999774635
Train loss: 5.790576833884934 Val loss: 0.296100223146631 Time: 0.598212799988687
Train loss: 5.709091936230724 Val loss: 0.36167851321694666 Time: 0.5871325999032706
Train loss: 5.1865977003905 Val loss: 0.4446718225103723 Time: 0.5892366000916809
Train loss: 5.0963107756093216 Val loss: 0.5153225587785073 Time: 0.6288205001037568
Train loss: 5.260498035213999 Val loss: 0.6000742238068142 Time: 0.5959574000444263
Train loss: 4.811359220493294 Val loss: 0.6810926551239049 Time: 0.5769110000692308
Train loss: 4.649192581442326 Val loss: 0.7390175672917394 Time: 0.603716199984774
Train loss: 4.359758448617455 Val loss: 0.8186082190395609 Time: 0.6049139997921884
Train loss: 4.36984218011863 Val loss: 0.8532467434743012 Time: 0.6191670000553131
Train loss: 3.8925437810517023 Val loss: 1.032362293355618 Time: 0.6036300999112427
Train loss: 4.032819121651991 Val loss: 1.142554709535034 Time: 0.6295932999346405
Train loss: 3.812731046493899 Val loss: 1.2624386054703791 Time: 0.6034158000256866
Train loss: 3.2899887126117675 Val loss: 1.3132758992505842 Time: 0.5904096998274326
Train loss: 3.339792146677244 Val loss: 1.5003286259664037 Time: 0.5980359001550823
Train loss: 2.805161243851245 Val loss: 1.505322177553353 Time: 0.5986139001324773
Train loss: 2.9314386492434803 Val loss: 1.6924114695248136 Time: 0.6123311999253929
Train loss: 2.719892860074513 Val loss: 1.6241815051867121 Time: 0.6145351000595838
Train loss: 2.3516228016980043 Val loss: 1.605505008938053 Time: 0.5712770000100136
Train loss: 2.4548404969843283 Val loss: 1.6124418295003125 Time: 0.6036274000070989
Train loss: 2.537047112108752 Val loss: 1.6278359670775115 Time: 0.5793119999580085
Train loss: 2.3871419244550593 Val loss: 1.5340085685947997 Time: 0.5824146999511868
Train loss: 2.2436794237445388 Val loss: 1.2054089583516543 Time: 0.5917920998763293
Train loss: 1.8912213263727127 Val loss: 1.430589024354589 Time: 0.5989874000661075
Train loss: 1.8742596943075345 Val loss: 1.1245599941718751 Time: 0.5953408998902887
Train loss: 2.047234938210032 Val loss: 0.9552069654819206 Time: 0.604368899948895
Train loss: 1.6199058850896462 Val loss: 0.8582555071009672 Time: 0.590024899924174
Train loss: 1.592335698019923 Val loss: 0.9351923018843991 Time: 0.6073884998913854
Train loss: 1.6552639334664196 Val loss: 0.9192439833975641 Time: 0.5974359998945147
Train loss: 1.3766204366311214 Val loss: 0.9173663734810305 Time: 0.5964153001550585
Train loss: 1.7461397219342123 Val loss: 0.9439403146424183 Time: 0.6006750001106411
Train loss: 1.4573445218166965 Val loss: 0.7231378010637286 Time: 0.6774659000802785
Train loss: 1.435121110639796 Val loss: 0.8260327190016028 Time: 0.6248366001527756
Train loss: 1.229400562027894 Val loss: 0.8921160915760993 Time: 0.6027955000754446
Train loss: 1.6115264777559903 Val loss: 0.7385399508593196 Time: 0.5889406001660973
Train loss: 1.2303613591619573 Val loss: 0.8440361151860796 Time: 0.5995795000344515
Train loss: 1.3916598289468332 Val loss: 0.7361124225517415 Time: 0.5845615998841822
Train loss: 1.0810790351569213 Val loss: 0.6657812661625258 Time: 0.6074335998855531
Train loss: 1.2143863294303707 Val loss: 0.7965979743985372 Time: 0.5964574001263827
Train loss: 1.1282953791809112 Val loss: 0.6610159560896136 Time: 0.5944157000631094
Train loss: 1.057152864274336 Val loss: 0.7643118122800843 Time: 0.597493999870494
Train loss: 1.0682502524477755 Val loss: 0.6526704973057349 Time: 0.7051361999474466
Train loss: 1.0693935624296618 Val loss: 0.5605145399149478 Time: 0.6644299000035971
Train loss: 1.1225616837254266 Val loss: 0.7430729618653018 Time: 0.6233563998248428
Train loss: 0.9341330553167616 Val loss: 0.6769568921090467 Time: 0.6735654000658542
Train loss: 0.9959598291608458 Val loss: 0.6909421713709825 Time: 0.5941564000677317
Train loss: 0.9950855782506274 Val loss: 0.8927863059467906 Time: 0.5882970001548529
Train loss: 0.8935801977759628 Val loss: 0.6828062791321372 Time: 0.6161865999456495
Train loss: 0.8868755877812031 Val loss: 0.689131765093171 Time: 0.5979009999427944
Train loss: 0.7543948767502276 Val loss: 0.7377672863367479 Time: 0.6310453000478446
Train loss: 0.6605063565965921 Val loss: 0.8370075657868044 Time: 0.6101393999997526
Train loss: 0.7635948904044052 Val loss: 0.8193606472605981 Time: 0.6136888000182807
Train loss: 0.9443420645449013 Val loss: 0.8964384334822171 Time: 0.6137229001615196
Train loss: 0.7867858596551696 Val loss: 0.6377654260605823 Time: 0.5885321001987904
Train loss: 0.6960934953731286 Val loss: 0.8503471447216846 Time: 0.5975122000090778
Train loss: 0.7928396092659922 Val loss: 0.7406255145215255 Time: 0.6079644998535514
Train loss: 0.8928716515353825 Val loss: 0.8292811426936169 Time: 0.6040233999956399
Train loss: 0.6189968709382616 Val loss: 0.943059756423736 Time: 0.5764488000422716
Train loss: 0.9491581034040877 Val loss: 1.3348436997278554 Time: 0.6146515998989344
Train loss: 0.6792067614997777 Val loss: 0.7453048832009008 Time: 0.7168734001461416
Train loss: 0.558265633021839 Val loss: 0.7677833999914583 Time: 0.6021727002225816
Train loss: 0.5948539275080833 Val loss: 0.7261330783767335 Time: 0.6432649998459965
Train loss: 0.6946159954501532 Val loss: 0.990770622996024 Time: 0.6004507998004556
Train loss: 0.7954367457770122 Val loss: 0.8756913524666743 Time: 0.5763807999901474
Train loss: 0.6170075164301381 Val loss: 1.182082960130618 Time: 0.6136996999848634
Train loss: 0.6887624331565405 Val loss: 0.6443742808733077 Time: 0.5943120999727398
Train loss: 0.8591377622410334 Val loss: 0.8388753677110117 Time: 0.5931743001565337
Train loss: 0.64048916305034 Val loss: 1.0376983125231618 Time: 0.5982166999019682
Train loss: 0.511794858431944 Val loss: 1.2694352997368696 Time: 0.6962532000616193
Train loss: 0.6348554696153519 Val loss: 0.7885784172358399 Time: 0.7392946998588741
Train loss: 0.6835669006270817 Val loss: 0.8045716204549009 Time: 0.6973151999991387
Train loss: 0.5892845169843284 Val loss: 1.355435760691762 Time: 0.7054304000921547
Train loss: 0.640842656272149 Val loss: 0.7670433510866133 Time: 0.5786261998582631
Train loss: 0.761589517054427 Val loss: 0.5522091372113209 Time: 0.8361551000270993
Train loss: 0.6151666962069571 Val loss: 1.0005676858440893 Time: 0.8844661000184715
Train loss: 0.5095888342997192 Val loss: 1.2539957643923003 Time: 1.0606665001250803
Train loss: 0.5310294926170052 Val loss: 1.0274172003378226 Time: 1.3560911000240594
Train loss: 0.4028262008555797 Val loss: 0.9138656902016464 Time: 0.6861036000773311
Train loss: 0.47005514958576033 Val loss: 0.9382214217553724 Time: 0.8370809000916779
Train loss: 0.4546277324180763 Val loss: 0.8153794990976166 Time: 0.7372062997892499
Train loss: 0.6633968998426495 Val loss: 1.2391468424497991 Time: 0.5939824001397938
Train loss: 0.5160014433912501 Val loss: 0.9597100179601057 Time: 0.5811890999320894
Train loss: 0.6199153662983505 Val loss: 0.8148013067402644 Time: 0.581462100148201
Train loss: 0.570700889111819 Val loss: 0.892755278461209 Time: 0.5965666999109089
Train loss: 0.5306727733157048 Val loss: 1.1298379306531388 Time: 0.585769800003618
Train loss: 0.6942032988182891 Val loss: 1.061875150704509 Time: 0.5789756001904607
Train loss: 0.5592514528200945 Val loss: 0.846178573963698 Time: 0.5905609999317676
Shrinking learning rate to 1e-05
Train loss: 0.5219300360669505 Val loss: 0.868768117115394 Time: 0.5397644999902695
Train loss: 0.5845452461823752 Val loss: 0.8286528571428562 Time: 0.5752515001222491
Train loss: 0.4494067430667793 Val loss: 0.895230161727568 Time: 0.5433421998750418
Train loss: 0.3299279367759915 Val loss: 0.914984007944895 Time: 0.568665400147438
Train loss: 0.44237425682564757 Val loss: 0.9312650223250216 Time: 0.5674990001134574
Train loss: 0.3257123569861946 Val loss: 0.8877751735001027 Time: 0.5781656000763178
Train loss: 0.4160413589575178 Val loss: 0.8938907580848081 Time: 0.552291400032118
Train loss: 0.3421459907222353 Val loss: 0.9512763739834327 Time: 0.5569390000309795
Train loss: 0.4155407751551956 Val loss: 0.9139615149268536 Time: 0.5869860998354852
Train loss: 0.3852303742835237 Val loss: 0.9013270056652942 Time: 0.5504584999289364
Train loss: 0.38434855555649505 Val loss: 0.985338001710538 Time: 0.5442397999577224
Train loss: 0.5036360109520518 Val loss: 0.9125452602487769 Time: 0.5467014999594539
Train loss: 0.33414057358603527 Val loss: 0.8521459158314677 Time: 0.5785449999384582
Train loss: 0.4171462053809899 Val loss: 0.8908446248009625 Time: 0.5473062999080867
Train loss: 0.3663097907843529 Val loss: 0.8631799427421356 Time: 0.53763010003604
Shrinking learning rate to 1.0000000000000002e-06
Train loss: 0.3843318122177277 Val loss: 0.8867026984470527 Time: 0.5788318000268191
Train loss: 0.40552421052552745 Val loss: 0.8892456075434438 Time: 0.528263800079003
Train loss: 0.39290342383413 Val loss: 0.8885935693363933 Time: 0.5623585998546332
Train loss: 0.531146297559884 Val loss: 0.8894557243902455 Time: 0.538801500108093
Train loss: 0.5427403471978197 Val loss: 0.8942254019852385 Time: 0.5508599998429418
Train loss: 0.37673068045611036 Val loss: 0.8984347302325659 Time: 0.5479260000865906
Train loss: 0.3346377744937392 Val loss: 0.8998748564019365 Time: 0.6093966998159885
Train loss: 0.4788284111062442 Val loss: 0.9027218528874457 Time: 0.5674527999944985
Train loss: 0.3820082879434352 Val loss: 0.8968544327404793 Time: 0.5503737998660654
Train loss: 0.38720796623064757 Val loss: 0.8926081805950457 Time: 0.5622368999756873
Shrinking learning rate to 1.0000000000000002e-07
Learning rate getting small
Complete
 Total time: 71.37109469994903