starting log for model: C:\Users\christopher.johnson\Documents\lstm_new_23-24.pth
Train loss: 4.037287934061201 Val loss: 0.4468034144500511 Time: 1.0886575999902561
Train loss: 5.03192187295673 Val loss: 0.538216601683548 Time: 1.0221644999983255
Train loss: 4.5351426316064725 Val loss: 0.4833625025387861 Time: 0.925728700007312
Train loss: 3.889480539379803 Val loss: 0.4230622591954746 Time: 0.8286513000202831
Train loss: 3.947297185514234 Val loss: 0.4316426835837258 Time: 0.8056949000165332
Train loss: 3.8190734914264377 Val loss: 0.41688959671064585 Time: 1.4170245999994222
Train loss: 3.5842854129639967 Val loss: 0.3909916441470213 Time: 1.57782400000724
Train loss: 3.5145200363429936 Val loss: 0.3834472916381289 Time: 0.7919362999964505
Train loss: 3.486537078406812 Val loss: 0.37941330031150705 Time: 0.8351436999801081
Train loss: 3.444864870451802 Val loss: 0.3701395356203104 Time: 0.7769912999938242
Train loss: 3.353708874683062 Val loss: 0.36002185611210674 Time: 0.716204900003504
Train loss: 3.202001275169895 Val loss: 0.342633764196614 Time: 0.7478504999889992
Train loss: 3.3924600600888297 Val loss: 0.3580914282489729 Time: 0.753822400001809
Train loss: 3.230121436299953 Val loss: 0.3422947050954127 Time: 0.7210830999829341
Train loss: 3.213378971914299 Val loss: 0.3375732402666244 Time: 0.7034935000119731
Train loss: 3.101127338641335 Val loss: 0.3263464974104618 Time: 0.7352001999970526
Train loss: 3.0818116261307296 Val loss: 0.32135582870420454 Time: 0.7074614999874029
Train loss: 2.858368778306243 Val loss: 0.30228751056593484 Time: 0.7246306000160985
Train loss: 3.013187165335344 Val loss: 0.3153734877381559 Time: 0.7505915999936406
Train loss: 2.851485515374094 Val loss: 0.2952088203736043 Time: 0.7526639999996405
Train loss: 2.7767965994133315 Val loss: 0.2869203148746129 Time: 0.7636127999867313
Train loss: 2.9063428162751714 Val loss: 0.2956740051165452 Time: 0.7220417000062298
Train loss: 2.7675004080675762 Val loss: 0.2829862828612404 Time: 0.724309400015045
Train loss: 2.631435925904837 Val loss: 0.26712405784569915 Time: 0.7393188999849372
Train loss: 2.6997918369116007 Val loss: 0.2765157788871342 Time: 0.7077331000182312
Train loss: 2.5932249722690415 Val loss: 0.263937570855922 Time: 0.6865854999923613
Train loss: 2.740011382179631 Val loss: 0.27598643561231245 Time: 0.723136999993585
Train loss: 2.400255654278478 Val loss: 0.24401462612841354 Time: 0.7101526999904308
Train loss: 2.5503840068107593 Val loss: 0.2571194836851547 Time: 0.7084285999881104
Train loss: 2.704157833641204 Val loss: 0.2718649530199055 Time: 0.7969256999786012
Train loss: 2.629047584052346 Val loss: 0.26320354833255 Time: 0.8099163000006229
Train loss: 2.3867928879854667 Val loss: 0.2392786321654056 Time: 0.7152407999965362
Train loss: 2.4948431523742443 Val loss: 0.2507067959621337 Time: 0.7215225000109058
Train loss: 2.375601149217303 Val loss: 0.2377939159774548 Time: 1.5823753000004217
Train loss: 2.6031086051932846 Val loss: 0.2608343550139006 Time: 0.7655144000018481
Train loss: 2.384393898702962 Val loss: 0.2384404503562881 Time: 0.7574919000035152
Train loss: 2.0307215914605194 Val loss: 0.20307248656093824 Time: 0.7817454999894835
Train loss: 2.27904559333264 Val loss: 0.228101301615404 Time: 0.7352090000058524
Train loss: 2.384810549322644 Val loss: 0.2384913984713842 Time: 0.7174292999843601
Train loss: 2.2219085475566818 Val loss: 0.22219537373825277 Time: 0.8031210000044666
Train loss: 2.203970290595521 Val loss: 0.22046233426574208 Time: 0.7444349000288639
Train loss: 2.1337821455725097 Val loss: 0.21356426224379774 Time: 0.7270074999833014
Train loss: 2.1537793136409906 Val loss: 0.21543295612506502 Time: 0.7324942999985069
Train loss: 2.1681747480295144 Val loss: 0.2182186512227798 Time: 0.7700193999917246
Train loss: 2.0568815916248013 Val loss: 0.20569450623200589 Time: 0.7069154000200797
Train loss: 2.052374359890454 Val loss: 0.2080619137250459 Time: 0.7215923999901861
Shrinking learning rate to 1e-05
Train loss: 2.3867053374334546 Val loss: 0.2403112575731901 Time: 0.7265708000049926
Train loss: 2.1926584535244196 Val loss: 0.2225437312392881 Time: 0.7498439000046346
Train loss: 2.176391659443425 Val loss: 0.2218231987650882 Time: 0.7124921000213362
Train loss: 2.112990201153668 Val loss: 0.21633471074076102 Time: 0.7243463999766391
Train loss: 1.9953356808982647 Val loss: 0.2050865686424761 Time: 0.7519949999987148
Train loss: 2.128659613027672 Val loss: 0.21778416327798733 Time: 0.7636508999858052
Train loss: 1.9073495935929259 Val loss: 0.1963567241094096 Time: 0.7057582999987062
Train loss: 2.0269231308979565 Val loss: 0.20761961447195218 Time: 0.7331244999950286
Train loss: 2.0990448561257153 Val loss: 0.2145183076015047 Time: 0.7307671000016853
Train loss: 2.0209834757966973 Val loss: 0.2065786930683237 Time: 0.7238082999829203
Train loss: 2.070641370964694 Val loss: 0.21168657978213049 Time: 0.7116138999990653
Train loss: 1.9651377385885205 Val loss: 0.20139601308025382 Time: 0.7138411999912933
Train loss: 1.905524266518802 Val loss: 0.19618713495711562 Time: 0.7359749999886844
Train loss: 1.9031846770250809 Val loss: 0.19572896647004726 Time: 0.74778370000422
Train loss: 1.9267483120377449 Val loss: 0.19789192178366644 Time: 0.7208923000143841
Train loss: 2.054545529813936 Val loss: 0.21013402522123684 Time: 0.7157137999893166
Train loss: 1.9477874793207661 Val loss: 0.19993775944063497 Time: 0.7090141999942716
Train loss: 1.946413647197346 Val loss: 0.19997643905265083 Time: 0.7228309999918565
Train loss: 1.944282561497218 Val loss: 0.19933386022880267 Time: 0.7051948999869637
Train loss: 1.9825473427846418 Val loss: 0.20250347443445324 Time: 0.7056522000057157
Train loss: 2.0029236145022367 Val loss: 0.20546960539079268 Time: 0.7037621999916155
Train loss: 1.9954198031733186 Val loss: 0.2051523817624265 Time: 0.7461896000022534
Train loss: 1.9787728032940208 Val loss: 0.20289802415830938 Time: 0.7351380999898538
Shrinking learning rate to 1.0000000000000002e-06
Train loss: 1.9482172695769941 Val loss: 0.200146488534427 Time: 0.7283284000004642
Train loss: 2.0386968414748026 Val loss: 0.20893757258425677 Time: 0.7314192000194453
Train loss: 1.9469765360143043 Val loss: 0.200033537502812 Time: 0.7119631999812555
Train loss: 2.178209758063776 Val loss: 0.2225892129258893 Time: 0.7108241000096314
Train loss: 1.8468044706707651 Val loss: 0.19026047568811463 Time: 0.7576866000017617
Train loss: 2.0307733217827497 Val loss: 0.20813793290945462 Time: 0.7178486000047997
Train loss: 2.0196889264733926 Val loss: 0.20714966411392602 Time: 0.8132837000011932
Train loss: 2.01310356731598 Val loss: 0.20661265349124014 Time: 0.7152172999922186
Train loss: 1.931149999032499 Val loss: 0.1986288139909941 Time: 0.7427829999942333
Train loss: 1.8194157194708325 Val loss: 0.1878741600077602 Time: 0.7300607000070158
Train loss: 1.8845539178108623 Val loss: 0.1943218458557755 Time: 0.7803735999914352
Train loss: 1.9716319337912616 Val loss: 0.202821114741132 Time: 0.7636879999772646
Train loss: 2.0291502342640797 Val loss: 0.2085271753848521 Time: 0.7219920999777969
Train loss: 1.9377893773355765 Val loss: 0.199627990050991 Time: 0.7329297999967821
Train loss: 1.997948440376864 Val loss: 0.20553871869085483 Time: 0.7384645999991335
Train loss: 2.0210528084513157 Val loss: 0.2077627436806163 Time: 0.7271394999988843
Train loss: 2.0147287606571354 Val loss: 0.20716375058909953 Time: 0.7532924999832176
Train loss: 1.8400565305617107 Val loss: 0.1901455075611695 Time: 0.7125360999780241
Train loss: 2.0415723190160406 Val loss: 0.20962263830327263 Time: 0.7597377000201959
Shrinking learning rate to 1.0000000000000002e-07
Learning rate getting small
Complete
 Total time: 68.38539559999481