starting log for model: C:\Users\christopher.johnson\Documents\GitHub\flu\lstm_long.pth
Train loss: 24.053428799114553 Val loss: 396.4474548017606 Time: 1.036988400039263
Train loss: 296.9710972415205 Val loss: 883.0752758661401 Time: 1.0569649999961257
Train loss: 3271.0107182558922 Val loss: 2378.3233562111855 Time: 0.8814658999908715
Train loss: 9895.440557614202 Val loss: 232.7214979203418 Time: 0.8906132000265643
Train loss: 397.75937117878163 Val loss: 144.6533232172951 Time: 0.9101354000158608
Train loss: 648.768445981917 Val loss: 92.87329439073801 Time: 1.021581600070931
Train loss: 571.3769725205493 Val loss: 96.11966763564851 Time: 2.125620699953288
Train loss: 349.9778376865561 Val loss: 35.5275376457721 Time: 0.9225623001111671
Train loss: 216.2542018746194 Val loss: 8.228803238715045 Time: 0.9279139999998733
Train loss: 410.1358587731884 Val loss: 121.44504755735397 Time: 0.8866122000617906
Shrinking learning rate to 0.0001
Train loss: 1154.3170475936329 Val loss: 17.444061771609995 Time: 0.8918733999598771
Train loss: 103.25879573977079 Val loss: 8.6792064642068 Time: 0.9301537999417633
Train loss: 26.566581898626737 Val loss: 7.01223544543609 Time: 0.9007592000998557
Train loss: 20.493221163282485 Val loss: 6.233066541375592 Time: 0.891942200018093
Train loss: 16.646213828281873 Val loss: 5.65184274216881 Time: 0.8729770999634638
Train loss: 13.719634759169026 Val loss: 5.159843210021791 Time: 0.8725057999836281
Train loss: 11.490068137998861 Val loss: 4.727621418169292 Time: 0.8815252999775112
Train loss: 9.592066246141258 Val loss: 4.361509417067282 Time: 0.8689070000546053
Train loss: 8.108878569053218 Val loss: 4.008956213016063 Time: 0.8917574000079185
Train loss: 6.722271222872791 Val loss: 3.653647407889366 Time: 0.8898861999623477
Train loss: 5.700313919801346 Val loss: 3.339969544671476 Time: 0.863413600018248
Train loss: 4.849625743127947 Val loss: 3.1280279038473964 Time: 0.8972041999222711
Train loss: 4.1789875787396795 Val loss: 2.816860727034509 Time: 0.8698082999326289
Train loss: 3.6831311424619457 Val loss: 2.4955976588316844 Time: 0.8963997000828385
Train loss: 3.8796030368956735 Val loss: 2.6262348777381703 Time: 0.9244151000166312
Train loss: 4.075898945155785 Val loss: 2.578498087124899 Time: 0.9299943000078201
Train loss: 14.935707944995062 Val loss: 23.17015963792801 Time: 0.8620772999711335
Train loss: 32.57034510601696 Val loss: 4.967327789607225 Time: 0.847109799971804
Train loss: 12.280155694983572 Val loss: 1.8124530602581217 Time: 0.8444483999628574
Train loss: 9.358177182899908 Val loss: 1.9633710810703633 Time: 0.866282100090757
Train loss: 4.438904891300684 Val loss: 2.334085878229871 Time: 0.9704865999519825
Train loss: 2.42607172924354 Val loss: 2.8504001984838396 Time: 0.886158800101839
Train loss: 1.7728330449613345 Val loss: 3.3651359037612565 Time: 0.9171117999358103
Train loss: 2.1331193954688357 Val loss: 3.1070201098340355 Time: 0.9626276000635698
Train loss: 3.2769693198976952 Val loss: 1.6153428461402655 Time: 0.9594492999603972
Train loss: 8.807283093503834 Val loss: 3.0874071690486744 Time: 0.9793746001087129
Train loss: 21.25881021788602 Val loss: 13.094548469409347 Time: 0.8570600999519229
Train loss: 11.743596033637829 Val loss: 2.8648252454731846 Time: 0.8647103999974206
Train loss: 5.000231419199829 Val loss: 1.920165085677354 Time: 0.8790711000328884
Train loss: 4.925205630981411 Val loss: 1.8799836222792692 Time: 0.8730291998945177
Train loss: 3.294896891655315 Val loss: 2.1564847291047045 Time: 0.8569425999885425
Train loss: 2.418271415350361 Val loss: 2.3862444148094824 Time: 0.8835918999975547
Shrinking learning rate to 1e-05
Train loss: 4.403238766555518 Val loss: 2.233080285077449 Time: 0.8695700999815017
Train loss: 3.6696471606867362 Val loss: 2.179129182593897 Time: 0.9017262000124902
Train loss: 3.224550332907313 Val loss: 2.1149744569556788 Time: 0.895613000029698
Train loss: 2.8648539495127707 Val loss: 2.0558256549120415 Time: 0.9245436999481171
Train loss: 2.570964213637862 Val loss: 2.001331875057076 Time: 0.856952799949795
Train loss: 2.328506184401135 Val loss: 1.9579977217072155 Time: 0.8754500000504777
Train loss: 2.1277189837939545 Val loss: 1.924967223618296 Time: 0.8666455999482423
Train loss: 1.9576093756061255 Val loss: 1.8982556001824378 Time: 0.867603899911046
Train loss: 1.8094466375538047 Val loss: 1.87889433332316 Time: 0.8652986999368295
Train loss: 1.6801109402866468 Val loss: 1.8618653912435548 Time: 0.8730925000272691
Train loss: 1.559001171012298 Val loss: 1.848003135507497 Time: 0.8653405999066308
Train loss: 1.449923518761639 Val loss: 1.838440164250187 Time: 0.8584241999778897
Train loss: 1.3495161035228884 Val loss: 1.8293782419855233 Time: 0.8704030000371858
Train loss: 1.2561366430340968 Val loss: 1.8216807031345752 Time: 0.8906155999284238
Train loss: 1.1702337191078926 Val loss: 1.8162554597065537 Time: 0.8660344999516383
Train loss: 1.0925372714922332 Val loss: 1.8107071859176358 Time: 0.8576139999786392
Train loss: 1.022834464397235 Val loss: 1.8048316734406171 Time: 0.8582658999366686
Train loss: 0.9594884409179789 Val loss: 1.800415644211765 Time: 0.855045499978587
Train loss: 0.8998049414959812 Val loss: 1.7979136749861482 Time: 0.8575260000070557
Train loss: 0.8437557146203858 Val loss: 1.7955917208112169 Time: 0.8555954999756068
Train loss: 0.7922340376649766 Val loss: 1.7964650992239513 Time: 0.8676511000376195
Train loss: 0.7442283517003734 Val loss: 1.7984716580806435 Time: 0.8763045999221504
Train loss: 0.6990125389424684 Val loss: 1.8016609889186839 Time: 0.8575843999860808
Train loss: 0.6566069184930199 Val loss: 1.8049010841594395 Time: 0.8762443999294192
Train loss: 0.617114909932822 Val loss: 1.810778514916418 Time: 0.8764125000452623
Train loss: 0.5805199820699913 Val loss: 1.8161966561050775 Time: 0.8605125000467524
Train loss: 0.5462170879013719 Val loss: 1.8253221306543992 Time: 0.8785439999774098
Train loss: 0.51403020225037 Val loss: 1.8366592564419761 Time: 0.8740075000096112
Train loss: 0.4833859438071482 Val loss: 1.8482973777281586 Time: 0.8666092000203207
Train loss: 0.45387861363779614 Val loss: 1.8612097190307395 Time: 0.8693635000381619
Train loss: 0.4271061804225873 Val loss: 1.8709984534580144 Time: 0.8912719000363722
Train loss: 0.4026901444642032 Val loss: 1.8823029074119404 Time: 0.8750768000027165
Train loss: 0.37845458817851313 Val loss: 1.8937358179100556 Time: 0.8724229000508785
Train loss: 0.3558358623971396 Val loss: 1.904545220437285 Time: 0.8781546000391245
Train loss: 0.33483612310436683 Val loss: 1.9159146076599427 Time: 0.8633385000284761
Train loss: 0.3140831303448124 Val loss: 1.926682220724615 Time: 0.8546272999374196
Train loss: 0.2958697513027113 Val loss: 1.937035888844548 Time: 0.8831904000835493
Train loss: 0.27872350548840696 Val loss: 1.947585453865031 Time: 0.8583590000635013
Train loss: 0.2627021053120817 Val loss: 1.9560084889135396 Time: 0.8649377000983804
Train loss: 0.2478567113539567 Val loss: 1.9652803794012925 Time: 0.8838186000939459
Train loss: 0.23283087953975823 Val loss: 1.9749303902309734 Time: 0.8673497000709176
Train loss: 0.21895421238683999 Val loss: 1.9834433670295653 Time: 0.9118973999284208
Train loss: 0.20648752521391778 Val loss: 1.9940628246354208 Time: 0.8885730999754742
Train loss: 0.19490343195945092 Val loss: 2.0037821549672543 Time: 0.9179276000941172
Train loss: 0.1844457420952268 Val loss: 2.0140956193221484 Time: 0.8750743999844417
Train loss: 0.1746936794229531 Val loss: 2.021489464496682 Time: 0.8763588999863714
Train loss: 0.16523399664960792 Val loss: 2.030585162818099 Time: 0.8899634999688715
Train loss: 0.15636284949882828 Val loss: 2.039260044286266 Time: 0.8629612000659108
Train loss: 0.14850990575942546 Val loss: 2.0513045917741692 Time: 0.8551660999655724
Train loss: 0.14080537870673027 Val loss: 2.0595364697064724 Time: 0.8722303000977263
Train loss: 0.13370946191881594 Val loss: 2.0655284578979263 Time: 0.869736900087446
Train loss: 0.12714477534570712 Val loss: 2.0709879739051757 Time: 0.892994900001213
Train loss: 0.12118683437485578 Val loss: 2.0811454983818294 Time: 0.9144286999944597
Train loss: 0.11602906573644822 Val loss: 2.093817050505777 Time: 0.8645429000025615
Train loss: 0.11113343800771627 Val loss: 2.1041509083904657 Time: 0.8920186000177637
Train loss: 0.1065377234266478 Val loss: 2.1137787546786058 Time: 0.8780232999706641
Train loss: 0.10259313062505249 Val loss: 2.129785883905697 Time: 0.8943395999958739
Train loss: 0.09812271691316532 Val loss: 2.135109291271988 Time: 0.8783207000233233
Complete
 Total time: 90.22468490002211