starting log for model: Q:\00- PROJECTS\Flu Forecasts\flu\flu\models\lstm_drop_2lin_B_23-24.pth
Train loss: 2.0827606563932735 Val loss: 9.205852620652877e-06 Time: 1.322285300004296
Train loss: 2.1078264803115303 Val loss: 3.620132338255644e-05 Time: 1.3765276999911293
Train loss: 1.902839109637604 Val loss: 9.84642520052148e-06 Time: 1.211956699989969
Train loss: 1.8584264302310423 Val loss: 3.2168961752176983e-06 Time: 1.2076931000046898
Train loss: 1.9014087645116284 Val loss: 9.494008281762945e-07 Time: 1.2555073000257835
Train loss: 1.973427879800882 Val loss: 2.526153139115195e-06 Time: 1.5070201999915298
Train loss: 1.5065214560135818 Val loss: 5.212324595049722e-06 Time: 1.953349099989282
Train loss: 1.6208488415638203 Val loss: 1.7129644369617836e-09 Time: 1.161669900000561
Train loss: 1.3697415484188946 Val loss: 1.2902512935397681e-05 Time: 1.6189467999793123
Train loss: 1.590171267344981 Val loss: 7.762815243950172e-07 Time: 1.5036314000026323
Train loss: 1.3879205565054438 Val loss: 8.780953066889197e-06 Time: 1.4795788000046741
Train loss: 1.5262608761677265 Val loss: 1.2481971680244897e-05 Time: 1.534407300001476
Train loss: 1.2913369069402059 Val loss: 6.65834522806108e-05 Time: 1.4698895000037737
Train loss: 1.3581177194365193 Val loss: 0.00011944457946810871 Time: 1.500667300017085
Train loss: 1.1120535691324502 Val loss: 5.485827205120586e-05 Time: 1.5817321999929845
Train loss: 1.3139405529289583 Val loss: 0.00014948565512895584 Time: 1.3988641999894753
Train loss: 1.1665522423417443 Val loss: 7.550353620899841e-05 Time: 1.2347203000099398
Train loss: 1.181126486868181 Val loss: 0.0001773306867107749 Time: 1.2614614000194706
Train loss: 1.3951646653119507 Val loss: 0.00011788887059083208 Time: 1.2552845999889541
Train loss: 1.3401531458554556 Val loss: 0.0003426242037676275 Time: 1.2262112000025809
Train loss: 1.1536415753585887 Val loss: 0.00014656591520179063 Time: 1.2093752000073437
Train loss: 1.082472820375429 Val loss: 0.0001735532277962193 Time: 1.2405685000121593
Train loss: 1.1974740579687415 Val loss: 0.0003007204504683614 Time: 1.2013992999854963
Train loss: 1.207224667262481 Val loss: 0.00012614502338692546 Time: 1.2587767000077292
Train loss: 1.3922650750534522 Val loss: 0.00017946465231943876 Time: 1.2437348999956157
Train loss: 1.3447842905424672 Val loss: 0.00017138807743322104 Time: 1.259862399980193
Train loss: 1.1370020250043689 Val loss: 0.00017252414545509964 Time: 1.268563699995866
Train loss: 1.191375633294926 Val loss: 0.00023263991170097142 Time: 1.2216565000126138
Train loss: 1.0194509170940231 Val loss: 0.000449377519544214 Time: 1.233664300001692
Train loss: 1.1682052767098572 Val loss: 0.00030173425329849124 Time: 1.2697894000157248
Train loss: 1.0891590224085026 Val loss: 0.0003298562369309366 Time: 1.9677464000124019
Train loss: 0.9855486826895756 Val loss: 0.00041668402263894677 Time: 1.442070999997668
Train loss: 0.8910499009943303 Val loss: 0.0002468508027959615 Time: 1.2936295999970753
Train loss: 0.9471944325336472 Val loss: 0.0005443127010948956 Time: 1.4868549999955576
Train loss: 1.2496558517529004 Val loss: 0.0003474075347185135 Time: 2.1053261999913957
Train loss: 0.973296638430732 Val loss: 0.0002669469977263361 Time: 2.197660400008317
Train loss: 1.101425369007475 Val loss: 0.00039438967360183597 Time: 3.294048199983081
Train loss: 0.8786223746561306 Val loss: 0.0007504608365707099 Time: 2.7368664999958128
Train loss: 1.1724680258125635 Val loss: 0.00017443990509491414 Time: 1.454016200004844
Train loss: 1.1792040902370022 Val loss: 0.00023575880913995206 Time: 1.5265225000039209
Train loss: 1.0260826452861362 Val loss: 0.00029322414775379 Time: 1.6994988999795169
Train loss: 1.120075697312164 Val loss: 0.0005131644429638982 Time: 1.5813122999970801
Train loss: 1.122656462270721 Val loss: 0.0005600645090453327 Time: 1.3068727000209037
Train loss: 0.990251756621316 Val loss: 0.00032692719832994044 Time: 1.4548429000133183
Train loss: 1.1503547044805322 Val loss: 0.0005273377755656838 Time: 1.363223000022117
Train loss: 1.0324340521084159 Val loss: 0.00042380543891340494 Time: 1.2947364000137895
Train loss: 0.9303282343477726 Val loss: 0.00026965333381667733 Time: 1.3468681999947876
Shrinking learning rate to 1e-05
Train loss: 1.134114246818175 Val loss: 0.00014317885506898165 Time: 1.5134828999871388
Train loss: 0.9934507207842382 Val loss: 7.892806752352044e-05 Time: 1.2247885999968275
Train loss: 0.8997787952179221 Val loss: 4.0383689338341355e-05 Time: 1.766026299999794
Train loss: 0.8274339631948613 Val loss: 4.737695780931972e-05 Time: 2.6073136999912094
Train loss: 0.803799652775556 Val loss: 4.3202944652875885e-05 Time: 2.6033429999952205
Train loss: 0.8529590609583787 Val loss: 4.685745807364583e-05 Time: 1.5317564000142738
Train loss: 0.8305483895618616 Val loss: 3.414698949200101e-05 Time: 1.2788734999776352
Train loss: 0.9514191221765134 Val loss: 3.630198989412747e-05 Time: 1.5321090000215918
Train loss: 0.9800873070662406 Val loss: 2.916332050517667e-05 Time: 1.6108520000125282
Train loss: 0.8488341562602169 Val loss: 2.5683382773422636e-05 Time: 1.3656111000163946
Train loss: 0.7434454045502923 Val loss: 2.5240286049665883e-05 Time: 1.234740799991414
Train loss: 0.8766071728123261 Val loss: 4.2244842916261405e-05 Time: 1.3039223999949172
Train loss: 0.8888384018327287 Val loss: 3.504614142002538e-05 Time: 1.2589482000039425
Train loss: 0.8388157675005754 Val loss: 3.304811252746731e-05 Time: 1.4939613999740686
Train loss: 1.0131938939085325 Val loss: 3.5227214539190754e-05 Time: 1.2899099999922328
Train loss: 0.7824009627307442 Val loss: 3.3180251193698496e-05 Time: 1.4233344999956898
Train loss: 0.8631068841667306 Val loss: 3.361443668836728e-05 Time: 1.3936854999919888
Train loss: 0.8244676448063295 Val loss: 1.5982486729626544e-05 Time: 1.1915142000070773
Train loss: 0.7615459134602574 Val loss: 2.8699096219497733e-05 Time: 1.3550534000096377
Train loss: 0.9342106725793506 Val loss: 3.8870435673743486e-05 Time: 1.3123322000028566
Shrinking learning rate to 1.0000000000000002e-06
Train loss: 1.0113002844482504 Val loss: 2.2331838408717886e-05 Time: 1.3140854999946896
Train loss: 0.7158994707724542 Val loss: 2.1109817680553533e-05 Time: 1.3767012000025716
Train loss: 0.8183345273516756 Val loss: 2.2520391212310642e-05 Time: 1.2407496999949217
Train loss: 0.7371983250419412 Val loss: 2.3945362045196816e-05 Time: 1.2847336000122596
Train loss: 0.9569349488258965 Val loss: 2.359352401981596e-05 Time: 1.3446045000164304
Train loss: 0.8913393763918123 Val loss: 2.2681057089357637e-05 Time: 1.3751877000031527
Train loss: 0.7654419012040516 Val loss: 2.2945605451241136e-05 Time: 1.2470324000169057
Train loss: 0.7979462379644899 Val loss: 2.233768282167148e-05 Time: 1.411051699978998
Train loss: 0.7822506669670721 Val loss: 2.1790756363770925e-05 Time: 1.2570062000013422
Train loss: 0.8215988608153482 Val loss: 2.2526895918417722e-05 Time: 1.6890285999979824
Train loss: 0.7541032630371687 Val loss: 2.4284452592837624e-05 Time: 1.6124821999983396
Shrinking learning rate to 1.0000000000000002e-07
Learning rate getting small
Complete
 Total time: 117.23649979999755