starting log for model: C:\Users\christopher.johnson\Documents\GitHub\flu\lstm_new.pth
Train loss: 10.70702238237893 Val loss: 1.8224024650990032 Time: 0.4161643000552431
Train loss: 5.199743247781337 Val loss: 1.4931371541460976 Time: 0.4754079000558704
Train loss: 4.265284754901861 Val loss: 1.0485253901897522 Time: 0.6483814000384882
Train loss: 4.683994347825177 Val loss: 1.0204929012106732 Time: 0.3998654999304563
Train loss: 5.971820695598595 Val loss: 0.9380837645148858 Time: 0.4082910999422893
Train loss: 4.904368864282403 Val loss: 0.8285149381845258 Time: 0.41903170000296086
Train loss: 3.7229454899839167 Val loss: 0.9932611176773207 Time: 0.41301210003439337
Train loss: 3.879286985096762 Val loss: 0.6319817407884329 Time: 0.408734800061211
Train loss: 4.4802089178027185 Val loss: 0.5829566462990101 Time: 0.39286110003013164
Train loss: 3.6817056230690013 Val loss: 0.5708330954075791 Time: 0.3988351000007242
Train loss: 3.8095419504419166 Val loss: 1.0066502494737506 Time: 0.3997598000569269
Train loss: 2.0776674903646426 Val loss: 0.9277532920241356 Time: 0.39820769999641925
Train loss: 2.4132194392200557 Val loss: 0.8677730949711986 Time: 0.38697349990252405
Train loss: 2.292601738808653 Val loss: 0.9284930573776364 Time: 0.3920913999900222
Train loss: 1.6086090486874842 Val loss: 1.0992985471966676 Time: 0.3800652000354603
Train loss: 1.4035792928777386 Val loss: 1.6785341698414413 Time: 0.3729028000961989
Train loss: 1.217605402869549 Val loss: 1.501915354790981 Time: 0.3879022999899462
Train loss: 1.50897599206135 Val loss: 1.6008041450268138 Time: 0.37959919997956604
Train loss: 1.3196728717090371 Val loss: 0.9172161456226604 Time: 0.38667219993658364
Train loss: 2.3091072812887727 Val loss: 0.5819778537843376 Time: 0.4244192000478506
Train loss: 2.692123050456182 Val loss: 0.8309444278102092 Time: 0.3909591999836266
Train loss: 1.4634243503713762 Val loss: 1.111495700039086 Time: 0.3970928000053391
Train loss: 1.280161064309204 Val loss: 0.9814842726336792 Time: 0.3825827999971807
Train loss: 1.2330076763730844 Val loss: 0.7362923559267074 Time: 0.36811859998852015
Train loss: 1.0797630472505784 Val loss: 0.9480052663056995 Time: 0.3891738000093028
Train loss: 0.9417470894430693 Val loss: 1.142409977153875 Time: 0.3964352000039071
Train loss: 1.0164874634725436 Val loss: 1.2189311885740608 Time: 0.3939493000507355
Train loss: 0.8527226135005819 Val loss: 1.0438984922220698 Time: 0.395111299934797
Train loss: 0.6647581571601682 Val loss: 0.8789611238753423 Time: 0.3996032999129966
Train loss: 0.7856449032396369 Val loss: 0.9261517752893269 Time: 0.3843095999909565
Train loss: 0.8922181948562304 Val loss: 0.9289046399062499 Time: 0.37926479999441653
Train loss: 1.648026498954552 Val loss: 0.4190344934904715 Time: 0.39650549995712936
Train loss: 2.4131336673925183 Val loss: 0.7365497394348495 Time: 0.39045579999219626
Train loss: 2.0157410248569096 Val loss: 0.7963253861526027 Time: 0.4010829000035301
Train loss: 3.3458546509855864 Val loss: 0.4569084306494915 Time: 0.4083462000126019
Train loss: 2.4876839708975886 Val loss: 0.5937856168648068 Time: 0.42224380001425743
Train loss: 1.5347977917321858 Val loss: 0.775959771068301 Time: 0.4516126000089571
Train loss: 1.2589801940307055 Val loss: 0.7478055216779467 Time: 0.426891699898988
Shrinking learning rate to 0.0001
Train loss: 1.034558987127415 Val loss: 0.7544442699290812 Time: 0.3724415000760928
Train loss: 0.7130651592478887 Val loss: 0.7733900466409978 Time: 0.39622579992283136
Train loss: 0.6363241557183432 Val loss: 0.793069539940916 Time: 0.3800774000119418
Train loss: 0.5925054998570207 Val loss: 0.8099963884451427 Time: 0.3796824999153614
Train loss: 0.565489260705121 Val loss: 0.8186878327978775 Time: 0.39890919998288155
Train loss: 0.5464734090883037 Val loss: 0.8189011486829259 Time: 0.4011014000279829
Train loss: 0.5315633855175079 Val loss: 0.8247847942402586 Time: 0.3841531000798568
Train loss: 0.517813700282483 Val loss: 0.8322396122384816 Time: 0.36792730004526675
Train loss: 0.5059576174816858 Val loss: 0.8369747254764661 Time: 0.3847154000541195
Train loss: 0.49524137902271925 Val loss: 0.8345899956184439 Time: 0.5220825000433251
Train loss: 0.48613117912196935 Val loss: 0.8357078336994164 Time: 0.384311500005424
Train loss: 0.47716088925289923 Val loss: 0.8324890715884976 Time: 0.36992109997663647
Train loss: 0.4689496364584542 Val loss: 0.833117131900508 Time: 0.37702979997266084
Train loss: 0.4610827681551593 Val loss: 0.8380405663046986 Time: 0.3760359000880271
Train loss: 0.45372164440848906 Val loss: 0.8386430030222982 Time: 0.37000989995431155
Train loss: 0.44598115089612 Val loss: 0.8407879720325582 Time: 0.3704843999585137
Train loss: 0.440287426152455 Val loss: 0.8454288304201327 Time: 0.3759460001019761
Train loss: 0.4345702308120232 Val loss: 0.8517852639779449 Time: 0.36919539992231876
Train loss: 0.4271560081458202 Val loss: 0.8534497465007007 Time: 0.37168490001931787
Train loss: 0.4238316637232935 Val loss: 0.86068057193188 Time: 0.3715352000435814
Train loss: 0.4180990228505539 Val loss: 0.8677522052894346 Time: 0.4045930999564007
Train loss: 0.4121428401296454 Val loss: 0.868686614499893 Time: 0.3978443000232801
Train loss: 0.40831689125412574 Val loss: 0.871575701457914 Time: 0.3910383000038564
Train loss: 0.40392230624372794 Val loss: 0.8749375999905169 Time: 0.37802890001330525
Train loss: 0.397275994080719 Val loss: 0.8754565950366668 Time: 0.3858646999578923
Train loss: 0.3935270146237274 Val loss: 0.8752265081275254 Time: 0.3727456999476999
Train loss: 0.38947689046971323 Val loss: 0.8780485001625493 Time: 0.37703470000997186
Train loss: 0.38359188813277445 Val loss: 0.873546076763887 Time: 0.36755140009336174
Train loss: 0.38123519348689117 Val loss: 0.8800346551579423 Time: 0.3772738999687135
Train loss: 0.37635221658559126 Val loss: 0.8867545413668267 Time: 0.381146700005047
Train loss: 0.369234934494639 Val loss: 0.8797523391549475 Time: 0.3884230999974534
Train loss: 0.3659305061918089 Val loss: 0.8841855177888647 Time: 0.37347150000277907
Train loss: 0.3589922441368252 Val loss: 0.8840628321049735 Time: 0.3706512999488041
Train loss: 0.3564647196512891 Val loss: 0.886098941846285 Time: 0.36511639994569123
Train loss: 0.3499680790785096 Val loss: 0.8834717983263545 Time: 0.37378830008674413
Train loss: 0.3456670907893019 Val loss: 0.8808149757096544 Time: 0.389665300026536
Train loss: 0.3434250145713795 Val loss: 0.8847358364728279 Time: 0.3863742999965325
Train loss: 0.3379362308486442 Val loss: 0.8845223656389862 Time: 0.38497749995440245
Train loss: 0.33421257552853595 Val loss: 0.8885185428080149 Time: 0.3831225000321865
Train loss: 0.33302770288014927 Val loss: 0.8851380935520865 Time: 0.3906313000479713
Train loss: 0.32801838459413624 Val loss: 0.8890921174897812 Time: 0.3808751000324264
Train loss: 0.3241999790545176 Val loss: 0.8864179863594472 Time: 0.3708193999482319
Train loss: 0.32353892139518625 Val loss: 0.8867632875335403 Time: 0.3814383000135422
Train loss: 0.3192424756188137 Val loss: 0.8820727309794165 Time: 0.3658119000028819
Train loss: 0.31652814044637 Val loss: 0.8857022934244014 Time: 0.37717069999780506
Train loss: 0.3154339470699714 Val loss: 0.8965475393924862 Time: 0.37212439998984337
Train loss: 0.3145296888960116 Val loss: 0.8951295184670016 Time: 0.38467090006452054
Train loss: 0.31021274923437225 Val loss: 0.8934602164081298 Time: 0.42462639999575913
Train loss: 0.30713395607868144 Val loss: 0.8926605633459985 Time: 0.3878108999924734
Train loss: 0.3050558697589406 Val loss: 0.8850428920704871 Time: 0.3687910999869928
Train loss: 0.30237442345212884 Val loss: 0.886168249649927 Time: 0.4521591999800876
Train loss: 0.29937787049118103 Val loss: 0.8812785724876449 Time: 0.3693505000555888
Train loss: 0.2971332901259496 Val loss: 0.8721917395596392 Time: 0.3853806999977678
Train loss: 0.2942316945740542 Val loss: 0.8702156857470982 Time: 0.3885135999880731
Train loss: 0.29192056472655026 Val loss: 0.8661292018950917 Time: 0.3843240001006052
Train loss: 0.2871466437441449 Val loss: 0.8663675366551615 Time: 0.3854477000422776
Train loss: 0.28696582977106333 Val loss: 0.8573723994195461 Time: 0.3738692000042647
Train loss: 0.2852523691299733 Val loss: 0.8519393991446123 Time: 0.3738092000130564
Train loss: 0.2811529180705117 Val loss: 0.8638151395134628 Time: 0.3763421999756247
Train loss: 0.28045657894943227 Val loss: 0.8569693072931841 Time: 0.379730400047265
Train loss: 0.2767282636553299 Val loss: 0.8562029912718572 Time: 0.39522910001687706
Train loss: 0.27622134628926576 Val loss: 0.8531645540497266 Time: 0.383541899966076
Train loss: 0.2747045428432413 Val loss: 0.8666884002741426 Time: 0.3866710999282077
Train loss: 0.27025502804448853 Val loss: 0.8645361380768009 Time: 0.4373115999624133
Train loss: 0.268892978270566 Val loss: 0.8694139946019277 Time: 0.4088722000597045
Train loss: 0.2647895456662007 Val loss: 0.8664197474136017 Time: 0.4812451999168843
Train loss: 0.2645652941443353 Val loss: 0.8655794541118667 Time: 0.3908221999881789
Train loss: 0.2607346232129909 Val loss: 0.869634949893225 Time: 0.37936729995999485
Train loss: 0.2593049387321227 Val loss: 0.8631819426082075 Time: 0.3827201999956742
Train loss: 0.25907467677949503 Val loss: 0.8571844816906378 Time: 0.37266429990995675
Train loss: 0.25623189339861696 Val loss: 0.8610789134982042 Time: 0.37670540006365627
Train loss: 0.25323982043508747 Val loss: 0.85977848386392 Time: 0.3889353000558913
Train loss: 0.2520109479153362 Val loss: 0.8555037273326889 Time: 0.3771595999132842
Train loss: 0.2528224260862457 Val loss: 0.8539860463934019 Time: 0.36921360006090254
Train loss: 0.24873390616596747 Val loss: 0.8448666196782142 Time: 0.38466650003101677
Train loss: 0.2483053320258426 Val loss: 0.83884914428927 Time: 0.3791699999710545
Train loss: 0.2451126843492616 Val loss: 0.8455002061091363 Time: 0.3912026999751106
Train loss: 0.24484559215367924 Val loss: 0.8522372401203029 Time: 0.38778390001971275
Train loss: 0.24229551229204233 Val loss: 0.8486253469600342 Time: 0.377980999997817
Train loss: 0.24143181131781555 Val loss: 0.8452270598500036 Time: 0.44062750006560236
Train loss: 0.23929328838352826 Val loss: 0.8569239508942701 Time: 0.44350240007042885
Train loss: 0.23899376755804344 Val loss: 0.8417103200918064 Time: 0.453679500031285
Train loss: 0.23511715731189006 Val loss: 0.8502497352892533 Time: 0.44084519997704774
Train loss: 0.2352872385599774 Val loss: 0.8347753335838206 Time: 0.4892859999090433
Train loss: 0.23248676591985618 Val loss: 0.8590872501663398 Time: 0.43943930009845644
Train loss: 0.23202563246660646 Val loss: 0.8478873411659151 Time: 0.4125951000023633
Train loss: 0.228683882868238 Val loss: 0.8439624357270077 Time: 0.38506569992750883
Train loss: 0.22823058152749187 Val loss: 0.8320374619797803 Time: 0.4807641999796033
Train loss: 0.22574444015304124 Val loss: 0.8476238791481592 Time: 0.40130849997512996
Train loss: 0.2246019148883338 Val loss: 0.8494484584662132 Time: 0.3840968000004068
Train loss: 0.22299427583717982 Val loss: 0.835190586571116 Time: 0.39085620001424104
Train loss: 0.22244911150951197 Val loss: 0.820626298780553 Time: 0.3833621999947354
Train loss: 0.22005912880777423 Val loss: 0.847585387644358 Time: 0.39046310004778206
Train loss: 0.21948542322402842 Val loss: 0.8351614911516663 Time: 0.3738247000146657
Train loss: 0.2161039971980392 Val loss: 0.839838229760062 Time: 0.41588169999886304
Train loss: 0.21561188801243225 Val loss: 0.8346526263194392 Time: 0.3804495999356732
Train loss: 0.2135574392980521 Val loss: 0.8420646339654922 Time: 0.3799264000263065
Train loss: 0.21341297617442267 Val loss: 0.8325107358250534 Time: 0.3958006000611931
Train loss: 0.21079098706399096 Val loss: 0.8380847729858942 Time: 0.3705732999369502
Train loss: 0.21137751571541313 Val loss: 0.8389530747372191 Time: 0.3647461999207735
Train loss: 0.2094565214781312 Val loss: 0.8506448873522459 Time: 0.3814950999803841
Train loss: 0.20921389306371896 Val loss: 0.8438729514018632 Time: 0.3804420999949798
Train loss: 0.2088566587764451 Val loss: 0.8305451051855925 Time: 0.38102760002948344
Train loss: 0.20622864335025037 Val loss: 0.8462380606215447 Time: 0.3895437999162823
Train loss: 0.2071556795483438 Val loss: 0.8388827895832947 Time: 0.3657897999510169
Train loss: 0.20503236768330693 Val loss: 0.840018418894033 Time: 0.41572699998505414
Train loss: 0.20590299226083325 Val loss: 0.836302199808415 Time: 0.36918579996563494
Train loss: 0.20311092115787988 Val loss: 0.8374462119681993 Time: 0.3758099999977276
Train loss: 0.2025893577133115 Val loss: 0.8185088719255873 Time: 0.3839366000611335
Train loss: 0.2013915681732361 Val loss: 0.8310297668358544 Time: 0.37657510000281036
Train loss: 0.2005890166133093 Val loss: 0.8218730092485202 Time: 0.37537230004090816
Train loss: 0.1999325337909999 Val loss: 0.8298278958100127 Time: 0.38346589996945113
Train loss: 0.20036803549514204 Val loss: 0.8136291858827462 Time: 0.370171400019899
Train loss: 0.198849047474413 Val loss: 0.8248896805671393 Time: 0.38538389990571886
Train loss: 0.19872878986120038 Val loss: 0.8212157264933921 Time: 0.37611429998651147
Train loss: 0.19646090661942162 Val loss: 0.8371661247147131 Time: 0.39643049996811897
Train loss: 0.19784698792129768 Val loss: 0.8135821627511177 Time: 0.37807649991009384
Train loss: 0.19688404914884355 Val loss: 0.8474510107480455 Time: 0.3794080000370741
Train loss: 0.19523879797584168 Val loss: 0.8091508124271058 Time: 0.37935730000026524
Train loss: 0.1931719836196515 Val loss: 0.83506107993162 Time: 0.3683471999829635
Train loss: 0.19295943731103227 Val loss: 0.8332333106372971 Time: 0.3871437000343576
Train loss: 0.19242711452716055 Val loss: 0.8264519044787448 Time: 0.3939312999136746
Train loss: 0.1909277230902484 Val loss: 0.8303218635446683 Time: 0.3879898999584839
Train loss: 0.19157191749355462 Val loss: 0.8063199767311744 Time: 0.38070910004898906
Train loss: 0.19108137718720908 Val loss: 0.8255171898090339 Time: 0.3967182000633329
Train loss: 0.18972391798858856 Val loss: 0.8235378683639283 Time: 0.3809222000418231
Train loss: 0.18856882707557499 Val loss: 0.8386815846643003 Time: 0.37602460000198334
Train loss: 0.18728888737742722 Val loss: 0.81446410094577 Time: 0.37613640003837645
Train loss: 0.18667721169368273 Val loss: 0.8554966923766187 Time: 0.375961699988693
Train loss: 0.18503735292597856 Val loss: 0.833090031374013 Time: 0.3771490999497473
Train loss: 0.1854286635872251 Val loss: 0.8162379235109256 Time: 0.38021109998226166
Train loss: 0.18483742859893457 Val loss: 0.8368708590824099 Time: 0.3845382999861613
Train loss: 0.1837541263532052 Val loss: 0.8171937149818405 Time: 0.37429589999374
Train loss: 0.18454539169192474 Val loss: 0.8506942357998923 Time: 0.388647900079377
Train loss: 0.1812800717950156 Val loss: 0.8246777801941789 Time: 0.3689852000679821
Train loss: 0.18100420304603482 Val loss: 0.8302361658861628 Time: 0.3754612000193447
Train loss: 0.1805344136326788 Val loss: 0.8342624252254609 Time: 0.38220700004603714
Train loss: 0.17935088402283905 Val loss: 0.8272380856542441 Time: 0.37375589995644987
Train loss: 0.18019488557312346 Val loss: 0.8208419224392856 Time: 0.3831491000019014
Train loss: 0.17890908916559928 Val loss: 0.8336797752417624 Time: 0.3871916000498459
Train loss: 0.17755996642452876 Val loss: 0.8310166873488924 Time: 0.3883283999748528
Train loss: 0.1773121819521477 Val loss: 0.8141108694471768 Time: 0.4014788999920711
Train loss: 0.17659643422552107 Val loss: 0.8171708439585927 Time: 0.38709990005008876
Train loss: 0.17567958940748496 Val loss: 0.8253187120644725 Time: 0.3781884000636637
Train loss: 0.17607447317202163 Val loss: 0.8066970789004699 Time: 0.3758785999380052
Train loss: 0.17511176414049112 Val loss: 0.8088545002610772 Time: 0.36924050003290176
Train loss: 0.17403747808211056 Val loss: 0.81483486500656 Time: 0.3807248000521213
Train loss: 0.17320079625417417 Val loss: 0.8190667318267515 Time: 0.3635272999526933
Train loss: 0.17428065819076988 Val loss: 0.8329202807108231 Time: 0.38394830003380775
Train loss: 0.17283743936279006 Val loss: 0.801018677342654 Time: 0.4026237999787554
Train loss: 0.172727983722601 Val loss: 0.7837179111265868 Time: 0.39553400001022965
Train loss: 0.17136570161807985 Val loss: 0.8117295811789518 Time: 0.38648540002759546
Train loss: 0.1721014146423962 Val loss: 0.8336883755891904 Time: 0.39516080007888377
Train loss: 0.17090437436340977 Val loss: 0.8075327794467739 Time: 0.42219039995688945
Train loss: 0.1698322093009721 Val loss: 0.7649192659009714 Time: 0.4075576999457553
Train loss: 0.17048020178952583 Val loss: 0.7658240726923395 Time: 0.3839111999841407
Train loss: 0.17017995410623799 Val loss: 0.8134214846977557 Time: 0.43535590008832514
Train loss: 0.16937428352400286 Val loss: 0.822721117598121 Time: 0.3885527999373153
Train loss: 0.16940086186360126 Val loss: 0.7877341018538573 Time: 0.3869593000272289
Train loss: 0.16947754649954672 Val loss: 0.7596026038372656 Time: 0.3836806999752298
Train loss: 0.16695879435258754 Val loss: 0.7728651359557261 Time: 0.37014970008749515
Train loss: 0.16684709371695736 Val loss: 0.8155614805837104 Time: 0.423452099901624
Complete
 Total time: 79.04813639994245