starting log for model: C:\Users\christopher.johnson\Documents\lstm_new_22-23.pth
Train loss: 15.962856239596684 Val loss: 1.7903661678825054 Time: 0.7239879000007932
Train loss: 14.352280812848422 Val loss: 1.643227616121648 Time: 0.7327323000008619
Train loss: 14.286208482474962 Val loss: 1.6368866365949017 Time: 0.6971281000005547
Train loss: 13.960427330933655 Val loss: 1.6050022135434878 Time: 0.6935952000003454
Train loss: 13.278035708611469 Val loss: 1.5351297536006856 Time: 0.6820757999994385
Train loss: 11.929443819035214 Val loss: 1.3994169189724006 Time: 0.6751777999998012
Train loss: 10.158346866028225 Val loss: 1.214241875442843 Time: 0.6715160999992804
Train loss: 8.282413327304416 Val loss: 1.0188176682177952 Time: 0.6825150000004214
Train loss: 7.382713878384838 Val loss: 0.92211297745046 Time: 0.7958433000003424
Train loss: 6.918064712524448 Val loss: 0.8715455210646053 Time: 1.5145625999994081
Train loss: 6.75004463027517 Val loss: 0.8498538255089086 Time: 1.1229074999992008
Train loss: 6.716115785014097 Val loss: 0.841025568865514 Time: 0.8260902000001806
Train loss: 6.585557095292369 Val loss: 0.8267147835746945 Time: 0.6748632999988331
Train loss: 6.574883274603025 Val loss: 0.8248313321029862 Time: 0.6727245000001858
Train loss: 6.540243365110724 Val loss: 0.8138884206922044 Time: 0.760662600001524
Train loss: 6.366020058585448 Val loss: 0.8003128305297639 Time: 0.6869476000010764
Train loss: 6.232001440744682 Val loss: 0.7872592211167246 Time: 0.6773272000009456
Train loss: 6.131123942845832 Val loss: 0.7737826691499369 Time: 0.6854922000002261
Train loss: 6.1236930057906696 Val loss: 0.7734578074303544 Time: 0.6621503999995184
Train loss: 5.995390295414694 Val loss: 0.7575148337777732 Time: 0.7039579000011145
Train loss: 5.92714307424613 Val loss: 0.7500795493236926 Time: 0.6783964000005653
Train loss: 5.8330248715572 Val loss: 0.7401136123000258 Time: 0.6684705000006943
Train loss: 5.871008230290865 Val loss: 0.7407130174566364 Time: 0.6657720999992307
Train loss: 5.747081865452188 Val loss: 0.7261874168104517 Time: 0.6653196000006574
Train loss: 5.767441836929052 Val loss: 0.7302849958207834 Time: 0.6583444999996573
Train loss: 5.780583971257323 Val loss: 0.7251654695203402 Time: 0.7421376000002056
Train loss: 5.380929641817049 Val loss: 0.6933430161311106 Time: 0.6679502000006323
Train loss: 5.401442932630125 Val loss: 0.6842437694359363 Time: 0.747421399999439
Train loss: 5.294180713707375 Val loss: 0.680453492600875 Time: 0.6558585000002495
Train loss: 5.4715198193192975 Val loss: 0.6859083097847918 Time: 0.6715107999989414
Train loss: 5.1097221305282154 Val loss: 0.6565868259755487 Time: 0.6445212999988144
Train loss: 4.938287891359921 Val loss: 0.6317424460689494 Time: 0.6643573000001197
Train loss: 4.977377196214642 Val loss: 0.6363276361510648 Time: 0.667346300000645
Train loss: 4.8661407094739815 Val loss: 0.62649589012992 Time: 0.6456354999991163
Train loss: 4.7138357811807765 Val loss: 0.5787009160645602 Time: 0.6499825999999302
Train loss: 4.688355621125531 Val loss: 0.5689053630576054 Time: 0.6908208999993803
Train loss: 4.558176515158236 Val loss: 0.5574456711985998 Time: 0.6614864000002854
Train loss: 4.499526780862229 Val loss: 0.542743120317174 Time: 0.6471130000008998
Train loss: 4.655628656781442 Val loss: 0.5584446851347046 Time: 0.7105085999992298
Train loss: 4.410654572114552 Val loss: 0.5235270370498096 Time: 0.6691111000000092
Train loss: 4.394403402124674 Val loss: 0.5325634251671786 Time: 0.6678809999993973
Train loss: 4.313129938309626 Val loss: 0.5207192879554179 Time: 0.6707292999999481
Train loss: 4.247010940703749 Val loss: 0.5110228479199771 Time: 0.7616290000005392
Train loss: 3.9673266946438304 Val loss: 0.4790848687652153 Time: 0.7194102999983443
Train loss: 3.913522121406083 Val loss: 0.47241919048407804 Time: 0.6850604999999632
Train loss: 3.9664690789004737 Val loss: 0.47265155039428125 Time: 0.6901522999996814
Train loss: 4.000720700992019 Val loss: 0.4729966340642478 Time: 0.6762406000016199
Train loss: 3.7645105029273433 Val loss: 0.4462835607291203 Time: 0.6706472000005306
Train loss: 3.7873430033756676 Val loss: 0.44903674808159444 Time: 0.6738718999986304
Train loss: 3.673709737692173 Val loss: 0.4288608088824456 Time: 0.6749057000015455
Train loss: 3.5787622909968704 Val loss: 0.42031485443285804 Time: 0.6579007000000274
Train loss: 3.5843683257350847 Val loss: 0.4188911952932295 Time: 0.6694741000010254
Train loss: 3.5419146773383794 Val loss: 0.4046393914506235 Time: 0.64458470000136
Train loss: 3.615344151382459 Val loss: 0.4168922313488659 Time: 0.6596990999987611
Train loss: 3.4209854462078804 Val loss: 0.3915717716269513 Time: 0.6586838999992324
Train loss: 3.6178308613243146 Val loss: 0.4100639275853399 Time: 0.6845823999992717
Train loss: 3.3842142781417146 Val loss: 0.38561880122085285 Time: 0.6688068000003113
Train loss: 3.302426589440188 Val loss: 0.3730700733994648 Time: 0.6759681000003184
Train loss: 3.2500089745952465 Val loss: 0.3676318784411528 Time: 0.6441161999991891
Train loss: 3.2372720156214543 Val loss: 0.3642613463792567 Time: 0.6560214999990421
Train loss: 3.010408291057985 Val loss: 0.3413590192060568 Time: 0.6546311000001879
Train loss: 3.158321889613049 Val loss: 0.35197550570630537 Time: 0.6679139000007126
Train loss: 3.2301116960382954 Val loss: 0.36227536062924093 Time: 0.6361369999995077
Train loss: 2.9859954820761074 Val loss: 0.33760039734334246 Time: 0.659366100000625
Train loss: 3.0249681023947588 Val loss: 0.33685641485147766 Time: 0.6478943999991316
Train loss: 2.933395263513609 Val loss: 0.32640847919069677 Time: 0.6755966000000626
Train loss: 2.9573350281379094 Val loss: 0.3278804598557093 Time: 0.6532942000012554
Train loss: 2.915609618562378 Val loss: 0.3242362760612911 Time: 0.6530083999987255
Train loss: 2.9066729922125454 Val loss: 0.3206200929090643 Time: 0.6604759999991074
Train loss: 2.8068304469484033 Val loss: 0.3150795420599007 Time: 0.6734018000006472
Train loss: 2.726662023899049 Val loss: 0.2891439441255021 Time: 0.7079217999998946
Train loss: 2.921060599109264 Val loss: 0.30532927361439643 Time: 0.6558463999990636
Train loss: 2.7802173265614165 Val loss: 0.28947272041441796 Time: 0.6462432999996963
Train loss: 2.634682221453045 Val loss: 0.27766917167008287 Time: 0.6416090000002441
Train loss: 2.7825245845599795 Val loss: 0.2857084993918592 Time: 0.7034734999997454
Train loss: 2.823487835216582 Val loss: 0.2923824616083741 Time: 0.6688447000015003
Train loss: 2.547399887605451 Val loss: 0.2652259782486734 Time: 0.6667301999987103
Train loss: 2.75324837496494 Val loss: 0.2869014533236293 Time: 0.6864193000001251
Train loss: 2.606879718398666 Val loss: 0.2726029520150656 Time: 0.660787300001175
Train loss: 2.5217018545402254 Val loss: 0.26121275348680323 Time: 0.6572434000008798
Train loss: 2.5823130264808287 Val loss: 0.2660774663167012 Time: 0.6626157999999123
Train loss: 2.457166421714984 Val loss: 0.2572119610796487 Time: 0.6672713999996631
Train loss: 2.595578741805493 Val loss: 0.2700912191732146 Time: 0.6660457000016322
Train loss: 2.500794012631499 Val loss: 0.2579455185999052 Time: 0.6600083999983326
Train loss: 2.516782123707685 Val loss: 0.25797415314026606 Time: 0.6685784999990574
Train loss: 2.370542740815324 Val loss: 0.24561952420362518 Time: 0.6726464000003034
Train loss: 2.593398851461377 Val loss: 0.26680327361653877 Time: 0.6883214999998017
Train loss: 2.5239726728608236 Val loss: 0.26274048901816166 Time: 0.65019939999911
Train loss: 2.522823284054141 Val loss: 0.2600595462226508 Time: 0.6953223999989859
Train loss: 2.5979547122516315 Val loss: 0.2735270375822155 Time: 0.6437675999986823
Train loss: 2.393804574165106 Val loss: 0.24726690059754364 Time: 0.6565547000009246
Train loss: 2.2179754026549574 Val loss: 0.23263930473163086 Time: 0.6601529999988998
Train loss: 2.3439544425083625 Val loss: 0.24447238846943273 Time: 0.6691087999988667
Train loss: 2.3156952728844153 Val loss: 0.23602018822547516 Time: 0.6589816999985487
Train loss: 2.435826172027049 Val loss: 0.26877597214113824 Time: 0.670856200000344
Train loss: 2.4229853119261477 Val loss: 0.26935839094497127 Time: 0.6422834000004514
Train loss: 2.2231160144158473 Val loss: 0.2510483076424738 Time: 0.668512300000657
Train loss: 2.175893853625759 Val loss: 0.2478757156117716 Time: 0.6488656999990781
Train loss: 2.1582536634003304 Val loss: 0.24750047732212202 Time: 0.6670628000010765
Train loss: 2.093993337476668 Val loss: 0.24260260075003173 Time: 0.6776153999999224
Train loss: 2.0303988714298384 Val loss: 0.2327136337241061 Time: 0.6541552999988198
Train loss: 2.2237681320787255 Val loss: 0.2510269042339457 Time: 0.6385176000003412
Train loss: 2.176288705490826 Val loss: 0.25222701648446516 Time: 0.6645096000011108
Train loss: 2.102073573757772 Val loss: 0.2425281982703132 Time: 0.6482965999985026
Train loss: 2.0997326589219174 Val loss: 0.2965928493285573 Time: 0.6580059999996593
Train loss: 1.9635601709277108 Val loss: 0.28894718621059595 Time: 0.6632792999989761
Train loss: 2.0000627651502523 Val loss: 0.2352457399577297 Time: 0.6603130999992572
Train loss: 2.12426934550356 Val loss: 0.29464140457083243 Time: 0.6641302999996697
Train loss: 2.059655702163724 Val loss: 0.29367682094085784 Time: 0.6726280999992014
Train loss: 2.0673077647894944 Val loss: 0.29510223832329796 Time: 0.6746331000013015
Train loss: 2.006129883942211 Val loss: 0.2876338084145118 Time: 0.6567976999995153
Train loss: 1.8657433007606437 Val loss: 0.28108579580662557 Time: 0.6709281999992527
Train loss: 1.9657118919554506 Val loss: 0.2864431943324519 Time: 0.6633122999992338
Train loss: 1.9266487167327924 Val loss: 0.2842971678562407 Time: 0.6660104999991745
Train loss: 2.0408799623998846 Val loss: 0.29209722171830316 Time: 0.6710867000001599
Train loss: 1.8509700400482245 Val loss: 0.2777006123751613 Time: 0.7105805999999575
Train loss: 1.7638086140585187 Val loss: 0.2735139890640782 Time: 0.6742623000009189
Train loss: 1.8437599987611755 Val loss: 0.27498585740680703 Time: 0.7093922000003658
Train loss: 1.914172699055488 Val loss: 0.28482424117490257 Time: 0.6319691000007879
Train loss: 1.7205089793817336 Val loss: 0.268009358364444 Time: 0.6629888999996183
Train loss: 1.9262938232551523 Val loss: 0.2816875278876253 Time: 0.6622947999985627
Train loss: 1.7536404402240748 Val loss: 0.27114223788595515 Time: 0.6667446999999811
Train loss: 1.6312212217306148 Val loss: 0.2668622297268648 Time: 0.6633363999990252
Train loss: 1.6315063188370136 Val loss: 0.2637926667897575 Time: 0.6494486000010511
Train loss: 1.7920474474657482 Val loss: 0.2731327326522761 Time: 0.716716599999927
Train loss: 1.7718759693456911 Val loss: 0.2722632876901357 Time: 0.659759899999699
Train loss: 1.6615910947524526 Val loss: 0.2665006361533682 Time: 0.6531049000004714
Train loss: 1.6965302611944773 Val loss: 0.26340799790331915 Time: 0.6588974000005692
Train loss: 1.7060087718850916 Val loss: 0.2694689713252313 Time: 0.6447678999993514
Train loss: 1.646568118537821 Val loss: 0.2698944631312544 Time: 0.6630452000008518
Train loss: 1.7352571805973298 Val loss: 0.2695039081433689 Time: 0.6553664000002755
Train loss: 1.7326540804599802 Val loss: 0.27106274329761026 Time: 0.6692665999999008
Shrinking learning rate to 1e-05
Train loss: 1.731747701775074 Val loss: 0.2695250547121791 Time: 0.6405998999998701
Train loss: 1.5003951027421039 Val loss: 0.25487858865517604 Time: 0.6774829999994836
Train loss: 1.545287154793499 Val loss: 0.2577199297188528 Time: 0.6614042000001064
Train loss: 1.6353349096356489 Val loss: 0.26327319455940934 Time: 0.6681138999992982
Train loss: 1.452406914032217 Val loss: 0.25335063021886317 Time: 0.657526200000575
Train loss: 1.6861171815387586 Val loss: 0.267826185453696 Time: 0.6722715000014432
Train loss: 1.5083613957701534 Val loss: 0.2569221883713516 Time: 0.6664756999998644
Train loss: 1.5646891147570532 Val loss: 0.26045071067069037 Time: 0.656084500000361
Train loss: 1.5507175637792585 Val loss: 0.2586263507989907 Time: 0.6502632000010635
Train loss: 1.5145877245049206 Val loss: 0.2559646496792334 Time: 0.675011600000289
Train loss: 1.659646052567453 Val loss: 0.26513512556835994 Time: 0.6731378000004042
Train loss: 1.6388211960417607 Val loss: 0.2635163429030214 Time: 0.7012118999991799
Train loss: 1.616976160335014 Val loss: 0.26193528735889504 Time: 0.6788352000003215
Train loss: 1.702641806523124 Val loss: 0.26724834107213635 Time: 0.6720300999986648
Shrinking learning rate to 1.0000000000000002e-06
Train loss: 1.5078619606090164 Val loss: 0.2564738799822189 Time: 0.6603367000006983
Train loss: 1.5413581776150203 Val loss: 0.258404781061776 Time: 0.668315299999449
Train loss: 1.5713087108726143 Val loss: 0.26022087085913004 Time: 0.657867099998839
Train loss: 1.5147688851627095 Val loss: 0.25670807585204297 Time: 0.6717783000003692
Train loss: 1.5866957970443316 Val loss: 0.26097662480252887 Time: 0.647102700000687
Train loss: 1.5849632853782474 Val loss: 0.260834018643874 Time: 0.6589740999988862
Train loss: 1.7120854950570674 Val loss: 0.2686636714403009 Time: 0.6515476000004128
Train loss: 1.6540528366304272 Val loss: 0.2649313657136022 Time: 0.6743877999997494
Train loss: 1.617710515383461 Val loss: 0.26258703420603147 Time: 0.6593496999994386
Train loss: 1.4789074270084654 Val loss: 0.2542415892015995 Time: 0.6459652000012284
Shrinking learning rate to 1.0000000000000002e-07
Learning rate getting small
Complete
 Total time: 106.42622220000158