starting log for model: Q:\00- PROJECTS\Flu Forecasts\flu\flu\models\lstm_cnn_drop_22-23.pth
Train loss: 13.939937815734243 Val loss: 2.2507799054474162 Time: 0.8863917999988189
Train loss: 10.034807140646343 Val loss: 1.4975162275950424 Time: 0.8358879000006709
Train loss: 7.251813576287587 Val loss: 1.2617370125080924 Time: 0.8120807000086643
Train loss: 6.563257614370107 Val loss: 1.0513510404434783 Time: 0.8341593999939505
Train loss: 6.0526494223650245 Val loss: 0.9892818273947341 Time: 0.8431018999981461
Train loss: 5.968262235159144 Val loss: 0.9788839965476654 Time: 0.8251586999977008
Train loss: 5.64641877848577 Val loss: 0.964048321631708 Time: 0.8452706999960355
Train loss: 5.474495255740529 Val loss: 0.9528281025982324 Time: 0.8263267000002088
Train loss: 5.167708425276494 Val loss: 0.968393207549525 Time: 0.8576551000005566
Train loss: 4.641523867930384 Val loss: 0.9793834286210767 Time: 0.8072675000003073
Train loss: 4.659516401133596 Val loss: 1.017170495754499 Time: 0.8422520000021905
Train loss: 4.549079940598864 Val loss: 1.052090716708335 Time: 0.8272266999993008
Train loss: 4.24694242509584 Val loss: 1.0942779815668473 Time: 0.8069008000020403
Train loss: 4.005185244030882 Val loss: 1.152295043808408 Time: 0.8584611000114819
Train loss: 3.8610031904913473 Val loss: 1.188287828990724 Time: 0.8279370999953244
Train loss: 3.8080988153106103 Val loss: 1.3055692397756502 Time: 0.8214139000046998
Train loss: 3.3880350293322143 Val loss: 1.3510428258450702 Time: 0.8884107000048971
Train loss: 3.2373949326436806 Val loss: 1.5343021883163601 Time: 0.811584999988554
Train loss: 3.1817988578730683 Val loss: 1.5365859498269856 Time: 0.7587340000027325
Train loss: 2.866012557550281 Val loss: 1.5946866322706796 Time: 0.8032966000027955
Train loss: 2.7538757392774653 Val loss: 1.7920210546435555 Time: 0.7857291999971494
Train loss: 2.6991532654259354 Val loss: 1.6175646764459088 Time: 0.8025976000062656
Train loss: 2.578667571545245 Val loss: 1.8361070716346148 Time: 0.788680799989379
Train loss: 2.383726746616559 Val loss: 1.832092995988205 Time: 0.8082891999947606
Train loss: 2.208375430074961 Val loss: 1.9778927826555446 Time: 0.7820228000055067
Train loss: 2.3058797294892632 Val loss: 1.9673414451535791 Time: 0.8236932999861892
Train loss: 2.057746377896659 Val loss: 2.107693312835181 Time: 0.849519399998826
Train loss: 1.8505233740999183 Val loss: 2.086716120694973 Time: 0.8693520999950124
Train loss: 1.818827390686316 Val loss: 2.0927087105810642 Time: 0.8321065000054659
Train loss: 1.808650030244678 Val loss: 2.153946406469913 Time: 0.8030329000030179
Train loss: 1.8280811909401162 Val loss: 2.2963947174994246 Time: 0.7690417999983765
Train loss: 1.6699068861760902 Val loss: 2.1725935474969447 Time: 0.8285378000000492
Train loss: 1.6794464930159017 Val loss: 2.3384063832927495 Time: 0.8160736999998335
Train loss: 1.5145213534235569 Val loss: 2.1943880875987816 Time: 0.7885463999991771
Train loss: 1.555323947312413 Val loss: 2.5941727198660374 Time: 0.8169716999982484
Train loss: 1.4611911672337874 Val loss: 2.3210246413655113 Time: 0.7896250000048894
Train loss: 1.4585224236516332 Val loss: 2.2996003044827376 Time: 0.8112249999976484
Train loss: 1.4612796261622352 Val loss: 2.265569340728689 Time: 0.8107007999933558
Train loss: 1.4118319384477198 Val loss: 2.208519956588191 Time: 0.8166391999984626
Train loss: 1.4227855904461135 Val loss: 2.2291968536769673 Time: 0.8149435999948764
Train loss: 1.2338425085253966 Val loss: 2.6084631712874398 Time: 0.8130738000036217
Train loss: 1.2795272316211213 Val loss: 2.2086796799267177 Time: 0.872305700002471
Train loss: 1.055844893129588 Val loss: 2.0567431936752314 Time: 0.9431896000023698
Train loss: 1.143014020706794 Val loss: 2.45024515199475 Time: 0.8297332000074675
Train loss: 1.1729463730428533 Val loss: 1.8519613675307482 Time: 0.764107499999227
Train loss: 1.3018595271643967 Val loss: 2.1790628083690535 Time: 0.8357890000042971
Train loss: 1.09490627615976 Val loss: 2.1616976590594277 Time: 0.9200716000050306
Train loss: 1.1021970635655907 Val loss: 2.010072705539642 Time: 0.9519855999969877
Train loss: 1.0530533533569049 Val loss: 1.602653031470254 Time: 0.9152377999998862
Train loss: 0.9122463017948697 Val loss: 1.9491257611371111 Time: 0.9233518999972148
Train loss: 0.848672722618167 Val loss: 2.075848885710002 Time: 0.9015120999974897
Train loss: 1.1869485792338603 Val loss: 1.6893843222493032 Time: 0.8185778000042774
Train loss: 0.8539462532330708 Val loss: 1.8122108957104501 Time: 0.9238746000046376
Train loss: 0.760276192590545 Val loss: 1.7487826740834862 Time: 0.8991819000075338
Train loss: 0.8268304976174449 Val loss: 1.668948898295639 Time: 0.9728570000006584
Train loss: 0.8849083058917557 Val loss: 1.7308645925222663 Time: 1.0076930000068387
Train loss: 0.816209668380381 Val loss: 1.8211088476527948 Time: 0.8484635999921011
Train loss: 0.706001045064308 Val loss: 1.6181354075670242 Time: 0.8086584000120638
Train loss: 0.9387812327998963 Val loss: 1.9054813293041661 Time: 0.7950260000070557
Train loss: 0.8503929062150917 Val loss: 1.705305066134315 Time: 0.8319610000035027
Train loss: 0.8142620089941719 Val loss: 1.7034152289711528 Time: 0.7787769999995362
Train loss: 0.8083851837754548 Val loss: 1.822560384607641 Time: 0.7820713999972213
Train loss: 0.7731677263700334 Val loss: 1.765707504178863 Time: 0.8436347000097157
Train loss: 0.659540456219025 Val loss: 1.7894871233729646 Time: 0.8218434000009438
Train loss: 0.7559729653292386 Val loss: 1.6995956894825213 Time: 0.7835047999978997
Train loss: 0.8132198417926859 Val loss: 1.5318076483963523 Time: 0.8189196999883279
Train loss: 0.6999198398312574 Val loss: 1.754999011970515 Time: 0.8033346000011079
Train loss: 0.6250213652713845 Val loss: 1.6478265478508547 Time: 0.8116105000081006
Train loss: 0.6869253148884038 Val loss: 1.8029118691904387 Time: 0.8120820000040112
Train loss: 0.8769951302236798 Val loss: 2.1018907547695562 Time: 0.8010021999944001
Train loss: 0.7108400984061354 Val loss: 1.95855654560728 Time: 0.8087611999944784
Train loss: 0.6385030936827034 Val loss: 1.7393445639318088 Time: 0.79134250000061
Train loss: 0.682658657577818 Val loss: 1.831960446528683 Time: 0.8026360999938333
Train loss: 0.5519954968434027 Val loss: 1.67866385144589 Time: 0.8198246999963885
Train loss: 0.5212745585882863 Val loss: 1.719284622115083 Time: 0.841306500005885
Train loss: 0.6986105387302013 Val loss: 1.8512255111709237 Time: 0.808801899998798
Train loss: 0.6629776657967037 Val loss: 2.4243155790609308 Time: 0.7986439999949653
Train loss: 0.862390798570807 Val loss: 1.8655995951239674 Time: 0.7945296999969287
Train loss: 0.828100279738978 Val loss: 1.9056197230529506 Time: 0.8161082999868086
Train loss: 0.5590393463836847 Val loss: 1.666824281513982 Time: 0.7980201000027591
Train loss: 0.7362760148408265 Val loss: 1.846129246383498 Time: 0.8223538000020199
Train loss: 0.5632318024478278 Val loss: 1.9828781830292428 Time: 0.8046910000120988
Train loss: 0.6676980627838622 Val loss: 1.8741955166915432 Time: 0.8019101000099909
Train loss: 0.4283155273575803 Val loss: 1.733963374979794 Time: 0.8279785999911837
Train loss: 0.44032327113320235 Val loss: 1.7492805605781996 Time: 0.8039166999951703
Train loss: 0.45084498223793634 Val loss: 1.8801660210010596 Time: 0.8993596999935107
Train loss: 0.4336784046652369 Val loss: 1.6837456347420812 Time: 0.8988968999910867
Train loss: 0.5198149883200514 Val loss: 2.0388686088263057 Time: 0.8148995999945328
Train loss: 0.46870784074792216 Val loss: 1.553398205593112 Time: 0.8098197000072105
Train loss: 0.621575369227974 Val loss: 2.060081940588134 Time: 0.7927662000001874
Train loss: 0.5939498836700232 Val loss: 1.8508167172174979 Time: 0.7749341000017012
Train loss: 0.5670917706975267 Val loss: 1.8044862890965305 Time: 0.8105166999885114
Train loss: 0.4240187045593551 Val loss: 1.8542052893208165 Time: 0.7934872000041651
Train loss: 0.5328352052462652 Val loss: 1.7413698854215909 Time: 0.7947294999903534
Train loss: 0.5363759238652679 Val loss: 2.1734139611944556 Time: 0.8147683999995934
Train loss: 0.6409384397522331 Val loss: 1.6765740473929327 Time: 0.8096440000081202
Train loss: 0.5358988749204261 Val loss: 1.823234853320173 Time: 0.7835746999917319
Train loss: 0.39194745522441515 Val loss: 1.7478599110618234 Time: 0.7816930999979377
Train loss: 0.5109901891302311 Val loss: 1.9476908896685927 Time: 0.8164464000001317
Train loss: 0.4664907598509771 Val loss: 1.8268484862637706 Time: 0.8236790999944787
Train loss: 0.524371776110037 Val loss: 2.2053889418020844 Time: 0.8136705999932019
Train loss: 0.4545505664744885 Val loss: 2.1546848910302288 Time: 0.8681302999902982
Train loss: 0.4108408987636939 Val loss: 1.917422124359291 Time: 0.8108377000025939
Train loss: 0.42018152822733956 Val loss: 1.8700877813389525 Time: 0.8186319999949774
Train loss: 0.4697662940980476 Val loss: 1.948176174017135 Time: 0.820193500010646
Train loss: 0.5120671849062004 Val loss: 2.397433915059082 Time: 0.7877139000047464
Train loss: 0.5297364889472143 Val loss: 1.9353230732958764 Time: 0.8073296000075061
Shrinking learning rate to 1e-05
Train loss: 0.5227763968624828 Val loss: 1.7484167484217323 Time: 0.8413294000056339
Train loss: 0.42079462283487157 Val loss: 1.7547224864538293 Time: 0.7931405999988783
Train loss: 0.33591112772485726 Val loss: 1.7545349764695857 Time: 0.794761600001948
Train loss: 0.3645547853168303 Val loss: 1.7629712560737971 Time: 0.7975794999947539
Train loss: 0.34724848912945194 Val loss: 1.7814771211706102 Time: 0.790316200000234
Train loss: 0.3420183173422165 Val loss: 1.7894322899519466 Time: 0.7923117999889655
Train loss: 0.29774571978085607 Val loss: 1.8017170084931422 Time: 0.7917643999971915
Train loss: 0.3382837196558288 Val loss: 1.808234816417098 Time: 0.8305669999972451
Train loss: 0.3418233412966173 Val loss: 1.7939009490655735 Time: 0.785333100007847
Train loss: 0.2996292141533472 Val loss: 1.7952393108280376 Time: 0.8047752999991644
Train loss: 0.40979735391540506 Val loss: 1.8146278535423335 Time: 0.7974654999998165
Train loss: 0.36223543825827553 Val loss: 1.817773253802443 Time: 0.7592578000039794
Train loss: 0.3725789620658446 Val loss: 1.7971081784344278 Time: 0.7988594000053126
Train loss: 0.3041830627971341 Val loss: 1.8193674045614898 Time: 0.791260300000431
Train loss: 0.35214076993959864 Val loss: 1.8174937941948883 Time: 0.7783809000102337
Train loss: 0.39513701253227773 Val loss: 1.8073392019432504 Time: 0.7790682000049856
Shrinking learning rate to 1.0000000000000002e-06
Train loss: 0.3400506016674081 Val loss: 1.8059031615557615 Time: 0.8171386000030907
Train loss: 0.33375965945785535 Val loss: 1.8054383652633987 Time: 0.7836851000029128
Train loss: 0.35461254923360763 Val loss: 1.806271139299497 Time: 0.7991322000016226
Train loss: 0.3353458530472029 Val loss: 1.8066186128708068 Time: 0.7742991999984952
Train loss: 0.3844647002500228 Val loss: 1.8053387275431305 Time: 0.7840844000020297
Train loss: 0.3093524580160585 Val loss: 1.8051787247823086 Time: 0.7608536999905482
Train loss: 0.36335058042992624 Val loss: 1.8044098021346144 Time: 0.7613283999962732
Train loss: 0.34686309699407225 Val loss: 1.8027238374052104 Time: 0.7693994000001112
Train loss: 0.3745379114016132 Val loss: 1.8042892697267234 Time: 0.7740685999888228
Train loss: 0.38295987431391354 Val loss: 1.807947195135057 Time: 0.7893454000004567
Shrinking learning rate to 1.0000000000000002e-07
Learning rate getting small
Complete
 Total time: 111.30178409999644