starting log for model: C:\Users\christopher.johnson\Documents\GitHub\flu\lstm_drop_l1loss.pth
Train loss: 52.720754815032706 Val loss: 4.819423608481884 Time: 1.0158018998336047
Train loss: 48.08473049104214 Val loss: 4.790529064834118 Time: 1.0569424000568688
Train loss: 46.44327262112347 Val loss: 4.728207461535931 Time: 1.0849365000613034
Train loss: 42.74770466017071 Val loss: 4.3725940100848675 Time: 0.880707599921152
Train loss: 37.112329091411084 Val loss: 4.268055386841297 Time: 0.8646521000191569
Train loss: 35.53768518975994 Val loss: 4.029031675308943 Time: 0.9065334000624716
Train loss: 33.23574188771454 Val loss: 3.911574997007847 Time: 0.8857780999969691
Train loss: 31.56720171024017 Val loss: 3.680977798998356 Time: 0.9104993999935687
Train loss: 29.30484931623505 Val loss: 3.386815622448921 Time: 0.9822314998600632
Train loss: 28.148117345983337 Val loss: 3.375169273465872 Time: 1.0564428002107888
Train loss: 27.166016945142474 Val loss: 3.046050537377596 Time: 1.095178599935025
Train loss: 27.601092577191594 Val loss: 2.869457095861435 Time: 0.8982381999958307
Train loss: 26.617866766151565 Val loss: 2.7322681322693825 Time: 0.9063399001024663
Train loss: 25.237468949402228 Val loss: 2.6845705937594175 Time: 0.8955208000261337
Train loss: 25.9588470009694 Val loss: 2.6377587746828794 Time: 0.9066958001349121
Train loss: 25.638936105315224 Val loss: 2.6692839711904526 Time: 0.916976299835369
Train loss: 24.748951053712517 Val loss: 2.6445552185177803 Time: 0.9006352000869811
Train loss: 25.07780623857252 Val loss: 2.5074444338679314 Time: 0.8863602001219988
Train loss: 25.03312802396249 Val loss: 2.502169046550989 Time: 0.931182200089097
Train loss: 24.40162846925523 Val loss: 2.3583344370126724 Time: 0.9904776997864246
Train loss: 23.453429505236727 Val loss: 2.5033380649983883 Time: 0.938503900077194
Train loss: 23.030517186205543 Val loss: 2.5250930208712816 Time: 0.8969750001560897
Train loss: 22.60980212443974 Val loss: 2.384223198518157 Time: 0.9019740999210626
Train loss: 22.930298953157035 Val loss: 2.3498694505542517 Time: 0.9227366999257356
Train loss: 22.99307624580979 Val loss: 2.3230038937181234 Time: 0.9025678001344204
Train loss: 22.636929498330574 Val loss: 2.313296362757683 Time: 0.9373407999519259
Train loss: 22.80594602367637 Val loss: 2.255201919004321 Time: 0.8939810998272151
Train loss: 22.263461474671203 Val loss: 2.242593366652727 Time: 0.9141700998879969
Train loss: 22.18218994745257 Val loss: 2.3773877024650574 Time: 0.8776544001884758
Train loss: 22.008998699929634 Val loss: 2.2661458365619183 Time: 0.9012333999853581
Train loss: 20.99734591550805 Val loss: 2.1973287127912045 Time: 0.9028028000611812
Train loss: 21.330963490137947 Val loss: 2.2237424049526453 Time: 0.9059345999266952
Train loss: 19.783227930609428 Val loss: 2.282812224701047 Time: 0.8884457000531256
Train loss: 20.689772856414038 Val loss: 2.3938120398670435 Time: 0.8711572999600321
Train loss: 19.251878571812995 Val loss: 2.21995572373271 Time: 0.8894762999843806
Train loss: 19.50906096991821 Val loss: 2.2896332684904337 Time: 0.8801219998858869
Train loss: 18.972094403121446 Val loss: 2.356238778680563 Time: 0.9370428000111133
Train loss: 20.36403652104491 Val loss: 2.3246213011443615 Time: 0.8850364999379963
Train loss: 20.44259263737331 Val loss: 2.388393148779869 Time: 0.9391502998769283
Train loss: 19.392020390368998 Val loss: 2.31641654856503 Time: 0.8713529999367893
Train loss: 19.048179542653543 Val loss: 2.4456448443233967 Time: 0.903186900075525
Train loss: 18.807732317829505 Val loss: 2.3169744815677404 Time: 0.8882780000567436
Train loss: 18.598759613472794 Val loss: 2.3581944033503532 Time: 0.8812157998327166
Train loss: 17.38648036250379 Val loss: 2.549447486177087 Time: 0.8892600000835955
Train loss: 19.35672953536414 Val loss: 2.3019213415682316 Time: 0.9016859999392182
Train loss: 18.327874230024463 Val loss: 2.495371712371707 Time: 0.8845496999565512
Train loss: 17.890924002109386 Val loss: 2.3967640474438667 Time: 0.8950958999339491
Train loss: 17.36493945435359 Val loss: 2.4756661988794804 Time: 0.8700950001366436
Train loss: 17.326828031233163 Val loss: 2.580294417217374 Time: 0.8884764998219907
Train loss: 17.96319755937293 Val loss: 2.5116205364465714 Time: 0.8694705001544207
Train loss: 16.715755647608603 Val loss: 2.652498969808221 Time: 0.8962103000376374
Train loss: 17.883996195858344 Val loss: 2.5937625989317894 Time: 0.8991847999859601
Train loss: 17.427672424215416 Val loss: 2.5048065911978483 Time: 0.889230800094083
Train loss: 18.430943431572814 Val loss: 2.643971959128976 Time: 0.888022500090301
Train loss: 17.050272700063942 Val loss: 2.5604435056447983 Time: 0.9370381000917405
Train loss: 17.15250386155094 Val loss: 2.506045823916793 Time: 0.9179358999244869
Train loss: 16.91095328676647 Val loss: 2.5218783728778362 Time: 0.9117465000599623
Train loss: 16.60939571630297 Val loss: 2.4985164906829596 Time: 0.9334148000925779
Train loss: 17.337183781295607 Val loss: 2.4661822617053986 Time: 0.9010949998628348
Train loss: 16.927243387552153 Val loss: 2.5150722097605467 Time: 0.8988935998640954
Train loss: 16.48656419775216 Val loss: 2.4170356187969446 Time: 0.9164011999964714
Train loss: 16.102465125804883 Val loss: 2.529053583741188 Time: 0.8896157999988645
Train loss: 16.563286902026448 Val loss: 2.5162655506283045 Time: 0.9052947000600398
Train loss: 17.954162890186126 Val loss: 2.5949201360344887 Time: 0.9183388999663293
Train loss: 16.375981732468063 Val loss: 2.624657740816474 Time: 0.9127891000825912
Train loss: 16.819179519407385 Val loss: 2.6174828987568617 Time: 0.8945390998851508
Train loss: 16.120394801764633 Val loss: 2.510347504168749 Time: 0.9067812999710441
Train loss: 17.130817530029162 Val loss: 2.5851066671311855 Time: 0.9293611999601126
Train loss: 15.68858548894059 Val loss: 2.5970005057752132 Time: 0.8820294998586178
Train loss: 15.673991064672009 Val loss: 2.6235877070575953 Time: 0.968827199889347
Train loss: 15.098030244997062 Val loss: 2.5446704663336277 Time: 0.920004399958998
Train loss: 16.26810358698276 Val loss: 2.5074397642165422 Time: 0.8941234000958502
Train loss: 15.569622030881874 Val loss: 2.575856814160943 Time: 0.9182422999292612
Train loss: 15.408448359106842 Val loss: 2.515717413276434 Time: 0.8791288000065833
Train loss: 15.100151427759556 Val loss: 2.605627831071615 Time: 0.918549100169912
Train loss: 15.050622723734705 Val loss: 2.6381681337952614 Time: 0.8875855000223964
Train loss: 15.20549448656675 Val loss: 2.58419200591743 Time: 0.9107017000205815
Train loss: 14.984415118807647 Val loss: 2.627794912084937 Time: 0.8894917999859899
Train loss: 14.918797914826428 Val loss: 2.803000072017312 Time: 0.9129417999647558
Train loss: 15.26185365999163 Val loss: 2.6614864077419043 Time: 0.9127271999605
Train loss: 14.62058354250621 Val loss: 2.8443906884640455 Time: 0.9216990999411792
Train loss: 16.40581192274874 Val loss: 2.627434341236949 Time: 0.8838688000105321
Train loss: 14.939644746715658 Val loss: 2.7940338011831045 Time: 0.9050584998913109
Train loss: 14.374495444615604 Val loss: 2.6603174563497305 Time: 0.9227702999487519
Train loss: 15.138051529160293 Val loss: 2.6057747565209866 Time: 0.9503523998428136
Train loss: 14.85266236418829 Val loss: 2.6702883150428534 Time: 0.9466215998400003
Train loss: 14.848431065613113 Val loss: 2.6175151504576206 Time: 0.9010457000695169
Train loss: 15.317029321224254 Val loss: 2.6774090379476547 Time: 0.8699078001081944
Train loss: 14.781427014488145 Val loss: 2.635143840685487 Time: 0.9087364999577403
Train loss: 13.940880319140433 Val loss: 2.7369561083614826 Time: 0.9027991001494229
Train loss: 14.181760076258797 Val loss: 2.6182873472571373 Time: 0.9069423000328243
Train loss: 15.41122577132046 Val loss: 2.677592359483242 Time: 0.922624500002712
Train loss: 14.883518618393396 Val loss: 2.726596375927329 Time: 0.9504772000946105
Train loss: 14.674094682071882 Val loss: 2.6230516340583563 Time: 0.9104003999382257
Train loss: 14.285604424963822 Val loss: 2.6225289069116116 Time: 0.9173117000609636
Train loss: 16.360887137532245 Val loss: 2.5961559806019068 Time: 0.9389758999459445
Train loss: 14.88187667119928 Val loss: 2.651860985904932 Time: 0.9287173999473453
Train loss: 13.494833975833899 Val loss: 2.672756751999259 Time: 0.9106692001223564
Train loss: 14.807913294636819 Val loss: 2.59334209933877 Time: 0.8830130000133067
Train loss: 14.315452192473458 Val loss: 2.6850357595831156 Time: 0.9237200000789016
Train loss: 14.891661001609464 Val loss: 2.6848766412585974 Time: 0.9239031001925468
Train loss: 13.970990858360892 Val loss: 2.637953093275428 Time: 0.883161700097844
Train loss: 15.193399125819269 Val loss: 2.6476868204772472 Time: 0.8871940998360515
Train loss: 14.248858216342342 Val loss: 2.606657847762108 Time: 0.9069918999448419
Train loss: 14.010045882692793 Val loss: 2.694487027823925 Time: 0.9160468999762088
Train loss: 14.284038124911604 Val loss: 2.743370272219181 Time: 0.9000381000805646
Train loss: 14.480240589116875 Val loss: 2.715081727132201 Time: 0.9281868000980467
Shrinking learning rate to 1e-05
Train loss: 14.543215747384238 Val loss: 2.614194991067052 Time: 0.8800910001154989
Train loss: 14.164846676540037 Val loss: 2.5999450739473104 Time: 0.8546142999548465
Train loss: 13.801095047412673 Val loss: 2.5897882860153913 Time: 0.8494122000411153
Train loss: 13.777247422178334 Val loss: 2.5672498159110546 Time: 0.8575130000244826
Train loss: 13.824954460302251 Val loss: 2.5495525170117617 Time: 0.8478216000366956
Train loss: 13.706382821445004 Val loss: 2.5681423880159855 Time: 0.849740499863401
Train loss: 13.80186064222653 Val loss: 2.549266656860709 Time: 0.8510079002007842
Train loss: 14.04474561245297 Val loss: 2.552705504000187 Time: 0.8656345000490546
Train loss: 13.074594972771592 Val loss: 2.5432244185358286 Time: 0.8942414000630379
Train loss: 14.057906676498533 Val loss: 2.53983486443758 Time: 0.9036008000839502
Train loss: 14.626697912193777 Val loss: 2.556877950206399 Time: 0.861807000124827
Train loss: 13.876413277401639 Val loss: 2.544958209618926 Time: 0.8746293000876904
Train loss: 14.488543879742338 Val loss: 2.530203053727746 Time: 0.875268200179562
Train loss: 13.517477998982827 Val loss: 2.5178020019084215 Time: 0.8790865999180824
Train loss: 14.36050219983008 Val loss: 2.5077770818024874 Time: 0.9019878001417965
Train loss: 14.671996514618513 Val loss: 2.5162808392196894 Time: 0.8478186998981982
Train loss: 14.064704030024586 Val loss: 2.5043159872293472 Time: 0.8883589999750257
Train loss: 13.780558500257484 Val loss: 2.4985799957066774 Time: 0.8578630001284182
Shrinking learning rate to 1.0000000000000002e-06
Train loss: 14.166765488582314 Val loss: 2.5439388267695904 Time: 0.9032622999511659
Train loss: 13.997967213581433 Val loss: 2.545213881880045 Time: 0.8876604000106454
Train loss: 13.751430302407243 Val loss: 2.544574962928891 Time: 0.8651837001089007
Train loss: 14.802295564259566 Val loss: 2.541843192651868 Time: 0.8889673000667244
Train loss: 13.84746561558859 Val loss: 2.542492063716054 Time: 0.8874482000246644
Train loss: 14.048597294618958 Val loss: 2.5413096249103546 Time: 0.8489867998287082
Train loss: 13.749407844348752 Val loss: 2.540281442925334 Time: 0.9035821999423206
Train loss: 13.823149678625214 Val loss: 2.538731524720788 Time: 0.8467218999285251
Train loss: 13.681448275922207 Val loss: 2.536366321146488 Time: 0.9029194000177085
Train loss: 13.418574206378253 Val loss: 2.5358240604400635 Time: 0.8619265998713672
Shrinking learning rate to 1.0000000000000002e-07
Learning rate getting small
Complete
 Total time: 122.58672389993444