starting log for model: C:\Users\christopher.johnson\Documents\GitHub\flu\lstm_diffdata.pth
Train loss: 10.459894616000062 Val loss: 1.5704651129199192 Time: 0.4096063000615686
Train loss: 4.689259952635581 Val loss: 1.586546714126598 Time: 0.41026599996257573
Train loss: 3.281092675110328 Val loss: 1.6774158605840057 Time: 0.4019592000404373
Train loss: 2.8606763411128284 Val loss: 1.451349533861503 Time: 0.33534240000881255
Train loss: 2.807093532108527 Val loss: 1.4914865562459454 Time: 0.319167000008747
Train loss: 2.196735846890432 Val loss: 1.1297143481497187 Time: 0.32080819993279874
Train loss: 2.277920018772624 Val loss: 1.2606821915251203 Time: 0.3254889000672847
Train loss: 3.758332422332192 Val loss: 1.590938626197385 Time: 0.32571320002898574
Train loss: 3.793356966852812 Val loss: 1.4679485075175762 Time: 0.32060860004276037
Train loss: 2.9865619730620505 Val loss: 1.2376136115053669 Time: 0.3305803999537602
Train loss: 3.189247635959525 Val loss: 1.3949292194010923 Time: 0.3261151999467984
Train loss: 2.8432388162731375 Val loss: 1.0390324290347053 Time: 0.32302770006936044
Train loss: 2.352285297225862 Val loss: 1.0090523588878568 Time: 0.3303885000059381
Train loss: 2.1191882296399456 Val loss: 1.1182699437777046 Time: 0.3250955999828875
Train loss: 1.7421564502233107 Val loss: 1.4914611922577024 Time: 0.3233510000864044
Train loss: 3.2030889245286573 Val loss: 1.020983644419175 Time: 0.3148476000642404
Train loss: 1.7793443598483236 Val loss: 1.3041976939421147 Time: 0.30812739999964833
Train loss: 1.685966905220066 Val loss: 1.2476025827927515 Time: 0.3131966999499127
Train loss: 1.9159741495564333 Val loss: 0.8427077136002481 Time: 0.31209619995206594
Train loss: 1.444956887129814 Val loss: 0.9053238964697812 Time: 0.3148698000004515
Train loss: 1.2031740031823965 Val loss: 1.018185932887718 Time: 0.37289960007183254
Train loss: 0.992238656620259 Val loss: 0.9719923494849354 Time: 0.4260369000257924
Train loss: 1.0904922776177353 Val loss: 0.8903898022399517 Time: 0.4586211000569165
Train loss: 1.1360354036803244 Val loss: 1.0398564933439047 Time: 0.4868301000678912
Train loss: 1.1050530771626583 Val loss: 0.9079167781746946 Time: 0.47737079998478293
Train loss: 1.589948646466265 Val loss: 1.7777786095975898 Time: 0.4639506000094116
Train loss: 1.707884655124225 Val loss: 0.8944267416300136 Time: 0.47341019997838885
Train loss: 1.1534920185827664 Val loss: 0.8579699021356646 Time: 0.32287999999243766
Train loss: 1.897006965593448 Val loss: 0.9196584965998227 Time: 0.3271830000448972
Train loss: 0.9511470156206541 Val loss: 0.8579073906003032 Time: 0.3281569000100717
Train loss: 0.8987645755053322 Val loss: 0.7729903306608321 Time: 0.34241599997039884
Train loss: 0.5104181273844439 Val loss: 0.8669739988617948 Time: 0.31314750004094094
Train loss: 0.5980569875565891 Val loss: 0.9910581590083893 Time: 0.323003500001505
Train loss: 0.6076717113816721 Val loss: 0.8015014536322269 Time: 0.3115650999825448
Train loss: 0.9364321743533864 Val loss: 1.193413610009884 Time: 0.3195801000110805
Train loss: 2.8560264606041694 Val loss: 1.0050412943892297 Time: 0.3220169999403879
Train loss: 2.136585631980127 Val loss: 1.0790764908015262 Time: 0.31798289995640516
Train loss: 1.7435998541399433 Val loss: 0.7243320253564889 Time: 0.325072200037539
Train loss: 1.2002397478610058 Val loss: 0.8088112830591854 Time: 0.3458280999911949
Train loss: 0.855071694905237 Val loss: 0.8492571337847039 Time: 0.323217700002715
Train loss: 0.9800788638280711 Val loss: 1.104544553818414 Time: 0.3173610999947414
Shrinking learning rate to 0.0001
Train loss: 0.6525123497152303 Val loss: 0.8236077779001789 Time: 0.3161482000723481
Train loss: 0.5482843939036326 Val loss: 0.7943686670914758 Time: 0.3544703000225127
Train loss: 0.5071524916181217 Val loss: 0.7664986459990359 Time: 0.30811320000793785
Train loss: 0.47461525406324606 Val loss: 0.7485088243702194 Time: 0.30508009996265173
Train loss: 0.45095838032175717 Val loss: 0.7387488450913224 Time: 0.3193926000967622
Train loss: 0.43016369547718547 Val loss: 0.7311050078133121 Time: 0.3017733000451699
Train loss: 0.4153824387315552 Val loss: 0.7285931982041802 Time: 0.302609600010328
Train loss: 0.4002445002857282 Val loss: 0.7259245016321074 Time: 0.3022654000669718
Train loss: 0.3906518986287765 Val loss: 0.7172155942535028 Time: 0.31110500008799136
Train loss: 0.3789757669881837 Val loss: 0.710282005922636 Time: 0.30543710000347346
Train loss: 0.36972748962851687 Val loss: 0.7044791341759264 Time: 0.31388500006869435
Train loss: 0.3611832779884776 Val loss: 0.69798293459462 Time: 0.30719259998295456
Train loss: 0.3534372397586046 Val loss: 0.6931585609563626 Time: 0.3091955999843776
Train loss: 0.34650836881893454 Val loss: 0.6876935515902005 Time: 0.31356729997787625
Train loss: 0.3410484315188263 Val loss: 0.682360673788935 Time: 0.3094791000476107
Train loss: 0.3351655064637593 Val loss: 0.6773189830419142 Time: 0.3049034000141546
Train loss: 0.3297191064306344 Val loss: 0.6726096672355197 Time: 0.3039754999335855
Train loss: 0.32473099095243896 Val loss: 0.6682004024041817 Time: 0.30473840003833175
Train loss: 0.3206440851489226 Val loss: 0.662453211058164 Time: 0.30489570007193834
Train loss: 0.31552046172004466 Val loss: 0.6577452433703002 Time: 0.31332740001380444
Train loss: 0.31110582117598184 Val loss: 0.6539395649742801 Time: 0.30804530007299036
Train loss: 0.3068684404643154 Val loss: 0.6497038101369981 Time: 0.30691429995931685
Train loss: 0.30251090493693056 Val loss: 0.6437394500535447 Time: 0.30350349994841963
Train loss: 0.29722044001593384 Val loss: 0.6405161793809384 Time: 0.3002228999976069
Train loss: 0.2929919571207025 Val loss: 0.6364910013217013 Time: 0.3061071999836713
Train loss: 0.28865704255006047 Val loss: 0.6349252744403202 Time: 0.30607050005346537
Train loss: 0.284069951611642 Val loss: 0.6307845255068969 Time: 0.3053704999620095
Train loss: 0.28074872746179513 Val loss: 0.6279833618027624 Time: 0.3087509999750182
Train loss: 0.277343653547955 Val loss: 0.6245732363022398 Time: 0.3110368000343442
Train loss: 0.2745869135075125 Val loss: 0.6223098167101853 Time: 0.3030466000782326
Train loss: 0.27165249994715346 Val loss: 0.6187858396151569 Time: 0.3061862000031397
Train loss: 0.26832215436289175 Val loss: 0.6155004847969394 Time: 0.3021661000093445
Train loss: 0.2654992556837106 Val loss: 0.6120471226749942 Time: 0.30556459992658347
Train loss: 0.26314866285786453 Val loss: 0.6086684156907722 Time: 0.3033910000231117
Train loss: 0.26031041103856634 Val loss: 0.6054934491403401 Time: 0.30511810001917183
Train loss: 0.25777385019164445 Val loss: 0.6038506837794557 Time: 0.31092469999566674
Train loss: 0.2554056039929291 Val loss: 0.6000818809843622 Time: 0.3150470000691712
Train loss: 0.25253311612820184 Val loss: 0.5962180023489054 Time: 0.3091509999940172
Train loss: 0.25055785366623207 Val loss: 0.5945598602702376 Time: 0.30452500004321337
Train loss: 0.24748908921072757 Val loss: 0.591177023074124 Time: 0.30795580008998513
Train loss: 0.24605943747856684 Val loss: 0.5866181195306126 Time: 0.305506500066258
Train loss: 0.24337096458275642 Val loss: 0.5859574113565031 Time: 0.3005374000640586
Train loss: 0.24054812426273692 Val loss: 0.5815475243434776 Time: 0.3054603000637144
Train loss: 0.23831644233843718 Val loss: 0.5810137907974422 Time: 0.309479899937287
Train loss: 0.2360600027040718 Val loss: 0.5782540244981647 Time: 0.3087680999888107
Train loss: 0.23359599345225845 Val loss: 0.574468130216701 Time: 0.3097838000394404
Train loss: 0.2317579872855493 Val loss: 0.5713746029650792 Time: 0.3349455000134185
Train loss: 0.22991095161467945 Val loss: 0.570424027799163 Time: 0.306941399932839
Train loss: 0.22773209553380114 Val loss: 0.5655868644535076 Time: 0.3016592999920249
Train loss: 0.22646041742060152 Val loss: 0.5626357302826364 Time: 0.3056194999953732
Train loss: 0.22397605886561156 Val loss: 0.5595832346298266 Time: 0.30236480000894517
Train loss: 0.22217775355133185 Val loss: 0.5577867949032225 Time: 0.3115815999917686
Train loss: 0.2204881402799137 Val loss: 0.5550495252828114 Time: 0.34820879995822906
Train loss: 0.21910999727082464 Val loss: 0.549325028056046 Time: 0.3138899999903515
Train loss: 0.21671564604177868 Val loss: 0.5477944284211844 Time: 0.309228099999018
Train loss: 0.2147328574540721 Val loss: 0.5453723068640102 Time: 0.30432290001772344
Train loss: 0.21325942190318248 Val loss: 0.54156372777652 Time: 0.3083078999770805
Train loss: 0.211342393656893 Val loss: 0.5372210082423408 Time: 0.3069765999680385
Train loss: 0.20956573222014296 Val loss: 0.5310134687169921 Time: 0.3052649999735877
Train loss: 0.20830738948941796 Val loss: 0.529907828225987 Time: 0.3159798999549821
Train loss: 0.2067817563463059 Val loss: 0.5114050227275584 Time: 0.309326900052838
Train loss: 0.20553023904929923 Val loss: 0.5272480451822048 Time: 0.30767999996896833
Train loss: 0.20320464709365993 Val loss: 0.5246239818516187 Time: 0.3259741000365466
Train loss: 0.2023917511224771 Val loss: 0.5229276488826144 Time: 0.32497509999666363
Train loss: 0.20132022324457366 Val loss: 0.5205556876317132 Time: 0.30783740000333637
Train loss: 0.19938614680224065 Val loss: 0.5195175541375647 Time: 0.30523460009135306
Train loss: 0.19845396457380812 Val loss: 0.5004276511972421 Time: 0.30705289996694773
Train loss: 0.19732133451043088 Val loss: 0.5142106250568759 Time: 0.3036209000274539
Train loss: 0.19498510021130283 Val loss: 0.5083345180319156 Time: 0.3253557999851182
Train loss: 0.1939667146426749 Val loss: 0.507375289889751 Time: 0.3024364000884816
Train loss: 0.19245342235965612 Val loss: 0.5053657281896449 Time: 0.2996401999844238
Train loss: 0.19103827907703225 Val loss: 0.5020095358522667 Time: 0.3528362999204546
Train loss: 0.18941136770732675 Val loss: 0.5047283972808145 Time: 0.3009996999753639
Train loss: 0.18837928161369533 Val loss: 0.5017172283805849 Time: 0.308297700015828
Train loss: 0.1868671144242282 Val loss: 0.5016462988656372 Time: 0.3020572999957949
Train loss: 0.18524000379369654 Val loss: 0.49779673950530423 Time: 0.3082233000313863
Train loss: 0.18495199449004096 Val loss: 0.49686212501865157 Time: 0.313207000028342
Train loss: 0.18362377957485956 Val loss: 0.49779047542142507 Time: 0.3036607999820262
Train loss: 0.18244526961593624 Val loss: 0.4943069993641984 Time: 0.30549499997869134
Train loss: 0.18106795589141905 Val loss: 0.4928853833989706 Time: 0.30192550003994256
Train loss: 0.18013075314124172 Val loss: 0.4935291347792372 Time: 0.30669760005548596
Train loss: 0.17889384758508087 Val loss: 0.4938415548604098 Time: 0.30458799994084984
Train loss: 0.1777277641751691 Val loss: 0.49372485716594383 Time: 0.3089820999884978
Train loss: 0.17747159375965715 Val loss: 0.4948457667778712 Time: 0.32838810002431273
Train loss: 0.1752534676950166 Val loss: 0.49440748937195167 Time: 0.3177995999576524
Train loss: 0.17482911873875984 Val loss: 0.4926210706180427 Time: 0.3066845000721514
Train loss: 0.17383209651847148 Val loss: 0.4953710910194786 Time: 0.30705679999664426
Train loss: 0.1735688124423289 Val loss: 0.49347086031048093 Time: 0.306194799952209
Train loss: 0.1719708856657549 Val loss: 0.4918917182367295 Time: 0.30229809996671975
Train loss: 0.17121501918974413 Val loss: 0.492127340825391 Time: 0.3036752000916749
Train loss: 0.17005248696395947 Val loss: 0.490027594845742 Time: 0.30407879990525544
Train loss: 0.16957138398887317 Val loss: 0.4910056879161857 Time: 0.30097640003077686
Train loss: 0.16772399124692328 Val loss: 0.4945462438190589 Time: 0.3101180999074131
Train loss: 0.16648124677835163 Val loss: 0.495223279678612 Time: 0.31144369998946786
Train loss: 0.1664341742485941 Val loss: 0.4953439509990858 Time: 0.3001658999128267
Train loss: 0.16496408439164867 Val loss: 0.49575579220982036 Time: 0.30280100007075816
Train loss: 0.16493738052894674 Val loss: 0.4981238303880673 Time: 0.3045010999776423
Train loss: 0.16310641736458864 Val loss: 0.49928051930328365 Time: 0.305781599949114
Train loss: 0.16251515026036817 Val loss: 0.5003342795826029 Time: 0.32821740000508726
Train loss: 0.1614509444976 Val loss: 0.5015730267405161 Time: 0.3033669999567792
Train loss: 0.16057172999523273 Val loss: 0.5009533074698993 Time: 0.3059707999927923
Train loss: 0.15966694447571772 Val loss: 0.5006104705826147 Time: 0.30866429989691824
Train loss: 0.15874510597680702 Val loss: 0.5023484734629164 Time: 0.30286649998743087
Train loss: 0.15842581959547164 Val loss: 0.5016319870937878 Time: 0.35512299998663366
Train loss: 0.1565968269576082 Val loss: 0.5044249765760469 Time: 0.3120270000072196
Train loss: 0.1560362639399367 Val loss: 0.5074536114498187 Time: 0.3104808999923989
Train loss: 0.15521802819851246 Val loss: 0.5016470987866342 Time: 0.3106031999923289
Train loss: 0.15518107038018866 Val loss: 0.4993247978236468 Time: 0.31105840008240193
Train loss: 0.15432878128727712 Val loss: 0.5080329298143624 Time: 0.31177929998375475
Train loss: 0.15278483353567188 Val loss: 0.509291391561419 Time: 0.31002380000427365
Train loss: 0.15277457771498176 Val loss: 0.5102707389269199 Time: 0.30600119999144226
Train loss: 0.1531375150658958 Val loss: 0.5035478519566823 Time: 0.3038721999619156
Train loss: 0.15159111941084014 Val loss: 0.5119528237264603 Time: 0.30089449998922646
Train loss: 0.1514629460676102 Val loss: 0.5119016007702157 Time: 0.3057329000439495
Train loss: 0.15042093630012143 Val loss: 0.5098459933979029 Time: 0.30756250000558794
Train loss: 0.15010226852370478 Val loss: 0.5180741878648405 Time: 0.3102005000691861
Train loss: 0.14894222197536422 Val loss: 0.5102566360947094 Time: 0.30545500002335757
Train loss: 0.1482099854006167 Val loss: 0.5135194350659731 Time: 0.3053749999962747
Train loss: 0.14793904258742963 Val loss: 0.5113063958597195 Time: 0.30533540004398674
Train loss: 0.14793650142135173 Val loss: 0.508252172054199 Time: 0.3036036000121385
Train loss: 0.14656958056119151 Val loss: 0.5190800055570435 Time: 0.30377410002984107
Train loss: 0.1458266012466849 Val loss: 0.5071142616470752 Time: 0.3040352000389248
Train loss: 0.14508102696096037 Val loss: 0.5032668063649908 Time: 0.3074774999404326
Train loss: 0.14503873745274054 Val loss: 0.5078570440855401 Time: 0.30023849999997765
Train loss: 0.14380982703653283 Val loss: 0.5045002597980783 Time: 0.3099195999093354
Train loss: 0.14308955405739798 Val loss: 0.5066573335825524 Time: 0.30579440004657954
Train loss: 0.14291251462678245 Val loss: 0.4958491028883145 Time: 0.3072052999632433
Train loss: 0.1422419717280876 Val loss: 0.5111376919521717 Time: 0.3040921000065282
Train loss: 0.141642075798883 Val loss: 0.49940415871242294 Time: 0.30389970005489886
Train loss: 0.14088219941230307 Val loss: 0.5112285592913395 Time: 0.3055821000598371
Train loss: 0.14063856446220308 Val loss: 0.4981951330191805 Time: 0.3120678999694064
Train loss: 0.14030749195270348 Val loss: 0.49491962188039906 Time: 0.30750749993603677
Train loss: 0.14009382952328098 Val loss: 0.5004212020212435 Time: 0.3024917000439018
Train loss: 0.13875651400752642 Val loss: 0.5016428736707894 Time: 0.30682059994433075
Train loss: 0.13882206773121472 Val loss: 0.4986506273417035 Time: 0.3067500999895856
Train loss: 0.13747305777074015 Val loss: 0.5023752039924148 Time: 0.3078728000400588
Train loss: 0.13716020250971522 Val loss: 0.5068972041190136 Time: 0.30408169992733747
Train loss: 0.13672202346753218 Val loss: 0.47657654230715707 Time: 0.30834510002750903
Train loss: 0.13948860200992041 Val loss: 0.48633007002354134 Time: 0.31984729995019734
Train loss: 0.13785968362858347 Val loss: 0.5118294066451199 Time: 0.32045040000230074
Train loss: 0.13590667967798628 Val loss: 0.4945560534761171 Time: 0.346969100064598
Train loss: 0.13485272335777854 Val loss: 0.47400502985692583 Time: 0.3127362000523135
Train loss: 0.13684809921764474 Val loss: 0.47848647551290924 Time: 0.30686910008080304
Train loss: 0.1359667238446779 Val loss: 0.5058638440896175 Time: 0.3047576000681147
Train loss: 0.13413625203760185 Val loss: 0.49021167667160626 Time: 0.3089517999906093
Train loss: 0.1331333800808677 Val loss: 0.4685262593557127 Time: 0.30496470001526177
Train loss: 0.1343420290201527 Val loss: 0.4897985896895989 Time: 0.31498659995850176
Train loss: 0.13229210563401445 Val loss: 0.49758045876660617 Time: 0.338648600038141
Train loss: 0.13094830240635935 Val loss: 0.4763966160680866 Time: 0.34568729996681213
Train loss: 0.13193734366648668 Val loss: 0.4708521749416832 Time: 0.341524500050582
Train loss: 0.13121362286045668 Val loss: 0.48943375037561054 Time: 0.32024509995244443
Train loss: 0.13045967192189356 Val loss: 0.5010678458293114 Time: 0.30292339995503426
Train loss: 0.1302816798359916 Val loss: 0.4552818055381067 Time: 0.35502090002410114
Train loss: 0.1334024389856756 Val loss: 0.48358280586398905 Time: 0.31227790005505085
Train loss: 0.13062145951803084 Val loss: 0.49903270635149966 Time: 0.3595572999911383
Train loss: 0.12853539701435937 Val loss: 0.4790058853541268 Time: 0.3561184999998659
Train loss: 0.12835293797210579 Val loss: 0.4629383489882457 Time: 0.3534912000177428
Train loss: 0.12955433185198473 Val loss: 0.49431579567135486 Time: 0.3285076000029221
Train loss: 0.12712964002615212 Val loss: 0.4760275139069563 Time: 0.313461699988693
Complete
 Total time: 64.37884440005291