starting log for model: C:\Users\christopher.johnson\Documents\GitHub\flu\lstm_single_diffdata.pth
Train loss: 10.810290663999073 Val loss: 1.453286367264809 Time: 0.2778579000150785
Train loss: 4.569879931025423 Val loss: 1.568616192380432 Time: 0.2391206999309361
Train loss: 3.3869919016497647 Val loss: 1.4394129706188323 Time: 0.2660066999960691
Train loss: 3.090801888018234 Val loss: 1.5295920959906653 Time: 0.25036110007204115
Train loss: 3.011442488391282 Val loss: 1.6047608359949663 Time: 0.2829900999786332
Train loss: 2.115330809769354 Val loss: 1.9331714232685044 Time: 0.22119260008912534
Train loss: 1.874630219902695 Val loss: 1.932849700562656 Time: 0.2242193000856787
Train loss: 2.174365423576603 Val loss: 1.7095966858323663 Time: 0.22435409994795918
Train loss: 2.2822630518864404 Val loss: 1.9920583633938804 Time: 0.22769670002162457
Train loss: 2.601516095972822 Val loss: 1.4536859430227196 Time: 0.22710819996427745
Train loss: 1.4953854465276704 Val loss: 1.6728490298846737 Time: 0.2308201000560075
Train loss: 1.2967699553544725 Val loss: 1.405989080783911 Time: 0.22538790001999587
Train loss: 1.4387532769525695 Val loss: 1.4375239843211602 Time: 0.22508929995819926
Train loss: 1.2337653851021173 Val loss: 1.6551963773090392 Time: 0.2460288000293076
Train loss: 1.0942538629619372 Val loss: 1.451135623618029 Time: 0.22745539993047714
Train loss: 0.961502627682304 Val loss: 1.9234458552018623 Time: 0.23860039992723614
Train loss: 0.9603623252318307 Val loss: 1.6114939103717916 Time: 0.2628517000703141
Train loss: 1.0383461037346364 Val loss: 2.4738678492140025 Time: 0.30311360000632703
Train loss: 0.8508518901505102 Val loss: 2.1052912080776878 Time: 0.22546920005697757
Train loss: 0.6753562938481181 Val loss: 2.1230436616460793 Time: 0.2280653000343591
Train loss: 0.5990316722107448 Val loss: 1.975279012176543 Time: 0.2267411999637261
Train loss: 0.5951378902940121 Val loss: 2.0009682490490377 Time: 0.23301900003571063
Train loss: 0.7101638026162445 Val loss: 1.6214153076289222 Time: 0.236484199995175
Train loss: 0.8578408924681522 Val loss: 2.0012377027014736 Time: 0.23384250001981854
Train loss: 1.0244727832638603 Val loss: 2.8174897704739124 Time: 0.43303920002654195
Train loss: 1.0911804681867352 Val loss: 1.8481149796862155 Time: 0.8519948000321165
Train loss: 1.026708466908505 Val loss: 2.8549312930008455 Time: 0.7358863999834284
Train loss: 1.2028354172378641 Val loss: 2.415369608902438 Time: 0.5416835000505671
Train loss: 0.6382861799371422 Val loss: 2.8082814948981447 Time: 0.5325404000468552
Train loss: 1.1274032618703593 Val loss: 2.5060467031375993 Time: 0.5184073999989778
Train loss: 1.3349450480862757 Val loss: 2.5156149776885286 Time: 0.4760670999530703
Shrinking learning rate to 0.0001
Train loss: 1.0866667926840559 Val loss: 1.8326467880751807 Time: 0.46845639997627586
Train loss: 0.9188776454691325 Val loss: 1.8375168259591987 Time: 0.475952300010249
Train loss: 0.8449755759796922 Val loss: 1.8695429607562346 Time: 0.512118500075303
Train loss: 0.7810449415965355 Val loss: 1.9047006539878168 Time: 0.3989044999470934
Train loss: 0.729878170086392 Val loss: 1.9458381812411751 Time: 0.37236760009545833
Train loss: 0.686685777625998 Val loss: 1.9798506012205337 Time: 0.36188089998904616
Train loss: 0.65800968391666 Val loss: 1.9947001709999768 Time: 0.3621482999296859
Train loss: 0.6340389083510782 Val loss: 2.0164720559794205 Time: 0.41745870001614094
Train loss: 0.6110754837051965 Val loss: 2.0252225202157206 Time: 0.4642382999882102
Train loss: 0.5934896190472894 Val loss: 2.0297288970868976 Time: 0.379515599925071
Train loss: 0.5776375209444744 Val loss: 2.0295403853888274 Time: 0.3473263999912888
Train loss: 0.5637263551298162 Val loss: 2.0279206227933173 Time: 0.3412968000629917
Train loss: 0.5524122585753446 Val loss: 2.0212684068410454 Time: 0.3224771999521181
Train loss: 0.5414381210426114 Val loss: 2.0159125913614844 Time: 0.31511440000031143
Train loss: 0.5295234672528846 Val loss: 2.000228529306696 Time: 0.3097983000334352
Train loss: 0.5156189684924808 Val loss: 1.987006439925608 Time: 0.3097730999579653
Train loss: 0.506070639390984 Val loss: 1.981209865432902 Time: 0.31001389992889017
Train loss: 0.49698951637006644 Val loss: 1.9784704666708421 Time: 0.32358579989522696
Train loss: 0.4887848694596535 Val loss: 1.97649545191598 Time: 0.31599560007452965
Train loss: 0.4800880848257457 Val loss: 1.97165678149031 Time: 0.3430151999928057
Train loss: 0.4726306723474849 Val loss: 1.9623606455461413 Time: 0.49175540008582175
Train loss: 0.46550916963246913 Val loss: 1.953711544534599 Time: 0.3704095999710262
Train loss: 0.45896901761875597 Val loss: 1.9435128253498988 Time: 0.3810905000427738
Train loss: 0.45236853368197394 Val loss: 1.934761620068457 Time: 0.3489530999213457
Train loss: 0.4474062250930735 Val loss: 1.9205437491254997 Time: 0.33479989995248616
Train loss: 0.44234349917454396 Val loss: 1.9104809534110245 Time: 0.32232809998095036
Train loss: 0.43630236477714046 Val loss: 1.8999683575366362 Time: 0.3311820999952033
Train loss: 0.43021662543683603 Val loss: 1.8886538080550963 Time: 0.3264156999066472
Train loss: 0.4249820459124054 Val loss: 1.8815802429999167 Time: 0.3170163999311626
Train loss: 0.4194933730354799 Val loss: 1.870815001491792 Time: 0.302703500026837
Train loss: 0.4175249781757939 Val loss: 1.8669125043624035 Time: 0.31779560004360974
Train loss: 0.40967252017732037 Val loss: 1.8524340907097212 Time: 0.5990893000271171
Train loss: 0.4056946788264052 Val loss: 1.8404022621070908 Time: 0.49635089992079884
Train loss: 0.4005092584842181 Val loss: 1.8359084825146965 Time: 0.4226795000722632
Train loss: 0.39755446913758413 Val loss: 1.828141221716578 Time: 0.49586669995915145
Train loss: 0.3917206213948128 Val loss: 1.8212746165854696 Time: 0.4461010000668466
Train loss: 0.388133174697205 Val loss: 1.8148454640831915 Time: 0.22878060000948608
Train loss: 0.38412938820119535 Val loss: 1.8063977165984397 Time: 0.2683886999730021
Train loss: 0.38049935380165323 Val loss: 1.7962077043093814 Time: 0.2356493000406772
Train loss: 0.3771011893509284 Val loss: 1.7882638668334039 Time: 0.23762839997652918
Train loss: 0.3712955243453848 Val loss: 1.7816745285881552 Time: 0.2146117000374943
Train loss: 0.36801706472356766 Val loss: 1.7752111007835083 Time: 0.216866800095886
Train loss: 0.36487904064525534 Val loss: 1.7676747027594502 Time: 0.2207750000525266
Train loss: 0.3610234276423281 Val loss: 1.7633856302063577 Time: 0.21900729998014867
Train loss: 0.3561469647354354 Val loss: 1.7556757702800496 Time: 0.22147059999406338
Train loss: 0.35416815393790646 Val loss: 1.750126237924178 Time: 0.22315389988943934
Train loss: 0.3503278398254466 Val loss: 1.7484376766633432 Time: 0.2201585000148043
Train loss: 0.3469135752720021 Val loss: 1.7457458289850365 Time: 0.21857380005531013
Train loss: 0.34427605715780074 Val loss: 1.7411191386768223 Time: 0.21776909998152405
Train loss: 0.3410542830167609 Val loss: 1.738587969382479 Time: 0.2235586999449879
Train loss: 0.3380121849516202 Val loss: 1.7327769696839823 Time: 0.2154667000286281
Train loss: 0.334095963010423 Val loss: 1.7303931825517793 Time: 0.2362900999141857
Train loss: 0.33183326088317955 Val loss: 1.731234991096244 Time: 0.21027489996049553
Train loss: 0.32910844828355934 Val loss: 1.7256257650753355 Time: 0.21409769996535033
Train loss: 0.32511461570630473 Val loss: 1.7219880978092874 Time: 0.20817490003537387
Train loss: 0.3236859343948524 Val loss: 1.7200154480986782 Time: 0.21253980009350926
Train loss: 0.3202748030834961 Val loss: 1.7217014198632796 Time: 0.21006800001487136
Train loss: 0.3168502198094494 Val loss: 1.7113220828468343 Time: 0.2149774000281468
Train loss: 0.31507434292123904 Val loss: 1.7135572480123074 Time: 0.21424350002780557
Train loss: 0.31222250614473346 Val loss: 1.7126844727381894 Time: 0.2138486000476405
Train loss: 0.3093354840514504 Val loss: 1.7102271464584646 Time: 0.21494149998761714
Train loss: 0.3069796580395168 Val loss: 1.7103331755877207 Time: 0.21224630007054657
Train loss: 0.303859865811392 Val loss: 1.7085542831628686 Time: 0.21095610002521425
Train loss: 0.3005528706404911 Val loss: 1.7031027197375155 Time: 0.211856700014323
Train loss: 0.2990679954931734 Val loss: 1.7030987527476158 Time: 0.2120108000235632
Train loss: 0.2957145918134433 Val loss: 1.7060360357990998 Time: 0.21182469988707453
Train loss: 0.29255326780571844 Val loss: 1.698699885578435 Time: 0.2127814000705257
Train loss: 0.29147016973754347 Val loss: 1.7009998515086266 Time: 0.21131529996637255
Train loss: 0.28698776167639584 Val loss: 1.6935499940065029 Time: 0.21242880006320775
Train loss: 0.285971903154701 Val loss: 1.6916751584025178 Time: 0.23013849998824298
Train loss: 0.28235955096747123 Val loss: 1.6894444265809625 Time: 0.2130054000299424
Train loss: 0.2806855505036365 Val loss: 1.6904648236309185 Time: 0.2097446999978274
Train loss: 0.2779624388559405 Val loss: 1.6893105129475998 Time: 0.21418550005182624
Train loss: 0.2765789388563942 Val loss: 1.6886788383685598 Time: 0.2127848999807611
Train loss: 0.2739515441966144 Val loss: 1.6856422618841407 Time: 0.2153064999729395
Train loss: 0.2718368062126346 Val loss: 1.6830004521875708 Time: 0.21324820001609623
Train loss: 0.26982893138258035 Val loss: 1.6825544529187937 Time: 0.21737939992453903
Train loss: 0.26727295615557445 Val loss: 1.6771824651827956 Time: 0.22956840007100254
Train loss: 0.26496029888695904 Val loss: 1.681558092148407 Time: 0.21510779997333884
Train loss: 0.2625041671724341 Val loss: 1.6856098281032246 Time: 0.22199270001146942
Train loss: 0.26113385156717417 Val loss: 1.692170898711538 Time: 0.21389119990635663
Train loss: 0.2574786559955582 Val loss: 1.6799694339661073 Time: 0.22760880005080253
Train loss: 0.2572052371118355 Val loss: 1.6929951191218606 Time: 0.21472769998945296
Train loss: 0.253953635433823 Val loss: 1.6906540103991574 Time: 0.2209207999985665
Train loss: 0.2532139426207465 Val loss: 1.7005975313923045 Time: 0.2154939000029117
Train loss: 0.25017421048472066 Val loss: 1.6981567775947042 Time: 0.21915809996426105
Train loss: 0.24749671778296803 Val loss: 1.7024993265213197 Time: 0.21043990005273372
Train loss: 0.24653356365647994 Val loss: 1.698720130619222 Time: 0.21345250005833805
Train loss: 0.24435070632409778 Val loss: 1.6989617027438726 Time: 0.26157299999613315
Train loss: 0.24229857492155693 Val loss: 1.6996549880277598 Time: 0.21421760006342083
Train loss: 0.24204551871909769 Val loss: 1.6941399919633113 Time: 0.21659349999390543
Train loss: 0.23910501776995652 Val loss: 1.697358041417374 Time: 0.2127509000711143
Train loss: 0.23727752701632543 Val loss: 1.6944112513306209 Time: 0.21287779998965561
Train loss: 0.23706625925396052 Val loss: 1.7010429297774863 Time: 0.2109326000791043
Train loss: 0.23426179645806938 Val loss: 1.6937774378520771 Time: 0.21599769999738783
Train loss: 0.23350811295509022 Val loss: 1.697978025438033 Time: 0.21531599992886186
Train loss: 0.2318210556829051 Val loss: 1.6941947773996162 Time: 0.20770649996120483
Train loss: 0.2301992857268529 Val loss: 1.6971814979865485 Time: 0.20874239993281662
Train loss: 0.2277748197489877 Val loss: 1.718867618322463 Time: 0.2118512000888586
Train loss: 0.22618791671355948 Val loss: 1.6933842875381515 Time: 0.2018829999724403
Train loss: 0.22562891824434048 Val loss: 1.7191399103985958 Time: 0.21310779999475926
Train loss: 0.2230240040042939 Val loss: 1.698113190236711 Time: 0.2084000000031665
Train loss: 0.2226522828716746 Val loss: 1.724834395806539 Time: 0.20452830009162426
Train loss: 0.22018090163717186 Val loss: 1.7229208566716432 Time: 0.2068002000451088
Train loss: 0.21839304040065077 Val loss: 1.7017048536997859 Time: 0.20269349997397512
Train loss: 0.21858937123383987 Val loss: 1.7057256520633217 Time: 0.20885200006887317
Train loss: 0.2167244456389188 Val loss: 1.7304723926702081 Time: 0.206618900061585
Train loss: 0.21509260784810358 Val loss: 1.723986789287892 Time: 0.20826739992480725
Train loss: 0.2139233768411288 Val loss: 1.7330860619684927 Time: 0.20374209992587566
Train loss: 0.21216867794984595 Val loss: 1.734702226919353 Time: 0.21679129998665303
Train loss: 0.21161417475804162 Val loss: 1.7286121898550846 Time: 0.22125060006510466
Train loss: 0.2109495313550857 Val loss: 1.7311629177283976 Time: 0.20862599997781217
Train loss: 0.20923743539843453 Val loss: 1.733462471927396 Time: 0.2117020000005141
Train loss: 0.2074079933698827 Val loss: 1.7273417487317602 Time: 0.2183406000258401
Train loss: 0.2074588487675162 Val loss: 1.736994228293952 Time: 0.21264919999521226
Train loss: 0.20517732544144085 Val loss: 1.7374111658700713 Time: 0.2073950000340119
Train loss: 0.20337918047075504 Val loss: 1.736895713503145 Time: 0.21533240005373955
Train loss: 0.20282097897338502 Val loss: 1.743721636535156 Time: 0.20684659993276
Train loss: 0.20118791045195814 Val loss: 1.7472902835061177 Time: 0.21761789999436587
Train loss: 0.19983435003671168 Val loss: 1.748405751935934 Time: 0.21114130003843457
Train loss: 0.1989929849093227 Val loss: 1.7539222456116477 Time: 0.21453840006142855
Train loss: 0.19792965791731976 Val loss: 1.7465608617831094 Time: 0.21012309996876866
Train loss: 0.19677593397399534 Val loss: 1.753696934260006 Time: 0.20566910004708916
Train loss: 0.19525283053868758 Val loss: 1.762156627249169 Time: 0.21575520001351833
Train loss: 0.19497742074731406 Val loss: 1.7539371414395646 Time: 0.2265066000400111
Train loss: 0.19350896596012807 Val loss: 1.7565644627134134 Time: 0.2277732000220567
Train loss: 0.19281816620410253 Val loss: 1.765867880559199 Time: 0.2186184999300167
Train loss: 0.19132474977663316 Val loss: 1.7763009316140597 Time: 0.21065889997407794
Train loss: 0.18981995343607624 Val loss: 1.7581967450719276 Time: 0.20781689998693764
Train loss: 0.18978002314647596 Val loss: 1.772246340676702 Time: 0.21886219992302358
Train loss: 0.18788005375056438 Val loss: 1.7742641726533748 Time: 0.2215879000723362
Train loss: 0.1874213380487842 Val loss: 1.7793186090798372 Time: 0.21036230004392564
Train loss: 0.18692602774356715 Val loss: 1.7819439069184 Time: 0.21003469999413937
Train loss: 0.1849082847829151 Val loss: 1.7744658582003012 Time: 0.2096914000576362
Train loss: 0.18450207953754968 Val loss: 1.7794083994529046 Time: 0.20730549993459135
Train loss: 0.18385954855511732 Val loss: 1.7846229633540815 Time: 0.21408249996602535
Train loss: 0.1827384990719848 Val loss: 1.7902226589911834 Time: 0.2155579999089241
Train loss: 0.18230715547983434 Val loss: 1.7944382908897012 Time: 0.2170874000294134
Train loss: 0.18037183005167634 Val loss: 1.7809976828727798 Time: 0.20652749994769692
Train loss: 0.1802150364313828 Val loss: 1.7908879200393244 Time: 0.2161427999380976
Train loss: 0.1795707653775045 Val loss: 1.7967929357428556 Time: 0.20791340002324432
Train loss: 0.17858995201092445 Val loss: 1.790628596291345 Time: 0.21063830005005002
Train loss: 0.1776892962926191 Val loss: 1.8049467812826947 Time: 0.20964479993563145
Train loss: 0.1772780306752879 Val loss: 1.8037349274163574 Time: 0.20924459991510957
Train loss: 0.1758869996933985 Val loss: 1.796378588640863 Time: 0.20730410004034638
Train loss: 0.17559234683028802 Val loss: 1.79812198146415 Time: 0.20678569993469864
Train loss: 0.1748748679369594 Val loss: 1.807953468119571 Time: 0.20796689996495843
Train loss: 0.1746817598378989 Val loss: 1.8086992754142948 Time: 0.20576119993347675
Train loss: 0.17309723723004566 Val loss: 1.8076339485949706 Time: 0.3048486999468878
Train loss: 0.17269577433658487 Val loss: 1.7952641871454134 Time: 0.20954299997538328
Train loss: 0.17207802686433826 Val loss: 1.8106143558203058 Time: 0.2103408999973908
Train loss: 0.17163681014376064 Val loss: 1.813151005350341 Time: 0.21894170006271452
Train loss: 0.1711397289703802 Val loss: 1.7997282091973403 Time: 0.2126191999996081
Train loss: 0.16995354386683897 Val loss: 1.8127088390967856 Time: 0.20824850001372397
Train loss: 0.16893293530714715 Val loss: 1.8110370026375664 Time: 0.20720439997967333
Train loss: 0.16940739909915803 Val loss: 1.822448185259212 Time: 0.21650839992798865
Train loss: 0.1674554998185087 Val loss: 1.81239713949509 Time: 0.22725390002597123
Train loss: 0.16778224885468962 Val loss: 1.8206392454316411 Time: 0.22708149999380112
Train loss: 0.16629053919795211 Val loss: 1.8255467918288133 Time: 0.2138843999709934
Train loss: 0.1662442838276128 Val loss: 1.8203594577945807 Time: 0.20600180001929402
Train loss: 0.16506237680068903 Val loss: 1.8193879179478074 Time: 0.2075298000127077
Train loss: 0.16492630187326585 Val loss: 1.8350793262668077 Time: 0.20495500008109957
Train loss: 0.1638199896420076 Val loss: 1.8316843254120556 Time: 0.20815130008850247
Train loss: 0.16382466827506637 Val loss: 1.8384235253653856 Time: 0.20931699988432229
Train loss: 0.16236834883636897 Val loss: 1.8224867891157146 Time: 0.21873810002580285
Train loss: 0.16252380711921788 Val loss: 1.8423289582365214 Time: 0.20902109995950013
Train loss: 0.16161971597633773 Val loss: 1.8407713397372731 Time: 0.2131308000534773
Train loss: 0.16134748112965358 Val loss: 1.8353501174421467 Time: 0.20945510000456125
Train loss: 0.16070280281372185 Val loss: 1.843444644796719 Time: 0.2099670999450609
Complete
 Total time: 52.76660129998345