starting log for model: Q:\00- PROJECTS\Flu Forecasts\flu\flu\models\lstm_B_23-24.pth
Train loss: 4.508131090141035 Val loss: 0.0 Time: 0.5602349000109825
Train loss: 4.613195320510613 Val loss: 0.0 Time: 0.5727226000162773
Train loss: 3.6935943357549093 Val loss: 0.0 Time: 0.5574684000166599
Train loss: 3.4996776518977697 Val loss: 0.0 Time: 0.5434031000186224
Train loss: 3.106901892479102 Val loss: 0.0 Time: 0.5513437999761663
Train loss: 3.3199393726520157 Val loss: 0.0 Time: 0.5338526999985334
Train loss: 3.092649944648544 Val loss: 0.0 Time: 0.5418788999959361
Train loss: 2.755854109971011 Val loss: 0.0 Time: 0.5672565999848302
Train loss: 2.834546090835463 Val loss: 0.0 Time: 0.5308917000074871
Train loss: 2.8746005611322403 Val loss: 0.0 Time: 0.5349736000061966
Train loss: 2.5872546404835077 Val loss: 0.0 Time: 0.5391308999969624
Train loss: 2.476873978451146 Val loss: 0.0 Time: 0.5367590999812819
Train loss: 2.4544489200355883 Val loss: 0.0 Time: 0.5732483000028878
Train loss: 2.4114271444577753 Val loss: 0.0 Time: 0.8791124999988824
Train loss: 2.393250109207411 Val loss: 0.0 Time: 1.0497324999887496
Train loss: 2.3173072156006924 Val loss: 0.0 Time: 0.9675611000275239
Train loss: 2.381220163520906 Val loss: 0.0 Time: 0.532305600005202
Train loss: 2.282539357134504 Val loss: 0.0 Time: 0.5364356999925803
Train loss: 2.1520103748567863 Val loss: 0.0 Time: 0.5118682000029366
Train loss: 2.2703729511267037 Val loss: 0.0 Time: 0.5340574999863748
Train loss: 2.2806759833908785 Val loss: 0.0 Time: 0.5211430999916047
Train loss: 2.170188188857651 Val loss: 0.0 Time: 0.515615100011928
Train loss: 2.202069562431319 Val loss: 0.0 Time: 0.5094331000000238
Train loss: 2.0746214375488137 Val loss: 0.0 Time: 0.5343924000044353
Train loss: 1.933193349660744 Val loss: 0.0 Time: 0.5266720000072382
Train loss: 1.8938925320823055 Val loss: 0.0 Time: 0.5245465999760199
Train loss: 1.9035350686319816 Val loss: 0.0 Time: 0.5221651000028942
Train loss: 2.053973608875026 Val loss: 0.0 Time: 0.5288742999837268
Train loss: 1.9746163077942356 Val loss: 0.0 Time: 0.5231156999943778
Train loss: 1.9227692609312612 Val loss: 0.0 Time: 0.5819169000023976
Train loss: 2.081438591464156 Val loss: 0.0 Time: 0.5790957999997772
Train loss: 1.8031504510969683 Val loss: 0.0 Time: 0.5182499999937136
Train loss: 2.1241872759418357 Val loss: 0.0 Time: 0.5303825000009965
Train loss: 1.8633463838675226 Val loss: 0.0 Time: 0.5575081999995746
Train loss: 1.782240112210502 Val loss: 0.0 Time: 0.5261574000178371
Train loss: 1.831622221250833 Val loss: 0.0 Time: 0.5114847000222653
Train loss: 1.9641254791202005 Val loss: 0.0 Time: 0.5172238000086509
Train loss: 1.8567641352909519 Val loss: 0.0 Time: 0.5297893999959342
Train loss: 1.7416550899155254 Val loss: 0.0 Time: 0.5188793999841437
Train loss: 1.8430109020532086 Val loss: 0.0 Time: 0.5265196999826003
Train loss: 1.7438991996160667 Val loss: 0.0 Time: 0.5199240999936592
Train loss: 1.7517121997930793 Val loss: 0.0 Time: 0.5331346000020858
Train loss: 1.7115828397220412 Val loss: 0.0 Time: 0.5419731000147294
Train loss: 1.7237380025109132 Val loss: 0.0 Time: 0.5186272000137251
Train loss: 1.637677747268651 Val loss: 0.0 Time: 0.5528365999925882
Train loss: 1.7773629653854943 Val loss: 0.0 Time: 0.5199670000001788
Train loss: 1.5894003100087843 Val loss: 0.0 Time: 0.5407063000020571
Train loss: 1.5602537520312332 Val loss: 0.0 Time: 0.5255160999950022
Train loss: 1.5667693886011875 Val loss: 0.0 Time: 0.5451608000148553
Train loss: 1.707206289633107 Val loss: 0.0 Time: 0.519601000007242
Train loss: 1.6238847241887964 Val loss: 0.0 Time: 0.5247920000110753
Train loss: 1.6191212143355642 Val loss: 0.0 Time: 0.5220096999837551
Train loss: 1.7055817433913063 Val loss: 0.0 Time: 0.513431799976388
Train loss: 1.6454345254172864 Val loss: 0.0 Time: 0.5260854999942239
Train loss: 1.6691632156206424 Val loss: 0.0 Time: 0.5338583000120707
Train loss: 1.4980136737979421 Val loss: 0.0 Time: 0.5187774999940302
Train loss: 1.5983857731989985 Val loss: 0.0 Time: 0.5178584999812301
Train loss: 1.5696671820916208 Val loss: 0.0 Time: 0.5425529000058305
Train loss: 1.6401176423558184 Val loss: 0.0 Time: 0.5381737999850884
Train loss: 1.4610213446649567 Val loss: 0.0 Time: 0.6237878999963868
Train loss: 1.3183484476034266 Val loss: 0.0 Time: 0.6188460999983363
Train loss: 1.3979405882133449 Val loss: 0.0 Time: 0.5408675999788102
Train loss: 1.5741170893304002 Val loss: 0.0 Time: 0.5291330000036396
Train loss: 1.5990980300913444 Val loss: 0.0 Time: 0.57262069999706
Train loss: 1.5304387654514642 Val loss: 0.0 Time: 0.6135325000213925
Train loss: 1.4830794086577725 Val loss: 0.0 Time: 0.5575187999929767
Train loss: 1.5152233739818257 Val loss: 0.0 Time: 0.5922340000106487
Train loss: 1.4082777147728507 Val loss: 0.0 Time: 0.6212106000166386
Train loss: 1.5951633219413566 Val loss: 0.0 Time: 0.6807742000091821
Train loss: 1.56153060673833 Val loss: 0.0 Time: 0.6870191999769304
Shrinking learning rate to 1e-05
Train loss: 1.4490994006377207 Val loss: 0.0 Time: 0.6038708999985829
Train loss: 1.3731435104726586 Val loss: 0.0 Time: 0.5119453999795951
Train loss: 1.3465732511125594 Val loss: 0.0 Time: 0.5807086999993771
Train loss: 1.4007225830732892 Val loss: 0.0 Time: 0.5342188999929931
Train loss: 1.5080686279330786 Val loss: 0.0 Time: 0.5425566000049002
Train loss: 1.3564018885195992 Val loss: 0.0 Time: 0.5676440999959596
Train loss: 1.537395106284066 Val loss: 0.0 Time: 0.5526977999834344
Train loss: 1.3976739094466382 Val loss: 0.0 Time: 0.5845388000016101
Train loss: 1.4665856289639265 Val loss: 0.0 Time: 0.5820290999836288
Train loss: 1.389438977012503 Val loss: 0.0 Time: 0.5700658000132535
Shrinking learning rate to 1.0000000000000002e-06
Train loss: 1.3555193865315545 Val loss: 0.0 Time: 0.5193759000103455
Train loss: 1.4482907226398005 Val loss: 0.0 Time: 0.5815690000017639
Train loss: 1.518634584429421 Val loss: 0.0 Time: 0.6374490000016522
Train loss: 1.560105410109628 Val loss: 0.0 Time: 0.586795399984112
Train loss: 1.4583760702113437 Val loss: 0.0 Time: 0.5764865999808535
Train loss: 1.3461796338321292 Val loss: 0.0 Time: 0.5515769000048749
Train loss: 1.5674850819239081 Val loss: 0.0 Time: 0.5348111999919638
Train loss: 1.374521699347774 Val loss: 0.0 Time: 0.5777468000014778
Train loss: 1.2776206185101557 Val loss: 0.0 Time: 0.597172200010391
Train loss: 1.3163731018928502 Val loss: 0.0 Time: 0.557116899988614
Train loss: 1.4820542511283818 Val loss: 0.0 Time: 0.5400941999978386
Train loss: 1.385299644188775 Val loss: 0.0 Time: 0.5759678000176791
Train loss: 1.42443529338155 Val loss: 0.0 Time: 0.5877782999887131
Train loss: 1.4168105454074365 Val loss: 0.0 Time: 0.5410524000180885
Train loss: 1.342926152774094 Val loss: 0.0 Time: 0.5225446000113152
Train loss: 1.382029037519434 Val loss: 0.0 Time: 0.6075673000013921
Train loss: 1.4653354480760754 Val loss: 0.0 Time: 0.6075544000195805
Train loss: 1.4685820794838946 Val loss: 0.0 Time: 0.5633164999890141
Shrinking learning rate to 1.0000000000000002e-07
Learning rate getting small
Complete
 Total time: 57.56218670000089