starting log for model: C:\Users\christopher.johnson\Documents\GitHub\flu\lstm_cnn_drop_2019.pth
Train loss: 16.000526742361302 Val loss: 0.31977582088438794 Time: 0.5938402999890968
Train loss: 11.188840524394735 Val loss: 0.25390161175164394 Time: 0.6081768999574706
Train loss: 8.397228369019523 Val loss: 0.21567101450636983 Time: 0.5528460000641644
Train loss: 7.2930732663179585 Val loss: 0.23696004300200002 Time: 0.5833756000502035
Train loss: 5.967722292641008 Val loss: 0.2967499156920894 Time: 0.5424338999437168
Train loss: 6.101485431967351 Val loss: 0.4621255169856795 Time: 0.5423751999624074
Train loss: 6.41213740806765 Val loss: 0.38611736030244925 Time: 0.546099100029096
Train loss: 6.054023799606917 Val loss: 0.4092648003920658 Time: 0.5445943999802694
Train loss: 5.36002506851737 Val loss: 0.481190401133631 Time: 0.5652979000005871
Train loss: 5.692535462209662 Val loss: 0.5232634871101709 Time: 0.5414302999852225
Train loss: 5.9359277747229555 Val loss: 0.5548031688340416 Time: 0.5439187000738457
Train loss: 5.119711193041525 Val loss: 0.5705269054046767 Time: 0.5474625000497326
Train loss: 4.729655525593935 Val loss: 0.6673778999115711 Time: 0.5536304999841377
Train loss: 4.859806393774438 Val loss: 0.736367203791815 Time: 0.553723799996078
Train loss: 4.154864404518856 Val loss: 0.7975254272605525 Time: 0.5520483000436798
Train loss: 4.453423342304987 Val loss: 0.7622130064191879 Time: 0.5548544999910519
Train loss: 4.507342217875465 Val loss: 0.9022590080057853 Time: 0.5706778999883682
Train loss: 3.8313088355132265 Val loss: 1.0128460976993665 Time: 0.5717531000263989
Train loss: 4.004002584396613 Val loss: 1.0915670126414625 Time: 0.5570779999252409
Train loss: 4.08725730560019 Val loss: 1.2219157702638768 Time: 0.5648179000709206
Train loss: 3.6522227124197526 Val loss: 1.2680085634056013 Time: 0.5380608000559732
Train loss: 3.310751500932387 Val loss: 1.2135779889358673 Time: 0.5692994000855833
Train loss: 3.4330539393558586 Val loss: 1.5389993261778727 Time: 0.5713000999530777
Train loss: 3.7328092366480097 Val loss: 1.1979753256455297 Time: 0.5670896000228822
Train loss: 3.496755513525348 Val loss: 1.6099540758586954 Time: 0.5633967999601737
Train loss: 2.97604165656581 Val loss: 1.648892605677247 Time: 0.5358853000216186
Train loss: 2.6651505470471557 Val loss: 1.642123420839198 Time: 0.5743110999464989
Train loss: 2.827167804256061 Val loss: 1.3008730850706343 Time: 0.6439495999366045
Train loss: 2.7240005508261946 Val loss: 1.87482834153343 Time: 0.590703499969095
Train loss: 2.713987849267081 Val loss: 1.4461431917297887 Time: 0.5463680999819189
Train loss: 2.3792421630328633 Val loss: 1.3127830671801348 Time: 0.5672728000208735
Train loss: 2.2927753733728764 Val loss: 1.8437331542372704 Time: 0.5813017000909895
Train loss: 2.4329193177946635 Val loss: 1.576539428337128 Time: 0.5526240000035614
Train loss: 2.3735908525174256 Val loss: 1.5198413658836216 Time: 0.5462491000071168
Train loss: 2.3662632324918027 Val loss: 1.4919001347880112 Time: 0.5288575000595301
Train loss: 2.171501851242674 Val loss: 1.5999393500751466 Time: 0.5454709000186995
Train loss: 1.958581073956016 Val loss: 1.7584576909430325 Time: 0.5481522000627592
Train loss: 2.0840023869991047 Val loss: 1.5577204100991366 Time: 0.5389356000814587
Train loss: 1.888013229103156 Val loss: 1.4790766146979877 Time: 0.5264943999936804
Train loss: 1.92319487986767 Val loss: 1.501061291401129 Time: 0.5505827000597492
Train loss: 2.0659323946725117 Val loss: 1.6068957654570113 Time: 0.5467474000761285
Train loss: 1.9961980793370544 Val loss: 1.731196782711777 Time: 0.5366016000043601
Train loss: 1.9690813318618439 Val loss: 1.553475285305467 Time: 0.6635034000501037
Train loss: 1.6044592208746664 Val loss: 1.8182948657195084 Time: 0.6202462000073865
Train loss: 1.7719396431739514 Val loss: 1.91790581834357 Time: 0.6599737000651658
Train loss: 1.7674803597642939 Val loss: 1.738723579841917 Time: 0.5442187000298873
Train loss: 1.7380223191077935 Val loss: 1.9252801362017635 Time: 0.5384801999898627
Train loss: 1.6387545951263645 Val loss: 1.6916751757557904 Time: 0.5424725000048056
Train loss: 1.7043607651115267 Val loss: 1.910361728965654 Time: 0.5333169000223279
Train loss: 2.2293570903557267 Val loss: 1.697441835216523 Time: 0.5378084999974817
Train loss: 1.5003174498914462 Val loss: 1.8763829201170665 Time: 0.5603687999537215
Train loss: 1.8752225245578948 Val loss: 1.939810559109901 Time: 0.5564759999979287
Train loss: 1.5095568499762217 Val loss: 1.6335877839446624 Time: 0.5319641000824049
Train loss: 1.6143946955180852 Val loss: 1.6639969912597792 Time: 0.5546189000597224
Train loss: 1.5784876128232117 Val loss: 1.9459723879681405 Time: 0.5343609999399632
Train loss: 1.656273881712771 Val loss: 1.786970352366609 Time: 0.5369506001006812
Train loss: 1.49563642985213 Val loss: 1.8549956281722473 Time: 0.5890702999895439
Train loss: 1.448076376863108 Val loss: 2.146212548153912 Time: 0.5831318000564352
Train loss: 1.281019088634673 Val loss: 2.0032486892653054 Time: 0.5317503999685869
Train loss: 1.103222258139477 Val loss: 2.0536512163995817 Time: 0.5275535000255331
Train loss: 1.237086715938978 Val loss: 1.8468197668441277 Time: 0.5319437999278307
Train loss: 1.17154426315542 Val loss: 1.8674672768324925 Time: 0.534710600040853
Train loss: 1.1380959070328998 Val loss: 2.0400192415622005 Time: 0.5429125999798998
Train loss: 1.3586975523449416 Val loss: 2.020979054661808 Time: 0.542559799971059
Train loss: 1.3202223712043568 Val loss: 1.5674865435408378 Time: 0.5237858999753371
Train loss: 0.9600492778192574 Val loss: 1.8364391525641395 Time: 0.5494992999592796
Train loss: 1.365832880129043 Val loss: 1.7051725536986169 Time: 0.5375074000330642
Train loss: 1.1185170904687636 Val loss: 2.1369534204967082 Time: 0.5297072000103071
Train loss: 1.2493532983058753 Val loss: 1.944030084012752 Time: 0.5567816999973729
Train loss: 1.2534531082403446 Val loss: 1.6436663697912763 Time: 0.5339432000182569
Train loss: 1.0217724652297004 Val loss: 1.7465324463614706 Time: 0.5413541999878362
Train loss: 1.0267427449713908 Val loss: 1.8136240066291203 Time: 0.5286907999543473
Train loss: 1.2540663178826386 Val loss: 1.6184295730108715 Time: 0.5540179999079555
Train loss: 0.8710551544400192 Val loss: 1.7647924344482817 Time: 0.5391903999261558
Train loss: 0.9955070764052171 Val loss: 1.6010518478560698 Time: 0.5640114999841899
Train loss: 0.8866622596384981 Val loss: 1.6428519029632298 Time: 0.5471051000058651
Train loss: 1.1096372836902046 Val loss: 1.4237547925117724 Time: 0.5259689999511465
Train loss: 0.7208130364743126 Val loss: 1.5103475316536787 Time: 0.5284064000006765
Train loss: 0.9680485974079627 Val loss: 1.31471590363617 Time: 0.5584598999703303
Train loss: 0.8630908781336168 Val loss: 1.6796194420885513 Time: 0.5155203000176698
Train loss: 0.9745631742047953 Val loss: 1.595677748147125 Time: 0.5522077999776229
Train loss: 0.7467456573081798 Val loss: 1.6251926999384807 Time: 0.5282396000111476
Train loss: 0.8292626761455737 Val loss: 1.4132781085349961 Time: 0.5407646999228746
Train loss: 0.8601425110224137 Val loss: 1.43446822519536 Time: 0.5377751000924036
Train loss: 0.7640067538453514 Val loss: 1.5248220839347368 Time: 0.5470938000362366
Train loss: 0.9441669456598039 Val loss: 1.4025507527128411 Time: 0.5518070999532938
Train loss: 0.730545212851867 Val loss: 1.085002383458459 Time: 0.5215281998971477
Shrinking learning rate to 1e-05
Train loss: 1.1011114362895449 Val loss: 1.424511575604356 Time: 0.5186397000215948
Train loss: 0.7934455862622497 Val loss: 1.3510309148350643 Time: 0.5224828000646085
Train loss: 0.8553846692916548 Val loss: 1.383024912370729 Time: 0.503621399984695
Train loss: 0.727721423950886 Val loss: 1.3264303283099252 Time: 0.525384399923496
Train loss: 0.8306505828334977 Val loss: 1.3631020949069352 Time: 0.5194745999760926
Train loss: 0.7935393235626459 Val loss: 1.362735803805208 Time: 0.5269852998899296
Train loss: 0.8307208497647938 Val loss: 1.3810801199369962 Time: 0.5205855000531301
Train loss: 0.6655071944037314 Val loss: 1.4341870485964137 Time: 0.511702400050126
Train loss: 0.6985182288303509 Val loss: 1.3957471568000983 Time: 0.5318797999061644
Train loss: 0.9357314108822893 Val loss: 1.3752476804320395 Time: 0.5142357000149786
Train loss: 0.9004711432880237 Val loss: 1.3935914527037312 Time: 0.5215742000145838
Train loss: 0.9410679338679103 Val loss: 1.3821955507210077 Time: 0.5203443000791594
Train loss: 0.8254128986861982 Val loss: 1.3248704150441881 Time: 0.5446914000203833
Train loss: 0.8526191536585173 Val loss: 1.3492140940479658 Time: 0.5122886999743059
Train loss: 0.9275723089532169 Val loss: 1.3711206261004918 Time: 0.5045336000621319
Train loss: 0.9818145252144039 Val loss: 1.2926438859017253 Time: 0.5234785999637097
Train loss: 0.9495101643260822 Val loss: 1.3070784889705465 Time: 0.53653319994919
Shrinking learning rate to 1.0000000000000002e-06
Train loss: 0.9026834759883271 Val loss: 1.431016286997874 Time: 0.5003430000506341
Train loss: 0.6804429981395801 Val loss: 1.4329409998067604 Time: 0.5179313999833539
Train loss: 0.8517195366956755 Val loss: 1.4226421628104617 Time: 0.5233177000191063
Train loss: 0.7198624757937128 Val loss: 1.4231336036655193 Time: 0.5057050000177696
Train loss: 0.7334735776415379 Val loss: 1.4145701278148408 Time: 0.5138263999251649
Train loss: 0.9872458794415958 Val loss: 1.411526581585349 Time: 0.6085033999988809
Train loss: 0.8307180728739211 Val loss: 1.4033413397878576 Time: 0.5205445000901818
Train loss: 0.6115346241219216 Val loss: 1.3985547294319076 Time: 0.5371252000331879
Train loss: 0.9852895973665181 Val loss: 1.4013125637679877 Time: 0.5169904000358656
Train loss: 0.8698832834673818 Val loss: 1.4011129009513752 Time: 0.4820615000789985
Train loss: 0.9634561496178072 Val loss: 1.397869294418797 Time: 0.5114719999255612
Train loss: 0.6923157938230686 Val loss: 1.3920171267700425 Time: 0.515720900031738
Train loss: 0.6864496971780636 Val loss: 1.3930952182022338 Time: 0.5177203000057489
Train loss: 0.9259013192650228 Val loss: 1.3961909573517914 Time: 0.5241750000277534
Train loss: 0.9124978050530784 Val loss: 1.3934837246001734 Time: 0.6110078999772668
Train loss: 0.8384099352432273 Val loss: 1.3953288899392646 Time: 0.7822094999719411
Train loss: 0.8613478307205515 Val loss: 1.3867712398227923 Time: 0.6724290000274777
Shrinking learning rate to 1.0000000000000002e-07
Learning rate getting small
Complete
 Total time: 66.59134080004878