starting log for model: C:\Users\christopher.johnson\Documents\GitHub\flu\lstm_drop.pth
Train loss: 15.837491336933383 Val loss: 1.123294652072218 Time: 1.0417035999707878
Train loss: 8.271350859749468 Val loss: 0.6925117940991186 Time: 1.3512095999903977
Train loss: 7.324006964918016 Val loss: 0.45452800777275115 Time: 0.8824382000602782
Train loss: 6.290487867975523 Val loss: 0.5198700437041772 Time: 0.8971759998239577
Train loss: 6.52326968911126 Val loss: 0.4012353832513327 Time: 0.9214963999111205
Train loss: 6.3462113028894365 Val loss: 0.6468694452732962 Time: 0.9211497001815587
Train loss: 6.088194085124751 Val loss: 0.4098679728285788 Time: 0.9174387999810278
Train loss: 4.88186805521223 Val loss: 0.43801579243154265 Time: 0.9327546998392791
Train loss: 5.501475039904319 Val loss: 0.26075047575267263 Time: 0.9548104999121279
Train loss: 4.860735699241609 Val loss: 0.14767285989296397 Time: 0.9344665000680834
Train loss: 4.707282576884883 Val loss: 0.12419807368860347 Time: 1.297321599908173
Train loss: 4.223772964083587 Val loss: 0.30393548985011876 Time: 1.2051972001791
Train loss: 4.376418624027593 Val loss: 0.45787420694250613 Time: 0.9370291999075562
Train loss: 4.344796180964262 Val loss: 0.32431698353775573 Time: 0.955742800142616
Train loss: 3.856962848986269 Val loss: 0.4324161531403661 Time: 0.9733696000184864
Train loss: 3.723437036391113 Val loss: 0.3806184625807987 Time: 0.9112490999978036
Train loss: 3.119863620234004 Val loss: 0.5904807288316078 Time: 0.9618301999289542
Train loss: 3.24969766284605 Val loss: 0.36510681500658393 Time: 0.9111476999241859
Train loss: 2.76619177332742 Val loss: 0.38846740894950926 Time: 0.9443018001038581
Train loss: 3.3295154769181456 Val loss: 0.7003374200430699 Time: 0.9097347999922931
Train loss: 3.325368480447935 Val loss: 0.8531648581847548 Time: 1.1552283999044448
Train loss: 3.3124371328513362 Val loss: 0.24785911239450797 Time: 1.3385426001623273
Train loss: 2.7425975658835666 Val loss: 0.4971908451989293 Time: 0.9515414000488818
Train loss: 2.5271557597306753 Val loss: 0.6474163717839474 Time: 0.996011600131169
Train loss: 2.4876575683477244 Val loss: 0.6148434828501195 Time: 1.319950400153175
Train loss: 3.3588968831645047 Val loss: 0.49289920831506606 Time: 0.9794783000834286
Train loss: 3.0983743875180214 Val loss: 0.9106303679291159 Time: 0.926598499994725
Train loss: 3.0741568346445236 Val loss: 0.5180362386163324 Time: 0.905365000013262
Train loss: 2.468980957775795 Val loss: 1.2328612675410113 Time: 0.921580599853769
Train loss: 2.4550741697191594 Val loss: 0.8365092453313991 Time: 0.8941707001067698
Train loss: 2.379385371073363 Val loss: 0.6728969935211353 Time: 0.9332020001020283
Train loss: 2.6049263793123973 Val loss: 0.5883010094057681 Time: 0.9255692998412997
Train loss: 2.7715898873691636 Val loss: 0.4085907921544276 Time: 0.9594271001406014
Train loss: 1.8210900405106027 Val loss: 1.1427548839710653 Time: 0.9301292998716235
Train loss: 1.7859191442896254 Val loss: 0.8111355454311706 Time: 1.0237145000137389
Train loss: 2.349633495474208 Val loss: 0.9762551872991025 Time: 1.3385511001106352
Train loss: 2.4419794842094777 Val loss: 0.8638914109415055 Time: 1.1531202998012304
Train loss: 2.0301920017571478 Val loss: 0.613806730615579 Time: 1.3355551999993622
Train loss: 1.851663819295311 Val loss: 1.6517099374905229 Time: 0.9450360001064837
Train loss: 1.741720917644165 Val loss: 0.8992044096812606 Time: 0.9562309000175446
Train loss: 1.6433563378754803 Val loss: 0.550578554160893 Time: 0.9706437999848276
Train loss: 1.789433468425642 Val loss: 0.8963296595902648 Time: 0.946607300080359
Train loss: 1.528037996929001 Val loss: 0.5941556515596176 Time: 0.9511551999021322
Train loss: 1.8521595576485004 Val loss: 0.5459532283562112 Time: 0.9482912998646498
Train loss: 3.5008299194225376 Val loss: 1.952876642695628 Time: 0.9150674999691546
Train loss: 3.4974216812765553 Val loss: 0.6136158287408762 Time: 0.9269735000561923
Train loss: 2.331445928471475 Val loss: 0.8093528534518555 Time: 0.9551929000299424
Train loss: 1.3153826766476664 Val loss: 0.5735570170800202 Time: 0.9080031998455524
Train loss: 1.175956948280918 Val loss: 0.5536242976503445 Time: 0.9193642002064735
Train loss: 1.1762853228013994 Val loss: 0.8379635333403712 Time: 0.9115401001181453
Train loss: 1.5134544689981884 Val loss: 0.5080407198984176 Time: 0.9003889998421073
Train loss: 1.4279594875633617 Val loss: 0.3972065602429211 Time: 0.9082516999915242
Train loss: 2.981370337847295 Val loss: 1.8444748120382428 Time: 0.9453879999928176
Train loss: 2.20843718450078 Val loss: 0.34460630373496315 Time: 0.9105403001885861
Train loss: 1.5111163020826388 Val loss: 1.372013846412301 Time: 0.9134150999598205
Train loss: 1.6374028462701182 Val loss: 1.3509500292129815 Time: 0.934190999949351
Train loss: 2.679449901095178 Val loss: 0.4818900024984032 Time: 0.951659900136292
Train loss: 2.3088699361907734 Val loss: 0.7337975620030193 Time: 0.9378090999089181
Shrinking learning rate to 0.0001
Train loss: 1.1443625109090014 Val loss: 0.6107800718164071 Time: 0.9806095999665558
Train loss: 1.1004459257375916 Val loss: 0.6131749642081559 Time: 0.8188247999642044
Train loss: 1.0450010980539635 Val loss: 0.6752928460482508 Time: 0.8580167000181973
Train loss: 1.062365953705283 Val loss: 0.6668860174249858 Time: 0.909591699950397
Train loss: 1.2299649714320953 Val loss: 0.6474012706894428 Time: 0.853057200089097
Train loss: 1.0265741463587768 Val loss: 0.6935476255603135 Time: 0.8301683999598026
Train loss: 1.0245655160523262 Val loss: 0.6580672252457589 Time: 0.8549990998581052
Train loss: 0.9939685447081867 Val loss: 0.5890656902920455 Time: 0.8198712000157684
Train loss: 1.0244085394665858 Val loss: 0.6605607068631798 Time: 0.8846904998645186
Train loss: 0.9345339329953601 Val loss: 0.688160382793285 Time: 0.8564309999346733
Train loss: 0.8815632208606563 Val loss: 0.6299671975430101 Time: 0.8775412999093533
Train loss: 1.0716674409873725 Val loss: 0.6323122312314808 Time: 0.8735246998257935
Train loss: 0.8541885187716036 Val loss: 0.6432988890446723 Time: 0.8382753999903798
Train loss: 1.0533290181341997 Val loss: 0.6271809535101056 Time: 0.9033564999699593
Train loss: 0.9757510231582921 Val loss: 0.6065916592488065 Time: 0.86186180007644
Train loss: 0.9219351491151198 Val loss: 0.6867875835159793 Time: 0.8515620999969542
Train loss: 1.0411010964098433 Val loss: 0.5799466610187665 Time: 0.8566229999996722
Train loss: 0.992813891163872 Val loss: 0.5763372514629737 Time: 0.8635288998484612
Train loss: 0.8720790204837057 Val loss: 0.6138562564738095 Time: 0.8438405999913812
Train loss: 1.1448052596570646 Val loss: 0.6357090673409402 Time: 0.8381269001401961
Train loss: 1.009120965985582 Val loss: 0.5984616773203015 Time: 0.889297500019893
Train loss: 0.7905085588947958 Val loss: 0.6156300615984946 Time: 0.8882095001172274
Train loss: 0.7832591565571274 Val loss: 0.5489187433267944 Time: 0.8703250999096781
Train loss: 0.882425024561396 Val loss: 0.5337344647450664 Time: 0.8150013000704348
Train loss: 1.1197089354377627 Val loss: 0.5664723196823616 Time: 0.880505200009793
Train loss: 0.8905361246426622 Val loss: 0.5597673958400264 Time: 0.8332686999347061
Train loss: 0.9372951635625968 Val loss: 0.5571487241541035 Time: 0.9071778999641538
Train loss: 0.9456891079330179 Val loss: 0.5007836414006306 Time: 0.8620817000046372
Train loss: 1.0801380698669476 Val loss: 0.5676940393750556 Time: 0.8763824000488967
Train loss: 0.8280183045918257 Val loss: 0.5418424823146779 Time: 0.8617847000714391
Train loss: 0.9387736797695183 Val loss: 0.5438468546781223 Time: 0.8161386998835951
Train loss: 1.0136719304727362 Val loss: 0.500403950180953 Time: 0.9720077998936176
Shrinking learning rate to 1e-05
Train loss: 0.8511576981885635 Val loss: 0.5551304772961885 Time: 0.8555753999389708
Train loss: 0.9778980164204323 Val loss: 0.5608630978967994 Time: 1.000040200073272
Train loss: 0.8947515052063255 Val loss: 0.5629787943908013 Time: 0.8613177000079304
Train loss: 0.8622881234007471 Val loss: 0.5665232934406959 Time: 0.9669858000706881
Train loss: 0.7738826200533229 Val loss: 0.5647633236367255 Time: 0.8454122000839561
Train loss: 0.9232099869210835 Val loss: 0.5578644629567862 Time: 0.905324500054121
Train loss: 0.8903240796442222 Val loss: 0.5666341835167259 Time: 0.8506342000328004
Train loss: 1.202626286357411 Val loss: 0.5872657151194289 Time: 0.8796202999074012
Train loss: 0.7482054362069184 Val loss: 0.5742592196911573 Time: 0.8278735000640154
Train loss: 1.0339350337572029 Val loss: 0.5754398118006065 Time: 0.8560493998229504
Train loss: 0.8755614868651143 Val loss: 0.567892485181801 Time: 0.8245004001073539
Train loss: 0.775076498260074 Val loss: 0.5620520280208439 Time: 0.8508142998907715
Train loss: 0.8117005420660157 Val loss: 0.571649011282716 Time: 0.8239903999492526
Train loss: 1.0301625793490434 Val loss: 0.5782871728297323 Time: 0.8318383998703212
Train loss: 0.721773681411535 Val loss: 0.5730835823342204 Time: 0.8769077998585999
Train loss: 0.8593587135638807 Val loss: 0.5782282032305375 Time: 0.8961312000174075
Train loss: 0.8384537971685813 Val loss: 0.5732914850814268 Time: 0.8603984999936074
Train loss: 0.7627531166011989 Val loss: 0.5665094877476804 Time: 0.8322227001190186
Train loss: 0.8127655448029749 Val loss: 0.5554511666414328 Time: 0.895108399912715
Train loss: 0.9305735026677331 Val loss: 0.5656465375213884 Time: 0.8978208000771701
Train loss: 0.9051307784801654 Val loss: 0.5722326710238121 Time: 0.8634244001004845
Train loss: 0.845620782199587 Val loss: 0.5582453320384957 Time: 0.8622330999933183
Train loss: 0.7554897045520352 Val loss: 0.5616394454846159 Time: 0.8710312000475824
Train loss: 0.7692049449566425 Val loss: 0.5661336549092084 Time: 0.8383824999909848
Shrinking learning rate to 1.0000000000000002e-06
Train loss: 0.7417078766755434 Val loss: 0.5732340704998933 Time: 0.8344692999962717
Train loss: 0.7822308097839783 Val loss: 0.5741518100257963 Time: 0.8661366000305861
Train loss: 0.7592582420029724 Val loss: 0.5735915333498269 Time: 0.866147399879992
Train loss: 0.8028439655962296 Val loss: 0.5741669648559764 Time: 0.8466977998614311
Train loss: 0.956021175451488 Val loss: 0.5756407567532733 Time: 0.8519311998970807
Train loss: 0.8910018399816702 Val loss: 0.5758014793973416 Time: 0.8426450998522341
Train loss: 1.2361698788245945 Val loss: 0.5757397330598906 Time: 0.8258563000708818
Train loss: 0.8521457838949693 Val loss: 0.5756341117667034 Time: 0.9140449000988156
Train loss: 0.7557551770706368 Val loss: 0.5753909141058102 Time: 0.8317859000526369
Train loss: 1.2632136822170388 Val loss: 0.5759549294598401 Time: 0.9397281999699771
Shrinking learning rate to 1.0000000000000002e-07
Learning rate getting small
Complete
 Total time: 114.92013739980757