starting log for model: C:\Users\christopher.johnson\Documents\GitHub\flu\lstm_single.pth
Train loss: 8.912091270849007 Val loss: 0.8010991646442562 Time: 0.46626300003845245
Train loss: 5.574912117819238 Val loss: 0.6256494765548268 Time: 0.598731099977158
Train loss: 4.517627659034854 Val loss: 0.7970846819225699 Time: 0.5892789999488741
Train loss: 4.452893751872912 Val loss: 0.5245631978576881 Time: 0.45335990004241467
Train loss: 4.2148606545738065 Val loss: 0.43082819385745097 Time: 0.5347970000002533
Train loss: 3.877231310207515 Val loss: 0.5849028288944282 Time: 0.45346699992660433
Train loss: 3.50413041814088 Val loss: 0.7375668486442919 Time: 0.4781413999153301
Train loss: 3.086472205734726 Val loss: 1.0488827341544038 Time: 0.38941970001906157
Train loss: 2.916262322996907 Val loss: 1.474998273930396 Time: 0.5354821999790147
Train loss: 2.949768612301952 Val loss: 1.7290933747572126 Time: 0.42689889995381236
Train loss: 2.8862643116213533 Val loss: 1.7546702908512088 Time: 0.518034900072962
Train loss: 3.1358155349964445 Val loss: 1.61037340281473 Time: 0.6047330000437796
Train loss: 2.7207253189757488 Val loss: 1.4974250460027179 Time: 0.6103755000513047
Train loss: 2.246304200035106 Val loss: 2.0165326645364985 Time: 0.4849492000648752
Train loss: 2.259666253345168 Val loss: 1.8363210182869807 Time: 0.39185000001452863
Train loss: 2.0432974051201516 Val loss: 2.2370783546066377 Time: 0.486770199961029
Train loss: 2.178635247820554 Val loss: 2.5935319017153233 Time: 0.4047018000856042
Train loss: 1.950575659276197 Val loss: 2.525740589048837 Time: 0.5485695000970736
Train loss: 2.137624138304919 Val loss: 2.2348723439499736 Time: 0.4572535998886451
Train loss: 1.6090338440003453 Val loss: 3.1316155286040157 Time: 0.4109281999990344
Train loss: 2.1747671005538933 Val loss: 3.6866645952686667 Time: 0.5523982000304386
Train loss: 1.9794719801115992 Val loss: 3.13828251772793 Time: 0.4686381999636069
Train loss: 1.640647674203369 Val loss: 4.4341671904549 Time: 0.4233906000154093
Train loss: 1.7884961440492706 Val loss: 5.0637200232595205 Time: 0.4544144000392407
Train loss: 1.6876212968964044 Val loss: 5.259613069705665 Time: 0.4009616000112146
Train loss: 2.1818498922527425 Val loss: 1.9668733542785048 Time: 0.46030599996447563
Train loss: 2.205556505464031 Val loss: 2.498500248300843 Time: 0.42046880000270903
Train loss: 1.8833345278471914 Val loss: 5.605462174688 Time: 0.5105458999751136
Train loss: 1.8071647042121413 Val loss: 3.679193646647036 Time: 0.40022700000554323
Shrinking learning rate to 0.0001
Train loss: 1.8812669097238075 Val loss: 3.3753853926900774 Time: 0.4429057000670582
Train loss: 1.6848221136385746 Val loss: 3.3201326386770234 Time: 0.4294637000421062
Train loss: 1.583391052812864 Val loss: 3.303233498823829 Time: 0.40935760003048927
Train loss: 1.5071701352132774 Val loss: 3.3071062674280256 Time: 0.44875950005371124
Train loss: 1.451755357120259 Val loss: 3.3084947877796367 Time: 0.518960899906233
Train loss: 1.403353772099294 Val loss: 3.3102647158666514 Time: 0.4305134000023827
Train loss: 1.362275427006458 Val loss: 3.3102526457514614 Time: 0.44850649998988956
Train loss: 1.3249450310861652 Val loss: 3.2976936110062525 Time: 0.40183330001309514
Train loss: 1.2928767151565992 Val loss: 3.2800036201952025 Time: 0.4251827000407502
Train loss: 1.2626494096024303 Val loss: 3.2674856425146572 Time: 0.422919400036335
Train loss: 1.2373133905964124 Val loss: 3.260521830015932 Time: 0.3928734000073746
Train loss: 1.214462018849737 Val loss: 3.2454270862726844 Time: 0.4772882000543177
Train loss: 1.1924180694732534 Val loss: 3.2304793798248284 Time: 0.39664060005452484
Train loss: 1.1723399992814079 Val loss: 3.220932749205531 Time: 0.3753736999351531
Train loss: 1.154229326197541 Val loss: 3.20828060564736 Time: 0.3689346000319347
Train loss: 1.1364466553334478 Val loss: 3.196582525283702 Time: 0.3665565000846982
Train loss: 1.1195220662620347 Val loss: 3.1854506009699435 Time: 0.42970569990575314
Train loss: 1.1038822971491034 Val loss: 3.1752590178948594 Time: 0.35455869999714196
Train loss: 1.0879736641343358 Val loss: 3.1582271101724473 Time: 0.3803689000196755
Train loss: 1.073659832972217 Val loss: 3.152526815320016 Time: 0.4314115000888705
Train loss: 1.060228357448216 Val loss: 3.148034979858494 Time: 0.4123351000016555
Train loss: 1.047238893279573 Val loss: 3.133006402378669 Time: 0.46051949996035546
Train loss: 1.0342376363136658 Val loss: 3.124334077714593 Time: 0.3888364000013098
Train loss: 1.0224194161644995 Val loss: 3.1185374346532626 Time: 0.3922821000451222
Train loss: 1.011046851655312 Val loss: 3.101306224183645 Time: 0.43277029995806515
Train loss: 0.9991052591567477 Val loss: 3.0918667674122844 Time: 0.4079699000576511
Train loss: 0.9892200064899656 Val loss: 3.0822996584756766 Time: 0.36552929994650185
Train loss: 0.9787570478277912 Val loss: 3.075559977150988 Time: 0.40608099999371916
Train loss: 0.9690613326746454 Val loss: 3.05958473472856 Time: 0.4173066000221297
Train loss: 0.9606660818306176 Val loss: 3.052070411038585 Time: 0.36276129994075745
Train loss: 0.950906981642403 Val loss: 3.0374786647735164 Time: 0.3919205000856891
Train loss: 0.9421576919404577 Val loss: 3.032695275382139 Time: 0.3811481000157073
Train loss: 0.9351750616919434 Val loss: 3.0218268512981012 Time: 0.4083372999448329
Train loss: 0.9259998800156267 Val loss: 3.00901856017299 Time: 0.37057459994684905
Train loss: 0.9187685513634858 Val loss: 3.0047539541264996 Time: 0.42284639994613826
Train loss: 0.9127233312820917 Val loss: 2.990777760045603 Time: 0.39574339997489005
Train loss: 0.903492888232561 Val loss: 2.9787495494820178 Time: 0.42034359998069704
Train loss: 0.8966501843929149 Val loss: 2.9625348513945937 Time: 0.4075058000162244
Train loss: 0.8911989836597037 Val loss: 2.959267277037725 Time: 0.3962304999586195
Train loss: 0.8827602102287062 Val loss: 2.944794053444639 Time: 0.4106304000597447
Train loss: 0.8778581925237812 Val loss: 2.9363231346942484 Time: 0.3977142000803724
Train loss: 0.8692779933424708 Val loss: 2.932883724104613 Time: 0.4473399999551475
Train loss: 0.8649174675284644 Val loss: 2.9386736173182726 Time: 0.396925599896349
Train loss: 0.8583897323525624 Val loss: 2.9425214217044413 Time: 0.3986726999282837
Train loss: 0.8517241428627114 Val loss: 2.9286712766624987 Time: 0.3736425000242889
Train loss: 0.845523997587617 Val loss: 2.941540631465614 Time: 0.4329903998877853
Train loss: 0.8397040579512751 Val loss: 2.9254335633013397 Time: 0.40015260002110153
Train loss: 0.8345484726112176 Val loss: 2.9453276058193296 Time: 0.3955227000406012
Train loss: 0.8310622147978584 Val loss: 2.936447264626622 Time: 0.4014114000601694
Train loss: 0.8234752601149333 Val loss: 2.944334937725216 Time: 0.4206764999544248
Train loss: 0.816372027963002 Val loss: 2.926719790091738 Time: 0.36601510003674775
Train loss: 0.8122866387203665 Val loss: 2.9424620028585196 Time: 0.37161539995577186
Train loss: 0.8077720259749084 Val loss: 2.919987170258537 Time: 0.38689029996749014
Train loss: 0.8001087395777695 Val loss: 2.9378288560546935 Time: 0.37075240002013743
Train loss: 0.7943922026907586 Val loss: 2.9256791088264436 Time: 0.4124588000122458
Train loss: 0.7893724959086181 Val loss: 2.9285733497235924 Time: 0.4400415000272915
Train loss: 0.7848194070891356 Val loss: 2.91806293069385 Time: 0.3828862000955269
Train loss: 0.774810927488091 Val loss: 2.924660470802337 Time: 0.41357209999114275
Train loss: 0.772620862288905 Val loss: 2.908802602207288 Time: 0.4121535000158474
Train loss: 0.7643076206004318 Val loss: 2.9195549255236983 Time: 0.3837654999224469
Train loss: 0.7625175626277477 Val loss: 2.9026697878725827 Time: 0.41622589994221926
Train loss: 0.7548584428848962 Val loss: 2.9162087582517415 Time: 0.4113867999985814
Train loss: 0.7529687972871608 Val loss: 2.9013232584111392 Time: 0.43367119994945824
Train loss: 0.7437660951070342 Val loss: 2.9110114597715437 Time: 0.43345210002735257
Train loss: 0.7434305436589139 Val loss: 2.8880393728613853 Time: 0.40273159998469055
Train loss: 0.7355897760908032 Val loss: 2.899001651094295 Time: 0.35957490000873804
Train loss: 0.7335022402414793 Val loss: 2.8898226507008076 Time: 0.3613877999596298
Train loss: 0.7264167729253685 Val loss: 2.892773006344214 Time: 0.5220124999759719
Train loss: 0.7243406164323322 Val loss: 2.8836180147482082 Time: 0.34265769994817674
Train loss: 0.7165537447993754 Val loss: 2.8883976578945294 Time: 0.5378783999476582
Train loss: 0.7160202266526015 Val loss: 2.8702211200725287 Time: 0.5325014999834821
Train loss: 0.7098768377988625 Val loss: 2.885754617280327 Time: 0.4014954000012949
Train loss: 0.7059763885892649 Val loss: 2.8647121984977275 Time: 0.45927949994802475
Train loss: 0.7012120773010448 Val loss: 2.880404880736023 Time: 0.39820709999185055
Train loss: 0.698755917734373 Val loss: 2.859356992645189 Time: 0.42647890001535416
Train loss: 0.6930822900038995 Val loss: 2.8741189165739343 Time: 0.48251189989969134
Train loss: 0.6906766096484387 Val loss: 2.862658772733994 Time: 0.3815470999106765
Train loss: 0.6864661786172257 Val loss: 2.876849411171861 Time: 0.38264349999371916
Train loss: 0.6816827941668621 Val loss: 2.8467841256642714 Time: 0.3857039000140503
Train loss: 0.6778139691886459 Val loss: 2.864888249197975 Time: 0.4002675999654457
Train loss: 0.6745848325720767 Val loss: 2.8637258922099136 Time: 0.36050429998431355
Train loss: 0.670841142993712 Val loss: 2.872871432628017 Time: 0.3826760998927057
Train loss: 0.6673082497233889 Val loss: 2.8703996730037034 Time: 0.37359690002631396
Train loss: 0.6632558247220768 Val loss: 2.885658272600267 Time: 0.4063905000220984
Train loss: 0.6606191758529025 Val loss: 2.8768866625032388 Time: 0.34516100003384054
Train loss: 0.6555388329247709 Val loss: 2.870044471521396 Time: 0.525859999936074
Train loss: 0.6536194455313189 Val loss: 2.873567740258295 Time: 0.3571653999388218
Train loss: 0.6508530551199351 Val loss: 2.8967893539811485 Time: 0.4080132000381127
Train loss: 0.6471356876218763 Val loss: 2.887053291342454 Time: 0.4318225000752136
Train loss: 0.6436985166541107 Val loss: 2.9069786398031283 Time: 0.44316400005482137
Train loss: 0.6405438915414443 Val loss: 2.866836661036359 Time: 0.48734319990035146
Train loss: 0.6370677005470426 Val loss: 2.898020894790534 Time: 0.4355859999777749
Train loss: 0.6352727519314723 Val loss: 2.881285732728429 Time: 0.37547600001562387
Train loss: 0.6300418114010315 Val loss: 2.911994107082137 Time: 0.3975236000260338
Train loss: 0.6289361642540099 Val loss: 2.895281948513002 Time: 0.4246121000032872
Train loss: 0.6243014595515595 Val loss: 2.9021962861006614 Time: 0.38202049990650266
Train loss: 0.6210402867741447 Val loss: 2.883236400797614 Time: 0.4549978000577539
Train loss: 0.6179902633567744 Val loss: 2.9085353083501104 Time: 0.4117384999990463
Train loss: 0.6159131304197034 Val loss: 2.894325016568473 Time: 0.38625470001716167
Train loss: 0.6111474428912249 Val loss: 2.8929827664032928 Time: 0.40867639996577054
Train loss: 0.609388364036799 Val loss: 2.8826954664546065 Time: 0.36469890002626926
Train loss: 0.6051258182928567 Val loss: 2.8951713437018043 Time: 0.3881117000710219
Train loss: 0.602097303960222 Val loss: 2.884496925977146 Time: 0.42052209994290024
Train loss: 0.5989253429817891 Val loss: 2.9217221024309765 Time: 0.4890113000292331
Train loss: 0.5964188879629242 Val loss: 2.8912819030098262 Time: 0.3575983999762684
Train loss: 0.5927818483171958 Val loss: 2.932531641094503 Time: 0.356249799951911
Train loss: 0.5906105459987794 Val loss: 2.908862795219889 Time: 0.3684718000004068
Train loss: 0.587054186165139 Val loss: 2.942523396945944 Time: 0.36878329992759973
Train loss: 0.584913206836382 Val loss: 2.9002759699978924 Time: 0.4179227000568062
Train loss: 0.5816075775724165 Val loss: 2.9350745431474934 Time: 0.6096298999618739
Train loss: 0.5789131357442616 Val loss: 2.9271437346242237 Time: 0.596404799958691
Train loss: 0.5751350303271034 Val loss: 2.940617001357168 Time: 0.5256027999566868
Train loss: 0.5728697303002297 Val loss: 2.929960067911452 Time: 0.5314591000787914
Train loss: 0.5699566134904493 Val loss: 2.9481117811519653 Time: 0.45202540000900626
Train loss: 0.5677755138422435 Val loss: 2.938944790432288 Time: 0.42817259998992085
Train loss: 0.5648215710547655 Val loss: 2.9575345064804424 Time: 0.4578407999360934
Train loss: 0.5623493011393128 Val loss: 2.949652278708527 Time: 0.45342370006255805
Train loss: 0.5598737058436395 Val loss: 2.9681887070764787 Time: 0.4242301000049338
Train loss: 0.5571897056113373 Val loss: 2.9576580913126236 Time: 0.37203349999617785
Train loss: 0.5556645052328435 Val loss: 2.9601933174635633 Time: 0.37217739992775023
Train loss: 0.5529728066027912 Val loss: 2.9630914659501286 Time: 0.43998510006349534
Train loss: 0.5502644007469168 Val loss: 3.00690343597671 Time: 0.39965689997188747
Train loss: 0.5470085586603268 Val loss: 2.9681443742811098 Time: 0.47112520004156977
Train loss: 0.5449550249328895 Val loss: 3.014930001743778 Time: 0.43382080004084855
Train loss: 0.5429114075850907 Val loss: 2.9901901869998255 Time: 0.40298550005536526
Train loss: 0.5395629861994771 Val loss: 3.0385149031935725 Time: 0.45981959998607635
Train loss: 0.5392646446539073 Val loss: 2.9890809318330867 Time: 0.413180899922736
Train loss: 0.5351670443478409 Val loss: 3.0390220917688566 Time: 0.3962498999899253
Train loss: 0.5339609125085021 Val loss: 3.044873314014694 Time: 0.3986572999274358
Train loss: 0.5310334898693871 Val loss: 3.0497405243077083 Time: 0.44211099995300174
Train loss: 0.5287888464422066 Val loss: 3.0570974540314637 Time: 0.41138540010433644
Train loss: 0.5266013166429389 Val loss: 3.070722262704294 Time: 0.44861950003542006
Train loss: 0.5241643195221666 Val loss: 3.0697255226477864 Time: 0.4614479000447318
Train loss: 0.5218915436334877 Val loss: 3.08714632903866 Time: 0.4890147999394685
Train loss: 0.5196753888426091 Val loss: 3.089063913997961 Time: 0.4529382000910118
Train loss: 0.5175710356296017 Val loss: 3.0991496078349883 Time: 0.4408030000049621
Train loss: 0.5150820867283896 Val loss: 3.1054956061161647 Time: 0.5043237999780104
Train loss: 0.5130468858720727 Val loss: 3.1492173566057318 Time: 0.48494510003365576
Train loss: 0.5117970943710415 Val loss: 3.0965235702822156 Time: 0.3827901999466121
Train loss: 0.5097069575008202 Val loss: 3.1365009305027343 Time: 0.38739649998024106
Train loss: 0.5067196079525826 Val loss: 3.1651809705981577 Time: 0.357478899997659
Train loss: 0.5046525435351309 Val loss: 3.145318651545864 Time: 0.44725590001326054
Train loss: 0.5024016770796872 Val loss: 3.1517768516459377 Time: 0.44188800000119954
Train loss: 0.4990241625862111 Val loss: 3.1860408502820405 Time: 0.4935688000405207
Train loss: 0.49806385071472936 Val loss: 3.171454237829039 Time: 0.4733367000008002
Train loss: 0.49422521156566057 Val loss: 3.1965139012503414 Time: 0.42709160002414137
Train loss: 0.49371563060717805 Val loss: 3.183194824026941 Time: 0.42461650003679097
Train loss: 0.4908993569464659 Val loss: 3.228958857055204 Time: 0.4494711000006646
Train loss: 0.4891065822666986 Val loss: 3.210120089474003 Time: 0.41658550000283867
Train loss: 0.48714353386898873 Val loss: 3.2161133004709974 Time: 0.4014148999704048
Train loss: 0.48445620166527226 Val loss: 3.234532401860889 Time: 0.43434259993955493
Train loss: 0.4826873293191201 Val loss: 3.255903837260121 Time: 0.38600509997922927
Train loss: 0.4816317974825949 Val loss: 3.2333215257895063 Time: 0.36326030001509935
Train loss: 0.4790709848614467 Val loss: 3.254436274168256 Time: 0.36284059996251017
Train loss: 0.47662295232842744 Val loss: 3.276924369922199 Time: 0.4258673000149429
Train loss: 0.4747413817117432 Val loss: 3.269340920887771 Time: 0.35487540008034557
Train loss: 0.47278920668094315 Val loss: 3.284620591934072 Time: 0.368008500081487
Train loss: 0.47055168083737986 Val loss: 3.279731496848399 Time: 0.3584380999673158
Train loss: 0.46895984082861997 Val loss: 3.3135257963003824 Time: 0.47022889996878803
Train loss: 0.4671524347386793 Val loss: 3.303165462333709 Time: 0.5097076999954879
Train loss: 0.46525550265902815 Val loss: 3.3298252107342705 Time: 0.39499980001710355
Train loss: 0.461735318390879 Val loss: 3.3459267898870166 Time: 0.41249030001927167
Train loss: 0.4617615312147145 Val loss: 3.3489658389007673 Time: 0.4442336999345571
Train loss: 0.45844223306016296 Val loss: 3.3673989945382345 Time: 0.39116760005708784
Train loss: 0.4573036364430969 Val loss: 3.367224407935282 Time: 0.36179630004335195
Train loss: 0.45475860692496384 Val loss: 3.3795002621482126 Time: 0.397923200041987
Train loss: 0.452767979953725 Val loss: 3.41528774384642 Time: 0.34853700001258403
Train loss: 0.45100548154418085 Val loss: 3.3854561318294145 Time: 0.4313762999372557
Train loss: 0.44842228020416275 Val loss: 3.433797332632821 Time: 0.37291919998824596
Train loss: 0.4461934151073099 Val loss: 3.427207280881703 Time: 0.35539659997448325
Train loss: 0.4441476859555847 Val loss: 3.445311780436896 Time: 0.3570659999968484
Complete
 Total time: 85.85319840000011