starting log for model: C:\Users\christopher.johnson\Documents\GitHub\flu\lstm_3lay_drop_2019.pth
Train loss: 13.42293936912601 Val loss: 0.1786812484256899 Time: 0.9328579999273643
Train loss: 11.76301408272866 Val loss: 0.2557411052985117 Time: 0.7881834000581875
Train loss: 11.709871030424296 Val loss: 0.2697536519917776 Time: 0.7125001000240445
Train loss: 11.779719161735045 Val loss: 0.2800716698002361 Time: 0.7708801999688148
Train loss: 11.766815497011123 Val loss: 0.2681581329816254 Time: 0.7720760999945924
Train loss: 11.641198534667026 Val loss: 0.26787837208394194 Time: 0.7732947999611497
Train loss: 11.617207936662197 Val loss: 0.27120786285740905 Time: 0.8553996999980882
Train loss: 11.675532951436296 Val loss: 0.2688954699624446 Time: 1.1956739999586716
Train loss: 11.63659318660018 Val loss: 0.23679874457070582 Time: 1.7127086999826133
Train loss: 9.23233372832371 Val loss: 0.13450356122484664 Time: 1.7642633999930695
Train loss: 6.48319577129238 Val loss: 0.21263878518402635 Time: 1.3972583999857306
Train loss: 5.902916156597453 Val loss: 0.2862299801172412 Time: 1.7599316000705585
Train loss: 5.41696573385166 Val loss: 0.29501203352265293 Time: 1.316886999993585
Train loss: 4.876345613002763 Val loss: 0.3640269731316721 Time: 1.3624221999198198
Train loss: 4.975871322904603 Val loss: 0.3093018688105076 Time: 1.5455228999489918
Train loss: 4.6474564567263315 Val loss: 0.38412590962244764 Time: 1.4967606000136584
Train loss: 4.136085746375693 Val loss: 0.39977325406425734 Time: 1.543913000030443
Train loss: 3.7484029011941766 Val loss: 0.4453257436772775 Time: 1.2865377999842167
Train loss: 3.875292789246263 Val loss: 0.434915891598866 Time: 1.4069763999432325
Train loss: 4.050774267812746 Val loss: 0.4938574449964346 Time: 1.5134741000365466
Train loss: 3.6671731780035266 Val loss: 0.48563156132743757 Time: 1.386991500039585
Train loss: 3.2056165627841766 Val loss: 0.4772282059505706 Time: 1.3987946000415832
Train loss: 3.334779046184343 Val loss: 0.5140583627789965 Time: 1.390047900029458
Train loss: 3.2995349538626955 Val loss: 0.44427319439083846 Time: 1.4983626001048833
Train loss: 3.146065200014231 Val loss: 0.4373972470359604 Time: 1.4121418999275193
Train loss: 2.9320990308515515 Val loss: 0.4420560088078389 Time: 1.3063316000625491
Train loss: 2.931349474501988 Val loss: 0.47777610328714104 Time: 1.3382785000139847
Train loss: 2.7798193333880272 Val loss: 0.4749053787239177 Time: 1.5000854999525473
Train loss: 2.932760946093363 Val loss: 0.4488101961811424 Time: 1.4083544999593869
Train loss: 2.598869329086655 Val loss: 0.38050585518533353 Time: 1.3051948000211269
Train loss: 2.806409496441152 Val loss: 0.4089448033607468 Time: 1.3700035000219941
Train loss: 2.847445839907067 Val loss: 0.388266192982222 Time: 1.4679802999598905
Train loss: 2.8641765158270776 Val loss: 0.36860587969340486 Time: 1.4040651000104845
Train loss: 2.5694686026550912 Val loss: 0.3590662673711904 Time: 1.3651249998947605
Train loss: 2.7501659204089712 Val loss: 0.3363583885721013 Time: 1.3463042000075802
Train loss: 2.467011784681568 Val loss: 0.3203337167794871 Time: 1.461913299979642
Train loss: 2.495352095578154 Val loss: 0.32054552669887926 Time: 1.3483328999718651
Train loss: 2.33553530588658 Val loss: 0.30246409504297844 Time: 1.2992398999631405
Train loss: 2.5344311605448677 Val loss: 0.22177030505451967 Time: 0.8306863000616431
Train loss: 2.3277572341877013 Val loss: 0.21758940039137542 Time: 0.725966600002721
Train loss: 2.0426015021343282 Val loss: 0.2485274304522136 Time: 0.7640612999675795
Train loss: 2.162763736503754 Val loss: 0.19856714687992638 Time: 0.7224515000125393
Train loss: 1.9239510956750117 Val loss: 0.16072470449010723 Time: 0.7418985000113025
Train loss: 2.1105097293161146 Val loss: 0.17178534932213552 Time: 0.738491699914448
Train loss: 2.0059351611657643 Val loss: 0.18669668667553196 Time: 0.7399120000191033
Train loss: 2.1264397412858873 Val loss: 0.15140667078343029 Time: 0.7535942000104114
Train loss: 2.0358586957447335 Val loss: 0.15551916109507147 Time: 0.9054994999896735
Train loss: 1.8655950511200459 Val loss: 0.11875748398881569 Time: 0.7124401999171823
Train loss: 1.9131828300507188 Val loss: 0.12518186868067005 Time: 0.8053955000359565
Train loss: 1.9549995737480543 Val loss: 0.10815254513431682 Time: 0.7239120999583974
Train loss: 1.947074547641277 Val loss: 0.09899751007392688 Time: 0.7450747999828309
Train loss: 1.9665392719863086 Val loss: 0.09743189127902951 Time: 0.7659261000808328
Train loss: 1.7907127025302172 Val loss: 0.08436599942297107 Time: 0.7358645000495017
Train loss: 1.8505533207302793 Val loss: 0.0836448257754725 Time: 0.7441950999200344
Train loss: 1.699805725285497 Val loss: 0.082395867265312 Time: 0.7117983000352979
Train loss: 1.7893812223594168 Val loss: 0.10100617992239336 Time: 0.7204705000622198
Train loss: 1.7419192221732018 Val loss: 0.060987165258438836 Time: 0.7465404000831768
Train loss: 1.6757522167786014 Val loss: 0.0678287836159095 Time: 0.7763189000543207
Train loss: 1.7573016194137736 Val loss: 0.060735235123956954 Time: 0.7633489000145346
Train loss: 1.6397312308399918 Val loss: 0.04478331966629412 Time: 0.7715655999490991
Train loss: 1.7625854344175416 Val loss: 0.06871989098261118 Time: 0.7576097999699414
Train loss: 1.5971750699278884 Val loss: 0.08100327838228338 Time: 0.7489764000056311
Train loss: 1.562979383949614 Val loss: 0.05833679752038279 Time: 0.7373237999854609
Train loss: 1.6586571061508133 Val loss: 0.0547271547152377 Time: 0.715049899998121
Train loss: 1.5094069379023216 Val loss: 0.04602228694807309 Time: 0.7326536999316886
Train loss: 1.4973193004638112 Val loss: 0.043789625125555176 Time: 0.7331316999625415
Train loss: 1.561896958482551 Val loss: 0.050570555178987675 Time: 0.7508580000139773
Train loss: 1.4999487040722443 Val loss: 0.05897612909768668 Time: 0.7562218999955803
Train loss: 1.5456644209032289 Val loss: 0.03503061432593313 Time: 0.7329106000252068
Train loss: 1.5396626041503418 Val loss: 0.04936329136853601 Time: 0.7479524000082165
Train loss: 1.4888672775069365 Val loss: 0.03280676343445066 Time: 0.7600170000223443
Train loss: 2.0102296253486607 Val loss: 0.034501217902906944 Time: 0.7389334000181407
Train loss: 1.4186531350686735 Val loss: 0.030410807217776892 Time: 0.7413650000235066
Train loss: 1.2070043399287531 Val loss: 0.02829558302971691 Time: 0.7442107999231666
Train loss: 1.502556307723502 Val loss: 0.044810797550891124 Time: 0.7242722000228241
Train loss: 1.4321906356223992 Val loss: 0.03242006076334292 Time: 0.7400508999126032
Train loss: 1.3166116214179941 Val loss: 0.034405058843958614 Time: 0.8094399999827147
Train loss: 1.1037891994807758 Val loss: 0.029547794536810557 Time: 0.7511097000679001
Train loss: 1.368046886065855 Val loss: 0.03657885148868445 Time: 0.7361189000075683
Train loss: 1.370859478588676 Val loss: 0.026056941994681893 Time: 0.7317748999921605
Train loss: 1.306292993440202 Val loss: 0.021453813018794676 Time: 0.7419116999953985
Train loss: 1.0618908456413299 Val loss: 0.02229130083110409 Time: 0.7287244000472128
Train loss: 1.2779085549126368 Val loss: 0.021568313599289013 Time: 0.7410010000457987
Train loss: 1.3626885530422594 Val loss: 0.024734999432426186 Time: 0.7591879999963567
Train loss: 1.42388454374463 Val loss: 0.02627045790234206 Time: 0.7228955999016762
Train loss: 1.4483602158647004 Val loss: 0.032117710353449944 Time: 0.7475828999886289
Train loss: 1.2014833586492537 Val loss: 0.031475692079428796 Time: 0.7109516999917105
Train loss: 1.0361375303378537 Val loss: 0.025318235666816236 Time: 0.7540494001004845
Train loss: 1.183550234066967 Val loss: 0.04035164180258022 Time: 0.7406831999542192
Train loss: 1.1930625632190521 Val loss: 0.0314510975669009 Time: 0.7485285999719054
Train loss: 1.2239759897714746 Val loss: 0.026858606922019135 Time: 0.7276703999377787
Train loss: 1.3413279584520978 Val loss: 0.027156559371292133 Time: 0.7482004000339657
Train loss: 1.2548299087785324 Val loss: 0.03016320164761055 Time: 0.7460648999549448
Train loss: 1.1016503426736757 Val loss: 0.022792315815186814 Time: 0.7229605000466108
Train loss: 0.995692726256884 Val loss: 0.02153704465155215 Time: 0.7623020999599248
Train loss: 1.1640810277289972 Val loss: 0.0302082925817011 Time: 0.7496742999646813
Train loss: 1.225033185939405 Val loss: 0.03291837661004138 Time: 0.7350635000038892
Train loss: 1.423205333769796 Val loss: 0.03893031710220485 Time: 0.718637999962084
Train loss: 1.2288809308524478 Val loss: 0.04090798028889253 Time: 0.7265368000371382
Train loss: 1.4339547264512857 Val loss: 0.021728831596177223 Time: 0.7447991999797523
Train loss: 1.1177853063039214 Val loss: 0.029318964871436037 Time: 0.7595211000880226
Train loss: 1.1314931450911534 Val loss: 0.023393903666146798 Time: 0.7197323000291362
Train loss: 1.0566842468145483 Val loss: 0.02577442984826206 Time: 0.7227661999640986
Train loss: 0.9996836427839608 Val loss: 0.024350706730388083 Time: 0.7331417000386864
Shrinking learning rate to 1e-05
Train loss: 1.0295203833695048 Val loss: 0.022494503134609545 Time: 0.6925381000619382
Train loss: 0.8628025215658113 Val loss: 0.023289400000435112 Time: 0.8049745999742299
Train loss: 0.8759322904126638 Val loss: 0.02320901039333023 Time: 0.6955446999054402
Train loss: 0.9087436206615038 Val loss: 0.025042648840436055 Time: 0.6887108000228181
Train loss: 0.9828894001054618 Val loss: 0.026744277282655382 Time: 0.7141902999719605
Train loss: 1.1386474079003537 Val loss: 0.0271700200589593 Time: 0.7217363999225199
Train loss: 1.0859653383617536 Val loss: 0.026747964428095905 Time: 0.7195487999124452
Train loss: 1.0017255141951145 Val loss: 0.028500123879856343 Time: 0.7482587000122294
Train loss: 1.054973146109487 Val loss: 0.029315885162262134 Time: 0.6842256999807432
Train loss: 1.0929476563757328 Val loss: 0.028117925559082074 Time: 0.7182662000413984
Train loss: 0.8329967038115962 Val loss: 0.02788176982930679 Time: 0.7196738000493497
Train loss: 0.930777633556211 Val loss: 0.02889281164891422 Time: 0.7298490999964997
Train loss: 0.9225259389840811 Val loss: 0.031537040635583935 Time: 0.7174399000359699
Train loss: 0.9345326668060002 Val loss: 0.03258918222412033 Time: 0.7048751000547782
Train loss: 1.1966933273399238 Val loss: 0.03308770327469858 Time: 0.7009691999992356
Train loss: 0.9077125088059006 Val loss: 0.03357923148399777 Time: 0.7154512000270188
Train loss: 0.9920352970238202 Val loss: 0.029899157564774015 Time: 0.7103581000119448
Train loss: 1.1210510160572034 Val loss: 0.032021960902843774 Time: 0.6995825000340119
Train loss: 1.0327041845952738 Val loss: 0.03357528530827325 Time: 0.705904999980703
Train loss: 1.0859614276505685 Val loss: 0.034212780707315815 Time: 0.6887117000296712
Shrinking learning rate to 1.0000000000000002e-06
Train loss: 0.890502375716846 Val loss: 0.02805679113983217 Time: 0.6883338000625372
Train loss: 0.9717863463756162 Val loss: 0.028057289780733186 Time: 0.7091030000010505
Train loss: 0.9510483075488203 Val loss: 0.028239903874194283 Time: 0.743559299968183
Train loss: 0.8666638187247031 Val loss: 0.028334925627493845 Time: 0.8461692000273615
Train loss: 1.0144929588803464 Val loss: 0.028248464819856878 Time: 1.1555031000170857
Train loss: 0.799283631829972 Val loss: 0.028427749040510264 Time: 1.1730156000703573
Train loss: 0.9812034200635291 Val loss: 0.028404669955733652 Time: 0.775501299998723
Train loss: 0.9053646877356822 Val loss: 0.028530075832264856 Time: 0.7328872000798583
Train loss: 0.9265578312664515 Val loss: 0.02864901497917614 Time: 0.8333624000661075
Train loss: 0.9132856059995276 Val loss: 0.0287791416346067 Time: 0.7509150000987574
Train loss: 0.8959076059740543 Val loss: 0.028817174964484216 Time: 0.6945829000324011
Train loss: 1.0021448396165513 Val loss: 0.028674201891893125 Time: 0.7161449000705034
Train loss: 0.8952693193016482 Val loss: 0.02873018946503736 Time: 0.7217917999951169
Train loss: 1.0833865941933054 Val loss: 0.028682497289892694 Time: 1.0164392999140546
Train loss: 1.1532985192962357 Val loss: 0.028728071958262547 Time: 1.325427700066939
Shrinking learning rate to 1.0000000000000002e-07
Learning rate getting small
Complete
 Total time: 126.6769106000429