starting log for model: C:\Users\christopher.johnson\Documents\GitHub\flu\lstm_3lay_drop_2019_usa.pth
Train loss: 15.115306476071552 Val loss: 0.2087228902601055 Time: 0.9312301999889314
Train loss: 12.165986219252318 Val loss: 0.30598956894191076 Time: 0.8083321000449359
Train loss: 11.738927545229444 Val loss: 0.3403585840460437 Time: 0.7618746000807732
Train loss: 12.218336289587285 Val loss: 0.32523469307125197 Time: 0.7901951000094414
Train loss: 11.920625761289443 Val loss: 0.3295522501193773 Time: 0.7980714999139309
Train loss: 12.0576542985402 Val loss: 0.3131836890534032 Time: 0.7771733000408858
Train loss: 11.727029365770989 Val loss: 0.33276474522426724 Time: 0.7742102998308837
Train loss: 11.881191937795563 Val loss: 0.2993135915021412 Time: 0.7900392001029104
Train loss: 10.460228217120296 Val loss: 0.3133362662047148 Time: 0.7906098000239581
Train loss: 7.992065959475326 Val loss: 0.4183963423820387 Time: 0.9912209999747574
Train loss: 6.67460310009624 Val loss: 0.501020557294396 Time: 1.1708135001827031
Train loss: 5.64077980115145 Val loss: 0.6587235144020269 Time: 1.1321258000098169
Train loss: 5.4233008638474445 Val loss: 0.8421332606467331 Time: 0.8114245999604464
Train loss: 4.648226368348983 Val loss: 1.1173376327646025 Time: 0.78714369982481
Train loss: 4.527871247139505 Val loss: 1.3490544280284666 Time: 0.8066022999119014
Train loss: 4.024155962182078 Val loss: 1.6126025472765377 Time: 0.8181410999968648
Train loss: 3.7767641480750775 Val loss: 1.946970222598793 Time: 0.8696004999801517
Train loss: 3.6887869261178174 Val loss: 1.901854730810328 Time: 0.8735463998746127
Train loss: 3.809473519974382 Val loss: 1.9592760700759868 Time: 0.8460550999734551
Train loss: 4.108461885176602 Val loss: 2.0108589112427353 Time: 0.8617778001353145
Train loss: 3.734114045280999 Val loss: 2.0875263817322463 Time: 0.8567357000429183
Train loss: 3.7105990578944184 Val loss: 2.1136169153962783 Time: 0.826457800110802
Train loss: 3.6898080926517913 Val loss: 1.9657569286875958 Time: 0.8445572999771684
Train loss: 3.593351557472727 Val loss: 2.0553603969676923 Time: 0.8514140001498163
Train loss: 3.510265218110532 Val loss: 1.9213818272802143 Time: 0.8444315998349339
Train loss: 3.4463488576770906 Val loss: 1.6684841932851384 Time: 0.8543855999596417
Train loss: 3.056998869710009 Val loss: 1.8265437828352447 Time: 0.8965572998858988
Train loss: 3.0332895282458097 Val loss: 1.8052138019167536 Time: 0.8633600999601185
Train loss: 3.1972205844383907 Val loss: 1.8343345735690946 Time: 0.8467413000762463
Train loss: 2.9711223918975724 Val loss: 1.6951579691396628 Time: 0.8454148001037538
Train loss: 3.0883839277582625 Val loss: 1.807107875288299 Time: 0.8485546999145299
Train loss: 2.9542597943075926 Val loss: 1.9009982991953116 Time: 0.8521577001083642
Train loss: 2.958394775082331 Val loss: 1.7098423518082768 Time: 0.8598340998869389
Train loss: 2.9537238763402365 Val loss: 1.5930684432492797 Time: 0.8577357998583466
Train loss: 2.85707199832325 Val loss: 1.4184554248043924 Time: 0.842499400023371
Train loss: 2.634427519909434 Val loss: 1.531394369105243 Time: 0.9938280000351369
Train loss: 2.4375426611831195 Val loss: 1.5066703141000843 Time: 0.8628102999646217
Train loss: 2.7505009410800336 Val loss: 1.3903956743424857 Time: 0.8733333998825401
Train loss: 2.7289607890763623 Val loss: 1.434099978107028 Time: 0.8604877998586744
Train loss: 2.4433183951883053 Val loss: 1.248966167382422 Time: 0.853441699873656
Train loss: 2.241261854409849 Val loss: 1.221281639639983 Time: 0.9313310000579804
Train loss: 2.543807869663727 Val loss: 1.3530961116513627 Time: 0.8664812000934035
Train loss: 2.3699624297699087 Val loss: 1.2743607603779026 Time: 0.844978499924764
Train loss: 2.3443834089285325 Val loss: 1.2474609487385209 Time: 0.8613762999884784
Train loss: 2.313453927979666 Val loss: 1.0460851979872205 Time: 0.8399932000320405
Train loss: 2.370071566145521 Val loss: 1.1274735027553788 Time: 0.861782600171864
Train loss: 2.2011609358699396 Val loss: 1.2405267668789897 Time: 0.8492502998560667
Train loss: 2.1758480147792487 Val loss: 1.140477542878699 Time: 0.8644079000223428
Train loss: 2.2045424677265424 Val loss: 1.0634080965602806 Time: 0.8579571000300348
Train loss: 2.4040601351301496 Val loss: 1.1022168916931605 Time: 0.8662606000434607
Train loss: 2.31008598226112 Val loss: 1.1622470105768912 Time: 0.875533299986273
Train loss: 2.144533498278117 Val loss: 0.9542058186311084 Time: 0.8579249000176787
Train loss: 1.955225654467379 Val loss: 0.9207664327205975 Time: 0.8496808998752385
Train loss: 1.9515275643744325 Val loss: 1.0109988324372061 Time: 0.8444477000739425
Train loss: 1.864642792006384 Val loss: 0.9587569319633005 Time: 0.8521487999241799
Train loss: 1.9591439118314498 Val loss: 0.8607738221575494 Time: 0.8637687999289483
Train loss: 1.9079632793400378 Val loss: 0.9686506553958338 Time: 0.8853031999897212
Train loss: 1.9556755094982459 Val loss: 0.9193441054817129 Time: 0.859195000026375
Train loss: 1.6886950326298171 Val loss: 0.8488263015885877 Time: 0.8626981999259442
Train loss: 1.9451042298018635 Val loss: 0.8975494335800299 Time: 0.8752898999955505
Train loss: 1.8036309865201972 Val loss: 0.9007882408209298 Time: 0.8792360001243651
Train loss: 1.7820346313949456 Val loss: 0.9728467293143694 Time: 0.9296923000365496
Train loss: 1.8424603870047669 Val loss: 0.8752537721370572 Time: 0.9593293000943959
Train loss: 1.697306767581215 Val loss: 0.6771337460377254 Time: 0.8422965998761356
Train loss: 1.8536840246299517 Val loss: 0.7502896338701248 Time: 0.8500395999290049
Train loss: 1.5510672264397245 Val loss: 0.8392821369677108 Time: 0.8457200999837369
Train loss: 1.6718825182326702 Val loss: 0.7541515234142935 Time: 0.8612197001930326
Train loss: 1.7529767199352948 Val loss: 0.7958340653922278 Time: 0.9956525000743568
Train loss: 1.3638358173447283 Val loss: 0.7437317867802046 Time: 1.1610210998915136
Train loss: 1.768141162892797 Val loss: 0.7474597441346305 Time: 1.124868799932301
Train loss: 1.698823574382903 Val loss: 0.7786376037438458 Time: 0.8509394000284374
Train loss: 1.4170594494307593 Val loss: 0.8726477699588031 Time: 0.8681161999702454
Train loss: 1.7902901480768028 Val loss: 0.7281419881587681 Time: 0.8421587999910116
Train loss: 1.2954314618229457 Val loss: 0.690196493826079 Time: 0.8470783999655396
Train loss: 1.5730462486379904 Val loss: 0.6965296887428849 Time: 0.8423870999831706
Train loss: 1.4624154415167174 Val loss: 0.6158774752911995 Time: 0.9098793000448495
Train loss: 1.6929978974602597 Val loss: 0.6050934165882609 Time: 0.9912566000130028
Train loss: 1.241492099982631 Val loss: 0.6578972088645969 Time: 0.857583099976182
Train loss: 1.801208163133702 Val loss: 0.6594101959781256 Time: 0.8583718999288976
Train loss: 1.3658770830532179 Val loss: 0.6612068901622479 Time: 0.8628435998689383
Train loss: 1.4168830793378087 Val loss: 0.5905117407928628 Time: 0.8647600000258535
Train loss: 1.1485782621760352 Val loss: 0.5780704895050803 Time: 0.8558745998889208
Train loss: 1.2269295818341766 Val loss: 0.6731675399619235 Time: 0.8789743999950588
Train loss: 1.3463263201504247 Val loss: 0.5628610582442661 Time: 0.8427625999320298
Train loss: 1.2543934263169587 Val loss: 0.650099182971644 Time: 0.8589248999487609
Train loss: 1.3484878258257211 Val loss: 0.6008974555261375 Time: 0.852796999970451
Train loss: 1.2248447976546686 Val loss: 0.52864677628952 Time: 0.8618970001116395
Train loss: 1.203177830300906 Val loss: 0.5719920880478071 Time: 0.8501734000165015
Train loss: 1.3099841394335638 Val loss: 0.5723662071839044 Time: 0.8563547001685947
Train loss: 1.205770310133104 Val loss: 0.5469961154524512 Time: 0.8542220001108944
Train loss: 1.3092121552601554 Val loss: 0.4619784155634552 Time: 0.8696548000443727
Shrinking learning rate to 1e-05
Train loss: 1.4482768215640112 Val loss: 0.6477936416868033 Time: 0.7994681999552995
Train loss: 1.2738804012392475 Val loss: 0.6810242234814723 Time: 0.783771799877286
Train loss: 1.3852870898218723 Val loss: 0.6741853805178835 Time: 0.8192080999724567
Train loss: 1.2900644089827646 Val loss: 0.7023797838919563 Time: 0.7846649000421166
Train loss: 1.2142335087479978 Val loss: 0.711046181511847 Time: 0.82186200004071
Train loss: 1.1811055563081918 Val loss: 0.7074385201294717 Time: 0.815819300012663
Train loss: 1.5219621953334712 Val loss: 0.7332353938518281 Time: 0.7928092000074685
Train loss: 1.303157141435592 Val loss: 0.7261008019058863 Time: 0.7974693002179265
Train loss: 1.1548997285855755 Val loss: 0.7134697554984086 Time: 0.8045802998822182
Train loss: 1.5059101054296886 Val loss: 0.7519733567614821 Time: 0.8002555998973548
Shrinking learning rate to 1.0000000000000002e-06
Train loss: 2.0115777629438005 Val loss: 0.5896797923242048 Time: 0.7872260001022369
Train loss: 1.2665323117855607 Val loss: 0.5959023266614167 Time: 0.8062501999083906
Train loss: 1.5500856182642617 Val loss: 0.6046387338055865 Time: 0.7825380999129266
Train loss: 1.3845094729170904 Val loss: 0.6134625374243114 Time: 0.8107769000343978
Train loss: 1.220781362212226 Val loss: 0.6252534729310355 Time: 0.8043331999797374
Train loss: 1.4735346028329044 Val loss: 0.6347493325874893 Time: 0.793733200058341
Train loss: 1.430317166389802 Val loss: 0.6406492904661718 Time: 0.7764808000065386
Train loss: 1.54454662742549 Val loss: 0.6454691519884364 Time: 0.7929116000887007
Train loss: 1.55655031237085 Val loss: 0.6512230943662871 Time: 0.8023761999793351
Train loss: 1.1554492904575253 Val loss: 0.6519358433624802 Time: 0.86528249992989
Shrinking learning rate to 1.0000000000000002e-07
Learning rate getting small
Complete
 Total time: 95.57002190011553