starting log for model: C:\Users\christopher.johnson\Documents\GitHub\flu\lstm_drop_B_2019_usa.pth
Train loss: 11.651116903958723 Val loss: 0.2722552620944043 Time: 0.8765360000543296
Train loss: 11.539052673680544 Val loss: 0.27177123735600617 Time: 0.8538930998183787
Train loss: 11.45380028765625 Val loss: 0.27632780733620166 Time: 0.8379248999990523
Train loss: 11.517716271319841 Val loss: 0.26793186529539526 Time: 0.8205267998855561
Train loss: 11.467203925662034 Val loss: 0.2733929384885414 Time: 0.8513122999574989
Train loss: 11.47006077248318 Val loss: 0.27252588696683233 Time: 0.8426287998445332
Train loss: 11.259273154759512 Val loss: 0.24946323096628475 Time: 0.8221047997940332
Train loss: 9.736206370260334 Val loss: 0.11794752814967069 Time: 0.807726499857381
Train loss: 7.034552896384756 Val loss: 0.26977285522031025 Time: 0.8218576000072062
Train loss: 6.308194851728366 Val loss: 0.46160675225280556 Time: 0.8261001999489963
Train loss: 5.1457386966034235 Val loss: 0.7276776699303014 Time: 0.8725119999144226
Train loss: 4.391199184875738 Val loss: 1.0166563509717466 Time: 0.8660186999477446
Train loss: 3.9058351160188067 Val loss: 1.25484629933635 Time: 0.8630830999463797
Train loss: 4.0170789192365195 Val loss: 1.4615217385580763 Time: 0.8324933000840247
Train loss: 3.7039809377807122 Val loss: 1.640495469677262 Time: 0.8967037000693381
Train loss: 3.6781741549795512 Val loss: 1.6028442908427678 Time: 1.1319399001076818
Train loss: 3.8340311628937664 Val loss: 1.355022531672148 Time: 1.2240377000998706
Train loss: 3.424500750526583 Val loss: 1.308560198842315 Time: 0.9964054001029581
Train loss: 3.784212607194075 Val loss: 1.2036598882696126 Time: 1.1625771999824792
Train loss: 3.2458544488683305 Val loss: 1.2480351743433857 Time: 1.2098852000199258
Train loss: 2.8030527128564815 Val loss: 1.2733882836982957 Time: 1.2093426000792533
Train loss: 2.9872114862440666 Val loss: 1.0953623814275488 Time: 0.9014218999072909
Train loss: 2.9287594220812747 Val loss: 0.9341286801209208 Time: 1.136111100204289
Train loss: 2.989023767240571 Val loss: 0.9060149208526127 Time: 1.5485774001572281
Train loss: 2.764932807277031 Val loss: 1.0666538294390193 Time: 1.1304313000291586
Train loss: 2.528796159104955 Val loss: 0.8357129525829805 Time: 1.5593525001313537
Train loss: 2.3352860799855093 Val loss: 0.7835821009721258 Time: 1.0830691000446677
Train loss: 2.5331336379815586 Val loss: 0.6945322722021956 Time: 0.879763700067997
Train loss: 2.5538224185719467 Val loss: 0.6263452936691465 Time: 0.8962176002096385
Train loss: 2.474481159658893 Val loss: 0.5715475160977803 Time: 0.8928457000292838
Train loss: 2.110991214715321 Val loss: 0.5194270918291295 Time: 0.8933942001312971
Train loss: 2.2135212343228483 Val loss: 0.40623175441578496 Time: 0.8938498999923468
Train loss: 1.9469251883217513 Val loss: 0.3669711132042721 Time: 0.8902139000128955
Train loss: 2.0054749893421002 Val loss: 0.37188349883581395 Time: 0.8868203000165522
Train loss: 1.9537734843967631 Val loss: 0.3182754857589316 Time: 0.8910320000723004
Train loss: 1.702176379211949 Val loss: 0.36087318488364417 Time: 0.9011961999349296
Train loss: 1.9692721989742532 Val loss: 0.27312657752213454 Time: 0.8680393998511136
Train loss: 1.563093743019726 Val loss: 0.174205735698024 Time: 0.8719238000921905
Train loss: 1.6873656290689603 Val loss: 0.19740960878448277 Time: 0.8822625998873264
Train loss: 2.053068655028013 Val loss: 0.15011638754172196 Time: 0.8950495000462979
Train loss: 1.6719004932633434 Val loss: 0.21309106728585903 Time: 0.8816277000587434
Train loss: 1.6263206661118828 Val loss: 0.17899712350481423 Time: 0.8591580998618156
Train loss: 1.5949178260085652 Val loss: 0.11529971301206388 Time: 0.8633113000541925
Train loss: 1.612844306326382 Val loss: 0.13423188427987043 Time: 0.8463385999202728
Train loss: 1.2679126628335382 Val loss: 0.10245534746718477 Time: 0.9085176000371575
Train loss: 1.4028773372183423 Val loss: 0.06873910855028953 Time: 0.8931105001829565
Train loss: 1.396260469649538 Val loss: 0.07668247674882878 Time: 0.8634386998601258
Train loss: 1.2613501990091152 Val loss: 0.06615271880809814 Time: 0.8637597998604178
Train loss: 1.268660047919547 Val loss: 0.04495749942816474 Time: 0.8711304999887943
Train loss: 1.1607707761575936 Val loss: 0.050068586616021094 Time: 0.897904499899596
Train loss: 1.067258833531966 Val loss: 0.06432310344825964 Time: 0.8753512999974191
Train loss: 0.9602809853691938 Val loss: 0.0635487900731761 Time: 0.9035723998676986
Train loss: 1.1921719945665448 Val loss: 0.03962156312991283 Time: 0.8960750000551343
Train loss: 1.0765606774348426 Val loss: 0.054103636161016766 Time: 0.88664670009166
Train loss: 1.0760573094084391 Val loss: 0.03708076234579494 Time: 0.8933458998799324
Train loss: 1.0437770951537657 Val loss: 0.042021812729622354 Time: 0.8687901999801397
Train loss: 0.9799459590376368 Val loss: 0.06390113971428946 Time: 0.8966069000307471
Train loss: 0.883425653483183 Val loss: 0.046071843258687295 Time: 0.8732058999594301
Train loss: 0.8498075454085838 Val loss: 0.021236811859058236 Time: 0.8855710001662374
Train loss: 0.6970121580763777 Val loss: 0.026229905808733363 Time: 0.8657078999094665
Train loss: 0.711401591485563 Val loss: 0.03198346294811927 Time: 0.8826453001238406
Train loss: 0.7896964041020037 Val loss: 0.031534188927253126 Time: 0.8724863000679761
Train loss: 0.6597945164263663 Val loss: 0.028642187651712447 Time: 0.9423793000169098
Train loss: 0.7017448733875828 Val loss: 0.029929328011348844 Time: 0.9062566999346018
Train loss: 0.657641032582347 Val loss: 0.03356192279898096 Time: 0.8867738000117242
Train loss: 0.7352452473267239 Val loss: 0.028740742462105118 Time: 0.8776845000684261
Train loss: 0.6865464398969072 Val loss: 0.02816354006063193 Time: 0.9069623001851141
Train loss: 0.5223263766424772 Val loss: 0.036395351809915155 Time: 0.8857810001354665
Train loss: 0.6936346087827004 Val loss: 0.019076969438174274 Time: 0.8854316000360996
Train loss: 0.8286239095765806 Val loss: 0.04857409495161846 Time: 0.9033082001842558
Train loss: 0.6634455413529781 Val loss: 0.029012523238634458 Time: 0.8891386000905186
Train loss: 0.6674588896232152 Val loss: 0.035972028723335825 Time: 0.8884463000576943
Train loss: 0.5704075800346238 Val loss: 0.044222124917723704 Time: 0.8656071000732481
Train loss: 0.8667018271141567 Val loss: 0.03837452621519333 Time: 0.8888445000629872
Train loss: 0.8706548616319516 Val loss: 0.032333687115169596 Time: 0.878834699979052
Train loss: 0.6104530082343653 Val loss: 0.04223311980604194 Time: 0.894786300137639
Train loss: 1.073699374299335 Val loss: 0.035157923732185736 Time: 0.8936060999985784
Shrinking learning rate to 1e-05
Train loss: 0.7687549205637769 Val loss: 0.03117083945471677 Time: 0.7837287001311779
Train loss: 0.7194818140513357 Val loss: 0.02597620677383361 Time: 0.7724435001146048
Train loss: 0.4997013319547001 Val loss: 0.02787724969584815 Time: 0.7592573000583798
Train loss: 0.526280248861573 Val loss: 0.026269302120738303 Time: 0.7641737000085413
Train loss: 0.5305285784054057 Val loss: 0.026810457074589067 Time: 0.7620173001196235
Train loss: 0.5012470618663412 Val loss: 0.027742581170514313 Time: 0.764123999979347
Train loss: 0.5536961019309796 Val loss: 0.027178241830370098 Time: 0.7646842000540346
Train loss: 0.6215398290957972 Val loss: 0.024832430148421736 Time: 0.7643191001843661
Train loss: 0.4878547215718326 Val loss: 0.028839019899351115 Time: 0.7898411001078784
Train loss: 0.5513357321660555 Val loss: 0.02637730000378724 Time: 0.7659723998513073
Train loss: 0.48020027539269083 Val loss: 0.027571709759286023 Time: 0.7716718001756817
Train loss: 0.4299234654639328 Val loss: 0.026418624175676086 Time: 0.7874020000454038
Train loss: 0.47305285334322633 Val loss: 0.02807116007170407 Time: 0.764214200200513
Train loss: 0.49666307696843287 Val loss: 0.025892992835906625 Time: 0.7584413001313806
Train loss: 0.3847003776218565 Val loss: 0.02616142802844479 Time: 0.778070000000298
Train loss: 0.6226508256767098 Val loss: 0.02528382348350533 Time: 0.7862151998560876
Train loss: 0.5734566544538091 Val loss: 0.030162158622260904 Time: 0.7553374001290649
Train loss: 0.499000967399148 Val loss: 0.029297978518115997 Time: 0.7520844999235123
Train loss: 0.5090139473776891 Val loss: 0.030204072492779233 Time: 0.7721551998984069
Train loss: 0.6811501148887753 Val loss: 0.031083174010746006 Time: 0.8656143001280725
Train loss: 0.5307387528521375 Val loss: 0.026885471745117684 Time: 0.7817583000287414
Train loss: 0.46508303300842724 Val loss: 0.02605439107173879 Time: 0.7653256000485271
Train loss: 0.3908414532961092 Val loss: 0.029774234837532276 Time: 0.7698228000663221
Train loss: 0.5158004097259543 Val loss: 0.027525237868758268 Time: 0.775811200030148
Shrinking learning rate to 1.0000000000000002e-06
Train loss: 0.703596765291195 Val loss: 0.025587637858279777 Time: 0.7461615998763591
Train loss: 0.39989240039867724 Val loss: 0.025765019683603896 Time: 0.765469599980861
Train loss: 0.6068371456430377 Val loss: 0.02584804850630462 Time: 0.758501100121066
Train loss: 0.49071948285477895 Val loss: 0.026191727444711432 Time: 0.7886793999932706
Train loss: 0.5996277704045068 Val loss: 0.026435760169988498 Time: 0.7596456999890506
Train loss: 0.5765270754720709 Val loss: 0.026779926232393336 Time: 0.7652331001590937
Train loss: 0.5974582284909387 Val loss: 0.02671613929896921 Time: 0.7667947001755238
Train loss: 0.515662378804204 Val loss: 0.026276891523139057 Time: 0.777134699979797
Train loss: 0.4248747786813587 Val loss: 0.025930213263563928 Time: 0.7568386001512408
Train loss: 0.4669264378282646 Val loss: 0.026290524283467676 Time: 0.7730537001043558
Shrinking learning rate to 1.0000000000000002e-07
Learning rate getting small
Complete
 Total time: 97.77249350002967