starting log for model: Q:\00- PROJECTS\Flu Forecasts\flu\flu\models\lstm_drop_22-23.pth
Train loss: 14.319221319353886 Val loss: 2.3828484726345778 Time: 0.9735170000058133
Train loss: 14.230626233416032 Val loss: 2.3679547240462853 Time: 0.911635300013586
Train loss: 14.109666596004672 Val loss: 2.3547786141425604 Time: 0.8868604000017513
Train loss: 13.500583527372072 Val loss: 2.2485410102526657 Time: 0.8966448999999557
Train loss: 11.083739825403882 Val loss: 1.6707020164594724 Time: 0.9157229000120424
Train loss: 7.764725114016296 Val loss: 1.2742567839450203 Time: 0.8669708999950672
Train loss: 6.407766229751164 Val loss: 1.1905658500327263 Time: 0.8826202000054764
Train loss: 5.9884319915155935 Val loss: 1.157313403178705 Time: 0.8822611999930814
Train loss: 6.069765684930847 Val loss: 1.148108327164664 Time: 0.9067820999916876
Train loss: 5.829205622241961 Val loss: 1.159200254951429 Time: 0.8780200000037439
Train loss: 5.633354056610795 Val loss: 1.1273368430847768 Time: 0.9015444999968167
Train loss: 5.634216673490753 Val loss: 1.1284040911996271 Time: 0.890666199993575
Train loss: 5.54077889947912 Val loss: 1.0882190481643192 Time: 0.8823336999921594
Train loss: 5.232823078113796 Val loss: 1.0806612027226947 Time: 0.9441382000077283
Train loss: 5.200326133111966 Val loss: 1.0590585743193515 Time: 1.0176035000040429
Train loss: 5.215936905590761 Val loss: 1.0474043356080074 Time: 0.9660438999999315
Train loss: 4.9000522873242005 Val loss: 1.0216310276591685 Time: 0.9725015000003623
Train loss: 4.824625524466242 Val loss: 1.0032438936177641 Time: 0.999155299999984
Train loss: 4.8742099940859065 Val loss: 0.9781801007047761 Time: 0.9515117999981157
Train loss: 4.6851908020422925 Val loss: 0.9581808457442094 Time: 0.8923141999985091
Train loss: 4.612630092704713 Val loss: 0.9457742862773557 Time: 0.9035934999992605
Train loss: 4.626841512869319 Val loss: 0.9170861348743529 Time: 0.8756328000017675
Train loss: 4.377610480065748 Val loss: 0.8966506366168687 Time: 0.9145828000037
Train loss: 4.161949074872595 Val loss: 0.8842069840466138 Time: 0.8734495999960927
Train loss: 3.827230806842767 Val loss: 0.8591779739072081 Time: 0.881349000002956
Train loss: 4.206305189272303 Val loss: 0.8683239003698873 Time: 0.8766974000027403
Train loss: 3.889753677942451 Val loss: 0.8295889401897654 Time: 0.8603741999977501
Train loss: 3.5784112659827487 Val loss: 0.8404238366056234 Time: 0.8620337000029394
Train loss: 3.7025891960651753 Val loss: 0.8067426990164677 Time: 0.8827451999968616
Train loss: 3.623201005923301 Val loss: 0.8035404106485657 Time: 0.8890246999944793
Train loss: 3.6765092270935655 Val loss: 0.8013398093753494 Time: 0.8725800000102026
Train loss: 3.4338818015342953 Val loss: 0.8066804059199058 Time: 0.8807266000076197
Train loss: 3.208277288910936 Val loss: 0.8483128264779225 Time: 0.8478485999949044
Train loss: 3.220770508157088 Val loss: 0.8224502411321737 Time: 0.8786983000027249
Train loss: 3.0969515024445036 Val loss: 0.8118743855156936 Time: 0.8832825999998022
Train loss: 3.236659333720727 Val loss: 0.8527522482327186 Time: 0.8777090999938082
Train loss: 2.9198345769082055 Val loss: 0.8269822057918645 Time: 0.8857787000015378
Train loss: 2.9248563279159825 Val loss: 0.8699125825078227 Time: 0.8835657000017818
Train loss: 2.977923582022541 Val loss: 0.8902819055365399 Time: 0.909811899997294
Train loss: 2.9022779653180493 Val loss: 0.9756958872894756 Time: 0.900958600002923
Train loss: 2.521329589890203 Val loss: 1.0125357487704605 Time: 0.9034001000109129
Train loss: 2.7086106999300563 Val loss: 0.9554852888686582 Time: 0.8997071000048891
Train loss: 2.5944470012709395 Val loss: 0.9051839160965756 Time: 0.8778323000005912
Train loss: 2.7102395089059117 Val loss: 1.0608204754535109 Time: 0.8629995999945095
Train loss: 2.5403649400300665 Val loss: 0.8289721125620417 Time: 0.858134499998414
Train loss: 2.445614281102295 Val loss: 1.1861657513072714 Time: 0.9061595000093803
Train loss: 2.592313488154197 Val loss: 1.0552479838952422 Time: 0.8917724000057206
Train loss: 2.599602999206365 Val loss: 1.0206516554462723 Time: 0.8779595000087284
Train loss: 2.306802202225354 Val loss: 1.1382979879854247 Time: 0.8740910999913467
Train loss: 2.480221941773965 Val loss: 1.2115970165468752 Time: 0.8631320999993477
Train loss: 2.3232294374377562 Val loss: 1.24444600881543 Time: 0.8852647000021534
Train loss: 2.4989623851284684 Val loss: 1.3647156685765367 Time: 0.8756911999953445
Train loss: 2.3847972262420454 Val loss: 1.2858306207926944 Time: 0.890420499999891
Train loss: 2.116105563755312 Val loss: 1.441271384304855 Time: 0.906533599991235
Train loss: 2.4238885716934657 Val loss: 1.3196187568828464 Time: 0.8672206000046572
Train loss: 2.447030194230177 Val loss: 1.4271453574710904 Time: 0.8541341000091052
Train loss: 2.2570780267608654 Val loss: 1.339205692143878 Time: 0.9106984999962151
Train loss: 2.268361548592611 Val loss: 1.290154870664992 Time: 0.8651151999947615
Train loss: 2.2756640065612013 Val loss: 1.3781520158452167 Time: 0.877888900009566
Train loss: 2.093640720845208 Val loss: 1.5663557469379157 Time: 0.8972459000069648
Train loss: 2.2597822613457583 Val loss: 1.6976487162755802 Time: 0.8936279000045033
Train loss: 2.2338453709998434 Val loss: 1.4979724734876072 Time: 0.8929611999919871
Train loss: 2.145525903591804 Val loss: 1.3905121740172035 Time: 0.891415699996287
Train loss: 2.1697487950346925 Val loss: 1.5547681127791293 Time: 0.8896138999989489
Train loss: 2.0531786914800625 Val loss: 1.567925080889836 Time: 0.8619236999948043
Train loss: 2.0105765447787327 Val loss: 1.3315808328485446 Time: 0.8858546999981627
Train loss: 2.018552657804264 Val loss: 1.271244718140224 Time: 0.9014664999995148
Train loss: 1.9580017656338953 Val loss: 1.338064161973307 Time: 0.8837250000069616
Train loss: 1.8496131864219572 Val loss: 1.3665086589899147 Time: 0.8594803000014508
Train loss: 1.952586417528325 Val loss: 1.347713262797214 Time: 0.9022661999915726
Train loss: 1.9527504621794378 Val loss: 1.478006648409064 Time: 0.874689500007662
Train loss: 1.9472949299119335 Val loss: 1.4251453199976822 Time: 0.8785134000063408
Train loss: 1.873317236586061 Val loss: 1.3989674935617131 Time: 0.9367972000036389
Train loss: 1.8188604252075322 Val loss: 1.3517542686797697 Time: 0.8851428999914788
Train loss: 1.9604976811838197 Val loss: 1.358258051634266 Time: 0.8929944999981672
Train loss: 1.8847251077168965 Val loss: 1.294789940818191 Time: 0.8691373999899952
Train loss: 1.7115805825816999 Val loss: 1.5338540565571748 Time: 0.9071474000083981
Train loss: 1.8513561796333633 Val loss: 1.3787620306829922 Time: 0.8634359999996377
Train loss: 1.8091513190971922 Val loss: 1.506360178696923 Time: 0.8818857000005664
Train loss: 1.787264840032094 Val loss: 1.5120591220329516 Time: 0.8636403999989852
Train loss: 1.7691429358247426 Val loss: 1.3032697386298082 Time: 0.8812175000057323
Train loss: 1.6818419650404124 Val loss: 1.126987326075323 Time: 0.881384699998307
Train loss: 1.6962635111424886 Val loss: 1.4190145216416568 Time: 0.8828732999972999
Train loss: 1.6970161125132677 Val loss: 1.2930990461318288 Time: 0.8845518000016455
Train loss: 1.5926609171275992 Val loss: 1.4815327695250744 Time: 0.9019242999929702
Train loss: 1.7936374510377675 Val loss: 1.2281960537075065 Time: 0.9003510000038659
Train loss: 1.6521761634685161 Val loss: 1.1569991200813092 Time: 0.9080688000103692
Train loss: 1.5929198412615229 Val loss: 1.1457352554425597 Time: 0.8935957000066992
Train loss: 1.5286724880833749 Val loss: 1.1958319855330046 Time: 0.8876060999900801
Train loss: 1.4067681884602337 Val loss: 1.3251162445376394 Time: 0.8747149999981048
Train loss: 1.4689191343438162 Val loss: 1.2356764946889598 Time: 0.901055099995574
Train loss: 1.4990442576072018 Val loss: 1.1471825023181736 Time: 0.8866929000068922
Train loss: 1.4620477854855451 Val loss: 1.145393108483404 Time: 0.9187832999887178
Train loss: 1.389513782380508 Val loss: 1.204825901735603 Time: 0.9230528000043705
Train loss: 1.4382194281606566 Val loss: 1.6232431357784662 Time: 0.878795299999183
Train loss: 1.6491938540320454 Val loss: 1.1540967175010337 Time: 0.9039063000091119
Train loss: 1.3794875460102887 Val loss: 0.9241711219074205 Time: 0.8990591000037966
Train loss: 1.4113280612749577 Val loss: 0.9168295426643454 Time: 0.9427959000022383
Train loss: 1.3584958441952324 Val loss: 1.2102542498181492 Time: 1.0303245999966748
Train loss: 1.4687444204099762 Val loss: 1.0934551314057899 Time: 1.0200751000083983
Train loss: 1.2828820229896678 Val loss: 1.0629403560596984 Time: 1.0865581999969436
Train loss: 1.3473886423295733 Val loss: 0.9703071046969853 Time: 1.0547084999998333
Train loss: 1.4158629515288226 Val loss: 1.0106131692882627 Time: 1.0540760000003502
Train loss: 1.424259953635186 Val loss: 1.2522349752280206 Time: 0.9996080999990227
Train loss: 1.3080481787774048 Val loss: 1.155498499645546 Time: 1.0899677999987034
Train loss: 1.521307699615619 Val loss: 0.8138225377997941 Time: 1.0367743000097107
Train loss: 1.2008645095946147 Val loss: 1.1997507834582848 Time: 1.0376428000017768
Train loss: 1.263087774485804 Val loss: 1.10056194918252 Time: 1.0231246999901487
Train loss: 1.1027402853368358 Val loss: 1.157877238590899 Time: 1.055430400010664
Train loss: 1.2051310185773236 Val loss: 0.8173447448498337 Time: 1.0139519000076689
Train loss: 1.3084089115367743 Val loss: 0.9285284171928652 Time: 1.0813438999903155
Train loss: 1.0874244928625751 Val loss: 1.130984365043119 Time: 1.0572147000057157
Train loss: 1.1420531139946988 Val loss: 0.9692187984910561 Time: 1.0818275999918114
Train loss: 1.0574147958883273 Val loss: 0.8431161802500355 Time: 1.067448500005412
Train loss: 1.1033134030299188 Val loss: 1.1960380950877152 Time: 1.1049054000031902
Train loss: 1.1473599086058224 Val loss: 0.897311880151392 Time: 1.0598399000009522
Train loss: 0.9499470963951921 Val loss: 0.9085303763713455 Time: 1.0241871000034735
Train loss: 1.2512162297044824 Val loss: 0.9532174447455191 Time: 1.1008762999990722
Train loss: 0.9850709306858407 Val loss: 1.0523507265620253 Time: 1.1246347999986028
Train loss: 1.0252337204314328 Val loss: 0.9504375765900477 Time: 1.1375760000082664
Train loss: 0.9458785795652318 Val loss: 0.9767918161342095 Time: 1.1461298999929568
Train loss: 0.9941605531451074 Val loss: 0.8375202529568924 Time: 1.2352603000035742
Train loss: 1.1113952964729101 Val loss: 0.9997312405757839 Time: 1.099652499993681
Train loss: 1.0841620694017289 Val loss: 0.7419552484643646 Time: 1.1362917999940692
Train loss: 0.988202638919198 Val loss: 0.7255906412319746 Time: 1.0931352999905357
Train loss: 0.965273346781176 Val loss: 0.9058019731401146 Time: 1.1789027000049828
Train loss: 0.8996815634612985 Val loss: 0.6404548184946179 Time: 1.2491872000100557
Train loss: 0.9670434821162994 Val loss: 1.1507779626595038 Time: 1.17099369999778
Train loss: 0.685884948939389 Val loss: 0.7883719010669665 Time: 1.1261444999981904
Train loss: 0.8506738949444781 Val loss: 0.6881139805773273 Time: 1.123304900000221
Train loss: 0.9401163559028136 Val loss: 0.6934912188444287 Time: 1.116989599991939
Train loss: 1.0117991513658353 Val loss: 0.744515854706151 Time: 1.0871607000008225
Train loss: 0.8916059674752728 Val loss: 0.7161147994338535 Time: 1.1626220000034664
Train loss: 0.776706969787881 Val loss: 0.6460558740982378 Time: 1.2047796999977436
Train loss: 0.9151252793806322 Val loss: 0.8321712902688887 Time: 1.1784657999960473
Train loss: 0.8057999454425726 Val loss: 0.6731733836552394 Time: 1.2422028000000864
Train loss: 0.9313823913634351 Val loss: 0.701725637569325 Time: 1.1547644000092987
Train loss: 0.803735211810304 Val loss: 0.7078600979439216 Time: 1.1090714000019943
Shrinking learning rate to 1e-05
Train loss: 0.8178866732623646 Val loss: 0.7730177076603866 Time: 1.1131807999918237
Train loss: 0.7943746710463699 Val loss: 0.7960275094210374 Time: 1.0359696999948937
Train loss: 0.8269986920558701 Val loss: 0.7674007445330062 Time: 1.0519572000048356
Train loss: 0.9608602516994154 Val loss: 0.7945450598726893 Time: 1.1263842999906046
Train loss: 0.7899479351352738 Val loss: 0.7770342408065289 Time: 1.1762142999941716
Train loss: 0.7742410535476125 Val loss: 0.8053173116923062 Time: 1.2572432000015397
Train loss: 0.9002672089269552 Val loss: 0.7464660974728758 Time: 1.0085753000021214
Train loss: 0.7626903146876944 Val loss: 0.7767427798122668 Time: 1.108045500004664
Train loss: 0.8588193262723998 Val loss: 0.8105203411255388 Time: 1.0374295000074198
Train loss: 0.7669099746092485 Val loss: 0.7798998635635144 Time: 1.1057646999979625
Shrinking learning rate to 1.0000000000000002e-06
Train loss: 0.8764258566017062 Val loss: 0.7889527059242027 Time: 1.1300876999885077
Train loss: 0.830968705751836 Val loss: 0.7884268372076804 Time: 1.0112815000029514
Train loss: 0.8668933212994158 Val loss: 0.7871903506270428 Time: 1.1106120000040391
Train loss: 0.8305136946468972 Val loss: 0.790715307807659 Time: 0.9996384999976726
Train loss: 0.9189817094538455 Val loss: 0.7962718093367585 Time: 1.1113916999893263
Train loss: 0.8463085208407559 Val loss: 0.7915128637059752 Time: 1.070814299993799
Train loss: 0.8152306258741122 Val loss: 0.7876985778093513 Time: 1.0259069000021555
Train loss: 0.8647546302218281 Val loss: 0.787110124892024 Time: 1.196388600001228
Train loss: 0.8817156247312141 Val loss: 0.7894348835343408 Time: 1.0471786999987671
Train loss: 0.8345390310607961 Val loss: 0.791356068364621 Time: 1.1550248999992618
Shrinking learning rate to 1.0000000000000002e-07
Learning rate getting small
Complete
 Total time: 156.87438680000196