starting log for model: C:\Users\christopher.johnson\Documents\GitHub\flu\lstm_diff.pth
Train loss: 12.690769511994404 Val loss: 2.1940032168931793 Time: 0.5044976000208408
Train loss: 5.789923654592144 Val loss: 1.7930457580660004 Time: 0.4145302000688389
Train loss: 4.462428526609653 Val loss: 1.8259250996634364 Time: 0.4514690999640152
Train loss: 4.607281072916212 Val loss: 1.7916623919736594 Time: 0.3748490000143647
Train loss: 3.5331887187880717 Val loss: 1.5311570843362006 Time: 0.38132709998171777
Train loss: 3.606706072477283 Val loss: 1.141591218096437 Time: 0.38351020007394254
Train loss: 3.8902643506713335 Val loss: 1.5213469071604777 Time: 0.3707624999806285
Train loss: 3.5074824707852006 Val loss: 0.873840802378254 Time: 0.3681023999815807
Train loss: 2.7837625110602175 Val loss: 1.1040153177982575 Time: 0.38212309998925775
Train loss: 3.6727554051181928 Val loss: 0.5900975012627896 Time: 0.38722799997776747
Train loss: 4.2131700810668065 Val loss: 0.9612603644882256 Time: 0.39273810002487153
Train loss: 2.6207850097822245 Val loss: 1.2241221596486866 Time: 0.39905799995176494
Train loss: 2.788442738257558 Val loss: 1.058787199926428 Time: 0.3802576999878511
Train loss: 2.5160234077877117 Val loss: 0.94059587551601 Time: 0.39297359995543957
Train loss: 2.333208273227127 Val loss: 0.9340203238152753 Time: 0.3882873000111431
Train loss: 2.2453219870143712 Val loss: 0.8671692883362994 Time: 0.3696095999330282
Train loss: 1.8662766965579216 Val loss: 0.9951903290057089 Time: 0.39589800010435283
Train loss: 2.059909611904506 Val loss: 1.0549877382873092 Time: 0.37340499996207654
Train loss: 2.074896955569727 Val loss: 0.9585977969909436 Time: 0.3909829999320209
Train loss: 1.6673545165098647 Val loss: 0.9270471589625231 Time: 0.3730212999507785
Train loss: 2.9322790954174582 Val loss: 1.4384272139286622 Time: 0.3724682000465691
Train loss: 1.7789290429342517 Val loss: 0.9956638821749948 Time: 0.37385299999732524
Train loss: 1.2749825466702553 Val loss: 0.8832056818778256 Time: 0.3750052999239415
Train loss: 1.1933937714876202 Val loss: 0.9268276043226251 Time: 0.3836322999559343
Train loss: 1.1855476797309166 Val loss: 1.0298441490886034 Time: 0.37826770008541644
Train loss: 1.0606287141138786 Val loss: 0.8983756973702839 Time: 0.38407439994625747
Train loss: 1.2503813941331252 Val loss: 1.098345290432917 Time: 0.37922250002156943
Train loss: 1.85135508303964 Val loss: 1.0046605121460743 Time: 0.37344549992121756
Train loss: 1.3507160270039513 Val loss: 1.111140266953953 Time: 0.37742339994292706
Train loss: 1.2432867595430939 Val loss: 0.8071871583815664 Time: 0.37088539998512715
Train loss: 1.2678246106044888 Val loss: 0.7404239266315926 Time: 0.3730680999578908
Train loss: 1.4517134656635022 Val loss: 1.2565758108976297 Time: 0.37491409992799163
Train loss: 1.4458779031689604 Val loss: 1.0729275404155487 Time: 0.3716866000322625
Train loss: 1.6610946647564884 Val loss: 1.448501419625245 Time: 0.4002311999211088
Train loss: 1.3669078131450547 Val loss: 0.8438252606792958 Time: 0.3788632999639958
Shrinking learning rate to 0.0001
Train loss: 2.5024085081387923 Val loss: 1.294173872738611 Time: 0.36347940005362034
Train loss: 1.26348042696001 Val loss: 1.3468576271261554 Time: 0.374913000036031
Train loss: 0.9953364543052006 Val loss: 1.3378287053783424 Time: 0.3678455000044778
Train loss: 0.8743935392438384 Val loss: 1.3254454789566807 Time: 0.36719350004568696
Train loss: 0.8031653090673441 Val loss: 1.3137470753863454 Time: 0.3663642999017611
Train loss: 0.7505872149365089 Val loss: 1.301298365520779 Time: 0.3666928999591619
Train loss: 0.7099830016708992 Val loss: 1.289129719545599 Time: 0.36890649993438274
Train loss: 0.6766573050371081 Val loss: 1.2816988624399528 Time: 0.39192299998831004
Train loss: 0.6494779577090306 Val loss: 1.2730956987361424 Time: 0.374570699990727
Train loss: 0.6268770488456057 Val loss: 1.2733625333057716 Time: 0.3652248999569565
Train loss: 0.6086283256187728 Val loss: 1.266442911408376 Time: 0.3669874999905005
Train loss: 0.5918779182407294 Val loss: 1.2581542072002776 Time: 0.37020949996076524
Train loss: 0.5761168035648692 Val loss: 1.2483215190004557 Time: 0.36535810003988445
Train loss: 0.5618944477119253 Val loss: 1.2368997832527384 Time: 0.36519449995830655
Train loss: 0.5488389879007949 Val loss: 1.222913763485849 Time: 0.365140900015831
Train loss: 0.5371860923979987 Val loss: 1.2108580688363872 Time: 0.3583119000541046
Train loss: 0.5258161266305832 Val loss: 1.198410481621977 Time: 0.4021920000668615
Train loss: 0.5167519767702728 Val loss: 1.1825525034801103 Time: 0.3622999000363052
Train loss: 0.5054516784120402 Val loss: 1.1716465434001293 Time: 0.35909350006841123
Train loss: 0.495168532216093 Val loss: 1.1609170972951688 Time: 0.3586086999857798
Train loss: 0.4858803859946351 Val loss: 1.151569582754746 Time: 0.35370370000600815
Train loss: 0.4768854473241444 Val loss: 1.1427839100069832 Time: 0.3583407000405714
Train loss: 0.46881758871322066 Val loss: 1.1315807319479063 Time: 0.35653899994213134
Train loss: 0.4598384136612754 Val loss: 1.1235932057898026 Time: 0.3599608999211341
Train loss: 0.45156316706757305 Val loss: 1.1130441787536256 Time: 0.3647183000575751
Train loss: 0.44330154346564876 Val loss: 1.105841055716155 Time: 0.3609067000215873
Train loss: 0.43667066921026443 Val loss: 1.1021680693957023 Time: 0.3560610000276938
Train loss: 0.429159268238446 Val loss: 1.0917895520105958 Time: 0.3528221999295056
Train loss: 0.42176044043040406 Val loss: 1.0863779043429531 Time: 0.370442199986428
Train loss: 0.41508283050811606 Val loss: 1.0786262001784053 Time: 0.3567108999704942
Train loss: 0.40810945973054524 Val loss: 1.0717989472905174 Time: 0.36178519995883107
Train loss: 0.40205329176508187 Val loss: 1.065315335901687 Time: 0.3564222001004964
Train loss: 0.39504803615466844 Val loss: 1.066591177281225 Time: 0.3641143999993801
Train loss: 0.3897829958626229 Val loss: 1.0568358977034222 Time: 0.35537240002304316
Train loss: 0.3839378977516208 Val loss: 1.053955154842697 Time: 0.36295989993959665
Train loss: 0.37751350558919533 Val loss: 1.0524761783890426 Time: 0.35808020003605634
Train loss: 0.37247850456682063 Val loss: 1.0476665901660454 Time: 0.3506987999426201
Train loss: 0.36712205246857377 Val loss: 1.044959482649574 Time: 0.35918649996165186
Train loss: 0.3619649282092543 Val loss: 1.0427356823638547 Time: 0.3617495000362396
Train loss: 0.35734378470658523 Val loss: 1.0411722344579175 Time: 0.3556855000788346
Train loss: 0.3526248752562068 Val loss: 1.0378862922952976 Time: 0.36169530008919537
Train loss: 0.3476840729641084 Val loss: 1.0362829996447545 Time: 0.36180489999242127
Train loss: 0.342871402660584 Val loss: 1.0333736599422991 Time: 0.3681910000741482
Train loss: 0.33847105700095725 Val loss: 1.0361112839309499 Time: 0.3591845000628382
Train loss: 0.3337925589335865 Val loss: 1.0321294867026154 Time: 0.35634649998974055
Train loss: 0.32884052229542576 Val loss: 1.0302161988220178 Time: 0.36342030006926507
Train loss: 0.3242689298398993 Val loss: 1.0321357490611263 Time: 0.35444889997597784
Train loss: 0.32050517261090905 Val loss: 1.0242185730312485 Time: 0.36050900002010167
Train loss: 0.31554750404851806 Val loss: 1.0215179431252182 Time: 0.35953040001913905
Train loss: 0.311222730391024 Val loss: 1.020590410422301 Time: 0.35429569997359067
Train loss: 0.30710067609838987 Val loss: 1.016506872168975 Time: 0.36114769999403507
Train loss: 0.30271768276475763 Val loss: 1.0158229550288524 Time: 0.3609021999873221
Train loss: 0.2984500208178602 Val loss: 1.0172154023020994 Time: 0.36389719997532666
Train loss: 0.2945481458532766 Val loss: 1.0173709472292103 Time: 0.35838860005605966
Train loss: 0.29051801512478514 Val loss: 1.0162922528397758 Time: 0.3641261000884697
Train loss: 0.28662801424139683 Val loss: 1.00812766229501 Time: 0.3715235999552533
Train loss: 0.28269033539130883 Val loss: 1.011618926509982 Time: 0.3660074999788776
Train loss: 0.27838014721735993 Val loss: 1.0109743772773072 Time: 0.357883800053969
Train loss: 0.2755496878966688 Val loss: 1.0146848734584637 Time: 0.35693520004861057
Train loss: 0.27190653999350656 Val loss: 1.0093276953557506 Time: 0.354449599981308
Train loss: 0.26839920752592233 Val loss: 1.0064005863969214 Time: 0.36557689995970577
Train loss: 0.26378584055575593 Val loss: 1.0084838530456182 Time: 0.35758279997389764
Train loss: 0.2603719728952761 Val loss: 1.0060917518276256 Time: 0.3584009000333026
Train loss: 0.2569082659093498 Val loss: 1.0083792401419487 Time: 0.3648089000489563
Train loss: 0.2532966349098551 Val loss: 1.0058777260710485 Time: 0.36500460002571344
Train loss: 0.24987410765638174 Val loss: 1.007009623455815 Time: 0.38579039997421205
Train loss: 0.2460018559771484 Val loss: 1.0080713869829196 Time: 0.3657277999445796
Train loss: 0.2428626973516259 Val loss: 1.0063392553420272 Time: 0.36381320003420115
Train loss: 0.2388606379543674 Val loss: 1.0066524383728392 Time: 0.3552275000838563
Train loss: 0.23546330878036445 Val loss: 1.00396757904673 Time: 0.360292199999094
Train loss: 0.2318349849248802 Val loss: 1.0019623175321613 Time: 0.35961069993209094
Train loss: 0.22782313895131345 Val loss: 1.0012166945671197 Time: 0.4129682999337092
Train loss: 0.224823046313531 Val loss: 1.0012535381829366 Time: 0.36022259993478656
Train loss: 0.2211986900188747 Val loss: 1.0056900666095316 Time: 0.35976519994437695
Train loss: 0.21821984349074025 Val loss: 1.0121379870106466 Time: 0.3631168999709189
Train loss: 0.21453635065880583 Val loss: 1.0166516253957525 Time: 0.3665999999502674
Train loss: 0.21118302205569037 Val loss: 1.0169654289493337 Time: 0.36314400006085634
Train loss: 0.20847889933495267 Val loss: 1.0148080184007995 Time: 0.3651361999800429
Train loss: 0.2045330203361988 Val loss: 1.0086068387026899 Time: 0.36006119998637587
Train loss: 0.20260835328176105 Val loss: 1.006412753573386 Time: 0.3571745000081137
Train loss: 0.19893634620346595 Val loss: 1.0011886062275153 Time: 0.3618718000361696
Train loss: 0.1969286977360426 Val loss: 1.0023569395998493 Time: 0.3603332999628037
Train loss: 0.1932399696056103 Val loss: 0.9984235411975533 Time: 0.35955539997667074
Train loss: 0.19114012335903732 Val loss: 0.9982326163444668 Time: 0.37652269995305687
Train loss: 0.18777160409125754 Val loss: 0.9953325527021661 Time: 0.36669139994774014
Train loss: 0.18522618672081062 Val loss: 0.9966802243434358 Time: 0.3576994000468403
Train loss: 0.1828374434049378 Val loss: 0.9921277001849376 Time: 0.3670194000005722
Train loss: 0.18080916117674767 Val loss: 0.9940275827830192 Time: 0.3601227999897674
Train loss: 0.17754488375999827 Val loss: 0.98517051214003 Time: 0.3627962999744341
Train loss: 0.17525077401138855 Val loss: 0.9926185958029237 Time: 0.36523090000264347
Train loss: 0.17239191518724425 Val loss: 0.9857701822475065 Time: 0.35758569999597967
Train loss: 0.17014592185676844 Val loss: 0.9822845984890591 Time: 0.3613697999389842
Train loss: 0.16720773322252908 Val loss: 0.9823695013183169 Time: 0.3652551000704989
Train loss: 0.16551006487163422 Val loss: 0.9828134788549505 Time: 0.36756269994657487
Train loss: 0.16266259252220405 Val loss: 0.9817598564841319 Time: 0.38418819999787956
Train loss: 0.16061787181703452 Val loss: 0.9763460890098941 Time: 0.360256600077264
Train loss: 0.1586775481289422 Val loss: 0.9843238484172616 Time: 0.3668443999486044
Train loss: 0.15518012229776765 Val loss: 0.9773905558686238 Time: 0.36892130004707724
Train loss: 0.15461583089109812 Val loss: 0.9675162552157417 Time: 0.367375300033018
Train loss: 0.15118937464683468 Val loss: 0.9741866838012356 Time: 0.36539160006213933
Train loss: 0.15029775314838012 Val loss: 0.9670701448922046 Time: 0.3789139000000432
Train loss: 0.1470611804620061 Val loss: 0.9689526524452958 Time: 0.36065859999507666
Train loss: 0.14564009373691156 Val loss: 0.9632473687815946 Time: 0.3602905999869108
Train loss: 0.1430943841851695 Val loss: 0.9522763804416172 Time: 0.3620937999803573
Train loss: 0.1415117095136177 Val loss: 0.9541272229980677 Time: 0.35571529995650053
Train loss: 0.13884301414574285 Val loss: 0.9503683672228362 Time: 0.3580765000078827
Train loss: 0.13685188347335153 Val loss: 0.9488667178666219 Time: 0.361723699956201
Train loss: 0.1347150311808357 Val loss: 0.9387193703732919 Time: 0.36343599995598197
Train loss: 0.13420125423945473 Val loss: 0.9548259416769724 Time: 0.3659355000127107
Train loss: 0.13002453215088572 Val loss: 0.9321283969620708 Time: 0.3616363999899477
Train loss: 0.13137359854985525 Val loss: 0.9420818066282663 Time: 0.3728599000023678
Train loss: 0.12594237130713243 Val loss: 0.9308387032069732 Time: 0.3615916999988258
Train loss: 0.12608695643796575 Val loss: 0.9485985373030417 Time: 0.36676760006230325
Train loss: 0.1221772659867506 Val loss: 0.9223328438529279 Time: 0.3578131999820471
Train loss: 0.12448426466743553 Val loss: 0.9439945144113153 Time: 0.3672088000457734
Train loss: 0.11901785942526111 Val loss: 0.9180169857863802 Time: 0.3688506999751553
Train loss: 0.12206539252436345 Val loss: 0.9492633001864306 Time: 0.3627194999717176
Train loss: 0.11640874700170349 Val loss: 0.9160483136220137 Time: 0.36028839997015893
Train loss: 0.12106929188343774 Val loss: 0.9378896873822669 Time: 0.36117569997441024
Train loss: 0.11352663062955612 Val loss: 0.9189682147989515 Time: 0.35527729999739677
Train loss: 0.11489041071337361 Val loss: 0.9323585524543887 Time: 0.36237180000171065
Train loss: 0.11099641861234377 Val loss: 0.9171143192070303 Time: 0.3604419999755919
Train loss: 0.11200972271334914 Val loss: 0.9312915878836066 Time: 0.3643241999670863
Train loss: 0.10818088950569939 Val loss: 0.9078855156403733 Time: 0.3573154000332579
Train loss: 0.11118825840347701 Val loss: 0.9379645116714528 Time: 0.41641820000950247
Train loss: 0.1052454120993982 Val loss: 0.9130938578018686 Time: 0.36476439994294196
Train loss: 0.10785473148236245 Val loss: 0.926236518425867 Time: 0.358894299948588
Train loss: 0.1026040784160509 Val loss: 0.9121375703980448 Time: 0.3860001000575721
Train loss: 0.10384087659280089 Val loss: 0.9210171602389892 Time: 0.3627009999472648
Train loss: 0.10038828428819574 Val loss: 0.9226309749792563 Time: 0.3619091999717057
Train loss: 0.09966916355170569 Val loss: 0.9172551007759466 Time: 0.3657332999864593
Train loss: 0.0981954350694047 Val loss: 0.9311135851121435 Time: 0.36001619999296963
Train loss: 0.0970470227006108 Val loss: 0.9211420759766042 Time: 0.36488200002349913
Train loss: 0.095982346075031 Val loss: 0.9216127200606934 Time: 0.3616397000150755
Train loss: 0.09479560342298488 Val loss: 0.916106149481493 Time: 0.36124280001968145
Train loss: 0.09397534792577539 Val loss: 0.9208680193264627 Time: 0.36326500005088747
Train loss: 0.09383394112880106 Val loss: 0.9208981005576788 Time: 0.36496989999432117
Train loss: 0.09257599911699299 Val loss: 0.9231903407442132 Time: 0.35394659999292344
Train loss: 0.09141158810740985 Val loss: 0.9292679501882048 Time: 0.36195789999328554
Train loss: 0.09038606242771291 Val loss: 0.910597307867647 Time: 0.37313890003133565
Train loss: 0.09080284802839955 Val loss: 0.9359523460163928 Time: 0.39515370002482086
Train loss: 0.08843095592648502 Val loss: 0.9080273090889932 Time: 0.3675997999962419
Train loss: 0.09118729396761871 Val loss: 0.9221596186956731 Time: 0.36814439995214343
Train loss: 0.08695316390803803 Val loss: 0.9216835976531002 Time: 0.3644955001072958
Train loss: 0.08701639362347091 Val loss: 0.9125704326912683 Time: 0.39274369995109737
Train loss: 0.08566652366913852 Val loss: 0.9216557429879231 Time: 0.37367270002141595
Train loss: 0.08539730329401185 Val loss: 0.9133922889077439 Time: 0.3623258000006899
Train loss: 0.08498027222548821 Val loss: 0.9365473926700361 Time: 0.4097009999677539
Train loss: 0.0828971654387467 Val loss: 0.9400381983359694 Time: 0.4061717999866232
Train loss: 0.0832626389415605 Val loss: 0.9110592222201035 Time: 0.40437509992625564
Train loss: 0.08322601098623959 Val loss: 0.9644387168664252 Time: 0.36365369998384267
Train loss: 0.08069742862809304 Val loss: 0.9110892673670605 Time: 0.41692739992868155
Train loss: 0.0838606036834933 Val loss: 0.957265599136008 Time: 0.46367510000709444
Train loss: 0.07949457174748054 Val loss: 0.934254942840198 Time: 0.4798397000413388
Train loss: 0.08181912273341663 Val loss: 0.908348858075783 Time: 0.41701009997632354
Train loss: 0.0797821903328515 Val loss: 0.9579419879300985 Time: 0.371401600074023
Train loss: 0.07721033856011039 Val loss: 0.9168711602578696 Time: 0.3827622999669984
Train loss: 0.07849771437160347 Val loss: 0.9672255273908377 Time: 0.3949961999896914
Train loss: 0.07633024911864084 Val loss: 0.9168728264412493 Time: 0.4003283000783995
Train loss: 0.07989241638036315 Val loss: 0.9396002847279306 Time: 0.37676010001450777
Train loss: 0.07731633921723624 Val loss: 0.9073987386327644 Time: 0.41464339999947697
Train loss: 0.07910370734566523 Val loss: 0.9326750600557716 Time: 0.4719497000332922
Train loss: 0.07579766510590757 Val loss: 0.9935597067233175 Time: 0.43650609999895096
Train loss: 0.07454929902824747 Val loss: 0.8875437716114902 Time: 0.42829579999670386
Train loss: 0.07938040275925928 Val loss: 1.000631455623079 Time: 0.36958499997854233
Train loss: 0.07529311660961757 Val loss: 0.9427974731952418 Time: 0.3674947000108659
Train loss: 0.07633189085243974 Val loss: 0.9311322183639277 Time: 0.371573599986732
Train loss: 0.07306924876019893 Val loss: 0.9552439729741309 Time: 0.3770134000806138
Train loss: 0.07328306019060271 Val loss: 0.9085630425215641 Time: 0.37397189997136593
Train loss: 0.07586207664313555 Val loss: 1.036442892102059 Time: 0.3732677000807598
Train loss: 0.07282654211620421 Val loss: 0.890645082181436 Time: 0.37100549996830523
Train loss: 0.07667984298895769 Val loss: 0.9917554892017506 Time: 0.4123783999821171
Train loss: 0.07107712225642855 Val loss: 0.9364992224436719 Time: 0.37108740000985563
Train loss: 0.07495126890626835 Val loss: 0.930258145366679 Time: 0.38657990004867315
Train loss: 0.07260270965167702 Val loss: 0.9717098191613331 Time: 0.3746890000766143
Train loss: 0.07148568377473408 Val loss: 0.8976873741885356 Time: 0.37622970005031675
Train loss: 0.07210113099305375 Val loss: 1.0232496209791861 Time: 0.3748096999479458
Train loss: 0.07047845256201102 Val loss: 0.9114926834590733 Time: 0.38955359999090433
Train loss: 0.07558776850099402 Val loss: 1.0020971891353838 Time: 0.3644954999908805
Train loss: 0.07612037099174994 Val loss: 0.9631195519468747 Time: 0.42509359994437546
Train loss: 0.08028452926231822 Val loss: 0.940456293290481 Time: 0.3605610999511555
Train loss: 0.0733055684386752 Val loss: 0.9968908769078553 Time: 0.3726895999861881
Train loss: 0.07036880627088149 Val loss: 0.9122944404953159 Time: 0.3616842000046745
Train loss: 0.0683614516429456 Val loss: 1.0236784477019683 Time: 0.36326030001509935
Train loss: 0.06605039358960618 Val loss: 0.9152666868758388 Time: 0.3613502000225708
Train loss: 0.06781201829411432 Val loss: 1.0298824736382812 Time: 0.3698709999443963
Train loss: 0.06475139372461756 Val loss: 0.9360819527646527 Time: 0.3583949999883771
Train loss: 0.0655643966058852 Val loss: 0.9817187260487117 Time: 0.36244599998462945
Train loss: 0.06370788407172334 Val loss: 0.9435333117144182 Time: 0.3595437000039965
Train loss: 0.0662954658511291 Val loss: 0.9911843029549345 Time: 0.3688730000285432
Train loss: 0.06500264922299426 Val loss: 0.9472477738163434 Time: 0.35718279995489866
Train loss: 0.0696905168764338 Val loss: 1.0003875037073158 Time: 0.36306390003301203
Train loss: 0.07535605564125743 Val loss: 0.9811488626874052 Time: 0.3637012999970466
Train loss: 0.07728831131845437 Val loss: 0.9294094798970036 Time: 0.3667771000182256
Train loss: 0.07099328267160554 Val loss: 1.0422063729492947 Time: 0.3615476000122726
Train loss: 0.06678611583496173 Val loss: 0.9000821770459879 Time: 0.36133179999887943
Train loss: 0.06452952871458528 Val loss: 1.0104745225980878 Time: 0.36910040001384914
Train loss: 0.060737601984738876 Val loss: 0.9216273991623893 Time: 0.3641333000268787
Train loss: 0.06303286923933435 Val loss: 1.0100344973034225 Time: 0.3588389001088217
Train loss: 0.0604684522779097 Val loss: 0.981628565932624 Time: 0.36277180002070963
Train loss: 0.06170837514914407 Val loss: 0.9823229038738646 Time: 0.3637228000443429
Train loss: 0.06572988503576538 Val loss: 0.9715599984047003 Time: 0.3564945000689477
Train loss: 0.07240554101091101 Val loss: 1.0046143748913892 Time: 0.39060639997478575
Train loss: 0.07029130281134696 Val loss: 0.9596218312508427 Time: 0.35639959992840886
Train loss: 0.07792068504525751 Val loss: 1.073112096695695 Time: 0.3657314999727532
Train loss: 0.07469194185416672 Val loss: 0.8961059872235637 Time: 0.3603758999379352
Train loss: 0.06415938746775597 Val loss: 1.0185348257073201 Time: 0.3563001999864355
Train loss: 0.05905631160602517 Val loss: 0.9843758146162145 Time: 0.3668662999989465
Train loss: 0.05930099359088681 Val loss: 0.992048398766201 Time: 0.3630025000311434
Train loss: 0.0621493137666525 Val loss: 0.9884854162228294 Time: 0.3619717999827117
Train loss: 0.06521178138052454 Val loss: 1.048545457655564 Time: 0.3594449999509379
Train loss: 0.06624247191572902 Val loss: 0.9477379331947304 Time: 0.35766049998346716
Train loss: 0.06617329340852063 Val loss: 1.0676575783872977 Time: 0.35570479999296367
Train loss: 0.06421539278684874 Val loss: 0.9457424305728637 Time: 0.3605187999783084
Train loss: 0.060751007297006936 Val loss: 1.0557103989413008 Time: 0.3649876000126824
Complete
 Total time: 93.49002840009052