starting log for model: C:\Users\christopher.johnson\Documents\GitHub\flu\lstm_drop_B_2019.pth
Train loss: 12.293973752872574 Val loss: 0.2708483402384445 Time: 0.7800006999168545
Train loss: 11.71280751943641 Val loss: 0.30871417962379155 Time: 0.7292943000793457
Train loss: 11.733097239382573 Val loss: 0.3011465542701366 Time: 0.8740391000173986
Train loss: 11.71283771478307 Val loss: 0.2802353636116095 Time: 0.7676158999092877
Train loss: 10.976033036923786 Val loss: 0.213937992868523 Time: 0.8624038998968899
Train loss: 8.295904796987667 Val loss: 0.18135130692962775 Time: 0.922327300067991
Train loss: 6.428502603912548 Val loss: 0.31760844595260096 Time: 0.7432089999783784
Train loss: 5.156978321439419 Val loss: 0.37836940858051094 Time: 0.7469260999932885
Train loss: 4.8029602011185055 Val loss: 0.4114197293622759 Time: 0.7719755000434816
Train loss: 4.267553558029171 Val loss: 0.4945663093967586 Time: 0.7681680000387132
Train loss: 4.283397041725431 Val loss: 0.4316622882377096 Time: 0.7827910999767482
Train loss: 4.075992348709702 Val loss: 0.542004078157106 Time: 0.7843541000038385
Train loss: 4.099136537843609 Val loss: 0.49633287342625376 Time: 0.7524290999863297
Train loss: 3.636363488733911 Val loss: 0.6028390391061862 Time: 0.8829606999643147
Train loss: 3.5176414314740034 Val loss: 0.671744055513102 Time: 0.7686904999427497
Train loss: 3.5758732099084622 Val loss: 0.5944247106497187 Time: 0.7749304999597371
Train loss: 3.679915970709506 Val loss: 0.6312448383396259 Time: 0.7696577999740839
Train loss: 3.1459165328389305 Val loss: 0.5430063423700631 Time: 0.7719896999187768
Train loss: 2.9080241819587327 Val loss: 0.5790972972768103 Time: 0.7725865000393242
Train loss: 2.7070451647440934 Val loss: 0.5487845307986845 Time: 0.7813001000322402
Train loss: 2.762163287847079 Val loss: 0.5464968048167975 Time: 0.808443799847737
Train loss: 2.749360466504471 Val loss: 0.5291607386607211 Time: 0.7712799001019448
Train loss: 2.7966305849471533 Val loss: 0.433166027325683 Time: 0.7467028999235481
Train loss: 2.909309496158011 Val loss: 0.5230929494755401 Time: 0.7380094998516142
Train loss: 3.095686004796032 Val loss: 0.34504536512031336 Time: 0.737575699808076
Train loss: 2.562796240811182 Val loss: 0.4038201196990485 Time: 0.7572763999924064
Train loss: 2.663578134501975 Val loss: 0.3529090538017954 Time: 0.7747669001109898
Train loss: 2.573689607801768 Val loss: 0.3311223933224028 Time: 0.8397232999559492
Train loss: 2.4214438223955272 Val loss: 0.30575686123484047 Time: 0.787506700027734
Train loss: 2.5905753064926316 Val loss: 0.31543579488788964 Time: 0.7838194000069052
Train loss: 2.5601539637684576 Val loss: 0.27553594390633407 Time: 0.7809594999998808
Train loss: 2.131385289824131 Val loss: 0.3038717973774965 Time: 0.796042799949646
Train loss: 2.358573346923775 Val loss: 0.23372117374947265 Time: 0.7963976999744773
Train loss: 2.4132979064513997 Val loss: 0.2209234209664146 Time: 0.7687941000331193
Train loss: 2.363427560982154 Val loss: 0.1886181317557316 Time: 0.7798733999952674
Train loss: 2.2234488289269367 Val loss: 0.12647051009116694 Time: 0.7674427998717874
Train loss: 2.225473486439709 Val loss: 0.16286491515484158 Time: 0.7963566998951137
Train loss: 2.0523315128142743 Val loss: 0.18985589940393766 Time: 0.7520679000299424
Train loss: 1.9831711386957274 Val loss: 0.17951217296237587 Time: 0.8244497000705451
Train loss: 2.350644293763993 Val loss: 0.16098064705243686 Time: 0.7715082000941038
Train loss: 2.140576565650419 Val loss: 0.20558761473773757 Time: 0.7948698999825865
Train loss: 2.3172093670255576 Val loss: 0.13769803145976311 Time: 0.8479691999964416
Train loss: 1.9947909619533348 Val loss: 0.1392342730140692 Time: 0.8016613998916
Train loss: 2.076450720037691 Val loss: 0.1785887206397092 Time: 0.7828613999299705
Train loss: 1.9087349429822154 Val loss: 0.10187726351125193 Time: 0.8117068998981267
Train loss: 1.8273837124971637 Val loss: 0.09787701210716904 Time: 0.8721646000631154
Train loss: 2.053260071909307 Val loss: 0.10762398907280613 Time: 0.9468572000041604
Train loss: 2.033427320210823 Val loss: 0.12672519487023237 Time: 0.8411642999853939
Train loss: 1.8613375572369035 Val loss: 0.08653601329370986 Time: 0.7840411001816392
Train loss: 1.8159266376693228 Val loss: 0.10157370464093818 Time: 0.8125131998676807
Train loss: 1.767777733933178 Val loss: 0.09398935832359712 Time: 0.9633844001218677
Train loss: 1.8570189968146185 Val loss: 0.06278437235505407 Time: 1.1324010000098497
Train loss: 1.8394823556169877 Val loss: 0.07211509537432903 Time: 1.0962123000063002
Train loss: 1.6371420398229501 Val loss: 0.0922529465388493 Time: 0.8021988999098539
Train loss: 1.7933004281551501 Val loss: 0.07207880489760754 Time: 0.7967407999094576
Train loss: 1.541995642215185 Val loss: 0.1024555379958656 Time: 0.9148340001702309
Train loss: 1.5639937677162195 Val loss: 0.05135297741321665 Time: 0.8223385999444872
Train loss: 1.8620345130218978 Val loss: 0.05252442142584357 Time: 0.8262754001189023
Train loss: 1.4408653106385612 Val loss: 0.04281059136332033 Time: 0.8274990001227707
Train loss: 1.2715099790015967 Val loss: 0.04121879084195257 Time: 1.0527116998564452
Train loss: 1.4649442759643079 Val loss: 0.02639582907164595 Time: 1.5916945999488235
Train loss: 1.5553752603654987 Val loss: 0.024222778535431644 Time: 0.879367400193587
Train loss: 1.6311130498421118 Val loss: 0.04671083551380223 Time: 0.8765405002050102
Train loss: 1.3541498539266401 Val loss: 0.03985096155628298 Time: 0.8577447000425309
Train loss: 1.6175087551045615 Val loss: 0.019906584641375957 Time: 0.7957067999523133
Train loss: 1.4260581540325834 Val loss: 0.04230949959651298 Time: 0.8246832001022995
Train loss: 1.3624476221479254 Val loss: 0.018291464866251772 Time: 0.8134081000462174
Train loss: 1.2856978009364612 Val loss: 0.03325359479769929 Time: 0.7875353000126779
Train loss: 1.2683199631248223 Val loss: 0.026756773343151963 Time: 0.8209264001343399
Train loss: 1.1883105408093677 Val loss: 0.03156383152372655 Time: 0.8108314001001418
Train loss: 1.3340021705666052 Val loss: 0.01948242186790594 Time: 0.8446019000839442
Train loss: 1.2063285417913674 Val loss: 0.007305519786768855 Time: 0.9949860000051558
Train loss: 0.9751494894510816 Val loss: 0.004107337224922958 Time: 0.854710099985823
Train loss: 0.9493873426366772 Val loss: 0.02053053278022432 Time: 0.7528231001924723
Train loss: 1.2159729859207493 Val loss: 0.009309850771387573 Time: 0.7989401000086218
Train loss: 1.061684481548164 Val loss: 0.012228662753614117 Time: 0.7976026998367161
Train loss: 0.9190215062022553 Val loss: 0.023250368164175583 Time: 0.7920670998282731
Train loss: 0.9662394151367639 Val loss: 0.02497604159555067 Time: 0.8736413000151515
Train loss: 0.7728624654011895 Val loss: 0.009806432112895891 Time: 0.796594399958849
Train loss: 0.9089629263485797 Val loss: 0.02993975669804172 Time: 0.8138133999891579
Train loss: 0.8800217187682571 Val loss: 0.016815843641836636 Time: 0.7793382001109421
Train loss: 0.9322697267066167 Val loss: 0.03976879581387038 Time: 0.8182041000109166
Train loss: 0.7768914602716204 Val loss: 0.022090420932727284 Time: 0.7871892000548542
Train loss: 0.8453343831856271 Val loss: 0.003975780978919374 Time: 0.8307914000470191
Train loss: 0.8330595485169584 Val loss: 0.05928019026032416 Time: 0.8146085999906063
Train loss: 1.0615143599428776 Val loss: 0.06598808586568339 Time: 0.8307311998214573
Train loss: 0.8803383811116907 Val loss: 0.01893636103341123 Time: 0.8464851998724043
Train loss: 0.7017675640484948 Val loss: 0.053795691492268816 Time: 0.8199246001895517
Train loss: 0.8499963831983077 Val loss: 0.07536233961582184 Time: 0.7921707001514733
Train loss: 0.8289864100857547 Val loss: 0.009765934700226353 Time: 0.7902533998712897
Train loss: 0.7456864358836555 Val loss: 0.03495875450607855 Time: 0.7944283001124859
Train loss: 0.7693129521032918 Val loss: 0.04050895995169412 Time: 0.79491260019131
Train loss: 0.7072980879255768 Val loss: 0.10194637932727346 Time: 0.7880754999350756
Train loss: 0.7708026698549779 Val loss: 0.0648754323774483 Time: 0.784755100030452
Train loss: 0.8284594157612656 Val loss: 0.028357330266771896 Time: 0.7760620000772178
Train loss: 0.7714257434209933 Val loss: 0.11746881870203651 Time: 0.8251549999695271
Train loss: 0.6301559058947834 Val loss: 0.04994079428433906 Time: 0.7878108001314104
Train loss: 0.6021265737072177 Val loss: 0.07410718316532439 Time: 0.8143397001549602
Train loss: 0.6381826627175022 Val loss: 0.14628866320708767 Time: 0.8032552001532167
Train loss: 0.5642969380257297 Val loss: 0.0919976588775171 Time: 0.7976033999584615
Train loss: 0.5054251790813042 Val loss: 0.08366914211364929 Time: 0.8102136999368668
Train loss: 0.6473453368343527 Val loss: 0.17218742478871718 Time: 0.8030115000437945
Train loss: 0.5330680474391265 Val loss: 0.032097861568104236 Time: 0.7780216000974178
Train loss: 0.5612154733373913 Val loss: 0.09968555378145538 Time: 0.8010814001318067
Train loss: 0.7381569333356426 Val loss: 0.08430840767687187 Time: 0.7935125001240522
Train loss: 0.5090514157714408 Val loss: 0.15022877205046825 Time: 0.7987265998963267
Train loss: 0.5076188630476892 Val loss: 0.11920675700821448 Time: 0.7782455999404192
Train loss: 0.5746861355886033 Val loss: 0.1665150375192752 Time: 0.8099469000007957
Train loss: 0.6042909395731568 Val loss: 0.22269575255631935 Time: 0.8034231998026371
Train loss: 0.6162762062191687 Val loss: 0.14663373606163077 Time: 0.781454199925065
Shrinking learning rate to 1e-05
Train loss: 0.6376449667108768 Val loss: 0.058387356615639874 Time: 0.7456690999679267
Train loss: 0.43588173717239065 Val loss: 0.0471856583931185 Time: 0.7375367998611182
Train loss: 0.35429247855654356 Val loss: 0.05562341961876882 Time: 0.720059199957177
Train loss: 0.560790173883355 Val loss: 0.05958338645632466 Time: 0.7074508999940008
Train loss: 0.41097837496764766 Val loss: 0.056953195311052696 Time: 0.7070991999935359
Train loss: 0.42206502753006525 Val loss: 0.05750048193749535 Time: 0.8409851000178605
Train loss: 0.45128735136179715 Val loss: 0.052325022375725894 Time: 0.7074552001431584
Train loss: 0.411547379914213 Val loss: 0.07153160506550194 Time: 0.7184228000696748
Train loss: 0.6067281644117402 Val loss: 0.05374637488330336 Time: 0.7156175000127405
Train loss: 0.4937944249210391 Val loss: 0.046730423036478896 Time: 0.7364523999858648
Train loss: 0.5082662240197795 Val loss: 0.04959340027653525 Time: 0.7124717000406235
Train loss: 0.5771055016598527 Val loss: 0.04653250302453671 Time: 0.703394099837169
Shrinking learning rate to 1.0000000000000002e-06
Train loss: 0.5819548613746397 Val loss: 0.05463223856440891 Time: 0.6948708000127226
Train loss: 0.5195694418232031 Val loss: 0.05502994596827193 Time: 0.71498419996351
Train loss: 0.6723574190563788 Val loss: 0.054954818003807304 Time: 0.718459399882704
Train loss: 0.3938179902422564 Val loss: 0.055230510994988435 Time: 0.7233003999572247
Train loss: 0.5527602142153429 Val loss: 0.05519127111983835 Time: 0.7353292000479996
Train loss: 0.3849095893116452 Val loss: 0.05587030822107408 Time: 0.7124604000709951
Train loss: 0.6665922093054553 Val loss: 0.057079623305071436 Time: 0.7279836998786777
Train loss: 0.4692282571309613 Val loss: 0.05709767470580118 Time: 0.7324405999388546
Train loss: 0.4194921905368445 Val loss: 0.05677352485508891 Time: 0.7121913998853415
Train loss: 0.47751280586182343 Val loss: 0.05548676105763661 Time: 0.6941935999784619
Shrinking learning rate to 1.0000000000000002e-07
Learning rate getting small
Complete
 Total time: 106.66239640000276