starting log for model: C:\Users\christopher.johnson\Documents\rnn1_new_22-23.pth
Train loss: 11.035764489002318 Val loss: 1.1769497645151625 Time: 0.4145305999991251
Train loss: 6.364494855727813 Val loss: 0.713791680089268 Time: 0.3601248999912059
Train loss: 5.867349310721528 Val loss: 0.6552237882420684 Time: 0.37942679999105167
Train loss: 5.344382152861527 Val loss: 0.5926457804587297 Time: 0.35381679999409243
Train loss: 4.978910306712152 Val loss: 0.5515203962893592 Time: 0.34810669999569654
Train loss: 4.6186986749827 Val loss: 0.5100126950278943 Time: 0.4465749000082724
Train loss: 4.250666683190531 Val loss: 0.472594621337857 Time: 0.40595820000453386
Train loss: 3.9691249063361145 Val loss: 0.4444999619880156 Time: 0.3491876000043703
Train loss: 3.7112606106016983 Val loss: 0.4230968288690409 Time: 0.3403680000046734
Train loss: 3.4720242813357487 Val loss: 0.40150257710585746 Time: 0.36729909999121446
Train loss: 3.3334533404022832 Val loss: 0.4016506499661416 Time: 0.34563290000369307
Train loss: 3.084453890422772 Val loss: 0.38106180448675364 Time: 0.34105519999866374
Train loss: 2.904166569900195 Val loss: 0.3573185669557187 Time: 0.353946300005191
Train loss: 2.8587624616723275 Val loss: 0.3569828480454366 Time: 0.3468853999947896
Train loss: 2.8040118443373103 Val loss: 0.36743670187394545 Time: 0.4715567999955965
Train loss: 2.8101512592086237 Val loss: 0.3807139355815942 Time: 0.35608399999910034
Train loss: 2.6041518329062683 Val loss: 0.41443359021480786 Time: 0.342909699989832
Train loss: 2.035481433516015 Val loss: 0.36475648983224496 Time: 0.3637232000037329
Train loss: 1.858645529137502 Val loss: 0.2730504309552264 Time: 0.3544165999919642
Train loss: 1.8552164815844208 Val loss: 0.28288170162042764 Time: 0.350459299996146
Train loss: 1.5217917510790357 Val loss: 0.34116140375131304 Time: 0.3350757000007434
Train loss: 1.4748392946661681 Val loss: 0.35995015107520056 Time: 0.35658479999983683
Train loss: 1.2563203932692204 Val loss: 0.3434810351820296 Time: 0.3387887999997474
Train loss: 1.2507893459261368 Val loss: 0.33182970656814526 Time: 0.3430598999984795
Train loss: 1.2275094021158601 Val loss: 0.3443980620101397 Time: 0.32671860000118613
Train loss: 1.2049870185841627 Val loss: 0.31083094926208904 Time: 0.34047609999834094
Train loss: 1.0993661003442554 Val loss: 0.2549695792970513 Time: 0.32831100000476
Train loss: 1.218581162149551 Val loss: 0.26321796497130634 Time: 0.3427003000106197
Train loss: 1.4757119268315257 Val loss: 0.31748935579612964 Time: 0.3484916000015801
Train loss: 1.405349429034274 Val loss: 0.5170047545560558 Time: 0.33148029999574646
Train loss: 1.2940014147929233 Val loss: 0.5863873256929905 Time: 0.3395868000079645
Train loss: 1.630255004018962 Val loss: 0.3691102122045398 Time: 0.3285375999985263
Train loss: 1.2630680573390727 Val loss: 0.31289981240602494 Time: 0.33474849999765866
Train loss: 1.131300948046487 Val loss: 0.34222410021262534 Time: 0.3210514000093099
Train loss: 1.1434619704451308 Val loss: 0.3335401877364132 Time: 0.32986159999563824
Train loss: 1.0619680781905325 Val loss: 0.3916286985825542 Time: 0.3357794999901671
Train loss: 1.0796762160857156 Val loss: 0.3013450171540791 Time: 0.3478606000135187
Train loss: 1.1192145572739278 Val loss: 0.23447942035994446 Time: 0.38858230000187177
Train loss: 1.1443887941528885 Val loss: 0.24707308278167853 Time: 0.33726470000692643
Train loss: 1.1815383339297796 Val loss: 0.25270406585775024 Time: 0.33610120000957977
Train loss: 1.0324321591223224 Val loss: 0.28745490678211194 Time: 0.33038200000009965
Train loss: 1.2282298209921692 Val loss: 0.3034875313503192 Time: 0.3773242000024766
Train loss: 1.9743105291003928 Val loss: 0.2822006455300519 Time: 0.3372077999956673
Train loss: 1.471163977285073 Val loss: 0.24885153909462077 Time: 0.33865449999575503
Train loss: 1.4536565915066717 Val loss: 0.4309369678930513 Time: 0.3618635000020731
Train loss: 1.1737488381134824 Val loss: 0.26124967021103146 Time: 0.3308351000014227
Train loss: 1.2578082705672387 Val loss: 0.23655711408201804 Time: 0.33605480000551324
Train loss: 0.9701624271939444 Val loss: 0.3360722095677714 Time: 0.3338237999996636
Train loss: 0.947949964248096 Val loss: 0.22445883444010903 Time: 0.34098500000254717
Train loss: 1.648205264594723 Val loss: 0.26231917671537 Time: 0.33479789999546483
Train loss: 0.9071345257617622 Val loss: 0.2575342731799416 Time: 0.33855210000183433
Train loss: 1.4017576860197778 Val loss: 0.2490430435277674 Time: 0.3283346999960486
Train loss: 0.9739810377345677 Val loss: 0.2735428359686645 Time: 0.3349869999947259
Train loss: 1.2902017000193382 Val loss: 0.2596864611025537 Time: 0.3317883999989135
Train loss: 0.8194034141686828 Val loss: 0.2986748783290537 Time: 0.33459299999231007
Train loss: 0.8410897131846156 Val loss: 0.22141856020013978 Time: 0.32924150000326335
Train loss: 0.6869269947187036 Val loss: 0.2584976514073082 Time: 0.3427460999955656
Train loss: 0.769234046138239 Val loss: 0.24340815237983848 Time: 0.35701599999447353
Train loss: 0.7554457545127917 Val loss: 0.3133285950701957 Time: 0.3471450999932131
Train loss: 0.8191884289217342 Val loss: 0.3186978979706234 Time: 0.33034719999704976
Train loss: 1.1165112821542458 Val loss: 0.22923588030455452 Time: 0.34139880001021083
Train loss: 0.878605314023698 Val loss: 0.22923228528829062 Time: 0.333175099993241
Train loss: 0.5762726463694321 Val loss: 0.24261795707818126 Time: 0.3351503999874694
Train loss: 1.200937466993338 Val loss: 0.23425219024410274 Time: 0.327650100007304
Train loss: 0.7862930621902393 Val loss: 0.37994899859340914 Time: 0.3389774999959627
Train loss: 1.4236871648096638 Val loss: 0.3309956484177468 Time: 0.3292210000072373
Train loss: 0.6703755089299648 Val loss: 0.21231732793781002 Time: 0.3617529999901308
Train loss: 0.5059347728474424 Val loss: 0.30793420747197797 Time: 0.33674890000838786
Train loss: 0.5287982174495909 Val loss: 0.21606140675325927 Time: 0.32889720000093803
Train loss: 0.7295388868293173 Val loss: 0.2227613273080626 Time: 0.3405721999879461
Train loss: 0.6649581250712799 Val loss: 0.25540768334282965 Time: 0.3530443999916315
Train loss: 0.6145691527607369 Val loss: 0.20926241298422824 Time: 0.32723680000344757
Train loss: 0.8904798362136717 Val loss: 0.4652583480380451 Time: 0.34482860000571236
Train loss: 1.30764670136125 Val loss: 0.2420867426558293 Time: 0.3370723999978509
Train loss: 1.2157056695522535 Val loss: 0.24991481000687532 Time: 0.3227424999931827
Train loss: 0.830087040238439 Val loss: 0.3177139552321555 Time: 0.3469580999953905
Train loss: 0.5344196091036508 Val loss: 0.2879033289222384 Time: 0.3467982000001939
Shrinking learning rate to 0.0001
Train loss: 0.6007272551175191 Val loss: 0.2608291193771722 Time: 0.3213853999914136
Train loss: 0.4594626181597832 Val loss: 0.24389028419341385 Time: 0.3211008999933256
Train loss: 0.4062081386761065 Val loss: 0.23546325120360936 Time: 0.33087269999668933
Train loss: 0.3855470275042423 Val loss: 0.2335775974661092 Time: 0.33742689999053255
Train loss: 0.3692599452661085 Val loss: 0.23443205568112144 Time: 0.3288226000004215
Train loss: 0.35831513000786686 Val loss: 0.23602608613245937 Time: 0.33315500000026077
Train loss: 0.3506277336416552 Val loss: 0.23756143973020968 Time: 0.324081999991904
Train loss: 0.3449013844310729 Val loss: 0.23997747494860092 Time: 0.33648270000412595
Train loss: 0.3389670574383974 Val loss: 0.24169831767128905 Time: 0.3283526000013808
Train loss: 0.33493543211576426 Val loss: 0.24305245500450257 Time: 0.33430330001283437
Train loss: 0.33154213660194465 Val loss: 0.24413568494724813 Time: 0.337010499992175
Train loss: 0.3285167110282927 Val loss: 0.2451556237480957 Time: 0.3509536999918055
Train loss: 0.3263002856329722 Val loss: 0.24515221643630966 Time: 0.34378949999518227
Train loss: 0.3231714015359586 Val loss: 0.245100601607904 Time: 0.3310263000021223
Train loss: 0.3208304729544409 Val loss: 0.2449351168342266 Time: 0.3458874000061769
Train loss: 0.3185586221997596 Val loss: 0.24490023406471195 Time: 0.37648279999848455
Train loss: 0.3168497559478567 Val loss: 0.24497510388562893 Time: 0.4130915999994613
Train loss: 0.31503044792810275 Val loss: 0.2447901831184827 Time: 0.3691984000033699
Train loss: 0.31323012696126185 Val loss: 0.24451186469058422 Time: 0.34736590000102296
Train loss: 0.31170478258367496 Val loss: 0.244356789863902 Time: 0.37000029999762774
Train loss: 0.3104403753042124 Val loss: 0.24429111573313964 Time: 0.37240559999190737
Train loss: 0.309171229099519 Val loss: 0.24439000734620472 Time: 0.37771739999880083
Train loss: 0.3078911962112585 Val loss: 0.24368715074813066 Time: 0.3682357000070624
Train loss: 0.30676030732860227 Val loss: 0.24416839904682042 Time: 0.3538775000051828
Train loss: 0.305668398454654 Val loss: 0.24387240889342324 Time: 0.3863324999983888
Train loss: 0.30470839134786054 Val loss: 0.24425730587644287 Time: 0.4047749000019394
Train loss: 0.3035456917819159 Val loss: 0.24410670094560064 Time: 0.3490693000057945
Train loss: 0.30268267676629534 Val loss: 0.24421267926551465 Time: 0.35254240001086146
Train loss: 0.30169396314489205 Val loss: 0.2441913605677768 Time: 0.3458297999895876
Train loss: 0.30095738964167773 Val loss: 0.24386904566127432 Time: 0.3500799999892479
Train loss: 0.2999175808024699 Val loss: 0.24388274923523093 Time: 0.39872620000096504
Train loss: 0.29913065031260544 Val loss: 0.243583496534063 Time: 0.3265045000007376
Train loss: 0.2984346409312586 Val loss: 0.24352213902948663 Time: 0.36158130000694655
Train loss: 0.29779705845376103 Val loss: 0.24415250690983303 Time: 0.386179599998286
Train loss: 0.2969669518928377 Val loss: 0.2438358448792117 Time: 0.35271750000538304
Train loss: 0.29612764736108943 Val loss: 0.24405982944345578 Time: 0.3684806999954162
Train loss: 0.2955237171442633 Val loss: 0.24434369110138168 Time: 0.33689149998826906
Train loss: 0.2948319261880483 Val loss: 0.2450716991685358 Time: 0.3710711000021547
Train loss: 0.2940451315431005 Val loss: 0.24466145125279024 Time: 0.4024414000014076
Train loss: 0.2934275042201193 Val loss: 0.2446519542540193 Time: 0.3713893999956781
Train loss: 0.29282346881023713 Val loss: 0.24505772688265967 Time: 0.3642472999927122
Train loss: 0.2921971476190812 Val loss: 0.24518246379492983 Time: 0.3283252999972319
Train loss: 0.29145687906051965 Val loss: 0.24582248564326756 Time: 0.32619659999909345
Train loss: 0.2909621034868186 Val loss: 0.24580624258782827 Time: 0.3312277999939397
Train loss: 0.29039941622946586 Val loss: 0.2457476921533196 Time: 0.3619298000121489
Train loss: 0.28955592645417383 Val loss: 0.24584746467251228 Time: 0.3839178000052925
Train loss: 0.2890868064077523 Val loss: 0.2461910768807258 Time: 0.3572975999995833
Train loss: 0.288592193801648 Val loss: 0.2460376048559739 Time: 0.3349134000018239
Train loss: 0.2878947340189342 Val loss: 0.24647873869263556 Time: 0.3195460999995703
Train loss: 0.2873576365830033 Val loss: 0.24584662496448365 Time: 0.3247688000119524
Train loss: 0.2867455497421787 Val loss: 0.24560527652411773 Time: 0.34378139999171253
Train loss: 0.2864171457879987 Val loss: 0.24633256034338422 Time: 0.3269758999958867
Train loss: 0.2856250121950268 Val loss: 0.24664994035975749 Time: 0.3155465000018012
Train loss: 0.2853059249740406 Val loss: 0.2464226931030044 Time: 0.33484389999648556
Train loss: 0.28471327587746487 Val loss: 0.24615072928524914 Time: 0.3317795000039041
Train loss: 0.28405639293828955 Val loss: 0.24652091166221185 Time: 0.33816540001134854
Train loss: 0.2836268260865502 Val loss: 0.24642501946013362 Time: 0.34312550000322517
Train loss: 0.28312733496122267 Val loss: 0.24656575540474585 Time: 0.3259651999978814
Train loss: 0.282581263933821 Val loss: 0.24707179686766886 Time: 0.37569289999373723
Train loss: 0.2822391626859657 Val loss: 0.24741225364080313 Time: 0.3431568999949377
Train loss: 0.2817607133758173 Val loss: 0.24782298902442756 Time: 0.32924999999522697
Train loss: 0.2811385861350715 Val loss: 0.24782241714975534 Time: 0.32729650000692345
Train loss: 0.28062103324948984 Val loss: 0.2476026403378142 Time: 0.3492361999960849
Train loss: 0.2802186457857001 Val loss: 0.2475136260576209 Time: 0.3271470999898156
Train loss: 0.27974684058915855 Val loss: 0.24768630549364798 Time: 0.35301500000059605
Train loss: 0.2791770581202684 Val loss: 0.24808673602397974 Time: 0.33687100000679493
Train loss: 0.27887985770263257 Val loss: 0.24806165139191577 Time: 0.359794600008172
Train loss: 0.27829449348438207 Val loss: 0.24866089601269808 Time: 0.3565063999994891
Train loss: 0.2779461307624813 Val loss: 0.2493613530963852 Time: 0.3415259000030346
Train loss: 0.2773422542416526 Val loss: 0.24967454919400567 Time: 0.34830529999453574
Train loss: 0.2770914404592517 Val loss: 0.24936513218860398 Time: 0.35107470001094043
Train loss: 0.27653268879011805 Val loss: 0.2498612861193814 Time: 0.3457583999988856
Train loss: 0.2760386813718725 Val loss: 0.2496971332810614 Time: 0.3136077999952249
Train loss: 0.27550485544933423 Val loss: 0.24980639633367163 Time: 0.33079770000767894
Train loss: 0.2752218739660377 Val loss: 0.2504607009548227 Time: 0.32503959999303333
Train loss: 0.27472078928698807 Val loss: 0.25080899898555686 Time: 0.33026560000143945
Train loss: 0.27430373790548046 Val loss: 0.25075188447992564 Time: 0.3316376000002492
Train loss: 0.2737552656147031 Val loss: 0.25181393078327013 Time: 0.3281476000120165
Train loss: 0.27343509254154075 Val loss: 0.2517511724320265 Time: 0.32527200000185985
Train loss: 0.27287610066698287 Val loss: 0.2521553857849952 Time: 0.4220095999917248
Train loss: 0.27244390306361765 Val loss: 0.25217686387217103 Time: 0.4198446999944281
Train loss: 0.2720113555716068 Val loss: 0.2519903736677143 Time: 0.3310538999940036
Train loss: 0.27162847767833137 Val loss: 0.2520642005418949 Time: 0.32464340000296943
Train loss: 0.2711393260474546 Val loss: 0.25132909487958427 Time: 0.33176619998994283
Train loss: 0.2707102841598612 Val loss: 0.2517939107403619 Time: 0.3354947999905562
Train loss: 0.27025781146463146 Val loss: 0.25208553507687237 Time: 0.3527092000003904
Train loss: 0.2698210189601937 Val loss: 0.2528255604471326 Time: 0.3232422000000952
Train loss: 0.2694300028425545 Val loss: 0.252386821703546 Time: 0.32212839998828713
Train loss: 0.26898514678423524 Val loss: 0.2531692360774756 Time: 0.3401000000012573
Train loss: 0.2686196073827034 Val loss: 0.25283395255014235 Time: 0.365748900003382
Train loss: 0.26810786249474017 Val loss: 0.25371391329623133 Time: 0.32444130000658333
Train loss: 0.26779939773838635 Val loss: 0.25328572516387754 Time: 0.3563858999987133
Train loss: 0.2673504424468991 Val loss: 0.25395912839819385 Time: 0.34867469999880996
Train loss: 0.26698203292266953 Val loss: 0.2531776950445902 Time: 0.33313600000110455
Train loss: 0.26640995108741183 Val loss: 0.25333968575994803 Time: 0.33142819999193307
Train loss: 0.2661538840155515 Val loss: 0.2537411149700713 Time: 0.3444405000045663
Train loss: 0.2657296445650559 Val loss: 0.2542421912975281 Time: 0.3422355999937281
Train loss: 0.2655557385137719 Val loss: 0.2541588640992389 Time: 0.3395320999989053
Train loss: 0.26489744184518393 Val loss: 0.25404140027582983 Time: 0.35914790000242647
Train loss: 0.2646074569942414 Val loss: 0.254207203180428 Time: 0.3423093000019435
Train loss: 0.26415282770039283 Val loss: 0.25433432107232284 Time: 0.33763270000054035
Train loss: 0.2639367771000991 Val loss: 0.2538170339459735 Time: 0.33065040000656154
Train loss: 0.2634377392245284 Val loss: 0.2530710143552061 Time: 0.4246506000054069
Train loss: 0.26313296364894256 Val loss: 0.25492941153789345 Time: 0.32149859999481123
Train loss: 0.26270788813345014 Val loss: 0.25522176120775264 Time: 0.32375509999110363
Train loss: 0.26226251538111 Val loss: 0.2556965875315425 Time: 0.3304033000022173
Train loss: 0.2619342618399081 Val loss: 0.25536089832863473 Time: 0.3342627999954857
Train loss: 0.2616551270664189 Val loss: 0.25555627909411655 Time: 0.3360401000099955
Train loss: 0.2611631292216581 Val loss: 0.2567520210935598 Time: 0.34174499999789987
Train loss: 0.2609267819130707 Val loss: 0.25597185272659073 Time: 0.33484550000866875
Train loss: 0.2605053437648053 Val loss: 0.2557217106809124 Time: 0.3270277999981772
Train loss: 0.26017252008119485 Val loss: 0.2552822916878171 Time: 0.4080443999991985
Train loss: 0.2597964480888777 Val loss: 0.2565832470646275 Time: 0.3795570000074804
Train loss: 0.2595015890330856 Val loss: 0.25579896343641023 Time: 0.3404542000062065
Train loss: 0.25908686856543284 Val loss: 0.256400255079609 Time: 0.3255329000094207
Train loss: 0.25873959161513227 Val loss: 0.2561500326242538 Time: 0.33378950000042096
Train loss: 0.25839384944134736 Val loss: 0.25773911474561195 Time: 0.3351816000067629
Train loss: 0.2580772824964157 Val loss: 0.25798490197462703 Time: 0.3450061000039568
Train loss: 0.25768291677583477 Val loss: 0.25727947468014944 Time: 0.3266041999886511
Train loss: 0.2574376568757284 Val loss: 0.2566861410862415 Time: 0.3375800999929197
Train loss: 0.2572496950038229 Val loss: 0.2574711499589795 Time: 0.3303734999935841
Train loss: 0.2568020825120616 Val loss: 0.25796704626068245 Time: 0.32861500000581145
Train loss: 0.2566090104655796 Val loss: 0.2578901206504677 Time: 0.330264400006854
Train loss: 0.2562008419838726 Val loss: 0.2588723209692223 Time: 0.34162710000236984
Train loss: 0.2557506803721603 Val loss: 0.258385068961682 Time: 0.3245387000060873
Train loss: 0.2554509649695369 Val loss: 0.25976312457546885 Time: 0.35549420000461396
Train loss: 0.2551853122006573 Val loss: 0.2583870832788908 Time: 0.36544939999294
Train loss: 0.25488549173130615 Val loss: 0.25859741015333976 Time: 0.33115640000323765
Train loss: 0.2544046427402398 Val loss: 0.2587188827088712 Time: 0.3406874000065727
Train loss: 0.2540383963049211 Val loss: 0.2586080371859454 Time: 0.33179419999942183
Train loss: 0.2538086532352679 Val loss: 0.2573392451559116 Time: 0.3295215999969514
Train loss: 0.25372877524028326 Val loss: 0.25916109983749586 Time: 0.3342899999988731
Train loss: 0.2529332494232506 Val loss: 0.2610620687163897 Time: 0.357446499998332
Train loss: 0.2528626309496502 Val loss: 0.2596588141060875 Time: 0.3559313000005204
Train loss: 0.25254341256668056 Val loss: 0.2601393576922978 Time: 0.35220079999999143
Train loss: 0.2522414571307223 Val loss: 0.25907280750788103 Time: 0.32889950000389945
Train loss: 0.25184770775048904 Val loss: 0.26024439126877025 Time: 0.32479159999638796
Train loss: 0.25170702497702546 Val loss: 0.2601428555154289 Time: 0.35237559999222867
Train loss: 0.2514296551635482 Val loss: 0.26044812069294776 Time: 0.32969599998614285
Train loss: 0.250812306647763 Val loss: 0.26196281483324113 Time: 0.32495200000994373
Train loss: 0.250824359393075 Val loss: 0.2615817955483256 Time: 0.33266280000680126
Train loss: 0.2504188718655431 Val loss: 0.26014813328835107 Time: 0.3391708999988623
Train loss: 0.2500101955191596 Val loss: 0.2606436202067364 Time: 0.34393240000645164
Train loss: 0.24985207136709064 Val loss: 0.26072443365954856 Time: 0.3351983000029577
Train loss: 0.24949352441513728 Val loss: 0.25987196756859565 Time: 0.3303581999934977
Train loss: 0.2498469862320976 Val loss: 0.26117125437222494 Time: 0.32182270000339486
Train loss: 0.24893987228491987 Val loss: 0.2614362610594333 Time: 0.33121410000603646
Train loss: 0.24814326945684684 Val loss: 0.2615737010939403 Time: 0.3367758000094909
Train loss: 0.24776284747698663 Val loss: 0.261436242200247 Time: 0.3361762999993516
Train loss: 0.24753522395545247 Val loss: 0.2610244137083073 Time: 0.33191169999190606
Train loss: 0.24686728727079377 Val loss: 0.26124841328710374 Time: 0.3349177999916719
Train loss: 0.24659503339552558 Val loss: 0.2597473181761456 Time: 0.3401092999993125
Train loss: 0.2461555059006102 Val loss: 0.26014716863612064 Time: 0.3358677000069292
Train loss: 0.24610030197133526 Val loss: 0.2595709881196551 Time: 0.3467497999954503
Train loss: 0.24525020658200924 Val loss: 0.2600689652702436 Time: 0.4075818999990588
Train loss: 0.24518427750882132 Val loss: 0.2595749442227893 Time: 0.35396779999427963
Train loss: 0.2449072261640941 Val loss: 0.26001908681793545 Time: 0.3429773999960162
Train loss: 0.24458530876336582 Val loss: 0.25870004564887983 Time: 0.3386331999936374
Train loss: 0.24395917049431226 Val loss: 0.2591914903831403 Time: 0.31941150000784546
Train loss: 0.24384470324570007 Val loss: 0.25850219916362344 Time: 0.3404199999931734
Train loss: 0.24349898601028386 Val loss: 0.2591354263726345 Time: 0.31963209999958053
Train loss: 0.2433530598351865 Val loss: 0.2587132506395158 Time: 0.34233869999297895
Train loss: 0.2428869309336541 Val loss: 0.2594767767591285 Time: 0.3341398000047775
Train loss: 0.24259723903078623 Val loss: 0.25854103356080954 Time: 0.3818738999980269
Train loss: 0.24212141762802042 Val loss: 0.2586015856643624 Time: 0.379881300003035
Train loss: 0.24212244448007425 Val loss: 0.25712510186384985 Time: 0.35408240000833757
Train loss: 0.24174153786767238 Val loss: 0.25736733725907146 Time: 0.3889740000013262
Train loss: 0.24129879195102433 Val loss: 0.25692739097650685 Time: 0.3824746000027517
Train loss: 0.24103176851494923 Val loss: 0.2571449324855549 Time: 0.3646903999906499
Train loss: 0.24082027308976706 Val loss: 0.25721142582135464 Time: 0.3408205000014277
Train loss: 0.24052079364341594 Val loss: 0.2573523385593951 Time: 0.34665619999577757
Train loss: 0.24031754299104868 Val loss: 0.2566829243439396 Time: 0.346257199998945
Train loss: 0.24004563995123362 Val loss: 0.2574230001437473 Time: 0.3395958999899449
Complete
 Total time: 86.9904630999954