starting log for model: C:\Users\christopher.johnson\Documents\GitHub\flu\rnn_drop_B.pth
Train loss: 14.547079439830583 Val loss: 2.2753841355443 Time: 1.1738331001251936
Train loss: 13.626665345412576 Val loss: 2.240542336459839 Time: 1.0702327999752015
Train loss: 10.192182049426842 Val loss: 1.3413920560851693 Time: 0.9489650998730212
Train loss: 6.956240770113154 Val loss: 1.0857168862130493 Time: 0.963306900113821
Train loss: 5.87916808951778 Val loss: 1.0666233155898226 Time: 0.9840737998019904
Train loss: 5.390871325803378 Val loss: 1.0158377912957803 Time: 0.9811332998797297
Train loss: 5.116711094636681 Val loss: 1.1761879969835718 Time: 0.9655186999589205
Train loss: 4.932106830394504 Val loss: 1.0340282027109424 Time: 1.0010317999403924
Train loss: 4.548803958432565 Val loss: 1.1503010541464391 Time: 0.9961502999067307
Train loss: 4.177765363360805 Val loss: 1.0874184673756417 Time: 1.1992043000645936
Train loss: 4.2905878536924895 Val loss: 1.0241871399321099 Time: 1.0977149000391364
Train loss: 4.327527193944199 Val loss: 0.8015553505647404 Time: 1.1287181999068707
Train loss: 3.614999850236668 Val loss: 0.8719534604642831 Time: 1.1964684999547899
Train loss: 3.8507295248485036 Val loss: 0.9683811481107796 Time: 1.1563418000005186
Train loss: 3.877065648481416 Val loss: 0.7061972196861461 Time: 1.134749900083989
Train loss: 3.2635119569439537 Val loss: 0.7870501760330626 Time: 1.1721573998220265
Train loss: 3.3556389225528913 Val loss: 0.5746278723468095 Time: 1.0295114000327885
Train loss: 3.351625039894061 Val loss: 0.47953542028153606 Time: 1.2574155000038445
Train loss: 3.02362814437784 Val loss: 0.5956151374457477 Time: 1.2298724001739174
Train loss: 3.1863320738830545 Val loss: 0.7340886685315127 Time: 1.2537135002203286
Train loss: 3.109791296839802 Val loss: 0.6314431035862071 Time: 1.1390503000002354
Train loss: 2.923959944332431 Val loss: 0.2738760483916849 Time: 1.1054034000262618
Train loss: 2.704025773997643 Val loss: 0.22830635961145163 Time: 1.0029223000165075
Train loss: 2.6034575744144632 Val loss: 0.26586951332865283 Time: 1.2454824000597
Train loss: 2.686457937131802 Val loss: 0.23689125642704312 Time: 1.0159730999730527
Train loss: 2.691054315909185 Val loss: 0.22185058031755034 Time: 1.1259743999689817
Train loss: 2.3071834723905873 Val loss: 0.22944962113979273 Time: 1.1424523000605404
Train loss: 2.321088241345941 Val loss: 0.23519246937939897 Time: 1.2295409999787807
Train loss: 2.294329258290556 Val loss: 0.5008224786724895 Time: 0.9879000999499112
Train loss: 2.468213378150695 Val loss: 0.3095261162961833 Time: 0.9689868001732975
Train loss: 2.149351439084289 Val loss: 0.5368029454257339 Time: 0.9916430001612753
Train loss: 2.4413769031970904 Val loss: 0.42031688621500507 Time: 1.0260660001076758
Train loss: 2.1607359631444556 Val loss: 0.291025841695955 Time: 1.1957007001619786
Train loss: 1.9763003369625496 Val loss: 0.512671577045694 Time: 1.18166090012528
Train loss: 1.8616887642217148 Val loss: 0.6709695856552571 Time: 1.1814041999168694
Train loss: 2.3570191329550907 Val loss: 0.40191349417727906 Time: 1.2874454001430422
Train loss: 2.063639136835506 Val loss: 0.43913462517230073 Time: 1.1651969000231475
Train loss: 2.407385086221936 Val loss: 0.7306629993254319 Time: 1.0061182000208646
Train loss: 2.026206277905689 Val loss: 0.25237223165459 Time: 1.1073040999472141
Train loss: 1.8302257488746438 Val loss: 0.6149840102298185 Time: 1.23737070010975
Train loss: 1.818470058165798 Val loss: 0.49479258420615224 Time: 1.1244528000243008
Train loss: 2.03231931827158 Val loss: 0.8215202500578016 Time: 1.0398609000258148
Train loss: 1.747672328703478 Val loss: 0.4167907947079357 Time: 1.1565365998540074
Train loss: 1.5486937181921885 Val loss: 0.3881053035147488 Time: 1.2080266999546438
Train loss: 1.4990649612231057 Val loss: 0.5453002418807955 Time: 1.0479323000181466
Train loss: 1.8793588216927288 Val loss: 0.7425783360376954 Time: 1.1281264999415725
Train loss: 1.6079028855017299 Val loss: 0.30045600567245856 Time: 1.008202999830246
Train loss: 1.547841884018296 Val loss: 0.8898588533047587 Time: 1.1180104999803007
Train loss: 1.4197494401401334 Val loss: 0.43111319471063325 Time: 1.2355438999366015
Train loss: 1.3570845161726695 Val loss: 0.4841081106387719 Time: 1.184926100075245
Train loss: 1.3878817382157318 Val loss: 0.6184290626551956 Time: 1.017434900160879
Train loss: 1.4201987475745432 Val loss: 0.5395831675850786 Time: 1.1245830000843853
Train loss: 1.364427523381167 Val loss: 0.6216287218849175 Time: 1.0259036000352353
Train loss: 1.0891332905039484 Val loss: 0.6092278651485685 Time: 1.2227528998628259
Train loss: 1.3231174888920103 Val loss: 0.6715743081877008 Time: 1.1233302000910044
Train loss: 1.2036026576440562 Val loss: 0.6271065210457891 Time: 1.1778925000689924
Train loss: 1.321454826908993 Val loss: 0.46881498699076474 Time: 1.033232199959457
Train loss: 1.4311170671152902 Val loss: 0.9495074243750423 Time: 1.279688199982047
Train loss: 1.3485987076026547 Val loss: 0.3629647253146686 Time: 1.0809744999278337
Train loss: 1.3435373206673193 Val loss: 0.6390607161738444 Time: 1.1388889998197556
Train loss: 1.090177747125717 Val loss: 0.4406520086340606 Time: 0.9940973999910057
Train loss: 0.9664908551676925 Val loss: 0.6692373702826444 Time: 1.0340358999092132
Train loss: 1.1057860587439778 Val loss: 0.5952579150689417 Time: 1.150015100138262
Train loss: 1.094653836425222 Val loss: 0.6873451032506637 Time: 1.065007400000468
Train loss: 0.8766690228838373 Val loss: 0.6065581213915721 Time: 1.2685388999525458
Train loss: 0.9167916579615554 Val loss: 0.6228645061528368 Time: 1.1692111000884324
Train loss: 1.011118631072658 Val loss: 0.6835465277554249 Time: 1.1456525998655707
Train loss: 0.9554072576189321 Val loss: 0.6572398404314299 Time: 1.2213840000331402
Train loss: 1.1199438820850172 Val loss: 0.753464953697403 Time: 1.1593136999290437
Train loss: 0.8301377280894329 Val loss: 1.0099426283268258 Time: 1.0265758000314236
Train loss: 1.2269057473492815 Val loss: 0.7175896330008982 Time: 1.1640671000350267
Train loss: 0.916329992064782 Val loss: 0.8376815894152969 Time: 1.2538300999440253
Train loss: 0.8842333680302565 Val loss: 0.6201116795455164 Time: 1.2061264000367373
Train loss: 0.874110188830613 Val loss: 0.6293636010959744 Time: 1.1809125998988748
Train loss: 0.9061673982652976 Val loss: 0.7351595590007491 Time: 1.0222138999961317
Train loss: 0.9510210411464586 Val loss: 0.5588703920075204 Time: 1.2044848001096398
Train loss: 0.8366994424757912 Val loss: 0.8098105794633739 Time: 1.0582602000795305
Train loss: 0.8229201022541013 Val loss: 0.6257153303954546 Time: 1.1757039001677185
Train loss: 0.8207164494209422 Val loss: 0.6126060216338374 Time: 1.0192020998802036
Train loss: 0.6759694028672474 Val loss: 0.8701944053827901 Time: 1.1186081999912858
Train loss: 0.7713018413783317 Val loss: 0.9596487315138802 Time: 1.2380418002139777
Train loss: 0.9073252356074746 Val loss: 0.7094299274031073 Time: 1.1463928997982293
Train loss: 0.8298894437143058 Val loss: 1.120848051737994 Time: 1.049325300147757
Train loss: 1.244234152594887 Val loss: 0.5637114479322918 Time: 1.142728399951011
Train loss: 1.1389743387043607 Val loss: 0.7827866886509582 Time: 1.0451734999660403
Train loss: 1.0173303236996776 Val loss: 0.6796011733895284 Time: 1.1877857998479158
Train loss: 0.8906690888961077 Val loss: 0.965853386092931 Time: 1.0237129000015557
Train loss: 0.9246913976903168 Val loss: 0.7803689310094342 Time: 1.1494023001287133
Train loss: 0.6976129946807834 Val loss: 0.6765406102167617 Time: 1.013506299816072
Shrinking learning rate to 1e-05
Train loss: 0.9305579515532539 Val loss: 0.7809295162587659 Time: 0.957036699866876
Train loss: 0.786530773560937 Val loss: 0.7425151941902755 Time: 0.9022353000473231
Train loss: 0.8542736012874104 Val loss: 0.7238135748189052 Time: 0.8973383000120521
Train loss: 0.8087459645743929 Val loss: 0.7513031183771091 Time: 0.8655789999756962
Train loss: 0.6912404440021191 Val loss: 0.7224704973996268 Time: 0.8722883001901209
Train loss: 0.5725128818438713 Val loss: 0.7259102856260142 Time: 0.883830500068143
Train loss: 0.7448088528358956 Val loss: 0.7020514420673862 Time: 0.8682426000013947
Train loss: 0.5943374461562061 Val loss: 0.7262151835457189 Time: 0.8976027998141944
Train loss: 0.6055023266547481 Val loss: 0.7424004644640263 Time: 0.9077335000038147
Train loss: 0.5733959482845947 Val loss: 0.7198683117530891 Time: 0.8724810001440346
Train loss: 0.6597587045499758 Val loss: 0.7319554154682919 Time: 0.8877991999033839
Train loss: 0.5551323148628959 Val loss: 0.7484883363413246 Time: 0.9325647000223398
Train loss: 0.662377981824893 Val loss: 0.73736098370955 Time: 0.9866824999917299
Train loss: 0.6548462484050603 Val loss: 0.7348571440517162 Time: 0.9683099000249058
Train loss: 0.6049150605684042 Val loss: 0.7403297019371848 Time: 0.8857996000442654
Train loss: 0.5921386001956304 Val loss: 0.7445585729519735 Time: 0.8809805999044329
Train loss: 0.5983918234022924 Val loss: 0.723642202823612 Time: 0.908546700142324
Train loss: 0.7002858668431003 Val loss: 0.7181647961283488 Time: 0.9367112000472844
Train loss: 0.5610715922594722 Val loss: 0.7245482835999155 Time: 0.8757247999310493
Train loss: 0.6151272034507003 Val loss: 0.7095840821413653 Time: 0.8722206000238657
Train loss: 0.6506318807540916 Val loss: 0.7074245120420528 Time: 0.9123272998258471
Shrinking learning rate to 1.0000000000000002e-06
Train loss: 0.5824040963228925 Val loss: 0.7445932982445811 Time: 0.8815388001967221
Train loss: 0.7202104496366051 Val loss: 0.7379857319797338 Time: 0.8981037999037653
Train loss: 0.5908434920737455 Val loss: 0.7369768672435271 Time: 0.8736874000169337
Train loss: 0.6005763250794569 Val loss: 0.7383073082573901 Time: 0.8973513999953866
Train loss: 0.6047326956967277 Val loss: 0.7341864449264364 Time: 0.8900810000486672
Train loss: 0.5941472283022291 Val loss: 0.732688804602958 Time: 0.9176434001419693
Train loss: 0.5716597918084116 Val loss: 0.7329235541973276 Time: 0.9044967000372708
Train loss: 0.6076698527556736 Val loss: 0.7350831416957959 Time: 0.8684807000681758
Train loss: 0.6296431885653845 Val loss: 0.7424792381339103 Time: 0.8923199998680502
Train loss: 0.5035715033508315 Val loss: 0.7425718519043585 Time: 0.926309100119397
Train loss: 0.5530900809799244 Val loss: 0.7361824669132773 Time: 0.9043775999452919
Train loss: 0.6248117560249431 Val loss: 0.7310816485546638 Time: 0.9153380000498146
Train loss: 0.5193704953198468 Val loss: 0.7255659458392074 Time: 0.905221100198105
Train loss: 0.6917076119600463 Val loss: 0.7267362903794492 Time: 0.9144874000921845
Train loss: 0.6437045992934791 Val loss: 0.7197684116817982 Time: 0.8784115000162274
Train loss: 0.5591526985001352 Val loss: 0.7162786746048369 Time: 0.9022450000047684
Train loss: 0.7667187501031032 Val loss: 0.7130969300415018 Time: 0.8996632001362741
Train loss: 0.600773546864024 Val loss: 0.7096636590031267 Time: 0.8871069999877363
Train loss: 0.6658051940658445 Val loss: 0.7117545497567335 Time: 0.8750897999852896
Shrinking learning rate to 1.0000000000000002e-07
Learning rate getting small
Complete
 Total time: 135.91865969984792