starting log for model: C:\Users\christopher.johnson\Documents\GitHub\flu\rnn_3lay_drop.pth
Train loss: 15.394810721849908 Val loss: 2.3305733765810146 Time: 1.0240323999896646
Train loss: 14.720253035630321 Val loss: 2.2929206288933983 Time: 1.1353935000952333
Train loss: 13.872792072381344 Val loss: 2.1772420711107543 Time: 1.0874916000757366
Train loss: 10.92877173754316 Val loss: 1.4013403177959844 Time: 1.1981284999055788
Train loss: 7.426219974279093 Val loss: 1.0933235877018888 Time: 1.114311799989082
Train loss: 6.413972569786527 Val loss: 0.9379645361259463 Time: 1.796983000007458
Train loss: 6.054282191692401 Val loss: 0.7933041682117619 Time: 1.3872651000274345
Train loss: 5.613048928336868 Val loss: 0.6966230027440616 Time: 1.2706220999825746
Train loss: 4.6520936914044695 Val loss: 0.6292118640994886 Time: 1.061302899965085
Train loss: 4.694018426733251 Val loss: 0.6197649329733395 Time: 1.1197667999658734
Train loss: 4.419856863631369 Val loss: 0.4906912371807266 Time: 0.8847627999493852
Train loss: 4.312784973747403 Val loss: 0.533028142061994 Time: 0.9658099000807852
Train loss: 4.137755381014173 Val loss: 0.4982044815351401 Time: 1.0647316999966279
Train loss: 3.8172019448514236 Val loss: 0.4724991865659831 Time: 0.9494292000308633
Train loss: 3.7976450270266087 Val loss: 0.4020034617969941 Time: 0.9156797000905499
Train loss: 3.8292029694756904 Val loss: 0.36068309545180455 Time: 0.8812668999889866
Train loss: 3.4515309936200573 Val loss: 0.44484933874775834 Time: 0.8920286000939086
Train loss: 3.175353643130294 Val loss: 0.37806292885193216 Time: 0.9127712000627071
Train loss: 3.0952490291843464 Val loss: 0.3337000897663529 Time: 0.9058667999925092
Train loss: 2.996175471777457 Val loss: 0.3494542264670599 Time: 0.9409945999504998
Train loss: 2.5936285158545456 Val loss: 0.40211499336510315 Time: 0.9799844999797642
Train loss: 2.7377108961057672 Val loss: 0.3204473316654912 Time: 0.9809662000043318
Train loss: 2.45345608939565 Val loss: 0.30513895774492994 Time: 0.9198559999931604
Train loss: 2.4532012247155857 Val loss: 0.5131918420975126 Time: 0.9132461999543011
Train loss: 2.6111150092322433 Val loss: 0.33783199710887857 Time: 0.8747719000093639
Train loss: 2.293714443111217 Val loss: 0.33264431479619816 Time: 0.9252121000317857
Train loss: 2.2960275543399584 Val loss: 0.3769645813254101 Time: 0.8882020999444649
Train loss: 2.324532357417379 Val loss: 0.44594805583619745 Time: 0.8932929000584409
Train loss: 2.299377283432637 Val loss: 0.31570581486448646 Time: 0.8869517999701202
Train loss: 2.3508289756142418 Val loss: 0.3621919738361612 Time: 0.8872425999725237
Train loss: 2.09580005691877 Val loss: 0.30957888800185174 Time: 0.888098300085403
Train loss: 2.142295807172882 Val loss: 0.33047313208226115 Time: 0.8738132000435144
Train loss: 1.808730242553958 Val loss: 0.34059615060687065 Time: 1.0813880000496283
Train loss: 1.8352717244801438 Val loss: 0.3062311601242982 Time: 1.3102132000494748
Train loss: 2.1459392275248916 Val loss: 0.32381963211810216 Time: 1.2020285000326112
Train loss: 2.1277352619267846 Val loss: 0.35464137012604624 Time: 1.133358099963516
Train loss: 1.9067674918043087 Val loss: 0.3235676786862314 Time: 1.1445735999150202
Train loss: 1.8239870447500939 Val loss: 0.36432637297548354 Time: 0.8886758999433368
Train loss: 1.71789320769554 Val loss: 0.32441506687609944 Time: 0.9417582999449223
Train loss: 1.5653020074047712 Val loss: 0.3143666160931531 Time: 0.9324006999377161
Train loss: 1.5794826557197923 Val loss: 0.45857025298755616 Time: 0.9947713000001386
Train loss: 1.567009841725901 Val loss: 0.32177101692650467 Time: 1.1054415999678895
Train loss: 1.7068934419652884 Val loss: 0.3452977446895602 Time: 0.92568849993404
Train loss: 1.9951611617090759 Val loss: 0.38514945562928915 Time: 0.9456431000726297
Train loss: 1.616541259760242 Val loss: 0.33429850020911545 Time: 1.027277100016363
Train loss: 1.398576935721377 Val loss: 0.30278850022295956 Time: 1.1865137999411672
Train loss: 1.193339147426526 Val loss: 0.3155880363192409 Time: 1.0875866999849677
Train loss: 1.5201621840205624 Val loss: 0.360107530024834 Time: 0.937042300007306
Train loss: 1.7088301057511472 Val loss: 0.31929897726513445 Time: 0.9221624999772757
Train loss: 1.416804493758273 Val loss: 0.30485108360880986 Time: 0.9140547999413684
Train loss: 1.3086954530836512 Val loss: 0.3718297951709246 Time: 0.9114769999869168
Train loss: 1.3882212109540495 Val loss: 0.31429504335392267 Time: 0.9305546000832692
Train loss: 1.3305721334649177 Val loss: 0.3704677619971335 Time: 0.9718594000441954
Train loss: 1.4300885603788074 Val loss: 0.2387918207095936 Time: 0.915415299939923
Train loss: 1.4056405245561372 Val loss: 0.28801814722828567 Time: 1.038439100026153
Train loss: 1.219311280145238 Val loss: 0.26957480085548013 Time: 1.2219688999466598
Shrinking learning rate to 1e-05
Train loss: 1.7710126080749757 Val loss: 0.2826103955039798 Time: 0.8497382000787184
Train loss: 1.2246409935607447 Val loss: 0.27832805817888584 Time: 0.8595821000635624
Train loss: 1.3923066186658575 Val loss: 0.2746390377287753 Time: 0.8588895000284538
Train loss: 1.1695034304859204 Val loss: 0.2724762971920427 Time: 0.8302436999510974
Train loss: 1.2865586532407516 Val loss: 0.26940612723410595 Time: 0.8679870000341907
Train loss: 1.3067236591424223 Val loss: 0.2662844964652322 Time: 0.8617322999052703
Train loss: 1.3517066161888938 Val loss: 0.26265036484983284 Time: 0.9677705001085997
Train loss: 1.1024568882359473 Val loss: 0.2649464339046972 Time: 0.8385475999675691
Train loss: 1.26483679977585 Val loss: 0.26382444059709087 Time: 0.9186143999686465
Train loss: 1.0703993486630718 Val loss: 0.26331980322720483 Time: 0.9122569999890402
Train loss: 1.2388587684517247 Val loss: 0.26086689292424126 Time: 0.8733875000616536
Train loss: 1.0975295820505742 Val loss: 0.2590338685840834 Time: 0.8434978000586852
Train loss: 1.2852869756239826 Val loss: 0.2642132401961135 Time: 0.8456887000938877
Train loss: 1.0733750744231307 Val loss: 0.26317424364970066 Time: 0.8791375000728294
Train loss: 1.0718315523691908 Val loss: 0.26167063039611094 Time: 0.9079420000780374
Train loss: 1.2964746042860398 Val loss: 0.2585678247269243 Time: 0.8764741999329999
Train loss: 1.0615995528251538 Val loss: 0.2654602565453388 Time: 0.8876709999749437
Train loss: 1.3693769331387895 Val loss: 0.2629566007235553 Time: 0.9583884000312537
Train loss: 1.1895249345810242 Val loss: 0.2676911987946369 Time: 0.9033846999518573
Train loss: 1.0484853769010702 Val loss: 0.2673473229224328 Time: 0.910085599985905
Train loss: 1.0633020420574226 Val loss: 0.2692854778142646 Time: 0.9224059999687597
Train loss: 1.076466246450691 Val loss: 0.27184241474606097 Time: 0.8370222999947146
Train loss: 0.9198682787649795 Val loss: 0.27503866533515975 Time: 0.9049117000540718
Train loss: 1.2070747316056878 Val loss: 0.27872244763420895 Time: 0.8961577999871224
Train loss: 0.873265761618411 Val loss: 0.27085006976267323 Time: 0.910280599957332
Train loss: 1.209348200264218 Val loss: 0.27241792873246595 Time: 0.8457002999493852
Train loss: 1.0057136634713437 Val loss: 0.2735990010551177 Time: 0.8785369999241084
Train loss: 1.0850423776302365 Val loss: 0.27204091573366895 Time: 0.8973763999529183
Train loss: 1.0775966313838263 Val loss: 0.27863392111612484 Time: 0.9126196999568492
Train loss: 1.1589439070532168 Val loss: 0.2809824866708368 Time: 0.8596619999734685
Train loss: 1.0564217097474948 Val loss: 0.2816928257816471 Time: 0.8826754000037909
Train loss: 0.9963382513032135 Val loss: 0.284535248123575 Time: 0.8771030999487266
Train loss: 1.237624148695712 Val loss: 0.2848633273388259 Time: 0.9335435000248253
Train loss: 1.1941301691936421 Val loss: 0.28556308505358174 Time: 0.8849318999564275
Shrinking learning rate to 1.0000000000000002e-06
Train loss: 1.1345814330934023 Val loss: 0.27119644166668877 Time: 0.8643167000263929
Train loss: 1.1884576587720659 Val loss: 0.2720800474053249 Time: 0.8542291999328882
Train loss: 1.1472426084990501 Val loss: 0.27252507157390937 Time: 0.8568525000009686
Train loss: 1.1380449878899777 Val loss: 0.27376872301101685 Time: 0.862210699939169
Train loss: 1.0793397874255994 Val loss: 0.27426691335858777 Time: 0.8416899999137968
Train loss: 1.007892775741196 Val loss: 0.2742951915715821 Time: 0.9149844000348821
Train loss: 0.9747848556498608 Val loss: 0.27424755808897316 Time: 0.8491899999789894
Train loss: 1.116102561232772 Val loss: 0.27442932419944555 Time: 0.8723466999363154
Train loss: 0.8590169949465882 Val loss: 0.2750238389126025 Time: 0.7887175999348983
Train loss: 1.064567595056627 Val loss: 0.27593326778151095 Time: 0.824837899999693
Train loss: 1.0966034657886918 Val loss: 0.27572409639833495 Time: 0.8575456000398844
Train loss: 1.0287584584087819 Val loss: 0.2765118653187528 Time: 0.8111186000751331
Train loss: 1.0955704160946862 Val loss: 0.27563054277561605 Time: 1.022817200049758
Train loss: 1.0115570374528424 Val loss: 0.2748435366083868 Time: 1.2771431000437587
Train loss: 1.1414746137170626 Val loss: 0.2744850628077984 Time: 1.1045498999301344
Train loss: 1.0612974728396658 Val loss: 0.2756139549892396 Time: 0.8889832000713795
Train loss: 1.157232017874392 Val loss: 0.27606438391376287 Time: 0.8640795999672264
Train loss: 1.1692078469402107 Val loss: 0.27600659732706845 Time: 0.8662949000718072
Shrinking learning rate to 1.0000000000000002e-07
Learning rate getting small
Complete
 Total time: 103.80261170002632