starting log for model: C:\Users\christopher.johnson\Documents\rnn_new_22-23.pth
Train loss: 14.692223698610164 Val loss: 1.709305791339583 Time: 0.46711040000081994
Train loss: 13.68726192659443 Val loss: 1.6143505419879574 Time: 0.4446211000031326
Train loss: 12.678931763980088 Val loss: 1.489225815438206 Time: 0.45396399998571724
Train loss: 10.588164032865777 Val loss: 1.2751772501523653 Time: 0.45845389999158215
Train loss: 8.070227970208885 Val loss: 0.9974587242760958 Time: 0.4558599000010872
Train loss: 6.714838942482394 Val loss: 0.8489310173640434 Time: 0.5010085999965668
Train loss: 6.225774190144287 Val loss: 0.7881300064927491 Time: 0.45526230000541545
Train loss: 6.017978118174199 Val loss: 0.7712109930135044 Time: 0.4508535000059055
Train loss: 5.827139375057307 Val loss: 0.7472718287372059 Time: 0.5240695999964373
Train loss: 5.664962607948083 Val loss: 0.7295976860101467 Time: 0.46282980000250973
Train loss: 5.547529779804137 Val loss: 0.7162017097737436 Time: 0.44531609999830835
Train loss: 5.437704416840745 Val loss: 0.7029746669518284 Time: 0.44379159998788964
Train loss: 5.339117998206291 Val loss: 0.6916636868376466 Time: 0.44298980000894517
Train loss: 5.237626907043051 Val loss: 0.657590170595405 Time: 0.4450052999891341
Train loss: 5.150603787455907 Val loss: 0.6461617092807056 Time: 0.4438012000027811
Train loss: 5.053325897432433 Val loss: 0.6346555529327026 Time: 0.44259880000026897
Train loss: 4.96130431523423 Val loss: 0.623195572425566 Time: 0.4430682000092929
Train loss: 4.874318815961953 Val loss: 0.6125617748692369 Time: 0.4413019999919925
Train loss: 4.78558881499054 Val loss: 0.6025579665539829 Time: 0.4465436000027694
Train loss: 4.699055003802156 Val loss: 0.5923155656676943 Time: 0.4387468000059016
Train loss: 4.610095770324863 Val loss: 0.5821953757648688 Time: 0.4409343000006629
Train loss: 4.523795540516829 Val loss: 0.5717494617539831 Time: 0.44304330000886694
Train loss: 4.438308943818896 Val loss: 0.5615659224593972 Time: 0.49476549999963026
Train loss: 4.3525420059782345 Val loss: 0.5520544586342334 Time: 0.4940271999948891
Train loss: 4.268801204285722 Val loss: 0.542473119675077 Time: 0.4512797000061255
Train loss: 4.1863950892172 Val loss: 0.5327570549910582 Time: 0.4496607000037329
Train loss: 4.103404997422487 Val loss: 0.5237899041389922 Time: 0.4503846000006888
Train loss: 4.023268337504145 Val loss: 0.5041798799814985 Time: 0.4371551000076579
Train loss: 3.940714456785768 Val loss: 0.4945957260015266 Time: 0.4403383000026224
Train loss: 3.8581029291433566 Val loss: 0.4839550968880684 Time: 0.43964779999805614
Train loss: 3.780956418476702 Val loss: 0.47398544565808276 Time: 0.44519250000303145
Train loss: 3.6953508788476412 Val loss: 0.4625444041030173 Time: 0.4713687000039499
Train loss: 3.6069410279935568 Val loss: 0.4513048770932733 Time: 0.461978099992848
Train loss: 3.5087078494338213 Val loss: 0.43821896382340486 Time: 0.4441932000045199
Train loss: 3.4052420341590497 Val loss: 0.42537403506086896 Time: 0.43975099999806844
Train loss: 3.313742285495092 Val loss: 0.4127653542737234 Time: 0.4894481000083033
Train loss: 3.232781947752514 Val loss: 0.4023452998659861 Time: 0.4518599000002723
Train loss: 3.152906518199522 Val loss: 0.39155335677373326 Time: 0.4441456999920774
Train loss: 3.0698038618738046 Val loss: 0.3802651616220193 Time: 0.4326770000043325
Train loss: 2.9869539615582426 Val loss: 0.3689268287970756 Time: 0.43799700000090525
Train loss: 2.9148840975835846 Val loss: 0.3590464574264023 Time: 0.44037729999399744
Train loss: 2.8436511405510894 Val loss: 0.3493095300145633 Time: 0.44008520001079887
Train loss: 2.7733753375512578 Val loss: 0.33943014101934765 Time: 0.43700789999275
Train loss: 2.7063658997182074 Val loss: 0.3287913348128943 Time: 0.438043900008779
Train loss: 2.6411937949523367 Val loss: 0.3190184441522673 Time: 0.443775599997025
Train loss: 2.583597087138571 Val loss: 0.3099578148517487 Time: 0.4329883000027621
Train loss: 2.520115102619009 Val loss: 0.30306124667926754 Time: 0.4483840000029886
Train loss: 2.4645939712884157 Val loss: 0.2962813564790167 Time: 0.4396794000058435
Train loss: 2.407018384942333 Val loss: 0.2889529703480353 Time: 0.4385698000114644
Train loss: 2.3511359914615895 Val loss: 0.28162456389392726 Time: 0.4366145000094548
Train loss: 2.2983966915272984 Val loss: 0.2748476466610523 Time: 0.43694120000873227
Train loss: 2.2397579491714588 Val loss: 0.266369162295469 Time: 0.43608600000152364
Train loss: 2.2020510488767613 Val loss: 0.2596593601465032 Time: 0.4380669999954989
Train loss: 2.1492341025680375 Val loss: 0.32085478234625536 Time: 0.4457729999994626
Train loss: 2.103446113883905 Val loss: 0.31469352968035086 Time: 0.4302256000082707
Train loss: 2.05721931160749 Val loss: 0.30950111921109436 Time: 0.4352266000059899
Train loss: 2.0042520711009653 Val loss: 0.30384721580344465 Time: 0.43433489999733865
Train loss: 1.9642816826354306 Val loss: 0.29983661359471003 Time: 0.43432230000325944
Train loss: 1.9217260754428054 Val loss: 0.29542087547849954 Time: 0.43557940000027884
Train loss: 1.8748670774069396 Val loss: 0.29080393356144657 Time: 0.4407991000043694
Train loss: 1.831016644992554 Val loss: 0.2865287517055811 Time: 0.435596399998758
Train loss: 1.7895844460106858 Val loss: 0.2822161186490406 Time: 0.44275119999656454
Train loss: 1.7497889061376064 Val loss: 0.27853692958529125 Time: 0.43934559999615885
Train loss: 1.7131257142254492 Val loss: 0.27466744087964284 Time: 0.4318222000001697
Train loss: 1.6751325586706827 Val loss: 0.2711354470066897 Time: 0.49608599999919534
Train loss: 1.6417257143651973 Val loss: 0.2682964090210213 Time: 0.4337919999961741
Train loss: 1.6040624004705437 Val loss: 0.26500572831451935 Time: 0.4404703000036534
Train loss: 1.5741918642982 Val loss: 0.2629315928358399 Time: 0.44024280000303406
Train loss: 1.5428724422279219 Val loss: 0.2598463298899217 Time: 0.4372865999903297
Train loss: 1.5128610847440953 Val loss: 0.2577886909775584 Time: 0.43502459999581333
Train loss: 1.484381051836209 Val loss: 0.2552624110297779 Time: 0.46673119999468327
Train loss: 1.449953245365517 Val loss: 0.25264549940054365 Time: 0.4368411999894306
Train loss: 1.4306859274704067 Val loss: 0.25137290851787525 Time: 0.43480909999925643
Train loss: 1.3970587333526545 Val loss: 0.2485472894562669 Time: 0.4394077000033576
Train loss: 1.3759037539471137 Val loss: 0.24722939570620658 Time: 0.4360677999939071
Train loss: 1.3406990367369502 Val loss: 0.2444212328180641 Time: 0.43620630000077654
Train loss: 1.3253627867289879 Val loss: 0.24341325959045557 Time: 0.4375713000044925
Train loss: 1.2947184169696868 Val loss: 0.24113880333872129 Time: 0.43646180001087487
Train loss: 1.268868010913792 Val loss: 0.2400878810457378 Time: 0.4416926000121748
Train loss: 1.2434041673846536 Val loss: 0.2381832462886766 Time: 0.43593379999219906
Train loss: 1.224498442247933 Val loss: 0.23696575577948922 Time: 0.44134309999935795
Train loss: 1.1976211226062858 Val loss: 0.23529458373502202 Time: 0.43750749999890104
Train loss: 1.184023230301932 Val loss: 0.2346344738943603 Time: 0.4489848999946844
Train loss: 1.156591959698055 Val loss: 0.23306889969586675 Time: 0.43186680000508204
Train loss: 1.143943983158323 Val loss: 0.23273922252367774 Time: 0.43630049999046605
Train loss: 1.121103360312956 Val loss: 0.23124838053674726 Time: 0.4381708000000799
Train loss: 1.1023845593294688 Val loss: 0.23007710868283107 Time: 0.44796459999633953
Train loss: 1.0858020093228937 Val loss: 0.2295048394504187 Time: 0.44014700000116136
Train loss: 1.0688442930858741 Val loss: 0.227976837398572 Time: 0.43857800000114366
Train loss: 1.0514263956763443 Val loss: 0.22732986668506647 Time: 0.44632309999724384
Train loss: 1.0390076615966564 Val loss: 0.22669223941904454 Time: 0.43757200000982266
Train loss: 1.0180948699785652 Val loss: 0.22560053452926937 Time: 0.44129370000155177
Train loss: 1.009229237577756 Val loss: 0.2253785428336026 Time: 0.43705259999842383
Train loss: 0.9918821756472198 Val loss: 0.2246106706659518 Time: 0.44489620000240393
Train loss: 0.9808985269867492 Val loss: 0.22396952924504065 Time: 0.4418659000075422
Train loss: 0.9585231678211699 Val loss: 0.22302297747887118 Time: 0.44022770000447053
Train loss: 0.9463519265774369 Val loss: 0.22255024312740407 Time: 0.4427087000076426
Train loss: 0.937121379186892 Val loss: 0.22241108559790004 Time: 0.44291810000140686
Train loss: 0.9169006997164504 Val loss: 0.22210982797297082 Time: 0.458910500005004
Train loss: 0.9069330497469394 Val loss: 0.2217822183565186 Time: 0.4781416000041645
Train loss: 0.8922588217862364 Val loss: 0.22140270353292824 Time: 0.43470900000829715
Train loss: 0.8854996137493671 Val loss: 0.22136422819999602 Time: 0.43712390000291634
Train loss: 0.8653997885612879 Val loss: 0.22020857263311075 Time: 0.43227580000529997
Train loss: 0.8645261756025775 Val loss: 0.22040430731505486 Time: 0.47853500000201166
Train loss: 0.843429098764517 Val loss: 0.21967098350515546 Time: 0.46419140000944026
Train loss: 0.8388924029587628 Val loss: 0.21969729177142383 Time: 0.4384548999951221
Train loss: 0.8297581035586239 Val loss: 0.2201055108807086 Time: 0.43725680001080036
Train loss: 0.8206343427661373 Val loss: 0.21974420896426228 Time: 0.43271539999113884
Train loss: 0.810768418156254 Val loss: 0.22003295366150571 Time: 0.43471950000093784
Train loss: 0.8069060475431038 Val loss: 0.21944749936080615 Time: 0.43221499999344815
Train loss: 0.7899662658847717 Val loss: 0.21919186214321576 Time: 0.4338238000054844
Train loss: 0.7836009119889056 Val loss: 0.2194138375152657 Time: 0.43756089999806136
Train loss: 0.7775845103742256 Val loss: 0.2189788655327705 Time: 0.43426939999335445
Train loss: 0.7666676374552512 Val loss: 0.21984989306646868 Time: 0.4380836000054842
Train loss: 0.7710957335835609 Val loss: 0.22125391610912645 Time: 0.4389526000013575
Train loss: 0.7577494589065221 Val loss: 0.22048081262746236 Time: 0.4360006000060821
Train loss: 0.7477716790960001 Val loss: 0.21963991443984104 Time: 0.44113959999231156
Train loss: 0.7434596121107298 Val loss: 0.2214309628045084 Time: 0.43851839999842923
Train loss: 0.7309211566246816 Val loss: 0.22117145274599384 Time: 0.4377237000007881
Train loss: 0.7273699939316773 Val loss: 0.22051620860093837 Time: 0.4380265999934636
Train loss: 0.7113043222236541 Val loss: 0.22168641261957928 Time: 0.43275399999402
Train loss: 0.7111269688606114 Val loss: 0.22048636149700648 Time: 0.4312203000008594
Train loss: 0.7068472572594331 Val loss: 0.22139198961496448 Time: 0.4348332999943523
Train loss: 0.6910514314699299 Val loss: 0.21944830717492292 Time: 0.43465549999382347
Train loss: 0.6884969552858111 Val loss: 0.22133794344415547 Time: 0.4355007999984082
Train loss: 0.6789793299041094 Val loss: 0.22189688232976254 Time: 0.43420899999910034
Train loss: 0.6794478243954813 Val loss: 0.2211222505401921 Time: 0.43645379999361467
Train loss: 0.6673474765395824 Val loss: 0.2216120812513904 Time: 0.43622669999604113
Train loss: 0.6622540759580247 Val loss: 0.22257265661957581 Time: 0.43018180000944994
Train loss: 0.6615846860313752 Val loss: 0.22288818036414765 Time: 0.431960000001709
Train loss: 0.6490993623523309 Val loss: 0.22224237827400498 Time: 0.4373554000048898
Train loss: 0.6512870912460222 Val loss: 0.22465741376133658 Time: 0.43637899999157526
Train loss: 0.6401671601940819 Val loss: 0.2221751709245272 Time: 0.43982620000315364
Train loss: 0.637577599549175 Val loss: 0.22331893760805044 Time: 0.4789815000112867
Train loss: 0.6386386772100545 Val loss: 0.2293793131678051 Time: 0.4804924000054598
Train loss: 0.6309158974471518 Val loss: 0.2195484282077212 Time: 0.4368376999918837
Train loss: 0.617579078175318 Val loss: 0.22890917085165904 Time: 0.44473740000103135
Train loss: 0.6188343783530286 Val loss: 0.22454383164300518 Time: 0.43767870000738185
Train loss: 0.6218856192026874 Val loss: 0.22771323859659406 Time: 0.4393602999916766
Train loss: 0.6057312375335933 Val loss: 0.22874171105499772 Time: 0.4357014999986859
Train loss: 0.6171347734514185 Val loss: 0.22874430978443921 Time: 0.43424010000308044
Train loss: 0.6007643405203078 Val loss: 0.22720266619535381 Time: 0.43657879999955185
Train loss: 0.6014188548054307 Val loss: 0.23441638003936063 Time: 0.4342640999966534
Train loss: 0.6133798674256496 Val loss: 0.23381131000339278 Time: 0.4357873999979347
Train loss: 0.59580459199681 Val loss: 0.22564331769782678 Time: 0.4377458000089973
Train loss: 0.5906729440026766 Val loss: 0.23786340340453596 Time: 0.43658390000928193
Train loss: 0.5963866726929794 Val loss: 0.230533647247049 Time: 0.44883809999737423
Train loss: 0.5956816889583856 Val loss: 0.23476169649754547 Time: 0.4448990000091726
Train loss: 0.5817007178981628 Val loss: 0.23546684817084432 Time: 0.43644720000156667
Train loss: 0.5911842711085882 Val loss: 0.23120821685117787 Time: 0.43761090000043623
Train loss: 0.5847991248729232 Val loss: 0.23438367396067225 Time: 0.4398280000023078
Train loss: 0.5794124498912083 Val loss: 0.22489104981758648 Time: 0.44073059999209363
Train loss: 0.5768049999850078 Val loss: 0.23240997308386993 Time: 0.4371160000009695
Train loss: 0.5876573935568317 Val loss: 0.23290462240369636 Time: 0.4399881999997888
Train loss: 0.5720489209763473 Val loss: 0.22373282995486438 Time: 0.4346114000072703
Train loss: 0.5770964417727669 Val loss: 0.22755382824753434 Time: 0.44048609999299515
Train loss: 0.5649810315197641 Val loss: 0.21828978455974035 Time: 0.43628130000433885
Train loss: 0.5646815333163113 Val loss: 0.22048989517978634 Time: 0.43840470000577625
Train loss: 0.5542804307355469 Val loss: 0.22218455188746922 Time: 0.44247169999289326
Train loss: 0.5590378513046859 Val loss: 0.221156469666087 Time: 0.4459391999989748
Train loss: 0.5491071432468246 Val loss: 0.21755325899129546 Time: 0.4353065000032075
Train loss: 0.5353704960199313 Val loss: 0.2256192821796174 Time: 0.44128910001018085
Train loss: 0.5532998371019394 Val loss: 0.22078229709104735 Time: 0.4394540000066627
Train loss: 0.530691696080039 Val loss: 0.2325595638650133 Time: 0.4401598999975249
Train loss: 0.5447614841924993 Val loss: 0.21619231773426187 Time: 0.43677040000329725
Train loss: 0.5090706319552476 Val loss: 0.23890793414589861 Time: 0.4426615000120364
Train loss: 0.538970495879552 Val loss: 0.21738596570607654 Time: 0.4504774999950314
Train loss: 0.49995971559022934 Val loss: 0.24338105262942208 Time: 0.466897100006463
Train loss: 0.5309495444325698 Val loss: 0.2256378760961989 Time: 0.4360184999968624
Train loss: 0.48516304801729593 Val loss: 0.232273410523684 Time: 0.43591010000091046
Train loss: 0.5091389285541368 Val loss: 0.23724724697461644 Time: 0.43613570000161417
Train loss: 0.4907566011097799 Val loss: 0.23544561949317735 Time: 0.47342749999370426
Train loss: 0.49388263483511663 Val loss: 0.23435830366296811 Time: 0.43790570000419393
Train loss: 0.4858201551065413 Val loss: 0.24733006908622476 Time: 0.44657960000040475
Train loss: 0.4977167461275869 Val loss: 0.23196499886991445 Time: 0.4350220000051195
Train loss: 0.46656138418408943 Val loss: 0.24726466536078412 Time: 0.4374825000122655
Train loss: 0.49227542801052593 Val loss: 0.23181766750381208 Time: 0.4336981999949785
Train loss: 0.46034886412428677 Val loss: 0.25114826016337133 Time: 0.43375389999710023
Train loss: 0.4883318025484584 Val loss: 0.23898517493947152 Time: 0.439555199991446
Train loss: 0.46599660565305623 Val loss: 0.24784063656999072 Time: 0.43719829998735804
Train loss: 0.4793197162833671 Val loss: 0.24579962091957006 Time: 0.4402578999870457
Train loss: 0.46720844442485543 Val loss: 0.24308325635689096 Time: 0.4375810000055935
Train loss: 0.46611703652755665 Val loss: 0.2427157229700161 Time: 0.4350969999941299
Train loss: 0.4652814444879789 Val loss: 0.23956531244909993 Time: 0.4379754999972647
Train loss: 0.4578387443309637 Val loss: 0.2454445584801421 Time: 0.4388117000053171
Train loss: 0.471995027472083 Val loss: 0.238591844573244 Time: 0.43747990000701975
Train loss: 0.4571236065680715 Val loss: 0.23543924899211896 Time: 0.43759050000517163
Train loss: 0.46286165299518256 Val loss: 0.2353495189265851 Time: 0.438644200010458
Train loss: 0.46006251636169004 Val loss: 0.22726016864577117 Time: 0.4392318000027444
Train loss: 0.4573189180146642 Val loss: 0.22473796869210258 Time: 0.4362077000114368
Train loss: 0.4399636543302856 Val loss: 0.2249524955167934 Time: 0.43463220000558067
Train loss: 0.4524243453309724 Val loss: 0.212513663010313 Time: 0.43698880000738427
Train loss: 0.42919191277958474 Val loss: 0.2330516290061222 Time: 0.4338343999988865
Train loss: 0.4688301803830319 Val loss: 0.20763365836200603 Time: 0.43542449999949895
Train loss: 0.43848167500378565 Val loss: 0.22132498711331705 Time: 0.4385445000079926
Train loss: 0.44401455859479544 Val loss: 0.20604553803357392 Time: 0.4395753999997396
Train loss: 0.43459030679848887 Val loss: 0.2165752328220607 Time: 0.43557739999960177
Train loss: 0.43410552113694756 Val loss: 0.2076398464402439 Time: 0.4376304000033997
Train loss: 0.42531322436331487 Val loss: 0.21724325151284143 Time: 0.47722250000515487
Train loss: 0.4294309487887631 Val loss: 0.20461310924888784 Time: 0.4329495999991195
Train loss: 0.41228785124699474 Val loss: 0.24222235811589174 Time: 0.4877933999960078
Train loss: 0.5110516634282192 Val loss: 0.21540918982590662 Time: 0.4553021999890916
Train loss: 0.45858296131160614 Val loss: 0.2487085987469942 Time: 0.43521769999642856
Train loss: 0.4977657788836476 Val loss: 0.21228653724743227 Time: 0.4357555000024149
Train loss: 0.42031593981317883 Val loss: 0.21055288703767452 Time: 0.4395596999966074
Train loss: 0.41393029403446224 Val loss: 0.24349430260520832 Time: 0.43114080000668764
Train loss: 0.42636338755730563 Val loss: 0.21826917819904232 Time: 0.43330580000474583
Train loss: 0.4200949590011973 Val loss: 0.21355259007282193 Time: 0.4361248000059277
Train loss: 0.4567736102203739 Val loss: 0.2758171222671706 Time: 0.433782499996596
Train loss: 0.5499798793623043 Val loss: 0.21490168150774158 Time: 0.4296411999966949
Shrinking learning rate to 1e-05
Train loss: 0.5633903082895237 Val loss: 0.23363970625359323 Time: 0.43430750000698026
Train loss: 0.48420387990668345 Val loss: 0.2326588418429878 Time: 0.4296996000048239
Train loss: 0.4619591290983358 Val loss: 0.23327116752915406 Time: 0.4354048000095645
Train loss: 0.4457816901010858 Val loss: 0.23389796246063982 Time: 0.43144610000308603
Train loss: 0.4329214787870477 Val loss: 0.2345220867782223 Time: 0.4369542000058573
Train loss: 0.42287765214038964 Val loss: 0.23507053264779856 Time: 0.432434899994405
Train loss: 0.4147203485846376 Val loss: 0.2355372906320567 Time: 0.435055400012061
Train loss: 0.4078328983406454 Val loss: 0.23589396253158318 Time: 0.435956500004977
Train loss: 0.40232074326502243 Val loss: 0.23630418009222148 Time: 0.43122670000593644
Train loss: 0.3974928012081165 Val loss: 0.23666793123565835 Time: 0.4324419000040507
Train loss: 0.3936113055704997 Val loss: 0.23680087690543414 Time: 0.43524730000353884
Train loss: 0.3901081713621224 Val loss: 0.23678812394369225 Time: 0.43395479999890085
Train loss: 0.3870868237385352 Val loss: 0.23664314789736024 Time: 0.4348294000083115
Train loss: 0.38477521184045305 Val loss: 0.236433072667209 Time: 0.4411110999935772
Train loss: 0.38228302883423027 Val loss: 0.2363968814032052 Time: 0.43905490000906866
Train loss: 0.3805831401043491 Val loss: 0.2362524598781191 Time: 0.43683900000178255
Train loss: 0.37866249210066294 Val loss: 0.23605714290180513 Time: 0.4443156000052113
Train loss: 0.37731895240771607 Val loss: 0.23575643602280638 Time: 0.43279189999157097
Train loss: 0.3757732083598242 Val loss: 0.23571790834257852 Time: 0.4386136999964947
Train loss: 0.37456846266087807 Val loss: 0.23546110160091804 Time: 0.43898049999552313
Train loss: 0.37326221167156093 Val loss: 0.23536327432024393 Time: 0.4375795000087237
Train loss: 0.3721362953391094 Val loss: 0.23517665622865386 Time: 0.44742470000346657
Train loss: 0.371209123898959 Val loss: 0.23516316918123528 Time: 0.4442214000009699
Train loss: 0.37000581498323126 Val loss: 0.23494862303991057 Time: 0.4367082999960985
Train loss: 0.3692889492561804 Val loss: 0.23478243004615948 Time: 0.4555207999947015
Train loss: 0.3682514561767114 Val loss: 0.23473287543272162 Time: 0.4756442999932915
Train loss: 0.3673567153867481 Val loss: 0.2345132374631111 Time: 0.43581939999421593
Train loss: 0.3668632666688474 Val loss: 0.23454973738722598 Time: 0.4366072999982862
Train loss: 0.36593660433200625 Val loss: 0.23449421121582015 Time: 0.4408613999985391
Train loss: 0.365218274031605 Val loss: 0.23426516679107276 Time: 0.43362640000123065
Train loss: 0.36452876248149835 Val loss: 0.2341330155239989 Time: 0.43844899999385234
Train loss: 0.3638643401285151 Val loss: 0.23422043789617655 Time: 0.4711457999947015
Train loss: 0.363272385079231 Val loss: 0.23408794331508478 Time: 0.4373849999974482
Train loss: 0.3625818533767191 Val loss: 0.2338290600740579 Time: 0.43728499999269843
Train loss: 0.36193192908830185 Val loss: 0.23390207263601165 Time: 0.46352699999988545
Train loss: 0.3614117953345639 Val loss: 0.23374311259071515 Time: 0.4297180000139633
Train loss: 0.3606679380415527 Val loss: 0.23345595977589023 Time: 0.4380801999941468
Train loss: 0.3601000771550673 Val loss: 0.23364017618081268 Time: 0.4313263999938499
Train loss: 0.35954592397287755 Val loss: 0.2334210521759682 Time: 0.43437819999235217
Train loss: 0.35907148150430146 Val loss: 0.23337398731492265 Time: 0.4352263999899151
Complete
 Total time: 111.11930759999086