starting log for model: C:\Users\christopher.johnson\Documents\GitHub\flu\rnn_usa.pth
Train loss: 12.447900067253556 Val loss: 1.8822484578291778 Time: 0.535361299989745
Train loss: 8.022528904293747 Val loss: 2.3763154407206457 Time: 0.5103935999795794
Train loss: 6.368953658806998 Val loss: 0.9468350452516461 Time: 0.5345402000239119
Train loss: 5.23946884071664 Val loss: 0.9335815418162383 Time: 0.47627310000825673
Train loss: 5.235113123436605 Val loss: 0.5042459042175693 Time: 0.47617799998261034
Train loss: 5.755302455084559 Val loss: 0.8340946737551693 Time: 0.4779309000587091
Train loss: 5.349115666538935 Val loss: 1.0225083365439787 Time: 0.46751340001355857
Train loss: 4.810072568526841 Val loss: 0.5254283985705115 Time: 0.4791638000169769
Train loss: 3.7581805907893973 Val loss: 0.5689583090133965 Time: 0.48322550009470433
Train loss: 3.9086948562155666 Val loss: 0.8028395094443113 Time: 0.47018579998984933
Train loss: 4.5370762501098625 Val loss: 0.643735772744094 Time: 0.4778227999340743
Train loss: 3.991708558985895 Val loss: 0.5138799194764943 Time: 0.4905525000067428
Train loss: 4.45037666388739 Val loss: 0.5312514698307496 Time: 0.47220800002105534
Train loss: 4.200610701296964 Val loss: 0.5147730251010216 Time: 0.4729536999948323
Train loss: 3.3650806608799764 Val loss: 0.6291274290415458 Time: 0.4812933999346569
Train loss: 3.59824332385966 Val loss: 0.6752397063100943 Time: 0.46181250002700835
Train loss: 3.4033879319231874 Val loss: 0.9483336799312383 Time: 0.5106259000021964
Train loss: 3.7600594186876872 Val loss: 1.286723922501551 Time: 0.4625683999620378
Train loss: 3.197078690358797 Val loss: 0.7692418071528664 Time: 0.4770077000139281
Train loss: 2.987361799790615 Val loss: 0.7400091847484873 Time: 0.4716253000078723
Train loss: 3.1728469224843856 Val loss: 0.8635620489076246 Time: 0.4624805999919772
Train loss: 3.3117953783665004 Val loss: 0.7456948100716545 Time: 0.4661777999717742
Train loss: 3.0817604024675265 Val loss: 0.6066921546498634 Time: 0.46592720004264265
Train loss: 2.8227437303681144 Val loss: 0.5292051790880237 Time: 0.46397819998674095
Train loss: 3.1156091217423647 Val loss: 1.2423441708815517 Time: 0.4643403000663966
Train loss: 2.3735263674354092 Val loss: 0.9683261202771973 Time: 0.45217840000987053
Train loss: 2.5361531205954084 Val loss: 0.8594991837453563 Time: 0.45769309997558594
Train loss: 2.7063866267244716 Val loss: 0.7379418015116244 Time: 0.46541089995298535
Train loss: 2.688122541011564 Val loss: 1.3288640625630705 Time: 0.4775928999297321
Train loss: 2.5888533747795375 Val loss: 1.0086745788430562 Time: 0.4650802999967709
Train loss: 1.8824733266369043 Val loss: 0.7000162242547958 Time: 0.47168789990246296
Train loss: 2.8592642214939863 Val loss: 1.1882205767615233 Time: 0.4666391999926418
Train loss: 2.5334633647973543 Val loss: 1.312931106904216 Time: 0.4795998999616131
Train loss: 2.1238710819676765 Val loss: 0.683436693449039 Time: 0.4661682000150904
Train loss: 2.6761798074399366 Val loss: 1.7470882814741344 Time: 0.5018984000198543
Train loss: 2.2797596906318187 Val loss: 0.812532829499105 Time: 0.5055875999387354
Train loss: 3.18982700819397 Val loss: 1.4317900366970662 Time: 0.46164849994238466
Train loss: 3.0684748276207614 Val loss: 0.7266185852058697 Time: 0.46367730002384633
Train loss: 2.6100485782376497 Val loss: 0.6588838570169173 Time: 0.4621870999690145
Train loss: 2.5542145758424795 Val loss: 1.579630565829575 Time: 0.465708400006406
Shrinking learning rate to 0.0001
Train loss: 2.817719094152904 Val loss: 0.936753764282912 Time: 0.45728249999228865
Train loss: 2.4207433131423914 Val loss: 1.0006558487657458 Time: 0.445529600023292
Train loss: 2.3481430447388636 Val loss: 1.0081539913080633 Time: 0.44802169990725815
Train loss: 2.184665659865784 Val loss: 1.0009878393029794 Time: 0.4641803000122309
Train loss: 2.041943107531427 Val loss: 0.9849333725869656 Time: 0.45454760000575334
Train loss: 2.0382329645911135 Val loss: 0.9591541744302958 Time: 0.4573938000248745
Train loss: 1.9931381093619978 Val loss: 0.9483916300814599 Time: 0.45884259999729693
Train loss: 1.9300628574051526 Val loss: 0.9378895689733326 Time: 0.4474144000560045
Train loss: 1.7496873297118185 Val loss: 0.9230953662190586 Time: 0.45046159997582436
Train loss: 1.827557006834395 Val loss: 0.9081109585240483 Time: 0.46296710008755326
Train loss: 2.0599370567824216 Val loss: 0.9000158733688295 Time: 0.4620164999505505
Train loss: 1.7812553029681033 Val loss: 0.9218303561210632 Time: 0.4660581999924034
Train loss: 1.6941153582459663 Val loss: 0.9219611627049744 Time: 0.44662840000819415
Train loss: 1.8438231721151999 Val loss: 0.922658521682024 Time: 0.4590862001059577
Train loss: 1.7341905074777808 Val loss: 0.8876664973795414 Time: 0.4548842000076547
Train loss: 1.6095562987365715 Val loss: 0.857364613097161 Time: 0.4618231999920681
Train loss: 1.5132499515655429 Val loss: 0.8675337163731456 Time: 0.46524170006159693
Train loss: 1.6235466158175411 Val loss: 0.8795950948260725 Time: 0.4533319000620395
Train loss: 1.4340677653927973 Val loss: 0.8882186189293861 Time: 0.4501161999069154
Train loss: 1.506021237088713 Val loss: 0.8734038714319468 Time: 0.4511798999737948
Train loss: 1.4096316834274276 Val loss: 0.8640949297696352 Time: 0.45448870002292097
Train loss: 1.776307275576977 Val loss: 0.8847325402311981 Time: 0.45678180002141744
Train loss: 1.6710827447056795 Val loss: 0.8707349845208228 Time: 0.45202989992685616
Train loss: 1.469997816820011 Val loss: 0.9044571616686881 Time: 0.45233150001149625
Train loss: 1.4438427426884335 Val loss: 0.893083356320858 Time: 0.46998580009676516
Train loss: 1.4049941205104988 Val loss: 0.9027584344148636 Time: 0.4603680999716744
Train loss: 1.372744625239553 Val loss: 0.9028546749614179 Time: 0.4480342000024393
Train loss: 1.3843003824563636 Val loss: 0.9096694346517324 Time: 0.4501017000293359
Train loss: 1.4385347865291447 Val loss: 0.882269601104781 Time: 0.45614210003986955
Train loss: 1.2716965593849348 Val loss: 0.9016888942569494 Time: 0.46971460001077503
Train loss: 1.3809402790623573 Val loss: 0.9273575672414154 Time: 0.45321049995254725
Train loss: 1.2654711292127017 Val loss: 0.9177987957373261 Time: 0.46183990000281483
Train loss: 1.490311572034427 Val loss: 0.9606206121388823 Time: 0.45798619999550283
Train loss: 1.2382878230113068 Val loss: 0.9304262828081846 Time: 0.45588929997757077
Train loss: 1.4268618080408104 Val loss: 0.8830098513280973 Time: 0.44807799998670816
Train loss: 1.1959022065616338 Val loss: 0.9267420531250536 Time: 0.45786590001080185
Train loss: 1.1848657692913385 Val loss: 0.9514272941742092 Time: 0.4553612999152392
Train loss: 1.2012587388346796 Val loss: 0.9476457391865551 Time: 0.4550650999881327
Train loss: 1.1598081628849635 Val loss: 0.9605833059176803 Time: 0.4530123999575153
Train loss: 1.1717080393937507 Val loss: 0.9652623670408502 Time: 0.4499163000145927
Train loss: 1.148683530191319 Val loss: 0.9465749068185687 Time: 0.45699959993362427
Train loss: 1.3902304990601824 Val loss: 0.972859580651857 Time: 0.45328770007472485
Train loss: 1.222082303005155 Val loss: 0.9718752191402018 Time: 0.45532800001092255
Train loss: 1.133809041277615 Val loss: 0.9860372683033347 Time: 0.45325939997565
Train loss: 1.3024305596558783 Val loss: 0.9299076272873208 Time: 0.4459070999873802
Train loss: 1.2647627254323026 Val loss: 0.9421866250922903 Time: 0.4464358000550419
Train loss: 1.2841235461742322 Val loss: 0.9626280562952161 Time: 0.4459644000744447
Train loss: 1.1250261230278715 Val loss: 0.965358620043844 Time: 0.44661129999440163
Train loss: 1.1077113412500401 Val loss: 1.000042327446863 Time: 0.5449085000436753
Train loss: 1.1092653613694652 Val loss: 1.0043274335330352 Time: 0.5402945999521762
Train loss: 1.0508793859741914 Val loss: 1.0046742255799472 Time: 0.48829100001603365
Train loss: 1.0796434680739417 Val loss: 1.027951667434536 Time: 0.44381950004026294
Train loss: 1.2552488864340976 Val loss: 1.024486931040883 Time: 0.4462356000440195
Train loss: 1.1354052080769996 Val loss: 1.0093338710721582 Time: 0.4512741999933496
Train loss: 1.027993708322743 Val loss: 1.0090755152050406 Time: 0.452823199913837
Train loss: 1.02242769251974 Val loss: 1.0305377845652401 Time: 0.4470352000789717
Train loss: 1.1519263727814568 Val loss: 1.0225125026190653 Time: 0.4707963999826461
Train loss: 1.2592574275596782 Val loss: 0.992460944224149 Time: 0.5090042999945581
Train loss: 1.0021854360108513 Val loss: 1.038658530684188 Time: 0.5155015999916941
Train loss: 1.0288979063821841 Val loss: 1.0437131929211318 Time: 0.4647210999391973
Train loss: 1.1624301493093776 Val loss: 1.0381467180559412 Time: 0.47822049993555993
Train loss: 1.1443173048104889 Val loss: 1.0365159837529063 Time: 0.510415600030683
Train loss: 1.0083792745872917 Val loss: 1.0523983775638044 Time: 0.4570551000069827
Train loss: 1.0338026314957693 Val loss: 1.0407775492640212 Time: 0.45191559998784214
Train loss: 1.1207180036199702 Val loss: 1.0479903048835695 Time: 0.5234623000724241
Train loss: 1.0477879357813986 Val loss: 1.042932879179716 Time: 0.47709299996495247
Train loss: 1.0879374035087075 Val loss: 1.071061632130295 Time: 0.4815912999911234
Train loss: 0.9725990432213416 Val loss: 1.061965540284291 Time: 0.5773250999627635
Train loss: 1.121500981791697 Val loss: 1.0674563130596653 Time: 0.5553888999857008
Train loss: 1.0067228226241278 Val loss: 1.0832141977734864 Time: 0.5693591999588534
Train loss: 1.090914995289574 Val loss: 1.0940284172538668 Time: 0.5150555999716744
Train loss: 1.0829390852368004 Val loss: 1.073211255366914 Time: 0.5431793000316247
Train loss: 1.0655154527029338 Val loss: 1.1113046585815027 Time: 0.5187275001080707
Train loss: 1.1074982030334601 Val loss: 1.0748602007515728 Time: 0.5324151000240818
Train loss: 0.944943613602093 Val loss: 1.1023171164561063 Time: 0.5175788999767974
Train loss: 1.034267056878555 Val loss: 1.1230082098627463 Time: 0.5071335000684485
Train loss: 0.9528948040162675 Val loss: 1.1182641497580335 Time: 0.4964414000278339
Train loss: 0.9988850052630429 Val loss: 1.0751925916410983 Time: 0.5425259999465197
Train loss: 1.1368670342464329 Val loss: 1.0989847676828504 Time: 0.4728571999585256
Train loss: 1.1183609895026656 Val loss: 1.0792823291849345 Time: 0.47029339999426156
Train loss: 0.880271852315226 Val loss: 1.0774225040804595 Time: 0.5159659000346437
Train loss: 1.204935950874631 Val loss: 1.0358892678341363 Time: 0.49281650001648813
Train loss: 0.9872930073197836 Val loss: 1.08963616786059 Time: 0.4911061000311747
Train loss: 0.9345300288001113 Val loss: 1.1440822735894471 Time: 0.49003900005482137
Train loss: 1.109561631330131 Val loss: 1.0543359671137296 Time: 0.48397729999851435
Train loss: 1.0442109100469734 Val loss: 1.160751471616095 Time: 0.4640797000611201
Train loss: 1.0428627830585606 Val loss: 1.1877770909923129 Time: 0.4866148999426514
Train loss: 0.9073111977594216 Val loss: 1.1392921124352142 Time: 0.5365152000449598
Train loss: 0.9806577759843549 Val loss: 1.1114064977782618 Time: 0.5234727000351995
Train loss: 1.0172650841305724 Val loss: 1.1466124971557292 Time: 0.5036728999111801
Shrinking learning rate to 1e-05
Train loss: 0.8474397924944471 Val loss: 1.0746502139372751 Time: 0.5277734999544919
Train loss: 0.9687243281657132 Val loss: 1.0730270312633365 Time: 0.5408062000060454
Train loss: 0.9802330386452249 Val loss: 1.07520240789745 Time: 0.5179321999894455
Train loss: 1.0626196159257644 Val loss: 1.0788189566228539 Time: 0.5039420999819413
Train loss: 0.927730541783155 Val loss: 1.0792932596523315 Time: 0.4835177999921143
Train loss: 1.0202996044918735 Val loss: 1.0785185671411455 Time: 0.4850709999445826
Train loss: 1.2026153348454822 Val loss: 1.0849474149290472 Time: 0.5072941998951137
Train loss: 0.8637440206416613 Val loss: 1.080859123962 Time: 0.5028534999582916
Train loss: 0.9251129155663866 Val loss: 1.0826044989516959 Time: 0.5033009999897331
Train loss: 0.9221567436507556 Val loss: 1.0834703961154446 Time: 0.6418283000821248
Shrinking learning rate to 1.0000000000000002e-06
Train loss: 0.8198106091675954 Val loss: 1.07423516002018 Time: 0.6343505999539047
Train loss: 0.9587485899080002 Val loss: 1.0733493582811207 Time: 0.5802920999703929
Train loss: 0.8813353272073536 Val loss: 1.0726822969736531 Time: 0.5387713999953121
Train loss: 0.8960310876543272 Val loss: 1.0720395258395001 Time: 0.5588648000266403
Train loss: 1.0441257942826745 Val loss: 1.0718909123679623 Time: 0.5532266000518575
Train loss: 1.1266921082874786 Val loss: 1.071621441631578 Time: 0.5109501000260934
Train loss: 0.8544186622333614 Val loss: 1.0716249252436683 Time: 0.48440330009907484
Train loss: 1.150858410151895 Val loss: 1.0718245749594644 Time: 0.4714464000426233
Train loss: 1.0373138614423425 Val loss: 1.0726242375094444 Time: 0.47294369991868734
Train loss: 0.9291732275040181 Val loss: 1.0725351700093597 Time: 0.5076837000669912
Shrinking learning rate to 1.0000000000000002e-07
Learning rate getting small
Complete
 Total time: 72.60392490006052