starting log for model: C:\Users\christopher.johnson\Documents\GitHub\flu\rnn_drop_wusa.pth
Train loss: 15.219197715236987 Val loss: 2.2914466772881497 Time: 0.8424637999851257
Train loss: 14.510039164748882 Val loss: 2.3180276766497627 Time: 0.7483014001045376
Train loss: 13.601234888919883 Val loss: 2.2311884639748314 Time: 0.7245905000017956
Train loss: 10.494733838925427 Val loss: 1.5817405486595817 Time: 0.7554228999651968
Train loss: 7.46676618280695 Val loss: 1.3592314299894497 Time: 0.7483401999343187
Train loss: 6.410889981510281 Val loss: 1.252417045798211 Time: 0.7640585999470204
Train loss: 5.905759317745982 Val loss: 1.141683994737832 Time: 0.740024899947457
Train loss: 5.791875123408007 Val loss: 1.1049538745573955 Time: 0.7407274000579491
Train loss: 5.291780929288879 Val loss: 1.0809773824876174 Time: 0.7733425999758765
Train loss: 5.283232456108012 Val loss: 1.052782036276767 Time: 0.7443422999931499
Train loss: 4.559727843144203 Val loss: 0.9457903141737916 Time: 0.722097699996084
Train loss: 4.523197979728561 Val loss: 1.0006118724122643 Time: 0.8183707999996841
Train loss: 4.307900863833153 Val loss: 0.9449260272740503 Time: 0.7581164999864995
Train loss: 4.028707615201288 Val loss: 0.8795439263922162 Time: 0.7578073999611661
Train loss: 3.619101622767698 Val loss: 0.8641219805576839 Time: 0.7432292000157759
Train loss: 3.663184471320256 Val loss: 0.9239603398018517 Time: 0.7314930000575259
Train loss: 3.3335965384799593 Val loss: 0.9551651875372045 Time: 0.7449456000467762
Train loss: 3.0793334553356315 Val loss: 0.8957299789690296 Time: 0.7538133999332786
Train loss: 3.104734307729859 Val loss: 0.8896555161336437 Time: 0.7488085000077263
Train loss: 2.8387960975439235 Val loss: 0.8236912785796449 Time: 0.7272956999950111
Train loss: 2.835988836271074 Val loss: 0.8764333505823743 Time: 0.8391232999274507
Train loss: 2.575621107664638 Val loss: 0.7777195622911677 Time: 0.7439065999351442
Train loss: 2.3813534462714334 Val loss: 0.7580572888837196 Time: 0.7585027000168338
Train loss: 2.485545504144442 Val loss: 0.7799986424070084 Time: 0.753296000068076
Train loss: 2.659120395407605 Val loss: 0.7096518510370515 Time: 0.7726492000510916
Train loss: 2.4608573554692033 Val loss: 0.7907675574533641 Time: 0.741420799982734
Train loss: 2.614722686087216 Val loss: 0.6973972300183959 Time: 0.7545019000535831
Train loss: 2.268518099038078 Val loss: 0.6860562857182231 Time: 0.7749905000673607
Train loss: 2.051387828325437 Val loss: 0.6271120502897247 Time: 0.7127185999415815
Train loss: 2.0769584723519934 Val loss: 0.5722631190774905 Time: 0.7362057999707758
Train loss: 1.9618676927439966 Val loss: 0.6297433567742701 Time: 0.7009462000569329
Train loss: 1.9739848274425578 Val loss: 0.637965315657766 Time: 0.7655938999960199
Train loss: 1.608092272135973 Val loss: 0.6264312925341073 Time: 0.7122469999594614
Train loss: 1.650623530064911 Val loss: 0.5792761868651723 Time: 0.7224997000303119
Train loss: 1.590026819936222 Val loss: 0.5573681070620751 Time: 0.7120421000290662
Train loss: 1.8552463363848068 Val loss: 0.5686959764426636 Time: 0.7453870999161154
Train loss: 1.728743608695448 Val loss: 0.5522282262347744 Time: 0.7481954999966547
Train loss: 1.522427853764365 Val loss: 0.5744103003307828 Time: 0.7010963999200612
Train loss: 1.5737284949399162 Val loss: 0.5700141094993114 Time: 0.7298492999980226
Train loss: 1.4459804456683811 Val loss: 0.5433759949587511 Time: 0.7255550000118092
Train loss: 1.3285842195216486 Val loss: 0.5561356490203908 Time: 0.7247828000690788
Train loss: 1.1454989267568185 Val loss: 0.5478510766732825 Time: 0.7373957999516279
Train loss: 1.2604924795582206 Val loss: 0.5367748515770359 Time: 0.7040657000616193
Train loss: 1.272579500785051 Val loss: 0.5708671226509523 Time: 0.7360252999933437
Train loss: 1.266684647217698 Val loss: 0.4779228410898213 Time: 0.7391895999899134
Train loss: 1.0974323910957449 Val loss: 0.5073552933063183 Time: 0.7683853000635281
Train loss: 1.1569272659608245 Val loss: 0.5660558367743818 Time: 0.7651812999974936
Train loss: 1.2444552869634047 Val loss: 0.4781409987311065 Time: 1.0351082000415772
Train loss: 1.1595917128868192 Val loss: 0.7806320865638554 Time: 0.9237352999625728
Train loss: 1.1581149447392178 Val loss: 0.5645667664496568 Time: 0.716470199986361
Train loss: 0.925866549359903 Val loss: 0.6195354514802602 Time: 0.6840075999498367
Train loss: 0.8374309681727959 Val loss: 0.48226431882721954 Time: 0.6891308000776917
Train loss: 0.9346665909315595 Val loss: 0.6511010504261776 Time: 0.6778373999986798
Train loss: 0.8177839120700154 Val loss: 0.6505196151774726 Time: 0.6696907000150532
Train loss: 0.970929800911507 Val loss: 0.5167899934749585 Time: 0.666228299960494
Train loss: 0.9187454588007018 Val loss: 0.5534803145483238 Time: 0.6835036999545991
Train loss: 0.9998779197753205 Val loss: 0.6334658660489367 Time: 0.7069955000188202
Train loss: 0.9020421909376899 Val loss: 0.5718647534959018 Time: 0.6792374999495223
Train loss: 0.718545074300023 Val loss: 0.49523218638296385 Time: 0.6894534000894055
Train loss: 0.616803255410749 Val loss: 0.5302770718735701 Time: 0.6680734000401571
Train loss: 0.8210493175698559 Val loss: 0.5012682713522736 Time: 0.6840219999430701
Train loss: 0.6564992546782793 Val loss: 0.42333026790572603 Time: 0.6757633000379428
Train loss: 0.9638248404033098 Val loss: 0.4996447933699528 Time: 0.6859287000261247
Train loss: 0.636505556729646 Val loss: 0.35092329096846697 Time: 0.6827481999062002
Train loss: 0.6724518428183697 Val loss: 0.5873492588237923 Time: 0.6703776000067592
Train loss: 0.6466584656094803 Val loss: 0.49739735759067116 Time: 0.659626999986358
Train loss: 0.638382906075815 Val loss: 0.45915733982110396 Time: 0.679504600004293
Train loss: 0.6572967614930132 Val loss: 0.620402542916545 Time: 0.6661230999743566
Train loss: 0.8512339627929602 Val loss: 0.4725863578096323 Time: 0.6651332000037655
Shrinking learning rate to 1e-05
Train loss: 0.893768402014768 Val loss: 0.5121959982352564 Time: 0.6335001999977976
Train loss: 0.8131985209514347 Val loss: 0.5147296386849121 Time: 0.658295699977316
Train loss: 0.795286944420537 Val loss: 0.5144213950345602 Time: 0.6371677999850363
Train loss: 0.590628699706838 Val loss: 0.5206896506251724 Time: 0.6530991999898106
Train loss: 0.8007639620389297 Val loss: 0.5246708636350377 Time: 0.6559744999976829
Train loss: 0.6900588517323596 Val loss: 0.5261773756628827 Time: 0.6426375999581069
Train loss: 0.6413775233487491 Val loss: 0.5371157112112996 Time: 0.646544500021264
Train loss: 0.6028482424426134 Val loss: 0.5297707745030493 Time: 0.6440739999525249
Train loss: 0.6108287583148796 Val loss: 0.5312820875396937 Time: 0.6518152999924496
Train loss: 0.5775287025332643 Val loss: 0.5297864448493783 Time: 0.654750999994576
Train loss: 0.6696918401406673 Val loss: 0.5256486856524134 Time: 0.6359384999377653
Train loss: 0.5402017104616064 Val loss: 0.5392829316206189 Time: 0.6513604000210762
Train loss: 0.541000319336848 Val loss: 0.5496811676035236 Time: 0.64296879991889
Train loss: 0.6287385636797653 Val loss: 0.5442898718301876 Time: 0.6485918000107631
Train loss: 0.5515527143942641 Val loss: 0.5423409274408186 Time: 0.6535270999884233
Train loss: 0.6313116254087028 Val loss: 0.532691931914087 Time: 0.6316036999924108
Train loss: 0.559568368368935 Val loss: 0.5303648073731893 Time: 0.6517900999169797
Train loss: 0.4682912141342827 Val loss: 0.5284237086834764 Time: 0.6604800000786781
Train loss: 0.67544072812293 Val loss: 0.5295290741996723 Time: 0.6568674000445753
Train loss: 0.581696111147848 Val loss: 0.5277430150817963 Time: 0.6406897999113426
Train loss: 0.6088313692120011 Val loss: 0.5461016376980297 Time: 0.6485777000198141
Train loss: 0.7268660945337655 Val loss: 0.5321298151829978 Time: 0.635681000072509
Train loss: 0.4447186260916084 Val loss: 0.5232353781248094 Time: 0.642426099977456
Train loss: 0.47676203306601717 Val loss: 0.5370365593394695 Time: 0.6638320999918506
Train loss: 0.6147406672055802 Val loss: 0.5283811482067904 Time: 0.6372169000096619
Train loss: 0.4682814000757668 Val loss: 0.52398866157273 Time: 0.6578137999167666
Train loss: 0.5713751452267815 Val loss: 0.5191637624666328 Time: 0.6404195000650361
Train loss: 0.7396637790036842 Val loss: 0.518889189703259 Time: 0.6492704999400303
Train loss: 0.5946683752506267 Val loss: 0.5101952371824154 Time: 0.6724766000406817
Train loss: 0.5035088970608361 Val loss: 0.5262840234729538 Time: 0.636938099982217
Train loss: 0.5875517169438234 Val loss: 0.5210410762847459 Time: 0.6402843000832945
Train loss: 0.556484725021634 Val loss: 0.520916161473906 Time: 0.6331020999932662
Shrinking learning rate to 1.0000000000000002e-06
Train loss: 0.5844843230093422 Val loss: 0.5251546644221889 Time: 0.6440750999609008
Train loss: 0.7167469507569613 Val loss: 0.5240616909559321 Time: 0.6446422999724746
Train loss: 0.590420518848441 Val loss: 0.5245075457469284 Time: 0.6340959999943152
Train loss: 0.5044075482437117 Val loss: 0.5256936485293409 Time: 0.634168199962005
Train loss: 0.43461153648870643 Val loss: 0.5249616377159327 Time: 0.6308559000026435
Train loss: 0.5855687390546345 Val loss: 0.524971601253128 Time: 0.663256400031969
Train loss: 0.6391192659357493 Val loss: 0.5272092257991972 Time: 0.6480928000528365
Train loss: 0.5716918333497429 Val loss: 0.5288239032433921 Time: 0.6434963999781758
Train loss: 0.49849648075350794 Val loss: 0.5292950294488037 Time: 0.655016600037925
Train loss: 0.5658659282148626 Val loss: 0.5274644844957947 Time: 0.6400447000050917
Train loss: 0.5319378429814652 Val loss: 0.5274042321116212 Time: 0.6539667000761256
Train loss: 0.47330061766961373 Val loss: 0.525083488855671 Time: 0.7128782999934629
Train loss: 0.5076373719384315 Val loss: 0.5255576697945799 Time: 0.6327298999531195
Train loss: 0.4579339683818413 Val loss: 0.524457552304284 Time: 0.6408641000743955
Shrinking learning rate to 1.0000000000000002e-07
Learning rate getting small
Complete
 Total time: 80.680758100003