starting log for model: Q:\00- PROJECTS\Flu Forecasts\flu\flu\models\rnn_drop_23-24.pth
Train loss: 1.6447481432333995 Val loss: 0.0 Time: 0.7791876999981469
Train loss: 2.1518866640042096 Val loss: 0.0 Time: 0.8039053999964381
Train loss: 1.8037021994176712 Val loss: 0.0 Time: 0.780688500002725
Train loss: 1.5751220202926248 Val loss: 0.0 Time: 0.7888264000066556
Train loss: 1.4401645790111672 Val loss: 0.0 Time: 1.2307100999896647
Train loss: 1.3649955815167125 Val loss: 0.0 Time: 2.140879099999438
Train loss: 1.3902628994325044 Val loss: 0.0 Time: 1.8154907999996794
Train loss: 1.2781522295228953 Val loss: 0.0 Time: 1.6517679000098724
Train loss: 1.0658344071381691 Val loss: 0.0 Time: 1.6742453999904683
Train loss: 1.1469611489790168 Val loss: 0.0 Time: 1.6346829999965848
Train loss: 0.9905973448136685 Val loss: 0.0 Time: 1.67725700000301
Train loss: 1.1110259889511553 Val loss: 0.0 Time: 1.474868699995568
Train loss: 1.0708035657590074 Val loss: 0.0 Time: 1.4970132000016747
Train loss: 1.0303382276740334 Val loss: 0.0 Time: 1.6332031000056304
Train loss: 0.9950787808742234 Val loss: 0.0 Time: 1.452924700002768
Train loss: 1.0140436736913472 Val loss: 0.0 Time: 1.7430359999998473
Train loss: 1.0303736360969395 Val loss: 0.0 Time: 1.7949268000083975
Train loss: 1.0513972823284803 Val loss: 0.0 Time: 1.4525932999968063
Train loss: 0.9689744457421199 Val loss: 0.0 Time: 1.48568250000244
Train loss: 0.9100591996182175 Val loss: 0.0 Time: 0.7928744000091683
Train loss: 0.7447515939004296 Val loss: 0.0 Time: 0.8127251999976579
Train loss: 1.049061796372376 Val loss: 0.0 Time: 0.731982400000561
Train loss: 0.8992141418155549 Val loss: 0.0 Time: 0.7810731000063242
Train loss: 0.947295367635931 Val loss: 0.0 Time: 0.771095799995237
Train loss: 0.939962709098964 Val loss: 0.0 Time: 0.75236459998996
Train loss: 0.9286421913477874 Val loss: 0.0 Time: 0.764712000003783
Train loss: 0.9403417528237128 Val loss: 0.0 Time: 0.7744896999938646
Train loss: 0.7616385723687529 Val loss: 0.0 Time: 0.7760515000118176
Train loss: 0.9333218167753898 Val loss: 0.0 Time: 0.7683802999963518
Train loss: 0.8510251272694518 Val loss: 0.0 Time: 0.7703491000138456
Shrinking learning rate to 1e-05
Train loss: 0.816503636377746 Val loss: 0.0 Time: 0.8134591999987606
Train loss: 0.8570540859528961 Val loss: 0.0 Time: 0.742054599992116
Train loss: 0.8685312160756036 Val loss: 0.0 Time: 0.7890268999908585
Train loss: 0.8270111924450703 Val loss: 0.0 Time: 0.724956200007
Train loss: 0.8643570688688698 Val loss: 0.0 Time: 0.7557745000085561
Train loss: 0.7505559365688015 Val loss: 0.0 Time: 0.7638157000037609
Train loss: 0.8784561805714617 Val loss: 0.0 Time: 0.8175940999935847
Train loss: 0.7836089348282442 Val loss: 0.0 Time: 0.7524733000027481
Train loss: 0.7463339509417466 Val loss: 0.0 Time: 0.7764606999990065
Train loss: 0.7796854513155731 Val loss: 0.0 Time: 0.7605557000060799
Shrinking learning rate to 1.0000000000000002e-06
Train loss: 0.9236445683178118 Val loss: 0.0 Time: 0.825374499996542
Train loss: 0.938172579490157 Val loss: 0.0 Time: 0.7666467000090051
Train loss: 1.000291439814248 Val loss: 0.0 Time: 0.794706300002872
Train loss: 0.8906809977831651 Val loss: 0.0 Time: 0.7519159000075888
Train loss: 0.9310491442400206 Val loss: 0.0 Time: 0.7557778000045801
Train loss: 0.85013944309636 Val loss: 0.0 Time: 0.7568792000092799
Train loss: 0.8014758582573052 Val loss: 0.0 Time: 0.7956777999934275
Train loss: 0.911642119126507 Val loss: 0.0 Time: 0.7592039000010118
Train loss: 0.8202721190821558 Val loss: 0.0 Time: 0.7552342999988468
Train loss: 0.8795930078225069 Val loss: 0.0 Time: 0.7249611000006553
Shrinking learning rate to 1.0000000000000002e-07
Learning rate getting small
Complete
 Total time: 57.9603269000072