starting log for model: C:\Users\christopher.johnson\Documents\GitHub\flu\rnn_single_drop.pth
Train loss: 9.058159622748367 Val loss: 0.7873381256358698 Time: 0.6085881000617519
Train loss: 5.146856986125412 Val loss: 0.5048326815012842 Time: 0.8089008000679314
Train loss: 5.3611829906857515 Val loss: 0.5379138849693845 Time: 0.6435223000589758
Train loss: 6.158244089196041 Val loss: 0.574920678336639 Time: 0.6579270999645814
Train loss: 3.8741324860379045 Val loss: 0.7964666686020792 Time: 0.6303765999618918
Train loss: 3.9433832721068174 Val loss: 0.8979218158056028 Time: 0.6371810999698937
Train loss: 3.024319147682217 Val loss: 0.5619068844243884 Time: 0.6239087999565527
Train loss: 3.013275375442186 Val loss: 0.7191615272313356 Time: 0.6325043000979349
Train loss: 2.3736283623179038 Val loss: 0.7780116081703454 Time: 0.6311308000003919
Train loss: 2.700969871383407 Val loss: 0.6526987769757397 Time: 0.65417500003241
Train loss: 2.2619554841498015 Val loss: 0.5981295792735182 Time: 0.6583390000741929
Train loss: 1.9355985308205195 Val loss: 1.449405818595551 Time: 0.6502046999521554
Train loss: 1.820199753135988 Val loss: 0.9546761590754613 Time: 0.6654499000869691
Train loss: 1.6745238593446528 Val loss: 0.6306503000669181 Time: 0.7122406999114901
Train loss: 2.1513869070184497 Val loss: 0.843770858598873 Time: 0.7466639999765903
Train loss: 1.995479426974783 Val loss: 1.3501002122138743 Time: 0.6480235999915749
Train loss: 2.7207009422095716 Val loss: 1.2010041608009487 Time: 0.6372119999723509
Train loss: 1.841729353054653 Val loss: 1.1080658815335482 Time: 0.6578224999830127
Train loss: 1.635689310811982 Val loss: 0.5972519372589886 Time: 0.6844951000530273
Train loss: 1.6293933955506605 Val loss: 1.0376318009298302 Time: 0.6613966999575496
Train loss: 3.613855106300849 Val loss: 0.7433592505403794 Time: 0.6846985999727622
Train loss: 2.09961295493202 Val loss: 0.6053082262951648 Time: 0.7000250000273809
Train loss: 2.548247934032426 Val loss: 0.8039916806402516 Time: 0.7216946000698954
Train loss: 2.1364528793047954 Val loss: 0.926406253516916 Time: 0.7017488999990746
Train loss: 1.3322585163354894 Val loss: 0.6404865020886064 Time: 0.6725819999119267
Train loss: 1.7846295046781933 Val loss: 1.1704883231723215 Time: 0.6711956000654027
Train loss: 1.9529830751122805 Val loss: 0.7163092325936304 Time: 0.6695321999723092
Train loss: 1.357460590819759 Val loss: 0.42387711198534817 Time: 0.7055439000250772
Train loss: 1.9857621319316157 Val loss: 0.7544388939859346 Time: 0.6737837999826297
Train loss: 1.7011558343008875 Val loss: 0.7438693567528389 Time: 0.6821479999925941
Train loss: 1.1627333124574686 Val loss: 0.7274422677983239 Time: 0.6941194001119584
Train loss: 1.8002222765648197 Val loss: 1.1238666318531614 Time: 0.6466688000364229
Train loss: 2.08905641208343 Val loss: 1.3018741591849903 Time: 0.6667230000020936
Train loss: 1.5246513693612052 Val loss: 0.7856843053596094 Time: 0.8040939000202343
Train loss: 1.4416843708023246 Val loss: 0.9289839973571361 Time: 0.9466631000395864
Train loss: 1.3394024436208554 Val loss: 0.6541548613395207 Time: 0.9236714000580832
Train loss: 1.05522310813317 Val loss: 0.4048973847529851 Time: 0.7136208999436349
Train loss: 1.527191688157818 Val loss: 0.5070519426371902 Time: 0.7200902999611571
Train loss: 2.810303356022996 Val loss: 0.6200508006149903 Time: 0.7376460999948904
Train loss: 2.2795132045696613 Val loss: 1.345682779334311 Time: 0.7321340000489727
Train loss: 2.786183212762811 Val loss: 0.9799324866471579 Time: 0.6820737000089139
Train loss: 1.099041671591177 Val loss: 0.8195531893725274 Time: 0.7036041999235749
Train loss: 1.2997964907156465 Val loss: 0.7196929156780243 Time: 0.6792820000555366
Train loss: 1.5311195494288117 Val loss: 0.5844909778134024 Time: 0.7007745000300929
Train loss: 0.9702395221404827 Val loss: 0.7563634233083576 Time: 0.7326904000947252
Train loss: 2.328392241368503 Val loss: 1.1200234929274302 Time: 0.6998449999373406
Train loss: 1.9917692771896824 Val loss: 1.082744362320085 Time: 0.7147226000670344
Train loss: 1.9183189413130926 Val loss: 1.1994580306345597 Time: 0.6774227999849245
Train loss: 1.4350552915896237 Val loss: 0.9574839143160716 Time: 0.7245284999953583
Train loss: 1.0769465203283612 Val loss: 0.5675588074227562 Time: 0.6760295999702066
Train loss: 1.3049282004123983 Val loss: 1.0746777175882016 Time: 0.6701148999854922
Train loss: 2.1328789925732865 Val loss: 0.8778504466827144 Time: 0.6853189000394195
Train loss: 1.4181670096442076 Val loss: 1.0201141745783389 Time: 0.7241839000489563
Train loss: 1.7204101502787563 Val loss: 0.8888693978078663 Time: 0.7022855000104755
Shrinking learning rate to 0.0001
Train loss: 2.3554369903780907 Val loss: 0.7393059699388687 Time: 0.6169273999985307
Train loss: 1.344350669527683 Val loss: 0.7629617705388227 Time: 0.5546319000422955
Train loss: 1.1397301536831375 Val loss: 0.7755434980790596 Time: 0.6321661999681965
Train loss: 1.050114774371576 Val loss: 0.8426146499987226 Time: 0.607321499963291
Train loss: 0.9752707645562915 Val loss: 0.8067827225895599 Time: 0.8226709000300616
Train loss: 1.2317101367277279 Val loss: 0.8144716519163921 Time: 0.6680747999344021
Train loss: 0.7012139518174507 Val loss: 0.8086961755761877 Time: 0.7969581000506878
Train loss: 0.9314665134767464 Val loss: 0.8359594083885895 Time: 0.9305172000313178
Train loss: 0.8815645045176302 Val loss: 0.7988777589198435 Time: 0.7151503000641242
Train loss: 0.943762781859709 Val loss: 0.8124147204744077 Time: 0.6475036999909207
Train loss: 0.9117606756930405 Val loss: 0.8449011950615386 Time: 0.6556780999526381
Train loss: 0.845921416370867 Val loss: 0.8520402119780215 Time: 0.6906665000133216
Train loss: 1.155214164497906 Val loss: 0.7909431892185239 Time: 0.6473206999944523
Train loss: 0.812568095535679 Val loss: 0.8170041466655675 Time: 0.64630100002978
Train loss: 0.7014100614950678 Val loss: 0.8060082445445005 Time: 0.6109259000513703
Train loss: 0.8187873339164379 Val loss: 0.7672408886984954 Time: 0.6349721000296995
Shrinking learning rate to 1e-05
Train loss: 1.1322781648809115 Val loss: 0.8153631167660933 Time: 0.6614917000988498
Train loss: 0.8598788391495776 Val loss: 0.8209491412853822 Time: 0.5841510999016464
Train loss: 1.05152484705604 Val loss: 0.8277680169558153 Time: 0.5647502000210807
Train loss: 0.9287003358701851 Val loss: 0.8241616867308039 Time: 0.622283500037156
Train loss: 0.816018407931796 Val loss: 0.8266050184029154 Time: 0.6782219000160694
Train loss: 0.7903126816011103 Val loss: 0.8286385579849593 Time: 0.6138134999200702
Train loss: 0.7782302696867802 Val loss: 0.8288349984795786 Time: 0.6268440000712872
Train loss: 1.0003603388342617 Val loss: 0.8327935914276168 Time: 0.6377792999846861
Train loss: 0.7264322670210248 Val loss: 0.8285077085020021 Time: 0.6088815999682993
Train loss: 0.9609729966110658 Val loss: 0.8257138196495362 Time: 0.6302508000517264
Shrinking learning rate to 1.0000000000000002e-06
Train loss: 0.8483811404270636 Val loss: 0.8091164702491369 Time: 0.654081100015901
Train loss: 0.9248345971751777 Val loss: 0.8096579530683812 Time: 0.5744443999137729
Train loss: 0.9445540899691893 Val loss: 0.8107803475577384 Time: 0.6299679999938235
Train loss: 0.948924009361783 Val loss: 0.8117060527438298 Time: 0.6314868999179453
Train loss: 0.910597188245184 Val loss: 0.8122832126391586 Time: 0.5689681000076234
Train loss: 0.9858805102810461 Val loss: 0.812940132454969 Time: 0.6333224999252707
Train loss: 0.9772079840223915 Val loss: 0.8136393548629712 Time: 0.7026640999829397
Train loss: 0.8500521457609409 Val loss: 0.8144643380364869 Time: 0.6371406000107527
Train loss: 0.9895696992053995 Val loss: 0.8150915568112396 Time: 0.6124538000440225
Train loss: 0.9768490578805329 Val loss: 0.8152020093984902 Time: 0.623014299897477
Shrinking learning rate to 1.0000000000000002e-07
Learning rate getting small
Complete
 Total time: 61.001504299929366