starting log for model: C:\Users\christopher.johnson\Documents\GitHub\flu\rnn_drop_2019.pth
Train loss: 12.290370331489726 Val loss: 0.41845395670907237 Time: 0.5169772999361157
Train loss: 11.15421690378082 Val loss: 0.35366842383518815 Time: 0.5545686999103054
Train loss: 8.975318886208242 Val loss: 0.2914801553124562 Time: 0.5888149000238627
Train loss: 6.927197376629664 Val loss: 0.37157971190663375 Time: 0.6165296999970451
Train loss: 6.0772889534989645 Val loss: 0.385431995546746 Time: 0.5158222999889404
Train loss: 5.469345830843643 Val loss: 0.49950718035324826 Time: 0.6182647000532597
Train loss: 4.9381650115664355 Val loss: 0.5115067270371583 Time: 0.5120472999988124
Train loss: 4.928500353331424 Val loss: 0.6070579359570729 Time: 0.47107989992946386
Train loss: 4.323475135185319 Val loss: 0.6920139150533942 Time: 0.48921200004406273
Train loss: 4.222289037469068 Val loss: 0.8305478760922824 Time: 0.46894669998437166
Train loss: 3.9944327753170477 Val loss: 0.8293912327679891 Time: 0.5576490999665111
Train loss: 3.550475685881887 Val loss: 0.8916100132669271 Time: 0.49267259996850044
Train loss: 3.364881571053182 Val loss: 1.0972836223418572 Time: 0.5272935000248253
Train loss: 3.0866296566712705 Val loss: 1.231019583059588 Time: 0.47892300004605204
Train loss: 2.966354263775152 Val loss: 1.1434738024637454 Time: 0.5279812000226229
Train loss: 2.748946581119978 Val loss: 1.3560967457844981 Time: 0.4996917999815196
Train loss: 2.590309750014605 Val loss: 1.2370504636496662 Time: 0.49533980002161115
Train loss: 2.620884277628763 Val loss: 1.3129335855739654 Time: 0.49687539995647967
Train loss: 2.3490293349762936 Val loss: 1.2538845672933263 Time: 0.5078316000290215
Train loss: 2.165742720792565 Val loss: 1.2410612278866324 Time: 0.4752623999956995
Train loss: 2.2779082281418335 Val loss: 1.1098438740263958 Time: 0.4907007000874728
Train loss: 1.8332309515692269 Val loss: 1.3533569692290257 Time: 0.47267839999403805
Train loss: 2.0696803935273422 Val loss: 1.297683163749383 Time: 0.49407760007306933
Train loss: 2.2027819292972293 Val loss: 1.3020798234663582 Time: 0.49147830007132143
Train loss: 1.9054240483072173 Val loss: 1.2945066429801955 Time: 0.4801777999382466
Train loss: 2.0184825228380237 Val loss: 1.3693693385627057 Time: 0.49264780001249164
Train loss: 1.7357147513405717 Val loss: 1.3606768444878914 Time: 0.49430819996632636
Train loss: 1.9297435651211656 Val loss: 1.3639449273962754 Time: 0.49440289998892695
Train loss: 1.674078658919433 Val loss: 1.5057840996778395 Time: 0.48313800001051277
Train loss: 1.5827709629307647 Val loss: 1.4083690057532294 Time: 0.5566604998894036
Train loss: 1.6921739617727742 Val loss: 1.4151669126360957 Time: 0.4696716000325978
Train loss: 1.7308223973556183 Val loss: 1.3825484993455008 Time: 0.4699190000537783
Train loss: 1.6403014626681163 Val loss: 1.5066369546880196 Time: 0.49209220008924603
Train loss: 1.6667454114970184 Val loss: 1.463736707337148 Time: 0.49706820002757013
Train loss: 1.4164915974735515 Val loss: 1.3764311409795482 Time: 0.48642439988907427
Train loss: 1.5508467782148951 Val loss: 1.5365496252268116 Time: 0.5009460001019761
Train loss: 1.2518480727494476 Val loss: 1.4524976860411698 Time: 0.48192130005918443
Train loss: 1.512721891023526 Val loss: 1.4892733225451593 Time: 0.4790183000732213
Train loss: 1.2800206770064038 Val loss: 1.4406084728480018 Time: 0.4988282999256626
Train loss: 1.3445320454436782 Val loss: 1.4866251015264424 Time: 0.5061967000365257
Train loss: 1.3290883099916404 Val loss: 1.5382118465167878 Time: 0.47845880000386387
Train loss: 1.2259113043496992 Val loss: 1.5171276071656425 Time: 0.48304650001227856
Train loss: 1.151974590383258 Val loss: 1.5578081634868681 Time: 0.4749491000548005
Train loss: 1.1204972372671564 Val loss: 1.6010005769621785 Time: 0.5026297000003979
Train loss: 1.1681699012217996 Val loss: 1.4230151243638964 Time: 0.4807952999835834
Train loss: 1.2323607507298906 Val loss: 1.479948093353812 Time: 0.50364869995974
Train loss: 1.2353611691971436 Val loss: 1.62745958376496 Time: 0.4835501000052318
Train loss: 1.20485988228301 Val loss: 1.7122853776781994 Time: 0.4825099000008777
Train loss: 0.9904633054895362 Val loss: 1.6159506656233589 Time: 0.47012260009068996
Train loss: 1.2434151903963686 Val loss: 1.7025678853689215 Time: 0.4936419000150636
Train loss: 1.027255628651801 Val loss: 1.6959943857762028 Time: 0.4999635999556631
Train loss: 0.9851815879285979 Val loss: 1.9559981886086515 Time: 0.5965854000533
Train loss: 0.8761094285129936 Val loss: 1.8991557392618006 Time: 0.6257658000104129
Train loss: 0.8947578376914098 Val loss: 1.7958201962852627 Time: 0.621309999958612
Train loss: 0.9372046530048453 Val loss: 1.7350503501677395 Time: 0.6441749999066815
Train loss: 0.940508975736753 Val loss: 1.8886887385017985 Time: 0.630037400056608
Train loss: 0.8575567268306488 Val loss: 2.2851041590535317 Time: 0.6408770000562072
Train loss: 0.8379126119884206 Val loss: 1.7964856689391127 Time: 0.5033853000495583
Train loss: 0.7748127748603446 Val loss: 1.8909173686235476 Time: 0.49695239996071905
Train loss: 1.1666897878368643 Val loss: 1.9856509215073856 Time: 0.4936984999803826
Train loss: 0.8145239053662614 Val loss: 1.808602706927445 Time: 0.4943720999872312
Train loss: 0.8522567294109054 Val loss: 1.586106548993257 Time: 0.4811916999751702
Train loss: 0.6623717692478153 Val loss: 1.6111115107999936 Time: 0.5088989000068977
Train loss: 0.7470896161792537 Val loss: 1.7986692520116776 Time: 0.49664010002743453
Train loss: 0.6757156730591198 Val loss: 1.4440640199995585 Time: 0.470147299929522
Train loss: 0.7611444458253478 Val loss: 1.8402407170995758 Time: 0.4750720999436453
Train loss: 0.8307964784606534 Val loss: 1.9662564885356915 Time: 0.47609139990527183
Train loss: 0.6118014762196589 Val loss: 1.7157209623106837 Time: 0.48485809995327145
Train loss: 0.5872680436157784 Val loss: 1.836906262626428 Time: 0.48851580009795725
Train loss: 0.6754196940212003 Val loss: 1.389005468367941 Time: 0.48282489995472133
Train loss: 0.7329599310696402 Val loss: 1.9272149654367468 Time: 0.4832273001084104
Train loss: 0.5877789102159715 Val loss: 1.8341284628700691 Time: 0.4771678999532014
Train loss: 0.7678573905757125 Val loss: 1.6033879573240029 Time: 0.47109959996305406
Train loss: 0.5910132396793408 Val loss: 2.4687872206167896 Time: 0.48875260003842413
Train loss: 0.6115338350043517 Val loss: 1.7693091395933038 Time: 0.4740270000183955
Train loss: 0.6219452328092965 Val loss: 2.015174236094225 Time: 0.4761412999359891
Train loss: 0.6529228372867981 Val loss: 1.9878454001261048 Time: 0.5525491000153124
Train loss: 0.6657761146999537 Val loss: 2.3092788151510035 Time: 0.48909499996807426
Shrinking learning rate to 1e-05
Train loss: 0.7328680661514578 Val loss: 1.8138442487644681 Time: 0.4689011999871582
Train loss: 0.8285093776836117 Val loss: 1.9088516414876722 Time: 0.4432370000286028
Train loss: 0.39584686236254035 Val loss: 1.8865066894400115 Time: 0.4415407000342384
Train loss: 0.5007886352887709 Val loss: 1.9227169501689332 Time: 0.47276949998922646
Train loss: 0.5369456457590154 Val loss: 1.8441274982506002 Time: 0.464286100002937
Train loss: 0.7635753202652165 Val loss: 1.91182581681187 Time: 0.4514835000736639
Train loss: 0.5841698751329043 Val loss: 1.8845645043245156 Time: 0.45850990002509207
Train loss: 0.3825862155502246 Val loss: 1.9344237677744331 Time: 0.440508299972862
Train loss: 0.602585008579501 Val loss: 1.9883439722599405 Time: 0.4510379999410361
Train loss: 0.6368404648174567 Val loss: 1.9075184637769 Time: 0.4517974000191316
Train loss: 0.5494770871732193 Val loss: 1.920654115864295 Time: 0.45307229994796216
Train loss: 0.6386887215153312 Val loss: 1.9242081564420914 Time: 0.45428459998220205
Train loss: 0.5436230633293242 Val loss: 1.8389939391659524 Time: 0.46038320008665323
Train loss: 0.6325932695435668 Val loss: 1.878012197082132 Time: 0.4534327000146732
Train loss: 0.5490715121097134 Val loss: 1.8973522316153435 Time: 0.4750850999262184
Train loss: 0.47364714336619634 Val loss: 1.8612807280354673 Time: 0.4502842000219971
Train loss: 0.5358369631424016 Val loss: 1.9448676233284914 Time: 0.4512178000295535
Shrinking learning rate to 1.0000000000000002e-06
Train loss: 0.49026919866786917 Val loss: 1.9352056349613633 Time: 0.453163200058043
Train loss: 0.5015368592990548 Val loss: 1.937073133715046 Time: 0.4604461999842897
Train loss: 0.6389639970417775 Val loss: 1.9302347269450024 Time: 0.4451639000326395
Train loss: 0.6159413395794928 Val loss: 1.929566367286867 Time: 0.4613802001113072
Train loss: 0.5842678643630108 Val loss: 1.9222796372541495 Time: 0.4495845000492409
Train loss: 0.7717041823458464 Val loss: 1.9253166644593023 Time: 0.45886090002022684
Train loss: 0.6073307251129734 Val loss: 1.9247188781932607 Time: 0.4506872999481857
Train loss: 0.6321567658196079 Val loss: 1.9247543453643488 Time: 0.4689498000079766
Train loss: 0.637186838990031 Val loss: 1.9240170182743839 Time: 0.45982710004318506
Train loss: 0.5173156948776176 Val loss: 1.9219078642366867 Time: 0.45188040006905794
Shrinking learning rate to 1.0000000000000002e-07
Learning rate getting small
Complete
 Total time: 52.106040099984966