starting log for model: C:\Users\christopher.johnson\Documents\GitHub\flu\rnn_drop_B_2019.pth
Train loss: 11.784587826522 Val loss: 0.2773314730251002 Time: 0.658373000100255
Train loss: 11.410865753384783 Val loss: 0.23637990941642784 Time: 0.8765940999146551
Train loss: 9.208798969753985 Val loss: 0.09496586490736547 Time: 0.6271540999878198
Train loss: 6.838410223879119 Val loss: 0.2214842331353387 Time: 0.6395165999419987
Train loss: 5.970224982391855 Val loss: 0.25456905375898486 Time: 0.6379841000307351
Train loss: 5.208987722720423 Val loss: 0.29853199697117816 Time: 0.6928037998732179
Train loss: 5.102972257866313 Val loss: 0.3462140289257606 Time: 0.7066810000687838
Train loss: 4.625840940186709 Val loss: 0.3681554549357635 Time: 0.6555905998684466
Train loss: 4.579864320038324 Val loss: 0.39432394636060053 Time: 0.655080399941653
Train loss: 4.2701360840684615 Val loss: 0.48859245583844313 Time: 0.6654409000184387
Train loss: 3.8503680031885583 Val loss: 0.4008570475246481 Time: 0.6749749002046883
Train loss: 3.698212804220498 Val loss: 0.38309980829762935 Time: 0.6785577998962253
Train loss: 3.3446106582156503 Val loss: 0.368581615355164 Time: 0.6826545000076294
Train loss: 3.3606564293026615 Val loss: 0.36057732805508147 Time: 0.6844579000025988
Train loss: 3.0179829417810478 Val loss: 0.41584902903911214 Time: 0.6921117999590933
Train loss: 3.0388874457435016 Val loss: 0.41477225922851835 Time: 0.7025317999068648
Train loss: 3.402247827561034 Val loss: 0.37148172126961815 Time: 0.6642321001272649
Train loss: 2.8610083873877126 Val loss: 0.40820059294856037 Time: 0.6787836998701096
Train loss: 2.748582115131928 Val loss: 0.331002265263578 Time: 0.689187099924311
Train loss: 2.6032645961793186 Val loss: 0.3157469256584804 Time: 0.6726116999052465
Train loss: 2.638249006215365 Val loss: 0.28923258738972124 Time: 0.6744746998883784
Train loss: 2.2353935796984388 Val loss: 0.41758560821358515 Time: 0.6850211001001298
Train loss: 2.5391351978179144 Val loss: 0.30485344204313414 Time: 0.6675999998115003
Train loss: 2.4128289863340244 Val loss: 0.25904570770217106 Time: 0.6762675000354648
Train loss: 2.380043530289276 Val loss: 0.1614950866187428 Time: 0.6873306999914348
Train loss: 2.3013591556490236 Val loss: 0.40152729687906685 Time: 0.7478211000561714
Train loss: 2.5326493848183103 Val loss: 0.13188299710239448 Time: 0.7207195002119988
Train loss: 2.112678489128948 Val loss: 0.19221629732192014 Time: 0.7116145000327379
Train loss: 2.1623494924636315 Val loss: 0.13605896024091635 Time: 0.7065429999493062
Train loss: 1.9987809449256853 Val loss: 0.09726830220461125 Time: 0.6919319999869913
Train loss: 1.9073832256800394 Val loss: 0.18244853349460755 Time: 0.657224299851805
Train loss: 1.7506204734608244 Val loss: 0.24723391012230422 Time: 0.6556333000771701
Train loss: 1.7489045017406717 Val loss: 0.12674981814052444 Time: 0.6609066999517381
Train loss: 1.819033051495567 Val loss: 0.10585580673068762 Time: 0.6865566000342369
Train loss: 1.8984624720714174 Val loss: 0.1363632409920683 Time: 0.6808198001235723
Train loss: 1.6237469910707392 Val loss: 0.13988529094058322 Time: 0.707598099950701
Train loss: 1.894667755676505 Val loss: 0.16623153677210212 Time: 0.6911752000451088
Train loss: 1.5451137102187262 Val loss: 0.060517121957673226 Time: 0.6742233999539167
Train loss: 1.4085967305418765 Val loss: 0.09212113589455839 Time: 0.6776355998590589
Train loss: 1.9807416546795693 Val loss: 0.1301032860064879 Time: 0.6956990000326186
Train loss: 1.5624700398110054 Val loss: 0.135722851351602 Time: 0.6765703000128269
Train loss: 1.7024201470147275 Val loss: 0.16161408436892089 Time: 0.6724016000516713
Train loss: 1.5083994420560791 Val loss: 0.17460539608146064 Time: 0.6724207000806928
Train loss: 1.4469525070979081 Val loss: 0.20456304703839123 Time: 0.6818998998496681
Train loss: 1.4835974626403612 Val loss: 0.09482888261845801 Time: 0.6959071999881417
Train loss: 1.50125472636562 Val loss: 0.1355029037076747 Time: 0.693271700059995
Train loss: 1.3873317182723692 Val loss: 0.2531155008764472 Time: 0.6753662000410259
Train loss: 1.5455122683030456 Val loss: 0.14223507340648212 Time: 0.6686754999682307
Train loss: 1.3249037636836878 Val loss: 0.1571071595826652 Time: 0.6701921001076698
Train loss: 1.1512895790430784 Val loss: 0.13761789903219324 Time: 0.7381138999480754
Train loss: 0.9001331850130025 Val loss: 0.14277467520150822 Time: 0.6960839000530541
Train loss: 1.246900483219985 Val loss: 0.026585992469335906 Time: 0.6590468999929726
Train loss: 0.9492550480704978 Val loss: 0.29579062448465265 Time: 0.6716674999333918
Train loss: 1.014511749629461 Val loss: 0.13763350746012293 Time: 0.6712473998777568
Train loss: 0.9138478620918917 Val loss: 0.1708968895691214 Time: 0.6747879998292774
Train loss: 0.7591838760662244 Val loss: 0.1682618238410214 Time: 0.7020854000002146
Train loss: 0.854955524760009 Val loss: 0.14563436244498007 Time: 0.6685823001898825
Train loss: 1.2190238434751848 Val loss: 0.2624204820895102 Time: 0.6794712000992149
Train loss: 1.0028913445898722 Val loss: 0.03294125531101599 Time: 0.6736771001014858
Train loss: 0.9462311524582265 Val loss: 0.41086217894917354 Time: 0.64842090010643
Train loss: 0.9370283034247926 Val loss: 0.23343802470481023 Time: 0.6448689000681043
Train loss: 0.613784597509663 Val loss: 0.40178943300270475 Time: 0.6501126999501139
Train loss: 0.8300318067482302 Val loss: 0.06662779324597068 Time: 0.6675996999256313
Train loss: 0.8461543032762187 Val loss: 0.26570282064494677 Time: 0.6831768001429737
Train loss: 0.8560600557213329 Val loss: 0.42038354158285074 Time: 0.6858116998337209
Train loss: 0.702415275715218 Val loss: 0.42061738439952023 Time: 0.6860192001331598
Train loss: 0.6947620861924513 Val loss: 0.10207285338401562 Time: 0.6733651999384165
Train loss: 0.8229834341122695 Val loss: 0.3646477223956026 Time: 0.6698344999458641
Train loss: 0.496022821405651 Val loss: 0.17826672850060277 Time: 0.6802292999345809
Train loss: 0.5638442493160665 Val loss: 0.1332955133257201 Time: 0.6705908000003546
Train loss: 1.3644395558997147 Val loss: 0.28113468852825463 Time: 0.6593317000661045
Train loss: 1.0007959759135465 Val loss: 0.06585678585543064 Time: 0.8554509999230504
Train loss: 0.8441099346197858 Val loss: 0.2747078723477898 Time: 0.7221592001151294
Train loss: 0.6284710026693017 Val loss: 0.2608469784827321 Time: 0.6786056999117136
Train loss: 0.4991617938621209 Val loss: 0.3197719565796433 Time: 0.693271700059995
Train loss: 0.5592952151114567 Val loss: 0.4059680547215976 Time: 0.6641969000920653
Train loss: 0.4865898118371472 Val loss: 0.20641000938485377 Time: 0.7239714998286217
Train loss: 0.5603950039967949 Val loss: 0.44814012860297225 Time: 0.6662718998268247
Train loss: 0.6012141521919077 Val loss: 0.39416680624708533 Time: 0.6568497999105603
Train loss: 0.6948336714418692 Val loss: 0.38598573916533496 Time: 0.6886095001827925
Train loss: 0.690311183242349 Val loss: 0.17279581470938865 Time: 0.6991838999092579
Train loss: 0.8906802714410142 Val loss: 0.5764109073788859 Time: 0.6754203999880701
Train loss: 0.6004334571898885 Val loss: 0.20648094497937564 Time: 0.6828099000267684
Train loss: 0.6486684156349831 Val loss: 0.3804421213280875 Time: 0.6623813998885453
Train loss: 0.5342877850871572 Val loss: 0.5701730377913918 Time: 0.6800342998467386
Train loss: 0.5782617651127975 Val loss: 0.46624117540068255 Time: 0.6734668000135571
Shrinking learning rate to 1e-05
Train loss: 0.5145455270359456 Val loss: 0.27656298036890803 Time: 0.5969658000394702
Train loss: 0.6323794777768654 Val loss: 0.26822496587919886 Time: 0.5648427000269294
Train loss: 0.6093377421483614 Val loss: 0.3193253891331551 Time: 0.6108910001348704
Train loss: 0.5338507158464404 Val loss: 0.2669115125609096 Time: 0.6050184001214802
Train loss: 0.38156304141096076 Val loss: 0.2937229748968093 Time: 0.6176300998777151
Train loss: 0.5189902830569242 Val loss: 0.3019028389171581 Time: 0.5830968001391739
Train loss: 0.4861307059903276 Val loss: 0.3110028578903439 Time: 0.5844845999963582
Train loss: 0.5359402272187719 Val loss: 0.26077877380885184 Time: 0.6231853000354022
Train loss: 0.5923234791983418 Val loss: 0.28421209760563215 Time: 0.6444543998222798
Train loss: 0.3677464564843409 Val loss: 0.3146783410193166 Time: 0.5974158998578787
Train loss: 0.5229701100072153 Val loss: 0.30659750002087094 Time: 0.6173942000605166
Train loss: 0.39783040684140514 Val loss: 0.3055246904677915 Time: 0.6002197999041528
Train loss: 0.45584895703562056 Val loss: 0.30739360255392967 Time: 0.6087780999951065
Train loss: 0.4720964406500645 Val loss: 0.29318516306375386 Time: 0.6111039000097662
Train loss: 0.42020809130413495 Val loss: 0.26046264147225884 Time: 0.6207347998861223
Train loss: 0.35271365660536574 Val loss: 0.2690516602815478 Time: 0.5788837000727654
Train loss: 0.41490881972961113 Val loss: 0.27519816265157715 Time: 0.603300099959597
Train loss: 0.4088929883962962 Val loss: 0.2996894777061243 Time: 0.6000844000373036
Train loss: 0.5769384697615341 Val loss: 0.309250622849504 Time: 0.5952783999964595
Train loss: 0.37280849672665406 Val loss: 0.30289899266063003 Time: 0.6079671001061797
Train loss: 0.44794523058639196 Val loss: 0.3398552471335279 Time: 0.573714500060305
Train loss: 0.4087675618291655 Val loss: 0.3325543805185589 Time: 0.6046901999507099
Train loss: 0.4077693882066731 Val loss: 0.29064652274428227 Time: 0.60231600003317
Train loss: 0.36857857737765165 Val loss: 0.281650972812713 Time: 0.6287944000214338
Train loss: 0.5322517191776326 Val loss: 0.30757333964174904 Time: 0.5872897000517696
Shrinking learning rate to 1.0000000000000002e-06
Train loss: 0.38903866406831344 Val loss: 0.2728497189073096 Time: 0.5971617000177503
Train loss: 0.36665035933119394 Val loss: 0.26888415627763607 Time: 0.5890552999917418
Train loss: 0.49483262436211817 Val loss: 0.27162732663236966 Time: 0.60016810009256
Train loss: 0.3954622971946824 Val loss: 0.2772535369385878 Time: 0.5812649999279529
Train loss: 0.44809839065567036 Val loss: 0.27325210747585515 Time: 0.5871633000206202
Train loss: 0.4388915963483342 Val loss: 0.2747787688149401 Time: 0.5936213000677526
Train loss: 0.44711854656928374 Val loss: 0.2792270823101717 Time: 0.6003429000265896
Train loss: 0.47684191457268676 Val loss: 0.2760340239674406 Time: 0.6042516001034528
Train loss: 0.4808479589032877 Val loss: 0.2742344967828103 Time: 0.6212265000212938
Train loss: 0.325075810785008 Val loss: 0.2714045441152848 Time: 0.5899397998582572
Train loss: 0.4596523504803811 Val loss: 0.2709053655635216 Time: 0.5796290000434965
Train loss: 0.3875211539361838 Val loss: 0.2768163919918152 Time: 0.6078932001255453
Train loss: 0.3874832540546834 Val loss: 0.2786705518483359 Time: 0.5919011000078171
Train loss: 0.5082306475559575 Val loss: 0.2769200015136448 Time: 0.6146057001315057
Train loss: 0.43308916232706185 Val loss: 0.2777104618617159 Time: 0.6027869000099599
Train loss: 0.41187461907765455 Val loss: 0.27973765568640374 Time: 0.6398653001524508
Train loss: 0.3966641621351621 Val loss: 0.2839976847608341 Time: 0.621542900102213
Train loss: 0.5711774959246148 Val loss: 0.28159522797250247 Time: 0.6229848000220954
Train loss: 0.3489417732983725 Val loss: 0.27952937578447745 Time: 0.5872001999523491
Shrinking learning rate to 1.0000000000000002e-07
Learning rate getting small
Complete
 Total time: 85.83239830005914