starting log for model: C:\Users\christopher.johnson\Documents\GitHub\flu\rnn_drop.pth
Train loss: 17.400355630142002 Val loss: 2.415767035461613 Time: 0.9720051999902353
Train loss: 14.89921304381204 Val loss: 2.216473434059708 Time: 0.8404650000156835
Train loss: 13.150300700752865 Val loss: 1.9860756950806184 Time: 0.820486200042069
Train loss: 10.208992170710488 Val loss: 1.2393044015188934 Time: 0.7829510999144986
Train loss: 7.364540751831307 Val loss: 0.9678347793087596 Time: 0.7642782999901101
Train loss: 6.5595577854892415 Val loss: 0.9487080499966396 Time: 0.7718125999672338
Train loss: 6.507101843477085 Val loss: 0.8528060939010516 Time: 0.7906813999870792
Train loss: 6.436105809887005 Val loss: 0.8147435072060034 Time: 0.7952889000298455
Train loss: 6.060276042577545 Val loss: 0.7392077338445233 Time: 0.8465341000119224
Train loss: 5.552451334424376 Val loss: 0.6909454522028682 Time: 0.8800696000689641
Train loss: 5.4561076897637495 Val loss: 0.6038537387503311 Time: 0.8819118998944759
Train loss: 4.97828436811634 Val loss: 0.6083842061616451 Time: 1.0640186000382528
Train loss: 5.201032144105698 Val loss: 0.6540200345189078 Time: 1.1202689999481663
Train loss: 5.4019078899563855 Val loss: 0.6151256621669745 Time: 0.8568177999695763
Train loss: 4.946174937572905 Val loss: 0.6564452993625309 Time: 0.7995262000476941
Train loss: 4.957907132819994 Val loss: 0.5280786165603786 Time: 0.7635376999387518
Train loss: 4.424348400265401 Val loss: 0.5650889426178765 Time: 0.8167492001084611
Train loss: 4.445135204818657 Val loss: 0.5624585491478911 Time: 0.7935268000001088
Train loss: 4.677945794978268 Val loss: 0.5105316758981644 Time: 0.7851713999407366
Train loss: 4.45303730746372 Val loss: 0.5101223777674022 Time: 0.8152374000055715
Train loss: 4.0444923813133595 Val loss: 0.4502542524278397 Time: 0.8124276000307873
Train loss: 4.067287126451847 Val loss: 0.4782386446822784 Time: 0.7919782999670133
Train loss: 3.657276750736292 Val loss: 0.4703453559486661 Time: 0.8156541000353172
Train loss: 3.789601830831587 Val loss: 0.5002976018622576 Time: 0.8773487999569625
Train loss: 3.325714253364735 Val loss: 0.4685184624104295 Time: 0.7938936999998987
Train loss: 3.118047311640913 Val loss: 0.41557038731298235 Time: 0.8209836999885738
Train loss: 3.3108626620440917 Val loss: 0.5301459367037751 Time: 0.8067442999454215
Train loss: 2.8611888526175004 Val loss: 0.5282162199437153 Time: 0.7754177999449894
Train loss: 3.441643682899081 Val loss: 0.4492965096469561 Time: 0.7962390000466257
Train loss: 3.3255973524500626 Val loss: 0.4242221912345485 Time: 0.7972537000896409
Train loss: 3.3805290406504254 Val loss: 0.41565208372776397 Time: 0.7912657000124454
Train loss: 2.8808211065777862 Val loss: 0.41137027193326503 Time: 0.8282895999727771
Train loss: 2.770786611408605 Val loss: 0.4160942971984696 Time: 0.7771464000688866
Train loss: 2.7169734437782345 Val loss: 0.4556971512211021 Time: 0.8515862999483943
Train loss: 2.6961870181287635 Val loss: 0.41405984222910774 Time: 0.7942867000820115
Train loss: 2.822594680000563 Val loss: 0.41240514932556493 Time: 0.815801199991256
Train loss: 2.7227151890563457 Val loss: 0.39199800265487283 Time: 0.8203067999565974
Train loss: 2.5680964832058795 Val loss: 0.40951803734414227 Time: 0.8287967999931425
Train loss: 2.4937225256851816 Val loss: 0.37360949550929945 Time: 0.7934223999036476
Train loss: 2.171086764376164 Val loss: 0.3979331930022454 Time: 0.8129297000123188
Train loss: 2.3962490361843374 Val loss: 0.39262483880022714 Time: 0.832213000045158
Train loss: 2.2040989517596463 Val loss: 0.4112559642526321 Time: 0.8069685000227764
Train loss: 2.093390109427842 Val loss: 0.4142891559540658 Time: 0.8540184999583289
Train loss: 2.2886171032958313 Val loss: 0.4060389713558834 Time: 0.8774819999234751
Train loss: 2.0668875680871164 Val loss: 0.4156587852630764 Time: 0.8579291999340057
Train loss: 2.1617596991940795 Val loss: 0.4344193748474936 Time: 0.8609945999924093
Train loss: 2.089959943590209 Val loss: 0.4523072441807017 Time: 0.8638924000551924
Train loss: 2.1013816504071037 Val loss: 0.4181590783118736 Time: 0.8657567000482231
Train loss: 2.0166128451872156 Val loss: 0.46141161111881956 Time: 0.8605905000586063
Train loss: 2.1785156892136017 Val loss: 0.46794485417194664 Time: 0.8582276999950409
Train loss: 1.9761989115156315 Val loss: 0.4466933093499392 Time: 0.8759158999891952
Train loss: 1.765056631909351 Val loss: 0.4783826787461294 Time: 0.8676333999028429
Train loss: 1.918654181880835 Val loss: 0.487609414558392 Time: 0.8604874999728054
Train loss: 1.799167246477723 Val loss: 0.4619653327972628 Time: 0.8466056999750435
Train loss: 1.7158918282031193 Val loss: 0.3984849132539239 Time: 0.8803400000324473
Train loss: 1.6597821287192134 Val loss: 0.44307389146706555 Time: 0.8822323000058532
Train loss: 2.1296326230743565 Val loss: 0.4952688618832326 Time: 0.9081709999591112
Train loss: 1.757546077717425 Val loss: 0.426948070875369 Time: 0.8685500000137836
Train loss: 1.6504790805047358 Val loss: 0.40441937863943167 Time: 0.9097847000230104
Train loss: 1.4874766000959612 Val loss: 0.4581485447342857 Time: 0.8383925000671297
Train loss: 1.6585463726541114 Val loss: 0.4914820962003432 Time: 0.897145599941723
Train loss: 1.4557798960574968 Val loss: 0.43366739284829237 Time: 0.8721819999627769
Train loss: 1.6320267310030805 Val loss: 0.567475958589057 Time: 0.8965526999672875
Train loss: 1.2381183194472247 Val loss: 0.5140809330914635 Time: 0.8230515000177547
Train loss: 1.3072611662104539 Val loss: 0.33191229733347427 Time: 0.9079172000056133
Train loss: 1.6684559878424565 Val loss: 0.5965423904272029 Time: 0.8851587000535801
Train loss: 1.4533402691169992 Val loss: 0.4613308280459023 Time: 0.8567789000226185
Train loss: 1.2023826216511309 Val loss: 0.47527938135317527 Time: 0.9989204999292269
Train loss: 1.3072987669760883 Val loss: 0.4026005163323134 Time: 0.8816346999956295
Train loss: 1.3769935775595847 Val loss: 0.32743604606366716 Time: 0.8830270000034943
Train loss: 1.2330518690580412 Val loss: 0.539370851145577 Time: 0.9769619000144303
Train loss: 1.1999445297060154 Val loss: 0.5495535130612552 Time: 0.8885501999175176
Train loss: 1.385891532068289 Val loss: 0.6640292626107112 Time: 0.9954894999973476
Train loss: 1.2667652810738774 Val loss: 0.49094623120618053 Time: 0.8839575999882072
Train loss: 1.2178003378250666 Val loss: 0.4358172613865463 Time: 0.8838991000084206
Train loss: 1.1755667901812228 Val loss: 0.41563954920275137 Time: 0.8686729000182822
Train loss: 1.0314120996621254 Val loss: 0.4454239077895181 Time: 0.866601699963212
Train loss: 1.0700322878901902 Val loss: 0.45100150581674825 Time: 0.8534347999375314
Train loss: 1.0229630966461922 Val loss: 0.46572324568842305 Time: 0.8796917999861762
Train loss: 1.1982517304652516 Val loss: 0.6975252899574116 Time: 0.8750512000406161
Train loss: 1.2804026931482995 Val loss: 0.3376779079553671 Time: 0.853201000019908
Train loss: 1.045994424167989 Val loss: 0.5798773459391668 Time: 0.8446242000209168
Train loss: 0.9523563227126104 Val loss: 0.34750198726396775 Time: 0.8559953999938443
Train loss: 1.109502379295658 Val loss: 0.3966803099210665 Time: 0.853872700012289
Train loss: 1.2370764265049166 Val loss: 0.2883653281023726 Time: 0.9076466000406072
Train loss: 1.092185698072858 Val loss: 0.43616910775563156 Time: 0.8520484999753535
Train loss: 0.9008909680503719 Val loss: 0.29696805065032095 Time: 0.8498447999591008
Train loss: 1.1864425145923754 Val loss: 0.427803047146881 Time: 0.8530097999610007
Train loss: 0.9542743028132401 Val loss: 0.44458852871912313 Time: 0.8595305000199005
Train loss: 0.9411615296306974 Val loss: 0.320867677917704 Time: 0.89102300000377
Train loss: 0.8690661854323826 Val loss: 0.24458953018620377 Time: 0.8945177999557927
Train loss: 0.9881972632856374 Val loss: 0.5057998254778795 Time: 0.865784400026314
Train loss: 0.9403502684796512 Val loss: 0.25498643426601575 Time: 0.8438011000398546
Train loss: 0.9445611550311956 Val loss: 0.3468036270933226 Time: 0.9000365999527276
Train loss: 0.9626407945450899 Val loss: 0.4498169455707739 Time: 0.9155916000017896
Train loss: 0.9265669984741917 Val loss: 0.3135597359723761 Time: 0.8527774000540376
Train loss: 0.9022790312756186 Val loss: 0.37388418734190054 Time: 0.8542354999808595
Train loss: 0.964297182567524 Val loss: 0.3173448978050146 Time: 0.8876944000367075
Train loss: 0.946694795521076 Val loss: 0.21289042092394084 Time: 0.8546642999863252
Train loss: 0.8481334674621681 Val loss: 0.37939707312034443 Time: 0.8520344999851659
Train loss: 0.760061482637088 Val loss: 0.3177660309156636 Time: 0.8587240999331698
Train loss: 0.8396658296104527 Val loss: 0.23458287585526705 Time: 0.8779730999376625
Train loss: 0.8108122770153776 Val loss: 0.3031747820787132 Time: 0.8772398000583053
Train loss: 0.8518179582775574 Val loss: 0.2083806346054189 Time: 0.8823835999937728
Train loss: 1.02557771181421 Val loss: 0.49953789048595354 Time: 0.8491596000967547
Train loss: 0.7950774598654904 Val loss: 0.2831746006850153 Time: 0.8488570000045002
Train loss: 0.8078144219367069 Val loss: 0.22231809375807643 Time: 0.8857647000113502
Train loss: 0.8668876015582203 Val loss: 0.2872277310816571 Time: 0.8467044999124482
Train loss: 0.7195094267289823 Val loss: 0.2830141537124291 Time: 0.8501901000272483
Train loss: 0.7860280888913813 Val loss: 0.3420629968168214 Time: 0.8930210000835359
Train loss: 0.9712172962546313 Val loss: 0.2217220049669777 Time: 0.9345228999154642
Train loss: 0.9393422058023513 Val loss: 0.5853168072644621 Time: 0.8875939000863582
Train loss: 0.8406979445926835 Val loss: 0.204229078732169 Time: 0.8800825999351218
Train loss: 1.033277348802787 Val loss: 0.3184463679790497 Time: 0.875594099983573
Train loss: 0.9550973413933406 Val loss: 0.3387362457579002 Time: 0.8825442000525072
Train loss: 0.749713948512897 Val loss: 0.22047173016471788 Time: 0.8675705000059679
Train loss: 0.8427990220263304 Val loss: 0.2478271162835881 Time: 0.8740596000570804
Train loss: 0.7695147912197642 Val loss: 0.2857079707318917 Time: 0.881003399961628
Shrinking learning rate to 1e-05
Train loss: 0.9439536164977003 Val loss: 0.2828179909847677 Time: 0.8407097000163049
Train loss: 0.8955850365155159 Val loss: 0.2804382786853239 Time: 0.7893055999884382
Train loss: 0.6475683392430525 Val loss: 0.27028568426612765 Time: 0.8276940999785438
Train loss: 0.7128707910670617 Val loss: 0.26701650640461594 Time: 0.8262525999452919
Train loss: 0.598253312305854 Val loss: 0.26497819705400616 Time: 0.824866299983114
Train loss: 0.6945999046007172 Val loss: 0.2749908260302618 Time: 0.8303208000725135
Train loss: 0.6338190242856472 Val loss: 0.26724431454204023 Time: 0.8271055000368506
Train loss: 0.6195991722909948 Val loss: 0.26060583686921746 Time: 0.8108382999198511
Train loss: 0.7843670305191603 Val loss: 0.2778794525656849 Time: 0.8322965999832377
Train loss: 0.7563731479531179 Val loss: 0.25377245782874525 Time: 0.8180149999679998
Train loss: 0.6934658405231167 Val loss: 0.25117663259152323 Time: 0.8835402999538928
Train loss: 0.6886355782973448 Val loss: 0.27303677902091295 Time: 0.8513266000663862
Train loss: 0.7284043498664693 Val loss: 0.2493904992006719 Time: 0.8567048000404611
Train loss: 0.7805414701097226 Val loss: 0.25438313791528344 Time: 0.8346500999759883
Shrinking learning rate to 1.0000000000000002e-06
Train loss: 0.6792996305036987 Val loss: 0.2656687154667452 Time: 0.8433722000336275
Train loss: 0.6345054024109171 Val loss: 0.2657301628496498 Time: 0.8334388000657782
Train loss: 0.7727904710573725 Val loss: 0.2637484986335039 Time: 0.7949290999677032
Train loss: 0.747039267366886 Val loss: 0.2660569758154452 Time: 0.8012945000082254
Train loss: 0.692798082570512 Val loss: 0.26664327341131866 Time: 0.8213595999404788
Train loss: 0.8194958663301293 Val loss: 0.26939737633801997 Time: 0.8135075999889523
Train loss: 0.6290484258556159 Val loss: 0.27142260142136365 Time: 0.7923775999806821
Train loss: 0.6383689543419626 Val loss: 0.27208920288830996 Time: 0.8110247000586241
Train loss: 0.7130522826051611 Val loss: 0.27271726552862674 Time: 0.8112031000200659
Train loss: 0.7221317633210076 Val loss: 0.27414610842242837 Time: 0.7997601999668404
Shrinking learning rate to 1.0000000000000002e-07
Learning rate getting small
Complete
 Total time: 121.48452589998487