starting log for model: C:\Users\christopher.johnson\Documents\rnn_new_23-24.pth
Train loss: 17.637839007692662 Val loss: 1.9659090374654802 Time: 0.5495813000015914
Train loss: 15.262608749272886 Val loss: 1.72853821933218 Time: 0.4762784000195097
Train loss: 12.537334787342054 Val loss: 1.4462201520649502 Time: 0.4662954999948852
Train loss: 9.407028941857618 Val loss: 1.124396982234874 Time: 0.46931029998813756
Train loss: 8.047765368984596 Val loss: 0.961215363854694 Time: 0.48255720001179725
Train loss: 7.557493218640857 Val loss: 0.9038561122628943 Time: 0.48769810001249425
Train loss: 7.237784035703246 Val loss: 0.8657228849668259 Time: 0.4886056999966968
Train loss: 6.955722363587199 Val loss: 0.8362350257498122 Time: 0.5207025999843609
Train loss: 6.716355958812507 Val loss: 0.7864102537676343 Time: 0.4964582000102382
Train loss: 6.507595449122121 Val loss: 0.7626949211345115 Time: 0.6676854999968782
Train loss: 6.314322472762775 Val loss: 0.7408811133899463 Time: 1.0570842000015546
Train loss: 6.150725272274023 Val loss: 0.7240576969497143 Time: 1.0680236000043806
Train loss: 5.983564264154324 Val loss: 0.707349242325621 Time: 0.985715800023172
Train loss: 5.832339668897454 Val loss: 0.6909515665034963 Time: 0.8725183000206016
Train loss: 5.682397171740488 Val loss: 0.6747034742270429 Time: 0.7942073000012897
Train loss: 5.540379045304392 Val loss: 0.6587095399045939 Time: 0.7502815999905579
Train loss: 5.404060771100319 Val loss: 0.6425227406455353 Time: 0.7695913999923505
Train loss: 5.272944660665388 Val loss: 0.6269886032601686 Time: 0.8094983999908436
Train loss: 5.145278679918956 Val loss: 0.6118307955254552 Time: 0.9736083000025246
Train loss: 5.021730266829216 Val loss: 0.5969627234449969 Time: 0.8179222000180744
Train loss: 4.9162314250298955 Val loss: 0.5844385376341614 Time: 0.7620790000073612
Train loss: 4.759265121103226 Val loss: 0.56658196791952 Time: 0.7281375999737065
Train loss: 4.620876265786926 Val loss: 0.5499023846430808 Time: 0.8413731999753509
Train loss: 4.493486508448399 Val loss: 0.5362959565889441 Time: 1.2306689000106417
Train loss: 4.3497484890627724 Val loss: 0.5197113272352207 Time: 0.7917306000017561
Train loss: 4.226567551487108 Val loss: 0.5053208698983763 Time: 0.7267638000193983
Train loss: 4.113944737340319 Val loss: 0.4916808377256938 Time: 0.7192147999885492
Train loss: 3.9879161348712637 Val loss: 0.47667893350035023 Time: 0.8336551999964286
Train loss: 3.8755584885783207 Val loss: 0.4631147992890463 Time: 0.8885236000060104
Train loss: 3.7847131229042557 Val loss: 0.4518383852520245 Time: 0.9600812999997288
Train loss: 3.702969319163575 Val loss: 0.4393818306747679 Time: 1.309765600017272
Train loss: 3.6167882346117857 Val loss: 0.4290915088062153 Time: 0.7625364999985322
Train loss: 3.5339011936225404 Val loss: 0.4201418076419477 Time: 0.7327839999925345
Train loss: 3.4712605418388143 Val loss: 0.4109700462948924 Time: 1.2592531999980565
Train loss: 3.4143425746077014 Val loss: 0.4037936444682162 Time: 0.7469729000004008
Train loss: 3.346266488766317 Val loss: 0.39428120751392315 Time: 0.6729737000132445
Train loss: 3.282572502854805 Val loss: 0.3852591249093228 Time: 0.6403139999893028
Train loss: 3.2295037906427666 Val loss: 0.378077486708116 Time: 0.6353369999851566
Train loss: 3.188191044914106 Val loss: 0.37124805666469235 Time: 0.6194172000105027
Train loss: 3.136426682539991 Val loss: 0.3625336678010571 Time: 0.6195027999929152
Train loss: 3.0754107565291853 Val loss: 0.35616050662680515 Time: 0.7085255999991205
Train loss: 3.030410510580971 Val loss: 0.3483063995140141 Time: 0.7898978000157513
Train loss: 2.9732998905583656 Val loss: 0.34041809212652724 Time: 0.71188690001145
Train loss: 2.927367891773091 Val loss: 0.33439031089864185 Time: 0.6488517000107095
Train loss: 2.888896336205015 Val loss: 0.3271712661931103 Time: 0.7115073000022676
Train loss: 2.8329543999848354 Val loss: 0.3201771876011364 Time: 0.6592380999936722
Train loss: 2.8002405895587694 Val loss: 0.31344263965697255 Time: 0.6307949000038207
Train loss: 2.7572843638038016 Val loss: 0.30749447348865155 Time: 0.6225397999805864
Train loss: 2.7149601372424446 Val loss: 0.2990228075984948 Time: 0.6293957000016235
Train loss: 2.6713008976931114 Val loss: 0.29367228425808517 Time: 0.6181275999988429
Train loss: 2.6377816980028346 Val loss: 0.288796547475184 Time: 0.6409104999911506
Train loss: 2.5942222473943772 Val loss: 0.28227045297069175 Time: 0.6326624999928754
Train loss: 2.5594852716411083 Val loss: 0.2774138479663407 Time: 0.47852989999228157
Train loss: 2.515841927971282 Val loss: 0.2712171822155224 Time: 0.47313969998504035
Train loss: 2.483046089468539 Val loss: 0.266561676713665 Time: 0.47981019999133423
Train loss: 2.4418234508327146 Val loss: 0.26082401586494164 Time: 0.47697030002018437
Train loss: 2.4148538102485873 Val loss: 0.2579494991743747 Time: 0.475335900002392
Train loss: 2.3814476320372364 Val loss: 0.2532055779835228 Time: 0.46867820000625215
Train loss: 2.351137585564821 Val loss: 0.25000237196142 Time: 0.4697267999872565
Train loss: 2.302588033571684 Val loss: 0.24498643344105947 Time: 0.47321709999232553
Train loss: 2.2681191925015014 Val loss: 0.23970490890009316 Time: 0.4801353999937419
Train loss: 2.2428046542529785 Val loss: 0.23746867999255417 Time: 0.47868540001218207
Train loss: 2.2098394749086196 Val loss: 0.23303948200653474 Time: 0.49595410001347773
Train loss: 2.186536408164301 Val loss: 0.230738459036835 Time: 0.4840853000059724
Train loss: 2.1464608733960056 Val loss: 0.22617414046108536 Time: 0.4776283999963198
Train loss: 2.1270186778250944 Val loss: 0.2235220076569828 Time: 0.4766125000023749
Train loss: 2.0929091524984784 Val loss: 0.22026732850650482 Time: 0.4688509999832604
Train loss: 2.064118934600714 Val loss: 0.21655442271040704 Time: 0.47142539999913424
Train loss: 2.0403255962833313 Val loss: 0.21466605018186294 Time: 0.4756789000239223
Train loss: 2.0122433357183525 Val loss: 0.2104221312581155 Time: 0.4703985000087414
Train loss: 1.9790277949859671 Val loss: 0.20684912973874642 Time: 0.4708524000016041
Train loss: 1.956782902226763 Val loss: 0.20459647194055863 Time: 0.4763143000018317
Train loss: 1.9305207297580012 Val loss: 0.20122999046993575 Time: 0.4785128000075929
Train loss: 1.908235487995512 Val loss: 0.19854920729330017 Time: 0.47467509997659363
Train loss: 1.8806828099837318 Val loss: 0.19641704428842915 Time: 0.5088313999876846
Train loss: 1.8554724162184684 Val loss: 0.19219982527908117 Time: 0.4993341999943368
Train loss: 1.8356671766950967 Val loss: 0.1933506457130639 Time: 0.48298000000067987
Train loss: 1.806474621981414 Val loss: 0.18741084586832601 Time: 0.47313550001126714
Train loss: 1.783336048003207 Val loss: 0.1857559697158279 Time: 0.47476079998887144
Train loss: 1.7564812737088005 Val loss: 0.183053715042068 Time: 0.47943710000254214
Train loss: 1.7351249124760066 Val loss: 0.18149776244734203 Time: 0.4772305999940727
Train loss: 1.7055327510717522 Val loss: 0.1801720791886497 Time: 0.47714440000709146
Train loss: 1.6893827488323891 Val loss: 0.1765014955944766 Time: 0.4745074999809731
Train loss: 1.648657118612391 Val loss: 0.17264184024529908 Time: 0.4717135999817401
Train loss: 1.645949490898893 Val loss: 0.17630425628725074 Time: 0.5430209999904037
Train loss: 1.609307048666146 Val loss: 0.17038515375231306 Time: 0.4716411999834236
Train loss: 1.6033171153960737 Val loss: 0.17194512216792218 Time: 0.5365874000126496
Train loss: 1.5705076777174765 Val loss: 0.16728635677860101 Time: 0.47304979999898933
Train loss: 1.5512274505089643 Val loss: 0.16632118718940478 Time: 0.5025281999842264
Train loss: 1.5160842887423414 Val loss: 0.1654427140377595 Time: 0.4762023000221234
Train loss: 1.495009704902083 Val loss: 0.16278605513707817 Time: 0.47837269998854026
Train loss: 1.489048422741618 Val loss: 0.16500992965952668 Time: 0.473539400001755
Train loss: 1.4753807268239854 Val loss: 0.16175795444303515 Time: 0.46988920000148937
Train loss: 1.4390668037175347 Val loss: 0.15938750759769416 Time: 0.4789953000145033
Train loss: 1.4192567419667768 Val loss: 0.159207048487504 Time: 0.4750659999845084
Train loss: 1.3984925241080772 Val loss: 0.16086281116626894 Time: 0.5416483000153676
Train loss: 1.3729966542192367 Val loss: 0.18636908191359286 Time: 0.5075453000026755
Train loss: 1.3454931603464502 Val loss: 0.1858972552431792 Time: 0.5023975000076462
Train loss: 1.333072325903104 Val loss: 0.18666966722682982 Time: 0.47454490000382066
Train loss: 1.3088592897232467 Val loss: 0.18096023542175357 Time: 0.4813880000147037
Train loss: 1.2947782041880203 Val loss: 0.18495836307186597 Time: 0.49972469999920577
Train loss: 1.284259744867029 Val loss: 0.18039040560886527 Time: 0.7052359999797773
Train loss: 1.251906670554547 Val loss: 0.17682738369642254 Time: 0.491472599998815
Train loss: 1.2402788591201102 Val loss: 0.17959104370844575 Time: 0.4870785999810323
Train loss: 1.2130505002141385 Val loss: 0.17888990834970234 Time: 0.4772458999941591
Train loss: 1.1853268154206162 Val loss: 0.17387735445786828 Time: 0.47275499999523163
Train loss: 1.170727144003694 Val loss: 0.1768663719380709 Time: 0.4660710000025574
Train loss: 1.1529304537016714 Val loss: 0.17335340301858787 Time: 0.4777690999908373
Train loss: 1.1345218954396046 Val loss: 0.17416882264623018 Time: 0.47602760000154376
Train loss: 1.1203877353816916 Val loss: 0.1724160954125961 Time: 0.46407479999470524
Train loss: 1.10752739069334 Val loss: 0.1745808222649735 Time: 0.46771200001239777
Train loss: 1.0884832509830176 Val loss: 0.17330684458330395 Time: 0.484519999998156
Train loss: 1.072441767025282 Val loss: 0.17034940696253614 Time: 0.5043107999954373
Train loss: 1.0609720643475704 Val loss: 0.17021924487665846 Time: 0.4884738000109792
Train loss: 1.0419329286019803 Val loss: 0.1706790723028318 Time: 0.4712842000008095
Train loss: 1.035095998465028 Val loss: 0.1647227662247732 Time: 0.4652635999955237
Train loss: 1.0191145941562922 Val loss: 0.1692507605363825 Time: 0.4696643000061158
Train loss: 1.0115475911566794 Val loss: 0.16633486786617224 Time: 0.4739810999890324
Train loss: 0.9953289820364262 Val loss: 0.16658301550886367 Time: 0.4738937999936752
Train loss: 0.9950764544041812 Val loss: 0.16038882454471584 Time: 0.47551080002449453
Train loss: 0.9745433389412952 Val loss: 0.16212618905836776 Time: 0.5015328000008594
Train loss: 0.9670262083731487 Val loss: 0.15770236063217047 Time: 0.47345180000411347
Train loss: 0.9574605894144972 Val loss: 0.15932668441809972 Time: 0.4800616000138689
Train loss: 0.9568293018375185 Val loss: 0.15587875744796267 Time: 0.4774518999911379
Train loss: 0.9418704294954949 Val loss: 0.15416682626187325 Time: 0.4779932999808807
Train loss: 0.9251467640412443 Val loss: 0.1556656936600333 Time: 0.471949400001904
Train loss: 0.9178445256891052 Val loss: 0.15336601733475366 Time: 0.4707474999886472
Train loss: 0.9088674372637158 Val loss: 0.1508139150932842 Time: 0.4762627000163775
Train loss: 0.9483576335841235 Val loss: 0.14955161090904265 Time: 0.4694610000005923
Train loss: 0.912885541897996 Val loss: 0.1586776973915174 Time: 0.4701564999995753
Train loss: 0.8992829884505973 Val loss: 0.15608539927778606 Time: 0.47058140000444837
Train loss: 0.8873163590500397 Val loss: 0.14821363976624716 Time: 0.46652779998839833
Train loss: 0.8737728829498721 Val loss: 0.14967887321949247 Time: 0.46681660000467673
Train loss: 0.871724944204666 Val loss: 0.1541869038939073 Time: 0.4676818000152707
Train loss: 0.8495928762117666 Val loss: 0.17623203826158926 Time: 0.49471769999945536
Train loss: 0.870609650914421 Val loss: 0.15191999723314145 Time: 0.47733290001633577
Train loss: 0.8204573024314357 Val loss: 0.14557058676612103 Time: 0.4661993999907281
Train loss: 0.8263704443323192 Val loss: 0.14840921438750063 Time: 0.4727124999917578
Train loss: 0.8174752158856808 Val loss: 0.1593717675246947 Time: 0.46875070000533015
Train loss: 0.8212055577184572 Val loss: 0.1707911651121871 Time: 0.46599029999924824
Train loss: 0.8251728082267387 Val loss: 0.15930632892929544 Time: 0.4684392999915872
Train loss: 0.8071671541494112 Val loss: 0.15104333275222656 Time: 0.46949219997623004
Train loss: 0.7940644942514155 Val loss: 0.1481155233275638 Time: 0.4654710999748204
Train loss: 0.7852213136248238 Val loss: 0.14717619233720153 Time: 0.4740733999933582
Train loss: 0.7690672097795783 Val loss: 0.15674253433991553 Time: 0.4745126999914646
Train loss: 0.7603558136268305 Val loss: 0.17490193423372297 Time: 0.47173399999155663
Train loss: 0.748877032937262 Val loss: 0.1768501586715153 Time: 0.4703780999989249
Train loss: 0.7590694794472648 Val loss: 0.15287231296904238 Time: 0.4686064000125043
Train loss: 0.8114481474454749 Val loss: 0.14152028477501521 Time: 0.46505609998712316
Train loss: 0.7893016621244549 Val loss: 0.1378178144371799 Time: 0.47987039998406544
Train loss: 0.80241854075437 Val loss: 0.14982951583893106 Time: 0.5632684000011068
Train loss: 0.731973332596266 Val loss: 0.20089362806099784 Time: 0.47049110001535155
Train loss: 0.7850615704986552 Val loss: 0.25003745412547834 Time: 0.49499200002173893
Train loss: 0.8173118633239085 Val loss: 0.1870649137598281 Time: 0.7019402000005357
Train loss: 0.7475350581826357 Val loss: 0.12632517366443644 Time: 0.6290470999956597
Train loss: 0.8981030132899264 Val loss: 0.13452524181338618 Time: 0.5226763999962714
Train loss: 0.8007766810448587 Val loss: 0.1322290136911005 Time: 0.49286680002114736
Train loss: 0.679710404659362 Val loss: 0.16687312882978686 Time: 0.4952925999823492
Train loss: 0.6662497187153349 Val loss: 0.21595256868663265 Time: 0.47854019998339936
Train loss: 0.6929378136855568 Val loss: 0.17967402617135653 Time: 0.47824630001559854
Train loss: 0.6557561448459523 Val loss: 0.137813807762958 Time: 0.48255470002186485
Train loss: 0.8136205416467543 Val loss: 0.12932603641478077 Time: 0.47926610001013614
Train loss: 0.8222462692494332 Val loss: 0.14077717969082879 Time: 0.7969352999934927
Train loss: 0.70015406765026 Val loss: 0.20753014902695627 Time: 1.021566300012637
Train loss: 0.7892375130560083 Val loss: 0.21470446827111772 Time: 1.2564190000121016
Train loss: 0.6925487890541149 Val loss: 0.12495594826048276 Time: 1.185175699996762
Train loss: 0.8159107857336494 Val loss: 0.14039287511929882 Time: 1.102283999993233
Train loss: 0.7696540224643513 Val loss: 0.12930589511311313 Time: 1.3488534000061918
Train loss: 0.6032307022413017 Val loss: 0.17971693590845794 Time: 1.2761204999987967
Train loss: 0.6855773092475914 Val loss: 0.23132166593237868 Time: 1.2760853999934625
Train loss: 0.7257508503767705 Val loss: 0.17846208592282584 Time: 1.2620799000142142
Train loss: 0.6291666164808447 Val loss: 0.11816571844017473 Time: 1.2610247999837156
Train loss: 1.0802720070524288 Val loss: 0.14721419510657716 Time: 0.6856254999875091
Train loss: 0.7003636343079318 Val loss: 0.15919579080912516 Time: 0.4682256000232883
Train loss: 0.7071585751672842 Val loss: 0.23551834181569387 Time: 0.4677893999905791
Train loss: 0.7126294952138359 Val loss: 0.1549964026727245 Time: 0.47063450000132434
Train loss: 0.6347981596607326 Val loss: 0.11846835873004176 Time: 0.5273921000189148
Train loss: 0.7426856861900326 Val loss: 0.12484379322594978 Time: 0.47131020002416335
Shrinking learning rate to 1e-05
Train loss: 0.7370832552919708 Val loss: 0.1594608818524953 Time: 0.46897759998682886
Train loss: 0.5907161414590334 Val loss: 0.1508515536843541 Time: 0.47328700000070967
Train loss: 0.5623936282336665 Val loss: 0.1497768788322735 Time: 0.4746154999884311
Train loss: 0.5503344467502354 Val loss: 0.14934885542018908 Time: 0.5169854999985546
Train loss: 0.5432925021818567 Val loss: 0.1490052034547591 Time: 0.4636887999949977
Train loss: 0.5384149763115715 Val loss: 0.14874238277660703 Time: 0.465706399991177
Train loss: 0.5344796785556554 Val loss: 0.14827764527375575 Time: 0.4787551000190433
Train loss: 0.5310867158460262 Val loss: 0.1477417657785544 Time: 0.4699476000096183
Train loss: 0.5281280738653322 Val loss: 0.1472245898525047 Time: 0.46903569999267347
Train loss: 0.5255215009498784 Val loss: 0.1466218402073401 Time: 0.46928229997865856
Train loss: 0.5232198919791848 Val loss: 0.1462736557319351 Time: 0.48702959998627193
Train loss: 0.5210945207826718 Val loss: 0.14568686897185149 Time: 0.48207889997866005
Train loss: 0.5190817603082696 Val loss: 0.1451295772088898 Time: 0.4768837000010535
Train loss: 0.5172037080739429 Val loss: 0.14458930282175525 Time: 0.521177099988563
Train loss: 0.5156751518916352 Val loss: 0.14400555450590777 Time: 0.4760563999880105
Train loss: 0.5139861146072295 Val loss: 0.1435699581603849 Time: 0.53765429998748
Train loss: 0.5125514944422767 Val loss: 0.14305877427125585 Time: 0.4870212000096217
Train loss: 0.51116275847781 Val loss: 0.14250376460259576 Time: 0.46947349997935817
Train loss: 0.5099757191732623 Val loss: 0.14194657272543218 Time: 0.4658898999914527
Train loss: 0.5086113313530882 Val loss: 0.14142382467540748 Time: 0.4685493999859318
Train loss: 0.5074229803864849 Val loss: 0.14091746117087464 Time: 0.4719286000181455
Train loss: 0.506302426672685 Val loss: 0.1404162551327322 Time: 0.4646159000112675
Train loss: 0.5050313098000418 Val loss: 0.1401818622169254 Time: 0.4809952999930829
Train loss: 0.5040261412524156 Val loss: 0.13987156726450267 Time: 0.5119137000001501
Train loss: 0.5029919223539986 Val loss: 0.13962684370319853 Time: 0.47792100001242943
Train loss: 0.5019632358032347 Val loss: 0.13935169999049968 Time: 0.4646517999935895
Train loss: 0.5010065126403873 Val loss: 0.13913259222022242 Time: 0.46915180000360124
Train loss: 0.5001005158597494 Val loss: 0.138898427685099 Time: 0.46512250002706423
Train loss: 0.49920095192434033 Val loss: 0.13844355577329878 Time: 0.4676562999957241
Train loss: 0.49824041322001733 Val loss: 0.1382223306935476 Time: 0.4667804000200704
Train loss: 0.4975415379613679 Val loss: 0.13781392302141807 Time: 0.47016460000304505
Train loss: 0.4965797063874504 Val loss: 0.1376680451642863 Time: 0.4702784000255633
Train loss: 0.49585876068792345 Val loss: 0.13752750820316834 Time: 0.46596599998883903
Train loss: 0.49520266552688685 Val loss: 0.1371298043156405 Time: 0.4721797999809496
Train loss: 0.4941723273625982 Val loss: 0.13709398190307426 Time: 0.473969999991823
Train loss: 0.49373222489947466 Val loss: 0.13673406918726397 Time: 0.48694140001316555
Train loss: 0.49286956584285235 Val loss: 0.13663585158145086 Time: 0.47907020000275224
Train loss: 0.49222827327548657 Val loss: 0.1362628396274079 Time: 0.4668889000022318
Train loss: 0.49138147774519325 Val loss: 0.13625185947542504 Time: 0.464687799976673
Train loss: 0.49090351033046886 Val loss: 0.13598958277549178 Time: 0.47378599998774007
Train loss: 0.49004608052496224 Val loss: 0.13593133928909004 Time: 0.46874700000626035
Train loss: 0.48954086552953413 Val loss: 0.13558741034999164 Time: 0.4701266000047326
Train loss: 0.48862790144809054 Val loss: 0.1356164956163031 Time: 0.46340179999242537
Train loss: 0.4881387853736676 Val loss: 0.13556513487461155 Time: 0.5058172999997623
Train loss: 0.48752830529597446 Val loss: 0.1353425850598903 Time: 0.4915890999836847
Train loss: 0.48681816463092886 Val loss: 0.13530683630850313 Time: 0.47223770001437515
Train loss: 0.4864006365643547 Val loss: 0.13504358492761911 Time: 0.46690440000384115
Train loss: 0.4855529416510871 Val loss: 0.13506793196353636 Time: 0.46163390000583604
Train loss: 0.485025732771863 Val loss: 0.13491706943422918 Time: 0.4669192000001203
Train loss: 0.48432797917396186 Val loss: 0.13488659369862888 Time: 0.46594580000964925
Train loss: 0.48373031062577354 Val loss: 0.13484030746188358 Time: 0.469367699988652
Train loss: 0.48310122637398933 Val loss: 0.13464659021399747 Time: 0.4668849000008777
Train loss: 0.4824523323842991 Val loss: 0.13454715681618837 Time: 0.46982470000511967
Train loss: 0.48191570741825096 Val loss: 0.13433283439726584 Time: 0.4709830999781843
Train loss: 0.48132680212518864 Val loss: 0.13431527751921243 Time: 0.47065599999041297
Train loss: 0.4807594774515991 Val loss: 0.13427545135960198 Time: 0.4704409000114538
Train loss: 0.48024604348888467 Val loss: 0.1339976318246703 Time: 0.4663736000075005
Train loss: 0.4795508155595094 Val loss: 0.13396647793157718 Time: 0.46797299999161623
Train loss: 0.47920869843609837 Val loss: 0.13366404395873516 Time: 0.46495249998406507
Train loss: 0.47841326260312655 Val loss: 0.13368899578979485 Time: 0.4666525000066031
Train loss: 0.47788149227550036 Val loss: 0.13364578914213923 Time: 0.46704309998312965
Train loss: 0.4774250336718566 Val loss: 0.13343561115200414 Time: 0.4690975999983493
Train loss: 0.4768447534160458 Val loss: 0.13342811234910287 Time: 0.46437410000362433
Train loss: 0.4763637794602573 Val loss: 0.13316245079690908 Time: 0.46354579998296686
Train loss: 0.475741332858135 Val loss: 0.13313447245538096 Time: 0.46312159998342395
Train loss: 0.47531333173282064 Val loss: 0.13295129332566702 Time: 0.4669949999952223
Train loss: 0.47471559401924424 Val loss: 0.13297744324288244 Time: 0.4672203999944031
Train loss: 0.4742224587510293 Val loss: 0.1328485345829048 Time: 0.46619800000917166
Train loss: 0.4736787452636406 Val loss: 0.1327383284653237 Time: 0.4679314000240993
Train loss: 0.47316669237818587 Val loss: 0.13269649284910465 Time: 0.4672943000041414
Train loss: 0.4726537830484858 Val loss: 0.13249681592575394 Time: 0.4664442000212148
Train loss: 0.47214602313016485 Val loss: 0.13245393695039556 Time: 0.4627734999812674
Complete
 Total time: 141.43891689999145