starting log for model: C:\Users\christopher.johnson\Documents\GitHub\flu\rnn_2019.pth
Train loss: 10.179389757111473 Val loss: 2.9074322013475467 Time: 0.3873252000194043
Train loss: 6.150211856634375 Val loss: 1.2281328393146396 Time: 0.4456062999088317
Train loss: 5.497641758380901 Val loss: 0.3485698059666902 Time: 0.43454059993382543
Train loss: 4.677090821261681 Val loss: 0.10273851076362917 Time: 0.4236674999119714
Train loss: 5.914017237271636 Val loss: 0.5838807587892916 Time: 0.37955369998235255
Train loss: 4.660824184850737 Val loss: 0.41065539406736207 Time: 0.38386130006983876
Train loss: 3.973431112191747 Val loss: 1.3296519575796992 Time: 0.4027506000129506
Train loss: 3.281646778632748 Val loss: 1.2497668640571646 Time: 0.3742296000709757
Train loss: 2.6748576702022113 Val loss: 1.4662814514510103 Time: 0.36439800006337464
Train loss: 2.549630333909562 Val loss: 1.9892537407142754 Time: 0.39844390004873276
Train loss: 2.3981710539011383 Val loss: 2.2417394766234793 Time: 0.5217708999989554
Train loss: 2.419945730264857 Val loss: 1.8304310373023327 Time: 0.47834999999031425
Train loss: 2.5258300714653004 Val loss: 1.4329475683443889 Time: 0.44165849999990314
Train loss: 2.8690523987367595 Val loss: 1.2863126263900995 Time: 0.5263434000080451
Train loss: 1.8695823739643593 Val loss: 2.1806447130365996 Time: 0.40595499996561557
Train loss: 1.9796338514001577 Val loss: 1.5211464506064658 Time: 0.3545478000305593
Train loss: 1.9510305558460521 Val loss: 1.016357999034426 Time: 0.39941090007778257
Train loss: 1.8596997511971258 Val loss: 1.8767247886571568 Time: 0.3693096999777481
Train loss: 2.2786437513455158 Val loss: 1.2101523689707392 Time: 0.35827520000748336
Train loss: 2.3731688374810176 Val loss: 1.1275665171988436 Time: 0.37070410000160336
Train loss: 2.0409953784702264 Val loss: 2.143782224258757 Time: 0.362671299953945
Train loss: 2.089614915606319 Val loss: 1.372890986643256 Time: 0.35171160008758307
Train loss: 1.4399332841913224 Val loss: 1.637716940487735 Time: 0.36073479999322444
Train loss: 1.533731947554931 Val loss: 1.6310764708032366 Time: 0.3696460999781266
Train loss: 1.3118411356160635 Val loss: 1.256180690601468 Time: 0.355944300070405
Train loss: 1.1156398232584195 Val loss: 1.626402560545671 Time: 0.40151110000442713
Train loss: 1.2571705620898115 Val loss: 2.0092006944796594 Time: 0.37495520000811666
Train loss: 1.538313655252768 Val loss: 1.60577171659952 Time: 0.35632289992645383
Train loss: 1.9227637513822726 Val loss: 0.891416895447037 Time: 0.35794770007487386
Train loss: 1.5724710957798624 Val loss: 2.494215201843957 Time: 0.356423000106588
Train loss: 2.2039069959208293 Val loss: 1.6933251166055925 Time: 0.35439890006091446
Train loss: 2.271548960970329 Val loss: 2.151523506542617 Time: 0.34874990000389516
Train loss: 1.5671472574480632 Val loss: 1.8235648217851121 Time: 0.3517734999768436
Train loss: 1.3066649881904775 Val loss: 2.2333857502235333 Time: 0.3555350999813527
Train loss: 1.1007945859969952 Val loss: 1.1396148348903807 Time: 0.3895171000622213
Train loss: 1.5660474897165928 Val loss: 1.3664554626684549 Time: 0.35786640003789216
Train loss: 1.436436258618027 Val loss: 2.2809811376500875 Time: 0.3446690000128001
Train loss: 1.3400922449914163 Val loss: 1.8131050817901269 Time: 0.3551541001070291
Train loss: 1.3720680499944928 Val loss: 1.359938503432204 Time: 0.3633260000497103
Train loss: 1.3506686536865757 Val loss: 4.405504384332744 Time: 0.3555196999805048
Train loss: 1.0210047045699184 Val loss: 1.6244202157096765 Time: 0.35775089997332543
Train loss: 1.8501527587959572 Val loss: 2.351781842769924 Time: 0.3508300998946652
Train loss: 1.48881533147446 Val loss: 0.9258181137411157 Time: 0.35551200003828853
Train loss: 0.9779707696403479 Val loss: 1.8070494328612767 Time: 0.3552507000276819
Train loss: 1.0627167647114 Val loss: 1.9196600682918756 Time: 0.3539420999586582
Train loss: 1.6588404760528803 Val loss: 0.6030894810101017 Time: 0.3503443000372499
Train loss: 2.4801871816860412 Val loss: 2.461978608977006 Time: 0.3718254999257624
Train loss: 2.0723279222899293 Val loss: 3.4516593232314676 Time: 0.3408637000247836
Train loss: 1.460726284431212 Val loss: 2.291118610424519 Time: 0.3554764000000432
Train loss: 1.3617120882024665 Val loss: 2.5327176688775808 Time: 0.3446598000591621
Train loss: 1.22087909410968 Val loss: 2.1825713780864078 Time: 0.3462452000239864
Train loss: 1.6326114169957928 Val loss: 2.8716732261249405 Time: 0.3499870999949053
Train loss: 1.4230709744202343 Val loss: 1.8847196643791904 Time: 0.34821079997345805
Shrinking learning rate to 0.0001
Train loss: 1.6760523383588377 Val loss: 1.403563458645876 Time: 0.3447659000521526
Train loss: 0.8773624011785657 Val loss: 1.3996704685810641 Time: 0.3364611000288278
Train loss: 0.8307177232031573 Val loss: 1.4563987532393412 Time: 0.3456699000671506
Train loss: 1.0597066784805094 Val loss: 1.5303007913651854 Time: 0.34332179999910295
Train loss: 0.7573613321510777 Val loss: 1.517602990531401 Time: 0.34306959994137287
Train loss: 0.727319365625533 Val loss: 1.578546475804501 Time: 0.34003929991740733
Train loss: 0.7183645424644052 Val loss: 1.5453014778199758 Time: 0.34932639996986836
Train loss: 0.7527761042438763 Val loss: 1.5784946358608067 Time: 0.3452273999573663
Train loss: 0.8022934896605654 Val loss: 1.6514162751406047 Time: 0.3411704999161884
Train loss: 0.6346286550953923 Val loss: 1.6292561477271192 Time: 0.34479530004318804
Train loss: 0.8431015180240713 Val loss: 1.6878853221942514 Time: 0.35726449999492615
Train loss: 0.7157692878309034 Val loss: 1.716359773995805 Time: 0.3476866000564769
Train loss: 0.6110733323703412 Val loss: 1.6423126402371508 Time: 0.34739120001904666
Train loss: 0.6424689230467758 Val loss: 1.6594552202095088 Time: 0.35359209997113794
Train loss: 0.6676008136947047 Val loss: 1.6626700692142506 Time: 0.3421949000330642
Train loss: 0.5868805237632131 Val loss: 1.622286880802676 Time: 0.33669139991980046
Train loss: 0.6939097573537794 Val loss: 1.698969937735228 Time: 0.33943559997715056
Train loss: 0.6146072946871964 Val loss: 1.6456476923117407 Time: 0.36042090004775673
Train loss: 0.568267037893223 Val loss: 1.6587520834741554 Time: 0.3490229999879375
Train loss: 0.6147948573335009 Val loss: 1.6931559349704912 Time: 0.35381790006067604
Train loss: 0.546672053466501 Val loss: 1.678776736571308 Time: 0.33743820001836866
Train loss: 0.5916903370438789 Val loss: 1.6585670181693786 Time: 0.3475643000565469
Train loss: 0.6607009859883277 Val loss: 1.6932875839802364 Time: 0.33779249992221594
Train loss: 0.5152050433808775 Val loss: 1.634689746474578 Time: 0.34180759999435395
Train loss: 0.5759764155598444 Val loss: 1.6022954874687683 Time: 0.3492642000783235
Train loss: 0.5072471515360721 Val loss: 1.613692762331084 Time: 0.34015029994770885
Train loss: 0.48513888080020706 Val loss: 1.6318242683744302 Time: 0.3511308999732137
Train loss: 0.5708471140876483 Val loss: 1.6916762021874092 Time: 0.3526890999637544
Train loss: 0.5912299169472632 Val loss: 1.605473923168688 Time: 0.3633008999750018
Train loss: 0.4933028044566683 Val loss: 1.6252111394788926 Time: 0.3566726000281051
Train loss: 0.45855033618343044 Val loss: 1.6044335590595438 Time: 0.34436420002020895
Train loss: 0.46890162680372693 Val loss: 1.6238063046642424 Time: 0.3687495000194758
Train loss: 0.5250340309906729 Val loss: 1.6189926053884278 Time: 0.3480546000646427
Train loss: 0.5519671750236794 Val loss: 1.601325239950313 Time: 0.3500564999412745
Train loss: 0.5583918728219661 Val loss: 1.6299050533808312 Time: 0.34101449989248067
Train loss: 0.4396151527181731 Val loss: 1.6223725668933753 Time: 0.3504247000673786
Train loss: 0.42132457871843304 Val loss: 1.6445710309965023 Time: 0.3449298999039456
Train loss: 0.518719583113064 Val loss: 1.6508894122974311 Time: 0.34827519999817014
Train loss: 0.44214297116747625 Val loss: 1.657307717423464 Time: 0.34571779996622354
Train loss: 0.4223817110358354 Val loss: 1.6080201130884753 Time: 0.35964139993302524
Train loss: 0.4507955119744249 Val loss: 1.595071334210303 Time: 0.34137869998812675
Train loss: 0.4859539385965963 Val loss: 1.616102770528002 Time: 0.3480547999497503
Train loss: 0.5150792630368999 Val loss: 1.5998286571911535 Time: 0.3527325999457389
Train loss: 0.5162053722883141 Val loss: 1.7439904544365419 Time: 0.3423927000258118
Train loss: 0.48573628101389943 Val loss: 1.7119014725290072 Time: 0.3515183998970315
Train loss: 0.5023989435750216 Val loss: 1.6686339981383753 Time: 0.3758537999819964
Shrinking learning rate to 1e-05
Train loss: 0.41587250940909953 Val loss: 1.6471192208846024 Time: 0.3487496000016108
Train loss: 0.46563749891792017 Val loss: 1.6485566886420315 Time: 0.3446843000128865
Train loss: 0.47100352595291917 Val loss: 1.6619993926231018 Time: 0.3458191000390798
Train loss: 0.4458891639060809 Val loss: 1.6589503205110603 Time: 0.3446825999999419
Train loss: 0.47289107422910837 Val loss: 1.6647178891171928 Time: 0.3546108000446111
Train loss: 0.4279835517030497 Val loss: 1.665105229362851 Time: 0.35032570001203567
Train loss: 0.5409646697375594 Val loss: 1.6633457419990805 Time: 0.347332900040783
Train loss: 0.398909971654021 Val loss: 1.6647419800241607 Time: 0.3405425000237301
Train loss: 0.4567990356897438 Val loss: 1.6686142545994613 Time: 0.33694730000570416
Train loss: 0.5064082757063189 Val loss: 1.6697358178860071 Time: 0.41172009997535497
Train loss: 0.4105514829009458 Val loss: 1.66127836490179 Time: 0.45790739997755736
Train loss: 0.5212225580637417 Val loss: 1.6674116474756602 Time: 0.35129530006088316
Train loss: 0.46898432470270235 Val loss: 1.6678948675100997 Time: 0.3545933000277728
Train loss: 0.37504877122929386 Val loss: 1.663267736203494 Time: 0.36394800001289696
Train loss: 0.39273944146186857 Val loss: 1.652509864363065 Time: 0.4369831000221893
Train loss: 0.45746311320551236 Val loss: 1.6487351465472173 Time: 0.36353979993145913
Train loss: 0.44681027495584624 Val loss: 1.6502999980057993 Time: 0.4327973999315873
Train loss: 0.4784946207752583 Val loss: 1.6520159142177988 Time: 0.3755076000234112
Train loss: 0.55783456533117 Val loss: 1.6562236857686639 Time: 0.36002600006759167
Train loss: 0.40044130465172967 Val loss: 1.6566417068665045 Time: 0.3599450000328943
Train loss: 0.3991134494734882 Val loss: 1.6543338329740143 Time: 0.38870430004317313
Train loss: 0.349304821047248 Val loss: 1.6545786522700254 Time: 0.35079339996445924
Train loss: 0.3897097737971955 Val loss: 1.649532531139311 Time: 0.3438512999564409
Train loss: 0.5517247245106071 Val loss: 1.657427963519444 Time: 0.3452625999925658
Train loss: 0.3603720340617112 Val loss: 1.6563596848826316 Time: 0.34323969995602965
Train loss: 0.4582764358134356 Val loss: 1.6613966066121457 Time: 0.33755910000763834
Train loss: 0.45491302858474825 Val loss: 1.665086988524524 Time: 0.34804509999230504
Train loss: 0.4973553255329257 Val loss: 1.6796168777232836 Time: 0.3477967999642715
Train loss: 0.40049674603602436 Val loss: 1.6603513385928963 Time: 0.33492709998972714
Train loss: 0.3930607144465359 Val loss: 1.6584006220041587 Time: 0.34473150002304465
Train loss: 0.5460805025970048 Val loss: 1.6799398399704284 Time: 0.3432150000007823
Shrinking learning rate to 1.0000000000000002e-06
Train loss: 0.49501255232722896 Val loss: 1.6559223501358886 Time: 0.3560813000658527
Train loss: 0.521280490364427 Val loss: 1.6569000628545751 Time: 0.3442177000688389
Train loss: 0.4930453152256805 Val loss: 1.6574335934728381 Time: 0.3391531000379473
Train loss: 0.3822247193396411 Val loss: 1.6567965892907068 Time: 0.334557699970901
Train loss: 0.3847242645627449 Val loss: 1.6566844133686942 Time: 0.34456529992166907
Train loss: 0.4760760865106326 Val loss: 1.6580355630251944 Time: 0.34224529995117337
Train loss: 0.3899604603404323 Val loss: 1.6581993961587074 Time: 0.3453639999497682
Train loss: 0.39288005926056424 Val loss: 1.6597742192298952 Time: 0.33800819993484765
Train loss: 0.4199114440046783 Val loss: 1.6591552423413134 Time: 0.34816649998538196
Train loss: 0.4144062136464697 Val loss: 1.6598460018814265 Time: 0.34595830005127937
Shrinking learning rate to 1.0000000000000002e-07
Learning rate getting small
Complete
 Total time: 50.925123600056395