starting log for model: C:\Users\christopher.johnson\Documents\rnn_lin1_new_22-23.pth
Train loss: 14.813852382968946 Val loss: 1.6786294308526384 Time: 0.775211300002411
Train loss: 14.164768981323277 Val loss: 1.6199545951246797 Time: 0.9409194000036223
Train loss: 13.254135925898346 Val loss: 1.5546604302747675 Time: 0.7698802999948384
Train loss: 10.78951249347078 Val loss: 1.2719125996475498 Time: 0.8734604999917792
Train loss: 7.851920742252297 Val loss: 0.9654108729390942 Time: 0.7556381999893347
Train loss: 6.775781561042546 Val loss: 0.8557393944102822 Time: 0.8344005000108154
Train loss: 6.278595597527556 Val loss: 0.8103640122293082 Time: 0.7118664000008721
Train loss: 6.250140250748686 Val loss: 0.8047412251059419 Time: 0.7292224000120768
Train loss: 6.241102121485891 Val loss: 0.8032262009911781 Time: 0.7305506999982754
Train loss: 5.6481481207514355 Val loss: 0.7490863437629586 Time: 0.7255351000057999
Train loss: 5.642099845628925 Val loss: 0.749418843070679 Time: 0.7274520999926608
Train loss: 5.740503020971097 Val loss: 0.7482073195954502 Time: 0.7180640000005951
Train loss: 5.340809303235574 Val loss: 0.7085372997415171 Time: 0.7843427000043448
Train loss: 5.238986928443535 Val loss: 0.7043289872106004 Time: 0.7341321999992942
Train loss: 5.233272722158 Val loss: 0.7016510099697473 Time: 0.7297256999881938
Train loss: 5.062227474936378 Val loss: 0.6809686957382489 Time: 0.7289136000035796
Train loss: 4.9036433300509925 Val loss: 0.6640386599970938 Time: 0.7128330000123242
Train loss: 4.813610132763882 Val loss: 0.6464647508616858 Time: 0.6976679000072181
Train loss: 4.747117728664009 Val loss: 0.6442516251362947 Time: 0.6998320999991847
Train loss: 4.5013619084904954 Val loss: 0.6181022546165809 Time: 0.7286735999950906
Train loss: 4.432281785689049 Val loss: 0.6095461692534027 Time: 0.724426200002199
Train loss: 4.174308027873309 Val loss: 0.5886670706193298 Time: 0.7675130999996327
Train loss: 4.341221457416324 Val loss: 0.5942119654691205 Time: 0.7422404999961145
Train loss: 4.054150153417908 Val loss: 0.5682869937799004 Time: 0.7614998999924865
Train loss: 3.6930500223714358 Val loss: 0.5379310527011588 Time: 0.7829348000086611
Train loss: 3.722335116452875 Val loss: 0.5372212749250322 Time: 0.7042861000081757
Train loss: 3.6409826433004753 Val loss: 0.52592352195173 Time: 0.7053443000040716
Train loss: 3.536621133067923 Val loss: 0.5232680740906664 Time: 0.7156837999937125
Train loss: 3.314827465485351 Val loss: 0.4499737650201195 Time: 0.6986865999933798
Train loss: 3.2158644258732774 Val loss: 0.4538644113039245 Time: 0.6958860000013374
Train loss: 3.245283042954787 Val loss: 0.4461694461917627 Time: 0.7067861999967135
Train loss: 2.9782867128992336 Val loss: 0.4147202484413341 Time: 0.716478799993638
Train loss: 2.93377330294022 Val loss: 0.41463019562451336 Time: 0.696735899997293
Train loss: 2.799865540720333 Val loss: 0.38643250071730895 Time: 0.7137746999942465
Train loss: 2.733654415352433 Val loss: 0.37400099357149375 Time: 0.7205179999873508
Train loss: 2.6092999916375597 Val loss: 0.37107694978510336 Time: 0.7170424999931129
Train loss: 2.580875324448611 Val loss: 0.3452264373642734 Time: 0.703391000002739
Train loss: 2.4621237061053733 Val loss: 0.3414312363527062 Time: 0.713876199995866
Train loss: 2.399566122420204 Val loss: 0.34191981007199973 Time: 0.7256866999960039
Train loss: 2.3599359409734255 Val loss: 0.30187382910719474 Time: 0.7442887000070186
Train loss: 2.2138123033604273 Val loss: 0.2894857466048427 Time: 0.7222093000018504
Train loss: 2.305713811479153 Val loss: 0.2901110354960603 Time: 0.6730709999974351
Train loss: 2.2049521629298283 Val loss: 0.31287715491913765 Time: 0.7262517000053776
Train loss: 2.1281911833217606 Val loss: 0.2752623384413983 Time: 0.7025666999979876
Train loss: 2.1379787349384154 Val loss: 0.28676080127812525 Time: 0.7053407999919727
Train loss: 1.963300535310947 Val loss: 0.25475400233805334 Time: 0.7169613000005484
Train loss: 1.9288458606084617 Val loss: 0.2278100559177433 Time: 0.7053871000098297
Train loss: 1.7919093772746066 Val loss: 0.2241703087975282 Time: 0.6954423999995925
Train loss: 2.0211245428415054 Val loss: 0.25133054737843297 Time: 0.7019572999997763
Train loss: 1.8731030797239416 Val loss: 0.2206043344230288 Time: 0.6854872999974759
Train loss: 1.7535922903058065 Val loss: 0.22247836739648136 Time: 0.708275600001798
Train loss: 1.8230518775029338 Val loss: 0.2154389552187894 Time: 0.7190911000070628
Train loss: 1.6168614507970813 Val loss: 0.19041116362091778 Time: 0.7119982000003802
Train loss: 1.687135448089066 Val loss: 0.2308226773345861 Time: 0.7262554000044474
Train loss: 1.582132033817743 Val loss: 0.193060774937688 Time: 0.7205104999884497
Train loss: 1.578653649971912 Val loss: 0.20089971884141572 Time: 0.7252256000065245
Train loss: 1.6063009794390282 Val loss: 0.19101915681724846 Time: 0.7297446000011405
Train loss: 1.519791471104659 Val loss: 0.1871725937084869 Time: 0.7197301999985939
Train loss: 1.5035983534222193 Val loss: 0.2072322116663407 Time: 0.7334439999976894
Train loss: 1.455488299709657 Val loss: 0.17922409152505614 Time: 0.7153056000097422
Train loss: 1.432068363947792 Val loss: 0.19967580085689982 Time: 0.7446009999985108
Train loss: 1.4975267542143635 Val loss: 0.1839724302105387 Time: 0.6870697999984259
Train loss: 1.3551449154204356 Val loss: 0.17426578135652365 Time: 0.7121377000003122
Train loss: 1.3233524861345751 Val loss: 0.16604897298573737 Time: 0.7306482999993023
Train loss: 1.1877761493052788 Val loss: 0.23770535327346856 Time: 0.7071954999992158
Train loss: 1.2520454324543273 Val loss: 0.17212727430693917 Time: 0.7022810000053141
Train loss: 1.244533610870473 Val loss: 0.17405621450595904 Time: 0.8850794000027236
Train loss: 1.0727738100052306 Val loss: 0.15724420165563086 Time: 0.8133876000065356
Train loss: 1.1255679077204377 Val loss: 0.19547731246845867 Time: 0.871441600000253
Train loss: 1.362632144014274 Val loss: 0.17515895634775705 Time: 0.7220148000051267
Train loss: 1.0511092478783013 Val loss: 0.19764004659376766 Time: 0.7092613999993773
Train loss: 1.2116025430860198 Val loss: 0.20057322162400795 Time: 0.7247593999927631
Train loss: 1.0469565777626428 Val loss: 0.149891318138114 Time: 0.727377000002889
Train loss: 1.0623564803985346 Val loss: 0.17346082941745167 Time: 0.7294404999993276
Train loss: 1.0905524200264693 Val loss: 0.24743638833478881 Time: 0.70178489999671
Train loss: 1.0688433362386418 Val loss: 0.17248029788034305 Time: 0.7239803999982541
Train loss: 1.0406329601894697 Val loss: 0.1792047118760874 Time: 0.7161007000104291
Train loss: 1.14924844683171 Val loss: 0.19766935557349474 Time: 0.727987000005669
Train loss: 1.001574070407088 Val loss: 0.1501240576944777 Time: 0.69798319999245
Train loss: 0.9131155732322043 Val loss: 0.2043330120020236 Time: 0.7377549999946496
Train loss: 1.0756572426339588 Val loss: 0.12048038865215767 Time: 0.7418027999956394
Train loss: 0.9014219493707287 Val loss: 0.18685359158502393 Time: 0.7565300999995088
Train loss: 0.9102275231518187 Val loss: 0.17919377022200222 Time: 0.7048705999914091
Train loss: 0.8847679580696166 Val loss: 0.14509925991133688 Time: 0.7511801000073319
Train loss: 0.8713680684005709 Val loss: 0.2053966056027752 Time: 0.7182576000050176
Train loss: 1.0449626412390405 Val loss: 0.16591190185098742 Time: 0.7027791000000434
Train loss: 0.8781798940213128 Val loss: 0.12565559942234225 Time: 0.7991432999988319
Train loss: 0.840728285731096 Val loss: 0.20646627954164146 Time: 0.704476999992039
Train loss: 0.8688079516299325 Val loss: 0.16613954191768587 Time: 0.6995815000118455
Train loss: 0.8989780911512639 Val loss: 0.09239782605252106 Time: 0.6963084999879356
Train loss: 0.861199031624782 Val loss: 0.2328079075585606 Time: 0.7285196000011638
Train loss: 1.0596782175357085 Val loss: 0.11777060123689594 Time: 0.737778900002013
Train loss: 0.8048087455289652 Val loss: 0.1906318045001743 Time: 0.7196441999985836
Train loss: 0.8655758187335323 Val loss: 0.14926190449291818 Time: 0.7415927000110969
Train loss: 0.813766729636594 Val loss: 0.19525420778695887 Time: 0.7362357999954838
Train loss: 0.7714154461036185 Val loss: 0.13959366643745194 Time: 0.7096519000042463
Train loss: 0.7703437985996828 Val loss: 0.16376695428979546 Time: 0.7366458999895258
Train loss: 0.7257770256162459 Val loss: 0.1579726857949673 Time: 0.6869202999951085
Train loss: 0.776296151112569 Val loss: 0.2162731459583769 Time: 0.7118182999984128
Train loss: 0.8574035539190348 Val loss: 0.15413775501190619 Time: 0.7259425999945961
Train loss: 0.7826231609524541 Val loss: 0.22341923405772554 Time: 0.7169652000011411
Train loss: 0.8601481818089667 Val loss: 0.08964648157449265 Time: 0.6899314999900525
Train loss: 0.7209879260703449 Val loss: 0.18725106059433685 Time: 0.7083020999998553
Train loss: 0.6801176277391505 Val loss: 0.19678430685951243 Time: 0.7101115999976173
Train loss: 0.6594495859476623 Val loss: 0.10963838265706047 Time: 0.6998537999897962
Train loss: 0.7181018419613585 Val loss: 0.1697157261166432 Time: 0.7270413999940502
Train loss: 0.7183718160929695 Val loss: 0.14113508505672118 Time: 0.768317099995329
Train loss: 0.6395230368477769 Val loss: 0.10955570162911665 Time: 0.7244037999917055
Train loss: 0.6835039352848469 Val loss: 0.1551917115007562 Time: 0.7054826999956276
Train loss: 0.7350713917539906 Val loss: 0.16919636938434968 Time: 0.7038064999942435
Train loss: 0.6537594293279199 Val loss: 0.1951787286022358 Time: 0.6941209999931743
Train loss: 0.6891089022671792 Val loss: 0.12361528438794814 Time: 0.7351166000007652
Train loss: 0.7141928043223515 Val loss: 0.12108222653222374 Time: 0.7068371000059415
Train loss: 0.6911765924496542 Val loss: 0.19820558405448482 Time: 0.7242466000025161
Train loss: 0.6768729778054379 Val loss: 0.13876773795878553 Time: 0.6884220999927493
Train loss: 0.7406586091065677 Val loss: 0.1873566734728601 Time: 0.7154364999878453
Train loss: 0.618997492140096 Val loss: 0.20598796440077086 Time: 0.7238630000065314
Train loss: 0.7158510924529047 Val loss: 0.08984895561216061 Time: 0.878051299994695
Train loss: 0.6549585003129064 Val loss: 0.18836989461560885 Time: 0.7823238000128185
Train loss: 0.5719170808153251 Val loss: 0.168237493254891 Time: 0.7374770000024
Train loss: 0.628881072143364 Val loss: 0.17174432892629907 Time: 0.8589237999985926
Train loss: 0.6644984863554211 Val loss: 0.12124056504534594 Time: 0.7698719000036363
Train loss: 0.6617655313607449 Val loss: 0.11264489834300373 Time: 0.7537409999931697
Train loss: 0.6435888592413619 Val loss: 0.10294776948108361 Time: 0.8046357999992324
Train loss: 0.5520380699376091 Val loss: 0.1976961504988145 Time: 0.777718500001356
Train loss: 0.7219534694226866 Val loss: 0.16350778784678163 Time: 0.7380716999905417
Train loss: 0.5469877324042756 Val loss: 0.1534183832791347 Time: 0.7111030999949435
Train loss: 0.48724132871893033 Val loss: 0.22446132008053485 Time: 0.6861179999978049
Train loss: 0.490371747574855 Val loss: 0.18131862704232993 Time: 0.699776200010092
Train loss: 0.5362684559824356 Val loss: 0.09933843670395093 Time: 0.7358248000091407
Train loss: 0.5266503615737435 Val loss: 0.12766423205026525 Time: 0.7203996000025654
Train loss: 0.5942047027053441 Val loss: 0.14881550627146192 Time: 0.7049081000004662
Train loss: 0.6523938318784295 Val loss: 0.1603524056675975 Time: 0.7195783000061056
Train loss: 0.5740677781758743 Val loss: 0.116785330029051 Time: 0.6988274999894202
Train loss: 0.5306589079164326 Val loss: 0.13101668761963697 Time: 0.731955499999458
Train loss: 0.5189048164164376 Val loss: 0.11266230064390864 Time: 0.731873299999279
Train loss: 0.46288330196824745 Val loss: 0.1133478979686831 Time: 0.7269537000101991
Train loss: 0.539900943826618 Val loss: 0.19795047286680276 Time: 0.6984238000004552
Train loss: 0.49069327973023746 Val loss: 0.14842319789867825 Time: 0.7035123999958159
Train loss: 0.4436299451363652 Val loss: 0.1190321393998286 Time: 0.7062128999968991
Train loss: 0.47758676331780237 Val loss: 0.11117661136223421 Time: 0.7133173000038369
Train loss: 0.5139239113092835 Val loss: 0.15448955299230344 Time: 0.7278910999884829
Train loss: 0.5218710811290919 Val loss: 0.11958818317302503 Time: 0.7177145000023302
Train loss: 0.42422135744219247 Val loss: 0.1086337013332413 Time: 0.7206153000006452
Train loss: 0.46752696303021324 Val loss: 0.12948917365198548 Time: 0.7088169000053313
Train loss: 0.4625092423378354 Val loss: 0.14828203183187505 Time: 0.7090983000089182
Train loss: 0.44533717092835756 Val loss: 0.1164728504626717 Time: 0.681225500011351
Train loss: 0.47116342848826775 Val loss: 0.11177526730185303 Time: 0.7045142999995733
Train loss: 0.45559539718072983 Val loss: 0.12930035189741898 Time: 0.688836999994237
Train loss: 0.4863295927552542 Val loss: 0.15678121735056283 Time: 0.730801400000928
Train loss: 0.3760333781522134 Val loss: 0.1297097520905235 Time: 0.6898808999976609
Train loss: 0.4534387455782326 Val loss: 0.10980041484717588 Time: 0.7053777000110131
Train loss: 0.4855283053936908 Val loss: 0.1111638271157923 Time: 0.7154498999880161
Train loss: 0.467917232809655 Val loss: 0.1704473724486202 Time: 0.6884949999948731
Train loss: 0.5596287784659166 Val loss: 0.16125525735974816 Time: 0.7118249000050128
Train loss: 0.5673916499965053 Val loss: 0.14408990653701906 Time: 0.7078956999903312
Train loss: 0.5459844020643541 Val loss: 0.11924963099802458 Time: 0.7406954999896698
Train loss: 0.4807410837707877 Val loss: 0.11637836505378703 Time: 0.7057796000008238
Train loss: 0.4893641315206452 Val loss: 0.1808131388602455 Time: 0.7205186999926809
Train loss: 0.3786894416412139 Val loss: 0.10742818781357998 Time: 0.6978168999921763
Shrinking learning rate to 1e-05
Train loss: 0.5023221085172764 Val loss: 0.12954776745305355 Time: 0.679204000000027
Train loss: 0.4545711822730709 Val loss: 0.12614797284058574 Time: 0.654466499996488
Train loss: 0.4460226617367056 Val loss: 0.12197545767853153 Time: 0.6638400000083493
Train loss: 0.39432448174866686 Val loss: 0.11787948455078558 Time: 0.719364200005657
Train loss: 0.3752525518929801 Val loss: 0.11712535823153977 Time: 0.6669758999923943
Train loss: 0.3448077234666247 Val loss: 0.11616233629495616 Time: 0.7483095000061439
Train loss: 0.4073316139074592 Val loss: 0.11512913524683314 Time: 0.6761015999945812
Train loss: 0.4268277955219162 Val loss: 0.11438094314866006 Time: 0.7575846999970963
Train loss: 0.3969723018517297 Val loss: 0.11522349317415716 Time: 0.6808939000038663
Train loss: 0.36446701882083943 Val loss: 0.11227119247074943 Time: 0.7430873999983305
Train loss: 0.32922922666674226 Val loss: 0.10939457452035263 Time: 0.7084925999952247
Train loss: 0.3391913674934912 Val loss: 0.11422202214522223 Time: 0.7168429000012111
Train loss: 0.32896628327307553 Val loss: 0.11427642906411867 Time: 0.6817643999966094
Train loss: 0.34650219394154647 Val loss: 0.11308330315645714 Time: 0.6978106000024127
Train loss: 0.3600993407710007 Val loss: 0.11115998534326033 Time: 0.687675199995283
Train loss: 0.358140616938325 Val loss: 0.11194898253858737 Time: 0.6873918999917805
Train loss: 0.3297665736667037 Val loss: 0.11367349640088244 Time: 0.6745240000018384
Train loss: 0.32502418900337293 Val loss: 0.11073209189669178 Time: 0.7077740999957314
Train loss: 0.38974010552515015 Val loss: 0.11216972571445745 Time: 0.7773843000031775
Train loss: 0.31872281442153394 Val loss: 0.10844163079670986 Time: 0.6887302999966778
Train loss: 0.4055781045154774 Val loss: 0.1119372195552115 Time: 0.6998217000073055
Train loss: 0.35379134350057573 Val loss: 0.11066670175483216 Time: 0.6960392000037245
Train loss: 0.3925429750911107 Val loss: 0.11163499237667335 Time: 0.6957462999998825
Train loss: 0.3397723659975185 Val loss: 0.10819374326943075 Time: 0.6928920999926049
Train loss: 0.32311733010815047 Val loss: 0.10801872958926972 Time: 0.6734997000021394
Train loss: 0.4038169738055757 Val loss: 0.11203106423368861 Time: 0.7144728999992367
Train loss: 0.3420286114370745 Val loss: 0.11073404147347281 Time: 0.6934520000068005
Train loss: 0.3509119889330776 Val loss: 0.10958737207223665 Time: 0.7108165000099689
Train loss: 0.37780179182292617 Val loss: 0.10925288722668941 Time: 0.6948058999987552
Shrinking learning rate to 1.0000000000000002e-06
Train loss: 0.354910316656202 Val loss: 0.10996913162561922 Time: 0.7347982000064803
Train loss: 0.34174729451785013 Val loss: 0.11000707788277941 Time: 0.7250096000061603
Train loss: 0.3395158764234836 Val loss: 0.11020534596853503 Time: 0.6983519000059459
Train loss: 0.3440446427326549 Val loss: 0.11060756946157155 Time: 0.698597399998107
Train loss: 0.39497303305030584 Val loss: 0.1122654991951132 Time: 0.692678600011277
Train loss: 0.32583648418955136 Val loss: 0.11005660142995066 Time: 0.6998178000067128
Train loss: 0.3652550429578305 Val loss: 0.1112791567026203 Time: 0.6963493999937782
Train loss: 0.36905130618323767 Val loss: 0.11147447904153028 Time: 0.6929190999944694
Train loss: 0.31786008237068586 Val loss: 0.11011284880355532 Time: 0.695394700000179
Train loss: 0.35942755684386185 Val loss: 0.11146383657247742 Time: 0.7020767000067281
Train loss: 0.35931535839420103 Val loss: 0.11147867878466652 Time: 0.7119946999882814
Train loss: 0.31405214233253975 Val loss: 0.11001788378459194 Time: 0.6895711999968626
Train loss: 0.3630516643270063 Val loss: 0.11171978268238632 Time: 0.6936140999896452
Train loss: 0.33303878667491915 Val loss: 0.11049602935037295 Time: 0.7228570000006584
Train loss: 0.3379950889062564 Val loss: 0.1105986945186546 Time: 0.6845451999979559
Train loss: 0.35843983983638594 Val loss: 0.11142373123475041 Time: 0.6951599000021815
Train loss: 0.32794516582439215 Val loss: 0.11035036751405013 Time: 0.6886701999901561
Train loss: 0.3594312428466644 Val loss: 0.11106599903939529 Time: 0.7018457999947714
Train loss: 0.31076059999968564 Val loss: 0.10907859291922258 Time: 0.6855402999935905
Train loss: 0.35472492905694963 Val loss: 0.11100093865396281 Time: 0.6907153000065591
Train loss: 0.3688932536488117 Val loss: 0.11187497687612316 Time: 0.6886277000012342
Train loss: 0.3572403940246147 Val loss: 0.11085278549968164 Time: 0.8024795000092126
Train loss: 0.31034118532555377 Val loss: 0.10931517795069577 Time: 0.7136407999932999
Train loss: 0.44877249807409214 Val loss: 0.11402654355726048 Time: 0.7116900999972131
Train loss: 0.3675261194348458 Val loss: 0.11077137890035303 Time: 0.6843631999945501
Train loss: 0.326427849162652 Val loss: 0.10969184197180049 Time: 0.7174235999991652
Train loss: 0.36120813059115164 Val loss: 0.11091244779287546 Time: 0.7129309000010835
Train loss: 0.3102407112500458 Val loss: 0.1095013457391706 Time: 0.8205235000059474
Train loss: 0.33407621657186987 Val loss: 0.11011779151527673 Time: 0.6771907999936957
Train loss: 0.35575280538706977 Val loss: 0.11081548264188484 Time: 0.6980443999927957
Train loss: 0.3696776394780823 Val loss: 0.1111282152358972 Time: 0.6801659000047948
Train loss: 0.30535670508590546 Val loss: 0.10923411150774916 Time: 0.8190128999995068
Train loss: 0.32780266780886824 Val loss: 0.1100971260627677 Time: 0.7216915000026347
Train loss: 0.36653164447362957 Val loss: 0.1113263453088541 Time: 0.6984798999910709
Train loss: 0.39086427659401957 Val loss: 0.11214379851997915 Time: 0.6829284999985248
Train loss: 0.33003198419510366 Val loss: 0.11054742965218899 Time: 0.695598099991912
Train loss: 0.33262553860270505 Val loss: 0.11081455531861027 Time: 0.7163365000014892
Train loss: 0.347259713319342 Val loss: 0.11123533991393009 Time: 0.6806687000062084
Train loss: 0.3340160756338584 Val loss: 0.11030060728760657 Time: 0.7032767999917269
Train loss: 0.368833159673958 Val loss: 0.11114553603880788 Time: 0.7498571000032825
Train loss: 0.31785883766823275 Val loss: 0.1093788760921885 Time: 0.674214699989534
Shrinking learning rate to 1.0000000000000002e-07
Learning rate getting small
Complete
 Total time: 166.4348089999985