starting log for model: C:\Users\christopher.johnson\Documents\rnn_lin1_new_23-24.pth
Train loss: 17.158650442744374 Val loss: 1.9056460706234526 Time: 0.7953784000128508
Train loss: 16.076517992049574 Val loss: 1.78978495379888 Time: 0.7602748000063002
Train loss: 13.39482808222316 Val loss: 1.4868875761675815 Time: 0.7065459000004921
Train loss: 9.126310729019746 Val loss: 1.041220014806696 Time: 0.7140037999779452
Train loss: 7.637575042590754 Val loss: 0.8810910466184259 Time: 0.6842527999833692
Train loss: 7.2278271683984485 Val loss: 0.8302255755724341 Time: 0.7233678000047803
Train loss: 7.045331036102851 Val loss: 0.8066679755888908 Time: 0.7690966000081971
Train loss: 6.680441689195014 Val loss: 0.765917694515007 Time: 0.8420970999868587
Train loss: 6.409537647284285 Val loss: 0.7332985029786139 Time: 0.7049852999916766
Train loss: 6.115835190692771 Val loss: 0.7066894770901516 Time: 0.9993518999835942
Train loss: 5.82355712271249 Val loss: 0.675725597404217 Time: 2.0144368000037502
Train loss: 5.754225503927557 Val loss: 0.6697678593155922 Time: 0.7603755000163801
Train loss: 5.356736219743645 Val loss: 0.6338463167039401 Time: 0.7245944000023883
Train loss: 5.174918418392686 Val loss: 0.611273609766187 Time: 0.7534083999926224
Train loss: 5.009634873197651 Val loss: 0.6001493777673494 Time: 0.7228488000109792
Train loss: 4.884914651375489 Val loss: 0.5756834101968822 Time: 0.7650689000147395
Train loss: 4.740533582551568 Val loss: 0.5667554255813402 Time: 0.8754217999812681
Train loss: 4.418784640564879 Val loss: 0.5210773497934945 Time: 0.7695054999785498
Train loss: 4.280918827037885 Val loss: 0.520786077850503 Time: 0.7303855000063777
Train loss: 4.204005307513256 Val loss: 0.5048738580581317 Time: 0.722603700007312
Train loss: 4.208938460147266 Val loss: 0.5104431757857532 Time: 0.7398726999817882
Train loss: 3.9710029574883245 Val loss: 0.48498421543670495 Time: 0.863625800004229
Train loss: 3.988188871123457 Val loss: 0.48123415360158234 Time: 0.7892396000097506
Train loss: 3.7931212481355203 Val loss: 0.46891059057608425 Time: 0.8050766000233125
Train loss: 3.605902784920925 Val loss: 0.44262619686763943 Time: 0.8370662000088487
Train loss: 3.506866208774893 Val loss: 0.4396680377101789 Time: 0.8807059999962803
Train loss: 3.359376478926997 Val loss: 0.4354139215166329 Time: 0.721952699997928
Train loss: 3.300058256777315 Val loss: 0.41468722828667365 Time: 0.7538479999930132
Train loss: 3.2401363218466273 Val loss: 0.40346253247584696 Time: 0.6689823000051547
Train loss: 3.104070444228313 Val loss: 0.37232141005379327 Time: 0.6957040000124834
Train loss: 2.992648852838556 Val loss: 0.3621772994597049 Time: 0.7276573000126518
Train loss: 2.922686446782137 Val loss: 0.38825310251450534 Time: 0.75305479997769
Train loss: 2.7749490925824887 Val loss: 0.3408700731342432 Time: 0.712339299992891
Train loss: 2.772843491202025 Val loss: 0.3280869534297229 Time: 0.719968899997184
Train loss: 2.6753563846683432 Val loss: 0.3192474250335381 Time: 0.7051056000054814
Train loss: 2.571395904620065 Val loss: 0.28836769005934637 Time: 0.696638499997789
Train loss: 2.634020186466092 Val loss: 0.30536356131808123 Time: 0.6860773999942467
Train loss: 2.516559582500964 Val loss: 0.27905848694965096 Time: 0.6997707999835256
Train loss: 2.418268938855576 Val loss: 0.2719054575828532 Time: 0.7030938999960199
Train loss: 2.4597661202123504 Val loss: 0.2655550872014966 Time: 0.702922700002091
Train loss: 2.4559785797049045 Val loss: 0.29445792896926937 Time: 0.6899375999928452
Train loss: 2.2259286177960433 Val loss: 0.2660767133930751 Time: 0.6905541000014637
Train loss: 2.2763822294509737 Val loss: 0.2685206891693515 Time: 0.7107931000064127
Train loss: 2.2404193710067775 Val loss: 0.25511024656910547 Time: 0.6934991000161972
Train loss: 2.3203437129783424 Val loss: 0.27383125492585864 Time: 0.704713899991475
Train loss: 2.1172903837925787 Val loss: 0.25178493868469903 Time: 0.6927366999734659
Train loss: 2.1433907115655355 Val loss: 0.23803803879625918 Time: 0.7069142999825999
Train loss: 2.0581181373070265 Val loss: 0.23617996292253396 Time: 0.7091206999903079
Train loss: 2.0133797238314983 Val loss: 0.23394171391156918 Time: 0.7154589999991003
Train loss: 2.0134202140844053 Val loss: 0.20550753735253485 Time: 0.7085605000029318
Train loss: 1.9129202356591009 Val loss: 0.19697350720946138 Time: 0.6936316000064835
Train loss: 1.9955397569497961 Val loss: 0.23527267347726016 Time: 0.703480900003342
Train loss: 1.811904375117706 Val loss: 0.18139427874222178 Time: 0.7249681999965105
Train loss: 1.735639815765098 Val loss: 0.19699340535068988 Time: 0.7007071000116412
Train loss: 1.6868101744470785 Val loss: 0.1736939464460341 Time: 0.7036478999943938
Train loss: 1.7476432804333424 Val loss: 0.1898495394113229 Time: 0.6758126999775413
Train loss: 1.5398233456044963 Val loss: 0.16814940579585205 Time: 0.7151685999997426
Train loss: 1.6566964125337 Val loss: 0.21500256462516443 Time: 0.7206543000065722
Train loss: 1.4757468516352468 Val loss: 0.1503658055281666 Time: 0.6893039999995381
Train loss: 1.5353871496733404 Val loss: 0.17697704696049962 Time: 0.7380583999911323
Train loss: 1.4209828412085272 Val loss: 0.18780302082301623 Time: 0.7131145999883302
Train loss: 1.4751102765174835 Val loss: 0.18556881896664307 Time: 0.7008420999918599
Train loss: 1.3670891677791914 Val loss: 0.13830852570644614 Time: 0.7122812000161503
Train loss: 1.3904555058102996 Val loss: 0.13979783801503456 Time: 0.7085223000030965
Train loss: 1.4976891554609608 Val loss: 0.19616574923883384 Time: 0.6849711000104435
Train loss: 1.3906065905037064 Val loss: 0.14288242089402423 Time: 0.7043346000136808
Train loss: 1.3553026505917103 Val loss: 0.13829700788940846 Time: 0.7061379000078887
Train loss: 1.2920835393351808 Val loss: 0.1709107094997382 Time: 0.6873416999878827
Train loss: 1.3017668842633157 Val loss: 0.16868961856915488 Time: 0.7101303999952506
Train loss: 1.2547021810703285 Val loss: 0.22720799228140268 Time: 0.7600703999924008
Train loss: 1.2575182754044412 Val loss: 0.1526140837936796 Time: 0.7002226999902632
Train loss: 1.2353520951976407 Val loss: 0.12364200830186929 Time: 0.6925917000044137
Train loss: 1.2784873506803365 Val loss: 0.21534237578764046 Time: 0.7193039999983739
Train loss: 1.1606167510017684 Val loss: 0.2256803241557877 Time: 0.7478250999993179
Train loss: 1.0309691522307958 Val loss: 0.1933656625742766 Time: 0.7017445000237785
Train loss: 1.3003134875155489 Val loss: 0.1509400327371091 Time: 0.7625924000167288
Train loss: 1.328365160598171 Val loss: 0.16941700588821462 Time: 0.7037183000065852
Train loss: 1.0312346102367442 Val loss: 0.1031238391101359 Time: 0.7128337000031024
Train loss: 1.0738900626442902 Val loss: 0.1522723785561706 Time: 0.7382050000014715
Train loss: 1.1213590310500123 Val loss: 0.11846079595783604 Time: 0.7068235999904573
Train loss: 1.179322105327531 Val loss: 0.18066407229901907 Time: 0.6953711000096519
Train loss: 1.145001680142712 Val loss: 0.16957840806455993 Time: 0.7008057999773882
Train loss: 1.0283724264071736 Val loss: 0.17246955591329843 Time: 0.7057761999894865
Train loss: 0.9505056841809205 Val loss: 0.13927346363900656 Time: 0.7104792000027373
Train loss: 1.1067765934114624 Val loss: 0.15476278323813625 Time: 0.7259908000123687
Train loss: 1.074968496347287 Val loss: 0.20474143330883396 Time: 0.7199725999962538
Train loss: 0.9491975277012568 Val loss: 0.1647897567074599 Time: 0.6865219000028446
Train loss: 1.0593825170092401 Val loss: 0.17291381981242288 Time: 0.7150349000003189
Train loss: 0.9799204524770708 Val loss: 0.1508976204409877 Time: 0.7202264999796171
Train loss: 0.9312309090526636 Val loss: 0.15558725286710115 Time: 0.7516140000079758
Train loss: 0.8685429707066668 Val loss: 0.09218124335459939 Time: 0.6910437000042293
Train loss: 0.9772349546834466 Val loss: 0.15831436195315032 Time: 0.7256156000075862
Train loss: 0.838013912843651 Val loss: 0.0849845204747446 Time: 0.7206314999784809
Train loss: 1.035572629472746 Val loss: 0.143980440103387 Time: 0.7127504000090994
Train loss: 0.917042271785256 Val loss: 0.13142555670363412 Time: 0.704477199993562
Train loss: 0.8234359915215146 Val loss: 0.12045732350233572 Time: 0.7366395000135526
Train loss: 0.881602711002472 Val loss: 0.13648351754700422 Time: 0.698758699989412
Train loss: 0.7598531223473604 Val loss: 0.08675034175432433 Time: 0.7385396000172477
Train loss: 0.917928535098099 Val loss: 0.19903045694244245 Time: 0.7590269999927841
Train loss: 0.9007875467884006 Val loss: 0.15899401676156835 Time: 0.7063119999947958
Train loss: 0.9569980779955358 Val loss: 0.11154395624687748 Time: 0.7096799999999348
Train loss: 1.0064745359228908 Val loss: 0.24362608650014278 Time: 0.7319521000026725
Train loss: 0.8197513699506942 Val loss: 0.11202031004695982 Time: 0.7258528000093065
Train loss: 0.839821475085138 Val loss: 0.14057580787283727 Time: 0.7165184000041336
Train loss: 0.8501278538369661 Val loss: 0.16403467747756978 Time: 0.686602200003108
Train loss: 0.7654698226496945 Val loss: 0.1677413776529679 Time: 0.7042034000041895
Train loss: 0.8387274144247252 Val loss: 0.2345726423098272 Time: 0.6996974000066984
Shrinking learning rate to 1e-05
Train loss: 1.0396353048315632 Val loss: 0.16665760972479515 Time: 0.6837202000024263
Train loss: 0.9761050320382074 Val loss: 0.1694805253184953 Time: 0.6848470999975689
Train loss: 0.8955025389404314 Val loss: 0.17100624097437334 Time: 0.6823626999976113
Train loss: 0.7931894063513506 Val loss: 0.17405850009666057 Time: 0.6769115999923088
Train loss: 0.8189505784272484 Val loss: 0.1835888557886619 Time: 0.7106003999942914
Train loss: 0.7908716407302947 Val loss: 0.18930607116543674 Time: 0.7001205999986269
Train loss: 0.8251035335435262 Val loss: 0.1915953363567695 Time: 0.71111179998843
Train loss: 0.8413586677155998 Val loss: 0.1865555370786232 Time: 0.7467078999907244
Train loss: 0.820630272819763 Val loss: 0.18565274218503383 Time: 0.7723588999942876
Train loss: 0.8856095752511308 Val loss: 0.1572992115618775 Time: 0.7019692000176292
Shrinking learning rate to 1.0000000000000002e-06
Train loss: 1.134883556868694 Val loss: 0.12113934010411134 Time: 0.7189445999974851
Train loss: 1.148229010969601 Val loss: 0.12350901313499012 Time: 0.6604526999872178
Train loss: 1.0495842102037285 Val loss: 0.11567119518914763 Time: 0.6667376999976113
Train loss: 1.0885824076504953 Val loss: 0.12008112838610134 Time: 0.6990969000034966
Train loss: 1.0643739548979738 Val loss: 0.11876773095336046 Time: 0.6976969999959692
Train loss: 1.0714726338015907 Val loss: 0.15647179601113495 Time: 0.6807647999958135
Train loss: 1.0115367462604878 Val loss: 0.15287247897890122 Time: 0.7640982999873813
Train loss: 1.117854681396687 Val loss: 0.16126632790644763 Time: 0.7512421999999788
Train loss: 0.9915418004563916 Val loss: 0.15343596218020733 Time: 0.6920582000166178
Train loss: 1.0179433808705118 Val loss: 0.15555560148049055 Time: 0.6965877000184264
Shrinking learning rate to 1.0000000000000002e-07
Learning rate getting small
Complete
 Total time: 93.38485940001556